Log file open, 07/07/16 17:27:56
LogInit:Display: Running engine for game: Project_PlanetDef
LogPlatformFile: Not using cached read wrapper
LogInit:Display: RandInit(1070461019) SRandInit(1070461022).
LogTaskGraph: Started task graph with 4 named threads and 7 total threads.
LogStats: Stats thread started at 0.067121
OCULUS: Info: [CAPI] LibOVR module is located at C:\Program Files (x86)\Oculus\Support\oculus-runtime\LibOVRRT64_1.dll
OCULUS: Debug: Connected to the server running version (prod = 1).1.5.0(build = 241049) feature version = 0. Client runs version (prod = 1).1.5.0(build = 241049) feature version = 0
OCULUS: Debug: [HMDState] Using default profile default
OCULUS: Info: IAD changed to 64.0mm
OCULUS: Debug: [SharedMemory] Creating factory
LogInit: Version: 4.11.2-2946394+++UE4+Release-4.11
LogInit: API Version: 2927265
LogInit: Compiled (64-bit): Apr 18 2016 02:18:46
LogInit: Compiled with Visual C++: 19.00.23026.00
LogInit: Build Configuration: Development
LogInit: Branch Name: ++UE4+Release-4.11
LogInit: Command line: -EpicPortal 
LogInit: Base directory: D:/Program Files (x86)/Epic Games/4.11/Engine/Binaries/Win64/
LogInit: Installed Engine Build: 1
LogInit: Using libcurl 7.41.0
LogInit:  - built for x86_64-pc-win32
LogInit:  - supports SSL with WinSSL
LogInit:  - other features:
LogInit:      CURL_VERSION_SSL
LogInit:      CURL_VERSION_IPV6
LogInit:      CURL_VERSION_ASYNCHDNS
LogInit:      CURL_VERSION_LARGEFILE
LogInit:      CURL_VERSION_IDN
LogInit:  CurlRequestOptions (configurable via config and command line):
LogInit:  - bVerifyPeer = true  - Libcurl will verify peer certificate
LogInit:  - bUseHttpProxy = false  - Libcurl will NOT use HTTP proxy
LogInit:  - bDontReuseConnections = false  - Libcurl will reuse connections
LogInit:  - CertBundlePath = nullptr  - Libcurl will use whatever was configured at build time.
LogInit: Presizing for max 16777216 objects, including 0 objects not considered by GC, pre-allocating 0 bytes for permanent pool.
LogInit: Object subsystem initialized
[2016.07.07-07.27.56:278][  0]LogInit: Selected Device Profile: [Windows]
[2016.07.07-07.27.56:278][  0]LogInit: Applying CVar settings loaded from the selected device profile: [Windows]
[2016.07.07-07.27.56:287][  0]LogInit: Computer: DESKTOP-M92PTO3
[2016.07.07-07.27.56:287][  0]LogInit: User: StefanoAdmin
[2016.07.07-07.27.56:287][  0]LogInit: CPU Page size=65536, Cores=4
[2016.07.07-07.27.56:287][  0]LogInit: High frequency timer resolution =3.328125 MHz
[2016.07.07-07.27.56:287][  0]LogMemory: Memory total: Physical=15.9GB (16GB approx)
[2016.07.07-07.27.56:287][  0]LogMemory: Platform Memory Stats for Windows
[2016.07.07-07.27.56:287][  0]LogMemory: Process Physical Memory: 318.84 MB used, 318.84 MB peak
[2016.07.07-07.27.56:287][  0]LogMemory: Process Virtual Memory: 318.00 MB used, 318.00 MB peak
[2016.07.07-07.27.56:287][  0]LogMemory: Physical Memory: 6890.55 MB used, 16313.61 MB total
[2016.07.07-07.27.56:287][  0]LogMemory: Virtual Memory: 695.71 MB used, 134217728.00 MB total
[2016.07.07-07.27.56:588][  0]LogTextLocalizationManager: No specific translations for ('en-AU') exist, so ('en') translations will be used.
[2016.07.07-07.27.56:912][  0]LogD3D11RHI: D3D11 adapters:
[2016.07.07-07.27.56:932][  0]LogD3D11RHI:    0. 'NVIDIA GeForce GTX 980' (Feature Level 11_0)
[2016.07.07-07.27.56:932][  0]LogD3D11RHI:       4008MB of dedicated video memory, 0MB of dedicated system memory, and 8156MB of shared system memory, 1 output[s]
[2016.07.07-07.27.56:933][  0]LogD3D11RHI:    1. 'Microsoft Basic Render Driver' (Feature Level 11_0)
[2016.07.07-07.27.56:933][  0]LogD3D11RHI:       0MB of dedicated video memory, 0MB of dedicated system memory, and 8156MB of shared system memory, 0 output[s]
[2016.07.07-07.27.56:933][  0]LogD3D11RHI: Chosen D3D11 Adapter: 0
[2016.07.07-07.27.56:938][  0]LogD3D11RHI: Creating new Direct3DDevice
[2016.07.07-07.27.56:938][  0]LogD3D11RHI:     Adapter Name: NVIDIA GeForce GTX 980
[2016.07.07-07.27.56:938][  0]LogD3D11RHI:   Driver Version: 10.18.13.6510 (internal 10.18.13.6510)
[2016.07.07-07.27.56:938][  0]LogD3D11RHI:      Driver Date: 4-27-2016
[2016.07.07-07.27.56:938][  0]LogRHI: Texture pool is 1361 MB (70% of 1945 MB)
[2016.07.07-07.27.56:949][  0]LogD3D11RHI: Async texture creation enabled
[2016.07.07-07.27.56:958][  0]LogShaderCompilers: Guid format shader working directory is -48 characters bigger than the processId version (../../../../../../Admin/Documents/GitHub Repositories/Project_PlanetDefence/Project_PlanetDef/Intermediate/Shaders/WorkingDirectory/12468/).
[2016.07.07-07.27.56:958][  0]LogShaderCompilers: Cleaned the shader compiler working directory 'C:/Users/Admin/AppData/Local/Temp/UnrealShaderWorkingDir/D41733894BB6656B350C198EF817948F/'.
[2016.07.07-07.27.56:958][  0]LogShaderCompilers:Display: Using Local Shader Compiler.
[2016.07.07-07.27.57:789][  0]LogTemp:Display: Loaded TP AllDesktopTargetPlatform
[2016.07.07-07.27.57:792][  0]LogTemp:Display: Loaded TP WindowsClientTargetPlatform
[2016.07.07-07.27.57:796][  0]LogTemp:Display: Loaded TP WindowsNoEditorTargetPlatform
[2016.07.07-07.27.57:800][  0]LogTemp:Display: Loaded TP WindowsServerTargetPlatform
[2016.07.07-07.27.57:803][  0]LogTemp:Display: Loaded TP WindowsTargetPlatform
[2016.07.07-07.27.57:805][  0]LogTemp:Display: Loaded TP AndroidTargetPlatform
[2016.07.07-07.27.57:807][  0]LogTemp:Display: Loaded TP Android_ASTCTargetPlatform
[2016.07.07-07.27.57:810][  0]LogTemp:Display: Loaded TP Android_ATCTargetPlatform
[2016.07.07-07.27.57:812][  0]LogTemp:Display: Loaded TP Android_DXTTargetPlatform
[2016.07.07-07.27.57:814][  0]LogTemp:Display: Loaded TP Android_ETC1TargetPlatform
[2016.07.07-07.27.57:816][  0]LogTemp:Display: Loaded TP Android_ETC2TargetPlatform
[2016.07.07-07.27.57:821][  0]LogTemp:Display: Loaded TP Android_MultiTargetPlatform
[2016.07.07-07.27.57:821][  0]LogTemp:Display: Loaded TP Android_PVRTCTargetPlatform
[2016.07.07-07.27.57:821][  0]LogTemp:Display: Loaded TP HTML5TargetPlatform
[2016.07.07-07.27.57:836][  0]LogTemp:Display: Loaded TP IOSTargetPlatform
[2016.07.07-07.27.57:838][  0]LogTemp:Display: Loaded TP TVOSTargetPlatform
[2016.07.07-07.27.57:840][  0]LogTemp:Display: Loaded TP LinuxNoEditorTargetPlatform
[2016.07.07-07.27.57:843][  0]LogTemp:Display: Loaded TP LinuxServerTargetPlatform
[2016.07.07-07.27.57:846][  0]LogTemp:Display: Loaded TP LinuxTargetPlatform
[2016.07.07-07.27.57:846][  0]LogTargetPlatformManager:Display: Building Assets For Windows
[2016.07.07-07.27.57:892][  0]LogDerivedDataCache:Display: Max Cache Size: 512 MB
[2016.07.07-07.27.57:930][  0]LogDerivedDataCache: Loaded boot cache 0.04s 46MB C:/Users/Admin/AppData/Local/UnrealEngine/4.11/DerivedDataCache/Boot.ddc.
[2016.07.07-07.27.57:930][  0]LogDerivedDataCache:Display: Loaded Boot cache: C:/Users/Admin/AppData/Local/UnrealEngine/4.11/DerivedDataCache/Boot.ddc
[2016.07.07-07.27.57:930][  0]LogDerivedDataCache: FDerivedDataBackendGraph:  Pak pak cache file ../../../../../../Admin/Documents/GitHub Repositories/Project_PlanetDefence/Project_PlanetDef/DerivedDataCache/DDC.ddp not found, will not use a pak cache.
[2016.07.07-07.27.57:930][  0]LogDerivedDataCache: Unable to find inner node Pak for hierarchical cache Hierarchy.
[2016.07.07-07.27.57:930][  0]LogDerivedDataCache: FDerivedDataBackendGraph:  CompressedPak pak cache file ../../../../../../Admin/Documents/GitHub Repositories/Project_PlanetDefence/Project_PlanetDef/DerivedDataCache/Compressed.ddp not found, will not use a pak cache.
[2016.07.07-07.27.57:930][  0]LogDerivedDataCache: Unable to find inner node CompressedPak for hierarchical cache Hierarchy.
[2016.07.07-07.27.57:943][  0]LogDerivedDataCache:Display: Pak cache opened for reading ../../../Engine/DerivedDataCache/Compressed.ddp.
[2016.07.07-07.27.57:954][  0]LogDerivedDataCache: Using Local data cache path C:/Users/Admin/AppData/Local/UnrealEngine/Common/DerivedDataCache: Writable
[2016.07.07-07.27.58:083][  0]LogInit: Selected Device Profile: [Windows]
[2016.07.07-07.27.58:083][  0]LogContentStreaming: Texture pool size is 0.00 MB
[2016.07.07-07.27.58:107][  0]LogMaterial: Uniform references updated for custom material expression Custom.
[2016.07.07-07.27.58:202][  0]LogMeshUtilities: No automatic mesh reduction module available
[2016.07.07-07.27.58:202][  0]LogMeshUtilities: No automatic mesh merging module available
[2016.07.07-07.27.58:202][  0]LogMeshUtilities: No distributed automatic mesh merging module available
[2016.07.07-07.27.58:374][  0]LogUObjectArray: 27679 objects as part of root set at end of initial load.
[2016.07.07-07.27.58:374][  0]LogUObjectAllocator: 5591592 out of 0 bytes used by permanent object pool.
[2016.07.07-07.27.58:374][  0]LogUObjectArray: CloseDisregardForGC: 0/0 objects in disregard for GC pool
[2016.07.07-07.27.58:385][  0]LogInit: WinSock: version 1.1 (2.2), MaxSocks=32767, MaxUdp=65467
[2016.07.07-07.27.58:449][  0]LogSlate: SlateFontCache - WITH_FREETYPE: 1, WITH_HARFBUZZ: 1
[2016.07.07-07.27.58:449][  0]LogSlate: SlateFontCache - WITH_FREETYPE: 1, WITH_HARFBUZZ: 1
[2016.07.07-07.27.58:520][  0]LogStreaming:Warning: Failed to read file '../../../Engine/Content/Editor/Slate/Common/Selection_16x.png' error.
[2016.07.07-07.27.58:520][  0]LogSlate: Could not find file for Slate resource: ../../../Engine/Content/Editor/Slate/Common/Selection_16x.png
[2016.07.07-07.27.58:520][  0]LogStreaming:Warning: Failed to read file '../../../Engine/Content/Editor/Slate/Common/Selection_16x.png' error.
[2016.07.07-07.27.58:520][  0]LogSlate: Could not find file for Slate resource: ../../../Engine/Content/Editor/Slate/Common/Selection_16x.png
[2016.07.07-07.27.58:520][  0]LogStreaming:Warning: Failed to read file '../../../Engine/Content/Editor/Slate/Common/Selection_16x.png' error.
[2016.07.07-07.27.58:520][  0]LogSlate: Could not find file for Slate resource: ../../../Engine/Content/Editor/Slate/Common/Selection_16x.png
[2016.07.07-07.27.58:949][  0]LogSubstanceCoreModule: Substance CPU Engine Loaded, Max Texture Size 2048
[2016.07.07-07.27.58:955][  0]LogUdpMessaging: Initializing bridge on interface 0.0.0.0:0 to multicast group 230.0.0.1:6666.
[2016.07.07-07.27.59:053][  0]LogAssetRegistry: FAssetRegistry took 0.0214 seconds to start up
[2016.07.07-07.27.59:155][  0]SourceControl: Info Source control is disabled
[2016.07.07-07.27.59:182][  0]SourceControl: Info Source control is disabled
[2016.07.07-07.27.59:187][  0]SourceControl: Info Source control is disabled
[2016.07.07-07.27.59:193][  0]SourceControl: Info Source control is disabled
[2016.07.07-07.27.59:350][  0]LogEngine: Initializing Engine...
[2016.07.07-07.27.59:350][  0]LogHMD: Oculus plugin initialized. Version: 4.11.2-2946394+++UE4+Release-4.11, LibOVR: 1.5.0, SDK: 1.3.0, built Apr 18 2016, 02:19:44
[2016.07.07-07.27.59:464][  0]OCULUS: Debug: [HMDState] Using default profile default
[2016.07.07-07.27.59:464][  0]OCULUS: Info: IAD changed to 64.0mm
[2016.07.07-07.27.59:476][  0]LogAIModule: Creating AISystem for world NewWorld
[2016.07.07-07.27.59:488][  0]LogInit: XAudio2 using 'Headphones (Rift Audio)' : 2 channels at 48 kHz using 16 bits per sample (channel mask 0x3)
[2016.07.07-07.27.59:497][  0]LogInit: FAudioDevice initialized.
[2016.07.07-07.27.59:519][  0]LogDerivedDataCache: Saved boot cache 0.02s 46MB C:/Users/Admin/AppData/Local/UnrealEngine/4.11/DerivedDataCache/Boot.ddc.
[2016.07.07-07.27.59:524][  0]LogInit: Texture streaming: Enabled
[2016.07.07-07.27.59:543][  0]LogInit: Transaction tracking system initialized
[2016.07.07-07.27.59:561][  0]BlueprintLog: New page: Editor Load
[2016.07.07-07.27.59:612][  0]LocalizationService: Info Localization service is disabled
[2016.07.07-07.27.59:677][  0]LogConsoleResponse:Display: 
[2016.07.07-07.27.59:761][  0]LogCook:Display: Max memory allowance for cook 8192mb
[2016.07.07-07.27.59:761][  0]LogCook:Display: Mobile HDR setting 1
[2016.07.07-07.27.59:761][  0]LogCook:Display: Done creating registry. It took  0.00s.
[2016.07.07-07.27.59:803][  0]LogFileCache: Scanning file cache for directory 'D:/Admin/Documents/GitHub Repositories/Project_PlanetDefence/Project_PlanetDef/Content/' took 0.01s
[2016.07.07-07.27.59:803][  0]SourceControl: Info Source control is disabled
[2016.07.07-07.27.59:859][  0]LogWindowsTextInputMethodSystem:Display: IME system now deactivated.
[2016.07.07-07.28.03:296][  0]LogWindowsTextInputMethodSystem:Display: IME system now deactivated.
[2016.07.07-07.28.03:301][  0]LogWindowsTextInputMethodSystem:Display: IME system now deactivated.
[2016.07.07-07.28.08:210][  0]LogWindowsTextInputMethodSystem:Display: IME system now deactivated.
[2016.07.07-07.28.08:218][  0]LogWindowsTextInputMethodSystem:Display: IME system now deactivated.
[2016.07.07-07.28.08:219][  0]Cmd: MAP LOAD FILE="../../../Engine/Content/Maps/Templates/Template_Default.umap" TEMPLATE=1 SHOWPROGRESS=1 FEATURELEVEL=3
[2016.07.07-07.28.08:219][  0]LightingResults: New page: Lighting Build
[2016.07.07-07.28.08:222][  0]MapCheck: New page: Map Check
[2016.07.07-07.28.08:222][  0]LightingResults: New page: Lighting Build
[2016.07.07-07.28.08:420][  0]LogAIModule: Creating AISystem for world Untitled_1
[2016.07.07-07.28.08:425][  0]LogEditorServer: Finished looking for orphan Actors (0.000 secs)
[2016.07.07-07.28.08:429][  0]Cmd: MAP CHECKDEP NOCLEARLOG
[2016.07.07-07.28.08:458][  0]MapCheck: Info Map check complete: 0 Error(s), 0 Warning(s), took 29.171ms to complete.
[2016.07.07-07.28.08:458][  0]LogFileHelpers: Loading map 'Template_Default' took 0.239
[2016.07.07-07.28.08:513][  0]LogStats:Warning: MetaData mismatch. Did you assign a stat to two groups? New //STATGROUP_Threads//SplashScreenThread///Thread_1d10_0///####STATCAT_Advanced#### old //STATGROUP_Threads//SplashScreenThread///Thread_1384_0///####STATCAT_Advanced####
[2016.07.07-07.28.08:513][  0]LogCollectionManager: Loaded 0 collections in 0.001650 seconds
[2016.07.07-07.28.08:549][  0]LogFileCache: Scanning file cache for directory 'D:/Admin/Documents/GitHub Repositories/Project_PlanetDefence/Project_PlanetDef/Saved/Collections/' took 0.01s
[2016.07.07-07.28.08:549][  0]LogFileCache: Scanning file cache for directory 'D:/Admin/Documents/GitHub Repositories/Project_PlanetDefence/Project_PlanetDef/Content/Developers/StefanoAdmin/Collections/' took 0.01s
[2016.07.07-07.28.08:549][  0]LogFileCache: Scanning file cache for directory 'D:/Admin/Documents/GitHub Repositories/Project_PlanetDefence/Project_PlanetDef/Content/Collections/' took 0.01s
[2016.07.07-07.28.08:549][  0]LogCollectionManager: Rebuilt the GUID cache for 0 collections in 0.000002 seconds
[2016.07.07-07.28.08:555][  0]LogContentBrowser: Native class hierarchy populated in 0.0056 seconds. Added 1994 classes and 349 folders.
[2016.07.07-07.28.08:557][  0]LogStats: UGameplayTagsManager::ConstructGameplayTagTree: Construct from data asset -  0.000 s
[2016.07.07-07.28.08:557][  0]LogStats: UGameplayTagsManager::ConstructGameplayTagTree: GameplayTagTreeChangedEvent.Broadcast -  0.000 s
[2016.07.07-07.28.08:558][  0]LogContentBrowser: Native class hierarchy updated for 'GameplayTags' in 0.0007 seconds. Added 12 classes and 0 folders.
[2016.07.07-07.28.08:561][  0]LogContentBrowser: Native class hierarchy updated for 'WidgetCarousel' in 0.0006 seconds. Added 0 classes and 0 folders.
[2016.07.07-07.28.08:565][  0]LogContentBrowser: Native class hierarchy updated for 'SuperSearch' in 0.0006 seconds. Added 1 classes and 2 folders.
[2016.07.07-07.28.08:588][  0]LogContentBrowser: Native class hierarchy updated for 'AddContentDialog' in 0.0007 seconds. Added 0 classes and 0 folders.
[2016.07.07-07.28.08:591][  0]LogContentBrowser: Native class hierarchy updated for 'SceneOutliner' in 0.0007 seconds. Added 1 classes and 2 folders.
[2016.07.07-07.28.08:605][  0]LogCrashTracker: Crashtracker disabled due to settings.
[2016.07.07-07.28.08:608][  0]LogUObjectGlobals:Warning: Failed to find object 'Class None.'
[2016.07.07-07.28.08:633][  0]LogContentBrowser: Native class hierarchy updated for 'HierarchicalLODOutliner' in 0.0009 seconds. Added 1 classes and 2 folders.
[2016.07.07-07.28.08:633][  0]LogLoad: Full Startup: 13.05 seconds (BP compile: 0.03 seconds)
[2016.07.07-07.28.08:633][  0]LogExternalProfiler: Found external profiler: VSPerf
[2016.07.07-07.28.08:633][  0]LogExternalProfiler: Using external profiler: VSPerf
[2016.07.07-07.28.08:642][  0]LogOcInput: OculusInput pre-init called
[2016.07.07-07.28.08:649][  0]LogOcInput: OculusInput is initialized. Init status 0. Runtime version: 1.5.0
[2016.07.07-07.28.08:660][  0]LogAssetRegistry: Asset discovery search completed in 9.6288 seconds
[2016.07.07-07.28.08:660][  0]LogCollectionManager: Rebuilt the object cache for 0 collections in 0.000001 seconds (found 0 objects)
[2016.07.07-07.28.08:660][  0]LogCollectionManager: Fixed up redirectors for 0 collections in 0.000014 seconds (updated 0 objects)
[2016.07.07-07.28.08:679][  0]LogContentStreaming: Texture pool size now 1000 MB
[2016.07.07-07.28.08:799][  0]LogRenderer: Reallocating scene render targets to support 1208x576 (Frame:2).
[2016.07.07-07.28.11:756][178]LogBlueprint:Warning: [compiler HUD] Warning 'ReturnValue' is already a 'Game Mode', you don't need  Cast To GameMode .
[2016.07.07-07.28.11:756][178]LogBlueprint:Warning: [compiler HUD] Warning [0016.17] Compile of HUD successful, but with 1 Warning(s) [in 1 ms]
[2016.07.07-07.28.11:756][178]LogBlueprint:Warning: [compiler HUD] Warning [0016.17] Compile of HUD successful, but with 2 Warning(s) [in 0 ms]
[2016.07.07-07.28.11:756][178]LogBlueprint:Warning: [compiler HUD] Warning [0016.17] Compile of HUD successful, but with 3 Warning(s) [in 0 ms]
[2016.07.07-07.28.11:810][178]LogBlueprint:Warning: [compiler HUD] Warning 'ReturnValue' is already a 'Game Mode', you don't need  Cast To GameMode .
[2016.07.07-07.28.11:810][178]LogBlueprint:Warning: [compiler HUD] Warning [0016.22] Compile of HUD successful, but with 1 Warning(s) [in 1 ms]
[2016.07.07-07.28.11:810][178]LogBlueprint:Warning: [compiler HUD] Warning [0016.22] Compile of HUD successful, but with 2 Warning(s) [in 0 ms]
[2016.07.07-07.28.11:811][178]LogBlueprint:Warning: [compiler HUD] Warning [0016.22] Compile of HUD successful, but with 3 Warning(s) [in 0 ms]
[2016.07.07-07.28.12:200][178]LogContentBrowser: Native class hierarchy updated for 'BlueprintGraph' in 0.0009 seconds. Added 108 classes and 0 folders.
[2016.07.07-07.29.03:375][433]BlueprintLog: New page: Compile HUD
[2016.07.07-07.29.03:378][433]LogBlueprint:Warning: [compiler HUD] Warning 'ReturnValue' is already a 'Game Mode', you don't need  Cast To GameMode .
[2016.07.07-07.29.03:476][433]LogBlueprint:Warning: [compiler HUD] Warning [0067.89] Compile of HUD successful, but with 1 Warning(s) [in 101 ms]
[2016.07.07-07.29.03:476][433]BlueprintEditorCompileResults:Warning: Warning 'ReturnValue' is already a 'Game Mode', you don't need  Cast To GameMode .
[2016.07.07-07.29.03:476][433]BlueprintEditorCompileResults:Warning: Warning [0067.89] Compile of HUD successful, but with 1 Warning(s) [in 101 ms]
[2016.07.07-07.29.03:893][463]Cmd: OBJ SAVEPACKAGE PACKAGE="/Game/HUD" FILE="../../../../../../Admin/Documents/GitHub Repositories/Project_PlanetDefence/Project_PlanetDef/Content/HUD.uasset" SILENT=true
[2016.07.07-07.29.03:939][463]LogSavePackage: Save=33.68ms
[2016.07.07-07.29.03:939][463]LogSavePackage: Moving '../../../../../../Admin/Documents/GitHub Repositories/Project_PlanetDefence/Project_PlanetDef/Saved/HUD8EA9EC4B408EE406FB52349F64E4EB1B.tmp' to '../../../../../../Admin/Documents/GitHub Repositories/Project_PlanetDefence/Project_PlanetDef/Content/HUD.uasset'
[2016.07.07-07.29.03:940][463]LogSavePackage: Total save time: 46.32ms
[2016.07.07-07.29.03:940][463]LogSavePackage:Display: Finished SavePackage ../../../../../../Admin/Documents/GitHub Repositories/Project_PlanetDefence/Project_PlanetDef/Content/HUD.uasset
[2016.07.07-07.30.03:798][600]BlueprintLog: New page: Compile GameManager
[2016.07.07-07.30.03:814][600]LogBlueprint:Warning: [compiler HUD] Warning 'ReturnValue' is already a 'Game Mode', you don't need  Cast To GameMode .
[2016.07.07-07.30.03:978][600]BlueprintEditorCompileResults: Info [0128.39] Compile of GameManager successful! [in 180 ms]
[2016.07.07-07.30.04:474][643]Cmd: OBJ SAVEPACKAGE PACKAGE="/Game/GameManager" FILE="../../../../../../Admin/Documents/GitHub Repositories/Project_PlanetDefence/Project_PlanetDef/Content/GameManager.uasset" SILENT=true
[2016.07.07-07.30.04:529][643]LogSavePackage: Save=42.61ms
[2016.07.07-07.30.04:529][643]LogSavePackage: Moving '../../../../../../Admin/Documents/GitHub Repositories/Project_PlanetDefence/Project_PlanetDef/Saved/GameManager42A2D232430BD816B6845D8D3FFCDCF7.tmp' to '../../../../../../Admin/Documents/GitHub Repositories/Project_PlanetDefence/Project_PlanetDef/Content/GameManager.uasset'
[2016.07.07-07.30.04:530][643]LogSavePackage: Total save time: 55.40ms
[2016.07.07-07.30.04:530][643]LogSavePackage:Display: Finished SavePackage ../../../../../../Admin/Documents/GitHub Repositories/Project_PlanetDefence/Project_PlanetDef/Content/GameManager.uasset
[2016.07.07-07.31.16:910][ 38]BlueprintLog: New page: Compile HUD
[2016.07.07-07.31.16:913][ 38]LogBlueprint:Warning: [compiler HUD] Warning 'ReturnValue' is already a 'Game Mode', you don't need  Cast To GameMode .
[2016.07.07-07.31.16:914][ 38]LogBlueprint:Error: [compiler HUD] Error This blueprint (self) is not a GameManager_C, therefore ' Target ' must have a connection.
[2016.07.07-07.31.16:914][ 38]LogBlueprint:Error: [compiler HUD] Error Variable node  Get Resources  uses an invalid target.  It may depend on a node that is not connected to the execution chain, and got purged.
[2016.07.07-07.31.17:028][ 38]LogBlueprint:Warning: [compiler HUD] Warning [0201.44] Compile of HUD failed. 2 Fatal Issue(s) 1 Warning(s) [in 117 ms]
[2016.07.07-07.31.17:028][ 38]BlueprintEditorCompileResults:Warning: Warning 'ReturnValue' is already a 'Game Mode', you don't need  Cast To GameMode .
[2016.07.07-07.31.17:028][ 38]BlueprintEditorCompileResults:Error: Error This blueprint (self) is not a GameManager_C, therefore ' Target ' must have a connection.
[2016.07.07-07.31.17:028][ 38]BlueprintEditorCompileResults:Error: Error Variable node  Get Resources  uses an invalid target.  It may depend on a node that is not connected to the execution chain, and got purged.
[2016.07.07-07.31.17:028][ 38]BlueprintEditorCompileResults:Warning: Warning [0201.44] Compile of HUD failed. 2 Fatal Issue(s) 1 Warning(s) [in 117 ms]
[2016.07.07-07.31.17:537][ 69]Cmd: OBJ SAVEPACKAGE PACKAGE="/Game/HUD" FILE="../../../../../../Admin/Documents/GitHub Repositories/Project_PlanetDefence/Project_PlanetDef/Content/HUD.uasset" SILENT=true
[2016.07.07-07.31.17:564][ 69]LogSavePackage: Save=17.79ms
[2016.07.07-07.31.17:564][ 69]LogSavePackage: Moving '../../../../../../Admin/Documents/GitHub Repositories/Project_PlanetDefence/Project_PlanetDef/Saved/HUD47E84D7343E201A47DC14ABC6AF56CF9.tmp' to '../../../../../../Admin/Documents/GitHub Repositories/Project_PlanetDefence/Project_PlanetDef/Content/HUD.uasset'
[2016.07.07-07.31.17:565][ 69]LogSavePackage: Total save time: 27.45ms
[2016.07.07-07.31.17:565][ 69]LogSavePackage:Display: Finished SavePackage ../../../../../../Admin/Documents/GitHub Repositories/Project_PlanetDefence/Project_PlanetDef/Content/HUD.uasset
[2016.07.07-07.31.53:174][279]BlueprintLog: New page: Compile HUD
[2016.07.07-07.31.53:178][279]LogBlueprint:Warning: [compiler HUD] Warning 'ReturnValue' is already a 'Game Mode', you don't need  Cast To GameMode .
[2016.07.07-07.31.53:245][279]LogBlueprint:Warning: [compiler HUD] Warning [0237.66] Compile of HUD successful, but with 1 Warning(s) [in 70 ms]
[2016.07.07-07.31.53:245][279]BlueprintEditorCompileResults:Warning: Warning 'ReturnValue' is already a 'Game Mode', you don't need  Cast To GameMode .
[2016.07.07-07.31.53:245][279]BlueprintEditorCompileResults: Info The execution path doesn't end with a return node.  Cast Failed 
[2016.07.07-07.31.53:245][279]BlueprintEditorCompileResults:Warning: Warning [0237.66] Compile of HUD successful, but with 1 Warning(s) [in 70 ms]
[2016.07.07-07.31.55:142][408]LogPlayLevel: PlayLevel: No blueprints needed recompiling
[2016.07.07-07.31.55:142][408]OCULUS: Debug: [HMDState] Using default profile default
[2016.07.07-07.31.55:142][408]OCULUS: Info: IAD changed to 64.0mm
[2016.07.07-07.31.55:142][408]LogHMD: New ovr session is created
[2016.07.07-07.31.55:142][408]LogHMD: HMD Oculus Rift CV1, res = 2160 x 1200
[2016.07.07-07.31.55:142][408]LogApp: UseVRFocus has changed to 1
[2016.07.07-07.31.55:142][408]LogApp: HasVRFocus has changed to 1
[2016.07.07-07.31.55:143][408]PIE: New page: PIE session: Untitled_1 (8 Jul 2016 3:31:55 am)
[2016.07.07-07.31.55:143][408]LogPlayLevel: Creating play world package: /Temp/UEDPIE_0_Untitled_1
[2016.07.07-07.31.55:145][408]LogPlayLevel: PIE: StaticDuplicateObject took: (0.001647s)
[2016.07.07-07.31.55:145][408]LogAIModule: Creating AISystem for world Untitled_1
[2016.07.07-07.31.55:145][408]LogPlayLevel: PIE: World Init took: (0.000660s)
[2016.07.07-07.31.55:146][408]LogPlayLevel: PIE: Created PIE world by copying editor world from /Temp/Untitled_1.Untitled_1 to /Temp/UEDPIE_0_Untitled_1.Untitled_1 (0.002451s)
[2016.07.07-07.31.55:167][408]LogInit: XAudio2 using 'Headphones (Rift Audio)' : 2 channels at 48 kHz using 16 bits per sample (channel mask 0x3)
[2016.07.07-07.31.55:172][408]LogInit: FAudioDevice initialized.
[2016.07.07-07.31.55:219][408]LogWorld: Game class is 'GameManager_C'
[2016.07.07-07.31.55:220][408]LogWorld: Bringing World /Temp/UEDPIE_0_Untitled_1.Untitled_1 up for play (max tick rate 0) at 2016.07.07-17.31.55
[2016.07.07-07.31.55:220][408]LogWorld: Bringing up level for play took: 0.001084
[2016.07.07-07.31.55:224][408]LogContentBrowser: Native class hierarchy updated for 'MovieSceneCapture' in 0.0008 seconds. Added 9 classes and 0 folders.
[2016.07.07-07.31.55:286][408]PIE: Info Play in editor start time for /Temp/UEDPIE_0_Untitled_1 0.161
[2016.07.07-07.31.55:286][408]LogApp: UseVRFocus has changed to 0
[2016.07.07-07.31.55:286][408]LogApp: HasVRFocus has changed to 0
[2016.07.07-07.31.55:309][409]LogRenderer: Reallocating scene render targets to support 1280x720 (Frame:434).
[2016.07.07-07.31.58:275][546]LogHMD: Destroying ovr session
[2016.07.07-07.32.11:996][ 19]BlueprintLog: New page: Compile GameManager
[2016.07.07-07.32.12:075][ 19]BlueprintEditorCompileResults: Info [0256.49] Compile of GameManager successful! [in 79 ms]
[2016.07.07-07.32.12:735][ 64]Cmd: OBJ SAVEPACKAGE PACKAGE="/Game/GameManager" FILE="../../../../../../Admin/Documents/GitHub Repositories/Project_PlanetDefence/Project_PlanetDef/Content/GameManager.uasset" SILENT=true
[2016.07.07-07.32.12:788][ 64]LogSavePackage: Save=43.28ms
[2016.07.07-07.32.12:788][ 64]LogSavePackage: Moving '../../../../../../Admin/Documents/GitHub Repositories/Project_PlanetDefence/Project_PlanetDef/Saved/GameManagerEBFDD8894DA2251C161335A1AFC7E68B.tmp' to '../../../../../../Admin/Documents/GitHub Repositories/Project_PlanetDefence/Project_PlanetDef/Content/GameManager.uasset'
[2016.07.07-07.32.12:789][ 64]LogSavePackage: Total save time: 52.65ms
[2016.07.07-07.32.12:789][ 64]LogSavePackage:Display: Finished SavePackage ../../../../../../Admin/Documents/GitHub Repositories/Project_PlanetDefence/Project_PlanetDef/Content/GameManager.uasset
[2016.07.07-07.32.14:286][185]LogPlayLevel: PlayLevel: No blueprints needed recompiling
[2016.07.07-07.32.14:287][185]OCULUS: Debug: [HMDState] Using default profile default
[2016.07.07-07.32.14:287][185]OCULUS: Info: IAD changed to 64.0mm
[2016.07.07-07.32.14:287][185]LogHMD: New ovr session is created
[2016.07.07-07.32.14:287][185]LogHMD: HMD Oculus Rift CV1, res = 2160 x 1200
[2016.07.07-07.32.14:287][185]LogApp: UseVRFocus has changed to 1
[2016.07.07-07.32.14:287][185]LogApp: HasVRFocus has changed to 1
[2016.07.07-07.32.14:287][185]PIE: New page: PIE session: Untitled_1 (8 Jul 2016 3:32:14 am)
[2016.07.07-07.32.14:287][185]LogPlayLevel: Creating play world package: /Temp/UEDPIE_0_Untitled_1
[2016.07.07-07.32.14:288][185]LogPlayLevel: PIE: StaticDuplicateObject took: (0.001206s)
[2016.07.07-07.32.14:289][185]LogAIModule: Creating AISystem for world Untitled_1
[2016.07.07-07.32.14:289][185]LogPlayLevel: PIE: World Init took: (0.000566s)
[2016.07.07-07.32.14:289][185]LogPlayLevel: PIE: Created PIE world by copying editor world from /Temp/Untitled_1.Untitled_1 to /Temp/UEDPIE_0_Untitled_1.Untitled_1 (0.001953s)
[2016.07.07-07.32.14:311][185]LogInit: XAudio2 using 'Headphones (Rift Audio)' : 2 channels at 48 kHz using 16 bits per sample (channel mask 0x3)
[2016.07.07-07.32.14:316][185]LogInit: FAudioDevice initialized.
[2016.07.07-07.32.14:349][185]LogWorld: Game class is 'GameManager_C'
[2016.07.07-07.32.14:351][185]LogWorld: Bringing World /Temp/UEDPIE_0_Untitled_1.Untitled_1 up for play (max tick rate 0) at 2016.07.07-17.32.14
[2016.07.07-07.32.14:351][185]LogWorld: Bringing up level for play took: 0.001039
[2016.07.07-07.32.14:355][185]PIE: Info Play in editor start time for /Temp/UEDPIE_0_Untitled_1 -0.769
[2016.07.07-07.32.14:355][185]LogApp: UseVRFocus has changed to 0
[2016.07.07-07.32.14:356][185]LogApp: HasVRFocus has changed to 0
[2016.07.07-07.32.16:993][307]LogHMD: Destroying ovr session
[2016.07.07-07.32.21:026][718]BlueprintLog: New page: Compile GameManager
[2016.07.07-07.32.21:106][718]BlueprintEditorCompileResults: Info [0265.52] Compile of GameManager successful! [in 79 ms]
[2016.07.07-07.32.21:518][748]Cmd: OBJ SAVEPACKAGE PACKAGE="/Game/GameManager" FILE="../../../../../../Admin/Documents/GitHub Repositories/Project_PlanetDefence/Project_PlanetDef/Content/GameManager.uasset" SILENT=true
[2016.07.07-07.32.21:570][748]LogSavePackage: Save=42.90ms
[2016.07.07-07.32.21:570][748]LogSavePackage: Moving '../../../../../../Admin/Documents/GitHub Repositories/Project_PlanetDefence/Project_PlanetDef/Saved/GameManager34C0DA304F0288A33FFEA7A6DC00E68A.tmp' to '../../../../../../Admin/Documents/GitHub Repositories/Project_PlanetDefence/Project_PlanetDef/Content/GameManager.uasset'
[2016.07.07-07.32.21:571][748]LogSavePackage: Total save time: 52.30ms
[2016.07.07-07.32.21:571][748]LogSavePackage:Display: Finished SavePackage ../../../../../../Admin/Documents/GitHub Repositories/Project_PlanetDefence/Project_PlanetDef/Content/GameManager.uasset
[2016.07.07-07.32.29:022][436]BlueprintLog: New page: Compile HUD
[2016.07.07-07.32.29:026][436]LogBlueprint:Warning: [compiler HUD] Warning 'ReturnValue' is already a 'Game Mode', you don't need  Cast To GameMode .
[2016.07.07-07.32.29:091][436]LogBlueprint:Warning: [compiler HUD] Warning [0273.50] Compile of HUD successful, but with 1 Warning(s) [in 68 ms]
[2016.07.07-07.32.29:091][436]BlueprintEditorCompileResults:Warning: Warning 'ReturnValue' is already a 'Game Mode', you don't need  Cast To GameMode .
[2016.07.07-07.32.29:091][436]BlueprintEditorCompileResults: Info The execution path doesn't end with a return node.  Cast Failed 
[2016.07.07-07.32.29:091][436]BlueprintEditorCompileResults:Warning: Warning [0273.50] Compile of HUD successful, but with 1 Warning(s) [in 68 ms]
[2016.07.07-07.32.29:935][480]Cmd: OBJ SAVEPACKAGE PACKAGE="/Game/HUD" FILE="../../../../../../Admin/Documents/GitHub Repositories/Project_PlanetDefence/Project_PlanetDef/Content/HUD.uasset" SILENT=true
[2016.07.07-07.32.29:964][480]LogSavePackage: Save=20.35ms
[2016.07.07-07.32.29:964][480]LogSavePackage: Moving '../../../../../../Admin/Documents/GitHub Repositories/Project_PlanetDefence/Project_PlanetDef/Saved/HUD041FB9DB473BBE318655159DBCD0F749.tmp' to '../../../../../../Admin/Documents/GitHub Repositories/Project_PlanetDefence/Project_PlanetDef/Content/HUD.uasset'
[2016.07.07-07.32.29:965][480]LogSavePackage: Total save time: 29.67ms
[2016.07.07-07.32.29:965][480]LogSavePackage:Display: Finished SavePackage ../../../../../../Admin/Documents/GitHub Repositories/Project_PlanetDefence/Project_PlanetDef/Content/HUD.uasset
[2016.07.07-07.32.35:174][  2]BlueprintLog: New page: Compile HUD
[2016.07.07-07.32.35:179][  2]LogBlueprint:Warning: [compiler HUD] Warning 'ReturnValue' is already a 'Game Mode', you don't need  Cast To GameMode .
[2016.07.07-07.32.35:243][  2]LogBlueprint:Warning: [compiler HUD] Warning [0279.66] Compile of HUD successful, but with 1 Warning(s) [in 68 ms]
[2016.07