Log file open, 07/28/16 16:59:19
LogInit:Display: Running engine for game: Project_PlanetDef
LogPlatformFile: Not using cached read wrapper
LogInit:Display: RandInit(1500548483) SRandInit(1500548484).
LogTaskGraph: Started task graph with 4 named threads and 7 total threads.
LogStats: Stats thread started at 0.070354
OCULUS: Info: [CAPI] LibOVR module is located at C:\Program Files (x86)\Oculus\Support\oculus-runtime\LibOVRRT64_1.dll
OCULUS: Debug: Connected to the server running version (prod = 1).1.6.0(build = 250620) feature version = 0. Client runs version (prod = 1).1.6.0(build = 250620) feature version = 0
OCULUS: Debug: [HMDState] Using default profile default
OCULUS: Info: IAD changed to 64.0mm
OCULUS: Debug: [SharedMemory] Creating factory
LogInit: Version: 4.11.2-2946394+++UE4+Release-4.11
LogInit: API Version: 2927265
LogInit: Compiled (64-bit): Apr 18 2016 02:18:46
LogInit: Compiled with Visual C++: 19.00.23026.00
LogInit: Build Configuration: Development
LogInit: Branch Name: ++UE4+Release-4.11
LogInit: Command line: 
LogInit: Base directory: D:/Program Files (x86)/Epic Games/4.11/Engine/Binaries/Win64/
LogInit: Installed Engine Build: 1
LogInit: Using libcurl 7.41.0
LogInit:  - built for x86_64-pc-win32
LogInit:  - supports SSL with WinSSL
LogInit:  - other features:
LogInit:      CURL_VERSION_SSL
LogInit:      CURL_VERSION_IPV6
LogInit:      CURL_VERSION_ASYNCHDNS
LogInit:      CURL_VERSION_LARGEFILE
LogInit:      CURL_VERSION_IDN
LogInit:  CurlRequestOptions (configurable via config and command line):
LogInit:  - bVerifyPeer = true  - Libcurl will verify peer certificate
LogInit:  - bUseHttpProxy = false  - Libcurl will NOT use HTTP proxy
LogInit:  - bDontReuseConnections = false  - Libcurl will reuse connections
LogInit:  - CertBundlePath = nullptr  - Libcurl will use whatever was configured at build time.
LogInit: Presizing for max 16777216 objects, including 0 objects not considered by GC, pre-allocating 0 bytes for permanent pool.
LogInit: Object subsystem initialized
[2016.07.28-06.59.19:256][  0]LogInit: Selected Device Profile: [Windows]
[2016.07.28-06.59.19:256][  0]LogInit: Applying CVar settings loaded from the selected device profile: [Windows]
[2016.07.28-06.59.19:264][  0]LogInit: Computer: DESKTOP-M92PTO3
[2016.07.28-06.59.19:264][  0]LogInit: User: StefanoAdmin
[2016.07.28-06.59.19:264][  0]LogInit: CPU Page size=65536, Cores=4
[2016.07.28-06.59.19:264][  0]LogInit: High frequency timer resolution =3.328129 MHz
[2016.07.28-06.59.19:265][  0]LogMemory: Memory total: Physical=15.9GB (16GB approx)
[2016.07.28-06.59.19:265][  0]LogMemory: Platform Memory Stats for Windows
[2016.07.28-06.59.19:265][  0]LogMemory: Process Physical Memory: 318.32 MB used, 318.32 MB peak
[2016.07.28-06.59.19:265][  0]LogMemory: Process Virtual Memory: 318.02 MB used, 318.02 MB peak
[2016.07.28-06.59.19:265][  0]LogMemory: Physical Memory: 6064.60 MB used, 16313.61 MB total
[2016.07.28-06.59.19:265][  0]LogMemory: Virtual Memory: 695.69 MB used, 134217728.00 MB total
[2016.07.28-06.59.19:508][  0]LogTextLocalizationManager: No specific translations for ('en-AU') exist, so ('en') translations will be used.
[2016.07.28-06.59.19:853][  0]LogD3D11RHI: D3D11 adapters:
[2016.07.28-06.59.19:873][  0]LogD3D11RHI:    0. 'NVIDIA GeForce GTX 980' (Feature Level 11_0)
[2016.07.28-06.59.19:873][  0]LogD3D11RHI:       4008MB of dedicated video memory, 0MB of dedicated system memory, and 8156MB of shared system memory, 1 output[s]
[2016.07.28-06.59.19:874][  0]LogD3D11RHI:    1. 'Microsoft Basic Render Driver' (Feature Level 11_0)
[2016.07.28-06.59.19:874][  0]LogD3D11RHI:       0MB of dedicated video memory, 0MB of dedicated system memory, and 8156MB of shared system memory, 0 output[s]
[2016.07.28-06.59.19:874][  0]LogD3D11RHI: Chosen D3D11 Adapter: 0
[2016.07.28-06.59.19:879][  0]LogD3D11RHI: Creating new Direct3DDevice
[2016.07.28-06.59.19:879][  0]LogD3D11RHI:     Adapter Name: NVIDIA GeForce GTX 980
[2016.07.28-06.59.19:879][  0]LogD3D11RHI:   Driver Version: 10.18.13.6510 (internal 10.18.13.6510)
[2016.07.28-06.59.19:879][  0]LogD3D11RHI:      Driver Date: 4-27-2016
[2016.07.28-06.59.19:879][  0]LogRHI: Texture pool is 1361 MB (70% of 1945 MB)
[2016.07.28-06.59.19:889][  0]LogD3D11RHI: Async texture creation enabled
[2016.07.28-06.59.19:904][  0]LogShaderCompilers: Guid format shader working directory is -48 characters bigger than the processId version (../../../../../../Admin/Documents/GitHub Repositories/Project_PlanetDefence/Project_PlanetDef/Intermediate/Shaders/WorkingDirectory/13564/).
[2016.07.28-06.59.19:905][  0]LogShaderCompilers: Cleaned the shader compiler working directory 'C:/Users/Admin/AppData/Local/Temp/UnrealShaderWorkingDir/52607B51427063DBD1DE109D50DD2C73/'.
[2016.07.28-06.59.19:905][  0]LogShaderCompilers:Display: Using Local Shader Compiler.
[2016.07.28-06.59.20:843][  0]LogTemp:Display: Loaded TP AllDesktopTargetPlatform
[2016.07.28-06.59.20:848][  0]LogTemp:Display: Loaded TP WindowsClientTargetPlatform
[2016.07.28-06.59.20:852][  0]LogTemp:Display: Loaded TP WindowsNoEditorTargetPlatform
[2016.07.28-06.59.20:857][  0]LogTemp:Display: Loaded TP WindowsServerTargetPlatform
[2016.07.28-06.59.20:862][  0]LogTemp:Display: Loaded TP WindowsTargetPlatform
[2016.07.28-06.59.20:865][  0]LogTemp:Display: Loaded TP AndroidTargetPlatform
[2016.07.28-06.59.20:867][  0]LogTemp:Display: Loaded TP Android_ASTCTargetPlatform
[2016.07.28-06.59.20:869][  0]LogTemp:Display: Loaded TP Android_ATCTargetPlatform
[2016.07.28-06.59.20:873][  0]LogTemp:Display: Loaded TP Android_DXTTargetPlatform
[2016.07.28-06.59.20:876][  0]LogTemp:Display: Loaded TP Android_ETC1TargetPlatform
[2016.07.28-06.59.20:879][  0]LogTemp:Display: Loaded TP Android_ETC2TargetPlatform
[2016.07.28-06.59.20:884][  0]LogTemp:Display: Loaded TP Android_MultiTargetPlatform
[2016.07.28-06.59.20:884][  0]LogTemp:Display: Loaded TP Android_PVRTCTargetPlatform
[2016.07.28-06.59.20:885][  0]LogTemp:Display: Loaded TP HTML5TargetPlatform
[2016.07.28-06.59.20:902][  0]LogTemp:Display: Loaded TP IOSTargetPlatform
[2016.07.28-06.59.20:905][  0]LogTemp:Display: Loaded TP TVOSTargetPlatform
[2016.07.28-06.59.20:908][  0]LogTemp:Display: Loaded TP LinuxNoEditorTargetPlatform
[2016.07.28-06.59.20:911][  0]LogTemp:Display: Loaded TP LinuxServerTargetPlatform
[2016.07.28-06.59.20:914][  0]LogTemp:Display: Loaded TP LinuxTargetPlatform
[2016.07.28-06.59.20:914][  0]LogTargetPlatformManager:Display: Building Assets For Windows
[2016.07.28-06.59.20:978][  0]LogDerivedDataCache:Display: Max Cache Size: 512 MB
[2016.07.28-06.59.21:018][  0]LogDerivedDataCache: Loaded boot cache 0.04s 46MB C:/Users/Admin/AppData/Local/UnrealEngine/4.11/DerivedDataCache/Boot.ddc.
[2016.07.28-06.59.21:018][  0]LogDerivedDataCache:Display: Loaded Boot cache: C:/Users/Admin/AppData/Local/UnrealEngine/4.11/DerivedDataCache/Boot.ddc
[2016.07.28-06.59.21:018][  0]LogDerivedDataCache: FDerivedDataBackendGraph:  Pak pak cache file ../../../../../../Admin/Documents/GitHub Repositories/Project_PlanetDefence/Project_PlanetDef/DerivedDataCache/DDC.ddp not found, will not use a pak cache.
[2016.07.28-06.59.21:018][  0]LogDerivedDataCache: Unable to find inner node Pak for hierarchical cache Hierarchy.
[2016.07.28-06.59.21:018][  0]LogDerivedDataCache: FDerivedDataBackendGraph:  CompressedPak pak cache file ../../../../../../Admin/Documents/GitHub Repositories/Project_PlanetDefence/Project_PlanetDef/DerivedDataCache/Compressed.ddp not found, will not use a pak cache.
[2016.07.28-06.59.21:018][  0]LogDerivedDataCache: Unable to find inner node CompressedPak for hierarchical cache Hierarchy.
[2016.07.28-06.59.21:031][  0]LogDerivedDataCache:Display: Pak cache opened for reading ../../../Engine/DerivedDataCache/Compressed.ddp.
[2016.07.28-06.59.21:042][  0]LogDerivedDataCache: Using Local data cache path C:/Users/Admin/AppData/Local/UnrealEngine/Common/DerivedDataCache: Writable
[2016.07.28-06.59.21:173][  0]LogInit: Selected Device Profile: [Windows]
[2016.07.28-06.59.21:174][  0]LogContentStreaming: Texture pool size is 0.00 MB
[2016.07.28-06.59.21:202][  0]LogMaterial: Uniform references updated for custom material expression Custom.
[2016.07.28-06.59.21:311][  0]LogMeshUtilities: No automatic mesh reduction module available
[2016.07.28-06.59.21:311][  0]LogMeshUtilities: No automatic mesh merging module available
[2016.07.28-06.59.21:311][  0]LogMeshUtilities: No distributed automatic mesh merging module available
[2016.07.28-06.59.21:500][  0]LogUObjectArray: 27679 objects as part of root set at end of initial load.
[2016.07.28-06.59.21:500][  0]LogUObjectAllocator: 5591592 out of 0 bytes used by permanent object pool.
[2016.07.28-06.59.21:500][  0]LogUObjectArray: CloseDisregardForGC: 0/0 objects in disregard for GC pool
[2016.07.28-06.59.21:505][  0]LogInit: WinSock: version 1.1 (2.2), MaxSocks=32767, MaxUdp=65467
[2016.07.28-06.59.21:571][  0]LogSlate: SlateFontCache - WITH_FREETYPE: 1, WITH_HARFBUZZ: 1
[2016.07.28-06.59.21:571][  0]LogSlate: SlateFontCache - WITH_FREETYPE: 1, WITH_HARFBUZZ: 1
[2016.07.28-06.59.21:650][  0]LogStreaming:Warning: Failed to read file '../../../Engine/Content/Editor/Slate/Common/Selection_16x.png' error.
[2016.07.28-06.59.21:650][  0]LogSlate: Could not find file for Slate resource: ../../../Engine/Content/Editor/Slate/Common/Selection_16x.png
[2016.07.28-06.59.21:650][  0]LogStreaming:Warning: Failed to read file '../../../Engine/Content/Editor/Slate/Common/Selection_16x.png' error.
[2016.07.28-06.59.21:650][  0]LogSlate: Could not find file for Slate resource: ../../../Engine/Content/Editor/Slate/Common/Selection_16x.png
[2016.07.28-06.59.21:650][  0]LogStreaming:Warning: Failed to read file '../../../Engine/Content/Editor/Slate/Common/Selection_16x.png' error.
[2016.07.28-06.59.21:650][  0]LogSlate: Could not find file for Slate resource: ../../../Engine/Content/Editor/Slate/Common/Selection_16x.png
[2016.07.28-06.59.22:093][  0]LogSubstanceCoreModule: Substance CPU Engine Loaded, Max Texture Size 2048
[2016.07.28-06.59.22:098][  0]LogUdpMessaging: Initializing bridge on interface 0.0.0.0:0 to multicast group 230.0.0.1:6666.
[2016.07.28-06.59.22:197][  0]LogAssetRegistry: FAssetRegistry took 0.0214 seconds to start up
[2016.07.28-06.59.22:329][  0]SourceControl: Info Source control is disabled
[2016.07.28-06.59.22:357][  0]SourceControl: Info Source control is disabled
[2016.07.28-06.59.22:363][  0]SourceControl: Info Source control is disabled
[2016.07.28-06.59.22:368][  0]SourceControl: Info Source control is disabled
[2016.07.28-06.59.22:536][  0]LogEngine: Initializing Engine...
[2016.07.28-06.59.22:536][  0]LogHMD: Oculus plugin initialized. Version: 4.11.2-2946394+++UE4+Release-4.11, LibOVR: 1.6.0, SDK: 1.3.0, built Apr 18 2016, 02:19:44
[2016.07.28-06.59.22:650][  0]OCULUS: Debug: [HMDState] Using default profile default
[2016.07.28-06.59.22:650][  0]OCULUS: Info: IAD changed to 64.0mm
[2016.07.28-06.59.22:661][  0]LogAIModule: Creating AISystem for world NewWorld
[2016.07.28-06.59.22:673][  0]LogInit: XAudio2 using 'Headphones (Rift Audio)' : 2 channels at 48 kHz using 16 bits per sample (channel mask 0x3)
[2016.07.28-06.59.22:681][  0]LogInit: FAudioDevice initialized.
[2016.07.28-06.59.22:700][  0]LogDerivedDataCache: Saved boot cache 0.02s 46MB C:/Users/Admin/AppData/Local/UnrealEngine/4.11/DerivedDataCache/Boot.ddc.
[2016.07.28-06.59.22:708][  0]LogInit: Texture streaming: Enabled
[2016.07.28-06.59.22:759][  0]LogWindowsTextInputMethodSystem:Display: IME system now deactivated.
[2016.07.28-06.59.22:776][  0]LogInit: Transaction tracking system initialized
[2016.07.28-06.59.22:793][  0]BlueprintLog: New page: Editor Load
[2016.07.28-06.59.22:851][  0]LocalizationService: Info Localization service is disabled
[2016.07.28-06.59.22:932][  0]LogConsoleResponse:Display: 
[2016.07.28-06.59.23:029][  0]LogCook:Display: Max memory allowance for cook 8192mb
[2016.07.28-06.59.23:029][  0]LogCook:Display: Mobile HDR setting 1
[2016.07.28-06.59.23:029][  0]LogCook:Display: Done creating registry. It took  0.00s.
[2016.07.28-06.59.23:068][  0]LogFileCache: Scanning file cache for directory 'D:/Admin/Documents/GitHub Repositories/Project_PlanetDefence/Project_PlanetDef/Content/' took 0.01s
[2016.07.28-06.59.23:068][  0]SourceControl: Info Source control is disabled
[2016.07.28-06.59.23:068][  0]Cmd: MAP LOAD FILE="../../../Engine/Content/Maps/Templates/Template_Default.umap" TEMPLATE=1 SHOWPROGRESS=1 FEATURELEVEL=3
[2016.07.28-06.59.23:069][  0]LightingResults: New page: Lighting Build
[2016.07.28-06.59.23:071][  0]MapCheck: New page: Map Check
[2016.07.28-06.59.23:071][  0]LightingResults: New page: Lighting Build
[2016.07.28-06.59.23:288][  0]LogAIModule: Creating AISystem for world Untitled_1
[2016.07.28-06.59.23:292][  0]LogEditorServer: Finished looking for orphan Actors (0.000 secs)
[2016.07.28-06.59.23:296][  0]Cmd: MAP CHECKDEP NOCLEARLOG
[2016.07.28-06.59.23:326][  0]MapCheck: Info Map check complete: 0 Error(s), 0 Warning(s), took 30.724ms to complete.
[2016.07.28-06.59.23:326][  0]LogFileHelpers: Loading map 'Template_Default' took 0.258
[2016.07.28-06.59.23:486][  0]LogCollectionManager: Loaded 0 collections in 0.001729 seconds
[2016.07.28-06.59.23:525][  0]LogFileCache: Scanning file cache for directory 'D:/Admin/Documents/GitHub Repositories/Project_PlanetDefence/Project_PlanetDef/Saved/Collections/' took 0.01s
[2016.07.28-06.59.23:525][  0]LogFileCache: Scanning file cache for directory 'D:/Admin/Documents/GitHub Repositories/Project_PlanetDefence/Project_PlanetDef/Content/Developers/StefanoAdmin/Collections/' took 0.01s
[2016.07.28-06.59.23:525][  0]LogFileCache: Scanning file cache for directory 'D:/Admin/Documents/GitHub Repositories/Project_PlanetDefence/Project_PlanetDef/Content/Collections/' took 0.01s
[2016.07.28-06.59.23:525][  0]LogCollectionManager: Rebuilt the GUID cache for 0 collections in 0.000002 seconds
[2016.07.28-06.59.23:533][  0]LogContentBrowser: Native class hierarchy populated in 0.0083 seconds. Added 1994 classes and 349 folders.
[2016.07.28-06.59.23:536][  0]LogStats: UGameplayTagsManager::ConstructGameplayTagTree: Construct from data asset -  0.000 s
[2016.07.28-06.59.23:536][  0]LogStats: UGameplayTagsManager::ConstructGameplayTagTree: GameplayTagTreeChangedEvent.Broadcast -  0.000 s
[2016.07.28-06.59.23:537][  0]LogContentBrowser: Native class hierarchy updated for 'GameplayTags' in 0.0008 seconds. Added 12 classes and 0 folders.
[2016.07.28-06.59.23:542][  0]LogContentBrowser: Native class hierarchy updated for 'WidgetCarousel' in 0.0010 seconds. Added 0 classes and 0 folders.
[2016.07.28-06.59.23:547][  0]LogContentBrowser: Native class hierarchy updated for 'SuperSearch' in 0.0010 seconds. Added 1 classes and 2 folders.
[2016.07.28-06.59.23:578][  0]LogContentBrowser: Native class hierarchy updated for 'AddContentDialog' in 0.0011 seconds. Added 0 classes and 0 folders.
[2016.07.28-06.59.23:582][  0]LogContentBrowser: Native class hierarchy updated for 'SceneOutliner' in 0.0009 seconds. Added 1 classes and 2 folders.
[2016.07.28-06.59.23:600][  0]LogCrashTracker: Crashtracker disabled due to settings.
[2016.07.28-06.59.23:604][  0]LogUObjectGlobals:Warning: Failed to find object 'Class None.'
[2016.07.28-06.59.23:629][  0]LogContentBrowser: Native class hierarchy updated for 'HierarchicalLODOutliner' in 0.0009 seconds. Added 1 classes and 2 folders.
[2016.07.28-06.59.23:629][  0]LogLoad: Full Startup: 5.08 seconds (BP compile: 0.03 seconds)
[2016.07.28-06.59.23:630][  0]LogExternalProfiler: Found external profiler: VSPerf
[2016.07.28-06.59.23:630][  0]LogExternalProfiler: Using external profiler: VSPerf
[2016.07.28-06.59.23:638][  0]LogOcInput: OculusInput pre-init called
[2016.07.28-06.59.23:647][  0]LogOcInput: OculusInput is initialized. Init status 0. Runtime version: 1.6.0
[2016.07.28-06.59.23:682][  0]LogContentStreaming: Texture pool size now 1000 MB
[2016.07.28-06.59.23:815][  0]LogRenderer: Reallocating scene render targets to support 1208x576 (Frame:2).
[2016.07.28-06.59.23:871][  1]LogAssetRegistry: Asset discovery search completed in 1.6957 seconds
[2016.07.28-06.59.23:871][  1]LogCollectionManager: Rebuilt the object cache for 0 collections in 0.000000 seconds (found 0 objects)
[2016.07.28-06.59.23:871][  1]LogCollectionManager: Fixed up redirectors for 0 collections in 0.000032 seconds (updated 0 objects)
[2016.07.28-06.59.47:957][133]LogContentBrowser: Native class hierarchy updated for 'Cascade' in 0.0011 seconds. Added 2 classes and 2 folders.
[2016.07.28-07.00.36:711][833]LogWindows:Error: Windows GetLastError: The operation completed successfully. (0)
[2016.07.28-07.00.36:890][834]LogCrashTracker: 


[2016.07.28-07.00.36:891][834]LogWindows:Error: Windows GetLastError: The operation completed successfully. (0)
[2016.07.28-07.00.36:891][834]LogCrashTracker: 


[2016.07.28-07.00.36:891][834]LogWindows:Error: === Critical error: ===
Fatal error: [File:D:\BuildFarm\buildmachine_++UE4+Release-4.11\Engine\Source\Runtime\RenderCore\Private\RenderingThread.cpp] [Line: 682] 
Rendering thread exception:
Assertion failed: (uint32)NumIndices <= 65535 [File:D:\BuildFarm\buildmachine_++UE4+Release-4.11\Engine\Source\Runtime\Engine\Private\Particles\ParticleSystemRender.cpp] [Line: 489] 








[2016.07.28-07.00.36:928][834]LogExit: Executing StaticShutdownAfterError
[2016.07.28-07.00.36:931][834]LogPhysics:Warning: PHYSX: ..\..\PhysX\src\NpScene.cpp (2946) 8 : PxScene::unlockWrite() called without matching call to PxScene::lockWrite(), behaviour will be undefined.
[2016.07.28-07.00.36:931][834]LogPhysics:Warning: PHYSX: ..\..\PhysX\src\NpScene.cpp (2946) 8 : PxScene::unlockWrite() called without matching call to PxScene::lockWrite(), behaviour will be undefined.
[2016.07.28-07.00.36:931][834]LogPhysics:Warning: PHYSX: ..\..\PhysX\src\NpScene.cpp (2946) 8 : PxScene::unlockWrite() called without matching call to PxScene::lockWrite(), behaviour will be undefined.
[2016.07.28-07.00.36:932][834]LogPhysics:Warning: PHYSX: ..\..\PhysX\src\NpScene.cpp (2946) 8 : PxScene::unlockWrite() called without matching call to PxScene::lockWrite(), behaviour will be undefined.
[2016.07.28-07.00.36:932][834]LogWindows: FPlatformMisc::RequestExit(1)
[2016.07.28-07.00.36:932][834]Log file closed, 07/28/16 17:00:36
