Log file open, 06/23/16 19:47:16
LogInit:Display: Running engine for game: Project_PlanetDef
LogPlatformFile: Not using cached read wrapper
LogInit:Display: RandInit(1148295809) SRandInit(1148295810).
LogTaskGraph: Started task graph with 4 named threads and 7 total threads.
LogStats: Stats thread started at 0.063143
OCULUS: Info: [CAPI] LibOVR module is located at C:\Program Files (x86)\Oculus\Support\oculus-runtime\LibOVRRT64_1.dll
OCULUS: Debug: Connected to the server running version (prod = 1).1.4.0(build = 224996) feature version = 0. Client runs version (prod = 1).1.4.0(build = 224996) feature version = 0
OCULUS: Debug: [HMDState] Using default profile default
OCULUS: Info: IAD changed to 64.0mm
OCULUS: Debug: [SharedMemory] Creating factory
LogInit: Version: 4.11.2-2946394+++UE4+Release-4.11
LogInit: API Version: 2927265
LogInit: Compiled (64-bit): Apr 18 2016 02:18:46
LogInit: Compiled with Visual C++: 19.00.23026.00
LogInit: Build Configuration: Development
LogInit: Branch Name: ++UE4+Release-4.11
LogInit: Command line: 
LogInit: Base directory: D:/Program Files (x86)/Epic Games/4.11/Engine/Binaries/Win64/
LogInit: Installed Engine Build: 1
LogInit: Using libcurl 7.41.0
LogInit:  - built for x86_64-pc-win32
LogInit:  - supports SSL with WinSSL
LogInit:  - other features:
LogInit:      CURL_VERSION_SSL
LogInit:      CURL_VERSION_IPV6
LogInit:      CURL_VERSION_ASYNCHDNS
LogInit:      CURL_VERSION_LARGEFILE
LogInit:      CURL_VERSION_IDN
LogInit:  CurlRequestOptions (configurable via config and command line):
LogInit:  - bVerifyPeer = true  - Libcurl will verify peer certificate
LogInit:  - bUseHttpProxy = false  - Libcurl will NOT use HTTP proxy
LogInit:  - bDontReuseConnections = false  - Libcurl will reuse connections
LogInit:  - CertBundlePath = nullptr  - Libcurl will use whatever was configured at build time.
LogInit: Presizing for max 16777216 objects, including 0 objects not considered by GC, pre-allocating 0 bytes for permanent pool.
LogInit: Object subsystem initialized
[2016.06.23-09.47.16:494][  0]LogInit: Selected Device Profile: [Windows]
[2016.06.23-09.47.16:494][  0]LogInit: Applying CVar settings loaded from the selected device profile: [Windows]
[2016.06.23-09.47.16:501][  0]LogInit: Computer: DESKTOP-M92PTO3
[2016.06.23-09.47.16:501][  0]LogInit: User: StefanoAdmin
[2016.06.23-09.47.16:501][  0]LogInit: CPU Page size=65536, Cores=4
[2016.06.23-09.47.16:501][  0]LogInit: High frequency timer resolution =3.328126 MHz
[2016.06.23-09.47.16:501][  0]LogMemory: Memory total: Physical=15.9GB (16GB approx)
[2016.06.23-09.47.16:501][  0]LogMemory: Platform Memory Stats for Windows
[2016.06.23-09.47.16:501][  0]LogMemory: Process Physical Memory: 317.96 MB used, 317.96 MB peak
[2016.06.23-09.47.16:501][  0]LogMemory: Process Virtual Memory: 317.86 MB used, 317.86 MB peak
[2016.06.23-09.47.16:501][  0]LogMemory: Physical Memory: 5559.22 MB used, 16313.61 MB total
[2016.06.23-09.47.16:501][  0]LogMemory: Virtual Memory: 695.65 MB used, 134217728.00 MB total
[2016.06.23-09.47.16:707][  0]LogTextLocalizationManager: No specific translations for ('en-AU') exist, so ('en') translations will be used.
[2016.06.23-09.47.17:005][  0]LogD3D11RHI: D3D11 adapters:
[2016.06.23-09.47.17:020][  0]LogD3D11RHI:    0. 'NVIDIA GeForce GTX 980' (Feature Level 11_0)
[2016.06.23-09.47.17:020][  0]LogD3D11RHI:       4008MB of dedicated video memory, 0MB of dedicated system memory, and 8156MB of shared system memory, 1 output[s]
[2016.06.23-09.47.17:021][  0]LogD3D11RHI:    1. 'Microsoft Basic Render Driver' (Feature Level 11_0)
[2016.06.23-09.47.17:021][  0]LogD3D11RHI:       0MB of dedicated video memory, 0MB of dedicated system memory, and 8156MB of shared system memory, 0 output[s]
[2016.06.23-09.47.17:021][  0]LogD3D11RHI: Chosen D3D11 Adapter: 0
[2016.06.23-09.47.17:024][  0]LogD3D11RHI: Creating new Direct3DDevice
[2016.06.23-09.47.17:025][  0]LogD3D11RHI:     Adapter Name: NVIDIA GeForce GTX 980
[2016.06.23-09.47.17:025][  0]LogD3D11RHI:   Driver Version: 10.18.13.6510 (internal 10.18.13.6510)
[2016.06.23-09.47.17:025][  0]LogD3D11RHI:      Driver Date: 4-27-2016
[2016.06.23-09.47.17:025][  0]LogRHI: Texture pool is 1361 MB (70% of 1945 MB)
[2016.06.23-09.47.17:034][  0]LogD3D11RHI: Async texture creation enabled
[2016.06.23-09.47.17:043][  0]LogShaderCompilers: Guid format shader working directory is -48 characters bigger than the processId version (../../../../../../Admin/Documents/GitHub Repositories/Project_PlanetDefence/Project_PlanetDef/Intermediate/Shaders/WorkingDirectory/11944/).
[2016.06.23-09.47.17:043][  0]LogShaderCompilers: Cleaned the shader compiler working directory 'C:/Users/Admin/AppData/Local/Temp/UnrealShaderWorkingDir/1AA43C6C4DED651DE73B7C8C1C3C7273/'.
[2016.06.23-09.47.17:043][  0]LogShaderCompilers:Display: Using Local Shader Compiler.
[2016.06.23-09.47.19:073][  0]LogTemp:Display: Loaded TP AllDesktopTargetPlatform
[2016.06.23-09.47.19:076][  0]LogTemp:Display: Loaded TP WindowsClientTargetPlatform
[2016.06.23-09.47.19:079][  0]LogTemp:Display: Loaded TP WindowsNoEditorTargetPlatform
[2016.06.23-09.47.19:082][  0]LogTemp:Display: Loaded TP WindowsServerTargetPlatform
[2016.06.23-09.47.19:085][  0]LogTemp:Display: Loaded TP WindowsTargetPlatform
[2016.06.23-09.47.19:087][  0]LogTemp:Display: Loaded TP AndroidTargetPlatform
[2016.06.23-09.47.19:089][  0]LogTemp:Display: Loaded TP Android_ASTCTargetPlatform
[2016.06.23-09.47.19:091][  0]LogTemp:Display: Loaded TP Android_ATCTargetPlatform
[2016.06.23-09.47.19:093][  0]LogTemp:Display: Loaded TP Android_DXTTargetPlatform
[2016.06.23-09.47.19:095][  0]LogTemp:Display: Loaded TP Android_ETC1TargetPlatform
[2016.06.23-09.47.19:098][  0]LogTemp:Display: Loaded TP Android_ETC2TargetPlatform
[2016.06.23-09.47.19:102][  0]LogTemp:Display: Loaded TP Android_MultiTargetPlatform
[2016.06.23-09.47.19:102][  0]LogTemp:Display: Loaded TP Android_PVRTCTargetPlatform
[2016.06.23-09.47.19:102][  0]LogTemp:Display: Loaded TP HTML5TargetPlatform
[2016.06.23-09.47.19:117][  0]LogTemp:Display: Loaded TP IOSTargetPlatform
[2016.06.23-09.47.19:119][  0]LogTemp:Display: Loaded TP TVOSTargetPlatform
[2016.06.23-09.47.19:121][  0]LogTemp:Display: Loaded TP LinuxNoEditorTargetPlatform
[2016.06.23-09.47.19:123][  0]LogTemp:Display: Loaded TP LinuxServerTargetPlatform
[2016.06.23-09.47.19:125][  0]LogTemp:Display: Loaded TP LinuxTargetPlatform
[2016.06.23-09.47.19:125][  0]LogTargetPlatformManager:Display: Building Assets For Windows
[2016.06.23-09.47.19:171][  0]LogDerivedDataCache:Display: Max Cache Size: 512 MB
[2016.06.23-09.47.19:209][  0]LogDerivedDataCache: Loaded boot cache 0.04s 58MB C:/Users/Admin/AppData/Local/UnrealEngine/4.11/DerivedDataCache/Boot.ddc.
[2016.06.23-09.47.19:209][  0]LogDerivedDataCache:Display: Loaded Boot cache: C:/Users/Admin/AppData/Local/UnrealEngine/4.11/DerivedDataCache/Boot.ddc
[2016.06.23-09.47.19:209][  0]LogDerivedDataCache: FDerivedDataBackendGraph:  Pak pak cache file ../../../../../../Admin/Documents/GitHub Repositories/Project_PlanetDefence/Project_PlanetDef/DerivedDataCache/DDC.ddp not found, will not use a pak cache.
[2016.06.23-09.47.19:209][  0]LogDerivedDataCache: Unable to find inner node Pak for hierarchical cache Hierarchy.
[2016.06.23-09.47.19:209][  0]LogDerivedDataCache: FDerivedDataBackendGraph:  CompressedPak pak cache file ../../../../../../Admin/Documents/GitHub Repositories/Project_PlanetDefence/Project_PlanetDef/DerivedDataCache/Compressed.ddp not found, will not use a pak cache.
[2016.06.23-09.47.19:209][  0]LogDerivedDataCache: Unable to find inner node CompressedPak for hierarchical cache Hierarchy.
[2016.06.23-09.47.19:220][  0]LogDerivedDataCache:Display: Pak cache opened for reading ../../../Engine/DerivedDataCache/Compressed.ddp.
[2016.06.23-09.47.19:231][  0]LogDerivedDataCache: Using Local data cache path C:/Users/Admin/AppData/Local/UnrealEngine/Common/DerivedDataCache: Writable
[2016.06.23-09.47.19:340][  0]LogInit: Selected Device Profile: [Windows]
[2016.06.23-09.47.19:341][  0]LogContentStreaming: Texture pool size is 0.00 MB
[2016.06.23-09.47.19:364][  0]LogMaterial: Uniform references updated for custom material expression Custom.
[2016.06.23-09.47.19:452][  0]LogMeshUtilities: No automatic mesh reduction module available
[2016.06.23-09.47.19:452][  0]LogMeshUtilities: No automatic mesh merging module available
[2016.06.23-09.47.19:452][  0]LogMeshUtilities: No distributed automatic mesh merging module available
[2016.06.23-09.47.19:601][  0]LogUObjectArray: 27679 objects as part of root set at end of initial load.
[2016.06.23-09.47.19:601][  0]LogUObjectAllocator: 5591600 out of 0 bytes used by permanent object pool.
[2016.06.23-09.47.19:601][  0]LogUObjectArray: CloseDisregardForGC: 0/0 objects in disregard for GC pool
[2016.06.23-09.47.19:606][  0]LogInit: WinSock: version 1.1 (2.2), MaxSocks=32767, MaxUdp=65467
[2016.06.23-09.47.19:660][  0]LogSlate: SlateFontCache - WITH_FREETYPE: 1, WITH_HARFBUZZ: 1
[2016.06.23-09.47.19:660][  0]LogSlate: SlateFontCache - WITH_FREETYPE: 1, WITH_HARFBUZZ: 1
[2016.06.23-09.47.19:724][  0]LogStreaming:Warning: Failed to read file '../../../Engine/Content/Editor/Slate/Common/Selection_16x.png' error.
[2016.06.23-09.47.19:724][  0]LogSlate: Could not find file for Slate resource: ../../../Engine/Content/Editor/Slate/Common/Selection_16x.png
[2016.06.23-09.47.19:725][  0]LogStreaming:Warning: Failed to read file '../../../Engine/Content/Editor/Slate/Common/Selection_16x.png' error.
[2016.06.23-09.47.19:725][  0]LogSlate: Could not find file for Slate resource: ../../../Engine/Content/Editor/Slate/Common/Selection_16x.png
[2016.06.23-09.47.19:725][  0]LogStreaming:Warning: Failed to read file '../../../Engine/Content/Editor/Slate/Common/Selection_16x.png' error.
[2016.06.23-09.47.19:725][  0]LogSlate: Could not find file for Slate resource: ../../../Engine/Content/Editor/Slate/Common/Selection_16x.png
[2016.06.23-09.47.20:101][  0]LogSubstanceCoreModule: Substance CPU Engine Loaded, Max Texture Size 2048
[2016.06.23-09.47.20:106][  0]LogUdpMessaging: Initializing bridge on interface 0.0.0.0:0 to multicast group 230.0.0.1:6666.
[2016.06.23-09.47.20:197][  0]LogAssetRegistry: FAssetRegistry took 0.0212 seconds to start up
[2016.06.23-09.47.20:290][  0]SourceControl: Info Source control is disabled
[2016.06.23-09.47.20:312][  0]SourceControl: Info Source control is disabled
[2016.06.23-09.47.20:316][  0]SourceControl: Info Source control is disabled
[2016.06.23-09.47.20:321][  0]SourceControl: Info Source control is disabled
[2016.06.23-09.47.20:717][  0]LogEngine: Initializing Engine...
[2016.06.23-09.47.20:717][  0]LogHMD: Oculus plugin initialized. Version: 4.11.2-2946394+++UE4+Release-4.11, LibOVR: 1.4.0, SDK: 1.3.0, built Apr 18 2016, 02:19:44
[2016.06.23-09.47.20:814][  0]OCULUS: Debug: [HMDState] Using default profile default
[2016.06.23-09.47.20:814][  0]OCULUS: Info: IAD changed to 64.0mm
[2016.06.23-09.47.20:822][  0]LogAIModule: Creating AISystem for world NewWorld
[2016.06.23-09.47.20:832][  0]LogInit: XAudio2 using 'Headphones (Rift Audio)' : 2 channels at 48 kHz using 16 bits per sample (channel mask 0x3)
[2016.06.23-09.47.20:838][  0]LogInit: FAudioDevice initialized.
[2016.06.23-09.47.20:856][  0]LogDerivedDataCache: Saved boot cache 0.02s 46MB C:/Users/Admin/AppData/Local/UnrealEngine/4.11/DerivedDataCache/Boot.ddc.
[2016.06.23-09.47.20:860][  0]LogInit: Texture streaming: Enabled
[2016.06.23-09.47.20:874][  0]LogInit: Transaction tracking system initialized
[2016.06.23-09.47.20:888][  0]BlueprintLog: New page: Editor Load
[2016.06.23-09.47.20:933][  0]LocalizationService: Info Localization service is disabled
[2016.06.23-09.47.20:999][  0]LogConsoleResponse:Display: 
[2016.06.23-09.47.21:070][  0]LogCook:Display: Max memory allowance for cook 8192mb
[2016.06.23-09.47.21:070][  0]LogCook:Display: Mobile HDR setting 1
[2016.06.23-09.47.21:070][  0]LogCook:Display: Done creating registry. It took  0.00s.
[2016.06.23-09.47.21:100][  0]LogFileCache: Scanning file cache for directory 'D:/Admin/Documents/GitHub Repositories/Project_PlanetDefence/Project_PlanetDef/Content/' took 0.01s
[2016.06.23-09.47.21:100][  0]SourceControl: Info Source control is disabled
[2016.06.23-09.47.21:151][  0]LogWindowsTextInputMethodSystem:Display: IME system now deactivated.
[2016.06.23-09.47.32:543][  0]LogWindowsTextInputMethodSystem:Display: IME system now deactivated.
[2016.06.23-09.47.32:561][  0]LogWindowsTextInputMethodSystem:Display: IME system now deactivated.
[2016.06.23-09.47.36:046][  0]LogWindowsTextInputMethodSystem:Display: IME system now deactivated.
[2016.06.23-09.47.36:070][  0]LogWindowsTextInputMethodSystem:Display: IME system now deactivated.
[2016.06.23-09.47.36:071][  0]Cmd: MAP LOAD FILE="../../../Engine/Content/Maps/Templates/Template_Default.umap" TEMPLATE=1 SHOWPROGRESS=1 FEATURELEVEL=3
[2016.06.23-09.47.36:071][  0]LightingResults: New page: Lighting Build
[2016.06.23-09.47.36:073][  0]MapCheck: New page: Map Check
[2016.06.23-09.47.36:073][  0]LightingResults: New page: Lighting Build
[2016.06.23-09.47.36:239][  0]LogAIModule: Creating AISystem for world Untitled_1
[2016.06.23-09.47.36:244][  0]LogEditorServer: Finished looking for orphan Actors (0.000 secs)
[2016.06.23-09.47.36:247][  0]Cmd: MAP CHECKDEP NOCLEARLOG
[2016.06.23-09.47.36:268][  0]MapCheck: Info Map check complete: 0 Error(s), 0 Warning(s), took 20.754ms to complete.
[2016.06.23-09.47.36:268][  0]LogFileHelpers: Loading map 'Template_Default' took 0.197
[2016.06.23-09.47.36:314][  0]LogStats:Warning: MetaData mismatch. Did you assign a stat to two groups? New //STATGROUP_Threads//SplashScreenThread///Thread_2b80_0///####STATCAT_Advanced#### old //STATGROUP_Threads//SplashScreenThread///Thread_12b4_0///####STATCAT_Advanced####
[2016.06.23-09.47.36:314][  0]LogCollectionManager: Loaded 0 collections in 0.001070 seconds
[2016.06.23-09.47.36:350][  0]LogFileCache: Scanning file cache for directory 'D:/Admin/Documents/GitHub Repositories/Project_PlanetDefence/Project_PlanetDef/Saved/Collections/' took 0.01s
[2016.06.23-09.47.36:350][  0]LogFileCache: Scanning file cache for directory 'D:/Admin/Documents/GitHub Repositories/Project_PlanetDefence/Project_PlanetDef/Content/Developers/StefanoAdmin/Collections/' took 0.01s
[2016.06.23-09.47.36:350][  0]LogFileCache: Scanning file cache for directory 'D:/Admin/Documents/GitHub Repositories/Project_PlanetDefence/Project_PlanetDef/Content/Collections/' took 0.01s
[2016.06.23-09.47.36:350][  0]LogCollectionManager: Rebuilt the GUID cache for 0 collections in 0.000002 seconds
[2016.06.23-09.47.36:356][  0]LogContentBrowser: Native class hierarchy populated in 0.0055 seconds. Added 1994 classes and 349 folders.
[2016.06.23-09.47.36:358][  0]LogStats: UGameplayTagsManager::ConstructGameplayTagTree: Construct from data asset -  0.000 s
[2016.06.23-09.47.36:358][  0]LogStats: UGameplayTagsManager::ConstructGameplayTagTree: GameplayTagTreeChangedEvent.Broadcast -  0.000 s
[2016.06.23-09.47.36:358][  0]LogContentBrowser: Native class hierarchy updated for 'GameplayTags' in 0.0003 seconds. Added 12 classes and 0 folders.
[2016.06.23-09.47.36:361][  0]LogContentBrowser: Native class hierarchy updated for 'WidgetCarousel' in 0.0002 seconds. Added 0 classes and 0 folders.
[2016.06.23-09.47.36:365][  0]LogContentBrowser: Native class hierarchy updated for 'SuperSearch' in 0.0002 seconds. Added 1 classes and 2 folders.
[2016.06.23-09.47.36:388][  0]LogContentBrowser: Native class hierarchy updated for 'AddContentDialog' in 0.0004 seconds. Added 0 classes and 0 folders.
[2016.06.23-09.47.36:391][  0]LogContentBrowser: Native class hierarchy updated for 'SceneOutliner' in 0.0003 seconds. Added 1 classes and 2 folders.
[2016.06.23-09.47.36:405][  0]LogCrashTracker: Crashtracker disabled due to settings.
[2016.06.23-09.47.36:409][  0]LogUObjectGlobals:Warning: Failed to find object 'Class None.'
[2016.06.23-09.47.36:432][  0]LogContentBrowser: Native class hierarchy updated for 'HierarchicalLODOutliner' in 0.0003 seconds. Added 1 classes and 2 folders.
[2016.06.23-09.47.36:432][  0]LogLoad: Full Startup: 20.51 seconds (BP compile: 0.02 seconds)
[2016.06.23-09.47.36:432][  0]LogExternalProfiler: Found external profiler: VSPerf
[2016.06.23-09.47.36:432][  0]LogExternalProfiler: Using external profiler: VSPerf
[2016.06.23-09.47.36:441][  0]LogOcInput: OculusInput pre-init called
[2016.06.23-09.47.36:448][  0]LogOcInput: OculusInput is initialized. Init status 0. Runtime version: 1.4.0
[2016.06.23-09.47.36:461][  0]LogAssetRegistry: Asset discovery search completed in 16.2856 seconds
[2016.06.23-09.47.36:461][  0]LogCollectionManager: Rebuilt the object cache for 0 collections in 0.000000 seconds (found 0 objects)
[2016.06.23-09.47.36:461][  0]LogCollectionManager: Fixed up redirectors for 0 collections in 0.000014 seconds (updated 0 objects)
[2016.06.23-09.47.36:476][  0]LogContentStreaming: Texture pool size now 1000 MB
[2016.06.23-09.47.36:579][  0]LogRenderer: Reallocating scene render targets to support 1208x576 (Frame:2).
[2016.06.23-09.47.42:803][337]LogContentBrowser: Native class hierarchy updated for 'BlueprintGraph' in 0.0005 seconds. Added 108 classes and 0 folders.
[2016.06.23-09.49.40:966][530]BlueprintLog: New page: Compile Shield
[2016.06.23-09.49.41:036][530]BlueprintEditorCompileResults: Info [0145.11] Compile of Shield successful! [in 68 ms]
[2016.06.23-09.49.42:028][607]Cmd: OBJ SAVEPACKAGE PACKAGE="/Game/Shield" FILE="../../../../../../Admin/Documents/GitHub Repositories/Project_PlanetDefence/Project_PlanetDef/Content/Shield.uasset" SILENT=true
[2016.06.23-09.49.42:060][607]LogSavePackage: Save=26.81ms
[2016.06.23-09.49.42:060][607]LogSavePackage: Moving '../../../../../../Admin/Documents/GitHub Repositories/Project_PlanetDefence/Project_PlanetDef/Saved/ShieldC0F60B05484270F201F58190F05EDEF3.tmp' to '../../../../../../Admin/Documents/GitHub Repositories/Project_PlanetDefence/Project_PlanetDef/Content/Shield.uasset'
[2016.06.23-09.49.42:061][607]LogSavePackage: Total save time: 32.87ms
[2016.06.23-09.49.42:061][607]LogSavePackage:Display: Finished SavePackage ../../../../../../Admin/Documents/GitHub Repositories/Project_PlanetDefence/Project_PlanetDef/Content/Shield.uasset
[2016.06.23-09.49.45:437][890]LogAIModule: Creating AISystem for world FirstLevel
[2016.06.23-09.49.45:456][890]Cmd: MAP LOAD FILE="../../../../../../Admin/Documents/GitHub Repositories/Project_PlanetDefence/Project_PlanetDef/Content/Maps/FirstLevel.umap" TEMPLATE=0 SHOWPROGRESS=1 FEATURELEVEL=3
[2016.06.23-09.49.45:456][890]LightingResults: New page: Lighting Build
[2016.06.23-09.49.45:468][890]LoadErrors: New page: Loading map: FirstLevel.umap
[2016.06.23-09.49.45:469][890]MapCheck: New page: Map Check
[2016.06.23-09.49.45:469][890]LightingResults: New page: Lighting Build
[2016.06.23-09.49.45:483][890]LogEditorServer: Finished looking for orphan Actors (0.000 secs)
[2016.06.23-09.49.45:506][890]Cmd: MAP CHECKDEP NOCLEARLOG
[2016.06.23-09.49.45:530][890]MapCheck: Info Map check complete: 0 Error(s), 0 Warning(s), took 24.584ms to complete.
[2016.06.23-09.49.45:530][890]LogFileHelpers: Loading map 'FirstLevel' took 0.075
[2016.06.23-09.49.47:394][ 41]LogBlueprintUserMessages: Early PlayInEditor Detection: Level '/Game/Maps/FirstLevel.FirstLevel:PersistentLevel' has LevelScriptBlueprint '/Game/Maps/FirstLevel.FirstLevel:PersistentLevel.FirstLevel' with GeneratedClass '/Game/Maps/FirstLevel.FirstLevel_C' with ClassGeneratedBy '/Game/Maps/FirstLevel.FirstLevel:PersistentLevel.FirstLevel'
[2016.06.23-09.49.47:394][ 41]LogPlayLevel: PlayLevel: No blueprints needed recompiling
[2016.06.23-09.49.47:394][ 41]OCULUS: Debug: [HMDState] Using default profile default
[2016.06.23-09.49.47:394][ 41]OCULUS: Info: IAD changed to 64.0mm
[2016.06.23-09.49.47:394][ 41]LogHMD: New ovr session is created
[2016.06.23-09.49.47:394][ 41]LogHMD: HMD Oculus Rift CV1, res = 2160 x 1200
[2016.06.23-09.49.47:394][ 41]LogApp: UseVRFocus has changed to 1
[2016.06.23-09.49.47:394][ 41]LogApp: HasVRFocus has changed to 1
[2016.06.23-09.49.47:395][ 41]PIE: New page: PIE session: FirstLevel (24 Jun 2016 5:49:47 am)
[2016.06.23-09.49.47:395][ 41]LogPlayLevel: Creating play world package: /Game/Maps/UEDPIE_0_FirstLevel
[2016.06.23-09.49.47:398][ 41]LogPlayLevel: PIE: StaticDuplicateObject took: (0.002866s)
[2016.06.23-09.49.47:398][ 41]LogAIModule: Creating AISystem for world FirstLevel
[2016.06.23-09.49.47:398][ 41]LogPlayLevel: PIE: World Init took: (0.000436s)
[2016.06.23-09.49.47:398][ 41]LogPlayLevel: PIE: Created PIE world by copying editor world from /Game/Maps/FirstLevel.FirstLevel to /Game/Maps/UEDPIE_0_FirstLevel.FirstLevel (0.003454s)
[2016.06.23-09.49.47:418][ 41]LogInit: XAudio2 using 'Headphones (Rift Audio)' : 2 channels at 48 kHz using 16 bits per sample (channel mask 0x3)
[2016.06.23-09.49.47:423][ 41]LogInit: FAudioDevice initialized.
[2016.06.23-09.49.47:466][ 41]LogWorld: Game class is 'GameMode'
[2016.06.23-09.49.47:468][ 41]LogWorld: Bringing World /Game/Maps/UEDPIE_0_FirstLevel.FirstLevel up for play (max tick rate 0) at 2016.06.23-19.49.47
[2016.06.23-09.49.47:468][ 41]LogWorld: Bringing up level for play took: 0.001388
[2016.06.23-09.49.47:471][ 41]LogContentBrowser: Native class hierarchy updated for 'MovieSceneCapture' in 0.0003 seconds. Added 9 classes and 0 folders.
[2016.06.23-09.49.47:472][ 41]PIE: Info Play in editor start time for /Game/Maps/UEDPIE_0_FirstLevel 0.346
[2016.06.23-09.49.47:472][ 41]LogBlueprintUserMessages: Late PlayInEditor Detection: Level '/Game/Maps/FirstLevel.FirstLevel:PersistentLevel' has LevelScriptBlueprint '/Game/Maps/FirstLevel.FirstLevel:PersistentLevel.FirstLevel' with GeneratedClass '/Game/Maps/FirstLevel.FirstLevel_C' with ClassGeneratedBy '/Game/Maps/FirstLevel.FirstLevel:PersistentLevel.FirstLevel'
[2016.06.23-09.49.47:472][ 41]LogApp: UseVRFocus has changed to 0
[2016.06.23-09.49.47:472][ 41]LogApp: HasVRFocus has changed to 0
[2016.06.23-09.49.48:894][208]PIE:Warning: Warning SimpleMove failed for PlayerController_0: movement not allowed
[2016.06.23-09.49.49:181][243]PIE:Warning: Warning SimpleMove failed for PlayerController_0: movement not allowed
[2016.06.23-09.49.49:673][302]PIE:Warning: Warning SimpleMove failed for PlayerController_0: movement not allowed
[2016.06.23-09.49.49:864][325]PIE:Warning: Warning SimpleMove failed for PlayerController_0: movement not allowed
[2016.06.23-09.49.50:040][346]PIE:Warning: Warning SimpleMove failed for PlayerController_0: movement not allowed
[2016.06.23-09.49.50:223][368]PIE:Warning: Warning SimpleMove failed for PlayerController_0: movement not allowed
[2016.06.23-09.49.50:398][389]PIE:Warning: Warning SimpleMove failed for PlayerController_0: movement not allowed
[2016.06.23-09.49.50:556][408]PIE:Warning: Warning SimpleMove failed for PlayerController_0: movement not allowed
[2016.06.23-09.49.50:681][423]PIE:Warning: Warning SimpleMove failed for PlayerController_0: movement not allowed
[2016.06.23-09.49.52:281][615]LogBlueprintUserMessages: Early EndPlayMap Detection: Level '/Game/Maps/FirstLevel.FirstLevel:PersistentLevel' has LevelScriptBlueprint '/Game/Maps/FirstLevel.FirstLevel:PersistentLevel.FirstLevel' with GeneratedClass '/Game/Maps/FirstLevel.FirstLevel_C' with ClassGeneratedBy '/Game/Maps/FirstLevel.FirstLevel:PersistentLevel.FirstLevel'
[2016.06.23-09.49.52:282][615]LogHMD: Destroying ovr session
[2016.06.23-09.49.52:321][615]LogBlueprintUserMessages: Late EndPlayMap Detection: Level '/Game/Maps/FirstLevel.FirstLevel:PersistentLevel' has LevelScriptBlueprint '/Game/Maps/FirstLevel.FirstLevel:PersistentLevel.FirstLevel' with GeneratedClass '/Game/Maps/FirstLevel.FirstLevel_C' with ClassGeneratedBy '/Game/Maps/FirstLevel.FirstLevel:PersistentLevel.FirstLevel'
[2016.06.23-09.49.54:668][718]LogBlueprintUserMessages: Early PlayInEditor Detection: Level '/Game/Maps/FirstLevel.FirstLevel:PersistentLevel' has LevelScriptBlueprint '/Game/Maps/FirstLevel.FirstLevel:PersistentLevel.FirstLevel' with GeneratedClass '/Game/Maps/FirstLevel.FirstLevel_C' with ClassGeneratedBy '/Game/Maps/FirstLevel.FirstLevel:PersistentLevel.FirstLevel'
[2016.06.23-09.49.54:668][718]LogPlayLevel: PlayLevel: No blueprints needed recompiling
[2016.06.23-09.49.54:670][718]OCULUS: Debug: [HMDState] Using default profile default
[2016.06.23-09.49.54:670][718]OCULUS: Info: IAD changed to 64.0mm
[2016.06.23-09.49.54:670][718]LogHMD: New ovr session is created
[2016.06.23-09.49.54:687][718]LogHMD: HMD Oculus Rift CV1, res = 2160 x 1200
[2016.06.23-09.49.54:687][718]LogApp: UseVRFocus has changed to 1
[2016.06.23-09.49.54:687][718]LogApp: HasVRFocus has changed to 1
[2016.06.23-09.49.54:687][718]PIE: New page: PIE session: FirstLevel (24 Jun 2016 5:49:54 am)
[2016.06.23-09.49.54:687][718]LogPlayLevel: Creating play world package: /Game/Maps/UEDPIE_0_FirstLevel
[2016.06.23-09.49.54:690][718]LogPlayLevel: PIE: StaticDuplicateObject took: (0.002516s)
[2016.06.23-09.49.54:690][718]LogAIModule: Creating AISystem for world FirstLevel
[2016.06.23-09.49.54:690][718]LogPlayLevel: PIE: World Init took: (0.000531s)
[2016.06.23-09.49.54:690][718]LogPlayLevel: PIE: Created PIE world by copying editor world from /Game/Maps/FirstLevel.FirstLevel to /Game/Maps/UEDPIE_0_FirstLevel.FirstLevel (0.003179s)
[2016.06.23-09.49.54:709][718]LogInit: XAudio2 using 'Headphones (Rift Audio)' : 2 channels at 48 kHz using 16 bits per sample (channel mask 0x3)
[2016.06.23-09.49.54:714][718]LogInit: FAudioDevice initialized.
[2016.06.23-09.49.54:746][718]LogWorld: Game class is 'GameMode'
[2016.06.23-09.49.54:748][718]LogWorld: Bringing World /Game/Maps/UEDPIE_0_FirstLevel.FirstLevel up for play (max tick rate 0) at 2016.06.23-19.49.54
[2016.06.23-09.49.54:748][718]LogWorld: Bringing up level for play took: 0.001507
[2016.06.23-09.49.54:751][718]PIE: Info Play in editor start time for /Game/Maps/UEDPIE_0_FirstLevel -0.374
[2016.06.23-09.49.54:751][718]LogBlueprintUserMessages: Late PlayInEditor Detection: Level '/Game/Maps/FirstLevel.FirstLevel:PersistentLevel' has LevelScriptBlueprint '/Game/Maps/FirstLevel.FirstLevel:PersistentLevel.FirstLevel' with GeneratedClass '/Game/Maps/FirstLevel.FirstLevel_C' with ClassGeneratedBy '/Game/Maps/FirstLevel.FirstLevel:PersistentLevel.FirstLevel'
[2016.06.23-09.49.54:751][718]LogApp: UseVRFocus has changed to 0
[2016.06.23-09.49.54:751][718]LogApp: HasVRFocus has changed to 0
[2016.06.23-09.49.54:757][719]LogRenderer: Reallocating scene render targets to support 1280x720 (Frame:2669).
[2016.06.23-09.49.55:930][755]PIE:Warning: Warning SimpleMove failed for PlayerController_1: movement not allowed
[2016.06.23-09.49.56:412][770]PIE:Warning: Warning SimpleMove failed for PlayerController_1: movement not allowed
[2016.06.23-09.50.00:068][884]LogBlueprintUserMessages: Early EndPlayMap Detection: Level '/Game/Maps/FirstLevel.FirstLevel:PersistentLevel' has LevelScriptBlueprint '/Game/Maps/FirstLevel.FirstLevel:PersistentLevel.FirstLevel' with GeneratedClass '/Game/Maps/FirstLevel.FirstLevel_C' with ClassGeneratedBy '/Game/Maps/FirstLevel.FirstLevel:PersistentLevel.FirstLevel'
[2016.06.23-09.50.00:100][884]LogHMD: Destroying ovr session
[2016.06.23-09.50.00:147][884]LogBlueprintUserMessages: Late EndPlayMap Detection: Level '/Game/Maps/FirstLevel.FirstLevel:PersistentLevel' has LevelScriptBlueprint '/Game/Maps/FirstLevel.FirstLevel:PersistentLevel.FirstLevel' with GeneratedClass '/Game/Maps/FirstLevel.FirstLevel_C' with ClassGeneratedBy '/Game/Maps/FirstLevel.FirstLevel:PersistentLevel.FirstLevel'
[2016.06.23-09.50.25:864][450]BlueprintLog: New page: Compile Shield
[2016.06.23-09.50.25:921][450]BlueprintEditorCompileResults: Info [0190.00] Compile of Shield successful! [in 56 ms]
[2016.06.23-09.50.26:878][513]Cmd: OBJ SAVEPACKAGE PACKAGE="/Game/Shield" FILE="../../../../../../Admin/Documents/GitHub Repositories/Project_PlanetDefence/Project_PlanetDef/Content/Shield.uasset" SILENT=true
[2016.06.23-09.50.26:900][513]LogSavePackage: Save=20.63ms
[2016.06.23-09.50.26:900][513]LogSavePackage: Moving '../../../../../../Admin/Documents/GitHub Repositories/Project_PlanetDefence/Project_PlanetDef/Saved/ShieldC7F17B3244AE02A4B8103F9A87F049E2.tmp' to '../../../../../../Admin/Documents/GitHub Repositories/Project_PlanetDefence/Project_PlanetDef/Content/Shield.uasset'
[2016.06.23-09.50.26:901][513]LogSavePackage: Total save time: 22.65ms
[2016.06.23-09.50.26:901][513]LogSavePackage:Display: Finished SavePackage ../../../../../../Admin/Documents/GitHub Repositories/Project_PlanetDefence/Project_PlanetDef/Content/Shield.uasset
[2016.06.23-09.50.27:764][568]LogBlueprintUserMessages: Early PlayInEditor Detection: Level '/Game/Maps/FirstLevel.FirstLevel:PersistentLevel' has LevelScriptBlueprint '/Game/Maps/FirstLevel.FirstLevel:PersistentLevel.FirstLevel' with GeneratedClass '/Game/Maps/FirstLevel.FirstLevel_C' with ClassGeneratedBy '/Game/Maps/FirstLevel.FirstLevel:PersistentLevel.FirstLevel'
[2016.06.23-09.50.27:764][568]LogPlayLevel: PlayLevel: No blueprints needed recompiling
[2016.06.23-09.50.27:764][568]OCULUS: Debug: [HMDState] Using default profile default
[2016.06.23-09.50.27:764][568]OCULUS: Info: IAD changed to 64.0mm
[2016.06.23-09.50.27:764][568]LogHMD: New ovr session is created
[2016.06.23-09.50.27:764][568]LogHMD: HMD Oculus Rift CV1, res = 2160 x 1200
[2016.06.23-09.50.27:765][568]LogApp: UseVRFocus has changed to 1
[2016.06.23-09.50.27:765][568]LogApp: HasVRFocus has changed to 1
[2016.06.23-09.50.27:765][568]PIE: New page: PIE session: FirstLevel (24 Jun 2016 5:50:27 am)
[2016.06.23-09.50.27:765][568]LogPlayLevel: Creating play world package: /Game/Maps/UEDPIE_0_FirstLevel
[2016.06.23-09.50.27:768][568]LogPlayLevel: PIE: StaticDuplicateObject took: (0.002969s)
[2016.06.23-09.50.27:768][568]LogAIModule: Creating AISystem for world FirstLevel
[2016.06.23-09.50.27:768][568]LogPlayLevel: PIE: World Init took: (0.000502s)
[2016.06.23-09.50.27:768][568]LogPlayLevel: PIE: Created PIE world by copying editor world from /Game/Maps/FirstLevel.FirstLevel to /Game/Maps/UEDPIE_0_FirstLevel.FirstLevel (0.003633s)
[2016.06.23-09.50.27:788][568]LogInit: XAudio2 using 'Headphones (Rift Audio)' : 2 channels at 48 kHz using 16 bits per sample (channel mask 0x3)
[2016.06.23-09.50.27:793][568]LogInit: FAudioDevice initialized.
[2016.06.23-09.50.27:826][568]LogWorld: Game class is 'GameMode'
[2016.06.23-09.50.27:827][568]LogWorld: Bringing World /Game/Maps/UEDPIE_0_FirstLevel.FirstLevel up for play (max tick rate 0) at 2016.06.23-19.50.27
[2016.06.23-09.50.27:828][568]LogWorld: Bringing up level for play took: 0.001406
[2016.06.23-09.50.27:831][568]PIE: Info Play in editor start time for /Game/Maps/UEDPIE_0_FirstLevel 0.706
[2016.06.23-09.50.27:831][568]LogBlueprintUserMessages: Late PlayInEditor Detection: Level '/Game/Maps/FirstLevel.FirstLevel:PersistentLevel' has LevelScriptBlueprint '/Game/Maps/FirstLevel.FirstLevel:PersistentLevel.FirstLevel' with GeneratedClass '/Game/Maps/FirstLevel.FirstLevel_C' with ClassGeneratedBy '/Game/Maps/FirstLevel.FirstLevel:PersistentLevel.FirstLevel'
[2016.06.23-09.50.27:831][568]LogApp: UseVRFocus has changed to 0
[2016.06.23-09.50.27:831][568]LogApp: HasVRFocus has changed to 0
[2016.06.23-09.50.29:566][646]PIE:Warning: Warning SimpleMove failed for PlayerController_2: movement not allowed
[2016.06.23-09.50.29:852][659]PIE:Warning: Warning SimpleMove failed for PlayerController_2: movement not allowed
[2016.06.23-09.50.30:073][669]PIE:Warning: Warning SimpleMove failed for PlayerController_2: movement not allowed
[2016.06.23-09.50.30:250][677]PIE:Warning: Warning SimpleMove failed for PlayerController_2: movement not allowed
[2016.06.23-09.50.30:361][682]PIE:Warning: Warning SimpleMove failed for PlayerController_2: movement not allowed
[2016.06.23-09.50.31:577][737]PIE:Warning: Warning SimpleMove failed for PlayerController_2: movement not allowed
[2016.06.23-09.50.31:844][749]PIE:Warning: Warning SimpleMove failed for PlayerController_2: movement not allowed
[2016.06.23-09.50.32:064][759]PIE:Warning: Warning SimpleMove failed for PlayerController_2: movement not allowed
[2016.06.23-09.50.32:307][770]PIE:Warning: Warning SimpleMove failed for PlayerController_2: movement not allowed
[2016.06.23-09.50.32:551][781]PIE:Warning: Warning SimpleMove failed for PlayerController_2: movement not allowed
[2016.06.23-09.50.33:479][823]PIE:Warning: Warning SimpleMove failed for PlayerController_2: movement not allowed
[2016.06.23-09.50.33:657][831]PIE:Warning: Warning SimpleMove failed for PlayerController_2: movement not allowed
[2016.06.23-09.50.33:834][839]PIE:Warning: Warning SimpleMove failed for PlayerController_2: movement not allowed
[2016.06.23-09.50.33:992][846]PIE:Warning: Warning SimpleMove failed for PlayerController_2: movement not allowed
[2016.06.23-09.50.34:145][853]PIE:Warning: Warning SimpleMove failed for PlayerController_2: movement not allowed
[2016.06.23-09.50.34:476][868]PIE:Warning: Warning SimpleMove failed for PlayerController_2: movement not allowed
[2016.06.23-09.50.34:652][876]PIE:Warning: Warning SimpleMove failed for PlayerController_2: movement not allowed
[2016.06.23-09.50.34:807][883]PIE:Warning: Warning SimpleMove failed for PlayerController_2: movement not allowed
[2016.06.23-09.50.35:027][893]PIE:Warning: Warning SimpleMove failed for PlayerController_2: movement not allowed
[2016.06.23-09.50.35:204][901]PIE:Warning: Warning SimpleMove failed for PlayerController_2: movement not allowed
[2016.06.23-09.50.35:400][910]PIE:Warning: Warning SimpleMove failed for PlayerController_2: movement not allowed
[2016.06.23-09.50.35:952][935]PIE:Warning: Warning SimpleMove failed for PlayerController_2: movement not allowed
[2016.06.23-09.50.36:130][943]PIE:Warning: Warning SimpleMove failed for PlayerController_2: movement not allowed
[2016.06.23-09.50.36:286][950]PIE:Warning: Warning SimpleMove failed for PlayerController_2: movement not allowed
[2016.06.23-09.50.37:931][ 24]LogBlueprintUserMessages: Early EndPlayMap Detection: Level '/Game/Maps/FirstLevel.FirstLevel:PersistentLevel' has LevelScriptBlueprint '/Game/Maps/FirstLevel.FirstLevel:PersistentLevel.FirstLevel' with GeneratedClass '/Game/Maps/FirstLevel.FirstLevel_C' with ClassGeneratedBy '/Game/Maps/FirstLevel.FirstLevel:PersistentLevel.FirstLevel'
[2016.06.23-09.50.37:953][ 24]LogHMD: Destroying ovr session
[2016.06.23-09.50.38:011][ 24]LogBlueprintUserMessages: Late EndPlayMap Detection: Level '/Game/Maps/FirstLevel.FirstLevel:PersistentLevel' has LevelScriptBlueprint '/Game/Maps/FirstLevel.FirstLevel:PersistentLevel.FirstLevel' with GeneratedClass '/Game/Maps/FirstLevel.FirstLevel_C' with ClassGeneratedBy '/Game/Maps/FirstLevel.FirstLevel:PersistentLevel.FirstLevel'
[2016.06.23-09.55.25:024][767]BlueprintLog: New page: Compile Shield
[2016.06.23-09.55.25:084][767]BlueprintEditorCompileResults: Info [0489.16] Compile of Shield successful! [in 59 ms]
[2016.06.23-09.55.28:704][ 73]BlueprintLog: New page: Compile Shield
[2016.06.23-09.55.28:760][ 73]BlueprintEditorCompileResults: Info [0492.84] Compile of Shield successful! [in 56 ms]
[2016.06.23-09.55.29:289][106]Cmd: OBJ SAVEPACKAGE PACKAGE="/Game/Shield" FILE="../../../../../../Admin/Documents/GitHub Repositories/Project_PlanetDefence/Project_PlanetDef/Content/Shield.uasset" SILENT=true
[2016.06.23-09.55.29:322][106]LogSavePackage: Save=28.04ms
[2016.06.23-09.55.29:322][106]LogSavePackage: Moving '../../../../../../Admin/Documents/GitHub Repositories/Project_PlanetDefence/Project_PlanetDef/Saved/Shield5833CE0F45F1AE8C8E13BABB2EFBA997.tmp' to '../../../../../../Admin/Documents/GitHub Repositories/Project_PlanetDefence/Project_PlanetDef/Content/Shield.uasset'
[2016.06.23-09.55.29:324][106]LogSavePackage: Total save time: 33.58ms
[2016.06.23-09.55.29:324][106]LogSavePackage:Display: Finished SavePackage ../../../../../../Admin/Documents/GitHub Repositories/Project_PlanetDefence/Project_PlanetDef/Content/Shield.uasset
[2016.06.23-09.55.30:424][189]LogBlueprintUserMessages: Early PlayInEditor Detection: Level '/Game/Maps/FirstLevel.FirstLevel:PersistentLevel' has LevelScriptBlueprint '/Game/Maps/FirstLevel.FirstLevel:PersistentLevel.FirstLevel' with GeneratedClass '/Game/Maps/FirstLevel.FirstLevel_C' with ClassGeneratedBy '/Game/Maps/FirstLevel.FirstLevel:PersistentLevel.FirstLevel'
[2016.06.23-09.55.30:424][189]LogPlayLevel: PlayLevel: No blueprints needed recompiling
[2016.06.23-09.55.30:424][189]OCULUS: Debug: [HMDState] Using default profile default
[2016.06.23-09.55.30:424][189]OCULUS: Info: IAD changed to 64.0mm
[2016.06.23-09.55.30:424][189]LogHMD: New ovr session is created
[2016.06.23-09.55.30:424][189]LogHMD: HMD Oculus Rift CV1, res = 2160 x 1200
[2016.06.23-09.55.30:424][189]LogApp: UseVRFocus has changed to 1
[2016.06.23-09.55.30:424][189]LogApp: HasVRFocus has changed to 1
[2016.06.23-09.55.30:425][189]PIE: New page: PIE session: FirstLevel (24 Jun 2016 5:55:30 am)
[2016.06.23-09.55.30:425][189]LogPlayLevel: Creating play world package: /Game/Maps/UEDPIE_0_FirstLevel
[2016.06.23-09.55.30:428][189]LogPlayLevel: PIE: StaticDuplicateObject took: (0.003303s)
[2016.06.23-09.55.30:428][189]LogAIModule: Creating AISystem for world FirstLevel
[2016.06.23-09.55.30:429][189]LogPlayLevel: PIE: World Init took: (0.000609s)
[2016.06.23-09.55.30:429][189]LogPlayLevel: PIE: Created PIE world by copying editor world from /Game/Maps/FirstLevel.FirstLevel to /Game/Maps/UEDPIE_0_FirstLevel.FirstLevel (0.004081s)
[2016.06.23-09.55.30:449][189]LogInit: XAudio2 using 'Headphones (Rift Audio)' : 2 channels at 48 kHz using 16 bits per sample (channel mask 0x3)
[2016.06.23-09.55.30:454][189]LogInit: FAudioDevice initialized.
[2016.06.23-09.55.30:485][189]LogWorld: Game class is 'GameMode'
[2016.06.23-09.55.30:486][189]LogWorld: Bringing World /Game/Maps/UEDPIE_0_FirstLevel.FirstLevel up for play (max tick rate 0) at 2016.06.23-19.55.30
[2016.06.23-09.55.30:487][189]LogWorld: Bringing up level for play took: 0.001469
[2016.06.23-09.55.30:490][189]PIE: Info Play in editor start time for /Game/Maps/UEDPIE_0_FirstLevel -0.635
[2016.06.23-09.55.30:490][189]LogBlueprintUserMessages: Late PlayInEditor Detection: Level '/Game/Maps/FirstLevel.FirstLevel:PersistentLevel' has LevelScriptBlueprint '/Game/Maps/FirstLevel.FirstLevel:PersistentLevel.FirstLevel' with GeneratedClass '/Game/Maps/FirstLevel.FirstLevel_C' with ClassGeneratedBy '/Game/Maps/FirstLevel.FirstLevel:PersistentLevel.FirstLevel'
[2016.06.23-09.55.30:490][189]LogApp: UseVRFocus has changed to 0
[2016.06.23-09.55.30:490][189]LogApp: HasVRFocus has changed to 0
[2016.06.23-09.55.35:872][437]LogBlueprintUserMessages: Early EndPlayMap Detection: Level '/Game/Maps/FirstLevel.FirstLevel:PersistentLevel' has LevelScriptBlueprint '/Game/Maps/FirstLevel.FirstLevel:PersistentLevel.FirstLevel' with GeneratedClass '/Game/Maps/FirstLevel.FirstLevel_C' with ClassGeneratedBy '/Game/Maps/FirstLevel.FirstLevel:PersistentLevel.FirstLevel'
[2016.06.23-09.55.35:892][437]LogHMD: Destroying ovr session
[2016.06.23-09.55.35:939][437]LogBlueprintUserMessages: Late EndPlayMap Detection: Level '/Game/Maps/FirstLevel.FirstLevel:PersistentLevel' has LevelScriptBlueprint '/Game/Maps/FirstLevel.FirstLevel:PersistentLevel.FirstLevel' with GeneratedClass '/Game/Maps/FirstLevel.FirstLevel_C' with ClassGeneratedBy '/Game/Maps/FirstLevel.FirstLevel:PersistentLevel.FirstLevel'
[2016.06.23-09.56.00:072][417]BlueprintLog: New page: Compile Shield
[2016.06.23-09.56.00:129][417]BlueprintEditorCompileResults: Info [0524.20] Compile of Shield successful! [in 56 ms]
[2016.06.23-09.56.00:790][468]Cmd: OBJ SAVEPACKAGE PACKAGE="/Game/Shield" FILE="../../../../../../Admin/Documents/GitHub Repositories/Project_PlanetDefence/Project_PlanetDef/Content/Shield.uasset" SILENT=true
[2016.06.23-09.56.00:818][468]LogSavePackage: Save=26.73ms
[2016.06.23-09.56.00:818][468]LogSavePackage: Moving '../../../../../../Admin/Documents/GitHub Repositories/Project_PlanetDefence/Project_PlanetDef/Saved/Shield82C09D05449BE12A802942A9B4684712.tmp' to '../../../../../../Admin/Documents/GitHub Repositories/Project_PlanetDefence/Project_PlanetDef/Content/Shield.uasset'
[2016.06.23-09.56.00:819][468]LogSavePackage: Total save time: 28.93ms
[2016.06.23-09.56.00:819][468]LogSavePackage:Display: Finished SavePackage ../../../../../../Admin/Documents/GitHub Repositories/Project_PlanetDefence/Project_PlanetDef/Content/Shield.uasset
[2016.06.23-09.56.01:912][547]LogBlueprintUserMessages: Early PlayInEditor Detection: Level '/Game/Maps/FirstLevel.FirstLevel:PersistentLevel' has LevelScriptBlueprint '/Game/Maps/FirstLevel.FirstLevel:PersistentLevel.FirstLevel' with GeneratedClass '/Game/Maps/FirstLevel.FirstLevel_C' with ClassGeneratedBy '/Game/Maps/FirstLevel.FirstLevel:PersistentLevel.FirstLevel'
[2016.06.23-09.56.01:912][547]LogPlayLevel: PlayLevel: No blueprints needed recompiling
[2016.06.23-09.56.01:912][547]OCULUS: Debug: [HMDState] Using default profile default
[2016.06.23-09.56.01:912][547]OCULUS: Info: IAD changed to 64.0mm
[2016.06.23-09.56.01:912][547]LogHMD: New ovr session is created
[2016.06.23-09.56.01:913][547]LogHMD: HMD Oculus Rift CV1, res = 2160 x 1200
[2016.06.23-09.56.01:913][547]LogApp: UseVRFocus has changed to 1
[2016.06.23-09.56.01:913][547]LogApp: HasVRFocus has changed to 1
[2016.06.23-09.56.01:913][547]PIE: New page: PIE session: FirstLevel (24 Jun 2016 5:56:01 am)
[2016.06.23-09.56.01:913][547]LogPlayLevel: Creating play world package: /Game/Maps/UEDPIE_0_FirstLevel
[2016.06.23-09.56.01:916][547]LogPlayLevel: PIE: StaticDuplicateObject took: (0.002828s)
[2016.06.23-09.56.01:916][547]LogAIModule: Creating AISystem for world FirstLevel
[2016.06.23-09.56.01:916][547]LogPlayLevel: PIE: World Init took: (0.000450s)
[2016.06.23-09.56.01:916][547]LogPlayLevel: PIE: Created PIE world by copying editor world from /Game/Maps/FirstLevel.FirstLevel to /Game/Maps/UEDPIE_0_FirstLevel.FirstLevel (0.003444s)
[2016.06.23-09.56.01:936][547]LogInit: XAudio2 using 'Headphones (Rift Audio)' : 2 channels at 48 kHz using 16 bits per sample (channel mask 0x3)
[2016.06.23-09.56.01:941][547]LogInit: FAudioDevice initialized.
[2016.06.23-09.56.01:974][547]LogWorld: Game class is 'GameMode'
[2016.06.23-09.56.01:976][547]LogWorld: Bringing World /Game/Maps/UEDPIE_0_FirstLevel.FirstLevel up for play (max tick rate 0) at 2016.06.23-19.56.01
[2016.06.23-09.56.01:976][547]LogWorld: Bringing up level for play took: 0.001940
[2016.06.23-09.56.01:980][547]PIE: Info Play in editor start time for /Game/Maps/UEDPIE_0_FirstLevel 0.855
[2016.06.23-09.56.01:980][547]LogBlueprintUserMessages: Late PlayInEditor Detection: Level '/Game/Maps/FirstLevel.FirstLevel:PersistentLevel' has LevelScriptBlueprint '/Game/Maps/FirstLevel.FirstLevel:PersistentLevel.FirstLevel' with GeneratedClass '/Game/Maps/FirstLevel.FirstLevel_C' with ClassGeneratedBy '/Game/Maps/FirstLevel.FirstLevel:PersistentLevel.FirstLevel'
[2016.06.23-09.56.01:980][547]LogApp: UseVRFocus has changed to 0
[2016.06.23-09.56.01:980][547]LogApp: HasVRFocus has changed to 0
[2016.06.23-09.56.06:160][738]LogBlueprintUserMessages: Early EndPlayMap Detection: Level '/Game/Maps/FirstLevel.FirstLevel:PersistentLevel' has LevelScriptBlueprint '/Game/Maps/FirstLevel.FirstLevel:PersistentLevel.FirstLevel' with GeneratedClass '/Game/Maps/FirstLevel.FirstLevel_C' with ClassGeneratedBy '/Game/Maps/FirstLevel.FirstLevel:PersistentLevel.FirstLevel'
[2016.06.23-09.56.06:180][738]LogHMD: Destroying ovr session
[2016.06.23-09.56.06:237][738]LogBlueprintUserMessages: Late EndPlayMap Detection: Level '/Game/Maps/FirstLevel.FirstLevel:PersistentLevel' has LevelScriptBlueprint '/Game/Maps/FirstLevel.FirstLevel:PersistentLevel.FirstLevel' with GeneratedClass '/Game/Maps/FirstLevel.FirstLevel_C' with ClassGeneratedBy '/Game/Maps/FirstLevel.FirstLevel:PersistentLevel.FirstLevel'
[2016.06.23-09.56.13:580][509]LogBlueprintUserMessages: Early PlayInEditor Detection: Level '/Game/Maps/FirstLevel.FirstLevel:PersistentLevel' has LevelScriptBlueprint '/Game/Maps/FirstLevel.FirstLevel:PersistentLevel.FirstLevel' with GeneratedClass '/Game/Maps/FirstLevel.FirstLevel_C' with ClassGeneratedBy '/Game/Maps/FirstLevel.FirstLevel:PersistentLevel.FirstLevel'
[2016.06.23-09.56.13:580][509]LogPlayLevel: PlayLevel: No blueprints needed recompiling
[2016.06.23-09.56.13:580][509]OCULUS: Debug: [HMDState] Using default profile default
[2016.06.23-09.56.13:580][509]OCULUS: Info: IAD changed to 64.0mm
[2016.06.23-09.56.13:580][509]LogHMD: New ovr session is created
[2016.06.23-09.56.13:580][509]LogHMD: HMD Oculus Rift CV1, res = 2160 x 1200
[2016.06.23-09.56.13:580][509]LogApp: UseVRFocus has changed to 1
[2016.06.23-09.56.13:580][509]LogApp: HasVRFocus has changed to 1
[2016.06.23-09.56.13:580][509]PIE: New page: PIE session: FirstLevel (24 Jun 2016 5:56:13 am)
[2016.06.23-09.56.13:580][509]LogPlayLevel: Creating play world package: /Game/Maps/UEDPIE_0_FirstLevel
[2016.06.23-09.56.13:583][509]LogPlayLevel: PIE: StaticDuplicateObject took: (0.002880s)
[2016.06.23-09.56.13:584][509]LogAIModule: Creating AISystem for world FirstLevel
[2016.06.23-09.56.13:584][509]LogPlayLevel: PIE: World Init took: (0.000555s)
[2016.06.23-09.56.13:584][509]LogPlayLevel: PIE: Created PIE world by copying editor world from /Game/Maps/FirstLevel.FirstLevel to /Game/Maps/UEDPIE_0_FirstLevel.FirstLevel (0.003584s)
[2016.06.23-09.56.13:604][509]LogInit: XAudio2 using 'Headphones (Rift Audio)' : 2 channels at 48 kHz using 16 bits per sample (channel mask 0x3)
[2016.06.23-09.56.13:609][509]LogInit: FAudioDevice initialized.
[2016.06.23-09.56.13:640][509]LogWorld: Game class is 'GameMode'
[2016.06.23-09.56.13:642][509]LogWorld: Bringing World /Game/Maps/UEDPIE_0_FirstLevel.FirstLevel up for play (max tick rate 0) at 2016.06.23-19.56.13
[2016.06.23-09.56.13:642][509]LogWorld: Bringing up level for play took: 0.001684
[2016.06.23-09.56.13:645][509]PIE: Info Play in editor start time for /Game/Maps/UEDPIE_0_FirstLevel 0.521
[2016.06.23-09.56.13:646][509]LogBlueprintUserMessages: Late PlayInEditor Detection: Level '/Game/Maps/FirstLevel.FirstLevel:PersistentLevel' has LevelScriptBlueprint '/Game/Maps/FirstLevel.FirstLevel:PersistentLevel.FirstLevel' with GeneratedClass '/Game/Maps/FirstLevel.FirstLevel_C' with ClassGeneratedBy '/Game/Maps/FirstLevel.FirstLevel:PersistentLevel.FirstLevel'
[2016.06.23-09.56.13:646][509]LogApp: UseVRFocus has changed to 0
[2016.06.23-09.56.13:646][509]LogApp: HasVRFocus has changed to 0
[2016.06.23-09.56.21:100][854]LogBlueprintUserMessages: Early EndPlayMap Detection: Level '/Game/Maps/FirstLevel.FirstLevel:PersistentLevel' has LevelScriptBlueprint '/Game/Maps/FirstLevel.FirstLevel:PersistentLevel.FirstLevel' with GeneratedClass '/Game/Maps/FirstLevel.FirstLevel_C' with ClassGeneratedBy '/Game/Maps/FirstLevel.FirstLevel:PersistentLevel.FirstLevel'
[2016.06.23-09.56.21:121][854]LogHMD: Destroying ovr session
[2016.06.23-09.56.21:171][854]LogBlueprintUserMessages: Late EndPlayMap Detection: Level '/Game/Maps/FirstLevel.FirstLevel:PersistentLevel' has LevelScriptBlueprint '/Game/Maps/FirstLevel.FirstLevel:PersistentLevel.FirstLevel' with GeneratedClass '/Game/Maps/FirstLevel.FirstLevel_C' with ClassGeneratedBy '/Game/Maps/FirstLevel.FirstLevel:PersistentLevel.FirstLevel'
[2016.06.23-09.57.52:856][383]LogBlueprint:Warning: Reparenting blueprint Blueprint /Game/Shield.Shield from Pawn to Actor...
[2016.06.23-09.57.52:863][383]BlueprintLog: New page: Compile Shield
[2016.06.23-09.57.52:991][383]BlueprintEditorCompileResults: Info [0637.07] Compile of Shield successful! [in 128 ms]
[2016.06.23-09.57.57:236][573]BlueprintLog: New page: Compile Shield
[2016.06.23-09.57.57:298][573]BlueprintEditorCompileResults: Info [0641.37] Compile of Shield successful! [in 61 ms]
[2016.06.23-09.57.58:058][597]Cmd: OBJ SAVEPACKAGE PACKAGE="/Game/Shield" FILE="../../../../../../Admin/Documents/GitHub Repositories/Project_PlanetDefence/Project_PlanetDef/Content/Shield.uasset" SILENT=true
[2016.06.23-09.57.58:087][597]LogSavePackage: Save=26.81ms
[2016.06.23-09.57.58:087][597]LogSavePackage: Moving '../../../../../../Admin/Documents/GitHub Repositories/Project_PlanetDefence/Project_PlanetDef/Saved/Shield3F949662415D9E090E25B38076CBC6E2.tmp' to '../../../../../../Admin/Documents/GitHub Repositories/Project_PlanetDefence/Project_PlanetDef/Content/Shield.uasset'
[2016.06.23-09.57.58:088][597]LogSavePackage: Total save time: 29.23ms
[2016.06.23-09.57.58:088][597]LogSavePackage:Display: Finished SavePackage ../../../../../../Admin/Documents/GitHub Repositories/Project_PlanetDefence/Project_PlanetDef/Content/Shield.uasset
[2016.06.23-09.57.58:778][622]LogBlueprintUserMessages: Early PlayInEditor Detection: Level '/Game/Maps/FirstLevel.FirstLevel:PersistentLevel' has LevelScriptBlueprint '/Game/Maps/FirstLevel.FirstLevel:PersistentLevel.FirstLevel' with GeneratedClass '/Game/Maps/FirstLevel.FirstLevel_C' with ClassGeneratedBy '/Game/Maps/FirstLevel.FirstLevel:PersistentLevel.FirstLevel'
[2016.06.23-09.57.58:778][622]LogPlayLevel: PlayLevel: No blueprints needed recompiling
[2016.06.23-09.57.58:779][622]OCULUS: Debug: [HMDState] Using default profile default
[2016.06.23-09.57.58:779][622]OCULUS: Info: IAD changed to 64.0mm
[2016.06.23-09.57.58:779][622]LogHMD: New ovr session is created
[2016.06.23-09.57.58:794][622]LogHMD: HMD Oculus Rift CV1, res = 2160 x 1200
[2016.06.23-09.57.58:794][622]LogApp: UseVRFocus has changed to 1
[2016.06.23-09.57.58:794][622]LogApp: HasVRFocus has changed to 1
[2016.06.23-09.57.58:794][622]PIE: New page: PIE session: FirstLevel (24 Jun 2016 5:57:58 am)
[2016.06.23-09.57.58:794][622]LogPlayLevel: Creating play world package: /Game/Maps/UEDPIE_0_FirstLevel
[2016.06.23-09.57.58:797][622]LogPlayLevel: PIE: StaticDuplicateObject took: (0.002953s)
[2016.06.23-09.57.58:797][622]LogAIModule: Creating AISystem for world FirstLevel
[2016.06.23-09.57.58:798][622]LogPlayLevel: PIE: World Init took: (0.000425s)
[2016.06.23-09.57.58:798][622]LogPlayLevel: PIE: Created PIE world by copying editor world from /Game/Maps/FirstLevel.FirstLevel to /Game/Maps/UEDPIE_0_FirstLevel.FirstLevel (0.003539s)
[2016.06.23-09.57.58:817][622]LogInit: XAudio2 using 'Headphones (Rift Audio)' : 2 channels at 48 kHz using 16 bits per sample (channel mask 0x3)
[2016.06.23-09.57.58:822][622]LogInit: FAudioDevice initialized.
[2016.06.23-09.57.58:855][622]LogWorld: Game class is 'GameMode'
[2016.06.23-09.57.58:857][622]LogWorld: Bringing World /Game/Maps/UEDPIE_0_FirstLevel.FirstLevel up for play (max tick rate 0) at 2016.06.23-19.57.58
[2016.06.23-09.57.58:857][622]LogWorld: Bringing up level for play took: 0.001437
[2016.06.23-09.57.58:862][622]PIE: Info Play in editor start time for /Game/Maps/UEDPIE_0_FirstLevel -0.263
[2016.06.23-09.57.58:862][622]LogBlueprintUserMessages: Late PlayInEditor Detection: Level '/Game/Maps/FirstLevel.FirstLevel:PersistentLevel' has LevelScriptBlueprint '/Game/Maps/FirstLevel.FirstLevel:PersistentLevel.FirstLevel' with GeneratedClass '/Game/Maps/FirstLevel.FirstLevel_C' with ClassGeneratedBy '/Game/Maps/FirstLevel.FirstLevel:PersistentLevel.FirstLevel'
[2016.06.23-09.57.58:862][622]LogApp: UseVRFocus has changed to 0
[2016.06.23-09.57.58:862][622]LogApp: HasVRFocus has changed to 0
[2016.06.23-09.58.02:053][720]LogBlueprintUserMessages: Early EndPlayMap Detection: Level '/Game/Maps/FirstLevel.FirstLevel:PersistentLevel' has LevelScriptBlueprint '/Game/Maps/FirstLevel.FirstLevel:PersistentLevel.FirstLevel' with GeneratedClass '/Game/Maps/FirstLevel.FirstLevel_C' with ClassGeneratedBy '/Game/Maps/FirstLevel.FirstLevel:PersistentLevel.FirstLevel'
[2016.06.23-09.58.02:085][720]LogHMD: Destroying ovr session
[2016.06.23-09.58.02:145][720]LogBlueprintUserMessages: Late EndPlayMap Detection: Level '/Game/Maps/FirstLevel.FirstLevel:PersistentLevel' has LevelScriptBlueprint '/Game/Maps/FirstLevel.FirstLevel:PersistentLevel.FirstLevel' with GeneratedClass '/Game/Maps/FirstLevel.FirstLevel_C' with ClassGeneratedBy '/Game/Maps/FirstLevel.FirstLevel:PersistentLevel.FirstLevel'
[2016.06.23-10.00.26:879][492]LogSavePackage: Save=67.78ms
[2016.06.23-10.00.26:880][492]LogSavePackage: Moving '../../../../../../Admin/Documents/GitHub Repositories/Project_PlanetDefence/Project_PlanetDef/Saved/FirstLevel_Auto1073459284F678260ECAA84978E6804CB.tmp' to '../../../../../../Admin/Documents/GitHub Repositories/Project_PlanetDefence/Project_PlanetDef/Saved/Autosaves/Game/Maps/FirstLevel_Auto1.umap'
[2016.06.23-10.00.26:880][492]LogSavePackage: Total save time: 86.79ms
[2016.06.23-10.00.26:880][492]LogSavePackage:Display: Finished SavePackage ../../../../../../Admin/Documents/GitHub Repositories/Project_PlanetDefence/Project_PlanetDef/Saved/Autosaves/Game/Maps/FirstLevel_Auto1.umap
[2016.06.23-10.00.26:883][492]LogFileHelpers: Editor autosave (incl. sublevels) for '/Game/Maps/FirstLevel' took 0.108
[2016.06.23-10.00.26:883][492]LogFileHelpers: Editor autosave (incl. sublevels) for all levels took 0.108
[2016.06.23-10.02.37:828][303]LogWindows: LaunchFileInExternalEditor D:/Program Files (x86)/Epic Games/4.11/Engine/Source/Runtime/Engine/Classes/GameFramework/Pawn.h 
[2016.06.23-10.02.37:932][303]LogWindows: Launch application code for D:/Program Files (x86)/Epic Games/4.11/Engine/Source/Runtime/Engine/Classes/GameFramework/Pawn.h : 42
[2016.06.23-10.02.37:932][303]LogVSAccessor:Warning: Couldn't access Visual Studio
[2016.06.23-10.02.37:935][303]LogVSAccessor:Warning: Couldn't access module table
[2016.06.23-10.02.37:935][303]LogVSAccessor:Warning: Couldn't access module table
[2016.06.23-10.02.37:935][303]LogVSAccessor:Warning: Couldn't access module table
[2016.06.23-10.02.37:935][303]LogVSAccessor:Warning: Couldn't access module table
[2016.06.23-10.02.37:935][303]LogVSAccessor:Warning: Couldn't access module table
[2016.06.23-10.02.37:935][303]LogVSAccessor:Warning: Couldn't access module table
[2016.06.23-10.02.37:935][303]LogVSAccessor:Warning: Couldn't access module table
[2016.06.23-10.02.37:935][303]LogVSAccessor:Warning: Couldn't access module table
[2016.06.23-10.02.37:935][303]LogVSAccessor:Warning: Couldn't access module table
[2016.06.23-10.02.37:935][303]LogVSAccessor:Warning: Couldn't access module table
[2016.06.23-10.02.37:935][303]LogVSAccessor:Warning: Couldn't access module table
[2016.06.23-10.02.37:935][303]LogVSAccessor:Warning: Couldn't access module table
[2016.06.23-10.02.37:935][303]LogVSAccessor:Warning: Couldn't access module table
[2016.06.23-10.02.37:935][303]LogVSAccessor:Warning: Couldn't access module table
[2016.06.23-10.02.37:935][303]LogVSAccessor:Warning: Couldn't access module table
[2016.06.23-10.02.37:935][303]LogVSAccessor:Warning: Couldn't access module table
[2016.06.23-10.02.37:935][303]LogVSAccessor:Warning: Couldn't access module table
[2016.06.23-10.02.37:935][303]LogVSAccessor:Warning: Couldn't access module table
[2016.06.23-10.02.37:935][303]LogVSAccessor:Warning: Couldn't access module table
[2016.06.23-10.02.37:935][303]LogVSAccessor:Warning: Couldn't access module table
[2016.06.23-10.02.37:935][303]LogVSAccessor:Warning: Couldn't access module table
[2016.06.23-10.02.37:935][303]LogVSAccessor:Warning: Couldn't access module table
[2016.06.23-10.02.37:935][303]LogVSAccessor:Warning: Couldn't access module table
[2016.06.23-10.02.37:935][303]LogVSAccessor:Warning: Couldn't access module table
[2016.06.23-10.02.37:936][303]LogVSAccessor:Warning: Couldn't access module table
[2016.06.23-10.02.37:937][303]LogVSAccessor:Warning: Couldn't access module table
[2016.06.23-10.02.37:937][303]LogVSAccessor:Warning: Couldn't access module table
[2016.06.23-10.02.37:937][303]LogVSAccessor:Warning: Couldn't access module table
[2016.06.23-10.02.37:937][303]LogVSAccessor:Warning: Couldn't access module table
[2016.06.23-10.02.37:937][303]LogVSAccessor:Warning: Couldn't access module table
[2016.06.23-10.02.37:937][303]LogVSAccessor:Warning: Couldn't access module table
[2016.06.23-10.02.37:937][303]LogVSAccessor:Warning: Couldn't access module table
[2016.06.23-10.02.37:937][303]LogVSAccessor:Warning: Couldn't access module table
[2016.06.23-10.02.37:937][303]LogVSAccessor:Warning: Couldn't access module table
[2016.06.23-10.02.37:937][303]LogVSAccessor:Warning: Couldn't access module table
[2016.06.23-10.02.37:937][303]LogVSAccessor:Warning: Couldn't access module table
[2016.06.23-10.02.37:937][303]LogVSAccessor:Warning: Couldn't access module table
[2016.06.23-10.02.37:937][303]LogVSAccessor:Warning: Couldn't access module table
[2016.06.23-10.02.37:937][303]LogVSAccessor:Warning: Couldn't access module table
[2016.06.23-10.02.37:937][303]LogVSAccessor:Warning: Couldn't access module table
[2016.06.23-10.02.37:937][303]LogVSAccessor:Warning: Couldn't access module table
[2016.06.23-10.02.37:937][303]LogVSAccessor:Warning: Couldn't access module table
[2016.06.23-10.02.37:937][303]LogVSAccessor:Warning: Couldn't access module table
[2016.06.23-10.02.37:937][303]LogVSAccessor:Warning: Couldn't access module table
[2016.06.23-10.02.37:946][303]LogVSAccessor:Warning: Couldn't access module table
[2016.06.23-10.02.37:946][303]LogVSAccessor:Warning: Couldn't access module table
[2016.06.23-10.02.37:946][303]LogVSAccessor:Warning: Couldn't access module table
[2016.06.23-10.02.37:946][303]LogVSAccessor:Warning: Couldn't access module table
[2016.06.23-10.02.37:946][303]LogVSAccessor:Warning: Couldn't access module table
[2016.06.23-10.02.37:946][303]LogVSAccessor:Warning: Couldn't access module table
[2016.06.23-10.02.37:946][303]LogVSAccessor:Warning: Couldn't access module table
[2016.06.23-10.02.37:950][303]LogVSAccessor:Warning: Couldn't access module table
[2016.06.23-10.02.37:950][303]LogVSAccessor:Warning: Couldn't access module table
[2016.06.23-10.02.37:951][303]LogVSAccessor:Warning: Couldn't access module table
[2016.06.23-10.02.37:953][303]LogVSAccessor:Warning: Couldn't access module table
[2016.06.23-10.02.37:955][303]LogVSAccessor:Warning: Couldn't access module table
[2016.06.23-10.02.37:955][303]LogVSAccessor:Warning: Couldn't access module table
[2016.06.23-10.02.37:960][303]LogVSAccessor:Warning: Couldn't access module table
[2016.06.23-10.02.37:961][303]LogVSAccessor:Warning: Couldn't access module table
[2016.06.23-10.02.37:961][303]LogVSAccessor:Warning: Couldn't access module table
[2016.06.23-10.02.37:963][303]LogVSAccessor:Warning: Couldn't access module table
[2016.06.23-10.02.37:963][303]LogVSAccessor:Warning: Couldn't access module table
[2016.06.23-10.02.37:964][303]LogVSAccessor:Warning: Couldn't access module table
[2016.06.23-10.03.10:073][486]BlueprintLog: New page: Compile Shield
[2016.06.23-10.03.10:203][486]BlueprintEditorCompileResults: Info [0954.28] Compile of Shield successful! [in 129 ms]
[2016.06.23-10.03.10:925][547]Cmd: OBJ SAVEPACKAGE PACKAGE="/Game/Shield" FILE="../../../../../../Admin/Documents/GitHub Repositories/Project_PlanetDefence/Project_PlanetDef/Content/Shield.uasset" SILENT=true
[2016.06.23-10.03.10:952][547]LogSavePackage: Save=22.04ms
[2016.06.23-10.03.10:952][547]LogSavePackage: Moving '../../../../../../Admin/Documents/GitHub Repositories/Project_PlanetDefence/Project_PlanetDef/Saved/ShieldB8FB5F7A453A62EC091FDF9142676610.tmp' to '../../../../../../Admin/Documents/GitHub Repositories/Project_PlanetDefence/Project_PlanetDef/Content/Shield.uasset'
[2016.06.23-10.03.10:953][547]LogSavePackage: Total save time: 26.95ms
[2016.06.23-10.03.10:953][547]LogSavePackage:Display: Finished SavePackage ../../../../../../Admin/Documents/GitHub Repositories/Project_PlanetDefence/Project_PlanetDef/Content/Shield.uasset
[2016.06.23-10.03.40:129][642]BlueprintLog: New page: Compile Shield
[2016.06.23-10.03.40:187][642]BlueprintEditorCompileResults: Info [0984.26] Compile of Shield successful! [in 57 ms]
[2016.06.23-10.03.40:674][674]Cmd: OBJ SAVEPACKAGE PACKAGE="/Game/Shield" FILE="../../../../../../Admin/Documents/GitHub Repositories/Project_PlanetDefence/Project_PlanetDef/Content/Shield.uasset" SILENT=true
[2016.06.23-10.03.40:700][674]LogSavePackage: Save=24.48ms
[2016.06.23-10.03.40:700][674]LogSavePackage: Moving '../../../../../../Admin/Documents/GitHub Repositories/Project_PlanetDefence/Project_PlanetDef/Saved/Shield4F108FD04807E1D3CF3E679DD68154A1.tmp' to '../../../../../../Admin/Documents/GitHub Repositories/Project_PlanetDefence/Project_PlanetDef/Content/Shield.uasset'
[2016.06.23-10.03.40:701][674]LogSavePackage: Total save time: 26.64ms
[2016.06.23-10.03.40:701][674]LogSavePackage:Display: Finished SavePackage ../../../../../../Admin/Documents/GitHub Repositories/Project_PlanetDefence/Project_PlanetDef/Content/Shield.uasset
[2016.06.23-10.03.41:591][748]LogBlueprintUserMessages: Early PlayInEditor Detection: Level '/Game/Maps/FirstLevel.FirstLevel:PersistentLevel' has LevelScriptBlueprint '/Game/Maps/FirstLevel.FirstLevel:PersistentLevel.FirstLevel' with GeneratedClass '/Game/Maps/FirstLevel.FirstLevel_C' with ClassGeneratedBy '/Game/Maps/FirstLevel.FirstLevel:PersistentLevel.FirstLevel'
[2016.06.23-10.03.41:591][748]LogPlayLevel: PlayLevel: No blueprints needed recompiling
[2016.06.23-10.03.41:592][748]OCULUS: Debug: [HMDState] Using default profile default
[2016.06.23-10.03.41:592][748]OCULUS: Info: IAD changed to 64.0mm
[2016.06.23-10.03.41:592][748]LogHMD: New ovr session is created
[2016.06.23-10.03.41:592][748]LogHMD: HMD Oculus Rift CV1, res = 2160 x 1200
[2016.06.23-10.03.41:592][748]LogApp: UseVRFocus has changed to 1
[2016.06.23-10.03.41:592][748]LogApp: HasVRFocus has changed to 1
[2016.06.23-10.03.41:592][748]PIE: New page: PIE session: FirstLevel (24 Jun 2016 6:03:41 am)
[2016.06.23-10.03.41:592][748]LogPlayLevel: Creating play world package: /Game/Maps/UEDPIE_0_FirstLevel
[2016.06.23-10.03.41:595][748]LogPlayLevel: PIE: StaticDuplicateObject took: (0.003369s)
[2016.06.23-10.03.41:596][748]LogAIModule: Creating AISystem for world FirstLevel
[2016.06.23-10.03.41:596][748]LogPlayLevel: PIE: World Init took: (0.000630s)
[2016.06.23-10.03.41:596][748]LogPlayLevel: PIE: Created PIE world by copying editor world from /Game/Maps/FirstLevel.FirstLevel to /Game/Maps/UEDPIE_0_FirstLevel.FirstLevel (0.004189s)
[2016.06.23-10.03.41:616][748]LogInit: XAudio2 using 'Headphones (Rift Audio)' : 2 channels at 48 kHz using 16 bits per sample (channel mask 0x3)
[2016.06.23-10.03.41:621][748]LogInit: FAudioDevice initialized.
[2016.06.23-10.03.41:655][748]LogWorld: Game class is 'GameMode'
[2016.06.23-10.03.41:656][748]LogWorld: Bringing World /Game/Maps/UEDPIE_0_FirstLevel.FirstLevel up for play (max tick rate 0) at 2016.06.23-20.03.41
[2016.06.23-10.03.41:657][748]LogWorld: Bringing up level for play took: 0.001459
[2016.06.23-10.03.41:660][748]PIE: Info Play in editor start time for /Game/Maps/UEDPIE_0_FirstLevel 0.535
[2016.06.23-10.03.41:660][748]LogBlueprintUserMessages: Late PlayInEditor Detection: Level '/Game/Maps/FirstLevel.FirstLevel:PersistentLevel' has LevelScriptBlueprint '/Game/Maps/FirstLevel.FirstLevel:PersistentLevel.FirstLevel' with GeneratedClass '/Game/Maps/FirstLevel.FirstLevel_C' with ClassGeneratedBy '/Game/Maps/FirstLevel.FirstLevel:PersistentLevel.FirstLevel'
[2016.06.23-10.03.41:660][748]LogApp: UseVRFocus has changed to 0
[2016.06.23-10.03.41:661][748]LogApp: HasVRFocus has changed to 0
[2016.06.23-10.03.46:620][973]LogBlueprintUserMessages: Early EndPlayMap Detection: Level '/Game/Maps/FirstLevel.FirstLevel:PersistentLevel' has LevelScriptBlueprint '/Game/Maps/FirstLevel.FirstLevel:PersistentLevel.FirstLevel' with GeneratedClass '/Game/Maps/FirstLevel.FirstLevel_C' with ClassGeneratedBy '/Game/Maps/FirstLevel.FirstLevel:PersistentLevel.FirstLevel'
[2016.06.23-10.03.46:640][973]LogHMD: Destroying ovr session
[2016.06.23-10.03.46:697][973]LogBlueprintUserMessages: Late EndPlayMap Detection: Level '/Game/Maps/FirstLevel.FirstLevel:PersistentLevel' has LevelScriptBlueprint '/Game/Maps/FirstLevel.FirstLevel:PersistentLevel.FirstLevel' with GeneratedClass '/Game/Maps/FirstLevel.FirstLevel_C' with ClassGeneratedBy '/Game/Maps/FirstLevel.FirstLevel:PersistentLevel.FirstLevel'
[2016.06.23-10.06.26:657][652]BlueprintLog: New page: Compile Shield
[2016.06.23-10.06.26:719][652]BlueprintEditorCompileResults: Info [1150.79] Compile of Shield successful! [in 62 ms]
[2016.06.23-10.06.28:328][806]LogBlueprintUserMessages: Early PlayInEditor Detection: Level '/Game/Maps/FirstLevel.FirstLevel:PersistentLevel' has LevelScriptBlueprint '/Game/Maps/FirstLevel.FirstLevel:PersistentLevel.FirstLevel' with GeneratedClass '/Game/Maps/FirstLevel.FirstLevel_C' with ClassGeneratedBy '/Game/Maps/FirstLevel.FirstLevel:PersistentLevel.FirstLevel'
[2016.06.23-10.06.28:328][806]LogPlayLevel: PlayLevel: No blueprints needed recompiling
[2016.06.23-10.06.28:328][806]OCULUS: Debug: [HMDState] Using default profile default
[2016.06.23-10.06.28:328][806]OCULUS: Info: IAD changed to 64.0mm
[2016.06.23-10.06.28:328][806]LogHMD: New ovr session is created
[2016.06.23-10.06.28:328][806]LogHMD: HMD Oculus Rift CV1, res = 2160 x 1200
[2016.06.23-10.06.28:328][806]LogApp: UseVRFocus has changed to 1
[2016.06.23-10.06.28:328][806]LogApp: HasVRFocus has changed to 1
[2016.06.23-10.06.28:328][806]PIE: New page: PIE session: FirstLevel (24 Jun 2016 6:06:28 am)
[2016.06.23-10.06.28:328][806]LogPlayLevel: Creating play world package: /Game/Maps/UEDPIE_0_FirstLevel
[2016.06.23-10.06.28:331][806]LogPlayLevel: PIE: StaticDuplicateObject took: (0.003244s)
[2016.06.23-10.06.28:332][806]LogAIModule: Creating AISystem for world FirstLevel
[2016.06.23-10.06.28:332][806]LogPlayLevel: PIE: World Init took: (0.000806s)
[2016.06.23-10.06.28:332][806]LogPlayLevel: PIE: Created PIE world by copying editor world from /Game/Maps/FirstLevel.FirstLevel to /Game/Maps/UEDPIE_0_FirstLevel.FirstLevel (0.004189s)
[2016.06.23-10.06.28:353][806]LogInit: XAudio2 using 'Headphones (Rift Audio)' : 2 channels at 48 kHz using 16 bits per sample (channel mask 0x3)
[2016.06.23-10.06.28:359][806]LogInit: FAudioDevice initialized.
[2016.06.23-10.06.28:392][806]LogWorld: Game class is 'GameMode'
[2016.06.23-10.06.28:393][806]LogWorld: Bringing World /Game/Maps/UEDPIE_0_FirstLevel.FirstLevel up for play (max tick rate 0) at 2016.06.23-20.06.28
[2016.06.23-10.06.28:394][806]LogWorld: Bringing up level for play took: 0.001480
[2016.06.23-10.06.28:398][806]PIE: Info Play in editor start time for /Game/Maps/UEDPIE_0_FirstLevel -0.728
[2016.06.23-10.06.28:398][806]LogBlueprintUserMessages: Late PlayInEditor Detection: Level '/Game/Maps/FirstLevel.FirstLevel:PersistentLevel' has LevelScriptBlueprint '/Game/Maps/FirstLevel.FirstLevel:PersistentLevel.FirstLevel' with GeneratedClass '/Game/Maps/FirstLevel.FirstLevel_C' with ClassGeneratedBy '/Game/Maps/FirstLevel.FirstLevel:PersistentLevel.FirstLevel'
[2016.06.23-10.06.28:398][806]LogApp: UseVRFocus has changed to 0
[2016.06.23-10.06.28:398][806]LogApp: HasVRFocus has changed to 0
[2016.06.23-10.06.34:231][ 71]LogBlueprintUserMessages: Early EndPlayMap Detection: Level '/Game/Maps/FirstLevel.FirstLevel:PersistentLevel' has LevelScriptBlueprint '/Game/Maps/FirstLevel.FirstLevel:PersistentLevel.FirstLevel' with GeneratedClass '/Game/Maps/FirstLevel.FirstLevel_C' with ClassGeneratedBy '/Game/Maps/FirstLevel.FirstLevel:PersistentLevel.FirstLevel'
[2016.06.23-10.06.34:252][ 71]LogHMD: Destroying ovr session
[2016.06.23-10.06.34:317][ 71]LogBlueprintUserMessages: Late EndPlayMap Detection: Level '/Game/Maps/FirstLevel.FirstLevel:PersistentLevel' has LevelScriptBlueprint '/Game/Maps/FirstLevel.FirstLevel:PersistentLevel.FirstLevel' with GeneratedClass '/Game/Maps/FirstLevel.FirstLevel_C' with ClassGeneratedBy '/Game/Maps/FirstLevel.FirstLevel:PersistentLevel.FirstLevel'
[2016.06.23-10.06.55:154][806]BlueprintLog: New page: Compile Shield
[2016.06.23-10.06.55:210][806]BlueprintEditorCompileResults: Info [1179.29] Compile of Shield successful! [in 56 ms]
[2016.06.23-10.06.55:908][863]LogBlueprintUserMessages: Early PlayInEditor Detection: Level '/Game/Maps/FirstLevel.FirstLevel:PersistentLevel' has LevelScriptBlueprint '/Game/Maps/FirstLevel.FirstLevel:PersistentLevel.FirstLevel' with GeneratedClass '/Game/Maps/FirstLevel.FirstLevel_C' with ClassGeneratedBy '/Game/Maps/FirstLevel.FirstLevel:PersistentLevel.FirstLevel'
[2016.06.23-10.06.55:908][863]LogPlayLevel: PlayLevel: No blueprints needed recompiling
[2016.06.23-10.06.55:908][863]OCULUS: Debug: [HMDState] Using default profile default
[2016.06.23-10.06.55:908][863]OCULUS: Info: IAD changed to 64.0mm
[2016.06.23-10.06.55:908][863]LogHMD: New ovr session is created
[2016.06.23-10.06.55:909][863]LogHMD: HMD Oculus Rift CV1, res = 2160 x 1200
[2016.06.23-10.06.55:909][863]LogApp: UseVRFocus has changed to 1
[2016.06.23-10.06.55:909][863]LogApp: HasVRFocus has changed to 1
[2016.06.23-10.06.55:909][863]PIE: New page: PIE session: FirstLevel (24 Jun 2016 6:06:55 am)
[2016.06.23-10.06.55:909][863]LogPlayLevel: Creating play world package: /Game/Maps/UEDPIE_0_FirstLevel
[2016.06.23-10.06.55:912][863]LogPlayLevel: PIE: StaticDuplicateObject took: (0.003651s)
[2016.06.23-10.06.55:913][863]LogAIModule: Creating AISystem for world FirstLevel
[2016.06.23-10.06.55:913][863]LogPlayLevel: PIE: World Init took: (0.000551s)
[2016.06.23-10.06.55:913][863]LogPlayLevel: PIE: Created PIE world by copying editor world from /Game/Maps/FirstLevel.FirstLevel to /Game/Maps/UEDPIE_0_FirstLevel.FirstLevel (0.004427s)
[2016.06.23-10.06.55:933][863]LogInit: XAudio2 using 'Headphones (Rift Audio)' : 2 channels at 48 kHz using 16 bits per sample (channel mask 0x3)
[2016.06.23-10.06.55:939][863]LogInit: FAudioDevice initialized.
[2016.06.23-10.06.55:972][863]LogWorld: Game class is 'GameMode'
[2016.06.23-10.06.55:974][863]LogWorld: Bringing World /Game/Maps/UEDPIE_0_FirstLevel.FirstLevel up for play (max tick rate 0) at 2016.06.23-20.06.55
[2016.06.23-10.06.55:974][863]LogWorld: Bringing up level for play took: 0.001481
[2016.06.23-10.06.55:978][863]PIE: Info Play in editor start time for /Game/Maps/UEDPIE_0_FirstLevel 0.853
[2016.06.23-10.06.55:978][863]LogBlueprintUserMessages: Late PlayInEditor Detection: Level '/Game/Maps/FirstLevel.FirstLevel:PersistentLevel' has LevelScriptBlueprint '/Game/Maps/FirstLevel.FirstLevel:PersistentLevel.FirstLevel' with GeneratedClass '/Game/Maps/FirstLevel.FirstLevel_C' with ClassGeneratedBy '/Game/Maps/FirstLevel.FirstLevel:PersistentLevel.FirstLevel'
[2016.06.23-10.06.55:978][863]LogApp: UseVRFocus has changed to 0
[2016.06.23-10.06.55:978][863]LogApp: HasVRFocus has changed to 0
[2016.06.23-10.06.59:912][ 42]LogBlueprintUserMessages: Early EndPlayMap Detection: Level '/Game/Maps/FirstLevel.FirstLevel:PersistentLevel' has LevelScriptBlueprint '/Game/Maps/FirstLevel.FirstLevel:PersistentLevel.FirstLevel' with GeneratedClass '/Game/Maps/FirstLevel.FirstLevel_C' with ClassGeneratedBy '/Game/Maps/FirstLevel.FirstLevel:PersistentLevel.FirstLevel'
[2016.06.23-10.06.59:933][ 42]LogHMD: Destroying ovr session
[2016.06.23-10.06.59:980][ 42]LogBlueprintUserMessages: Late EndPlayMap Detection: Level '/Game/Maps/FirstLevel.FirstLevel:PersistentLevel' has LevelScriptBlueprint '/Game/Maps/FirstLevel.FirstLevel:PersistentLevel.FirstLevel' with GeneratedClass '/Game/Maps/FirstLevel.FirstLevel_C' with ClassGeneratedBy '/Game/Maps/FirstLevel.FirstLevel:PersistentLevel.FirstLevel'
[2016.06.23-10.07.15:783][655]LogRenderer: Reallocating scene render targets to support 1280x900 (Frame:5098).
[2016.06.23-10.07.54:044][302]BlueprintLog: New page: Compile Shield
[2016.06.23-10.07.54:101][302]BlueprintEditorCompileResults: Info [1238.18] Compile of Shield successful! [in 56 ms]
[2016.06.23-10.07.54:773][338]LogBlueprintUserMessages: Early PlayInEditor Detection: Level '/Game/Maps/FirstLevel.FirstLevel:PersistentLevel' has LevelScriptBlueprint '/Game/Maps/FirstLevel.FirstLevel:PersistentLevel.FirstLevel' with GeneratedClass '/Game/Maps/FirstLevel.FirstLevel_C' with ClassGeneratedBy '/Game/Maps/FirstLevel.FirstLevel:PersistentLevel.FirstLevel'
[2016.06.23-10.07.54:773][338]LogPlayLevel: PlayLevel: No blueprints needed recompiling
[2016.06.23-10.07.54:774][338]OCULUS: Debug: [HMDState] Using default profile default
[2016.06.23-10.07.54:774][338]OCULUS: Info: IAD changed to 64.0mm
[2016.06.23-10.07.54:774][338]LogHMD: New ovr session is created
[2016.06.23-10.07.54:774][338]LogHMD: HMD Oculus Rift CV1, res = 2160 x 1200
[2016.06.23-10.07.54:774][338]LogApp: UseVRFocus has changed to 1
[2016.06.23-10.07.54:774][338]LogApp: HasVRFocus has changed to 1
[2016.06.23-10.07.54:774][338]PIE: New page: PIE session: FirstLevel (24 Jun 2016 6:07:54 am)
[2016.06.23-10.07.54:774][338]LogPlayLevel: Creating play world package: /Game/Maps/UEDPIE_0_FirstLevel
[2016.06.23-10.07.54:777][338]LogPlayLevel: PIE: StaticDuplicateObject took: (0.003488s)
[2016.06.23-10.07.54:778][338]LogAIModule: Creating AISystem for world FirstLevel
[2016.06.23-10.07.54:778][338]LogPlayLevel: PIE: World Init took: (0.000718s)
[2016.06.23-10.07.54:778][338]LogPlayLevel: PIE: Created PIE world by copying editor world from /Game/Maps/FirstLevel.FirstLevel to /Game/Maps/UEDPIE_0_FirstLevel.FirstLevel (0.004352s)
[2016.06.23-10.07.54:798][338]LogInit: XAudio2 using 'Headphones (Rift Audio)' : 2 channels at 48 kHz using 16 bits per sample (channel mask 0x3)
[2016.06.23-10.07.54:803][338]LogInit: FAudioDevice initialized.
[2016.06.23-10.07.54:837][338]LogWorld: Game class is 'GameMode'
[2016.06.23-10.07.54:838][338]LogWorld: Bringing World /Game/Maps/UEDPIE_0_FirstLevel.FirstLevel up for play (max tick rate 0) at 2016.06.23-20.07.54
[2016.06.23-10.07.54:839][338]LogWorld: Bringing up level for play took: 0.001481
[2016.06.23-10.07.54:842][338]PIE: Info Play in editor start time for /Game/Maps/UEDPIE_0_FirstLevel -0.283
[2016.06.23-10.07.54:842][338]LogBlueprintUserMessages: Late PlayInEditor Detection: Level '/Game/Maps/FirstLevel.FirstLevel:PersistentLevel' has LevelScriptBlueprint '/Game/Maps/FirstLevel.FirstLevel:PersistentLevel.FirstLevel' with GeneratedClass '/Game/Maps/FirstLevel.FirstLevel_C' with ClassGeneratedBy '/Game/Maps/FirstLevel.FirstLevel:PersistentLevel.FirstLevel'
[2016.06.23-10.07.54:843][338]LogApp: UseVRFocus has changed to 0
[2016.06.23-10.07.54:843][338]LogApp: HasVRFocus has changed to 0
[2016.06.23-10.07.57:240][447]LogBlueprintUserMessages: Early EndPlayMap Detection: Level '/Game/Maps/FirstLevel.FirstLevel:PersistentLevel' has LevelScriptBlueprint '/Game/Maps/FirstLevel.FirstLevel:PersistentLevel.FirstLevel' with GeneratedClass '/Game/Maps/FirstLevel.FirstLevel_C' with ClassGeneratedBy '/Game/Maps/FirstLevel.FirstLevel:PersistentLevel.FirstLevel'
[2016.06.23-10.07.57:261][447]LogHMD: Destroying ovr session
[2016.06.23-10.07.57:311][447]LogBlueprintUserMessages: Late EndPlayMap Detection: Level '/Game/Maps/FirstLevel.FirstLevel:PersistentLevel' has LevelScriptBlueprint '/Game/Maps/FirstLevel.FirstLevel:PersistentLevel.FirstLevel' with GeneratedClass '/Game/Maps/FirstLevel.FirstLevel_C' with ClassGeneratedBy '/Game/Maps/FirstLevel.FirstLevel:PersistentLevel.FirstLevel'
[2016.06.23-10.08.01:187][834]Cmd: OBJ SAVEPACKAGE PACKAGE="/Game/Shield" FILE="../../../../../../Admin/Documents/GitHub Repositories/Project_PlanetDefence/Project_PlanetDef/Content/Shield.uasset" SILENT=true
[2016.06.23-10.08.01:215][834]LogSavePackage: Save=26.51ms
[2016.06.23-10.08.01:215][834]LogSavePackage: Moving '../../../../../../Admin/Documents/GitHub Repositories/Project_PlanetDefence/Project_PlanetDef/Saved/ShieldD8EA279D4DB29FE76EBD0B96F1DA732B.tmp' to '../../../../../../Admin/Documents/GitHub Repositories/Project_PlanetDefence/Project_PlanetDef/Content/Shield.uasset'
[2016.06.23-10.08.01:217][834]LogSavePackage: Total save time: 28.62ms
[2016.06.23-10.08.01:217][834]LogSavePackage:Display: Finished SavePackage ../../../../../../Admin/Documents/GitHub Repositories/Project_PlanetDefence/Project_PlanetDef/Content/Shield.uasset
[2016.06.23-10.08.25:072][723]BlueprintLog: New page: Compile Shield
[2016.06.23-10.08.25:131][723]BlueprintEditorCompileResults: Info [1269.21] Compile of Shield successful! [in 58 ms]
[2016.06.23-10.08.25:898][758]Cmd: OBJ SAVEPACKAGE PACKAGE="/Game/Shield" FILE="../../../../../../Admin/Documents/GitHub Repositories/Project_PlanetDefence/Project_PlanetDef/Content/Shield.uasset" SILENT=true
[2016.06.23-10.08.25:929][758]LogSavePackage: Save=27.11ms
[2016.06.23-10.08.25:929][758]LogSavePackage: Moving '../../../../../../Admin/Documents/GitHub Repositories/Project_PlanetDefence/Project_PlanetDef/Saved/ShieldCC6DA59B49513C07BB6BC091A0C9730C.tmp' to '../../../../../../Admin/Documents/GitHub Repositories/Project_PlanetDefence/Project_PlanetDef/Content/Shield.uasset'
[2016.06.23-10.08.25:930][758]LogSavePackage: Total save time: 32.03ms
[2016.06.23-10.08.25:930][758]LogSavePackage:Display: Finished SavePackage ../../../../../../Admin/Documents/GitHub Repositories/Project_PlanetDefence/Project_PlanetDef/Content/Shield.uasset
[2016.06.23-10.08.27:228][884]LogBlueprintUserMessages: Early PlayInEditor Detection: Level '/Game/Maps/FirstLevel.FirstLevel:PersistentLevel' has LevelScriptBlueprint '/Game/Maps/FirstLevel.FirstLevel:PersistentLevel.FirstLevel' with GeneratedClass '/Game/Maps/FirstLevel.FirstLevel_C' with ClassGeneratedBy '/Game/Maps/FirstLevel.FirstLevel:PersistentLevel.FirstLevel'
[2016.06.23-10.08.27:228][884]LogPlayLevel: PlayLevel: No blueprints needed recompiling
[2016.06.23-10.08.27:228][884]OCULUS: Debug: [HMDState] Using default profile default
[2016.06.23-10.08.27:228][884]OCULUS: Info: IAD changed to 64.0mm
[2016.06.23-10.08.27:228][884]LogHMD: New ovr session is created
[2016.06.23-10.08.27:240][884]LogHMD: HMD Oculus Rift CV1, res = 2160 x 1200
[2016.06.23-10.08.27:240][884]LogApp: UseVRFocus has changed to 1
[2016.06.23-10.08.27:240][884]LogApp: HasVRFocus has changed to 1
[2016.06.23-10.08.27:240][884]PIE: New page: PIE session: FirstLevel (24 Jun 2016 6:08:27 am)
[2016.06.23-10.08.27:240][884]LogPlayLevel: Creating play world package: /Game/Maps/UEDPIE_0_FirstLevel
[2016.06.23-10.08.27:243][884]LogPlayLevel: PIE: StaticDuplicateObject took: (0.002831s)
[2016.06.23-10.08.27:243][884]LogAIModule: Creating AISystem for world FirstLevel
[2016.06.23-10.08.27:244][884]LogPlayLevel: PIE: World Init took: (0.000867s)
[2016.06.23-10.08.27:244][884]LogPlayLevel: PIE: Created PIE world by copying editor world from /Game/Maps/FirstLevel.FirstLevel to /Game/Maps/UEDPIE_0_FirstLevel.FirstLevel (0.003841s)
[2016.06.23-10.08.27:263][884]LogInit: XAudio2 using 'Headphones (Rift Audio)' : 2 channels at 48 kHz using 16 bits per sample (channel mask 0x3)
[2016.06.23-10.08.27:268][884]LogInit: FAudioDevice initialized.
[2016.06.23-10.08.27:300][884]LogWorld: Game class is 'GameMode'
[2016.06.23-10.08.27:303][884]LogWorld: Bringing World /Game/Maps/UEDPIE_0_FirstLevel.FirstLevel up for play (max tick rate 0) at 2016.06.23-20.08.27
[2016.06.23-10.08.27:303][884]LogWorld: Bringing up level for play took: 0.001830
[2016.06.23-10.08.27:308][884]PIE: Info Play in editor start time for /Game/Maps/UEDPIE_0_FirstLevel 0.183
[2016.06.23-10.08.27:308][884]LogBlueprintUserMessages: Late PlayInEditor Detection: Level '/Game/Maps/FirstLevel.FirstLevel:PersistentLevel' has LevelScriptBlueprint '/Game/Maps/FirstLevel.FirstLevel:PersistentLevel.FirstLevel' with GeneratedClass '/Game/Maps/FirstLevel.FirstLevel_C' with ClassGeneratedBy '/Game/Maps/FirstLevel.FirstLevel:PersistentLevel.FirstLevel'
[2016.06.23-10.08.27:308][884]LogApp: UseVRFocus has changed to 0
[2016.06.23-10.08.27:308][884]LogApp: HasVRFocus has changed to 0
[2016.06.23-10.08.31:061][ 52]LogBlueprintUserMessages: Early EndPlayMap Detection: Level '/Game/Maps/FirstLevel.FirstLevel:PersistentLevel' has LevelScriptBlueprint '/Game/Maps/FirstLevel.FirstLevel:PersistentLevel.FirstLevel' with GeneratedClass '/Game/Maps/FirstLevel.FirstLevel_C' with ClassGeneratedBy '/Game/Maps/FirstLevel.FirstLevel:PersistentLevel.FirstLevel'
[2016.06.23-10.08.31:081][ 52]LogHMD: Destroying ovr session
[2016.06.23-10.08.31:126][ 52]LogBlueprintUserMessages: Late EndPlayMap Detection: Level '/Game/Maps/FirstLevel.FirstLevel:PersistentLevel' has LevelScriptBlueprint '/Game/Maps/FirstLevel.FirstLevel:PersistentLevel.FirstLevel' with GeneratedClass '/Game/Maps/FirstLevel.FirstLevel_C' with ClassGeneratedBy '/Game/Maps/FirstLevel.FirstLevel:PersistentLevel.FirstLevel'
[2016.06.23-10.08.32:937][241]LogBlueprintUserMessages: Early PlayInEditor Detection: Level '/Game/Maps/FirstLevel.FirstLevel:PersistentLevel' has LevelScriptBlueprint '/Game/Maps/FirstLevel.FirstLevel:PersistentLevel.FirstLevel' with GeneratedClass '/Game/Maps/FirstLevel.FirstLevel_C' with ClassGeneratedBy '/Game/Maps/FirstLevel.FirstLevel:PersistentLevel.FirstLevel'
[2016.06.23-10.08.32:937][241]LogPlayLevel: PlayLevel: No blueprints needed recompiling
[2016.06.23-10.08.32:939][241]OCULUS: Debug: [HMDState] Using default profile default
[2016.06.23-10.08.32:939][241]OCULUS: Info: IAD changed to 64.0mm
[2016.06.23-10.08.32:939][241]LogHMD: New ovr session is created
[2016.06.23-10.08.32:948][241]LogHMD: HMD Oculus Rift CV1, res = 2160 x 1200
[2016.06.23-10.08.32:948][241]LogApp: UseVRFocus has changed to 1
[2016.06.23-10.08.32:948][241]LogApp: HasVRFocus has changed to 1
[2016.06.23-10.08.32:948][241]PIE: New page: PIE session: FirstLevel (24 Jun 2016 6:08:32 am)
[2016.06.23-10.08.32:948][241]LogPlayLevel: Creating play world package: /Game/Maps/UEDPIE_0_FirstLevel
[2016.06.23-10.08.32:951][241]LogPlayLevel: PIE: StaticDuplicateObject took: (0.003854s)
[2016.06.23-10.08.32:952][241]LogAIModule: Creating AISystem for world FirstLevel
[2016.06.23-10.08.32:952][241]LogPlayLevel: PIE: World Init took: (0.000444s)
[2016.06.23-10.08.32:953][241]LogPlayLevel: PIE: Created PIE world by copying editor world from /Game/Maps/FirstLevel.FirstLevel to /Game/Maps/UEDPIE_0_FirstLevel.FirstLevel (0.004442s)
[2016.06.23-10.08.32:972][241]LogInit: XAudio2 using 'Headphones (Rift Audio)' : 2 channels at 48 kHz using 16 bits per sample (channel mask 0x3)
[2016.06.23-10.08.32:976][241]LogInit: FAudioDevice initialized.
[2016.06.23-10.08.33:009][241]LogWorld: Game class is 'GameMode'
[2016.06.23-10.08.33:011][241]LogWorld: Bringing World /Game/Maps/UEDPIE_0_FirstLevel.FirstLevel up for play (max tick rate 0) at 2016.06.23-20.08.33
[2016.06.23-10.08.33:011][241]LogWorld: Bringing up level for play took: 0.001391
[2016.06.23-10.08.33:015][241]PIE: Info Play in editor start time for /Game/Maps/UEDPIE_0_FirstLevel -0.11
[2016.06.23-10.08.33:015][241]LogBlueprintUserMessages: Late PlayInEditor Detection: Level '/Game/Maps/FirstLevel.FirstLevel:PersistentLevel' has LevelScriptBlueprint '/Game/Maps/FirstLevel.FirstLevel:PersistentLevel.FirstLevel' with GeneratedClass '/Game/Maps/FirstLevel.FirstLevel_C' with ClassGeneratedBy '/Game/Maps/FirstLevel.FirstLevel:PersistentLevel.FirstLevel'
[2016.06.23-10.08.33:015][241]LogApp: UseVRFocus has changed to 0
[2016.06.23-10.08.33:015][241]LogApp: HasVRFocus has changed to 0
[2016.06.23-10.08.37:000][422]LogBlueprintUserMessages: Early EndPlayMap Detection: Level '/Game/Maps/FirstLevel.FirstLevel:PersistentLevel' has LevelScriptBlueprint '/Game/Maps/FirstLevel.FirstLevel:PersistentLevel.FirstLevel' with GeneratedClass '/Game/Maps/FirstLevel.FirstLevel_C' with ClassGeneratedBy '/Game/Maps/FirstLevel.FirstLevel:PersistentLevel.FirstLevel'
[2016.06.23-10.08.37:021][422]LogHMD: Destroying ovr session
[2016.06.23-10.08.37:075][422]LogBlueprintUserMessages: Late EndPlayMap Detection: Level '/Game/Maps/FirstLevel.FirstLevel:PersistentLevel' has LevelScriptBlueprint '/Game/Maps/FirstLevel.FirstLevel:PersistentLevel.FirstLevel' with GeneratedClass '/Game/Maps/FirstLevel.FirstLevel_C' with ClassGeneratedBy '/Game/Maps/FirstLevel.FirstLevel:PersistentLevel.FirstLevel'
[2016.06.23-10.10.53:098][590]LogSavePackage: Save=67.44ms
[2016.06.23-10.10.53:098][590]LogSavePackage: Moving '../../../../../../Admin/Documents/GitHub Repositories/Project_PlanetDefence/Project_PlanetDef/Saved/FirstLevel_Auto25731AD3A4F294E93D0D322A46A908312.tmp' to '../../../../../../Admin/Documents/GitHub Repositories/Project_PlanetDefence/Project_PlanetDef/Saved/Autosaves/Game/Maps/FirstLevel_Auto2.umap'
[2016.06.23-10.10.53:099][590]LogSavePackage: Total save time: 73.01ms
[2016.06.23-10.10.53:099][590]LogSavePackage:Display: Finished SavePackage ../../../../../../Admin/Documents/GitHub Repositories/Project_PlanetDefence/Project_PlanetDef/Saved/Autosaves/Game/Maps/FirstLevel_Auto2.umap
[2016.06.23-10.10.53:100][590]LogFileHelpers: Editor autosave (incl. sublevels) for '/Game/Maps/FirstLevel' took 0.101
[2016.06.23-10.10.53:100][590]LogFileHelpers: Editor autosave (incl. sublevels) for all levels took 0.101
[2016.06.23-10.10.53:124][590]OBJ SavePackage: Generating thumbnails for [1] asset(s) in package [/Game/Shield] ([1] browsable assets)...
[2016.06.23-10.10.53:170][590]OBJ SavePackage:     Rendered thumbnail for [Blueprint /Game/Shield.Shield]
[2016.06.23-10.10.53:170][590]OBJ SavePackage: Finished generating thumbnails for package [/Game/Shield]
[2016.06.23-10.10.53:198][590]LogSavePackage: Save=27.10ms
[2016.06.23-10.10.53:198][590]LogSavePackage: Moving '../../.