Log file open, 07/14/16 10:27:14
LogInit:Display: Running engine for game: Project_PlanetDef
LogPlatformFile: Not using cached read wrapper
LogInit:Display: RandInit(350257163) SRandInit(350257165).
LogTaskGraph: Started task graph with 4 named threads and 7 total threads.
LogStats: Stats thread started at 0.159777
LogInit: Version: 4.11.2-2946394+++UE4+Release-4.11
LogInit: API Version: 2927265
LogInit: Compiled (64-bit): Apr 18 2016 02:18:46
LogInit: Compiled with Visual C++: 19.00.23026.00
LogInit: Build Configuration: Development
LogInit: Branch Name: ++UE4+Release-4.11
LogInit: Command line: 
LogInit: Base directory: C:/Program Files/Epic Games/4.11/Engine/Binaries/Win64/
LogInit: Installed Engine Build: 1
LogInit: Using libcurl 7.41.0
LogInit:  - built for x86_64-pc-win32
LogInit:  - supports SSL with WinSSL
LogInit:  - other features:
LogInit:      CURL_VERSION_SSL
LogInit:      CURL_VERSION_IPV6
LogInit:      CURL_VERSION_ASYNCHDNS
LogInit:      CURL_VERSION_LARGEFILE
LogInit:      CURL_VERSION_IDN
LogInit:  CurlRequestOptions (configurable via config and command line):
LogInit:  - bVerifyPeer = true  - Libcurl will verify peer certificate
LogInit:  - bUseHttpProxy = false  - Libcurl will NOT use HTTP proxy
LogInit:  - bDontReuseConnections = false  - Libcurl will reuse connections
LogInit:  - CertBundlePath = nullptr  - Libcurl will use whatever was configured at build time.
LogInit: Presizing for max 16777216 objects, including 0 objects not considered by GC, pre-allocating 0 bytes for permanent pool.
LogInit: Object subsystem initialized
[2016.07.14-00.27.14:221][  0]LogInit: Selected Device Profile: [Windows]
[2016.07.14-00.27.14:221][  0]LogInit: Applying CVar settings loaded from the selected device profile: [Windows]
[2016.07.14-00.27.14:237][  0]LogInit: Computer: S-803-11-1229-W
[2016.07.14-00.27.14:237][  0]LogInit: User: vcrittle
[2016.07.14-00.27.14:237][  0]LogInit: CPU Page size=65536, Cores=4
[2016.07.14-00.27.14:237][  0]LogInit: High frequency timer resolution =3.312861 MHz
[2016.07.14-00.27.14:237][  0]LogMemory: Memory total: Physical=7.9GB (8GB approx)
[2016.07.14-00.27.14:237][  0]LogMemory: Platform Memory Stats for Windows
[2016.07.14-00.27.14:237][  0]LogMemory: Process Physical Memory: 316.74 MB used, 316.74 MB peak
[2016.07.14-00.27.14:237][  0]LogMemory: Process Virtual Memory: 317.72 MB used, 317.72 MB peak
[2016.07.14-00.27.14:237][  0]LogMemory: Physical Memory: 4106.09 MB used, 8130.67 MB total
[2016.07.14-00.27.14:237][  0]LogMemory: Virtual Memory: 622.68 MB used, 8388608.00 MB total
[2016.07.14-00.27.14:606][  0]LogTextLocalizationManager: No specific translations for ('en-AU') exist, so ('en') translations will be used.
[2016.07.14-00.27.15:090][  0]LogD3D11RHI: D3D11 adapters:
[2016.07.14-00.27.15:405][  0]LogD3D11RHI:    0. 'NVIDIA GeForce GTX 680MX' (Feature Level 11_0)
[2016.07.14-00.27.15:405][  0]LogD3D11RHI:       1990MB of dedicated video memory, 0MB of dedicated system memory, and 2048MB of shared system memory, 1 output[s]
[2016.07.14-00.27.15:405][  0]LogD3D11RHI: Chosen D3D11 Adapter: 0
[2016.07.14-00.27.15:414][  0]LogD3D11RHI: Creating new Direct3DDevice
[2016.07.14-00.27.15:414][  0]LogD3D11RHI:     Adapter Name: NVIDIA GeForce GTX 680MX
[2016.07.14-00.27.15:414][  0]LogD3D11RHI:   Driver Version: Unknown (internal Unknown)
[2016.07.14-00.27.15:414][  0]LogD3D11RHI:      Driver Date: Unknown
[2016.07.14-00.27.15:414][  0]LogRHI: Texture pool is 1361 MB (70% of 1945 MB)
[2016.07.14-00.27.15:425][  0]LogD3D11RHI: Async texture creation enabled
[2016.07.14-00.27.15:442][  0]LogShaderCompilers: Guid format shader working directory is -31 characters bigger than the processId version (../../../../../../Users/vcrittle/Desktop/Project_PlanetDefence/Project_PlanetDef/Intermediate/Shaders/WorkingDirectory/7040/).
[2016.07.14-00.27.15:442][  0]LogShaderCompilers: Cleaned the shader compiler working directory 'C:/Users/vcrittle/AppData/Local/Temp/UnrealShaderWorkingDir/3A2A4F204514148407008198ECE323EC/'.
[2016.07.14-00.27.15:442][  0]LogShaderCompilers:Display: Using Local Shader Compiler.
[2016.07.14-00.27.17:078][  0]LogTemp:Display: Loaded TP AllDesktopTargetPlatform
[2016.07.14-00.27.17:082][  0]LogTemp:Display: Loaded TP WindowsClientTargetPlatform
[2016.07.14-00.27.17:086][  0]LogTemp:Display: Loaded TP WindowsNoEditorTargetPlatform
[2016.07.14-00.27.17:090][  0]LogTemp:Display: Loaded TP WindowsServerTargetPlatform
[2016.07.14-00.27.17:094][  0]LogTemp:Display: Loaded TP WindowsTargetPlatform
[2016.07.14-00.27.17:098][  0]LogTemp:Display: Loaded TP AndroidTargetPlatform
[2016.07.14-00.27.17:101][  0]LogTemp:Display: Loaded TP Android_ASTCTargetPlatform
[2016.07.14-00.27.17:104][  0]LogTemp:Display: Loaded TP Android_ATCTargetPlatform
[2016.07.14-00.27.17:107][  0]LogTemp:Display: Loaded TP Android_DXTTargetPlatform
[2016.07.14-00.27.17:110][  0]LogTemp:Display: Loaded TP Android_ETC1TargetPlatform
[2016.07.14-00.27.17:112][  0]LogTemp:Display: Loaded TP Android_ETC2TargetPlatform
[2016.07.14-00.27.17:118][  0]LogTemp:Display: Loaded TP Android_MultiTargetPlatform
[2016.07.14-00.27.17:118][  0]LogTemp:Display: Loaded TP Android_PVRTCTargetPlatform
[2016.07.14-00.27.17:119][  0]LogTemp:Display: Loaded TP HTML5TargetPlatform
[2016.07.14-00.27.17:146][  0]LogTemp:Display: Loaded TP IOSTargetPlatform
[2016.07.14-00.27.17:148][  0]LogTemp:Display: Loaded TP TVOSTargetPlatform
[2016.07.14-00.27.17:151][  0]LogTemp:Display: Loaded TP LinuxNoEditorTargetPlatform
[2016.07.14-00.27.17:153][  0]LogTemp:Display: Loaded TP LinuxServerTargetPlatform
[2016.07.14-00.27.17:157][  0]LogTemp:Display: Loaded TP LinuxTargetPlatform
[2016.07.14-00.27.17:157][  0]LogTargetPlatformManager:Display: Building Assets For Windows
[2016.07.14-00.27.17:617][  0]LogDerivedDataCache:Display: Max Cache Size: 512 MB
[2016.07.14-00.27.19:740][  0]LogDerivedDataCache: Loaded boot cache 2.12s 46MB C:/Users/vcrittle/AppData/Local/UnrealEngine/4.11/DerivedDataCache/Boot.ddc.
[2016.07.14-00.27.19:740][  0]LogDerivedDataCache:Display: Loaded Boot cache: C:/Users/vcrittle/AppData/Local/UnrealEngine/4.11/DerivedDataCache/Boot.ddc
[2016.07.14-00.27.19:740][  0]LogDerivedDataCache: FDerivedDataBackendGraph:  Pak pak cache file ../../../../../../Users/vcrittle/Desktop/Project_PlanetDefence/Project_PlanetDef/DerivedDataCache/DDC.ddp not found, will not use a pak cache.
[2016.07.14-00.27.19:740][  0]LogDerivedDataCache: Unable to find inner node Pak for hierarchical cache Hierarchy.
[2016.07.14-00.27.19:740][  0]LogDerivedDataCache: FDerivedDataBackendGraph:  CompressedPak pak cache file ../../../../../../Users/vcrittle/Desktop/Project_PlanetDefence/Project_PlanetDef/DerivedDataCache/Compressed.ddp not found, will not use a pak cache.
[2016.07.14-00.27.19:740][  0]LogDerivedDataCache: Unable to find inner node CompressedPak for hierarchical cache Hierarchy.
[2016.07.14-00.27.19:770][  0]LogDerivedDataCache:Display: Pak cache opened for reading ../../../Engine/DerivedDataCache/Compressed.ddp.
[2016.07.14-00.27.19:783][  0]LogDerivedDataCache: Using Local data cache path C:/Users/vcrittle/AppData/Local/UnrealEngine/Common/DerivedDataCache: Writable
[2016.07.14-00.27.22:127][  0]LogInit: Selected Device Profile: [Windows]
[2016.07.14-00.27.22:128][  0]LogContentStreaming: Texture pool size is 0.00 MB
[2016.07.14-00.27.22:150][  0]LogMaterial: Uniform references updated for custom material expression Custom.
[2016.07.14-00.27.22:274][  0]LogMeshUtilities: No automatic mesh reduction module available
[2016.07.14-00.27.22:274][  0]LogMeshUtilities: No automatic mesh merging module available
[2016.07.14-00.27.22:274][  0]LogMeshUtilities: No distributed automatic mesh merging module available
[2016.07.14-00.27.22:695][  0]LogUObjectArray: 27679 objects as part of root set at end of initial load.
[2016.07.14-00.27.22:695][  0]LogUObjectAllocator: 5591592 out of 0 bytes used by permanent object pool.
[2016.07.14-00.27.22:695][  0]LogUObjectArray: CloseDisregardForGC: 0/0 objects in disregard for GC pool
[2016.07.14-00.27.22:701][  0]LogInit: WinSock: version 1.1 (2.2), MaxSocks=32767, MaxUdp=65467
[2016.07.14-00.27.22:793][  0]LogSlate: SlateFontCache - WITH_FREETYPE: 1, WITH_HARFBUZZ: 1
[2016.07.14-00.27.22:793][  0]LogSlate: SlateFontCache - WITH_FREETYPE: 1, WITH_HARFBUZZ: 1
[2016.07.14-00.27.22:898][  0]LogStreaming:Warning: Failed to read file '../../../Engine/Content/Editor/Slate/Common/Selection_16x.png' error.
[2016.07.14-00.27.22:898][  0]LogSlate: Could not find file for Slate resource: ../../../Engine/Content/Editor/Slate/Common/Selection_16x.png
[2016.07.14-00.27.22:898][  0]LogStreaming:Warning: Failed to read file '../../../Engine/Content/Editor/Slate/Common/Selection_16x.png' error.
[2016.07.14-00.27.22:898][  0]LogSlate: Could not find file for Slate resource: ../../../Engine/Content/Editor/Slate/Common/Selection_16x.png
[2016.07.14-00.27.22:898][  0]LogStreaming:Warning: Failed to read file '../../../Engine/Content/Editor/Slate/Common/Selection_16x.png' error.
[2016.07.14-00.27.22:898][  0]LogSlate: Could not find file for Slate resource: ../../../Engine/Content/Editor/Slate/Common/Selection_16x.png
[2016.07.14-00.27.23:619][  0]LogUdpMessaging: Initializing bridge on interface 0.0.0.0:0 to multicast group 230.0.0.1:6666.
[2016.07.14-00.27.23:745][  0]LogAssetRegistry: FAssetRegistry took 0.0202 seconds to start up
[2016.07.14-00.27.23:882][  0]SourceControl: Info Source control is disabled
[2016.07.14-00.27.23:882][  0]SourceControl: Info Source control is disabled
[2016.07.14-00.27.23:890][  0]SourceControl: Info Source control is disabled
[2016.07.14-00.27.23:897][  0]SourceControl: Info Source control is disabled
[2016.07.14-00.27.24:005][  0]LogHMD: Failed to initialize OpenVR with code 110
[2016.07.14-00.27.24:069][  0]LogEngine: Initializing Engine...
[2016.07.14-00.27.24:198][  0]LogAIModule: Creating AISystem for world NewWorld
[2016.07.14-00.27.24:254][  0]LogInit: XAudio2 using 'Speakers (Cirrus Logic CS4206B (AB 92))' : 2 channels at 48 kHz using 32 bits per sample (channel mask 0x3)
[2016.07.14-00.27.24:440][  0]LogInit: FAudioDevice initialized.
[2016.07.14-00.27.24:466][  0]LogDerivedDataCache: Saved boot cache 0.03s 46MB C:/Users/vcrittle/AppData/Local/UnrealEngine/4.11/DerivedDataCache/Boot.ddc.
[2016.07.14-00.27.24:469][  0]LogInit: Texture streaming: Enabled
[2016.07.14-00.27.25:380][  0]LogInit: Transaction tracking system initialized
[2016.07.14-00.27.25:405][  0]BlueprintLog: New page: Editor Load
[2016.07.14-00.27.25:476][  0]LocalizationService: Info Localization service is disabled
[2016.07.14-00.27.25:536][  0]LogConsoleResponse:Display: 
[2016.07.14-00.27.25:630][  0]LogCook:Display: Max memory allowance for cook 8192mb
[2016.07.14-00.27.25:630][  0]LogCook:Display: Mobile HDR setting 1
[2016.07.14-00.27.25:630][  0]LogCook:Display: Done creating registry. It took  0.00s.
[2016.07.14-00.27.25:674][  0]LogFileCache: Scanning file cache for directory 'C:/Users/vcrittle/Desktop/Project_PlanetDefence/Project_PlanetDef/Content/' took 0.01s
[2016.07.14-00.27.25:674][  0]SourceControl: Info Source control is disabled
[2016.07.14-00.27.25:674][  0]Cmd: MAP LOAD FILE="../../../Engine/Content/Maps/Templates/Template_Default.umap" TEMPLATE=1 SHOWPROGRESS=1 FEATURELEVEL=3
[2016.07.14-00.27.25:675][  0]LightingResults: New page: Lighting Build
[2016.07.14-00.27.25:678][  0]MapCheck: New page: Map Check
[2016.07.14-00.27.25:678][  0]LightingResults: New page: Lighting Build
[2016.07.14-00.27.25:910][  0]LogAIModule: Creating AISystem for world Untitled_1
[2016.07.14-00.27.25:918][  0]LogEditorServer: Finished looking for orphan Actors (0.000 secs)
[2016.07.14-00.27.25:922][  0]Cmd: MAP CHECKDEP NOCLEARLOG
[2016.07.14-00.27.25:955][  0]MapCheck: Info Map check complete: 0 Error(s), 0 Warning(s), took 32.911ms to complete.
[2016.07.14-00.27.25:955][  0]LogFileHelpers: Loading map 'Template_Default' took 0.281
[2016.07.14-00.27.26:078][  0]LogCollectionManager: Loaded 0 collections in 0.001657 seconds
[2016.07.14-00.27.26:106][  0]LogFileCache: Scanning file cache for directory 'C:/Users/vcrittle/Desktop/Project_PlanetDefence/Project_PlanetDef/Saved/Collections/' took 0.01s
[2016.07.14-00.27.26:106][  0]LogFileCache: Scanning file cache for directory 'C:/Users/vcrittle/Desktop/Project_PlanetDefence/Project_PlanetDef/Content/Developers/vcrittle/Collections/' took 0.01s
[2016.07.14-00.27.26:106][  0]LogFileCache: Scanning file cache for directory 'C:/Users/vcrittle/Desktop/Project_PlanetDefence/Project_PlanetDef/Content/Collections/' took 0.00s
[2016.07.14-00.27.26:106][  0]LogCollectionManager: Rebuilt the GUID cache for 0 collections in 0.000002 seconds
[2016.07.14-00.27.26:113][  0]LogContentBrowser: Native class hierarchy populated in 0.0072 seconds. Added 1979 classes and 343 folders.
[2016.07.14-00.27.26:116][  0]LogStats: UGameplayTagsManager::ConstructGameplayTagTree: Construct from data asset -  0.000 s
[2016.07.14-00.27.26:116][  0]LogStats: UGameplayTagsManager::ConstructGameplayTagTree: GameplayTagTreeChangedEvent.Broadcast -  0.000 s
[2016.07.14-00.27.26:117][  0]LogContentBrowser: Native class hierarchy updated for 'GameplayTags' in 0.0009 seconds. Added 12 classes and 0 folders.
[2016.07.14-00.27.26:123][  0]LogContentBrowser: Native class hierarchy updated for 'WidgetCarousel' in 0.0008 seconds. Added 0 classes and 0 folders.
[2016.07.14-00.27.26:128][  0]LogContentBrowser: Native class hierarchy updated for 'SuperSearch' in 0.0009 seconds. Added 1 classes and 2 folders.
[2016.07.14-00.27.26:162][  0]LogContentBrowser: Native class hierarchy updated for 'AddContentDialog' in 0.0009 seconds. Added 0 classes and 0 folders.
[2016.07.14-00.27.26:166][  0]LogContentBrowser: Native class hierarchy updated for 'SceneOutliner' in 0.0009 seconds. Added 1 classes and 2 folders.
[2016.07.14-00.27.26:187][  0]LogCrashTracker: Crashtracker disabled due to settings.
[2016.07.14-00.27.26:191][  0]LogUObjectGlobals:Warning: Failed to find object 'Class None.'
[2016.07.14-00.27.26:216][  0]LogContentBrowser: Native class hierarchy updated for 'HierarchicalLODOutliner' in 0.0009 seconds. Added 1 classes and 2 folders.
[2016.07.14-00.27.26:216][  0]LogLoad: Full Startup: 16.83 seconds (BP compile: 0.03 seconds)
[2016.07.14-00.27.26:216][  0]LogExternalProfiler: Found external profiler: VSPerf
[2016.07.14-00.27.26:216][  0]LogExternalProfiler: Using external profiler: VSPerf
[2016.07.14-00.27.26:555][  0]LogOcInput: OculusInput pre-init called
[2016.07.14-00.27.26:605][  0]LogContentStreaming: Texture pool size now 1000 MB
[2016.07.14-00.27.26:887][  1]LogRenderer: Reallocating scene render targets to support 1172x592 (Frame:2).
[2016.07.14-00.27.31:169][155]LogRenderer: Reallocating scene render targets to support 1616x808 (Frame:142).
[2016.07.14-00.27.31:438][175]LogAssetRegistry: Asset discovery search completed in 7.7138 seconds
[2016.07.14-00.27.31:438][175]LogCollectionManager: Rebuilt the object cache for 0 collections in 0.000001 seconds (found 0 objects)
[2016.07.14-00.27.31:438][175]LogCollectionManager: Fixed up redirectors for 0 collections in 0.000032 seconds (updated 0 objects)
[2016.07.14-00.27.37:446][690]LogBlueprint:Warning: [compiler LeftTurret] Warning 'DroneRef' is already a 'Drone', you don't need  Cast To Drone .
[2016.07.14-00.27.37:450][690]LogBlueprint:Warning: [compiler LeftTurret] Warning [0028.06] Compile of LeftTurret successful, but with 1 Warning(s) [in 11 ms]
[2016.07.14-00.27.37:450][690]LogBlueprint:Warning: [compiler LeftTurret] Warning [0028.06] Compile of LeftTurret successful, but with 2 Warning(s) [in 0 ms]
[2016.07.14-00.27.37:450][690]LogBlueprint:Warning: [compiler LeftTurret] Warning [0028.06] Compile of LeftTurret successful, but with 3 Warning(s) [in 0 ms]
[2016.07.14-00.27.37:471][690]LogBlueprint:Warning: [compiler LeftTurret] Warning 'DroneRef' is already a 'Drone', you don't need  Cast To Drone .
[2016.07.14-00.27.37:475][690]LogBlueprint:Warning: [compiler LeftTurret] Warning [0028.09] Compile of LeftTurret successful, but with 1 Warning(s) [in 10 ms]
[2016.07.14-00.27.37:475][690]LogBlueprint:Warning: [compiler LeftTurret] Warning [0028.09] Compile of LeftTurret successful, but with 2 Warning(s) [in 0 ms]
[2016.07.14-00.27.37:475][690]LogBlueprint:Warning: [compiler LeftTurret] Warning [0028.09] Compile of LeftTurret successful, but with 3 Warning(s) [in 0 ms]
[2016.07.14-00.27.37:633][690]LogStaticMesh: Building static mesh FBX_meteor_placeholder...
[2016.07.14-00.27.37:641][690]LogStaticMesh: Built static mesh [0.01s] /Game/FBX_meteor_placeholder.FBX_meteor_placeholder
[2016.07.14-00.27.37:686][690]LogMaterial: Missing cached shader map for material CannonsMat, compiling. 
[2016.07.14-00.27.37:764][690]LogTexture:Display: Building textures: JPG_background_placeholder (AutoDXT)
[2016.07.14-00.27.38:232][690]LogMaterial: Missing cached shader map for material JPG_background_placeholder_Mat, compiling. 
[2016.07.14-00.27.38:250][690]LogStaticMesh: Building static mesh FBX_earth_placeholder...
[2016.07.14-00.27.38:258][690]LogStaticMesh: Built static mesh [0.01s] /Game/FBX_earth_placeholder.FBX_earth_placeholder
[2016.07.14-00.27.38:693][690]LogTexture:Display: Building textures: UV_earthtexture_placeholder (AutoDXT)
[2016.07.14-00.27.39:271][690]LogMaterial: Missing cached shader map for material UV_earthtexture_placeholder_Mat, compiling. 
[2016.07.14-00.27.39:405][690]LogMaterial: Missing cached shader map for material DroneMat, compiling. 
[2016.07.14-00.27.39:441][690]LogMaterial: Missing cached shader map for material ProjectileMat, compiling. 
[2016.07.14-00.27.39:461][690]LogAIModule: Creating AISystem for world FirstLevel
[2016.07.14-00.27.39:520][690]Cmd: MAP LOAD FILE="../../../../../../Users/vcrittle/Desktop/Project_PlanetDefence/Project_PlanetDef/Content/Maps/FirstLevel.umap" TEMPLATE=0 SHOWPROGRESS=1 FEATURELEVEL=3
[2016.07.14-00.27.39:520][690]LightingResults: New page: Lighting Build
[2016.07.14-00.27.39:554][690]LoadErrors: New page: Loading map: FirstLevel.umap
[2016.07.14-00.27.39:555][690]MapCheck: New page: Map Check
[2016.07.14-00.27.39:555][690]LightingResults: New page: Lighting Build
[2016.07.14-00.27.39:591][690]LogEditorServer: Finished looking for orphan Actors (0.000 secs)
[2016.07.14-00.27.41:139][690]Cmd: MAP CHECKDEP NOCLEARLOG
[2016.07.14-00.27.41:181][690]MapCheck: Info Map check complete: 0 Error(s), 0 Warning(s), took 41.335ms to complete.
[2016.07.14-00.27.41:181][690]LogFileHelpers: Loading map 'FirstLevel' took 1.662
[2016.07.14-00.28.01:072][ 70]LogEditorViewport: Clicking on Actor (LMB): Planet_C (Planet)
[2016.07.14-00.28.28:579][319]LogEditorViewport: Clicking on Actor (LMB): BP_Sky_Sphere_C (Sky Sphere)
[2016.07.14-00.28.30:992][509]LogEditorViewport: Clicking on Actor (LMB): BP_Sky_Sphere_C (Sky Sphere)
[2016.07.14-00.29.22:338][753]LogEditorViewport: Clicking on Actor (LMB): BP_Sky_Sphere_C (Sky Sphere)
[2016.07.14-00.29.29:645][348]LogEditorViewport: Clicking on Actor (LMB): BP_Sky_Sphere_C (Sky Sphere)
[2016.07.14-00.29.46:429][454]LogEditorViewport: Clicking on Actor (LMB): Shield_C (Shield)
[2016.07.14-00.29.48:837][618]LogContentBrowser: Native class hierarchy updated for 'BlueprintGraph' in 0.0013 seconds. Added 108 classes and 0 folders.
[2016.07.14-00.30.25:256][760]LogUProjectInfo: Found projects:
[2016.07.14-00.30.37:750][776]Cmd: CLOSE_SLATE_MAINFRAME
[2016.07.14-00.30.40:870][777]Cmd: QUIT_EDITOR
[2016.07.14-00.30.40:974][777]LogExit: Preparing to exit.
[2016.07.14-00.30.41:767][777]LogExit: Editor shut down
[2016.07.14-00.30.41:767][777]LogExit: Transaction tracking system shut down
[2016.07.14-00.30.41:901][777]LogObj: Freed 0b from 0 cluster array pools.
[2016.07.14-00.30.41:901][777]LogExit: Object subsystem successfully closed.
[2016.07.14-00.30.41:918][777]LogD3D11RHI: Shutdown
[2016.07.14-00.30.41:918][777]LogD3D11RHI: CleanupD3DDevice
[2016.07.14-00.30.41:961][777]LogD3D11RHI: ~FD3D11DynamicRHI
[2016.07.14-00.30.41:993][777]LogDerivedDataCache: Shutdown
[2016.07.14-00.30.41:993][777]LogModuleManager: Shutting down and abandoning module BlueprintGraph (206)
[2016.07.14-00.30.41:993][777]LogModuleManager: Shutting down and abandoning module HierarchicalLODOutliner (205)
[2016.07.14-00.30.41:993][777]LogModuleManager: Shutting down and abandoning module CrashTracker (204)
[2016.07.14-00.30.41:993][777]LogModuleManager: Shutting down and abandoning module SceneOutliner (203)
[2016.07.14-00.30.41:993][777]LogModuleManager: Shutting down and abandoning module SuperSearch (202)
[2016.07.14-00.30.41:993][777]LogModuleManager: Shutting down and abandoning module WidgetCarousel (201)
[2016.07.14-00.30.41:993][777]LogModuleManager: Shutting down and abandoning module AddContentDialog (200)
[2016.07.14-00.30.41:994][777]LogModuleManager: Shutting down and abandoning module GameplayTags (199)
[2016.07.14-00.30.41:994][777]LogModuleManager: Shutting down and abandoning module EditorWidgets (198)
[2016.07.14-00.30.41:994][777]LogModuleManager: Shutting down and abandoning module CollectionManager (197)
[2016.07.14-00.30.41:994][777]LogModuleManager: Shutting down and abandoning module StatsViewer (196)
[2016.07.14-00.30.41:994][777]LogModuleManager: Shutting down and abandoning module FoliageEdit (195)
[2016.07.14-00.30.41:994][777]LogModuleManager: Shutting down and abandoning module LandscapeEditor (194)
[2016.07.14-00.30.41:994][777]LogModuleManager: Shutting down and abandoning module ActorPickerMode (193)
[2016.07.14-00.30.41:994][777]LogModuleManager: Shutting down and abandoning module GeometryMode (192)
[2016.07.14-00.30.41:994][777]LogModuleManager: Shutting down and abandoning module TextureAlignMode (191)
[2016.07.14-00.30.41:994][777]LogModuleManager: Shutting down and abandoning module BspMode (190)
[2016.07.14-00.30.41:994][777]LogModuleManager: Shutting down and abandoning module PlacementMode (189)
[2016.07.14-00.30.41:995][777]LogModuleManager: Shutting down and abandoning module AutomationWorker (188)
[2016.07.14-00.30.41:995][777]LogModuleManager: Shutting down and abandoning module CharacterAI (187)
[2016.07.14-00.30.41:995][777]LogModuleManager: Shutting down and abandoning module SmartSnapping (186)
[2016.07.14-00.30.41:995][777]LogModuleManager: Shutting down and abandoning module ViewportSnapping (185)
[2016.07.14-00.30.41:995][777]LogModuleManager: Shutting down and abandoning module LogVisualizer (184)
[2016.07.14-00.30.41:995][777]LogModuleManager: Shutting down and abandoning module GameProjectGeneration (183)
[2016.07.14-00.30.41:995][777]LogModuleManager: Shutting down and abandoning module IntroTutorials (182)
[2016.07.14-00.30.41:995][777]LogModuleManager: Shutting down and abandoning module EditorLiveStreaming (181)
[2016.07.14-00.30.41:995][777]LogModuleManager: Shutting down and abandoning module IOSPlatformEditor (180)
[2016.07.14-00.30.41:995][777]LogModuleManager: Shutting down and abandoning module HTML5PlatformEditor (179)
[2016.07.14-00.30.41:995][777]LogModuleManager: Shutting down and abandoning module AndroidDeviceDetection (178)
[2016.07.14-00.30.42:505][777]LogModuleManager: Shutting down and abandoning module AndroidPlatformEditor (177)
[2016.07.14-00.30.42:505][777]LogModuleManager: Shutting down and abandoning module IOSRuntimeSettings (176)
[2016.07.14-00.30.42:505][777]LogModuleManager: Shutting down and abandoning module AndroidRuntimeSettings (175)
[2016.07.14-00.30.42:505][777]LogModuleManager: Shutting down and abandoning module MergeActors (174)
[2016.07.14-00.30.42:505][777]LogModuleManager: Shutting down and abandoning module SizeMap (173)
[2016.07.14-00.30.42:505][777]LogModuleManager: Shutting down and abandoning module TreeMap (172)
[2016.07.14-00.30.42:505][777]LogModuleManager: Shutting down and abandoning module ReferenceViewer (171)
[2016.07.14-00.30.42:505][777]LogModuleManager: Shutting down and abandoning module LocalizationService (170)
[2016.07.14-00.30.42:505][777]LogModuleManager: Shutting down and abandoning module LocalizationDashboard (169)
[2016.07.14-00.30.42:505][777]LogModuleManager: Shutting down and abandoning module HardwareTargeting (168)
[2016.07.14-00.30.42:505][777]LogModuleManager: Shutting down and abandoning module DeviceProfileEditor (167)
[2016.07.14-00.30.42:505][777]LogModuleManager: Shutting down and abandoning module UndoHistory (166)
[2016.07.14-00.30.42:505][777]LogModuleManager: Shutting down and abandoning module UserFeedback (165)
[2016.07.14-00.30.42:505][777]LogModuleManager: Shutting down and abandoning module XmlParser (164)
[2016.07.14-00.30.42:505][777]LogModuleManager: Shutting down and abandoning module Blutility (163)
[2016.07.14-00.30.42:505][777]LogModuleManager: Shutting down and abandoning module ProjectTargetPlatformEditor (162)
[2016.07.14-00.30.42:505][777]LogModuleManager: Shutting down and abandoning module ProjectSettingsViewer (161)
[2016.07.14-00.30.42:505][777]LogModuleManager: Shutting down and abandoning module InputBindingEditor (160)
[2016.07.14-00.30.42:505][777]LogModuleManager: Shutting down and abandoning module EditorSettingsViewer (159)
[2016.07.14-00.30.42:505][777]LogModuleManager: Shutting down and abandoning module SettingsEditor (158)
[2016.07.14-00.30.42:505][777]LogModuleManager: Shutting down and abandoning module ProjectLauncher (157)
[2016.07.14-00.30.42:506][777]LogModuleManager: Shutting down and abandoning module SessionFrontend (156)
[2016.07.14-00.30.42:506][777]LogModuleManager: Shutting down and abandoning module ProfilerClient (155)
[2016.07.14-00.30.42:506][777]LogModuleManager: Shutting down and abandoning module TargetDeviceServices (154)
[2016.07.14-00.30.42:506][777]LogModuleManager: Shutting down and abandoning module DeviceManager (153)
[2016.07.14-00.30.42:546][777]LogModuleManager: Shutting down and abandoning module AutomationController (152)
[2016.07.14-00.30.42:546][777]LogModuleManager: Shutting down and abandoning module AutomationWindow (151)
[2016.07.14-00.30.42:546][777]LogModuleManager: Shutting down and abandoning module Layers (150)
[2016.07.14-00.30.42:546][777]LogModuleManager: Shutting down and abandoning module ComponentVisualizers (149)
[2016.07.14-00.30.42:546][777]LogModuleManager: Shutting down and abandoning module DetailCustomizations (148)
[2016.07.14-00.30.42:546][777]LogModuleManager: Shutting down and abandoning module PackagesDialog (147)
[2016.07.14-00.30.42:546][777]LogModuleManager: Shutting down and abandoning module Persona (146)
[2016.07.14-00.30.42:546][777]LogModuleManager: Shutting down and abandoning module Kismet (145)
[2016.07.14-00.30.42:546][777]LogModuleManager: Shutting down and abandoning module GraphEditor (144)
[2016.07.14-00.30.42:546][777]LogModuleManager: Shutting down and abandoning module ClassViewer (143)
[2016.07.14-00.30.42:546][777]LogModuleManager: Shutting down and abandoning module Toolbox (142)
[2016.07.14-00.30.42:546][777]LogModuleManager: Shutting down and abandoning module ModuleUI (141)
[2016.07.14-00.30.42:546][777]LogModuleManager: Shutting down and abandoning module MovieSceneTools (140)
[2016.07.14-00.30.42:546][777]LogModuleManager: Shutting down and abandoning module OutputLog (139)
[2016.07.14-00.30.42:546][777]LogModuleManager: Shutting down and abandoning module GammaUI (138)
[2016.07.14-00.30.42:546][777]LogModuleManager: Shutting down and abandoning module Documentation (137)
[2016.07.14-00.30.42:546][777]LogModuleManager: Shutting down and abandoning module StreamingPauseRendering (136)
[2016.07.14-00.30.42:546][777]LogModuleManager: Shutting down and abandoning module AnalyticsET (135)
[2016.07.14-00.30.42:546][777]LogModuleManager: Shutting down and abandoning module Analytics (134)
[2016.07.14-00.30.42:546][777]LogModuleManager: Shutting down and abandoning module PortalServices (133)
[2016.07.14-00.30.42:546][777]LogModuleManager: Shutting down and abandoning module PortalRpc (132)
[2016.07.14-00.30.42:546][777]LogModuleManager: Shutting down and abandoning module MessagingRpc (131)
[2016.07.14-00.30.42:546][777]LogModuleManager: Shutting down and abandoning module AITestSuite (130)
[2016.07.14-00.30.42:546][777]LogModuleManager: Shutting down and abandoning module GameplayDebugger (129)
[2016.07.14-00.30.42:546][777]LogModuleManager: Shutting down and abandoning module AIModule (128)
[2016.07.14-00.30.42:546][777]LogModuleManager: Shutting down and abandoning module ProfilerService (127)
[2016.07.14-00.30.42:781][777]LogModuleManager: Shutting down and abandoning module TaskGraph (126)
[2016.07.14-00.30.42:781][777]LogModuleManager: Shutting down and abandoning module SlateRemote (125)
[2016.07.14-00.30.42:781][777]LogModuleManager: Shutting down and abandoning module SteamVRController (124)
[2016.07.14-00.30.42:781][777]LogModuleManager: Shutting down and abandoning module SteamVR (123)
[2016.07.14-00.30.42:781][777]LogModuleManager: Shutting down and abandoning module ProceduralMeshComponent (122)
[2016.07.14-00.30.42:781][777]LogModuleManager: Shutting down and abandoning module OculusLibrary (121)
[2016.07.14-00.30.42:781][777]LogModuleManager: Shutting down and abandoning module OculusInput (120)
[2016.07.14-00.30.42:781][777]LogModuleManager: Shutting down and abandoning module CustomMeshComponent (119)
[2016.07.14-00.30.42:781][777]LogModuleManager: Shutting down and abandoning module CableComponent (118)
[2016.07.14-00.30.42:781][777]LogModuleManager: Shutting down and abandoning module ArchVisCharacter (117)
[2016.07.14-00.30.42:781][777]LogModuleManager: Shutting down and abandoning module MediaPlayerEditor (116)
[2016.07.14-00.30.42:781][777]LogModuleManager: Shutting down and abandoning module HTML5Networking (115)
[2016.07.14-00.30.42:781][777]LogModuleManager: Shutting down and abandoning module SpeedTreeImporter (114)
[2016.07.14-00.30.42:781][777]LogModuleManager: Shutting down and abandoning module PluginBrowser (113)
[2016.07.14-00.30.42:781][777]LogModuleManager: Shutting down and abandoning module EpicSurvey (112)
[2016.07.14-00.30.42:781][777]LogModuleManager: Shutting down and abandoning module DesktopPlatform (111)
[2016.07.14-00.30.42:781][777]LogModuleManager: Shutting down and abandoning module VisualStudioSourceCodeAccess (110)
[2016.07.14-00.30.42:781][777]LogModuleManager: Shutting down and abandoning module UObjectPlugin (109)
[2016.07.14-00.30.42:781][777]LogModuleManager: Shutting down and abandoning module SubversionSourceControl (108)
[2016.07.14-00.30.42:781][777]LogModuleManager: Shutting down and abandoning module PerforceSourceControl (107)
[2016.07.14-00.30.42:781][777]LogModuleManager: Shutting down and abandoning module SourceControl (106)
[2016.07.14-00.30.42:781][777]LogModuleManager: Shutting down and abandoning module GitSourceControl (105)
[2016.07.14-00.30.42:781][777]LogModuleManager: Shutting down and abandoning module LightPropagationVolumeEditor (104)
[2016.07.14-00.30.42:781][777]LogModuleManager: Shutting down and abandoning module PaperTiledImporter (103)
[2016.07.14-00.30.42:781][777]LogModuleManager: Shutting down and abandoning module PaperSpriteSheetImporter (102)
[2016.07.14-00.30.42:781][777]LogModuleManager: Shutting down and abandoning module MeshPaint (101)
[2016.07.14-00.30.42:781][777]LogModuleManager: Shutting down and abandoning module HotReload (100)
[2016.07.14-00.30.42:782][777]LogModuleManager: Shutting down and abandoning module MainFrame (99)
[2016.07.14-00.30.42:782][777]LogModuleManager: Shutting down and abandoning module LevelEditor (98)
[2016.07.14-00.30.42:782][777]LogModuleManager: Shutting down and abandoning module DirectoryWatcher (97)
[2016.07.14-00.30.42:783][777]LogModuleManager: Shutting down and abandoning module AssetRegistry (96)
[2016.07.14-00.30.42:826][777]LogModuleManager: Shutting down and abandoning module ContentBrowser (95)
[2016.07.14-00.30.42:827][777]LogModuleManager: Shutting down and abandoning module Paper2DEditor (94)
[2016.07.14-00.30.42:827][777]LogModuleManager: Shutting down and abandoning module Project_PlanetDef (93)
[2016.07.14-00.30.42:827][777]LogModuleManager: Shutting down and abandoning module UdpMessaging (92)
[2016.07.14-00.30.42:927][777]LogModuleManager: Shutting down and abandoning module LightPropagationVolumeRuntime (91)
[2016.07.14-00.30.42:927][777]LogModuleManager: Shutting down and abandoning module Paper2D (90)
[2016.07.14-00.30.42:927][777]LogModuleManager: Shutting down and abandoning module WindowsMoviePlayer (89)
[2016.07.14-00.30.42:927][777]LogModuleManager: Shutting down and abandoning module Media (88)
[2016.07.14-00.30.42:927][777]LogModuleManager: Shutting down and abandoning module WmfMedia (87)
[2016.07.14-00.30.42:927][777]LogModuleManager: Shutting down and abandoning module MediaAssets (86)
[2016.07.14-00.30.42:927][777]LogModuleManager: Shutting down and abandoning module GameLiveStreaming (85)
[2016.07.14-00.30.42:927][777]LogModuleManager: Shutting down and abandoning module GameplayTagsEditor (84)
[2016.07.14-00.30.42:927][777]LogModuleManager: Shutting down and abandoning module OnlineBlueprintSupport (83)
[2016.07.14-00.30.42:927][777]LogModuleManager: Shutting down and abandoning module GameplayTasksEditor (82)
[2016.07.14-00.30.42:927][777]LogModuleManager: Shutting down and abandoning module PropertyEditor (81)
[2016.07.14-00.30.42:927][777]LogModuleManager: Shutting down and abandoning module BehaviorTreeEditor (80)
[2016.07.14-00.30.42:927][777]LogModuleManager: Shutting down and abandoning module FunctionalTesting (79)
[2016.07.14-00.30.42:927][777]LogModuleManager: Shutting down and abandoning module CollisionAnalyzer (78)
[2016.07.14-00.30.42:927][777]LogModuleManager: Shutting down and abandoning module WorkspaceMenuStructure (77)
[2016.07.14-00.30.42:927][777]LogModuleManager: Shutting down and abandoning module MessageLog (76)
[2016.07.14-00.30.42:927][777]LogModuleManager: Shutting down and abandoning module Sequencer (75)
[2016.07.14-00.30.42:927][777]LogModuleManager: Shutting down and abandoning module AssetTools (74)
[2016.07.14-00.30.42:927][777]LogModuleManager: Shutting down and abandoning module UMGEditor (73)
[2016.07.14-00.30.42:927][777]LogModuleManager: Shutting down and abandoning module UMG (72)
[2016.07.14-00.30.42:928][777]LogModuleManager: Shutting down and abandoning module SlateReflector (71)
[2016.07.14-00.30.42:928][777]LogModuleManager: Shutting down and abandoning module Slate (70)
[2016.07.14-00.30.42:928][777]LogModuleManager: Shutting down and abandoning module EditorStyle (69)
[2016.07.14-00.30.42:929][777]LogModuleManager: Shutting down and abandoning module SessionServices (68)
[2016.07.14-00.30.42:929][777]LogModuleManager: Shutting down and abandoning module SourceCodeAccess (67)
[2016.07.14-00.30.42:929][777]LogModuleManager: Shutting down and abandoning module HeadMountedDisplay (66)
[2016.07.14-00.30.42:929][777]LogModuleManager: Shutting down and abandoning module XAudio2 (65)
[2016.07.14-00.30.42:929][777]LogModuleManager: Shutting down and abandoning module Networking (63)
[2016.07.14-00.30.42:929][777]LogModuleManager: Shutting down and abandoning module Core (62)
[2016.07.14-00.30.42:929][777]LogModuleManager: Shutting down and abandoning module KismetCompiler (61)
[2016.07.14-00.30.42:929][777]LogModuleManager: Shutting down and abandoning module PhysXFormats (60)
[2016.07.14-00.30.42:929][777]LogModuleManager: Shutting down and abandoning module MeshUtilities (59)
[2016.07.14-00.30.42:930][777]LogModuleManager: Shutting down and abandoning module CookingStats (58)
[2016.07.14-00.30.42:930][777]LogModuleManager: Shutting down and abandoning module DerivedDataCache (57)
[2016.07.14-00.30.42:930][777]LogDerivedDataCache: Shutdown
[2016.07.14-00.30.42:930][777]LogModuleManager: Shutting down and abandoning module ShaderFormatOpenGL (56)
[2016.07.14-00.30.42:930][777]LogModuleManager: Shutting down and abandoning module ShaderFormatD3D (55)
[2016.07.14-00.30.42:930][777]LogModuleManager: Shutting down and abandoning module MetalShaderFormat (54)
[2016.07.14-00.30.42:930][777]LogModuleManager: Shutting down and abandoning module TextureFormatUncompressed (53)
[2016.07.14-00.30.42:930][777]LogModuleManager: Shutting down and abandoning module TextureFormatPVR (52)
[2016.07.14-00.30.42:930][777]LogModuleManager: Shutting down and abandoning module TextureFormatIntelISPCTexComp (51)
[2016.07.14-00.30.42:930][777]LogModuleManager: Shutting down and abandoning module TextureFormatDXT (50)
[2016.07.14-00.30.42:930][777]LogModuleManager: Shutting down and abandoning module ImageWrapper (49)
[2016.07.14-00.30.42:930][777]LogModuleManager: Shutting down and abandoning module TextureFormatASTC (48)
[2016.07.14-00.30.42:930][777]LogModuleManager: Shutting down and abandoning module TextureFormatAndroid (47)
[2016.07.14-00.30.42:930][777]LogModuleManager: Shutting down and abandoning module AudioFormatOpus (46)
[2016.07.14-00.30.42:930][777]LogModuleManager: Shutting down and abandoning module AudioFormatOgg (45)
[2016.07.14-00.30.42:930][777]LogModuleManager: Shutting down and abandoning module AudioFormatADPCM (44)
[2016.07.14-00.30.42:930][777]LogModuleManager: Shutting down and abandoning module LinuxTargetPlatform (43)
[2016.07.14-00.30.42:930][777]LogModuleManager: Shutting down and abandoning module LinuxServerTargetPlatform (42)
[2016.07.14-00.30.42:930][777]LogModuleManager: Shutting down and abandoning module LinuxNoEditorTargetPlatform (41)
[2016.07.14-00.30.42:930][777]LogModuleManager: Shutting down and abandoning module TVOSTargetPlatform (40)
[2016.07.14-00.30.42:930][777]LogModuleManager: Shutting down and abandoning module Messaging (39)
[2016.07.14-00.30.42:930][777]LogModuleManager: Shutting down and abandoning module IOSTargetPlatform (38)
[2016.07.14-00.30.42:930][777]LogModuleManager: Shutting down and abandoning module HTML5TargetPlatform (37)
[2016.07.14-00.30.42:930][777]LogModuleManager: Shutting down and abandoning module Android_PVRTCTargetPlatform (36)
[2016.07.14-00.30.42:930][777]LogModuleManager: Shutting down and abandoning module Android_MultiTargetPlatform (35)
[2016.07.14-00.30.42:930][777]LogModuleManager: Shutting down and abandoning module Android_ETC2TargetPlatform (34)
[2016.07.14-00.30.42:930][777]LogModuleManager: Shutting down and abandoning module Android_ETC1TargetPlatform (33)
[2016.07.14-00.30.42:930][777]LogModuleManager: Shutting down and abandoning module Android_DXTTargetPlatform (32)
[2016.07.14-00.30.42:930][777]LogModuleManager: Shutting down and abandoning module Android_ATCTargetPlatform (31)
[2016.07.14-00.30.42:930][777]LogModuleManager: Shutting down and abandoning module Android_ASTCTargetPlatform (30)
[2016.07.14-00.30.42:930][777]LogModuleManager: Shutting down and abandoning module AndroidTargetPlatform (29)
[2016.07.14-00.30.42:930][777]LogModuleManager: Shutting down and abandoning module WindowsTargetPlatform (28)
[2016.07.14-00.30.42:930][777]LogModuleManager: Shutting down and abandoning module WindowsServerTargetPlatform (27)
[2016.07.14-00.30.42:930][777]LogModuleManager: Shutting down and abandoning module WindowsNoEditorTargetPlatform (26)
[2016.07.14-00.30.42:930][777]LogModuleManager: Shutting down and abandoning module WindowsClientTargetPlatform (25)
[2016.07.14-00.30.42:930][777]LogModuleManager: Shutting down and abandoning module AllDesktopTargetPlatform (24)
[2016.07.14-00.30.42:930][777]LogModuleManager: Shutting down and abandoning module TargetPlatform (23)
[2016.07.14-00.30.42:930][777]LogModuleManager: Shutting down and abandoning module InputCore (22)
[2016.07.14-00.30.42:930][777]LogModuleManager: Shutting down and abandoning module Settings (21)
[2016.07.14-00.30.42:930][777]LogModuleManager: Shutting down and abandoning module OnlineSubsystem (19)
[2016.07.14-00.30.42:930][777]LogModuleManager: Shutting down and abandoning module HTTP (18)
[2016.07.14-00.30.44:930][777]LogModuleManager: Shutting down and abandoning module XMPP (17)
[2016.07.14-00.30.44:930][777]LogModuleManager: Shutting down and abandoning module OculusRift (16)
[2016.07.14-00.30.44:930][777]LogModuleManager: Shutting down and abandoning module ExampleDeviceProfileSelector (15)
[2016.07.14-00.30.44:930][777]LogModuleManager: Shutting down and abandoning module TextureCompressor (14)
[2016.07.14-00.30.44:930][777]LogModuleManager: Shutting down and abandoning module ShaderCore (13)
[2016.07.14-00.30.44:930][777]LogModuleManager: Shutting down and abandoning module Landscape (12)
[2016.07.14-00.30.44:930][777]LogModuleManager: Shutting down and abandoning module SlateRHIRenderer (11)
[2016.07.14-00.30.44:931][777]LogModuleManager: Shutting down and abandoning module OpenGLDrv (10)
[2016.07.14-00.30.44:931][777]LogModuleManager: Shutting down and abandoning module D3D11RHI (9)
[2016.07.14-00.30.44:931][777]LogModuleManager: Shutting down and abandoning module AnimGraphRuntime (8)
[2016.07.14-00.30.44:931][777]LogModuleManager: Shutting down and abandoning module Renderer (7)
[2016.07.14-00.30.44:931][777]LogModuleManager: Shutting down and abandoning module Engine (6)
[2016.07.14-00.30.44:931][777]LogModuleManager: Shutting down and abandoning module CoreUObject (5)
[2016.07.14-00.30.44:931][777]LogModuleManager: Shutting down and abandoning module NetworkFile (4)
[2016.07.14-00.30.44:931][777]LogModuleManager: Shutting down and abandoning module StreamingFile (3)
[2016.07.14-00.30.44:931][777]LogModuleManager: Shutting down and abandoning module SandboxFile (2)
[2016.07.14-00.30.44:931][777]LogModuleManager: Shutting down and abandoning module PakFile (1)
[2016.07.14-00.30.44:932][777]LogExit: Exiting.
[2016.07.14-00.30.44:946][777]Log file closed, 07/14/16 10:30:44
