Log file open, 06/23/16 19:32:01
LogInit:Display: Running engine for game: Project_PlanetDef
LogPlatformFile: Not using cached read wrapper
LogInit:Display: RandInit(-1896844833) SRandInit(-1896844832).
LogTaskGraph: Started task graph with 4 named threads and 7 total threads.
LogStats: Stats thread started at 0.065208
OCULUS: Info: [CAPI] LibOVR module is located at C:\Program Files (x86)\Oculus\Support\oculus-runtime\LibOVRRT64_1.dll
OCULUS: Debug: Connected to the server running version (prod = 1).1.4.0(build = 224996) feature version = 0. Client runs version (prod = 1).1.4.0(build = 224996) feature version = 0
OCULUS: Debug: [HMDState] Using default profile default
OCULUS: Info: IAD changed to 64.0mm
OCULUS: Debug: [SharedMemory] Creating factory
LogInit: Version: 4.11.2-2946394+++UE4+Release-4.11
LogInit: API Version: 2927265
LogInit: Compiled (64-bit): Apr 18 2016 02:18:46
LogInit: Compiled with Visual C++: 19.00.23026.00
LogInit: Build Configuration: Development
LogInit: Branch Name: ++UE4+Release-4.11
LogInit: Command line:  
LogInit: Base directory: D:/Program Files (x86)/Epic Games/4.11/Engine/Binaries/Win64/
LogInit: Installed Engine Build: 1
LogInit: Using libcurl 7.41.0
LogInit:  - built for x86_64-pc-win32
LogInit:  - supports SSL with WinSSL
LogInit:  - other features:
LogInit:      CURL_VERSION_SSL
LogInit:      CURL_VERSION_IPV6
LogInit:      CURL_VERSION_ASYNCHDNS
LogInit:      CURL_VERSION_LARGEFILE
LogInit:      CURL_VERSION_IDN
LogInit:  CurlRequestOptions (configurable via config and command line):
LogInit:  - bVerifyPeer = true  - Libcurl will verify peer certificate
LogInit:  - bUseHttpProxy = false  - Libcurl will NOT use HTTP proxy
LogInit:  - bDontReuseConnections = false  - Libcurl will reuse connections
LogInit:  - CertBundlePath = nullptr  - Libcurl will use whatever was configured at build time.
LogInit: Presizing for max 16777216 objects, including 0 objects not considered by GC, pre-allocating 0 bytes for permanent pool.
LogInit: Object subsystem initialized
[2016.06.23-09.32.01:574][  0]LogInit: Selected Device Profile: [Windows]
[2016.06.23-09.32.01:574][  0]LogInit: Applying CVar settings loaded from the selected device profile: [Windows]
[2016.06.23-09.32.01:581][  0]LogInit: Computer: DESKTOP-M92PTO3
[2016.06.23-09.32.01:581][  0]LogInit: User: StefanoAdmin
[2016.06.23-09.32.01:581][  0]LogInit: CPU Page size=65536, Cores=4
[2016.06.23-09.32.01:581][  0]LogInit: High frequency timer resolution =3.328126 MHz
[2016.06.23-09.32.01:582][  0]LogMemory: Memory total: Physical=15.9GB (16GB approx)
[2016.06.23-09.32.01:582][  0]LogMemory: Platform Memory Stats for Windows
[2016.06.23-09.32.01:582][  0]LogMemory: Process Physical Memory: 317.98 MB used, 317.98 MB peak
[2016.06.23-09.32.01:582][  0]LogMemory: Process Virtual Memory: 317.85 MB used, 317.85 MB peak
[2016.06.23-09.32.01:582][  0]LogMemory: Physical Memory: 5425.71 MB used, 16313.61 MB total
[2016.06.23-09.32.01:582][  0]LogMemory: Virtual Memory: 695.65 MB used, 134217728.00 MB total
[2016.06.23-09.32.01:806][  0]LogTextLocalizationManager: No specific translations for ('en-AU') exist, so ('en') translations will be used.
[2016.06.23-09.32.02:158][  0]LogD3D11RHI: D3D11 adapters:
[2016.06.23-09.32.02:182][  0]LogD3D11RHI:    0. 'NVIDIA GeForce GTX 980' (Feature Level 11_0)
[2016.06.23-09.32.02:182][  0]LogD3D11RHI:       4008MB of dedicated video memory, 0MB of dedicated system memory, and 8156MB of shared system memory, 1 output[s]
[2016.06.23-09.32.02:184][  0]LogD3D11RHI:    1. 'Microsoft Basic Render Driver' (Feature Level 11_0)
[2016.06.23-09.32.02:184][  0]LogD3D11RHI:       0MB of dedicated video memory, 0MB of dedicated system memory, and 8156MB of shared system memory, 0 output[s]
[2016.06.23-09.32.02:184][  0]LogD3D11RHI: Chosen D3D11 Adapter: 0
[2016.06.23-09.32.02:188][  0]LogD3D11RHI: Creating new Direct3DDevice
[2016.06.23-09.32.02:188][  0]LogD3D11RHI:     Adapter Name: NVIDIA GeForce GTX 980
[2016.06.23-09.32.02:188][  0]LogD3D11RHI:   Driver Version: 10.18.13.6510 (internal 10.18.13.6510)
[2016.06.23-09.32.02:188][  0]LogD3D11RHI:      Driver Date: 4-27-2016
[2016.06.23-09.32.02:188][  0]LogRHI: Texture pool is 1361 MB (70% of 1945 MB)
[2016.06.23-09.32.02:197][  0]LogD3D11RHI: Async texture creation enabled
[2016.06.23-09.32.02:206][  0]LogShaderCompilers: Guid format shader working directory is -48 characters bigger than the processId version (../../../../../../Admin/Documents/GitHub Repositories/Project_PlanetDefence/Project_PlanetDef/Intermediate/Shaders/WorkingDirectory/11156/).
[2016.06.23-09.32.02:206][  0]LogShaderCompilers: Cleaned the shader compiler working directory 'C:/Users/Admin/AppData/Local/Temp/UnrealShaderWorkingDir/DA7CE3C44B5A6DEAA7BD6B91EBC02C0A/'.
[2016.06.23-09.32.02:206][  0]LogShaderCompilers:Display: Using Local Shader Compiler.
[2016.06.23-09.32.03:679][  0]LogTemp:Display: Loaded TP AllDesktopTargetPlatform
[2016.06.23-09.32.03:682][  0]LogTemp:Display: Loaded TP WindowsClientTargetPlatform
[2016.06.23-09.32.03:685][  0]LogTemp:Display: Loaded TP WindowsNoEditorTargetPlatform
[2016.06.23-09.32.03:689][  0]LogTemp:Display: Loaded TP WindowsServerTargetPlatform
[2016.06.23-09.32.03:692][  0]LogTemp:Display: Loaded TP WindowsTargetPlatform
[2016.06.23-09.32.03:694][  0]LogTemp:Display: Loaded TP AndroidTargetPlatform
[2016.06.23-09.32.03:696][  0]LogTemp:Display: Loaded TP Android_ASTCTargetPlatform
[2016.06.23-09.32.03:698][  0]LogTemp:Display: Loaded TP Android_ATCTargetPlatform
[2016.06.23-09.32.03:701][  0]LogTemp:Display: Loaded TP Android_DXTTargetPlatform
[2016.06.23-09.32.03:703][  0]LogTemp:Display: Loaded TP Android_ETC1TargetPlatform
[2016.06.23-09.32.03:705][  0]LogTemp:Display: Loaded TP Android_ETC2TargetPlatform
[2016.06.23-09.32.03:710][  0]LogTemp:Display: Loaded TP Android_MultiTargetPlatform
[2016.06.23-09.32.03:710][  0]LogTemp:Display: Loaded TP Android_PVRTCTargetPlatform
[2016.06.23-09.32.03:710][  0]LogTemp:Display: Loaded TP HTML5TargetPlatform
[2016.06.23-09.32.03:725][  0]LogTemp:Display: Loaded TP IOSTargetPlatform
[2016.06.23-09.32.03:727][  0]LogTemp:Display: Loaded TP TVOSTargetPlatform
[2016.06.23-09.32.03:729][  0]LogTemp:Display: Loaded TP LinuxNoEditorTargetPlatform
[2016.06.23-09.32.03:731][  0]LogTemp:Display: Loaded TP LinuxServerTargetPlatform
[2016.06.23-09.32.03:733][  0]LogTemp:Display: Loaded TP LinuxTargetPlatform
[2016.06.23-09.32.03:733][  0]LogTargetPlatformManager:Display: Building Assets For Windows
[2016.06.23-09.32.03:782][  0]LogDerivedDataCache:Display: Max Cache Size: 512 MB
[2016.06.23-09.32.03:826][  0]LogDerivedDataCache: Loaded boot cache 0.04s 59MB C:/Users/Admin/AppData/Local/UnrealEngine/4.11/DerivedDataCache/Boot.ddc.
[2016.06.23-09.32.03:826][  0]LogDerivedDataCache:Display: Loaded Boot cache: C:/Users/Admin/AppData/Local/UnrealEngine/4.11/DerivedDataCache/Boot.ddc
[2016.06.23-09.32.03:826][  0]LogDerivedDataCache: FDerivedDataBackendGraph:  Pak pak cache file ../../../../../../Admin/Documents/GitHub Repositories/Project_PlanetDefence/Project_PlanetDef/DerivedDataCache/DDC.ddp not found, will not use a pak cache.
[2016.06.23-09.32.03:826][  0]LogDerivedDataCache: Unable to find inner node Pak for hierarchical cache Hierarchy.
[2016.06.23-09.32.03:826][  0]LogDerivedDataCache: FDerivedDataBackendGraph:  CompressedPak pak cache file ../../../../../../Admin/Documents/GitHub Repositories/Project_PlanetDefence/Project_PlanetDef/DerivedDataCache/Compressed.ddp not found, will not use a pak cache.
[2016.06.23-09.32.03:826][  0]LogDerivedDataCache: Unable to find inner node CompressedPak for hierarchical cache Hierarchy.
[2016.06.23-09.32.03:837][  0]LogDerivedDataCache:Display: Pak cache opened for reading ../../../Engine/DerivedDataCache/Compressed.ddp.
[2016.06.23-09.32.03:849][  0]LogDerivedDataCache: Using Local data cache path C:/Users/Admin/AppData/Local/UnrealEngine/Common/DerivedDataCache: Writable
[2016.06.23-09.32.03:960][  0]LogInit: Selected Device Profile: [Windows]
[2016.06.23-09.32.03:960][  0]LogContentStreaming: Texture pool size is 0.00 MB
[2016.06.23-09.32.03:984][  0]LogMaterial: Uniform references updated for custom material expression Custom.
[2016.06.23-09.32.04:080][  0]LogMeshUtilities: No automatic mesh reduction module available
[2016.06.23-09.32.04:080][  0]LogMeshUtilities: No automatic mesh merging module available
[2016.06.23-09.32.04:080][  0]LogMeshUtilities: No distributed automatic mesh merging module available
[2016.06.23-09.32.04:236][  0]LogUObjectArray: 27679 objects as part of root set at end of initial load.
[2016.06.23-09.32.04:236][  0]LogUObjectAllocator: 5591592 out of 0 bytes used by permanent object pool.
[2016.06.23-09.32.04:236][  0]LogUObjectArray: CloseDisregardForGC: 0/0 objects in disregard for GC pool
[2016.06.23-09.32.04:240][  0]LogInit: WinSock: version 1.1 (2.2), MaxSocks=32767, MaxUdp=65467
[2016.06.23-09.32.04:295][  0]LogSlate: SlateFontCache - WITH_FREETYPE: 1, WITH_HARFBUZZ: 1
[2016.06.23-09.32.04:295][  0]LogSlate: SlateFontCache - WITH_FREETYPE: 1, WITH_HARFBUZZ: 1
[2016.06.23-09.32.04:360][  0]LogStreaming:Warning: Failed to read file '../../../Engine/Content/Editor/Slate/Common/Selection_16x.png' error.
[2016.06.23-09.32.04:360][  0]LogSlate: Could not find file for Slate resource: ../../../Engine/Content/Editor/Slate/Common/Selection_16x.png
[2016.06.23-09.32.04:360][  0]LogStreaming:Warning: Failed to read file '../../../Engine/Content/Editor/Slate/Common/Selection_16x.png' error.
[2016.06.23-09.32.04:360][  0]LogSlate: Could not find file for Slate resource: ../../../Engine/Content/Editor/Slate/Common/Selection_16x.png
[2016.06.23-09.32.04:360][  0]LogStreaming:Warning: Failed to read file '../../../Engine/Content/Editor/Slate/Common/Selection_16x.png' error.
[2016.06.23-09.32.04:360][  0]LogSlate: Could not find file for Slate resource: ../../../Engine/Content/Editor/Slate/Common/Selection_16x.png
[2016.06.23-09.32.04:756][  0]LogSubstanceCoreModule: Substance CPU Engine Loaded, Max Texture Size 2048
[2016.06.23-09.32.04:761][  0]LogUdpMessaging: Initializing bridge on interface 0.0.0.0:0 to multicast group 230.0.0.1:6666.
[2016.06.23-09.32.04:853][  0]LogAssetRegistry: FAssetRegistry took 0.0210 seconds to start up
[2016.06.23-09.32.04:952][  0]SourceControl: Info Source control is disabled
[2016.06.23-09.32.04:974][  0]SourceControl: Info Source control is disabled
[2016.06.23-09.32.04:980][  0]SourceControl: Info Source control is disabled
[2016.06.23-09.32.04:986][  0]SourceControl: Info Source control is disabled
[2016.06.23-09.32.05:404][  0]LogEngine: Initializing Engine...
[2016.06.23-09.32.05:404][  0]LogHMD: Oculus plugin initialized. Version: 4.11.2-2946394+++UE4+Release-4.11, LibOVR: 1.4.0, SDK: 1.3.0, built Apr 18 2016, 02:19:44
[2016.06.23-09.32.05:506][  0]OCULUS: Debug: [HMDState] Using default profile default
[2016.06.23-09.32.05:506][  0]OCULUS: Info: IAD changed to 64.0mm
[2016.06.23-09.32.05:516][  0]LogAIModule: Creating AISystem for world NewWorld
[2016.06.23-09.32.05:526][  0]LogInit: XAudio2 using 'Headphones (Rift Audio)' : 2 channels at 48 kHz using 16 bits per sample (channel mask 0x3)
[2016.06.23-09.32.05:532][  0]LogInit: FAudioDevice initialized.
[2016.06.23-09.32.05:554][  0]LogDerivedDataCache: Saved boot cache 0.02s 58MB C:/Users/Admin/AppData/Local/UnrealEngine/4.11/DerivedDataCache/Boot.ddc.
[2016.06.23-09.32.05:559][  0]LogInit: Texture streaming: Enabled
[2016.06.23-09.32.05:574][  0]LogInit: Transaction tracking system initialized
[2016.06.23-09.32.05:588][  0]BlueprintLog: New page: Editor Load
[2016.06.23-09.32.05:638][  0]LocalizationService: Info Localization service is disabled
[2016.06.23-09.32.05:708][  0]LogConsoleResponse:Display: 
[2016.06.23-09.32.05:911][  0]LogCook:Display: Max memory allowance for cook 8192mb
[2016.06.23-09.32.05:911][  0]LogCook:Display: Mobile HDR setting 1
[2016.06.23-09.32.05:911][  0]LogCook:Display: Done creating registry. It took  0.00s.
[2016.06.23-09.32.05:940][  0]LogFileCache: Scanning file cache for directory 'D:/Admin/Documents/GitHub Repositories/Project_PlanetDefence/Project_PlanetDef/Content/' took 0.01s
[2016.06.23-09.32.05:940][  0]SourceControl: Info Source control is disabled
[2016.06.23-09.32.06:007][  0]LogWindowsTextInputMethodSystem:Display: IME system now deactivated.
[2016.06.23-09.32.13:696][  0]LogWindowsTextInputMethodSystem:Display: IME system now deactivated.
[2016.06.23-09.32.13:701][  0]LogWindowsTextInputMethodSystem:Display: IME system now deactivated.
[2016.06.23-09.32.13:701][  0]Cmd: MAP LOAD FILE="../../../Engine/Content/Maps/Templates/Template_Default.umap" TEMPLATE=1 SHOWPROGRESS=1 FEATURELEVEL=3
[2016.06.23-09.32.13:701][  0]LightingResults: New page: Lighting Build
[2016.06.23-09.32.13:704][  0]MapCheck: New page: Map Check
[2016.06.23-09.32.13:704][  0]LightingResults: New page: Lighting Build
[2016.06.23-09.32.13:873][  0]LogAIModule: Creating AISystem for world Untitled_1
[2016.06.23-09.32.13:878][  0]LogEditorServer: Finished looking for orphan Actors (0.000 secs)
[2016.06.23-09.32.13:881][  0]Cmd: MAP CHECKDEP NOCLEARLOG
[2016.06.23-09.32.13:903][  0]MapCheck: Info Map check complete: 0 Error(s), 0 Warning(s), took 22.086ms to complete.
[2016.06.23-09.32.13:903][  0]LogFileHelpers: Loading map 'Template_Default' took 0.202
[2016.06.23-09.32.13:945][  0]LogStats:Warning: MetaData mismatch. Did you assign a stat to two groups? New //STATGROUP_Threads//SplashScreenThread///Thread_14e8_0///####STATCAT_Advanced#### old //STATGROUP_Threads//SplashScreenThread///Thread_2c18_0///####STATCAT_Advanced####
[2016.06.23-09.32.13:945][  0]LogCollectionManager: Loaded 0 collections in 0.001064 seconds
[2016.06.23-09.32.13:980][  0]LogFileCache: Scanning file cache for directory 'D:/Admin/Documents/GitHub Repositories/Project_PlanetDefence/Project_PlanetDef/Saved/Collections/' took 0.01s
[2016.06.23-09.32.13:980][  0]LogFileCache: Scanning file cache for directory 'D:/Admin/Documents/GitHub Repositories/Project_PlanetDefence/Project_PlanetDef/Content/Developers/StefanoAdmin/Collections/' took 0.01s
[2016.06.23-09.32.13:980][  0]LogFileCache: Scanning file cache for directory 'D:/Admin/Documents/GitHub Repositories/Project_PlanetDefence/Project_PlanetDef/Content/Collections/' took 0.01s
[2016.06.23-09.32.13:980][  0]LogCollectionManager: Rebuilt the GUID cache for 0 collections in 0.000002 seconds
[2016.06.23-09.32.13:986][  0]LogContentBrowser: Native class hierarchy populated in 0.0054 seconds. Added 1994 classes and 349 folders.
[2016.06.23-09.32.13:988][  0]LogStats: UGameplayTagsManager::ConstructGameplayTagTree: Construct from data asset -  0.000 s
[2016.06.23-09.32.13:988][  0]LogStats: UGameplayTagsManager::ConstructGameplayTagTree: GameplayTagTreeChangedEvent.Broadcast -  0.000 s
[2016.06.23-09.32.13:989][  0]LogContentBrowser: Native class hierarchy updated for 'GameplayTags' in 0.0003 seconds. Added 12 classes and 0 folders.
[2016.06.23-09.32.13:991][  0]LogContentBrowser: Native class hierarchy updated for 'WidgetCarousel' in 0.0002 seconds. Added 0 classes and 0 folders.
[2016.06.23-09.32.13:995][  0]LogContentBrowser: Native class hierarchy updated for 'SuperSearch' in 0.0002 seconds. Added 1 classes and 2 folders.
[2016.06.23-09.32.14:016][  0]LogContentBrowser: Native class hierarchy updated for 'AddContentDialog' in 0.0002 seconds. Added 0 classes and 0 folders.
[2016.06.23-09.32.14:018][  0]LogContentBrowser: Native class hierarchy updated for 'SceneOutliner' in 0.0002 seconds. Added 1 classes and 2 folders.
[2016.06.23-09.32.14:032][  0]LogCrashTracker: Crashtracker disabled due to settings.
[2016.06.23-09.32.14:035][  0]LogUObjectGlobals:Warning: Failed to find object 'Class None.'
[2016.06.23-09.32.14:059][  0]LogContentBrowser: Native class hierarchy updated for 'HierarchicalLODOutliner' in 0.0002 seconds. Added 1 classes and 2 folders.
[2016.06.23-09.32.14:059][  0]LogLoad: Full Startup: 13.11 seconds (BP compile: 0.03 seconds)
[2016.06.23-09.32.14:059][  0]LogExternalProfiler: Found external profiler: VSPerf
[2016.06.23-09.32.14:059][  0]LogExternalProfiler: Using external profiler: VSPerf
[2016.06.23-09.32.14:068][  0]LogOcInput: OculusInput pre-init called
[2016.06.23-09.32.14:075][  0]LogOcInput: OculusInput is initialized. Init status 0. Runtime version: 1.4.0
[2016.06.23-09.32.14:088][  0]LogAssetRegistry: Asset discovery search completed in 9.2564 seconds
[2016.06.23-09.32.14:088][  0]LogCollectionManager: Rebuilt the object cache for 0 collections in 0.000001 seconds (found 0 objects)
[2016.06.23-09.32.14:088][  0]LogCollectionManager: Fixed up redirectors for 0 collections in 0.000014 seconds (updated 0 objects)
[2016.06.23-09.32.14:105][  0]LogContentStreaming: Texture pool size now 1000 MB
[2016.06.23-09.32.14:215][  0]LogRenderer: Reallocating scene render targets to support 1208x576 (Frame:2).
[2016.06.23-09.32.16:168][135]LogAIModule: Creating AISystem for world FirstLevel
[2016.06.23-09.32.16:216][135]Cmd: MAP LOAD FILE="../../../../../../Admin/Documents/GitHub Repositories/Project_PlanetDefence/Project_PlanetDef/Content/Maps/FirstLevel.umap" TEMPLATE=0 SHOWPROGRESS=1 FEATURELEVEL=3
[2016.06.23-09.32.16:217][135]LightingResults: New page: Lighting Build
[2016.06.23-09.32.16:230][135]LoadErrors: New page: Loading map: FirstLevel.umap
[2016.06.23-09.32.16:230][135]MapCheck: New page: Map Check
[2016.06.23-09.32.16:230][135]LightingResults: New page: Lighting Build
[2016.06.23-09.32.16:239][135]LogEditorServer: Finished looking for orphan Actors (0.000 secs)
[2016.06.23-09.32.16:261][135]Cmd: MAP CHECKDEP NOCLEARLOG
[2016.06.23-09.32.16:282][135]MapCheck: Info Map check complete: 0 Error(s), 0 Warning(s), took 20.677ms to complete.
[2016.06.23-09.32.16:282][135]LogFileHelpers: Loading map 'FirstLevel' took 0.066
[2016.06.23-09.32.19:079][256]LogEditorViewport: Clicking on Actor (LMB): LeftTurret_C (LeftTurret)
[2016.06.23-09.32.20:103][296]LogBlueprintUserMessages: Early PlayInEditor Detection: Level '/Game/Maps/FirstLevel.FirstLevel:PersistentLevel' has LevelScriptBlueprint '/Game/Maps/FirstLevel.FirstLevel:PersistentLevel.FirstLevel' with GeneratedClass '/Game/Maps/FirstLevel.FirstLevel_C' with ClassGeneratedBy '/Game/Maps/FirstLevel.FirstLevel:PersistentLevel.FirstLevel'
[2016.06.23-09.32.20:103][296]LogPlayLevel: PlayLevel: No blueprints needed recompiling
[2016.06.23-09.32.20:106][296]OCULUS: Debug: [HMDState] Using default profile default
[2016.06.23-09.32.20:106][296]OCULUS: Info: IAD changed to 64.0mm
[2016.06.23-09.32.20:106][296]LogHMD: New ovr session is created
[2016.06.23-09.32.20:122][296]LogHMD: HMD Oculus Rift CV1, res = 2160 x 1200
[2016.06.23-09.32.20:123][296]LogApp: UseVRFocus has changed to 1
[2016.06.23-09.32.20:123][296]LogApp: HasVRFocus has changed to 1
[2016.06.23-09.32.20:123][296]PIE: New page: PIE session: FirstLevel (24 Jun 2016 5:32:20 am)
[2016.06.23-09.32.20:123][296]LogPlayLevel: Creating play world package: /Game/Maps/UEDPIE_0_FirstLevel
[2016.06.23-09.32.20:126][296]LogPlayLevel: PIE: StaticDuplicateObject took: (0.002947s)
[2016.06.23-09.32.20:126][296]LogAIModule: Creating AISystem for world FirstLevel
[2016.06.23-09.32.20:126][296]LogPlayLevel: PIE: World Init took: (0.000442s)
[2016.06.23-09.32.20:126][296]LogPlayLevel: PIE: Created PIE world by copying editor world from /Game/Maps/FirstLevel.FirstLevel to /Game/Maps/UEDPIE_0_FirstLevel.FirstLevel (0.003516s)
[2016.06.23-09.32.20:141][296]LogInit: XAudio2 using 'Headphones (Rift Audio)' : 2 channels at 48 kHz using 16 bits per sample (channel mask 0x3)
[2016.06.23-09.32.20:146][296]LogInit: FAudioDevice initialized.
[2016.06.23-09.32.20:185][296]LogWorld: Game class is 'GameMode'
[2016.06.23-09.32.20:187][296]LogWorld: Bringing World /Game/Maps/UEDPIE_0_FirstLevel.FirstLevel up for play (max tick rate 0) at 2016.06.23-19.32.20
[2016.06.23-09.32.20:187][296]LogWorld: Bringing up level for play took: 0.001638
[2016.06.23-09.32.20:190][296]LogContentBrowser: Native class hierarchy updated for 'MovieSceneCapture' in 0.0003 seconds. Added 9 classes and 0 folders.
[2016.06.23-09.32.20:190][296]PIE: Info Play in editor start time for /Game/Maps/UEDPIE_0_FirstLevel 1.065
[2016.06.23-09.32.20:190][296]LogBlueprintUserMessages: Late PlayInEditor Detection: Level '/Game/Maps/FirstLevel.FirstLevel:PersistentLevel' has LevelScriptBlueprint '/Game/Maps/FirstLevel.FirstLevel:PersistentLevel.FirstLevel' with GeneratedClass '/Game/Maps/FirstLevel.FirstLevel_C' with ClassGeneratedBy '/Game/Maps/FirstLevel.FirstLevel:PersistentLevel.FirstLevel'
[2016.06.23-09.32.20:190][296]LogApp: UseVRFocus has changed to 0
[2016.06.23-09.32.20:190][296]LogApp: HasVRFocus has changed to 0
[2016.06.23-09.32.24:957][509]LogBlueprintUserMessages: Early EndPlayMap Detection: Level '/Game/Maps/FirstLevel.FirstLevel:PersistentLevel' has LevelScriptBlueprint '/Game/Maps/FirstLevel.FirstLevel:PersistentLevel.FirstLevel' with GeneratedClass '/Game/Maps/FirstLevel.FirstLevel_C' with ClassGeneratedBy '/Game/Maps/FirstLevel.FirstLevel:PersistentLevel.FirstLevel'
[2016.06.23-09.32.24:978][509]LogHMD: Destroying ovr session
[2016.06.23-09.32.25:027][509]LogBlueprintUserMessages: Late EndPlayMap Detection: Level '/Game/Maps/FirstLevel.FirstLevel:PersistentLevel' has LevelScriptBlueprint '/Game/Maps/FirstLevel.FirstLevel:PersistentLevel.FirstLevel' with GeneratedClass '/Game/Maps/FirstLevel.FirstLevel_C' with ClassGeneratedBy '/Game/Maps/FirstLevel.FirstLevel:PersistentLevel.FirstLevel'
[2016.06.23-09.32.28:139][692]LogEditorViewport: Clicking on Actor (context menu): StaticMeshActor (Floor2)
[2016.06.23-09.32.32:036][836]LogEditorViewport: Clicking on Actor (LMB): StaticMeshActor (Floor2)
[2016.06.23-09.32.50:331][913]LogEditorViewport: Clicking on Actor (LMB): StaticMeshActor (Sphere)
[2016.06.23-09.32.51:035][995]LogEditorViewport: Clicking on Actor (LMB): Shield_C (Shield)
[2016.06.23-09.33.13:657][309]LogEditorViewport: Clicking on Actor (LMB): Shield_C (Shield)
[2016.06.23-09.33.27:836][661]LogSavePackage: Save=50.96ms
[2016.06.23-09.33.27:836][661]LogSavePackage: Moving '../../../../../../Admin/Documents/GitHub Repositories/Project_PlanetDefence/Project_PlanetDef/Saved/FirstLevel76B2A22F4943B7BFDFA1CD8E0486393A.tmp' to '../../../../../../Admin/Documents/GitHub Repositories/Project_PlanetDefence/Project_PlanetDef/Content/Maps/FirstLevel.umap'
[2016.06.23-09.33.27:837][661]LogSavePackage: Total save time: 56.42ms
[2016.06.23-09.33.27:837][661]LogSavePackage:Display: Finished SavePackage ../../../../../../Admin/Documents/GitHub Repositories/Project_PlanetDefence/Project_PlanetDef/Content/Maps/FirstLevel.umap
[2016.06.23-09.33.30:593][841]LogContentBrowser: Native class hierarchy updated for 'BlueprintGraph' in 0.0005 seconds. Added 108 classes and 0 folders.
[2016.06.23-09.34.01:294][866]BlueprintLog: New page: Compile Shield
[2016.06.23-09.34.01:367][866]BlueprintEditorCompileResults: Info [0120.42] Compile of Shield successful! [in 73 ms]
[2016.06.23-09.35.06:487][655]BlueprintLog: New page: Compile Shield
[2016.06.23-09.35.06:493][655]LogBlueprint:Error: [compiler Shield] Error This blueprint (self) is not a SceneComponent, therefore ' Target ' must have a connection.
[2016.06.23-09.35.06:592][655]LogBlueprint:Warning: [compiler Shield] Warning [0185.64] Compile of Shield failed. 1 Fatal Issue(s) 0 Warning(s) [in 105 ms]
[2016.06.23-09.35.06:592][655]BlueprintEditorCompileResults:Error: Error This blueprint (self) is not a SceneComponent, therefore ' Target ' must have a connection.
[2016.06.23-09.35.06:592][655]BlueprintEditorCompileResults:Warning: Warning [0185.64] Compile of Shield failed. 1 Fatal Issue(s) 0 Warning(s) [in 105 ms]
[2016.06.23-09.35.49:073][945]BlueprintLog: New page: Compile Shield
[2016.06.23-09.35.49:137][945]BlueprintEditorCompileResults: Info [0228.19] Compile of Shield successful! [in 63 ms]
[2016.06.23-09.35.50:386][986]LogBlueprintUserMessages: Early PlayInEditor Detection: Level '/Game/Maps/FirstLevel.FirstLevel:PersistentLevel' has LevelScriptBlueprint '/Game/Maps/FirstLevel.FirstLevel:PersistentLevel.FirstLevel' with GeneratedClass '/Game/Maps/FirstLevel.FirstLevel_C' with ClassGeneratedBy '/Game/Maps/FirstLevel.FirstLevel:PersistentLevel.FirstLevel'
[2016.06.23-09.35.50:386][986]LogPlayLevel: PlayLevel: No blueprints needed recompiling
[2016.06.23-09.35.50:387][986]OCULUS: Debug: [HMDState] Using default profile default
[2016.06.23-09.35.50:387][986]OCULUS: Info: IAD changed to 64.0mm
[2016.06.23-09.35.50:387][986]LogHMD: New ovr session is created
[2016.06.23-09.35.50:404][986]LogHMD: HMD Oculus Rift CV1, res = 2160 x 1200
[2016.06.23-09.35.50:404][986]LogApp: UseVRFocus has changed to 1
[2016.06.23-09.35.50:404][986]LogApp: HasVRFocus has changed to 1
[2016.06.23-09.35.50:404][986]PIE: New page: PIE session: FirstLevel (24 Jun 2016 5:35:50 am)
[2016.06.23-09.35.50:404][986]LogPlayLevel: Creating play world package: /Game/Maps/UEDPIE_0_FirstLevel
[2016.06.23-09.35.50:407][986]LogPlayLevel: PIE: StaticDuplicateObject took: (0.003205s)
[2016.06.23-09.35.50:408][986]LogAIModule: Creating AISystem for world FirstLevel
[2016.06.23-09.35.50:408][986]LogPlayLevel: PIE: World Init took: (0.000530s)
[2016.06.23-09.35.50:408][986]LogPlayLevel: PIE: Created PIE world by copying editor world from /Game/Maps/FirstLevel.FirstLevel to /Game/Maps/UEDPIE_0_FirstLevel.FirstLevel (0.003882s)
[2016.06.23-09.35.50:427][986]LogInit: XAudio2 using 'Headphones (Rift Audio)' : 2 channels at 48 kHz using 16 bits per sample (channel mask 0x3)
[2016.06.23-09.35.50:433][986]LogInit: FAudioDevice initialized.
[2016.06.23-09.35.50:460][986]LogWorld: Game class is 'GameMode'
[2016.06.23-09.35.50:462][986]LogWorld: Bringing World /Game/Maps/UEDPIE_0_FirstLevel.FirstLevel up for play (max tick rate 0) at 2016.06.23-19.35.50
[2016.06.23-09.35.50:462][986]LogWorld: Bringing up level for play took: 0.001661
[2016.06.23-09.35.50:463][986]PIE: Info Play in editor start time for /Game/Maps/UEDPIE_0_FirstLevel -0.662
[2016.06.23-09.35.50:463][986]LogBlueprintUserMessages: Late PlayInEditor Detection: Level '/Game/Maps/FirstLevel.FirstLevel:PersistentLevel' has LevelScriptBlueprint '/Game/Maps/FirstLevel.FirstLevel:PersistentLevel.FirstLevel' with GeneratedClass '/Game/Maps/FirstLevel.FirstLevel_C' with ClassGeneratedBy '/Game/Maps/FirstLevel.FirstLevel:PersistentLevel.FirstLevel'
[2016.06.23-09.35.50:463][986]LogApp: UseVRFocus has changed to 0
[2016.06.23-09.35.50:463][986]LogApp: HasVRFocus has changed to 0
[2016.06.23-09.35.59:404][387]LogBlueprintUserMessages: Early EndPlayMap Detection: Level '/Game/Maps/FirstLevel.FirstLevel:PersistentLevel' has LevelScriptBlueprint '/Game/Maps/FirstLevel.FirstLevel:PersistentLevel.FirstLevel' with GeneratedClass '/Game/Maps/FirstLevel.FirstLevel_C' with ClassGeneratedBy '/Game/Maps/FirstLevel.FirstLevel:PersistentLevel.FirstLevel'
[2016.06.23-09.35.59:425][387]LogHMD: Destroying ovr session
[2016.06.23-09.35.59:477][387]LogBlueprintUserMessages: Late EndPlayMap Detection: Level '/Game/Maps/FirstLevel.FirstLevel:PersistentLevel' has LevelScriptBlueprint '/Game/Maps/FirstLevel.FirstLevel:PersistentLevel.FirstLevel' with GeneratedClass '/Game/Maps/FirstLevel.FirstLevel_C' with ClassGeneratedBy '/Game/Maps/FirstLevel.FirstLevel:PersistentLevel.FirstLevel'
[2016.06.23-09.36.01:842][482]LogBlueprintUserMessages: Early PlayInEditor Detection: Level '/Game/Maps/FirstLevel.FirstLevel:PersistentLevel' has LevelScriptBlueprint '/Game/Maps/FirstLevel.FirstLevel:PersistentLevel.FirstLevel' with GeneratedClass '/Game/Maps/FirstLevel.FirstLevel_C' with ClassGeneratedBy '/Game/Maps/FirstLevel.FirstLevel:PersistentLevel.FirstLevel'
[2016.06.23-09.36.01:843][482]LogPlayLevel: PlayLevel: No blueprints needed recompiling
[2016.06.23-09.36.01:843][482]OCULUS: Debug: [HMDState] Using default profile default
[2016.06.23-09.36.01:843][482]OCULUS: Info: IAD changed to 64.0mm
[2016.06.23-09.36.01:843][482]LogHMD: New ovr session is created
[2016.06.23-09.36.01:864][482]LogHMD: HMD Oculus Rift CV1, res = 2160 x 1200
[2016.06.23-09.36.01:864][482]LogApp: UseVRFocus has changed to 1
[2016.06.23-09.36.01:864][482]LogApp: HasVRFocus has changed to 1
[2016.06.23-09.36.01:864][482]PIE: New page: PIE session: FirstLevel (24 Jun 2016 5:36:01 am)
[2016.06.23-09.36.01:864][482]LogPlayLevel: Creating play world package: /Game/Maps/UEDPIE_0_FirstLevel
[2016.06.23-09.36.01:867][482]LogPlayLevel: PIE: StaticDuplicateObject took: (0.003123s)
[2016.06.23-09.36.01:868][482]LogAIModule: Creating AISystem for world FirstLevel
[2016.06.23-09.36.01:868][482]LogPlayLevel: PIE: World Init took: (0.000425s)
[2016.06.23-09.36.01:868][482]LogPlayLevel: PIE: Created PIE world by copying editor world from /Game/Maps/FirstLevel.FirstLevel to /Game/Maps/UEDPIE_0_FirstLevel.FirstLevel (0.003708s)
[2016.06.23-09.36.01:887][482]LogInit: XAudio2 using 'Headphones (Rift Audio)' : 2 channels at 48 kHz using 16 bits per sample (channel mask 0x3)
[2016.06.23-09.36.01:892][482]LogInit: FAudioDevice initialized.
[2016.06.23-09.36.01:918][482]LogWorld: Game class is 'GameMode'
[2016.06.23-09.36.01:920][482]LogWorld: Bringing World /Game/Maps/UEDPIE_0_FirstLevel.FirstLevel up for play (max tick rate 0) at 2016.06.23-19.36.01
[2016.06.23-09.36.01:920][482]LogWorld: Bringing up level for play took: 0.001548
[2016.06.23-09.36.01:921][482]PIE: Info Play in editor start time for /Game/Maps/UEDPIE_0_FirstLevel 0.796
[2016.06.23-09.36.01:921][482]LogBlueprintUserMessages: Late PlayInEditor Detection: Level '/Game/Maps/FirstLevel.FirstLevel:PersistentLevel' has LevelScriptBlueprint '/Game/Maps/FirstLevel.FirstLevel:PersistentLevel.FirstLevel' with GeneratedClass '/Game/Maps/FirstLevel.FirstLevel_C' with ClassGeneratedBy '/Game/Maps/FirstLevel.FirstLevel:PersistentLevel.FirstLevel'
[2016.06.23-09.36.01:921][482]LogApp: UseVRFocus has changed to 0
[2016.06.23-09.36.01:921][482]LogApp: HasVRFocus has changed to 0
[2016.06.23-09.36.11:486][907]LogBlueprintUserMessages: Early EndPlayMap Detection: Level '/Game/Maps/FirstLevel.FirstLevel:PersistentLevel' has LevelScriptBlueprint '/Game/Maps/FirstLevel.FirstLevel:PersistentLevel.FirstLevel' with GeneratedClass '/Game/Maps/FirstLevel.FirstLevel_C' with ClassGeneratedBy '/Game/Maps/FirstLevel.FirstLevel:PersistentLevel.FirstLevel'
[2016.06.23-09.36.11:507][907]LogHMD: Destroying ovr session
[2016.06.23-09.36.11:552][907]LogBlueprintUserMessages: Late EndPlayMap Detection: Level '/Game/Maps/FirstLevel.FirstLevel:PersistentLevel' has LevelScriptBlueprint '/Game/Maps/FirstLevel.FirstLevel:PersistentLevel.FirstLevel' with GeneratedClass '/Game/Maps/FirstLevel.FirstLevel_C' with ClassGeneratedBy '/Game/Maps/FirstLevel.FirstLevel:PersistentLevel.FirstLevel'
[2016.06.23-09.36.14:926][ 33]Cmd: OBJ SAVEPACKAGE PACKAGE="/Game/Shield" FILE="../../../../../../Admin/Documents/GitHub Repositories/Project_PlanetDefence/Project_PlanetDef/Content/Shield.uasset" SILENT=true
[2016.06.23-09.36.14:961][ 33]LogSavePackage: Save=29.75ms
[2016.06.23-09.36.14:961][ 33]LogSavePackage: Moving '../../../../../../Admin/Documents/GitHub Repositories/Project_PlanetDefence/Project_PlanetDef/Saved/ShieldFCE82A22489D4568A703A38B9440672E.tmp' to '../../../../../../Admin/Documents/GitHub Repositories/Project_PlanetDefence/Project_PlanetDef/Content/Shield.uasset'
[2016.06.23-09.36.14:962][ 33]LogSavePackage: Total save time: 34.94ms
[2016.06.23-09.36.14:962][ 33]LogSavePackage:Display: Finished SavePackage ../../../../../../Admin/Documents/GitHub Repositories/Project_PlanetDefence/Project_PlanetDef/Content/Shield.uasset
[2016.06.23-09.36.19:886][369]LogBlueprintUserMessages: Early PlayInEditor Detection: Level '/Game/Maps/FirstLevel.FirstLevel:PersistentLevel' has LevelScriptBlueprint '/Game/Maps/FirstLevel.FirstLevel:PersistentLevel.FirstLevel' with GeneratedClass '/Game/Maps/FirstLevel.FirstLevel_C' with ClassGeneratedBy '/Game/Maps/FirstLevel.FirstLevel:PersistentLevel.FirstLevel'
[2016.06.23-09.36.19:886][369]LogPlayLevel: PlayLevel: No blueprints needed recompiling
[2016.06.23-09.36.19:888][369]OCULUS: Debug: [HMDState] Using default profile default
[2016.06.23-09.36.19:888][369]OCULUS: Info: IAD changed to 64.0mm
[2016.06.23-09.36.19:888][369]LogHMD: New ovr session is created
[2016.06.23-09.36.19:894][369]LogHMD: HMD Oculus Rift CV1, res = 2160 x 1200
[2016.06.23-09.36.19:894][369]LogApp: UseVRFocus has changed to 1
[2016.06.23-09.36.19:894][369]LogApp: HasVRFocus has changed to 1
[2016.06.23-09.36.19:894][369]PIE: New page: PIE session: FirstLevel (24 Jun 2016 5:36:19 am)
[2016.06.23-09.36.19:895][369]LogPlayLevel: Creating play world package: /Game/Maps/UEDPIE_0_FirstLevel
[2016.06.23-09.36.19:898][369]LogPlayLevel: PIE: StaticDuplicateObject took: (0.003116s)
[2016.06.23-09.36.19:898][369]LogAIModule: Creating AISystem for world FirstLevel
[2016.06.23-09.36.19:898][369]LogPlayLevel: PIE: World Init took: (0.000510s)
[2016.06.23-09.36.19:898][369]LogPlayLevel: PIE: Created PIE world by copying editor world from /Game/Maps/FirstLevel.FirstLevel to /Game/Maps/UEDPIE_0_FirstLevel.FirstLevel (0.003776s)
[2016.06.23-09.36.19:917][369]LogInit: XAudio2 using 'Headphones (Rift Audio)' : 2 channels at 48 kHz using 16 bits per sample (channel mask 0x3)
[2016.06.23-09.36.19:922][369]LogInit: FAudioDevice initialized.
[2016.06.23-09.36.19:951][369]LogWorld: Game class is 'GameMode'
[2016.06.23-09.36.19:953][369]LogWorld: Bringing World /Game/Maps/UEDPIE_0_FirstLevel.FirstLevel up for play (max tick rate 0) at 2016.06.23-19.36.19
[2016.06.23-09.36.19:954][369]LogWorld: Bringing up level for play took: 0.001547
[2016.06.23-09.36.19:954][369]PIE: Info Play in editor start time for /Game/Maps/UEDPIE_0_FirstLevel 0.83
[2016.06.23-09.36.19:955][369]LogBlueprintUserMessages: Late PlayInEditor Detection: Level '/Game/Maps/FirstLevel.FirstLevel:PersistentLevel' has LevelScriptBlueprint '/Game/Maps/FirstLevel.FirstLevel:PersistentLevel.FirstLevel' with GeneratedClass '/Game/Maps/FirstLevel.FirstLevel_C' with ClassGeneratedBy '/Game/Maps/FirstLevel.FirstLevel:PersistentLevel.FirstLevel'
[2016.06.23-09.36.19:955][369]LogApp: UseVRFocus has changed to 0
[2016.06.23-09.36.19:955][369]LogApp: HasVRFocus has changed to 0
[2016.06.23-09.36.25:724][ 61]LogBlueprintUserMessages: Early EndPlayMap Detection: Level '/Game/Maps/FirstLevel.FirstLevel:PersistentLevel' has LevelScriptBlueprint '/Game/Maps/FirstLevel.FirstLevel:PersistentLevel.FirstLevel' with GeneratedClass '/Game/Maps/FirstLevel.FirstLevel_C' with ClassGeneratedBy '/Game/Maps/FirstLevel.FirstLevel:PersistentLevel.FirstLevel'
[2016.06.23-09.36.25:724][ 61]LogHMD: Destroying ovr session
[2016.06.23-09.36.25:762][ 61]LogBlueprintUserMessages: Late EndPlayMap Detection: Level '/Game/Maps/FirstLevel.FirstLevel:PersistentLevel' has LevelScriptBlueprint '/Game/Maps/FirstLevel.FirstLevel:PersistentLevel.FirstLevel' with GeneratedClass '/Game/Maps/FirstLevel.FirstLevel_C' with ClassGeneratedBy '/Game/Maps/FirstLevel.FirstLevel:PersistentLevel.FirstLevel'
[2016.06.23-09.40.44:243][187]BlueprintLog: New page: Compile Shield
[2016.06.23-09.40.44:377][187]BlueprintEditorCompileResults: Info [0523.43] Compile of Shield successful! [in 134 ms]
[2016.06.23-09.40.45:189][248]LogBlueprintUserMessages: Early PlayInEditor Detection: Level '/Game/Maps/FirstLevel.FirstLevel:PersistentLevel' has LevelScriptBlueprint '/Game/Maps/FirstLevel.FirstLevel:PersistentLevel.FirstLevel' with GeneratedClass '/Game/Maps/FirstLevel.FirstLevel_C' with ClassGeneratedBy '/Game/Maps/FirstLevel.FirstLevel:PersistentLevel.FirstLevel'
[2016.06.23-09.40.45:189][248]LogPlayLevel: PlayLevel: No blueprints needed recompiling
[2016.06.23-09.40.45:190][248]OCULUS: Debug: [HMDState] Using default profile default
[2016.06.23-09.40.45:190][248]OCULUS: Info: IAD changed to 64.0mm
[2016.06.23-09.40.45:190][248]LogHMD: New ovr session is created
[2016.06.23-09.40.45:190][248]LogHMD: HMD Oculus Rift CV1, res = 2160 x 1200
[2016.06.23-09.40.45:190][248]LogApp: UseVRFocus has changed to 1
[2016.06.23-09.40.45:190][248]LogApp: HasVRFocus has changed to 1
[2016.06.23-09.40.45:190][248]PIE: New page: PIE session: FirstLevel (24 Jun 2016 5:40:45 am)
[2016.06.23-09.40.45:190][248]LogPlayLevel: Creating play world package: /Game/Maps/UEDPIE_0_FirstLevel
[2016.06.23-09.40.45:193][248]LogPlayLevel: PIE: StaticDuplicateObject took: (0.002692s)
[2016.06.23-09.40.45:193][248]LogAIModule: Creating AISystem for world FirstLevel
[2016.06.23-09.40.45:193][248]LogPlayLevel: PIE: World Init took: (0.000620s)
[2016.06.23-09.40.45:193][248]LogPlayLevel: PIE: Created PIE world by copying editor world from /Game/Maps/FirstLevel.FirstLevel to /Game/Maps/UEDPIE_0_FirstLevel.FirstLevel (0.003506s)
[2016.06.23-09.40.45:215][248]LogInit: XAudio2 using 'Headphones (Rift Audio)' : 2 channels at 48 kHz using 16 bits per sample (channel mask 0x3)
[2016.06.23-09.40.45:220][248]LogInit: FAudioDevice initialized.
[2016.06.23-09.40.45:254][248]LogWorld: Game class is 'GameMode'
[2016.06.23-09.40.45:256][248]LogWorld: Bringing World /Game/Maps/UEDPIE_0_FirstLevel.FirstLevel up for play (max tick rate 0) at 2016.06.23-19.40.45
[2016.06.23-09.40.45:257][248]LogWorld: Bringing up level for play took: 0.001714
[2016.06.23-09.40.45:261][248]PIE: Info Play in editor start time for /Game/Maps/UEDPIE_0_FirstLevel 0.136
[2016.06.23-09.40.45:261][248]LogBlueprintUserMessages: Late PlayInEditor Detection: Level '/Game/Maps/FirstLevel.FirstLevel:PersistentLevel' has LevelScriptBlueprint '/Game/Maps/FirstLevel.FirstLevel:PersistentLevel.FirstLevel' with GeneratedClass '/Game/Maps/FirstLevel.FirstLevel_C' with ClassGeneratedBy '/Game/Maps/FirstLevel.FirstLevel:PersistentLevel.FirstLevel'
[2016.06.23-09.40.45:261][248]LogApp: UseVRFocus has changed to 0
[2016.06.23-09.40.45:261][248]LogApp: HasVRFocus has changed to 0
[2016.06.23-09.40.45:266][249]LogRenderer: Reallocating scene render targets to support 1280x720 (Frame:42375).
[2016.06.23-09.40.51:115][509]LogBlueprintUserMessages: Early EndPlayMap Detection: Level '/Game/Maps/FirstLevel.FirstLevel:PersistentLevel' has LevelScriptBlueprint '/Game/Maps/FirstLevel.FirstLevel:PersistentLevel.FirstLevel' with GeneratedClass '/Game/Maps/FirstLevel.FirstLevel_C' with ClassGeneratedBy '/Game/Maps/FirstLevel.FirstLevel:PersistentLevel.FirstLevel'
[2016.06.23-09.40.51:137][509]LogHMD: Destroying ovr session
[2016.06.23-09.40.51:199][509]LogBlueprintUserMessages: Late EndPlayMap Detection: Level '/Game/Maps/FirstLevel.FirstLevel:PersistentLevel' has LevelScriptBlueprint '/Game/Maps/FirstLevel.FirstLevel:PersistentLevel.FirstLevel' with GeneratedClass '/Game/Maps/FirstLevel.FirstLevel_C' with ClassGeneratedBy '/Game/Maps/FirstLevel.FirstLevel:PersistentLevel.FirstLevel'
[2016.06.23-09.40.56:158][999]Cmd: OBJ SAVEPACKAGE PACKAGE="/Game/Shield" FILE="../../../../../../Admin/Documents/GitHub Repositories/Project_PlanetDefence/Project_PlanetDef/Content/Shield.uasset" SILENT=true
[2016.06.23-09.40.56:189][999]LogSavePackage: Save=29.60ms
[2016.06.23-09.40.56:189][999]LogSavePackage: Moving '../../../../../../Admin/Documents/GitHub Repositories/Project_PlanetDefence/Project_PlanetDef/Saved/Shield587FF19C428C21CFE06E85BEABA984FA.tmp' to '../../../../../../Admin/Documents/GitHub Repositories/Project_PlanetDefence/Project_PlanetDef/Content/Shield.uasset'
[2016.06.23-09.40.56:191][999]LogSavePackage: Total save time: 31.64ms
[2016.06.23-09.40.56:191][999]LogSavePackage:Display: Finished SavePackage ../../../../../../Admin/Documents/GitHub Repositories/Project_PlanetDefence/Project_PlanetDef/Content/Shield.uasset
[2016.06.23-09.41.29:751][792]LogBlueprintUserMessages: Early PlayInEditor Detection: Level '/Game/Maps/FirstLevel.FirstLevel:PersistentLevel' has LevelScriptBlueprint '/Game/Maps/FirstLevel.FirstLevel:PersistentLevel.FirstLevel' with GeneratedClass '/Game/Maps/FirstLevel.FirstLevel_C' with ClassGeneratedBy '/Game/Maps/FirstLevel.FirstLevel:PersistentLevel.FirstLevel'
[2016.06.23-09.41.29:751][792]LogPlayLevel: PlayLevel: No blueprints needed recompiling
[2016.06.23-09.41.29:753][792]OCULUS: Debug: [HMDState] Using default profile default
[2016.06.23-09.41.29:753][792]OCULUS: Info: IAD changed to 64.0mm
[2016.06.23-09.41.29:753][792]LogHMD: New ovr session is created
[2016.06.23-09.41.29:762][792]LogHMD: HMD Oculus Rift CV1, res = 2160 x 1200
[2016.06.23-09.41.29:762][792]LogApp: UseVRFocus has changed to 1
[2016.06.23-09.41.29:762][792]LogApp: HasVRFocus has changed to 1
[2016.06.23-09.41.29:763][792]PIE: New page: PIE session: FirstLevel (24 Jun 2016 5:41:29 am)
[2016.06.23-09.41.29:763][792]LogPlayLevel: Creating play world package: /Game/Maps/UEDPIE_0_FirstLevel
[2016.06.23-09.41.29:766][792]LogPlayLevel: PIE: StaticDuplicateObject took: (0.002988s)
[2016.06.23-09.41.29:766][792]LogAIModule: Creating AISystem for world FirstLevel
[2016.06.23-09.41.29:766][792]LogPlayLevel: PIE: World Init took: (0.000548s)
[2016.06.23-09.41.29:766][792]LogPlayLevel: PIE: Created PIE world by copying editor world from /Game/Maps/FirstLevel.FirstLevel to /Game/Maps/UEDPIE_0_FirstLevel.FirstLevel (0.003667s)
[2016.06.23-09.41.29:787][792]LogInit: XAudio2 using 'Headphones (Rift Audio)' : 2 channels at 48 kHz using 16 bits per sample (channel mask 0x3)
[2016.06.23-09.41.29:792][792]LogInit: FAudioDevice initialized.
[2016.06.23-09.41.29:819][792]LogWorld: Game class is 'GameMode'
[2016.06.23-09.41.29:821][792]LogWorld: Bringing World /Game/Maps/UEDPIE_0_FirstLevel.FirstLevel up for play (max tick rate 0) at 2016.06.23-19.41.29
[2016.06.23-09.41.29:821][792]LogWorld: Bringing up level for play took: 0.001444
[2016.06.23-09.41.29:822][792]PIE: Info Play in editor start time for /Game/Maps/UEDPIE_0_FirstLevel 0.697
[2016.06.23-09.41.29:822][792]LogBlueprintUserMessages: Late PlayInEditor Detection: Level '/Game/Maps/FirstLevel.FirstLevel:PersistentLevel' has LevelScriptBlueprint '/Game/Maps/FirstLevel.FirstLevel:PersistentLevel.FirstLevel' with GeneratedClass '/Game/Maps/FirstLevel.FirstLevel_C' with ClassGeneratedBy '/Game/Maps/FirstLevel.FirstLevel:PersistentLevel.FirstLevel'
[2016.06.23-09.41.29:822][792]LogApp: UseVRFocus has changed to 0
[2016.06.23-09.41.29:822][792]LogApp: HasVRFocus has changed to 0
[2016.06.23-09.41.30:573][880]LogScript:Warning: Accessed None trying to read property CallFunc_GetParentComponent_ReturnValue
	Shield_C /Game/Maps/UEDPIE_0_FirstLevel.FirstLevel:PersistentLevel.Shield_287
	Function /Game/Shield.Shield_C:ExecuteUbergraph_Shield:003A
[2016.06.23-09.41.30:574][880]PIE:Error: Error Blueprint Runtime Error: Accessed None trying to read property CallFunc_GetParentComponent_ReturnValue from function: 'ExecuteUbergraph_Shield' from node: SetActorTransform in graph: EventGraph in object: Shield
[2016.06.23-09.41.31:240][960]LogScript:Warning: Accessed None trying to read property CallFunc_GetParentComponent_ReturnValue
	Shield_C /Game/Maps/UEDPIE_0_FirstLevel.FirstLevel:PersistentLevel.Shield_287
	Function /Game/Shield.Shield_C:ExecuteUbergraph_Shield:003A
[2016.06.23-09.41.31:241][960]PIE:Error: Error Blueprint Runtime Error: Accessed None trying to read property CallFunc_GetParentComponent_ReturnValue from function: 'ExecuteUbergraph_Shield' from node: SetActorTransform in graph: EventGraph in object: Shield
[2016.06.23-09.41.33:032][175]LogScript:Warning: Accessed None trying to read property CallFunc_GetParentComponent_ReturnValue
	Shield_C /Game/Maps/UEDPIE_0_FirstLevel.FirstLevel:PersistentLevel.Shield_287
	Function /Game/Shield.Shield_C:ExecuteUbergraph_Shield:003A
[2016.06.23-09.41.33:032][175]PIE:Error: Error Blueprint Runtime Error: Accessed None trying to read property CallFunc_GetParentComponent_ReturnValue from function: 'ExecuteUbergraph_Shield' from node: SetActorTransform in graph: EventGraph in object: Shield
[2016.06.23-09.41.33:415][221]LogScript:Warning: Accessed None trying to read property CallFunc_GetParentComponent_ReturnValue
	Shield_C /Game/Maps/UEDPIE_0_FirstLevel.FirstLevel:PersistentLevel.Shield_287
	Function /Game/Shield.Shield_C:ExecuteUbergraph_Shield:003A
[2016.06.23-09.41.33:416][221]PIE:Error: Error Blueprint Runtime Error: Accessed None trying to read property CallFunc_GetParentComponent_ReturnValue from function: 'ExecuteUbergraph_Shield' from node: SetActorTransform in graph: EventGraph in object: Shield
[2016.06.23-09.41.33:657][250]LogScript:Warning: Accessed None trying to read property CallFunc_GetParentComponent_ReturnValue
	Shield_C /Game/Maps/UEDPIE_0_FirstLevel.FirstLevel:PersistentLevel.Shield_287
	Function /Game/Shield.Shield_C:ExecuteUbergraph_Shield:003A
[2016.06.23-09.41.33:657][250]PIE:Error: Error Blueprint Runtime Error: Accessed None trying to read property CallFunc_GetParentComponent_ReturnValue from function: 'ExecuteUbergraph_Shield' from node: SetActorTransform in graph: EventGraph in object: Shield
[2016.06.23-09.41.34:508][352]LogBlueprintUserMessages: Early EndPlayMap Detection: Level '/Game/Maps/FirstLevel.FirstLevel:PersistentLevel' has LevelScriptBlueprint '/Game/Maps/FirstLevel.FirstLevel:PersistentLevel.FirstLevel' with GeneratedClass '/Game/Maps/FirstLevel.FirstLevel_C' with ClassGeneratedBy '/Game/Maps/FirstLevel.FirstLevel:PersistentLevel.FirstLevel'
[2016.06.23-09.41.34:508][352]LogHMD: Destroying ovr session
[2016.06.23-09.41.34:554][352]LogBlueprintUserMessages: Late EndPlayMap Detection: Level '/Game/Maps/FirstLevel.FirstLevel:PersistentLevel' has LevelScriptBlueprint '/Game/Maps/FirstLevel.FirstLevel:PersistentLevel.FirstLevel' with GeneratedClass '/Game/Maps/FirstLevel.FirstLevel_C' with ClassGeneratedBy '/Game/Maps/FirstLevel.FirstLevel:PersistentLevel.FirstLevel'
[2016.06.23-09.42.04:356][344]BlueprintLog: New page: Compile Shield
[2016.06.23-09.42.04:417][344]BlueprintEditorCompileResults: Info [0603.47] Compile of Shield successful! [in 61 ms]
[2016.06.23-09.42.05:202][391]LogBlueprintUserMessages: Early PlayInEditor Detection: Level '/Game/Maps/FirstLevel.FirstLevel:PersistentLevel' has LevelScriptBlueprint '/Game/Maps/FirstLevel.FirstLevel:PersistentLevel.FirstLevel' with GeneratedClass '/Game/Maps/FirstLevel.FirstLevel_C' with ClassGeneratedBy '/Game/Maps/FirstLevel.FirstLevel:PersistentLevel.FirstLevel'
[2016.06.23-09.42.05:202][391]LogPlayLevel: PlayLevel: No blueprints needed recompiling
[2016.06.23-09.42.05:202][391]OCULUS: Debug: [HMDState] Using default profile default
[2016.06.23-09.42.05:202][391]OCULUS: Info: IAD changed to 64.0mm
[2016.06.23-09.42.05:202][391]LogHMD: New ovr session is created
[2016.06.23-09.42.05:202][391]LogHMD: HMD Oculus Rift CV1, res = 2160 x 1200
[2016.06.23-09.42.05:202][391]LogApp: UseVRFocus has changed to 1
[2016.06.23-09.42.05:202][391]LogApp: HasVRFocus has changed to 1
[2016.06.23-09.42.05:203][391]PIE: New page: PIE session: FirstLevel (24 Jun 2016 5:42:05 am)
[2016.06.23-09.42.05:203][391]LogPlayLevel: Creating play world package: /Game/Maps/UEDPIE_0_FirstLevel
[2016.06.23-09.42.05:205][391]LogPlayLevel: PIE: StaticDuplicateObject took: (0.002848s)
[2016.06.23-09.42.05:206][391]LogAIModule: Creating AISystem for world FirstLevel
[2016.06.23-09.42.05:206][391]LogPlayLevel: PIE: World Init took: (0.000497s)
[2016.06.23-09.42.05:206][391]LogPlayLevel: PIE: Created PIE world by copying editor world from /Game/Maps/FirstLevel.FirstLevel to /Game/Maps/UEDPIE_0_FirstLevel.FirstLevel (0.003523s)
[2016.06.23-09.42.05:226][391]LogInit: XAudio2 using 'Headphones (Rift Audio)' : 2 channels at 48 kHz using 16 bits per sample (channel mask 0x3)
[2016.06.23-09.42.05:231][391]LogInit: FAudioDevice initialized.
[2016.06.23-09.42.05:266][391]LogWorld: Game class is 'GameMode'
[2016.06.23-09.42.05:268][391]LogWorld: Bringing World /Game/Maps/UEDPIE_0_FirstLevel.FirstLevel up for play (max tick rate 0) at 2016.06.23-19.42.05
[2016.06.23-09.42.05:269][391]LogWorld: Bringing up level for play took: 0.001727
[2016.06.23-09.42.05:273][391]PIE: Info Play in editor start time for /Game/Maps/UEDPIE_0_FirstLevel 0.147
[2016.06.23-09.42.05:273][391]LogBlueprintUserMessages: Late PlayInEditor Detection: Level '/Game/Maps/FirstLevel.FirstLevel:PersistentLevel' has LevelScriptBlueprint '/Game/Maps/FirstLevel.FirstLevel:PersistentLevel.FirstLevel' with GeneratedClass '/Game/Maps/FirstLevel.FirstLevel_C' with ClassGeneratedBy '/Game/Maps/FirstLevel.FirstLevel:PersistentLevel.FirstLevel'
[2016.06.23-09.42.05:273][391]LogApp: UseVRFocus has changed to 0
[2016.06.23-09.42.05:273][391]LogApp: HasVRFocus has changed to 0
[2016.06.23-09.42.06:812][460]LogScript:Warning: Accessed None trying to read property CallFunc_GetParentComponent_ReturnValue
	Shield_C /Game/Maps/UEDPIE_0_FirstLevel.FirstLevel:PersistentLevel.Shield_287
	Function /Game/Shield.Shield_C:ExecuteUbergraph_Shield:003A
[2016.06.23-09.42.06:812][460]PIE:Error: Error Blueprint Runtime Error: Accessed None trying to read property CallFunc_GetParentComponent_ReturnValue from function: 'ExecuteUbergraph_Shield' from node: SetActorTransform in graph: EventGraph in object: Shield
[2016.06.23-09.42.07:531][492]LogScript:Warning: Accessed None trying to read property CallFunc_GetParentComponent_ReturnValue
	Shield_C /Game/Maps/UEDPIE_0_FirstLevel.FirstLevel:PersistentLevel.Shield_287
	Function /Game/Shield.Shield_C:ExecuteUbergraph_Shield:003A
[2016.06.23-09.42.07:532][492]PIE:Error: Error Blueprint Runtime Error: Accessed None trying to read property CallFunc_GetParentComponent_ReturnValue from function: 'ExecuteUbergraph_Shield' from node: SetActorTransform in graph: EventGraph in object: Shield
[2016.06.23-09.42.09:540][582]LogBlueprintUserMessages: Early EndPlayMap Detection: Level '/Game/Maps/FirstLevel.FirstLevel:PersistentLevel' has LevelScriptBlueprint '/Game/Maps/FirstLevel.FirstLevel:PersistentLevel.FirstLevel' with GeneratedClass '/Game/Maps/FirstLevel.FirstLevel_C' with ClassGeneratedBy '/Game/Maps/FirstLevel.FirstLevel:PersistentLevel.FirstLevel'
[2016.06.23-09.42.09:560][582]LogHMD: Destroying ovr session
[2016.06.23-09.42.09:610][582]LogBlueprintUserMessages: Late EndPlayMap Detection: Level '/Game/Maps/FirstLevel.FirstLevel:PersistentLevel' has LevelScriptBlueprint '/Game/Maps/FirstLevel.FirstLevel:PersistentLevel.FirstLevel' with GeneratedClass '/Game/Maps/FirstLevel.FirstLevel_C' with ClassGeneratedBy '/Game/Maps/FirstLevel.FirstLevel:PersistentLevel.FirstLevel'
[2016.06.23-09.42.50:872][626]LogBlueprintUserMessages: Early PlayInEditor Detection: Level '/Game/Maps/FirstLevel.FirstLevel:PersistentLevel' has LevelScriptBlueprint '/Game/Maps/FirstLevel.FirstLevel:PersistentLevel.FirstLevel' with GeneratedClass '/Game/Maps/FirstLevel.FirstLevel_C' with ClassGeneratedBy '/Game/Maps/FirstLevel.FirstLevel:PersistentLevel.FirstLevel'
[2016.06.23-09.42.50:872][626]LogPlayLevel: PlayLevel: No blueprints needed recompiling
[2016.06.23-09.42.50:872][626]OCULUS: Debug: [HMDState] Using default profile default
[2016.06.23-09.42.50:872][626]OCULUS: Info: IAD changed to 64.0mm
[2016.06.23-09.42.50:872][626]LogHMD: New ovr session is created
[2016.06.23-09.42.50:872][626]LogHMD: HMD Oculus Rift CV1, res = 2160 x 1200
[2016.06.23-09.42.50:872][626]LogApp: UseVRFocus has changed to 1
[2016.06.23-09.42.50:872][626]LogApp: HasVRFocus has changed to 1
[2016.06.23-09.42.50:872][626]PIE: New page: PIE session: FirstLevel (24 Jun 2016 5:42:50 am)
[2016.06.23-09.42.50:872][626]LogPlayLevel: Creating play world package: /Game/Maps/UEDPIE_0_FirstLevel
[2016.06.23-09.42.50:875][626]LogPlayLevel: PIE: StaticDuplicateObject took: (0.003046s)
[2016.06.23-09.42.50:876][626]LogAIModule: Creating AISystem for world FirstLevel
[2016.06.23-09.42.50:876][626]LogPlayLevel: PIE: World Init took: (0.000683s)
[2016.06.23-09.42.50:876][626]LogPlayLevel: PIE: Created PIE world by copying editor world from /Game/Maps/FirstLevel.FirstLevel to /Game/Maps/UEDPIE_0_FirstLevel.FirstLevel (0.003862s)
[2016.06.23-09.42.50:897][626]LogInit: XAudio2 using 'Headphones (Rift Audio)' : 2 channels at 48 kHz using 16 bits per sample (channel mask 0x3)
[2016.06.23-09.42.50:902][626]LogInit: FAudioDevice initialized.
[2016.06.23-09.42.50:934][626]LogWorld: Game class is 'GameMode'
[2016.06.23-09.42.50:936][626]LogWorld: Bringing World /Game/Maps/UEDPIE_0_FirstLevel.FirstLevel up for play (max tick rate 0) at 2016.06.23-19.42.50
[2016.06.23-09.42.50:936][626]LogWorld: Bringing up level for play took: 0.001492
[2016.06.23-09.42.50:940][626]PIE: Info Play in editor start time for /Game/Maps/UEDPIE_0_FirstLevel -0.185
[2016.06.23-09.42.50:940][626]LogBlueprintUserMessages: Late PlayInEditor Detection: Level '/Game/Maps/FirstLevel.FirstLevel:PersistentLevel' has LevelScriptBlueprint '/Game/Maps/FirstLevel.FirstLevel:PersistentLevel.FirstLevel' with GeneratedClass '/Game/Maps/FirstLevel.FirstLevel_C' with ClassGeneratedBy '/Game/Maps/FirstLevel.FirstLevel:PersistentLevel.FirstLevel'
[2016.06.23-09.42.50:940][626]LogApp: UseVRFocus has changed to 0
[2016.06.23-09.42.50:940][626]LogApp: HasVRFocus has changed to 0
[2016.06.23-09.42.52:215][684]LogScript:Warning: Accessed None trying to read property CallFunc_GetParentComponent_ReturnValue
	Shield_C /Game/Maps/UEDPIE_0_FirstLevel.FirstLevel:PersistentLevel.Shield_287
	Function /Game/Shield.Shield_C:ExecuteUbergraph_Shield:003A
[2016.06.23-09.42.52:215][684]PIE:Error: Error Blueprint Runtime Error: Accessed None trying to read property CallFunc_GetParentComponent_ReturnValue from function: 'ExecuteUbergraph_Shield' from node: SetActorTransform in graph: EventGraph in object: Shield
[2016.06.23-09.42.55:675][840]LogScript:Warning: Accessed None trying to read property CallFunc_GetParentComponent_ReturnValue
	Shield_C /Game/Maps/UEDPIE_0_FirstLevel.FirstLevel:PersistentLevel.Shield_287
	Function /Game/Shield.Shield_C:ExecuteUbergraph_Shield:003A
[2016.06.23-09.42.55:675][840]PIE:Error: Error Blueprint Runtime Error: Accessed None trying to read property CallFunc_GetParentComponent_ReturnValue from function: 'ExecuteUbergraph_Shield' from node: SetActorTransform in graph: EventGraph in object: Shield
[2016.06.23-09.42.56:200][864]LogScript:Warning: Accessed None trying to read property CallFunc_GetParentComponent_ReturnValue
	Shield_C /Game/Maps/UEDPIE_0_FirstLevel.FirstLevel:PersistentLevel.Shield_287
	Function /Game/Shield.Shield_C:ExecuteUbergraph_Shield:003A
[2016.06.23-09.42.56:200][864]PIE:Error: Error Blueprint Runtime Error: Accessed None trying to read property CallFunc_GetParentComponent_ReturnValue from function: 'ExecuteUbergraph_Shield' from node: SetActorTransform in graph: EventGraph in object: Shield
[2016.06.23-09.42.56:397][873]LogScript:Warning: Accessed None trying to read property CallFunc_GetParentComponent_ReturnValue
	Shield_C /Game/Maps/UEDPIE_0_FirstLevel.FirstLevel:PersistentLevel.Shield_287
	Function /Game/Shield.Shield_C:ExecuteUbergraph_Shield:003A
[2016.06.23-09.42.56:397][873]PIE:Error: Error Blueprint Runtime Error: Accessed None trying to read property CallFunc_GetParentComponent_ReturnValue from function: 'ExecuteUbergraph_Shield' from node: SetActorTransform in graph: EventGraph in object: Shield
[2016.06.23-09.42.56:572][881]LogScript:Warning: Accessed None trying to read property CallFunc_GetParentComponent_ReturnValue
	Shield_C /Game/Maps/UEDPIE_0_FirstLevel.FirstLevel:PersistentLevel.Shield_287
	Function /Game/Shield.Shield_C:ExecuteUbergraph_Shield:003A
[2016.06.23-09.42.56:572][881]PIE:Error: Error Blueprint Runtime Error: Accessed None trying to read property CallFunc_GetParentComponent_ReturnValue from function: 'ExecuteUbergraph_Shield' from node: SetActorTransform in graph: EventGraph in object: Shield
[2016.06.23-09.42.56:748][889]LogScript:Warning: Accessed None trying to read property CallFunc_GetParentComponent_ReturnValue
	Shield_C /Game/Maps/UEDPIE_0_FirstLevel.FirstLevel:PersistentLevel.Shield_287
	Function /Game/Shield.Shield_C:ExecuteUbergraph_Shield:003A
[2016.06.23-09.42.56:748][889]PIE:Error: Error Blueprint Runtime Error: Accessed None trying to read property CallFunc_GetParentComponent_ReturnValue from function: 'ExecuteUbergraph_Shield' from node: SetActorTransform in graph: EventGraph in object: Shield
[2016.06.23-09.42.58:094][950]LogBlueprintUserMessages: Early EndPlayMap Detection: Level '/Game/Maps/FirstLevel.FirstLevel:PersistentLevel' has LevelScriptBlueprint '/Game/Maps/FirstLevel.FirstLevel:PersistentLevel.FirstLevel' with GeneratedClass '/Game/Maps/FirstLevel.FirstLevel_C' with ClassGeneratedBy '/Game/Maps/FirstLevel.FirstLevel:PersistentLevel.FirstLevel'
[2016.06.23-09.42.58:115][950]LogHMD: Destroying ovr session
[2016.06.23-09.42.58:167][950]LogBlueprintUserMessages: Late EndPlayMap Detection: Level '/Game/Maps/FirstLevel.FirstLevel:PersistentLevel' has LevelScriptBlueprint '/Game/Maps/FirstLevel.FirstLevel:PersistentLevel.FirstLevel' with GeneratedClass '/Game/Maps/FirstLevel.FirstLevel_C' with ClassGeneratedBy '/Game/Maps/FirstLevel.FirstLevel:PersistentLevel.FirstLevel'
[2016.06.23-09.43.35:575][373]BlueprintLog: New page: Compile Shield
[2016.06.23-09.43.35:711][373]BlueprintEditorCompileResults: Info [0694.76] Compile of Shield successful! [in 135 ms]
[2016.06.23-09.43.36:424][418]LogBlueprintUserMessages: Early PlayInEditor Detection: Level '/Game/Maps/FirstLevel.FirstLevel:PersistentLevel' has LevelScriptBlueprint '/Game/Maps/FirstLevel.FirstLevel:PersistentLevel.FirstLevel' with GeneratedClass '/Game/Maps/FirstLevel.FirstLevel_C' with ClassGeneratedBy '/Game/Maps/FirstLevel.FirstLevel:PersistentLevel.FirstLevel'
[2016.06.23-09.43.36:424][418]LogPlayLevel: PlayLevel: No blueprints needed recompiling
[2016.06.23-09.43.36:425][418]OCULUS: Debug: [HMDState] Using default profile default
[2016.06.23-09.43.36:425][418]OCULUS: Info: IAD changed to 64.0mm
[2016.06.23-09.43.36:425][418]LogHMD: New ovr session is created
[2016.06.23-09.43.36:425][418]LogHMD: HMD Oculus Rift CV1, res = 2160 x 1200
[2016.06.23-09.43.36:425][418]LogApp: UseVRFocus has changed to 1
[2016.06.23-09.43.36:425][418]LogApp: HasVRFocus has changed to 1
[2016.06.23-09.43.36:425][418]PIE: New page: PIE session: FirstLevel (24 Jun 2016 5:43:36 am)
[2016.06.23-09.43.36:425][418]LogPlayLevel: Creating play world package: /Game/Maps/UEDPIE_0_FirstLevel
[2016.06.23-09.43.36:428][418]LogPlayLevel: PIE: StaticDuplicateObject took: (0.002626s)
[2016.06.23-09.43.36:428][418]LogAIModule: Creating AISystem for world FirstLevel
[2016.06.23-09.43.36:428][418]LogPlayLevel: PIE: World Init took: (0.000529s)
[2016.06.23-09.43.36:429][418]LogPlayLevel: PIE: Created PIE world by copying editor world from /Game/Maps/FirstLevel.FirstLevel to /Game/Maps/UEDPIE_0_FirstLevel.FirstLevel (0.003317s)
[2016.06.23-09.43.36:449][418]LogInit: XAudio2 using 'Headphones (Rift Audio)' : 2 channels at 48 kHz using 16 bits per sample (channel mask 0x3)
[2016.06.23-09.43.36:454][418]LogInit: FAudioDevice initialized.
[2016.06.23-09.43.36:489][418]LogWorld: Game class is 'GameMode'
[2016.06.23-09.43.36:491][418]LogWorld: Bringing World /Game/Maps/UEDPIE_0_FirstLevel.FirstLevel up for play (max tick rate 0) at 2016.06.23-19.43.36
[2016.06.23-09.43.36:492][418]LogWorld: Bringing up level for play took: 0.001599
[2016.06.23-09.43.36:495][418]PIE: Info Play in editor start time for /Game/Maps/UEDPIE_0_FirstLevel -0.63
[2016.06.23-09.43.36:496][418]LogBlueprintUserMessages: Late PlayInEditor Detection: Level '/Game/Maps/FirstLevel.FirstLevel:PersistentLevel' has LevelScriptBlueprint '/Game/Maps/FirstLevel.FirstLevel:PersistentLevel.FirstLevel' with GeneratedClass '/Game/Maps/FirstLevel.FirstLevel_C' with ClassGeneratedBy '/Game/Maps/FirstLevel.FirstLevel:PersistentLevel.FirstLevel'
[2016.06.23-09.43.36:496][418]LogApp: UseVRFocus has changed to 0
[2016.06.23-09.43.36:496][418]LogApp: HasVRFocus has changed to 0
[2016.06.23-09.43.37:531][465]LogScript:Warning: Accessed None trying to read property CallFunc_GetParentComponent_ReturnValue
	Shield_C /Game/Maps/UEDPIE_0_FirstLevel.FirstLevel:PersistentLevel.Shield_287
	Function /Game/Shield.Shield_C:ExecuteUbergraph_Shield:003A
[2016.06.23-09.43.37:532][465]PIE:Error: Error Blueprint Runtime Error: Accessed None trying to read property CallFunc_GetParentComponent_ReturnValue from function: 'ExecuteUbergraph_Shield' from node: SetActorTransform in graph: EventGraph in object: Shield
[2016.06.23-09.43.38:240][497]LogScript:Warning: Accessed None trying to read property CallFunc_GetParentComponent_ReturnValue
	Shield_C /Game/Maps/UEDPIE_0_FirstLevel.FirstLevel:PersistentLevel.Shield_287
	Function /Game/Shield.Shield_C:ExecuteUbergraph_Shield:003A
[2016.06.23-09.43.38:240][497]PIE:Error: Error Blueprint Runtime Error: Accessed None trying to read property CallFunc_GetParentComponent_ReturnValue from function: 'ExecuteUbergraph_Shield' from node: SetActorTransform in graph: EventGraph in object: Shield
[2016.06.23-09.43.40:211][586]LogBlueprintUserMessages: Early EndPlayMap Detection: Level '/Game/Maps/FirstLevel.FirstLevel:PersistentLevel' has LevelScriptBlueprint '/Game/Maps/FirstLevel.FirstLevel:PersistentLevel.FirstLevel' with GeneratedClass '/Game/Maps/FirstLevel.FirstLevel_C' with ClassGeneratedBy '/Game/Maps/FirstLevel.FirstLevel:PersistentLevel.FirstLevel'
[2016.06.23-09.43.40:232][586]LogHMD: Destroying ovr session
[2016.06.23-09.43.40:291][586]LogBlueprintUserMessages: Late EndPlayMap Detection: Level '/Game/Maps/FirstLevel.FirstLevel:PersistentLevel' has LevelScriptBlueprint '/Game/Maps/FirstLevel.FirstLevel:PersistentLevel.FirstLevel' with GeneratedClass '/Game/Maps/FirstLevel.FirstLevel_C' with ClassGeneratedBy '/Game/Maps/FirstLevel.FirstLevel:PersistentLevel.FirstLevel'
[2016.06.23-09.44.32:418][131]LogSavePackage: Save=65.02ms
[2016.06.23-09.44.32:418][131]LogSavePackage: Moving '../../../../../../Admin/Documents/GitHub Repositories/Project_PlanetDefence/Project_PlanetDef/Saved/FirstLevel_Auto121BE501B412A89BFA39EF4806646A860.tmp' to '../../../../../../Admin/Documents/GitHub Repositories/Project_PlanetDefence/Project_PlanetDef/Saved/Autosaves/Game/Maps/FirstLevel_Auto1.umap'
[2016.06.23-09.44.32:419][131]LogSavePackage: Total save time: 73.53ms
[2016.06.23-09.44.32:419][131]LogSavePackage:Display: Finished SavePackage ../../../../../../Admin/Documents/GitHub Repositories/Project_PlanetDefence/Project_PlanetDef/Saved/Autosaves/Game/Maps/FirstLevel_Auto1.umap
[2016.06.23-09.44.32:420][131]LogFileHelpers: Editor autosave (incl. sublevels) for '/Game/Maps/FirstLevel' took 0.089
[2016.06.23-09.44.32:420][131]LogFileHelpers: Editor autosave (incl. sublevels) for all levels took 0.089
[2016.06.23-09.44.32:443][131]OBJ SavePackage: Generating thumbnails for [1] asset(s) in package [/Game/Shield] ([1] browsable assets)...
[2016.06.23-09.44.32:474][131]OBJ SavePackage:     Rendered thumbnail for [Blueprint /Game/Shield.Shield]
[2016.06.23-09.44.32:474][131]OBJ SavePackage: Finished generating thumbnails for package [/Game/Shield]
[2016.06.23-09.44.32:508][131]LogSavePackage: Save=30.65ms
[2016.06.23-09.44.32:509][131]LogSavePackage: Moving '../../../../../../Admin/Documents/GitHub Repositories/Project_PlanetDefence/Project_PlanetDef/Saved/Shield_Auto1ACD7091A4FD91AE5DC991EBDF16E894D.tmp' to '../../../../../../Admin/Documents/GitHub Repositories/Project_PlanetDefence/Project_PlanetDef/Saved/Autosaves/Game/Shield_Auto1.uasset'
[2016.06.23-09.44.32:509][131]LogSavePackage: Total save time: 34.66ms
[2016.06.23-09.44.32:509][131]LogSavePackage:Display: Finished SavePackage ../../../../../../Admin/Documents/GitHub Repositories/Project_PlanetDefence/Project_PlanetDef/Saved/Autosaves/Game/Shield_Auto1.uasset
[2016.06.23-09.44.32:509][131]LogFileHelpers: Auto-saving content packages took 0.069
[2016.06.23-09.47.09:963][927]LogCrashTracker: 


[2016.06.23-09.47.09:984][927]LogCrashTracker: 


[2016.06.23-09.47.09:984][927]LogWindows:Error: === Critical error: ===
Fatal error!



[2016.06.23-09.47.10:023][927]LogExit: Executing StaticShutdownAfterError
[2016.06.23-09.47.10:026][927]LogPhysics:Warning: PHYSX: ..\..\PhysX\src\NpScene.cpp (2946) 8 : PxScene::unlockWrite() called without matching call to PxScene::lockWrite(), behaviour will be undefined.
[2016.06.23-09.47.10:026][927]LogPhysics:Warning: PHYSX: ..\..\PhysX\src\NpScene.cpp (2946) 8 : PxScene::unlockWrite() called without matching call to PxScene::lockWrite(), behaviour will be undefined.
[2016.06.23-09.47.10:026][927]LogPhysics:Warning: PHYSX: ..\..\PhysX\src\NpScene.cpp (2946) 8 : PxScene::unlockWrite() called without matching call to PxScene::lockWrite(), behaviour will be undefined.
[2016.06.23-09.47.10:026][927]LogPhysics:Warning: PHYSX: ..\..\PhysX\src\NpScene.cpp (2946) 8 : PxScene::unlockWrite() called without matching call to PxScene::lockWrite(), behaviour will be undefined.
[2016.06.23-09.47.10:026][927]LogWindows: FPlatformMisc::RequestExit(1)
[2016.06.23-09.47.10:026][927]Log file closed, 06/23/16 19:47:10
