Log file open, 06/29/16 11:19:24
LogInit:Display: Running engine for game: Project_PlanetDef
LogPlatformFile: Not using cached read wrapper
LogInit:Display: RandInit(321117406) SRandInit(321117407).
LogTaskGraph: Started task graph with 4 named threads and 7 total threads.
LogStats: Stats thread started at 0.066406
LogHMD: Can't find Oculus library dev build: is proper Runtime installed? Version: 1.3.0
LogInit: Version: 4.11.2-2946394+++UE4+Release-4.11
LogInit: API Version: 2927265
LogInit: Compiled (64-bit): Apr 18 2016 02:18:46
LogInit: Compiled with Visual C++: 19.00.23026.00
LogInit: Build Configuration: Development
LogInit: Branch Name: ++UE4+Release-4.11
LogInit: Command line: 
LogInit: Base directory: C:/Program Files/Epic Games/4.11/Engine/Binaries/Win64/
LogInit: Installed Engine Build: 1
LogInit: Using libcurl 7.41.0
LogInit:  - built for x86_64-pc-win32
LogInit:  - supports SSL with WinSSL
LogInit:  - other features:
LogInit:      CURL_VERSION_SSL
LogInit:      CURL_VERSION_IPV6
LogInit:      CURL_VERSION_ASYNCHDNS
LogInit:      CURL_VERSION_LARGEFILE
LogInit:      CURL_VERSION_IDN
LogInit:  CurlRequestOptions (configurable via config and command line):
LogInit:  - bVerifyPeer = true  - Libcurl will verify peer certificate
LogInit:  - bUseHttpProxy = false  - Libcurl will NOT use HTTP proxy
LogInit:  - bDontReuseConnections = false  - Libcurl will reuse connections
LogInit:  - CertBundlePath = nullptr  - Libcurl will use whatever was configured at build time.
LogInit: Presizing for max 16777216 objects, including 0 objects not considered by GC, pre-allocating 0 bytes for permanent pool.
LogInit: Object subsystem initialized
[2016.06.29-01.19.24:195][  0]LogInit: Selected Device Profile: [Windows]
[2016.06.29-01.19.24:195][  0]LogInit: Applying CVar settings loaded from the selected device profile: [Windows]
[2016.06.29-01.19.24:203][  0]LogInit: Computer: S-805-10-1919-W
[2016.06.29-01.19.24:203][  0]LogInit: User: sdeflorio
[2016.06.29-01.19.24:203][  0]LogInit: CPU Page size=65536, Cores=4
[2016.06.29-01.19.24:203][  0]LogInit: High frequency timer resolution =3.897275 MHz
[2016.06.29-01.19.24:204][  0]LogMemory: Memory total: Physical=15.9GB (16GB approx)
[2016.06.29-01.19.24:204][  0]LogMemory: Platform Memory Stats for Windows
[2016.06.29-01.19.24:204][  0]LogMemory: Process Physical Memory: 316.46 MB used, 316.46 MB peak
[2016.06.29-01.19.24:204][  0]LogMemory: Process Virtual Memory: 317.68 MB used, 317.68 MB peak
[2016.06.29-01.19.24:204][  0]LogMemory: Physical Memory: 5565.91 MB used, 16324.61 MB total
[2016.06.29-01.19.24:204][  0]LogMemory: Virtual Memory: 623.21 MB used, 8388608.00 MB total
[2016.06.29-01.19.24:233][  0]LogTextLocalizationManager: No specific translations for ('en-AU') exist, so ('en') translations will be used.
[2016.06.29-01.19.24:546][  0]LogD3D11RHI: D3D11 adapters:
[2016.06.29-01.19.24:555][  0]LogD3D11RHI:    0. 'AMD RADEON R9 M295X' (Feature Level 11_0)
[2016.06.29-01.19.24:555][  0]LogD3D11RHI:       4074MB of dedicated video memory, 0MB of dedicated system memory, and 3840MB of shared system memory, 1 output[s]
[2016.06.29-01.19.24:555][  0]LogD3D11RHI: Chosen D3D11 Adapter: 0
[2016.06.29-01.19.24:559][  0]LogD3D11RHI: Creating new Direct3DDevice
[2016.06.29-01.19.24:559][  0]LogD3D11RHI:     Adapter Name: AMD RADEON R9 M295X
[2016.06.29-01.19.24:559][  0]LogD3D11RHI:   Driver Version: Unknown (internal Unknown)
[2016.06.29-01.19.24:559][  0]LogD3D11RHI:      Driver Date: Unknown
[2016.06.29-01.19.24:559][  0]LogRHI: Texture pool is 1361 MB (70% of 1945 MB)
[2016.06.29-01.19.24:562][  0]LogD3D11RHI: Async texture creation disabled: no driver support
[2016.06.29-01.19.24:573][  0]LogShaderCompilers: Guid format shader working directory is -34 characters bigger than the processId version (../../../../../../Users/sdeflorio/Documents/Project_PlanetDefence/Project_PlanetDef/Intermediate/Shaders/WorkingDirectory/7064/).
[2016.06.29-01.19.24:573][  0]LogShaderCompilers: Cleaned the shader compiler working directory 'C:/Users/SDEFLO~1/AppData/Local/Temp/UnrealShaderWorkingDir/127C5FBB4D223D2BD9C17CB3A809333A/'.
[2016.06.29-01.19.24:573][  0]LogShaderCompilers:Display: Using Local Shader Compiler.
[2016.06.29-01.19.25:611][  0]LogTemp:Display: Loaded TP AllDesktopTargetPlatform
[2016.06.29-01.19.25:615][  0]LogTemp:Display: Loaded TP WindowsClientTargetPlatform
[2016.06.29-01.19.25:619][  0]LogTemp:Display: Loaded TP WindowsNoEditorTargetPlatform
[2016.06.29-01.19.25:623][  0]LogTemp:Display: Loaded TP WindowsServerTargetPlatform
[2016.06.29-01.19.25:626][  0]LogTemp:Display: Loaded TP WindowsTargetPlatform
[2016.06.29-01.19.25:629][  0]LogTemp:Display: Loaded TP AndroidTargetPlatform
[2016.06.29-01.19.25:631][  0]LogTemp:Display: Loaded TP Android_ASTCTargetPlatform
[2016.06.29-01.19.25:634][  0]LogTemp:Display: Loaded TP Android_ATCTargetPlatform
[2016.06.29-01.19.25:636][  0]LogTemp:Display: Loaded TP Android_DXTTargetPlatform
[2016.06.29-01.19.25:638][  0]LogTemp:Display: Loaded TP Android_ETC1TargetPlatform
[2016.06.29-01.19.25:640][  0]LogTemp:Display: Loaded TP Android_ETC2TargetPlatform
[2016.06.29-01.19.25:646][  0]LogTemp:Display: Loaded TP Android_MultiTargetPlatform
[2016.06.29-01.19.25:646][  0]LogTemp:Display: Loaded TP Android_PVRTCTargetPlatform
[2016.06.29-01.19.25:646][  0]LogTemp:Display: Loaded TP HTML5TargetPlatform
[2016.06.29-01.19.25:661][  0]LogTemp:Display: Loaded TP IOSTargetPlatform
[2016.06.29-01.19.25:663][  0]LogTemp:Display: Loaded TP TVOSTargetPlatform
[2016.06.29-01.19.25:665][  0]LogTemp:Display: Loaded TP LinuxNoEditorTargetPlatform
[2016.06.29-01.19.25:667][  0]LogTemp:Display: Loaded TP LinuxServerTargetPlatform
[2016.06.29-01.19.25:669][  0]LogTemp:Display: Loaded TP LinuxTargetPlatform
[2016.06.29-01.19.25:669][  0]LogTargetPlatformManager:Display: Building Assets For Windows
[2016.06.29-01.19.25:725][  0]LogDerivedDataCache:Display: Max Cache Size: 512 MB
[2016.06.29-01.19.25:760][  0]LogDerivedDataCache: Loaded boot cache 0.03s 46MB C:/Users/sdeflorio/AppData/Local/UnrealEngine/4.11/DerivedDataCache/Boot.ddc.
[2016.06.29-01.19.25:760][  0]LogDerivedDataCache:Display: Loaded Boot cache: C:/Users/sdeflorio/AppData/Local/UnrealEngine/4.11/DerivedDataCache/Boot.ddc
[2016.06.29-01.19.25:760][  0]LogDerivedDataCache: FDerivedDataBackendGraph:  Pak pak cache file ../../../../../../Users/sdeflorio/Documents/Project_PlanetDefence/Project_PlanetDef/DerivedDataCache/DDC.ddp not found, will not use a pak cache.
[2016.06.29-01.19.25:760][  0]LogDerivedDataCache: Unable to find inner node Pak for hierarchical cache Hierarchy.
[2016.06.29-01.19.25:760][  0]LogDerivedDataCache: FDerivedDataBackendGraph:  CompressedPak pak cache file ../../../../../../Users/sdeflorio/Documents/Project_PlanetDefence/Project_PlanetDef/DerivedDataCache/Compressed.ddp not found, will not use a pak cache.
[2016.06.29-01.19.25:760][  0]LogDerivedDataCache: Unable to find inner node CompressedPak for hierarchical cache Hierarchy.
[2016.06.29-01.19.25:770][  0]LogDerivedDataCache:Display: Pak cache opened for reading ../../../Engine/DerivedDataCache/Compressed.ddp.
[2016.06.29-01.19.25:782][  0]LogDerivedDataCache: Using Local data cache path C:/Users/sdeflorio/AppData/Local/UnrealEngine/Common/DerivedDataCache: Writable
[2016.06.29-01.19.25:897][  0]LogInit: Selected Device Profile: [Windows]
[2016.06.29-01.19.25:897][  0]LogContentStreaming: Texture pool size is 0.00 MB
[2016.06.29-01.19.25:913][  0]LogMaterial: Uniform references updated for custom material expression Custom.
[2016.06.29-01.19.26:019][  0]LogMeshUtilities: No automatic mesh reduction module available
[2016.06.29-01.19.26:019][  0]LogMeshUtilities: No automatic mesh merging module available
[2016.06.29-01.19.26:019][  0]LogMeshUtilities: No distributed automatic mesh merging module available
[2016.06.29-01.19.26:235][  0]LogUObjectArray: 27679 objects as part of root set at end of initial load.
[2016.06.29-01.19.26:235][  0]LogUObjectAllocator: 5591600 out of 0 bytes used by permanent object pool.
[2016.06.29-01.19.26:235][  0]LogUObjectArray: CloseDisregardForGC: 0/0 objects in disregard for GC pool
[2016.06.29-01.19.26:241][  0]LogInit: WinSock: version 1.1 (2.2), MaxSocks=32767, MaxUdp=65467
[2016.06.29-01.19.26:310][  0]LogSlate: SlateFontCache - WITH_FREETYPE: 1, WITH_HARFBUZZ: 1
[2016.06.29-01.19.26:310][  0]LogSlate: SlateFontCache - WITH_FREETYPE: 1, WITH_HARFBUZZ: 1
[2016.06.29-01.19.26:387][  0]LogStreaming:Warning: Failed to read file '../../../Engine/Content/Editor/Slate/Common/Selection_16x.png' error.
[2016.06.29-01.19.26:387][  0]LogSlate: Could not find file for Slate resource: ../../../Engine/Content/Editor/Slate/Common/Selection_16x.png
[2016.06.29-01.19.26:387][  0]LogStreaming:Warning: Failed to read file '../../../Engine/Content/Editor/Slate/Common/Selection_16x.png' error.
[2016.06.29-01.19.26:387][  0]LogSlate: Could not find file for Slate resource: ../../../Engine/Content/Editor/Slate/Common/Selection_16x.png
[2016.06.29-01.19.26:387][  0]LogStreaming:Warning: Failed to read file '../../../Engine/Content/Editor/Slate/Common/Selection_16x.png' error.
[2016.06.29-01.19.26:387][  0]LogSlate: Could not find file for Slate resource: ../../../Engine/Content/Editor/Slate/Common/Selection_16x.png
[2016.06.29-01.19.26:843][  0]LogSubstanceCoreModule: Substance CPU Engine Loaded, Max Texture Size 2048
[2016.06.29-01.19.26:850][  0]LogUdpMessaging: Initializing bridge on interface 0.0.0.0:0 to multicast group 230.0.0.1:6666.
[2016.06.29-01.19.26:945][  0]LogAssetRegistry: FAssetRegistry took 0.0199 seconds to start up
[2016.06.29-01.19.27:064][  0]SourceControl: Info Source control is disabled
[2016.06.29-01.19.27:492][  0]SourceControl: Info Source control is disabled
[2016.06.29-01.19.27:498][  0]SourceControl: Info Source control is disabled
[2016.06.29-01.19.27:504][  0]SourceControl: Info Source control is disabled
[2016.06.29-01.19.27:628][  0]LogHMD: Failed to initialize OpenVR with code 110
[2016.06.29-01.19.27:698][  0]LogEngine: Initializing Engine...
[2016.06.29-01.19.27:803][  0]LogAIModule: Creating AISystem for world NewWorld
[2016.06.29-01.19.27:807][  0]LogInit: XAudio2 using 'Speakers (Cirrus Logic CS4206B (AB 122))' : 2 channels at 48 kHz using 32 bits per sample (channel mask 0x3)
[2016.06.29-01.19.27:823][  0]LogInit: FAudioDevice initialized.
[2016.06.29-01.19.27:843][  0]LogDerivedDataCache: Saved boot cache 0.02s 46MB C:/Users/sdeflorio/AppData/Local/UnrealEngine/4.11/DerivedDataCache/Boot.ddc.
[2016.06.29-01.19.27:846][  0]LogInit: Texture streaming: Enabled
[2016.06.29-01.19.27:863][  0]LogInit: Transaction tracking system initialized
[2016.06.29-01.19.27:882][  0]BlueprintLog: New page: Editor Load
[2016.06.29-01.19.27:943][  0]LocalizationService: Info Localization service is disabled
[2016.06.29-01.19.27:995][  0]LogConsoleResponse:Display: 
[2016.06.29-01.19.28:072][  0]LogCook:Display: Max memory allowance for cook 8192mb
[2016.06.29-01.19.28:072][  0]LogCook:Display: Mobile HDR setting 1
[2016.06.29-01.19.28:072][  0]LogCook:Display: Done creating registry. It took  0.00s.
[2016.06.29-01.19.28:108][  0]LogFileCache: Scanning file cache for directory 'C:/Users/sdeflorio/Documents/Project_PlanetDefence/Project_PlanetDef/Content/' took 0.01s
[2016.06.29-01.19.28:108][  0]SourceControl: Info Source control is disabled
[2016.06.29-01.19.28:108][  0]Cmd: MAP LOAD FILE="../../../Engine/Content/Maps/Templates/Template_Default.umap" TEMPLATE=1 SHOWPROGRESS=1 FEATURELEVEL=3
[2016.06.29-01.19.28:108][  0]LightingResults: New page: Lighting Build
[2016.06.29-01.19.28:111][  0]MapCheck: New page: Map Check
[2016.06.29-01.19.28:111][  0]LightingResults: New page: Lighting Build
[2016.06.29-01.19.28:273][  0]LogAIModule: Creating AISystem for world Untitled_1
[2016.06.29-01.19.28:277][  0]LogEditorServer: Finished looking for orphan Actors (0.000 secs)
[2016.06.29-01.19.28:297][  0]Cmd: MAP CHECKDEP NOCLEARLOG
[2016.06.29-01.19.28:326][  0]MapCheck: Info Map check complete: 0 Error(s), 0 Warning(s), took 28.936ms to complete.
[2016.06.29-01.19.28:326][  0]LogFileHelpers: Loading map 'Template_Default' took 0.218
[2016.06.29-01.19.28:482][  0]LogCollectionManager: Loaded 0 collections in 0.001509 seconds
[2016.06.29-01.19.28:519][  0]LogFileCache: Scanning file cache for directory 'C:/Users/sdeflorio/Documents/Project_PlanetDefence/Project_PlanetDef/Saved/Collections/' took 0.01s
[2016.06.29-01.19.28:519][  0]LogFileCache: Scanning file cache for directory 'C:/Users/sdeflorio/Documents/Project_PlanetDefence/Project_PlanetDef/Content/Developers/sdeflorio/Collections/' took 0.01s
[2016.06.29-01.19.28:519][  0]LogFileCache: Scanning file cache for directory 'C:/Users/sdeflorio/Documents/Project_PlanetDefence/Project_PlanetDef/Content/Collections/' took 0.01s
[2016.06.29-01.19.28:519][  0]LogCollectionManager: Rebuilt the GUID cache for 0 collections in 0.000011 seconds
[2016.06.29-01.19.28:524][  0]LogContentBrowser: Native class hierarchy populated in 0.0053 seconds. Added 1994 classes and 349 folders.
[2016.06.29-01.19.28:527][  0]LogStats: UGameplayTagsManager::ConstructGameplayTagTree: Construct from data asset -  0.000 s
[2016.06.29-01.19.28:527][  0]LogStats: UGameplayTagsManager::ConstructGameplayTagTree: GameplayTagTreeChangedEvent.Broadcast -  0.000 s
[2016.06.29-01.19.28:528][  0]LogContentBrowser: Native class hierarchy updated for 'GameplayTags' in 0.0003 seconds. Added 12 classes and 0 folders.
[2016.06.29-01.19.28:531][  0]LogContentBrowser: Native class hierarchy updated for 'WidgetCarousel' in 0.0002 seconds. Added 0 classes and 0 folders.
[2016.06.29-01.19.28:625][  0]LogContentBrowser: Native class hierarchy updated for 'SuperSearch' in 0.0003 seconds. Added 1 classes and 2 folders.
[2016.06.29-01.19.29:217][  0]LogContentBrowser: Native class hierarchy updated for 'AddContentDialog' in 0.0003 seconds. Added 0 classes and 0 folders.
[2016.06.29-01.19.29:221][  0]LogContentBrowser: Native class hierarchy updated for 'SceneOutliner' in 0.0002 seconds. Added 1 classes and 2 folders.
[2016.06.29-01.19.29:261][  0]LogCrashTracker: Crashtracker disabled due to settings.
[2016.06.29-01.19.29:265][  0]LogUObjectGlobals:Warning: Failed to find object 'Class None.'
[2016.06.29-01.19.29:291][  0]LogContentBrowser: Native class hierarchy updated for 'HierarchicalLODOutliner' in 0.0003 seconds. Added 1 classes and 2 folders.
[2016.06.29-01.19.29:291][  0]LogLoad: Full Startup: 5.71 seconds (BP compile: 0.02 seconds)
[2016.06.29-01.19.29:291][  0]LogExternalProfiler: Found external profiler: VSPerf
[2016.06.29-01.19.29:291][  0]LogExternalProfiler: Using external profiler: VSPerf
[2016.06.29-01.19.29:299][  0]LogOcInput: OculusInput pre-init called
[2016.06.29-01.19.29:300][  0]LogOcInput: Can't find Oculus library dev build: is proper Runtime installed? Version: 1.3.0
[2016.06.29-01.19.29:313][  0]LogAssetRegistry: Asset discovery search completed in 2.3885 seconds
[2016.06.29-01.19.29:313][  0]LogCollectionManager: Rebuilt the object cache for 0 collections in 0.000001 seconds (found 0 objects)
[2016.06.29-01.19.29:313][  0]LogCollectionManager: Fixed up redirectors for 0 collections in 0.000012 seconds (updated 0 objects)
[2016.06.29-01.19.29:350][  0]LogContentStreaming: Texture pool size now 1000 MB
[2016.06.29-01.19.29:494][  0]LogRenderer: Reallocating scene render targets to support 1616x812 (Frame:2).
[2016.06.29-01.21.31:181][355]LogAIModule: Creating AISystem for world FirstLevel
[2016.06.29-01.21.31:203][355]Cmd: MAP LOAD FILE="../../../../../../Users/sdeflorio/Documents/Project_PlanetDefence/Project_PlanetDef/Content/Maps/FirstLevel.umap" TEMPLATE=0 SHOWPROGRESS=1 FEATURELEVEL=3
[2016.06.29-01.21.31:203][355]LightingResults: New page: Lighting Build
[2016.06.29-01.21.31:218][355]LoadErrors: New page: Loading map: FirstLevel.umap
[2016.06.29-01.21.31:218][355]MapCheck: New page: Map Check
[2016.06.29-01.21.31:218][355]LightingResults: New page: Lighting Build
[2016.06.29-01.21.31:229][355]LogEditorServer: Finished looking for orphan Actors (0.000 secs)
[2016.06.29-01.21.31:247][355]Cmd: MAP CHECKDEP NOCLEARLOG
[2016.06.29-01.21.31:276][355]MapCheck: Info Map check complete: 0 Error(s), 0 Warning(s), took 28.914ms to complete.
[2016.06.29-01.21.31:276][355]LogFileHelpers: Loading map 'FirstLevel' took 0.074
[2016.06.29-01.21.33:693][580]LogSavePackage: Save=50.57ms
[2016.06.29-01.21.33:693][580]LogSavePackage: Moving '../../../../../../Users/sdeflorio/Documents/Project_PlanetDefence/Project_PlanetDef/Saved/FirstLevel6B9E80C9419705DC865C3B8689D74D02.tmp' to '../../../../../../Users/sdeflorio/Documents/Project_PlanetDefence/Project_PlanetDef/Content/Maps/FirstLevel.umap'
[2016.06.29-01.21.33:694][580]LogSavePackage: Total save time: 59.95ms
[2016.06.29-01.21.33:694][580]LogSavePackage:Display: Finished SavePackage ../../../../../../Users/sdeflorio/Documents/Project_PlanetDefence/Project_PlanetDef/Content/Maps/FirstLevel.umap
[2016.06.29-01.21.42:401][449]LogEditorViewport: Clicking on Actor (LMB): LeftTurret_C (LeftTurret)
[2016.06.29-01.21.53:356][490]LogSavePackage: Save=47.95ms
[2016.06.29-01.21.53:356][490]LogSavePackage: Moving '../../../../../../Users/sdeflorio/Documents/Project_PlanetDefence/Project_PlanetDef/Saved/FirstLevel282593D84A4049C4C7B6818D4C3E76A0.tmp' to '../../../../../../Users/sdeflorio/Documents/Project_PlanetDefence/Project_PlanetDef/Content/Maps/FirstLevel.umap'
[2016.06.29-01.21.53:358][490]LogSavePackage: Total save time: 53.94ms
[2016.06.29-01.21.53:358][490]LogSavePackage:Display: Finished SavePackage ../../../../../../Users/sdeflorio/Documents/Project_PlanetDefence/Project_PlanetDef/Content/Maps/FirstLevel.umap
[2016.06.29-01.22.01:979][147]LogEditorViewport: Clicking on Actor (LMB): StaticMeshActor (Sphere)
[2016.06.29-01.22.16:154][441]LogSavePackage: Save=46.97ms
[2016.06.29-01.22.16:154][441]LogSavePackage: Moving '../../../../../../Users/sdeflorio/Documents/Project_PlanetDefence/Project_PlanetDef/Saved/FirstLevel28DF033348EEA524C0DCC0896FA1EBC2.tmp' to '../../../../../../Users/sdeflorio/Documents/Project_PlanetDefence/Project_PlanetDef/Content/Maps/FirstLevel.umap'
[2016.06.29-01.22.16:156][441]LogSavePackage: Total save time: 52.85ms
[2016.06.29-01.22.16:156][441]LogSavePackage:Display: Finished SavePackage ../../../../../../Users/sdeflorio/Documents/Project_PlanetDefence/Project_PlanetDef/Content/Maps/FirstLevel.umap
[2016.06.29-01.22.30:852][817]LogEditorViewport: Clicking on Actor (LMB): StaticMeshActor (Floor2)
[2016.06.29-01.22.34:424][131]LogBlueprintUserMessages: Early PlayInEditor Detection: Level '/Game/Maps/FirstLevel.FirstLevel:PersistentLevel' has LevelScriptBlueprint '/Game/Maps/FirstLevel.FirstLevel:PersistentLevel.FirstLevel' with GeneratedClass '/Game/Maps/FirstLevel.FirstLevel_C' with ClassGeneratedBy '/Game/Maps/FirstLevel.FirstLevel:PersistentLevel.FirstLevel'
[2016.06.29-01.22.34:424][131]LogPlayLevel: PlayLevel: No blueprints needed recompiling
[2016.06.29-01.22.34:424][131]PIE: New page: PIE session: FirstLevel (29 Jun 2016 9:22:34 pm)
[2016.06.29-01.22.34:424][131]LogPlayLevel: Creating play world package: /Game/Maps/UEDPIE_0_FirstLevel
[2016.06.29-01.22.34:427][131]LogPlayLevel: PIE: StaticDuplicateObject took: (0.002866s)
[2016.06.29-01.22.34:428][131]LogAIModule: Creating AISystem for world FirstLevel
[2016.06.29-01.22.34:428][131]LogPlayLevel: PIE: World Init took: (0.000828s)
[2016.06.29-01.22.34:429][131]LogPlayLevel: PIE: Created PIE world by copying editor world from /Game/Maps/FirstLevel.FirstLevel to /Game/Maps/UEDPIE_0_FirstLevel.FirstLevel (0.004226s)
[2016.06.29-01.22.34:439][131]LogInit: XAudio2 using 'Speakers (Cirrus Logic CS4206B (AB 122))' : 2 channels at 48 kHz using 32 bits per sample (channel mask 0x3)
[2016.06.29-01.22.34:445][131]LogInit: FAudioDevice initialized.
[2016.06.29-01.22.34:486][131]LogWorld: Game class is 'GameMode'
[2016.06.29-01.22.34:489][131]LogWorld: Bringing World /Game/Maps/UEDPIE_0_FirstLevel.FirstLevel up for play (max tick rate 0) at 2016.06.29-11.22.34
[2016.06.29-01.22.34:490][131]LogWorld: Bringing up level for play took: 0.001932
[2016.06.29-01.22.34:493][131]LogContentBrowser: Native class hierarchy updated for 'MovieSceneCapture' in 0.0004 seconds. Added 9 classes and 0 folders.
[2016.06.29-01.22.34:494][131]PIE: Info Play in editor start time for /Game/Maps/UEDPIE_0_FirstLevel -0.364
[2016.06.29-01.22.34:494][131]LogBlueprintUserMessages: Late PlayInEditor Detection: Level '/Game/Maps/FirstLevel.FirstLevel:PersistentLevel' has LevelScriptBlueprint '/Game/Maps/FirstLevel.FirstLevel:PersistentLevel.FirstLevel' with GeneratedClass '/Game/Maps/FirstLevel.FirstLevel_C' with ClassGeneratedBy '/Game/Maps/FirstLevel.FirstLevel:PersistentLevel.FirstLevel'
[2016.06.29-01.22.39:640][740]LogBlueprintUserMessages: Early EndPlayMap Detection: Level '/Game/Maps/FirstLevel.FirstLevel:PersistentLevel' has LevelScriptBlueprint '/Game/Maps/FirstLevel.FirstLevel:PersistentLevel.FirstLevel' with GeneratedClass '/Game/Maps/FirstLevel.FirstLevel_C' with ClassGeneratedBy '/Game/Maps/FirstLevel.FirstLevel:PersistentLevel.FirstLevel'
[2016.06.29-01.22.39:682][740]LogBlueprintUserMessages: Late EndPlayMap Detection: Level '/Game/Maps/FirstLevel.FirstLevel:PersistentLevel' has LevelScriptBlueprint '/Game/Maps/FirstLevel.FirstLevel:PersistentLevel.FirstLevel' with GeneratedClass '/Game/Maps/FirstLevel.FirstLevel_C' with ClassGeneratedBy '/Game/Maps/FirstLevel.FirstLevel:PersistentLevel.FirstLevel'
[2016.06.29-01.22.42:916][ 17]LogBlueprintUserMessages: Early PlayInEditor Detection: Level '/Game/Maps/FirstLevel.FirstLevel:PersistentLevel' has LevelScriptBlueprint '/Game/Maps/FirstLevel.FirstLevel:PersistentLevel.FirstLevel' with GeneratedClass '/Game/Maps/FirstLevel.FirstLevel_C' with ClassGeneratedBy '/Game/Maps/FirstLevel.FirstLevel:PersistentLevel.FirstLevel'
[2016.06.29-01.22.42:916][ 17]LogPlayLevel: PlayLevel: No blueprints needed recompiling
[2016.06.29-01.22.42:916][ 17]PIE: New page: PIE session: FirstLevel (29 Jun 2016 9:22:42 pm)
[2016.06.29-01.22.42:916][ 17]LogPlayLevel: Creating play world package: /Game/Maps/UEDPIE_0_FirstLevel
[2016.06.29-01.22.42:920][ 17]LogPlayLevel: PIE: StaticDuplicateObject took: (0.003587s)
[2016.06.29-01.22.42:920][ 17]LogAIModule: Creating AISystem for world FirstLevel
[2016.06.29-01.22.42:920][ 17]LogPlayLevel: PIE: World Init took: (0.000587s)
[2016.06.29-01.22.42:920][ 17]LogPlayLevel: PIE: Created PIE world by copying editor world from /Game/Maps/FirstLevel.FirstLevel to /Game/Maps/UEDPIE_0_FirstLevel.FirstLevel (0.004328s)
[2016.06.29-01.22.42:929][ 17]LogInit: XAudio2 using 'Speakers (Cirrus Logic CS4206B (AB 122))' : 2 channels at 48 kHz using 32 bits per sample (channel mask 0x3)
[2016.06.29-01.22.42:934][ 17]LogInit: FAudioDevice initialized.
[2016.06.29-01.22.42:961][ 17]LogWorld: Game class is 'GameMode'
[2016.06.29-01.22.42:963][ 17]LogWorld: Bringing World /Game/Maps/UEDPIE_0_FirstLevel.FirstLevel up for play (max tick rate 0) at 2016.06.29-11.22.42
[2016.06.29-01.22.42:963][ 17]LogWorld: Bringing up level for play took: 0.001787
[2016.06.29-01.22.42:964][ 17]PIE: Info Play in editor start time for /Game/Maps/UEDPIE_0_FirstLevel 0.107
[2016.06.29-01.22.42:964][ 17]LogBlueprintUserMessages: Late PlayInEditor Detection: Level '/Game/Maps/FirstLevel.FirstLevel:PersistentLevel' has LevelScriptBlueprint '/Game/Maps/FirstLevel.FirstLevel:PersistentLevel.FirstLevel' with GeneratedClass '/Game/Maps/FirstLevel.FirstLevel_C' with ClassGeneratedBy '/Game/Maps/FirstLevel.FirstLevel:PersistentLevel.FirstLevel'
[2016.06.29-01.23.12:634][488]LogBlueprintUserMessages: Early EndPlayMap Detection: Level '/Game/Maps/FirstLevel.FirstLevel:PersistentLevel' has LevelScriptBlueprint '/Game/Maps/FirstLevel.FirstLevel:PersistentLevel.FirstLevel' with GeneratedClass '/Game/Maps/FirstLevel.FirstLevel_C' with ClassGeneratedBy '/Game/Maps/FirstLevel.FirstLevel:PersistentLevel.FirstLevel'
[2016.06.29-01.23.12:674][488]LogBlueprintUserMessages: Late EndPlayMap Detection: Level '/Game/Maps/FirstLevel.FirstLevel:PersistentLevel' has LevelScriptBlueprint '/Game/Maps/FirstLevel.FirstLevel:PersistentLevel.FirstLevel' with GeneratedClass '/Game/Maps/FirstLevel.FirstLevel_C' with ClassGeneratedBy '/Game/Maps/FirstLevel.FirstLevel:PersistentLevel.FirstLevel'
[2016.06.29-01.23.18:746][937]LogBlueprintUserMessages: Early PlayInEditor Detection: Level '/Game/Maps/FirstLevel.FirstLevel:PersistentLevel' has LevelScriptBlueprint '/Game/Maps/FirstLevel.FirstLevel:PersistentLevel.FirstLevel' with GeneratedClass '/Game/Maps/FirstLevel.FirstLevel_C' with ClassGeneratedBy '/Game/Maps/FirstLevel.FirstLevel:PersistentLevel.FirstLevel'
[2016.06.29-01.23.18:746][937]LogPlayLevel: PlayLevel: No blueprints needed recompiling
[2016.06.29-01.23.18:746][937]PIE: New page: PIE session: FirstLevel (29 Jun 2016 9:23:18 pm)
[2016.06.29-01.23.18:746][937]LogPlayLevel: Creating play world package: /Game/Maps/UEDPIE_0_FirstLevel
[2016.06.29-01.23.18:749][937]LogPlayLevel: PIE: StaticDuplicateObject took: (0.003111s)
[2016.06.29-01.23.18:749][937]LogAIModule: Creating AISystem for world FirstLevel
[2016.06.29-01.23.18:750][937]LogPlayLevel: PIE: World Init took: (0.000563s)
[2016.06.29-01.23.18:750][937]LogPlayLevel: PIE: Created PIE world by copying editor world from /Game/Maps/FirstLevel.FirstLevel to /Game/Maps/UEDPIE_0_FirstLevel.FirstLevel (0.003827s)
[2016.06.29-01.23.18:759][937]LogInit: XAudio2 using 'Speakers (Cirrus Logic CS4206B (AB 122))' : 2 channels at 48 kHz using 32 bits per sample (channel mask 0x3)
[2016.06.29-01.23.18:765][937]LogInit: FAudioDevice initialized.
[2016.06.29-01.23.18:793][937]LogWorld: Game class is 'GameMode'
[2016.06.29-01.23.18:795][937]LogWorld: Bringing World /Game/Maps/UEDPIE_0_FirstLevel.FirstLevel up for play (max tick rate 0) at 2016.06.29-11.23.18
[2016.06.29-01.23.18:796][937]LogWorld: Bringing up level for play took: 0.002050
[2016.06.29-01.23.18:797][937]PIE: Info Play in editor start time for /Game/Maps/UEDPIE_0_FirstLevel -0.059
[2016.06.29-01.23.18:797][937]LogBlueprintUserMessages: Late PlayInEditor Detection: Level '/Game/Maps/FirstLevel.FirstLevel:PersistentLevel' has LevelScriptBlueprint '/Game/Maps/FirstLevel.FirstLevel:PersistentLevel.FirstLevel' with GeneratedClass '/Game/Maps/FirstLevel.FirstLevel_C' with ClassGeneratedBy '/Game/Maps/FirstLevel.FirstLevel:PersistentLevel.FirstLevel'
[2016.06.29-01.23.38:253][201]LogSelection:Warning: PIE object was selected: "StaticMeshActor /Game/Maps/UEDPIE_0_FirstLevel.FirstLevel:PersistentLevel.Sphere_11"
[2016.06.29-01.24.15:258][530]LogSelection:Warning: PIE object was selected: "ParticleEventManager /Game/Maps/UEDPIE_0_FirstLevel.FirstLevel:PersistentLevel.ParticleEventManager_6"
[2016.06.29-01.24.22:667][393]LogSelection:Warning: PIE object was selected: "StaticMeshActor /Game/Maps/UEDPIE_0_FirstLevel.FirstLevel:PersistentLevel.Sphere_11"
[2016.06.29-01.24.31:559][435]PIE:Warning: Warning Mobility of Sphere_11 : StaticMeshComponent0 has to be 'Movable' if you'd like to move. 
[2016.06.29-01.24.31:559][435]PIE:Warning: Warning Mobility of Sphere_11 : StaticMeshComponent0 has to be 'Movable' if you'd like to move. 
[2016.06.29-01.24.31:559][435]PIE:Warning: Warning Mobility of Sphere_11 : StaticMeshComponent0 has to be 'Movable' if you'd like to move. 
[2016.06.29-01.24.52:199][830]LogSelection:Warning: PIE object was selected: "DefaultPawn /Game/Maps/UEDPIE_0_FirstLevel.FirstLevel:PersistentLevel.DefaultPawn_2"
[2016.06.29-01.25.05:647][403]LogBlueprintUserMessages: Early EndPlayMap Detection: Level '/Game/Maps/FirstLevel.FirstLevel:PersistentLevel' has LevelScriptBlueprint '/Game/Maps/FirstLevel.FirstLevel:PersistentLevel.FirstLevel' with GeneratedClass '/Game/Maps/FirstLevel.FirstLevel_C' with ClassGeneratedBy '/Game/Maps/FirstLevel.FirstLevel:PersistentLevel.FirstLevel'
[2016.06.29-01.25.05:687][403]LogBlueprintUserMessages: Late EndPlayMap Detection: Level '/Game/Maps/FirstLevel.FirstLevel:PersistentLevel' has LevelScriptBlueprint '/Game/Maps/FirstLevel.FirstLevel:PersistentLevel.FirstLevel' with GeneratedClass '/Game/Maps/FirstLevel.FirstLevel_C' with ClassGeneratedBy '/Game/Maps/FirstLevel.FirstLevel:PersistentLevel.FirstLevel'
[2016.06.29-01.25.12:559][970]LogContentBrowser: Native class hierarchy updated for 'BlueprintGraph' in 0.0005 seconds. Added 108 classes and 0 folders.
[2016.06.29-01.25.26:058][136]LogBlueprintUserMessages: Early PlayInEditor Detection: Level '/Game/Maps/FirstLevel.FirstLevel:PersistentLevel' has LevelScriptBlueprint '/Game/Maps/FirstLevel.FirstLevel:PersistentLevel.FirstLevel' with GeneratedClass '/Game/Maps/FirstLevel.FirstLevel_C' with ClassGeneratedBy '/Game/Maps/FirstLevel.FirstLevel:PersistentLevel.FirstLevel'
[2016.06.29-01.25.26:058][136]LogPlayLevel: PlayLevel: No blueprints needed recompiling
[2016.06.29-01.25.26:058][136]PIE: New page: PIE session: FirstLevel (29 Jun 2016 9:25:26 pm)
[2016.06.29-01.25.26:059][136]LogPlayLevel: Creating play world package: /Game/Maps/UEDPIE_0_FirstLevel
[2016.06.29-01.25.26:061][136]LogPlayLevel: PIE: StaticDuplicateObject took: (0.002647s)
[2016.06.29-01.25.26:062][136]LogAIModule: Creating AISystem for world FirstLevel
[2016.06.29-01.25.26:062][136]LogPlayLevel: PIE: World Init took: (0.000560s)
[2016.06.29-01.25.26:062][136]LogPlayLevel: PIE: Created PIE world by copying editor world from /Game/Maps/FirstLevel.FirstLevel to /Game/Maps/UEDPIE_0_FirstLevel.FirstLevel (0.003375s)
[2016.06.29-01.25.26:085][136]LogInit: XAudio2 using 'Speakers (Cirrus Logic CS4206B (AB 122))' : 2 channels at 48 kHz using 32 bits per sample (channel mask 0x3)
[2016.06.29-01.25.26:089][136]LogInit: FAudioDevice initialized.
[2016.06.29-01.25.26:116][136]LogWorld: Game class is 'GameMode'
[2016.06.29-01.25.26:118][136]LogWorld: Bringing World /Game/Maps/UEDPIE_0_FirstLevel.FirstLevel up for play (max tick rate 0) at 2016.06.29-11.25.26
[2016.06.29-01.25.26:118][136]LogWorld: Bringing up level for play took: 0.001986
[2016.06.29-01.25.26:120][136]PIE: Info Play in editor start time for /Game/Maps/UEDPIE_0_FirstLevel -0.731
[2016.06.29-01.25.26:120][136]LogBlueprintUserMessages: Late PlayInEditor Detection: Level '/Game/Maps/FirstLevel.FirstLevel:PersistentLevel' has LevelScriptBlueprint '/Game/Maps/FirstLevel.FirstLevel:PersistentLevel.FirstLevel' with GeneratedClass '/Game/Maps/FirstLevel.FirstLevel_C' with ClassGeneratedBy '/Game/Maps/FirstLevel.FirstLevel:PersistentLevel.FirstLevel'
[2016.06.29-01.25.27:223][266]LogBlueprintUserMessages: Early EndPlayMap Detection: Level '/Game/Maps/FirstLevel.FirstLevel:PersistentLevel' has LevelScriptBlueprint '/Game/Maps/FirstLevel.FirstLevel:PersistentLevel.FirstLevel' with GeneratedClass '/Game/Maps/FirstLevel.FirstLevel_C' with ClassGeneratedBy '/Game/Maps/FirstLevel.FirstLevel:PersistentLevel.FirstLevel'
[2016.06.29-01.25.27:260][266]LogBlueprintUserMessages: Late EndPlayMap Detection: Level '/Game/Maps/FirstLevel.FirstLevel:PersistentLevel' has LevelScriptBlueprint '/Game/Maps/FirstLevel.FirstLevel:PersistentLevel.FirstLevel' with GeneratedClass '/Game/Maps/FirstLevel.FirstLevel_C' with ClassGeneratedBy '/Game/Maps/FirstLevel.FirstLevel:PersistentLevel.FirstLevel'
[2016.06.29-01.25.41:350][615]LogSlate:Warning: Prevented a slow task dialog from being summoned while a context menu was open
[2016.06.29-01.25.53:777][535]LogEditorViewport: Clicking on Actor (LMB): StaticMeshActor (Floor2)
[2016.06.29-01.25.54:555][602]LogBlueprintUserMessages: Early PlayInEditor Detection: Level '/Game/Maps/FirstLevel.FirstLevel:PersistentLevel' has LevelScriptBlueprint '/Game/Maps/FirstLevel.FirstLevel:PersistentLevel.FirstLevel' with GeneratedClass '/Game/Maps/FirstLevel.FirstLevel_C' with ClassGeneratedBy '/Game/Maps/FirstLevel.FirstLevel:PersistentLevel.FirstLevel'
[2016.06.29-01.25.54:555][602]LogPlayLevel: PlayLevel: No blueprints needed recompiling
[2016.06.29-01.25.54:555][602]PIE: New page: PIE session: FirstLevel (29 Jun 2016 9:25:54 pm)
[2016.06.29-01.25.54:555][602]LogPlayLevel: Creating play world package: /Game/Maps/UEDPIE_0_FirstLevel
[2016.06.29-01.25.54:558][602]LogPlayLevel: PIE: StaticDuplicateObject took: (0.003038s)
[2016.06.29-01.25.54:559][602]LogAIModule: Creating AISystem for world FirstLevel
[2016.06.29-01.25.54:559][602]LogPlayLevel: PIE: World Init took: (0.000472s)
[2016.06.29-01.25.54:559][602]LogPlayLevel: PIE: Created PIE world by copying editor world from /Game/Maps/FirstLevel.FirstLevel to /Game/Maps/UEDPIE_0_FirstLevel.FirstLevel (0.003657s)
[2016.06.29-01.25.54:574][602]LogInit: XAudio2 using 'Speakers (Cirrus Logic CS4206B (AB 122))' : 2 channels at 48 kHz using 32 bits per sample (channel mask 0x3)
[2016.06.29-01.25.54:581][602]LogInit: FAudioDevice initialized.
[2016.06.29-01.25.54:607][602]LogWorld: Game class is 'GameMode'
[2016.06.29-01.25.54:610][602]LogWorld: Bringing World /Game/Maps/UEDPIE_0_FirstLevel.FirstLevel up for play (max tick rate 0) at 2016.06.29-11.25.54
[2016.06.29-01.25.54:610][602]LogWorld: Bringing up level for play took: 0.001787
[2016.06.29-01.25.54:612][602]PIE: Info Play in editor start time for /Game/Maps/UEDPIE_0_FirstLevel -0.237
[2016.06.29-01.25.54:612][602]LogBlueprintUserMessages: Late PlayInEditor Detection: Level '/Game/Maps/FirstLevel.FirstLevel:PersistentLevel' has LevelScriptBlueprint '/Game/Maps/FirstLevel.FirstLevel:PersistentLevel.FirstLevel' with GeneratedClass '/Game/Maps/FirstLevel.FirstLevel_C' with ClassGeneratedBy '/Game/Maps/FirstLevel.FirstLevel:PersistentLevel.FirstLevel'
[2016.06.29-01.26.20:286][650]LogBlueprintUserMessages: Early EndPlayMap Detection: Level '/Game/Maps/FirstLevel.FirstLevel:PersistentLevel' has LevelScriptBlueprint '/Game/Maps/FirstLevel.FirstLevel:PersistentLevel.FirstLevel' with GeneratedClass '/Game/Maps/FirstLevel.FirstLevel_C' with ClassGeneratedBy '/Game/Maps/FirstLevel.FirstLevel:PersistentLevel.FirstLevel'
[2016.06.29-01.26.20:324][650]LogBlueprintUserMessages: Late EndPlayMap Detection: Level '/Game/Maps/FirstLevel.FirstLevel:PersistentLevel' has LevelScriptBlueprint '/Game/Maps/FirstLevel.FirstLevel:PersistentLevel.FirstLevel' with GeneratedClass '/Game/Maps/FirstLevel.FirstLevel_C' with ClassGeneratedBy '/Game/Maps/FirstLevel.FirstLevel:PersistentLevel.FirstLevel'
[2016.06.29-01.26.25:224][ 43]LogEditorViewport: Clicking on Actor (LMB): Shield_C (Shield)
[2016.06.29-01.26.41:195][433]LogBlueprintUserMessages: Early PlayInEditor Detection: Level '/Game/Maps/FirstLevel.FirstLevel:PersistentLevel' has LevelScriptBlueprint '/Game/Maps/FirstLevel.FirstLevel:PersistentLevel.FirstLevel' with GeneratedClass '/Game/Maps/FirstLevel.FirstLevel_C' with ClassGeneratedBy '/Game/Maps/FirstLevel.FirstLevel:PersistentLevel.FirstLevel'
[2016.06.29-01.26.41:195][433]LogPlayLevel: PlayLevel: No blueprints needed recompiling
[2016.06.29-01.26.41:195][433]PIE: New page: PIE session: FirstLevel (29 Jun 2016 9:26:41 pm)
[2016.06.29-01.26.41:195][433]LogPlayLevel: Creating play world package: /Game/Maps/UEDPIE_0_FirstLevel
[2016.06.29-01.26.41:199][433]LogPlayLevel: PIE: StaticDuplicateObject took: (0.003105s)
[2016.06.29-01.26.41:199][433]LogAIModule: Creating AISystem for world FirstLevel
[2016.06.29-01.26.41:199][433]LogPlayLevel: PIE: World Init took: (0.000530s)
[2016.06.29-01.26.41:199][433]LogPlayLevel: PIE: Created PIE world by copying editor world from /Game/Maps/FirstLevel.FirstLevel to /Game/Maps/UEDPIE_0_FirstLevel.FirstLevel (0.003769s)
[2016.06.29-01.26.41:212][433]LogInit: XAudio2 using 'Speakers (Cirrus Logic CS4206B (AB 122))' : 2 channels at 48 kHz using 32 bits per sample (channel mask 0x3)
[2016.06.29-01.26.41:218][433]LogInit: FAudioDevice initialized.
[2016.06.29-01.26.41:246][433]LogWorld: Game class is 'GameMode'
[2016.06.29-01.26.41:249][433]LogWorld: Bringing World /Game/Maps/UEDPIE_0_FirstLevel.FirstLevel up for play (max tick rate 0) at 2016.06.29-11.26.41
[2016.06.29-01.26.41:249][433]LogWorld: Bringing up level for play took: 0.001787
[2016.06.29-01.26.41:250][433]PIE: Info Play in editor start time for /Game/Maps/UEDPIE_0_FirstLevel 0.403
[2016.06.29-01.26.41:250][433]LogBlueprintUserMessages: Late PlayInEditor Detection: Level '/Game/Maps/FirstLevel.FirstLevel:PersistentLevel' has LevelScriptBlueprint '/Game/Maps/FirstLevel.FirstLevel:PersistentLevel.FirstLevel' with GeneratedClass '/Game/Maps/FirstLevel.FirstLevel_C' with ClassGeneratedBy '/Game/Maps/FirstLevel.FirstLevel:PersistentLevel.FirstLevel'
[2016.06.29-01.26.57:751][385]LogBlueprintUserMessages: Early EndPlayMap Detection: Level '/Game/Maps/FirstLevel.FirstLevel:PersistentLevel' has LevelScriptBlueprint '/Game/Maps/FirstLevel.FirstLevel:PersistentLevel.FirstLevel' with GeneratedClass '/Game/Maps/FirstLevel.FirstLevel_C' with ClassGeneratedBy '/Game/Maps/FirstLevel.FirstLevel:PersistentLevel.FirstLevel'
[2016.06.29-01.26.57:784][385]LogBlueprintUserMessages: Late EndPlayMap Detection: Level '/Game/Maps/FirstLevel.FirstLevel:PersistentLevel' has LevelScriptBlueprint '/Game/Maps/FirstLevel.FirstLevel:PersistentLevel.FirstLevel' with GeneratedClass '/Game/Maps/FirstLevel.FirstLevel_C' with ClassGeneratedBy '/Game/Maps/FirstLevel.FirstLevel:PersistentLevel.FirstLevel'
[2016.06.29-01.27.00:234][611]LogBlueprintUserMessages: Early PlayInEditor Detection: Level '/Game/Maps/FirstLevel.FirstLevel:PersistentLevel' has LevelScriptBlueprint '/Game/Maps/FirstLevel.FirstLevel:PersistentLevel.FirstLevel' with GeneratedClass '/Game/Maps/FirstLevel.FirstLevel_C' with ClassGeneratedBy '/Game/Maps/FirstLevel.FirstLevel:PersistentLevel.FirstLevel'
[2016.06.29-01.27.00:234][611]LogPlayLevel: PlayLevel: No blueprints needed recompiling
[2016.06.29-01.27.00:234][611]PIE: New page: PIE session: FirstLevel (29 Jun 2016 9:27:00 pm)
[2016.06.29-01.27.00:234][611]LogPlayLevel: Creating play world package: /Game/Maps/UEDPIE_0_FirstLevel
[2016.06.29-01.27.00:237][611]LogPlayLevel: PIE: StaticDuplicateObject took: (0.003046s)
[2016.06.29-01.27.00:238][611]LogAIModule: Creating AISystem for world FirstLevel
[2016.06.29-01.27.00:238][611]LogPlayLevel: PIE: World Init took: (0.000559s)
[2016.06.29-01.27.00:238][611]LogPlayLevel: PIE: Created PIE world by copying editor world from /Game/Maps/FirstLevel.FirstLevel to /Game/Maps/UEDPIE_0_FirstLevel.FirstLevel (0.003800s)
[2016.06.29-01.27.00:252][611]LogInit: XAudio2 using 'Speakers (Cirrus Logic CS4206B (AB 122))' : 2 channels at 48 kHz using 32 bits per sample (channel mask 0x3)
[2016.06.29-01.27.00:259][611]LogInit: FAudioDevice initialized.
[2016.06.29-01.27.00:285][611]LogWorld: Game class is 'GameMode'
[2016.06.29-01.27.00:287][611]LogWorld: Bringing World /Game/Maps/UEDPIE_0_FirstLevel.FirstLevel up for play (max tick rate 0) at 2016.06.29-11.27.00
[2016.06.29-01.27.00:288][611]LogWorld: Bringing up level for play took: 0.002062
[2016.06.29-01.27.00:289][611]PIE: Info Play in editor start time for /Game/Maps/UEDPIE_0_FirstLevel -0.557
[2016.06.29-01.27.00:289][611]LogBlueprintUserMessages: Late PlayInEditor Detection: Level '/Game/Maps/FirstLevel.FirstLevel:PersistentLevel' has LevelScriptBlueprint '/Game/Maps/FirstLevel.FirstLevel:PersistentLevel.FirstLevel' with GeneratedClass '/Game/Maps/FirstLevel.FirstLevel_C' with ClassGeneratedBy '/Game/Maps/FirstLevel.FirstLevel:PersistentLevel.FirstLevel'
[2016.06.29-01.27.38:662][ 20]LogBlueprintUserMessages: Early EndPlayMap Detection: Level '/Game/Maps/FirstLevel.FirstLevel:PersistentLevel' has LevelScriptBlueprint '/Game/Maps/FirstLevel.FirstLevel:PersistentLevel.FirstLevel' with GeneratedClass '/Game/Maps/FirstLevel.FirstLevel_C' with ClassGeneratedBy '/Game/Maps/FirstLevel.FirstLevel:PersistentLevel.FirstLevel'
[2016.06.29-01.27.38:699][ 20]LogBlueprintUserMessages: Late EndPlayMap Detection: Level '/Game/Maps/FirstLevel.FirstLevel:PersistentLevel' has LevelScriptBlueprint '/Game/Maps/FirstLevel.FirstLevel:PersistentLevel.FirstLevel' with GeneratedClass '/Game/Maps/FirstLevel.FirstLevel_C' with ClassGeneratedBy '/Game/Maps/FirstLevel.FirstLevel:PersistentLevel.FirstLevel'
[2016.06.29-01.29.48:040][218]LogRenderer: Reallocating scene render targets to support 1616x1004 (Frame:67346).
[2016.06.29-01.30.20:854][671]BlueprintLog: New page: Compile Meteorite
[2016.06.29-01.30.20:923][671]BlueprintEditorCompileResults: Info [0657.37] Compile of Meteorite successful! [in 69 ms]
[2016.06.29-01.30.21:683][757]LogBlueprintUserMessages: Early PlayInEditor Detection: Level '/Game/Maps/FirstLevel.FirstLevel:PersistentLevel' has LevelScriptBlueprint '/Game/Maps/FirstLevel.FirstLevel:PersistentLevel.FirstLevel' with GeneratedClass '/Game/Maps/FirstLevel.FirstLevel_C' with ClassGeneratedBy '/Game/Maps/FirstLevel.FirstLevel:PersistentLevel.FirstLevel'
[2016.06.29-01.30.21:683][757]LogPlayLevel: PlayLevel: No blueprints needed recompiling
[2016.06.29-01.30.21:683][757]PIE: New page: PIE session: FirstLevel (29 Jun 2016 9:30:21 pm)
[2016.06.29-01.30.21:683][757]LogPlayLevel: Creating play world package: /Game/Maps/UEDPIE_0_FirstLevel
[2016.06.29-01.30.21:686][757]LogPlayLevel: PIE: StaticDuplicateObject took: (0.003258s)
[2016.06.29-01.30.21:687][757]LogAIModule: Creating AISystem for world FirstLevel
[2016.06.29-01.30.21:687][757]LogPlayLevel: PIE: World Init took: (0.000579s)
[2016.06.29-01.30.21:687][757]LogPlayLevel: PIE: Created PIE world by copying editor world from /Game/Maps/FirstLevel.FirstLevel to /Game/Maps/UEDPIE_0_FirstLevel.FirstLevel (0.003980s)
[2016.06.29-01.30.21:702][757]LogInit: XAudio2 using 'Speakers (Cirrus Logic CS4206B (AB 122))' : 2 channels at 48 kHz using 32 bits per sample (channel mask 0x3)
[2016.06.29-01.30.21:707][757]LogInit: FAudioDevice initialized.
[2016.06.29-01.30.21:740][757]LogWorld: Game class is 'GameMode'
[2016.06.29-01.30.21:743][757]LogWorld: Bringing World /Game/Maps/UEDPIE_0_FirstLevel.FirstLevel up for play (max tick rate 0) at 2016.06.29-11.30.21
[2016.06.29-01.30.21:743][757]LogWorld: Bringing up level for play took: 0.001878
[2016.06.29-01.30.21:748][757]PIE: Info Play in editor start time for /Game/Maps/UEDPIE_0_FirstLevel 0.911
[2016.06.29-01.30.21:748][757]LogBlueprintUserMessages: Late PlayInEditor Detection: Level '/Game/Maps/FirstLevel.FirstLevel:PersistentLevel' has LevelScriptBlueprint '/Game/Maps/FirstLevel.FirstLevel:PersistentLevel.FirstLevel' with GeneratedClass '/Game/Maps/FirstLevel.FirstLevel_C' with ClassGeneratedBy '/Game/Maps/FirstLevel.FirstLevel:PersistentLevel.FirstLevel'
[2016.06.29-01.30.31:520][929]LogBlueprintUserMessages: Early EndPlayMap Detection: Level '/Game/Maps/FirstLevel.FirstLevel:PersistentLevel' has LevelScriptBlueprint '/Game/Maps/FirstLevel.FirstLevel:PersistentLevel.FirstLevel' with GeneratedClass '/Game/Maps/FirstLevel.FirstLevel_C' with ClassGeneratedBy '/Game/Maps/FirstLevel.FirstLevel:PersistentLevel.FirstLevel'
[2016.06.29-01.30.31:561][929]LogBlueprintUserMessages: Late EndPlayMap Detection: Level '/Game/Maps/FirstLevel.FirstLevel:PersistentLevel' has LevelScriptBlueprint '/Game/Maps/FirstLevel.FirstLevel:PersistentLevel.FirstLevel' with GeneratedClass '/Game/Maps/FirstLevel.FirstLevel_C' with ClassGeneratedBy '/Game/Maps/FirstLevel.FirstLevel:PersistentLevel.FirstLevel'
[2016.06.29-01.30.35:793][292]LogBlueprintUserMessages: Early PlayInEditor Detection: Level '/Game/Maps/FirstLevel.FirstLevel:PersistentLevel' has LevelScriptBlueprint '/Game/Maps/FirstLevel.FirstLevel:PersistentLevel.FirstLevel' with GeneratedClass '/Game/Maps/FirstLevel.FirstLevel_C' with ClassGeneratedBy '/Game/Maps/FirstLevel.FirstLevel:PersistentLevel.FirstLevel'
[2016.06.29-01.30.35:794][292]BlueprintLog: New page: Pre-Play auto-recompile
[2016.06.29-01.30.35:797][292]LogPlayLevel: [PlayLevel] Compiling Meteorite before play...
[2016.06.29-01.30.35:850][292]LogPlayLevel: PlayLevel: Blueprint regeneration took 56 ms (2 blueprints)
[2016.06.29-01.30.35:850][292]LogPlayLevel: [PlayLevel] Compiling MeteoriteHandler before play...
[2016.06.29-01.30.35:903][292]LogPlayLevel: PlayLevel: Blueprint regeneration took 108 ms (2 blueprints)
[2016.06.29-01.30.35:917][292]PIE: New page: PIE session: FirstLevel (29 Jun 2016 9:30:35 pm)
[2016.06.29-01.30.35:917][292]LogPlayLevel: Creating play world package: /Game/Maps/UEDPIE_0_FirstLevel
[2016.06.29-01.30.35:920][292]LogPlayLevel: PIE: StaticDuplicateObject took: (0.003005s)
[2016.06.29-01.30.35:920][292]LogAIModule: Creating AISystem for world FirstLevel
[2016.06.29-01.30.35:920][292]LogPlayLevel: PIE: World Init took: (0.000583s)
[2016.06.29-01.30.35:921][292]LogPlayLevel: PIE: Created PIE world by copying editor world from /Game/Maps/FirstLevel.FirstLevel to /Game/Maps/UEDPIE_0_FirstLevel.FirstLevel (0.003743s)
[2016.06.29-01.30.35:936][292]LogInit: XAudio2 using 'Speakers (Cirrus Logic CS4206B (AB 122))' : 2 channels at 48 kHz using 32 bits per sample (channel mask 0x3)
[2016.06.29-01.30.35:942][292]LogInit: FAudioDevice initialized.
[2016.06.29-01.30.35:973][292]LogWorld: Game class is 'GameMode'
[2016.06.29-01.30.35:976][292]LogWorld: Bringing World /Game/Maps/UEDPIE_0_FirstLevel.FirstLevel up for play (max tick rate 0) at 2016.06.29-11.30.35
[2016.06.29-01.30.35:977][292]LogWorld: Bringing up level for play took: 0.002127
[2016.06.29-01.30.35:982][292]PIE: Info Play in editor start time for /Game/Maps/UEDPIE_0_FirstLevel 1.146
[2016.06.29-01.30.35:982][292]LogBlueprintUserMessages: Late PlayInEditor Detection: Level '/Game/Maps/FirstLevel.FirstLevel:PersistentLevel' has LevelScriptBlueprint '/Game/Maps/FirstLevel.FirstLevel:PersistentLevel.FirstLevel' with GeneratedClass '/Game/Maps/FirstLevel.FirstLevel_C' with ClassGeneratedBy '/Game/Maps/FirstLevel.FirstLevel:PersistentLevel.FirstLevel'
[2016.06.29-01.33.14:751][115]LogBlueprintUserMessages: Early EndPlayMap Detection: Level '/Game/Maps/FirstLevel.FirstLevel:PersistentLevel' has LevelScriptBlueprint '/Game/Maps/FirstLevel.FirstLevel:PersistentLevel.FirstLevel' with GeneratedClass '/Game/Maps/FirstLevel.FirstLevel_C' with ClassGeneratedBy '/Game/Maps/FirstLevel.FirstLevel:PersistentLevel.FirstLevel'
[2016.06.29-01.33.14:796][115]LogBlueprintUserMessages: Late EndPlayMap Detection: Level '/Game/Maps/FirstLevel.FirstLevel:PersistentLevel' has LevelScriptBlueprint '/Game/Maps/FirstLevel.FirstLevel:PersistentLevel.FirstLevel' with GeneratedClass '/Game/Maps/FirstLevel.FirstLevel_C' with ClassGeneratedBy '/Game/Maps/FirstLevel.FirstLevel:PersistentLevel.FirstLevel'
[2016.06.29-01.33.38:906][705]LogBlueprintUserMessages: Early PlayInEditor Detection: Level '/Game/Maps/FirstLevel.FirstLevel:PersistentLevel' has LevelScriptBlueprint '/Game/Maps/FirstLevel.FirstLevel:PersistentLevel.FirstLevel' with GeneratedClass '/Game/Maps/FirstLevel.FirstLevel_C' with ClassGeneratedBy '/Game/Maps/FirstLevel.FirstLevel:PersistentLevel.FirstLevel'
[2016.06.29-01.33.38:907][705]BlueprintLog: New page: Pre-Play auto-recompile
[2016.06.29-01.33.38:910][705]LogPlayLevel: [PlayLevel] Compiling Meteorite before play...
[2016.06.29-01.33.38:963][705]LogPlayLevel: PlayLevel: Blueprint regeneration took 56 ms (2 blueprints)
[2016.06.29-01.33.38:963][705]LogPlayLevel: [PlayLevel] Compiling MeteoriteHandler before play...
[2016.06.29-01.33.39:014][705]LogPlayLevel: PlayLevel: Blueprint regeneration took 107 ms (2 blueprints)
[2016.06.29-01.33.39:029][705]PIE: New page: PIE session: FirstLevel (29 Jun 2016 9:33:39 pm)
[2016.06.29-01.33.39:029][705]LogPlayLevel: Creating play world package: /Game/Maps/UEDPIE_0_FirstLevel
[2016.06.29-01.33.39:032][705]LogPlayLevel: PIE: StaticDuplicateObject took: (0.003022s)
[2016.06.29-01.33.39:033][705]LogAIModule: Creating AISystem for world FirstLevel
[2016.06.29-01.33.39:033][705]LogPlayLevel: PIE: World Init took: (0.000629s)
[2016.06.29-01.33.39:033][705]LogPlayLevel: PIE: Created PIE world by copying editor world from /Game/Maps/FirstLevel.FirstLevel to /Game/Maps/UEDPIE_0_FirstLevel.FirstLevel (0.003806s)
[2016.06.29-01.33.39:048][705]LogInit: XAudio2 using 'Speakers (Cirrus Logic CS4206B (AB 122))' : 2 channels at 48 kHz using 32 bits per sample (channel mask 0x3)
[2016.06.29-01.33.39:055][705]LogInit: FAudioDevice initialized.
[2016.06.29-01.33.39:092][705]LogWorld: Game class is 'GameMode'
[2016.06.29-01.33.39:094][705]LogWorld: Bringing World /Game/Maps/UEDPIE_0_FirstLevel.FirstLevel up for play (max tick rate 0) at 2016.06.29-11.33.39
[2016.06.29-01.33.39:095][705]LogWorld: Bringing up level for play took: 0.002207
[2016.06.29-01.33.39:102][705]PIE: Info Play in editor start time for /Game/Maps/UEDPIE_0_FirstLevel 0.274
[2016.06.29-01.33.39:103][705]LogBlueprintUserMessages: Late PlayInEditor Detection: Level '/Game/Maps/FirstLevel.FirstLevel:PersistentLevel' has LevelScriptBlueprint '/Game/Maps/FirstLevel.FirstLevel:PersistentLevel.FirstLevel' with GeneratedClass '/Game/Maps/FirstLevel.FirstLevel_C' with ClassGeneratedBy '/Game/Maps/FirstLevel.FirstLevel:PersistentLevel.FirstLevel'
[2016.06.29-01.34.05:233][824]LogBlueprintUserMessages: Early EndPlayMap Detection: Level '/Game/Maps/FirstLevel.FirstLevel:PersistentLevel' has LevelScriptBlueprint '/Game/Maps/FirstLevel.FirstLevel:PersistentLevel.FirstLevel' with GeneratedClass '/Game/Maps/FirstLevel.FirstLevel_C' with ClassGeneratedBy '/Game/Maps/FirstLevel.FirstLevel:PersistentLevel.FirstLevel'
[2016.06.29-01.34.05:276][824]LogBlueprintUserMessages: Late EndPlayMap Detection: Level '/Game/Maps/FirstLevel.FirstLevel:PersistentLevel' has LevelScriptBlueprint '/Game/Maps/FirstLevel.FirstLevel:PersistentLevel.FirstLevel' with GeneratedClass '/Game/Maps/FirstLevel.FirstLevel_C' with ClassGeneratedBy '/Game/Maps/FirstLevel.FirstLevel:PersistentLevel.FirstLevel'
[2016.06.29-01.34.52:691][620]LogBlueprintUserMessages: Early PlayInEditor Detection: Level '/Game/Maps/FirstLevel.FirstLevel:PersistentLevel' has LevelScriptBlueprint '/Game/Maps/FirstLevel.FirstLevel:PersistentLevel.FirstLevel' with GeneratedClass '/Game/Maps/FirstLevel.FirstLevel_C' with ClassGeneratedBy '/Game/Maps/FirstLevel.FirstLevel:PersistentLevel.FirstLevel'
[2016.06.29-01.34.52:691][620]BlueprintLog: New page: Pre-Play auto-recompile
[2016.06.29-01.34.52:695][620]LogPlayLevel: [PlayLevel] Compiling Meteorite before play...
[2016.06.29-01.34.52:746][620]LogPlayLevel: PlayLevel: Blueprint regeneration took 55 ms (2 blueprints)
[2016.06.29-01.34.52:747][620]LogPlayLevel: [PlayLevel] Compiling MeteoriteHandler before play...
[2016.06.29-01.34.52:798][620]LogPlayLevel: PlayLevel: Blueprint regeneration took 106 ms (2 blueprints)
[2016.06.29-01.34.52:812][620]PIE: New page: PIE session: FirstLevel (29 Jun 2016 9:34:52 pm)
[2016.06.29-01.34.52:812][620]LogPlayLevel: Creating play world package: /Game/Maps/UEDPIE_0_FirstLevel
[2016.06.29-01.34.52:815][620]LogPlayLevel: PIE: StaticDuplicateObject took: (0.002898s)
[2016.06.29-01.34.52:816][620]LogAIModule: Creating AISystem for world FirstLevel
[2016.06.29-01.34.52:816][620]LogPlayLevel: PIE: World Init took: (0.000555s)
[2016.06.29-01.34.52:816][620]LogPlayLevel: PIE: Created PIE world by copying editor world from /Game/Maps/FirstLevel.FirstLevel to /Game/Maps/UEDPIE_0_FirstLevel.FirstLevel (0.003605s)
[2016.06.29-01.34.52:832][620]LogInit: XAudio2 using 'Speakers (Cirrus Logic CS4206B (AB 122))' : 2 channels at 48 kHz using 32 bits per sample (channel mask 0x3)
[2016.06.29-01.34.52:837][620]LogInit: FAudioDevice initialized.
[2016.06.29-01.34.52:873][620]LogWorld: Game class is 'GameMode'
[2016.06.29-01.34.52:876][620]LogWorld: Bringing World /Game/Maps/UEDPIE_0_FirstLevel.FirstLevel up for play (max tick rate 0) at 2016.06.29-11.34.52
[2016.06.29-01.34.52:877][620]LogWorld: Bringing up level for play took: 0.002060
[2016.06.29-01.34.52:886][620]PIE: Info Play in editor start time for /Game/Maps/UEDPIE_0_FirstLevel 0.061
[2016.06.29-01.34.52:886][620]LogBlueprintUserMessages: Late PlayInEditor Detection: Level '/Game/Maps/FirstLevel.FirstLevel:PersistentLevel' has LevelScriptBlueprint '/Game/Maps/FirstLevel.FirstLevel:PersistentLevel.FirstLevel' with GeneratedClass '/Game/Maps/FirstLevel.FirstLevel_C' with ClassGeneratedBy '/Game/Maps/FirstLevel.FirstLevel:PersistentLevel.FirstLevel'
[2016.06.29-01.35.03:098][836]LogBlueprintUserMessages: Early EndPlayMap Detection: Level '/Game/Maps/FirstLevel.FirstLevel:PersistentLevel' has LevelScriptBlueprint '/Game/Maps/FirstLevel.FirstLevel:PersistentLevel.FirstLevel' with GeneratedClass '/Game/Maps/FirstLevel.FirstLevel_C' with ClassGeneratedBy '/Game/Maps/FirstLevel.FirstLevel:PersistentLevel.FirstLevel'
[2016.06.29-01.35.03:138][836]LogBlueprintUserMessages: Late EndPlayMap Detection: Level '/Game/Maps/FirstLevel.FirstLevel:PersistentLevel' has LevelScriptBlueprint '/Game/Maps/FirstLevel.FirstLevel:PersistentLevel.FirstLevel' with GeneratedClass '/Game/Maps/FirstLevel.FirstLevel_C' with ClassGeneratedBy '/Game/Maps/FirstLevel.FirstLevel:PersistentLevel.FirstLevel'
[2016.06.29-01.35.07:949][214]LogBlueprintUserMessages: Early PlayInEditor Detection: Level '/Game/Maps/FirstLevel.FirstLevel:PersistentLevel' has LevelScriptBlueprint '/Game/Maps/FirstLevel.FirstLevel:PersistentLevel.FirstLevel' with GeneratedClass '/Game/Maps/FirstLevel.FirstLevel_C' with ClassGeneratedBy '/Game/Maps/FirstLevel.FirstLevel:PersistentLevel.FirstLevel'
[2016.06.29-01.35.07:949][214]BlueprintLog: New page: Pre-Play auto-recompile
[2016.06.29-01.35.07:952][214]LogPlayLevel: [PlayLevel] Compiling Meteorite before play...
[2016.06.29-01.35.08:003][214]LogPlayLevel: PlayLevel: Blueprint regeneration took 54 ms (2 blueprints)
[2016.06.29-01.35.08:004][214]LogPlayLevel: [PlayLevel] Compiling MeteoriteHandler before play...
[2016.06.29-01.35.08:054][214]LogPlayLevel: PlayLevel: Blueprint regeneration took 105 ms (2 blueprints)
[2016.06.29-01.35.08:070][214]PIE: New page: PIE session: FirstLevel (29 Jun 2016 9:35:08 pm)
[2016.06.29-01.35.08:070][214]LogPlayLevel: Creating play world package: /Game/Maps/UEDPIE_0_FirstLevel
[2016.06.29-01.35.08:073][214]LogPlayLevel: PIE: StaticDuplicateObject took: (0.003077s)
[2016.06.29-01.35.08:074][214]LogAIModule: Creating AISystem for world FirstLevel
[2016.06.29-01.35.08:074][214]LogPlayLevel: PIE: World Init took: (0.000524s)
[2016.06.29-01.35.08:074][214]LogPlayLevel: PIE: Created PIE world by copying editor world from /Game/Maps/FirstLevel.FirstLevel to /Game/Maps/UEDPIE_0_FirstLevel.FirstLevel (0.003763s)
[2016.06.29-01.35.08:089][214]LogInit: XAudio2 using 'Speakers (Cirrus Logic CS4206B (AB 122))' : 2 channels at 48 kHz using 32 bits per sample (channel mask 0x3)
[2016.06.29-01.35.08:094][214]LogInit: FAudioDevice initialized.
[2016.06.29-01.35.08:130][214]LogWorld: Game class is 'GameMode'
[2016.06.29-01.35.08:134][214]LogWorld: Bringing World /Game/Maps/UEDPIE_0_FirstLevel.FirstLevel up for play (max tick rate 0) at 2016.06.29-11.35.08
[2016.06.29-01.35.08:134][214]LogWorld: Bringing up level for play took: 0.002367
[2016.06.29-01.35.08:141][214]PIE: Info Play in editor start time for /Game/Maps/UEDPIE_0_FirstLevel -0.683
[2016.06.29-01.35.08:141][214]LogBlueprintUserMessages: Late PlayInEditor Detection: Level '/Game/Maps/FirstLevel.FirstLevel:PersistentLevel' has LevelScriptBlueprint '/Game/Maps/FirstLevel.FirstLevel:PersistentLevel.FirstLevel' with GeneratedClass '/Game/Maps/FirstLevel.FirstLevel_C' with ClassGeneratedBy '/Game/Maps/FirstLevel.FirstLevel:PersistentLevel.FirstLevel'
[2016.06.29-01.36.55:512][802]LogBlueprintUserMessages: Early EndPlayMap Detection: Level '/Game/Maps/FirstLevel.FirstLevel:PersistentLevel' has LevelScriptBlueprint '/Game/Maps/FirstLevel.FirstLevel:PersistentLevel.FirstLevel' with GeneratedClass '/Game/Maps/FirstLevel.FirstLevel_C' with ClassGeneratedBy '/Game/Maps/FirstLevel.FirstLevel:PersistentLevel.FirstLevel'
[2016.06.29-01.36.55:552][802]LogBlueprintUserMessages: Late EndPlayMap Detection: Level '/Game/Maps/FirstLevel.FirstLevel:PersistentLevel' has LevelScriptBlueprint '/Game/Maps/FirstLevel.FirstLevel:PersistentLevel.FirstLevel' with GeneratedClass '/Game/Maps/FirstLevel.FirstLevel_C' with ClassGeneratedBy '/Game/Maps/FirstLevel.FirstLevel:PersistentLevel.FirstLevel'
[2016.06.29-01.37.02:108][579]Cmd: OBJ SAVEPACKAGE PACKAGE="/Game/Meteorite" FILE="../../../../../../Users/sdeflorio/Documents/Project_PlanetDefence/Project_PlanetDef/Content/Meteorite.uasset" SILENT=true
[2016.06.29-01.37.02:155][579]LogSavePackage: Save=36.01ms
[2016.06.29-01.37.02:155][579]LogSavePackage: Moving '../../../../../../Users/sdeflorio/Documents/Project_PlanetDefence/Project_PlanetDef/Saved/MeteoriteD0960E4B436F1CD38F2C698B7D034AB8.tmp' to '../../../../../../Users/sdeflorio/Documents/Project_PlanetDefence/Project_PlanetDef/Content/Meteorite.uasset'
[2016.06.29-01.37.02:157][579]LogSavePackage: Total save time: 47.53ms
[2016.06.29-01.37.02:157][579]LogSavePackage:Display: Finished SavePackage ../../../../../../Users/sdeflorio/Documents/Project_PlanetDefence/Project_PlanetDef/Content/Meteorite.uasset
[2016.06.29-01.37.50:232][275]Cmd: OBJ SAVEPACKAGE PACKAGE="/Game/Meteorite" FILE="../../../../../../Users/sdeflorio/Documents/Project_PlanetDefence/Project_PlanetDef/Content/Meteorite.uasset" SILENT=true
[2016.06.29-01.37.50:259][275]LogSavePackage: Save=22.27ms
[2016.06.29-01.37.50:259][275]LogSavePackage: Moving '../../../../../../Users/sdeflorio/Documents/Project_PlanetDefence/Project_PlanetDef/Saved/MeteoriteAC45131148B2416B958BE0875CD201E9.tmp' to '../../../../../../Users/sdeflorio/Documents/Project_PlanetDefence/Project_PlanetDef/Content/Meteorite.uasset'
[2016.06.29-01.37.50:261][275]LogSavePackage: Total save time: 26.93ms
[2016.06.29-01.37.50:261][275]LogSavePackage:Display: Finished SavePackage ../../../../../../Users/sdeflorio/Documents/Project_PlanetDefence/Project_PlanetDef/Content/Meteorite.uasset
[2016.06.29-01.37.51:214][374]Cmd: OBJ SAVEPACKAGE PACKAGE="/Game/Projectile" FILE="../../../../../../Users/sdeflorio/Documents/Project_PlanetDefence/Project_PlanetDef/Content/Projectile.uasset" SILENT=true
[2016.06.29-01.37.51:238][374]LogSavePackage: Save=18.64ms
[2016.06.29-01.37.51:238][374]LogSavePackage: Moving '../../../../../../Users/sdeflorio/Documents/Project_PlanetDefence/Project_PlanetDef/Saved/Projectile30B0788045C25DE35E2066AA8CACEABD.tmp' to '../../../../../../Users/sdeflorio/Documents/Project_PlanetDefence/Project_PlanetDef/Content/Projectile.uasset'
[2016.06.29-01.37.51:239][374]LogSavePackage: Total save time: 24.34ms
[2016.06.29-01.37.51:239][374]LogSavePackage:Display: Finished SavePackage ../../../../../../Users/sdeflorio/Documents/Project_PlanetDefence/Project_PlanetDef/Content/Projectile.uasset
[2016.06.29-01.37.52:629][496]LogSavePackage: Save=64.26ms
[2016.06.29-01.37.52:629][496]LogSavePackage: Moving '../../../../../../Users/sdeflorio/Documents/Project_PlanetDefence/Project_PlanetDef/Saved/FirstLevel833A593548DE0A9049E90C8B57060B8D.tmp' to '../../../../../../Users/sdeflorio/Documents/Project_PlanetDefence/Project_PlanetDef/Content/Maps/FirstLevel.umap'
[2016.06.29-01.37.52:631][496]LogSavePackage: Total save time: 71.13ms
[2016.06.29-01.37.52:631][496]LogSavePackage:Display: Finished SavePackage ../../../../../../Users/sdeflorio/Documents/Project_PlanetDefence/Project_PlanetDef/Content/Maps/FirstLevel.umap
[2016.06.29-01.40.28:659][303]LogEditorViewport: Clicking on Actor (LMB): Shield_C (Shield)
[2016.06.29-01.47.52:663][464]LogSavePackage: Save=65.02ms
[2016.06.29-01.47.52:663][464]LogSavePackage: Moving '../../../../../../Users/sdeflorio/Documents/Project_PlanetDefence/Project_PlanetDef/Saved/FirstLevel_Auto1E45A909A499A361FCF8B4082B94908A4.tmp' to '../../../../../../Users/sdeflorio/Documents/Project_PlanetDefence/Project_PlanetDef/Saved/Autosaves/Game/Maps/FirstLevel_Auto1.umap'
[2016.06.29-01.47.52:664][464]LogSavePackage: Total save time: 75.73ms
[2016.06.29-01.47.52:664][464]LogSavePackage:Display: Finished SavePackage ../../../../../../Users/sdeflorio/Documents/Project_PlanetDefence/Project_PlanetDef/Saved/Autosaves/Game/Maps/FirstLevel_Auto1.umap
[2016.06.29-01.47.52:666][464]LogFileHelpers: Editor autosave (incl. sublevels) for '/Game/Maps/FirstLevel' took 0.097
[2016.06.29-01.47.52:666][464]LogFileHelpers: Editor autosave (incl. sublevels) for all levels took 0.097
[2016.06.29-01.54.55:822][831]LogSavePackage: Save=77.55ms
[2016.06.29-01.54.55:822][831]LogSavePackage: Moving '../../../../../../Users/sdeflorio/Documents/Project_PlanetDefence/Project_PlanetDef/Saved/FirstLevel626190254ED1DFDDA8363C930E34F246.tmp' to '../../../../../../Users/sdeflorio/Documents/Project_PlanetDefence/Project_PlanetDef/Content/Maps/FirstLevel.umap'
[2016.06.29-01.54.55:825][831]LogSavePackage: Total save time: 92.73ms
[2016.06.29-01.54.55:825][831]LogSavePackage:Display: Finished SavePackage ../../../../../../Users/sdeflorio/Documents/Project_PlanetDefence/Project_PlanetDef/Content/Maps/FirstLevel.umap
[2016.06.29-01.54.56:996][926]LogActorComponent: UnregisterComponent: (/Engine/Transient.EditorFloorComp) Not registered. Aborting.
[2016.06.29-01.54.57:216][927]Cmd: QUIT_EDITOR
[2016.06.29-01.54.57:289][927]LogExit: Preparing to exit.
[2016.06.29-01.54.58:027][927]LogExit: Editor shut down
[2016.06.29-01.54.58:027][927]LogExit: Transaction tracking system shut down
[2016.06.29-01.54.58:140][927]LogObj: Freed 0b from 0 cluster array pools.
[2016.06.29-01.54.58:140][927]LogExit: Object subsystem successfully closed.
[2016.06.29-01.54.58:149][927]LogD3D11RHI: Shutdown
[2016.06.29-01.54.58:149][927]LogD3D11RHI: CleanupD3DDevice
[2016.06.29-01.54.58:286][927]LogD3D11RHI: ~FD3D11DynamicRHI
[2016.06.29-01.54.58:321][927]LogDerivedDataCache: Shutdown
[2016.06.29-01.54.58:321][927]LogModuleManager: Shutting down and abandoning module BlueprintGraph (208)
[2016.06.29-01.54.58:321][927]LogModuleManager: Shutting down and abandoning module MovieSceneCapture (207)
[2016.06.29-01.54.58:321][927]LogModuleManager: Shutting down and abandoning module HierarchicalLODOutliner (206)
[2016.06.29-01.54.58:321][927]LogModuleManager: Shutting down and abandoning module CrashTracker (205)
[2016.06.29-01.54.58:321][927]LogModuleManager: Shutting down and abandoning module SceneOutliner (204)
[2016.06.29-01.54.58:321][927]LogModuleManager: Shutting down and abandoning module SuperSearch (203)
[2016.06.29-01.54.58:321][927]LogModuleManager: Shutting down and abandoning module WidgetCarousel (202)
[2016.06.29-01.54.58:321][927]LogModuleManager: Shutting down and abandoning module AddContentDialog (201)
[2016.06.29-01.54.58:322][927]LogModuleManager: Shutting down and abandoning module GameplayTags (200)
[2016.06.29-01.54.58:322][927]LogModuleManager: Shutting down and abandoning module EditorWidgets (199)
[2016.06.29-01.54.58:322][927]LogModuleManager: Shutting down and abandoning module CollectionManager (198)
[2016.06.29-01.54.58:322][927]LogModuleManager: Shutting down and abandoning module StatsViewer (197)
[2016.06.29-01.54.58:322][927]LogModuleManager: Shutting down and abandoning module FoliageEdit (196)
[2016.06.29-01.54.58:322][927]LogModuleManager: Shutting down and abandoning module LandscapeEditor (195)
[2016.06.29-01.54.58:322][927]LogModuleManager: Shutting down and abandoning module ActorPickerMode (194)
[2016.06.29-01.54.58:322][927]LogModuleManager: Shutting down and abandoning module GeometryMode (193)
[2016.06.29-01.54.58:322][927]LogModuleManager: Shutting down and abandoning module TextureAlignMode (192)
[2016.06.29-01.54.58:322][927]LogModuleManager: Shutting down and abandoning module BspMode (191)
[2016.06.29-01.54.58:322][927]LogModuleManager: Shutting down and abandoning module PlacementMode (190)
[2016.06.29-01.54.58:322][927]LogModuleManager: Shutting down and abandoning module AutomationWorker (189)
[2016.06.29-01.54.58:322][927]LogModuleManager: Shutting down and abandoning module CharacterAI (188)
[2016.06.29-01.54.58:322][927]LogModuleManager: Shutting down and abandoning module SmartSnapping (187)
[2016.06.29-01.54.58:322][927]LogModuleManager: Shutting down and abandoning module ViewportSnapping (186)
[2016.06.29-01.54.58:322][927]LogModuleManager: Shutting down and abandoning module LogVisualizer (185)
[2016.06.29-01.54.58:323][927]LogModuleManager: Shutting down and abandoning module GameProjectGeneration (184)
[2016.06.29-01.54.58:323][927]LogModuleManager: Shutting down and abandoning module IntroTutorials (183)
[2016.06.29-01.54.58:323][927]LogModuleManager: Shutting down and abandoning module EditorLiveStreaming (182)
[2016.06.29-01.54.58:323][927]LogModuleManager: Shutting down and abandoning module IOSPlatformEditor (181)
[2016.06.29-01.54.58:323][927]LogModuleManager: Shutting down and abandoning module HTML5PlatformEditor (180)
[2016.06.29-01.54.58:323][927]LogModuleManager: Shutting down and abandoning module AndroidDeviceDetection (179)
[2016.06.29-01.54.58:998][927]LogModuleManager: Shutting down and abandoning module AndroidPlatformEditor (178)
[2016.06.29-01.54.58:998][927]LogModuleManager: Shutting down and abandoning module IOSRuntimeSettings (177)
[2016.06.29-01.54.58:998][927]LogModuleManager: Shutting down and abandoning module AndroidRuntimeSettings (176)
[2016.06.29-01.54.58:998][927]LogModuleManager: Shutting down and abandoning module MergeActors (175)
[2016.06.29-01.54.58:998][927]LogModuleManager: Shutting down and abandoning module SizeMap (174)
[2016.06.29-01.54.58:998][927]LogModuleManager: Shutting down and abandoning module TreeMap (173)
[2016.06.29-01.54.58:998][927]LogModuleManager: Shutting down and abandoning module ReferenceViewer (172)
[2016.06.29-01.54.58:998][927]LogModuleManager: Shutting down and abandoning module LocalizationService (171)
[2016.06.29-01.54.58:998][927]LogModuleManager: Shutting down and abandoning module LocalizationDashboard (170)
[2016.06.29-01.54.58:998][927]LogModuleManager: Shutting down and abandoning module HardwareTargeting (169)
[2016.06.29-01.54.58:998][927]LogModuleManager: Shutting down and abandoning module DeviceProfileEditor (168)
[2016.06.29-01.54.58:998][927]LogModuleManager: Shutting down and abandoning module UndoHistory (167)
[2016.06.29-01.54.58:998][927]LogModuleManager: Shutting down and abandoning module UserFeedback (166)
[2016.06.29-01.54.58:998][927]LogModuleManager: Shutting down and abandoning module XmlParser (165)
[2016.06.29-01.54.58:998][927]LogModuleManager: Shutting down and abandoning module Blutility (164)
[2016.06.29-01.54.58:998][927]LogModuleManager: Shutting down and abandoning module ProjectTargetPlatformEditor (163)
[2016.06.29-01.54.58:998][927]LogModuleManager: Shutting down and abandoning module ProjectSettingsViewer (162)
[2016.06.29-01.54.58:998][927]LogModuleManager: Shutting down and abandoning module InputBindingEditor (161)
[2016.06.29-01.54.58:998][927]LogModuleManager: Shutting down and abandoning module EditorSettingsViewer (160)
[2016.06.29-01.54.58:998][927]LogModuleManager: Shutting down and abandoning module SettingsEditor (159)
[2016.06.29-01.54.58:998][927]LogModuleManager: Shutting down and abandoning module ProjectLauncher (158)
[2016.06.29-01.54.58:999][927]LogModuleManager: Shutting down and abandoning module SessionFrontend (157)
[2016.06.29-01.54.58:999][927]LogModuleManager: Shutting down and abandoning module ProfilerClient (156)
[2016.06.29-01.54.58:999][927]LogModuleManager: Shutting down and abandoning module TargetDeviceServices (155)
[2016.06.29-01.54.58:999][927]LogModuleManager: Shutting down and abandoning module DeviceManager (154)
[2016.06.29-01.54.59:039][927]LogModuleManager: Shutting down and abandoning module AutomationController (153)
[2016.06.29-01.54.59:039][927]LogModuleManager: Shutting down and abandoning module AutomationWindow (152)
[2016.06.29-01.54.59:039][927]LogModuleManager: Shutting down and abandoning module Layers (151)
[2016.06.29-01.54.59:039][927]LogModuleManager: Shutting down and abandoning module ComponentVisualizers (150)
[2016.06.29-01.54.59:039][927]LogModuleManager: Shutting down and abandoning module DetailCustomizations (149)
[2016.06.29-01.54.59:039][927]LogModuleManager: Shutting down and abandoning module PackagesDialog (148)
[2016.06.29-01.54.59:039][927]LogModuleManager: Shutting down and abandoning module Persona (147)
[2016.06.29-01.54.59:039][927]LogModuleManager: Shutting down and abandoning module Kismet (146)
[2016.06.29-01.54.59:039][927]LogModuleManager: Shutting down and abandoning module GraphEditor (145)
[2016.06.29-01.54.59:039][927]LogModuleManager: Shutting down and abandoning module ClassViewer (144)
[2016.06.29-01.54.59:040][927]LogModuleManager: Shutting down and abandoning module Toolbox (143)
[2016.06.29-01.54.59:040][927]LogModuleManager: Shutting down and abandoning module ModuleUI (142)
[2016.06.29-01.54.59:040][927]LogModuleManager: Shutting down and abandoning module MovieSceneTools (141)
[2016.06.29-01.54.59:040][927]LogModuleManager: Shutting down and abandoning module OutputLog (140)
[2016.06.29-01.54.59:040][927]LogModuleManager: Shutting down and abandoning module GammaUI (139)
[2016.06.29-01.54.59:040][927]LogModuleManager: Shutting down and abandoning module Documentation (138)
[2016.06.29-01.54.59:040][927]LogModuleManager: Shutting down and abandoning module StreamingPauseRendering (137)
[2016.06.29-01.54.59:040][927]LogModuleManager: Shutting down and abandoning module AnalyticsET (136)
[2016.06.29-01.54.59:040][927]LogModuleManager: Shutting down and abandoning module Analytics (135)
[2016.06.29-01.54.59:040][927]LogModuleManager: Shutting down and abandoning module PortalServices (134)
[2016.06.29-01.54.59:040][927]LogModuleManager: Shutting down and abandoning module PortalRpc (133)
[2016.06.29-01.54.59:040][927]LogModuleManager: Shutting down and abandoning module MessagingRpc (132)
[2016.06.29-01.54.59:040][927]LogModuleManager: Shutting down and abandoning module AITestSuite (131)
[2016.06.29-01.54.59:040][927]LogModuleManager: Shutting down and abandoning module GameplayDebugger (130)
[2016.06.29-01.54.59:040][927]LogModuleManager: Shutting down and abandoning module AIModule (129)
[2016.06.29-01.54.59:040][927]LogModuleManager: Shutting down and abandoning module ProfilerService (128)
[2016.06.29-01.54.59:197][927]LogModuleManager: Shutting down and abandoning module TaskGraph (127)
[2016.06.29-01.54.59:197][927]LogModuleManager: Shutting down and abandoning module SubstanceEditor (126)
[2016.06.29-01.54.59:197][927]LogModuleManager: Shutting down and abandoning module SlateRemote (125)
[2016.06.29-01.54.59:197][927]LogModuleManager: Shutting down and abandoning module SteamVRController (124)
[2016.06.29-01.54.59:197][927]LogModuleManager: Shutting down and abandoning module SteamVR (123)
[2016.06.29-01.54.59:197][927]LogModuleManager: Shutting down and abandoning module ProceduralMeshComponent (122)
[2016.06.29-01.54.59:197][927]LogModuleManager: Shutting down and abandoning module OculusLibrary (121)
[2016.06.29-01.54.59:197][927]LogModuleManager: Shutting down and abandoning module OculusInput (120)
[2016.06.29-01.54.59:197][927]LogModuleManager: Shutting down and abandoning module CustomMeshComponent (119)
[2016.06.29-01.54.59:197][927]LogModuleManager: Shutting down and abandoning module CableComponent (118)
[2016.06.29-01.54.59:197][927]LogModuleManager: Shutting down and abandoning module ArchVisCharacter (117)
[2016.06.29-01.54.59:197][927]LogModuleManager: Shutting down and abandoning module MediaPlayerEditor (116)
[2016.06.29-01.54.59:197][927]LogModuleManager: Shutting down and abandoning module HTML5Networking (115)
[2016.06.29-01.54.59:197][927]LogModuleManager: Shutting down and abandoning module SpeedTreeImporter (114)
[2016.06.29-01.54.59:197][927]LogModuleManager: Shutting down and abandoning module PluginBrowser (113)
[2016.06.29-01.54.59:197][927]LogModuleManager: Shutting down and abandoning module EpicSurvey (112)
[2016.06.29-01.54.59:197][927]LogModuleManager: Shutting down and abandoning module DesktopPlatform (111)
[2016.06.29-01.54.59:197][927]LogModuleManager: Shutting down and abandoning module VisualStudioSourceCodeAccess (110)
[2016.06.29-01.54.59:197][927]LogModuleManager: Shutting down and abandoning module UObjectPlugin (109)
[2016.06.29-01.54.59:197][927]LogModuleManager: Shutting down and abandoning module SubversionSourceControl (108)
[2016.06.29-01.54.59:197][927]LogModuleManager: Shutting down and abandoning module PerforceSourceControl (107)
[2016.06.29-01.54.59:197][927]LogModuleManager: Shutting down and abandoning module SourceControl (106)
[2016.06.29-01.54.59:197][927]LogModuleManager: Shutting down and abandoning module GitSourceControl (105)
[2016.06.29-01.54.59:197][927]LogModuleManager: Shutting down and abandoning module LightPropagationVolumeEditor (104)
[2016.06.29-01.54.59:197][927]LogModuleManager: Shutting down and abandoning module PaperTiledImporter (103)
[2016.06.29-01.54.59:197][927]LogModuleManager: Shutting down and abandoning module PaperSpriteSheetImporter (102)
[2016.06.29-01.54.59:198][927]LogModuleManager: Shutting down and abandoning module MeshPaint (101)
[2016.06.29-01.54.59:198][927]LogModuleManager: Shutting down and abandoning module HotReload (100)
[2016.06.29-01.54.59:198][927]LogModuleManager: Shutting down and abandoning module MainFrame (99)
[2016.06.29-01.54.59:198][927]LogModuleManager: Shutting down and abandoning module LevelEditor (98)
[2016.06.29-01.54.59:198][927]LogModuleManager: Shutting down and abandoning module DirectoryWatcher (97)
[2016.06.29-01.54.59:199][927]LogModuleManager: Shutting down and abandoning module AssetRegistry (96)
[2016.06.29-01.54.59:257][927]LogModuleManager: Shutting down and abandoning module ContentBrowser (95)
[2016.06.29-01.54.59:258][927]LogModuleManager: Shutting down and abandoning module Paper2DEditor (94)
[2016.06.29-01.54.59:258][927]LogModuleManager: Shutting down and abandoning module UdpMessaging (93)
[2016.06.29-01.54.59:358][927]LogModuleManager: Shutting down and abandoning module SubstanceCore (92)
[2016.06.29-01.54.59:358][927]LogModuleManager: Shutting down and abandoning module LightPropagationVolumeRuntime (91)
[2016.06.29-01.54.59:358][927]LogModuleManager: Shutting down and abandoning module Paper2D (90)
[2016.06.29-01.54.59:358][927]LogModuleManager: Shutting down and abandoning module WindowsMoviePlayer (89)
[2016.06.29-01.54.59:358][927]LogModuleManager: Shutting down and abandoning module Media (88)
[2016.06.29-01.54.59:358][927]LogModuleManager: Shutting down and abandoning module WmfMedia (87)
[2016.06.29-01.54.59:358][927]LogModuleManager: Shutting down and abandoning module MediaAssets (86)
[2016.06.29-01.54.59:358][927]LogModuleManager: Shutting down and abandoning module GameLiveStreaming (85)
[2016.06.29-01.54.59:358][927]LogModuleManager: Shutting down and abandoning module GameplayTagsEditor (84)
[2016.06.29-01.54.59:358][927]LogModuleManager: Shutting down and abandoning module OnlineBlueprintSupport (83)
[2016.06.29-01.54.59:358][927]LogModuleManager: Shutting down and abandoning module GameplayTasksEditor (82)
[2016.06.29-01.54.59:358][927]LogModuleManager: Shutting down and abandoning module PropertyEditor (81)
[2016.06.29-01.54.59:358][927]LogModuleManager: Shutting down and abandoning module BehaviorTreeEditor (80)
[2016.06.29-01.54.59:358][927]LogModuleManager: Shutting down and abandoning module FunctionalTesting (79)
[2016.06.29-01.54.59:358][927]LogModuleManager: Shutting down and abandoning module CollisionAnalyzer (78)
[2016.06.29-01.54.59:358][927]LogModuleManager: Shutting down and abandoning module WorkspaceMenuStructure (77)
[2016.06.29-01.54.59:358][927]LogModuleManager: Shutting down and abandoning module MessageLog (76)
[2016.06.29-01.54.59:358][927]LogModuleManager: Shutting down and abandoning module Sequencer (75)
[2016.06.29-01.54.59:358][927]LogModuleManager: Shutting down and abandoning module AssetTools (74)
[2016.06.29-01.54.59:358][927]LogModuleManager: Shutting down and abandoning module UMGEditor (73)
[2016.06.29-01.54.59:358][927]LogModuleManager: Shutting down and abandoning module UMG (72)
[2016.06.29-01.54.59:359][927]LogModuleManager: Shutting down and abandoning module SlateReflector (71)
[2016.06.29-01.54.59:359][927]LogModuleManager: Shutting down and abandoning module Slate (70)
[2016.06.29-01.54.59:359][927]LogModuleManager: Shutting down and abandoning module EditorStyle (69)
[2016.06.29-01.54.59:360][927]LogModuleManager: Shutting down and abandoning module SessionServices (68)
[2016.06.29-01.54.59:360][927]LogModuleManager: Shutting down and abandoning module SourceCodeAccess (67)
[2016.06.29-01.54.59:360][927]LogModuleManager: Shutting down and abandoning module HeadMountedDisplay (66)
[2016.06.29-01.54.59:360][927]LogModuleManager: Shutting down and abandoning module XAudio2 (65)
[2016.06.29-01.54.59:360][927]LogModuleManager: Shutting down and abandoning module Networking (63)
[2016.06.29-01.54.59:360][927]LogModuleManager: Shutting down and abandoning module Core (62)
[2016.06.29-01.54.59:360][927]LogModuleManager: Shutting down and abandoning module KismetCompiler (61)
[2016.06.29-01.54.59:360][927]LogModuleManager: Shutting down and abandoning module PhysXFormats (60)
[2016.06.29-01.54.59:360][927]LogModuleManager: Shutting down and abandoning module MeshUtilities (59)
[2016.06.29-01.54.59:360][927]LogModuleManager: Shutting down and abandoning module CookingStats (58)
[2016.06.29-01.54.59:360][927]LogModuleManager: Shutting down and abandoning module DerivedDataCache (57)
[2016.06.29-01.54.59:360][927]LogDerivedDataCache: Shutdown
[2016.06.29-01.54.59:360][927]LogModuleManager: Shutting down and abandoning module ShaderFormatOpenGL (56)
[2016.06.29-01.54.59:360][927]LogModuleManager: Shutting down and abandoning module ShaderFormatD3D (55)
[2016.06.29-01.54.59:360][927]LogModuleManager: Shutting down and abandoning module MetalShaderFormat (54)
[2016.06.29-01.54.59:360][927]LogModuleManager: Shutting down and abandoning module TextureFormatUncompressed (53)
[2016.06.29-01.54.59:360][927]LogModuleManager: Shutting down and abandoning module TextureFormatPVR (52)
[2016.06.29-01.54.59:360][927]LogModuleManager: Shutting down and abandoning module TextureFormatIntelISPCTexComp (51)
[2016.06.29-01.54.59:360][927]LogModuleManager: Shutting down and abandoning module TextureFormatDXT (50)
[2016.06.29-01.54.59:360][927]LogModuleManager: Shutting down and abandoning module ImageWrapper (49)
[2016.06.29-01.54.59:360][927]LogModuleManager: Shutting down and abandoning module TextureFormatASTC (48)
[2016.06.29-01.54.59:360][927]LogModuleManager: Shutting down and abandoning module TextureFormatAndroid (47)
[2016.06.29-01.54.59:360][927]LogModuleManager: Shutting down and abandoning module AudioFormatOpus (46)
[2016.06.29-01.54.59:360][927]LogModuleManager: Shutting down and abandoning module AudioFormatOgg (45)
[2016.06.29-01.54.59:360][927]LogModuleManager: Shutting down and abandoning module AudioFormatADPCM (44)
[2016.06.29-01.54.59:360][927]LogModuleManager: Shutting down and abandoning module LinuxTargetPlatform (43)
[2016.06.29-01.54.59:360][927]LogModuleManager: Shutting down and abandoning module LinuxServerTargetPlatform (42)
[2016.06.29-01.54.59:360][927]LogModuleManager: Shutting down and abandoning module LinuxNoEditorTargetPlatform (41)
[2016.06.29-01.54.59:360][927]LogModuleManager: Shutting down and abandoning module TVOSTargetPlatform (40)
[2016.06.29-01.54.59:360][927]LogModuleManager: Shutting down and abandoning module Messaging (39)
[2016.06.29-01.54.59:360][927]LogModuleManager: Shutting down and abandoning module IOSTargetPlatform (38)
[2016.06.29-01.54.59:360][927]LogModuleManager: Shutting down and abandoning module HTML5TargetPlatform (37)
[2016.06.29-01.54.59:360][927]LogModuleManager: Shutting down and abandoning module Android_PVRTCTargetPlatform (36)
[2016.06.29-01.54.59:360][927]LogModuleManager: Shutting down and abandoning module Android_MultiTargetPlatform (35)
[2016.06.29-01.54.59:360][927]LogModuleManager: Shutting down and abandoning module Android_ETC2TargetPlatform (34)
[2016.06.29-01.54.59:360][927]LogModuleManager: Shutting down and abandoning module Android_ETC1TargetPlatform (33)
[2016.06.29-01.54.59:360][927]LogModuleManager: Shutting down and abandoning module Android_DXTTargetPlatform (32)
[2016.06.29-01.54.59:360][927]LogModuleManager: Shutting down and abandoning module Android_ATCTargetPlatform (31)
[2016.06.29-01.54.59:360][927]LogModuleManager: Shutting down and abandoning module Android_ASTCTargetPlatform (30)
[2016.06.29-01.54.59:360][927]LogModuleManager: Shutting down and abandoning module AndroidTargetPlatform (29)
[2016.06.29-01.54.59:361][927]LogModuleManager: Shutting down and abandoning module WindowsTargetPlatform (28)
[2016.06.29-01.54.59:361][927]LogModuleManager: Shutting down and abandoning module WindowsServerTargetPlatform (27)
[2016.06.29-01.54.59:361][927]LogModuleManager: Shutting down and abandoning module WindowsNoEditorTargetPlatform (26)
[2016.06.29-01.54.59:361][927]LogModuleManager: Shutting down and abandoning module WindowsClientTargetPlatform (25)
[2016.06.29-01.54.59:361][927]LogModuleManager: Shutting down and abandoning module AllDesktopTargetPlatform (24)
[2016.06.29-01.54.59:361][927]LogModuleManager: Shutting down and abandoning module TargetPlatform (23)
[2016.06.29-01.54.59:361][927]LogModuleManager: Shutting down and abandoning module InputCore (22)
[2016.06.29-01.54.59:361][927]LogModuleManager: Shutting down and abandoning module Settings (21)
[2016.06.29-01.54.59:361][927]LogModuleManager: Shutting down and abandoning module OnlineSubsystem (19)
[2016.06.29-01.54.59:361][927]LogModuleManager: Shutting down and abandoning module HTTP (18)
[2016.06.29-01.55.01:361][927]LogModuleManager: Shutting down and abandoning module XMPP (17)
[2016.06.29-01.55.01:361][927]LogModuleManager: Shutting down and abandoning module OculusRift (16)
[2016.06.29-01.55.01:361][927]LogModuleManager: Shutting down and abandoning module ExampleDeviceProfileSelector (15)
[2016.06.29-01.55.01:361][927]LogModuleManager: Shutting down and abandoning module TextureCompressor (14)
[2016.06.29-01.55.01:361][927]LogModuleManager: Shutting down and abandoning module ShaderCore (13)
[2016.06.29-01.55.01:361][927]LogModuleManager: Shutting down and abandoning module Landscape (12)
[2016.06.29-01.55.01:361][927]LogModuleManager: Shutting down and abandoning module SlateRHIRenderer (11)
[2016.06.29-01.55.01:363][927]LogModuleManager: Shutting down and abandoning module OpenGLDrv (10)
[2016.06.29-01.55.01:363][927]LogModuleManager: Shutting down and abandoning module D3D11RHI (9)
[2016.06.29-01.55.01:363][927]LogModuleManager: Shutting down and abandoning module AnimGraphRuntime (8)
[2016.06.29-01.55.01:363][927]LogModuleManager: Shutting down and abandoning module Renderer (7)
[2016.06.29-01.55.01:363][927]LogModuleManager: Shutting down and abandoning module Engine (6)
[2016.06.29-01.55.01:363][927]LogModuleManager: Shutting down and abandoning module CoreUObject (5)
[2016.06.29-01.55.01:363][927]LogModuleManager: Shutting down and abandoning module NetworkFile (4)
[2016.06.29-01.55.01:363][927]LogModuleManager: Shutting down and abandoning module StreamingFile (3)
[2016.06.29-01.55.01:363][927]LogModuleManager: Shutting down and abandoning module SandboxFile (2)
[2016.06.29-01.55.01:363][927]LogModuleManager: Shutting down and abandoning module PakFile (1)
[2016.06.29-01.55.01:364][927]LogExit: Exiting.
[2016.06.29-01.55.01:365][927]Log file closed, 06/29/16 11:55:01
