Log file open, 07/28/16 09:18:07
LogInit:Display: Running engine for game: Project_PlanetDef
LogPlatformFile: Not using cached read wrapper
LogInit:Display: RandInit(-755907712) SRandInit(-755907710).
LogTaskGraph: Started task graph with 4 named threads and 7 total threads.
LogStats: Stats thread started at 0.068915
LogInit: Version: 4.11.2-2946394+++UE4+Release-4.11
LogInit: API Version: 2927265
LogInit: Compiled (64-bit): Apr 18 2016 02:18:46
LogInit: Compiled with Visual C++: 19.00.23026.00
LogInit: Build Configuration: Development
LogInit: Branch Name: ++UE4+Release-4.11
LogInit: Command line: 
LogInit: Base directory: C:/Program Files/Epic Games/4.11/Engine/Binaries/Win64/
LogInit: Installed Engine Build: 1
LogInit: Using libcurl 7.41.0
LogInit:  - built for x86_64-pc-win32
LogInit:  - supports SSL with WinSSL
LogInit:  - other features:
LogInit:      CURL_VERSION_SSL
LogInit:      CURL_VERSION_IPV6
LogInit:      CURL_VERSION_ASYNCHDNS
LogInit:      CURL_VERSION_LARGEFILE
LogInit:      CURL_VERSION_IDN
LogInit:  CurlRequestOptions (configurable via config and command line):
LogInit:  - bVerifyPeer = true  - Libcurl will verify peer certificate
LogInit:  - bUseHttpProxy = false  - Libcurl will NOT use HTTP proxy
LogInit:  - bDontReuseConnections = false  - Libcurl will reuse connections
LogInit:  - CertBundlePath = nullptr  - Libcurl will use whatever was configured at build time.
LogInit: Presizing for max 16777216 objects, including 0 objects not considered by GC, pre-allocating 0 bytes for permanent pool.
LogInit: Object subsystem initialized
[2016.07.27-23.18.07:987][  0]LogInit: Selected Device Profile: [Windows]
[2016.07.27-23.18.07:987][  0]LogInit: Applying CVar settings loaded from the selected device profile: [Windows]
[2016.07.27-23.18.07:997][  0]LogInit: Computer: S-803-10-1228-W
[2016.07.27-23.18.07:997][  0]LogInit: User: sdeflorio
[2016.07.27-23.18.07:997][  0]LogInit: CPU Page size=65536, Cores=4
[2016.07.27-23.18.07:997][  0]LogInit: High frequency timer resolution =3.312851 MHz
[2016.07.27-23.18.07:997][  0]LogMemory: Memory total: Physical=7.9GB (8GB approx)
[2016.07.27-23.18.07:998][  0]LogMemory: Platform Memory Stats for Windows
[2016.07.27-23.18.07:998][  0]LogMemory: Process Physical Memory: 315.67 MB used, 315.67 MB peak
[2016.07.27-23.18.07:998][  0]LogMemory: Process Virtual Memory: 317.70 MB used, 317.70 MB peak
[2016.07.27-23.18.07:998][  0]LogMemory: Physical Memory: 5084.77 MB used, 8130.67 MB total
[2016.07.27-23.18.07:998][  0]LogMemory: Virtual Memory: 622.68 MB used, 8388608.00 MB total
[2016.07.27-23.18.08:039][  0]LogTextLocalizationManager: No specific translations for ('en-AU') exist, so ('en') translations will be used.
[2016.07.27-23.18.08:491][  0]LogD3D11RHI: D3D11 adapters:
[2016.07.27-23.18.08:511][  0]LogD3D11RHI:    0. 'NVIDIA GeForce GTX 680MX' (Feature Level 11_0)
[2016.07.27-23.18.08:511][  0]LogD3D11RHI:       1990MB of dedicated video memory, 0MB of dedicated system memory, and 2048MB of shared system memory, 1 output[s]
[2016.07.27-23.18.08:511][  0]LogD3D11RHI: Chosen D3D11 Adapter: 0
[2016.07.27-23.18.08:521][  0]LogD3D11RHI: Creating new Direct3DDevice
[2016.07.27-23.18.08:521][  0]LogD3D11RHI:     Adapter Name: NVIDIA GeForce GTX 680MX
[2016.07.27-23.18.08:521][  0]LogD3D11RHI:   Driver Version: Unknown (internal Unknown)
[2016.07.27-23.18.08:521][  0]LogD3D11RHI:      Driver Date: Unknown
[2016.07.27-23.18.08:521][  0]LogRHI: Texture pool is 1361 MB (70% of 1945 MB)
[2016.07.27-23.18.08:531][  0]LogD3D11RHI: Async texture creation enabled
[2016.07.27-23.18.08:540][  0]LogShaderCompilers: Guid format shader working directory is -34 characters bigger than the processId version (../../../../../../Users/sdeflorio/Documents/Project_PlanetDefence/Project_PlanetDef/Intermediate/Shaders/WorkingDirectory/9928/).
[2016.07.27-23.18.08:540][  0]LogShaderCompilers: Cleaned the shader compiler working directory 'C:/Users/SDEFLO~1/AppData/Local/Temp/UnrealShaderWorkingDir/5A11696742FE3DC73A7C42B36BD493C9/'.
[2016.07.27-23.18.08:540][  0]LogShaderCompilers:Display: Using Local Shader Compiler.
[2016.07.27-23.18.09:426][  0]LogTemp:Display: Loaded TP AllDesktopTargetPlatform
[2016.07.27-23.18.09:430][  0]LogTemp:Display: Loaded TP WindowsClientTargetPlatform
[2016.07.27-23.18.09:435][  0]LogTemp:Display: Loaded TP WindowsNoEditorTargetPlatform
[2016.07.27-23.18.09:439][  0]LogTemp:Display: Loaded TP WindowsServerTargetPlatform
[2016.07.27-23.18.09:443][  0]LogTemp:Display: Loaded TP WindowsTargetPlatform
[2016.07.27-23.18.09:446][  0]LogTemp:Display: Loaded TP AndroidTargetPlatform
[2016.07.27-23.18.09:449][  0]LogTemp:Display: Loaded TP Android_ASTCTargetPlatform
[2016.07.27-23.18.09:452][  0]LogTemp:Display: Loaded TP Android_ATCTargetPlatform
[2016.07.27-23.18.09:455][  0]LogTemp:Display: Loaded TP Android_DXTTargetPlatform
[2016.07.27-23.18.09:458][  0]LogTemp:Display: Loaded TP Android_ETC1TargetPlatform
[2016.07.27-23.18.09:461][  0]LogTemp:Display: Loaded TP Android_ETC2TargetPlatform
[2016.07.27-23.18.09:466][  0]LogTemp:Display: Loaded TP Android_MultiTargetPlatform
[2016.07.27-23.18.09:466][  0]LogTemp:Display: Loaded TP Android_PVRTCTargetPlatform
[2016.07.27-23.18.09:467][  0]LogTemp:Display: Loaded TP HTML5TargetPlatform
[2016.07.27-23.18.09:483][  0]LogTemp:Display: Loaded TP IOSTargetPlatform
[2016.07.27-23.18.09:485][  0]LogTemp:Display: Loaded TP TVOSTargetPlatform
[2016.07.27-23.18.09:488][  0]LogTemp:Display: Loaded TP LinuxNoEditorTargetPlatform
[2016.07.27-23.18.09:490][  0]LogTemp:Display: Loaded TP LinuxServerTargetPlatform
[2016.07.27-23.18.09:493][  0]LogTemp:Display: Loaded TP LinuxTargetPlatform
[2016.07.27-23.18.09:493][  0]LogTargetPlatformManager:Display: Building Assets For Windows
[2016.07.27-23.18.09:564][  0]LogDerivedDataCache:Display: Max Cache Size: 512 MB
[2016.07.27-23.18.09:606][  0]LogDerivedDataCache: Loaded boot cache 0.04s 46MB C:/Users/sdeflorio/AppData/Local/UnrealEngine/4.11/DerivedDataCache/Boot.ddc.
[2016.07.27-23.18.09:606][  0]LogDerivedDataCache:Display: Loaded Boot cache: C:/Users/sdeflorio/AppData/Local/UnrealEngine/4.11/DerivedDataCache/Boot.ddc
[2016.07.27-23.18.09:606][  0]LogDerivedDataCache: FDerivedDataBackendGraph:  Pak pak cache file ../../../../../../Users/sdeflorio/Documents/Project_PlanetDefence/Project_PlanetDef/DerivedDataCache/DDC.ddp not found, will not use a pak cache.
[2016.07.27-23.18.09:606][  0]LogDerivedDataCache: Unable to find inner node Pak for hierarchical cache Hierarchy.
[2016.07.27-23.18.09:607][  0]LogDerivedDataCache: FDerivedDataBackendGraph:  CompressedPak pak cache file ../../../../../../Users/sdeflorio/Documents/Project_PlanetDefence/Project_PlanetDef/DerivedDataCache/Compressed.ddp not found, will not use a pak cache.
[2016.07.27-23.18.09:607][  0]LogDerivedDataCache: Unable to find inner node CompressedPak for hierarchical cache Hierarchy.
[2016.07.27-23.18.09:620][  0]LogDerivedDataCache:Display: Pak cache opened for reading ../../../Engine/DerivedDataCache/Compressed.ddp.
[2016.07.27-23.18.09:631][  0]LogDerivedDataCache: Using Local data cache path C:/Users/sdeflorio/AppData/Local/UnrealEngine/Common/DerivedDataCache: Writable
[2016.07.27-23.18.09:794][  0]LogInit: Selected Device Profile: [Windows]
[2016.07.27-23.18.09:794][  0]LogContentStreaming: Texture pool size is 0.00 MB
[2016.07.27-23.18.09:818][  0]LogMaterial: Uniform references updated for custom material expression Custom.
[2016.07.27-23.18.09:946][  0]LogMeshUtilities: No automatic mesh reduction module available
[2016.07.27-23.18.09:946][  0]LogMeshUtilities: No automatic mesh merging module available
[2016.07.27-23.18.09:946][  0]LogMeshUtilities: No distributed automatic mesh merging module available
[2016.07.27-23.18.10:297][  0]LogUObjectArray: 27679 objects as part of root set at end of initial load.
[2016.07.27-23.18.10:297][  0]LogUObjectAllocator: 5591592 out of 0 bytes used by permanent object pool.
[2016.07.27-23.18.10:297][  0]LogUObjectArray: CloseDisregardForGC: 0/0 objects in disregard for GC pool
[2016.07.27-23.18.10:304][  0]LogInit: WinSock: version 1.1 (2.2), MaxSocks=32767, MaxUdp=65467
[2016.07.27-23.18.10:390][  0]LogSlate: SlateFontCache - WITH_FREETYPE: 1, WITH_HARFBUZZ: 1
[2016.07.27-23.18.10:390][  0]LogSlate: SlateFontCache - WITH_FREETYPE: 1, WITH_HARFBUZZ: 1
[2016.07.27-23.18.10:479][  0]LogStreaming:Warning: Failed to read file '../../../Engine/Content/Editor/Slate/Common/Selection_16x.png' error.
[2016.07.27-23.18.10:479][  0]LogSlate: Could not find file for Slate resource: ../../../Engine/Content/Editor/Slate/Common/Selection_16x.png
[2016.07.27-23.18.10:479][  0]LogStreaming:Warning: Failed to read file '../../../Engine/Content/Editor/Slate/Common/Selection_16x.png' error.
[2016.07.27-23.18.10:479][  0]LogSlate: Could not find file for Slate resource: ../../../Engine/Content/Editor/Slate/Common/Selection_16x.png
[2016.07.27-23.18.10:479][  0]LogStreaming:Warning: Failed to read file '../../../Engine/Content/Editor/Slate/Common/Selection_16x.png' error.
[2016.07.27-23.18.10:479][  0]LogSlate: Could not find file for Slate resource: ../../../Engine/Content/Editor/Slate/Common/Selection_16x.png
[2016.07.27-23.18.11:083][  0]LogSubstanceCoreModule: Substance CPU Engine Loaded, Max Texture Size 2048
[2016.07.27-23.18.11:091][  0]LogUdpMessaging: Initializing bridge on interface 0.0.0.0:0 to multicast group 230.0.0.1:6666.
[2016.07.27-23.18.11:198][  0]LogAssetRegistry: FAssetRegistry took 0.0203 seconds to start up
[2016.07.27-23.18.11:353][  0]SourceControl: Info Source control is disabled
[2016.07.27-23.18.11:525][  0]SourceControl: Info Source control is disabled
[2016.07.27-23.18.11:533][  0]SourceControl: Info Source control is disabled
[2016.07.27-23.18.11:541][  0]SourceControl: Info Source control is disabled
[2016.07.27-23.18.11:666][  0]LogHMD: Failed to initialize OpenVR with code 110
[2016.07.27-23.18.11:742][  0]LogEngine: Initializing Engine...
[2016.07.27-23.18.11:876][  0]LogAIModule: Creating AISystem for world NewWorld
[2016.07.27-23.18.11:881][  0]LogInit: XAudio2 using 'Speakers (Cirrus Logic CS4206B (AB 92))' : 2 channels at 48 kHz using 32 bits per sample (channel mask 0x3)
[2016.07.27-23.18.11:901][  0]LogInit: FAudioDevice initialized.
[2016.07.27-23.18.11:922][  0]LogDerivedDataCache: Saved boot cache 0.02s 46MB C:/Users/sdeflorio/AppData/Local/UnrealEngine/4.11/DerivedDataCache/Boot.ddc.
[2016.07.27-23.18.11:925][  0]LogInit: Texture streaming: Enabled
[2016.07.27-23.18.11:949][  0]LogInit: Transaction tracking system initialized
[2016.07.27-23.18.11:971][  0]BlueprintLog: New page: Editor Load
[2016.07.27-23.18.12:040][  0]LocalizationService: Info Localization service is disabled
[2016.07.27-23.18.12:088][  0]LogLinker:Warning: Can't find file '/Game/FirstPersonBP/FirstPersonOverview'
[2016.07.27-23.18.12:088][  0]LogLinker:Warning: Can't find file '/Game/FirstPersonBP/FirstPersonOverview'
[2016.07.27-23.18.12:088][  0]LogUObjectGlobals:Warning: Failed to find object 'Class /Game/FirstPersonBP/FirstPersonOverview.FirstPersonOverview_C'
[2016.07.27-23.18.12:100][  0]LogConsoleResponse:Display: 
[2016.07.27-23.18.12:211][  0]LogCook:Display: Max memory allowance for cook 8192mb
[2016.07.27-23.18.12:211][  0]LogCook:Display: Mobile HDR setting 1
[2016.07.27-23.18.12:211][  0]LogCook:Display: Done creating registry. It took  0.00s.
[2016.07.27-23.18.12:256][  0]LogFileCache: Scanning file cache for directory 'C:/Users/sdeflorio/Documents/Project_PlanetDefence/Project_PlanetDef/Content/' took 0.03s
[2016.07.27-23.18.12:256][  0]SourceControl: Info Source control is disabled
[2016.07.27-23.18.12:256][  0]Cmd: MAP LOAD FILE="../../../Engine/Content/Maps/Templates/Template_Default.umap" TEMPLATE=1 SHOWPROGRESS=1 FEATURELEVEL=3
[2016.07.27-23.18.12:256][  0]LightingResults: New page: Lighting Build
[2016.07.27-23.18.12:259][  0]MapCheck: New page: Map Check
[2016.07.27-23.18.12:259][  0]LightingResults: New page: Lighting Build
[2016.07.27-23.18.12:498][  0]LogAIModule: Creating AISystem for world Untitled_1
[2016.07.27-23.18.12:504][  0]LogEditorServer: Finished looking for orphan Actors (0.000 secs)
[2016.07.27-23.18.12:507][  0]Cmd: MAP CHECKDEP NOCLEARLOG
[2016.07.27-23.18.12:541][  0]MapCheck: Info Map check complete: 0 Error(s), 0 Warning(s), took 33.472ms to complete.
[2016.07.27-23.18.12:541][  0]LogFileHelpers: Loading map 'Template_Default' took 0.285
[2016.07.27-23.18.12:632][  0]LogCollectionManager: Loaded 0 collections in 0.001840 seconds
[2016.07.27-23.18.12:668][  0]LogFileCache: Scanning file cache for directory 'C:/Users/sdeflorio/Documents/Project_PlanetDefence/Project_PlanetDef/Saved/Collections/' took 0.01s
[2016.07.27-23.18.12:668][  0]LogFileCache: Scanning file cache for directory 'C:/Users/sdeflorio/Documents/Project_PlanetDefence/Project_PlanetDef/Content/Developers/sdeflorio/Collections/' took 0.01s
[2016.07.27-23.18.12:668][  0]LogFileCache: Scanning file cache for directory 'C:/Users/sdeflorio/Documents/Project_PlanetDefence/Project_PlanetDef/Content/Collections/' took 0.01s
[2016.07.27-23.18.12:668][  0]LogCollectionManager: Rebuilt the GUID cache for 0 collections in 0.000002 seconds
[2016.07.27-23.18.12:676][  0]LogContentBrowser: Native class hierarchy populated in 0.0078 seconds. Added 1994 classes and 349 folders.
[2016.07.27-23.18.12:680][  0]LogStats: UGameplayTagsManager::ConstructGameplayTagTree: Construct from data asset -  0.000 s
[2016.07.27-23.18.12:680][  0]LogStats: UGameplayTagsManager::ConstructGameplayTagTree: GameplayTagTreeChangedEvent.Broadcast -  0.000 s
[2016.07.27-23.18.12:681][  0]LogContentBrowser: Native class hierarchy updated for 'GameplayTags' in 0.0009 seconds. Added 12 classes and 0 folders.
[2016.07.27-23.18.12:687][  0]LogContentBrowser: Native class hierarchy updated for 'WidgetCarousel' in 0.0009 seconds. Added 0 classes and 0 folders.
[2016.07.27-23.18.12:693][  0]LogContentBrowser: Native class hierarchy updated for 'SuperSearch' in 0.0010 seconds. Added 1 classes and 2 folders.
[2016.07.27-23.18.12:724][  0]LogContentBrowser: Native class hierarchy updated for 'AddContentDialog' in 0.0010 seconds. Added 0 classes and 0 folders.
[2016.07.27-23.18.12:738][  0]LogContentBrowser: Native class hierarchy updated for 'SceneOutliner' in 0.0010 seconds. Added 1 classes and 2 folders.
[2016.07.27-23.18.12:760][  0]LogCrashTracker: Crashtracker disabled due to settings.
[2016.07.27-23.18.12:774][  0]LogUObjectGlobals:Warning: Failed to find object 'Class None.'
[2016.07.27-23.18.12:799][  0]LogContentBrowser: Native class hierarchy updated for 'HierarchicalLODOutliner' in 0.0010 seconds. Added 1 classes and 2 folders.
[2016.07.27-23.18.12:799][  0]LogLoad: Full Startup: 5.62 seconds (BP compile: 0.03 seconds)
[2016.07.27-23.18.12:799][  0]LogExternalProfiler: Found external profiler: VSPerf
[2016.07.27-23.18.12:799][  0]LogExternalProfiler: Using external profiler: VSPerf
[2016.07.27-23.18.12:808][  0]LogOcInput: OculusInput pre-init called
[2016.07.27-23.18.12:844][  0]LogContentStreaming: Texture pool size now 1000 MB
[2016.07.27-23.18.12:983][  0]LogRenderer: Reallocating scene render targets to support 1616x788 (Frame:2).
[2016.07.27-23.18.13:225][  1]LogAssetRegistry: Asset discovery search completed in 2.0477 seconds
[2016.07.27-23.18.13:225][  1]LogCollectionManager: Rebuilt the object cache for 0 collections in 0.000001 seconds (found 0 objects)
[2016.07.27-23.18.13:225][  1]LogCollectionManager: Fixed up redirectors for 0 collections in 0.000091 seconds (updated 0 objects)
[2016.07.27-23.18.19:441][444]LogAIModule: Creating AISystem for world MainMenuLevel
[2016.07.27-23.18.19:459][444]Cmd: MAP LOAD FILE="../../../../../../Users/sdeflorio/Documents/Project_PlanetDefence/Project_PlanetDef/Content/Maps/MainMenuLevel.umap" TEMPLATE=0 SHOWPROGRESS=1 FEATURELEVEL=3
[2016.07.27-23.18.19:459][444]LightingResults: New page: Lighting Build
[2016.07.27-23.18.19:473][444]LoadErrors: New page: Loading map: MainMenuLevel.umap
[2016.07.27-23.18.19:474][444]MapCheck: New page: Map Check
[2016.07.27-23.18.19:474][444]LightingResults: New page: Lighting Build
[2016.07.27-23.18.19:484][444]LogEditorServer: Finished looking for orphan Actors (0.000 secs)
[2016.07.27-23.18.19:503][444]Cmd: MAP CHECKDEP NOCLEARLOG
[2016.07.27-23.18.19:538][444]MapCheck: Info Map check complete: 0 Error(s), 0 Warning(s), took 35.039ms to complete.
[2016.07.27-23.18.19:538][444]LogFileHelpers: Loading map 'MainMenuLevel' took 0.080
[2016.07.27-23.23.26:345][962]Cmd: MAP LOAD FILE="../../../../../../Users/sdeflorio/Documents/Project_PlanetDefence/Project_PlanetDef/Content/Maps/MainMenuLevel.umap" TEMPLATE=0 SHOWPROGRESS=1 FEATURELEVEL=3
[2016.07.27-23.23.26:345][962]LightingResults: New page: Lighting Build
[2016.07.27-23.23.26:359][962]LoadErrors: New page: Loading map: MainMenuLevel.umap
[2016.07.27-23.23.26:359][962]MapCheck: New page: Map Check
[2016.07.27-23.23.26:359][962]LightingResults: New page: Lighting Build
[2016.07.27-23.23.26:375][962]LogAIModule: Creating AISystem for world MainMenuLevel
[2016.07.27-23.23.26:377][962]LogEditorServer: Finished looking for orphan Actors (0.000 secs)
[2016.07.27-23.23.26:397][962]Cmd: MAP CHECKDEP NOCLEARLOG
[2016.07.27-23.23.26:434][962]MapCheck: Info Map check complete: 0 Error(s), 0 Warning(s), took 36.693ms to complete.
[2016.07.27-23.23.26:434][962]LogFileHelpers: Loading map 'MainMenuLevel' took 0.091
[2016.07.27-23.23.27:417][ 29]LogLinker:Warning: Can't find file '/Game/Materials/shield_mat_red'
[2016.07.27-23.23.27:417][ 29]LogLinker:Warning: Can't find file for asset '/Game/Materials/shield_mat_red' while loading ../../../../../../Users/sdeflorio/Documents/Project_PlanetDefence/Project_PlanetDef/Content/Shield.uasset.
[2016.07.27-23.23.27:418][ 29]LoadErrors:Error: Error /Game/Shield : Can't find file for asset. /Game/Materials/shield_mat_red
[2016.07.27-23.23.27:419][ 29]LogLinker:Warning: Can't find file '/Game/Materials/shield_mat_red'
[2016.07.27-23.23.27:419][ 29]LogLinker:Warning: Can't find file for asset '/Game/Materials/shield_mat_red' while loading ../../../../../../Users/sdeflorio/Documents/Project_PlanetDefence/Project_PlanetDef/Content/Shield.uasset.
[2016.07.27-23.23.27:521][ 29]LogLinker:Warning: Can't find file '/Game/Meteorites/MeteorExplosion'
[2016.07.27-23.23.27:521][ 29]LogLinker:Warning: Can't find file for asset '/Game/Meteorites/MeteorExplosion' while loading ../../../../../../Users/sdeflorio/Documents/Project_PlanetDefence/Project_PlanetDef/Content/Projectile.uasset.
[2016.07.27-23.23.27:521][ 29]LoadErrors:Error: Error /Game/Projectile : Can't find file for asset. /Game/Meteorites/MeteorExplosion
[2016.07.27-23.23.27:535][ 29]LogLinker:Warning: Can't find file '/Game/Meteorites/MeteorExplosion'
[2016.07.27-23.23.27:536][ 29]LogLinker:Warning: Can't find file for asset '/Game/Meteorites/MeteorExplosion' while loading ../../../../../../Users/sdeflorio/Documents/Project_PlanetDefence/Project_PlanetDef/Content/Projectile.uasset.
[2016.07.27-23.23.27:550][ 29]LogLinker:Warning: Can't find file '/Game/Meteorites/MeteorExplosion'
[2016.07.27-23.23.27:550][ 29]LoadErrors: Info Failed to load /Game/Drone.Drone_C Referenced by EdGraphPin_110453
[2016.07.27-23.23.27:550][ 29]LogLinker:Warning: Can't find file for asset '/Game/Meteorites/MeteorExplosion' while loading ../../../../../../Users/sdeflorio/Documents/Project_PlanetDefence/Project_PlanetDef/Content/Projectile.uasset.
[2016.07.27-23.23.27:596][ 29]LogLinker:Warning: Can't find file '/Game/Meteorites/MeteorExplosion'
[2016.07.27-23.23.27:596][ 29]LogLinker:Warning: Can't find file for asset '/Game/Meteorites/MeteorExplosion' while loading ../../../../../../Users/sdeflorio/Documents/Project_PlanetDefence/Project_PlanetDef/Content/Projectile.uasset.
[2016.07.27-23.23.27:598][ 29]LogLinker:Warning: Can't find file '/Game/Meteorites/MeteorExplosion'
[2016.07.27-23.23.27:598][ 29]LogLinker:Warning: Can't find file for asset '/Game/Meteorites/MeteorExplosion' while loading ../../../../../../Users/sdeflorio/Documents/Project_PlanetDefence/Project_PlanetDef/Content/Projectile.uasset.
[2016.07.27-23.23.27:714][ 29]LogLinker:Warning: Can't find file '/Game/Materials/shield_mat_red'
[2016.07.27-23.23.27:715][ 29]LogLinker:Warning: Can't find file for asset '/Game/Materials/shield_mat_red' while loading ../../../../../../Users/sdeflorio/Documents/Project_PlanetDefence/Project_PlanetDef/Content/Meteorites/MeteoriteHandler.uasset.
[2016.07.27-23.23.27:715][ 29]LoadErrors:Error: Error /Game/Meteorites/MeteoriteHandler : Can't find file for asset. /Game/Materials/shield_mat_red
[2016.07.27-23.23.27:715][ 29]LogLinker:Warning: Can't find file '/Game/Materials/shield_mat_red'
[2016.07.27-23.23.27:715][ 29]LogLinker:Warning: Can't find file for asset '/Game/Materials/shield_mat_red' while loading ../../../../../../Users/sdeflorio/Documents/Project_PlanetDefence/Project_PlanetDef/Content/Meteorites/MeteoriteHandler.uasset.
[2016.07.27-23.23.27:720][ 29]LogLinker:Warning: Can't find file '/Game/Materials/shield_mat_red'
[2016.07.27-23.23.27:721][ 29]LoadErrors: Info Failed to load /Game/Drone.Drone_C Referenced by EdGraphPin_117495
[2016.07.27-23.23.27:721][ 29]LogLinker:Warning: Can't find file for asset '/Game/Materials/shield_mat_red' while loading ../../../../../../Users/sdeflorio/Documents/Project_PlanetDefence/Project_PlanetDef/Content/Meteorites/MeteoriteHandler.uasset.
[2016.07.27-23.23.28:553][ 29]LogAIModule: Creating AISystem for world FirstLevel
[2016.07.27-23.23.28:555][ 29]LogMaterial:Warning: Material /Engine/EditorMaterials/WidgetGridVertexColorMaterial_Ma.WidgetGridVertexColorMaterial_Ma needed to have new flag set bUsedWithStaticLighting !
[2016.07.27-23.23.28:556][ 29]LogMaterial: Missing cached shader map for material WidgetGridVertexColorMaterial_Ma, compiling. 
[2016.07.27-23.23.28:567][ 29]MapCheck:Warning: Warning WidgetGridVertexColorMaterial_Ma Material /Engine/EditorMaterials/WidgetGridVertexColorMaterial_Ma.WidgetGridVertexColorMaterial_Ma was missing the usage flag bUsedWithStaticLighting. If the material asset is not re-saved, it may not render correctly when run outside the editor. Fix
[2016.07.27-23.23.28:572][ 29]LogMaterial: 0.00 seconds spent updating 1 materials, 1 interfaces, 0 instances, 0 with static permutations.
[2016.07.27-23.23.28:652][ 29]Cmd: MAP LOAD FILE="../../../../../../Users/sdeflorio/Documents/Project_PlanetDefence/Project_PlanetDef/Content/Maps/FirstLevel.umap" TEMPLATE=0 SHOWPROGRESS=1 FEATURELEVEL=3
[2016.07.27-23.23.28:652][ 29]LightingResults: New page: Lighting Build
[2016.07.27-23.23.28:667][ 29]LoadErrors: New page: Loading map: FirstLevel.umap
[2016.07.27-23.23.28:667][ 29]MapCheck: New page: Map Check
[2016.07.27-23.23.28:667][ 29]LightingResults: New page: Lighting Build
[2016.07.27-23.23.28:692][ 29]LogEditorServer: Finished looking for orphan Actors (0.000 secs)
[2016.07.27-23.23.28:713][ 29]Cmd: MAP CHECKDEP NOCLEARLOG
[2016.07.27-23.23.28:763][ 29]MapCheck: Info Map check complete: 0 Error(s), 0 Warning(s), took 49.873ms to complete.
[2016.07.27-23.23.28:764][ 29]LogFileHelpers: Loading map 'FirstLevel' took 0.113
[2016.07.27-23.26.15:132][597]LogContentBrowser: Native class hierarchy updated for 'BlueprintGraph' in 0.0014 seconds. Added 108 classes and 0 folders.
[2016.07.27-23.28.48:345][ 78]BlueprintLog: New page: Compile Drone
[2016.07.27-23.28.48:610][ 78]BlueprintEditorCompileResults: Info [0641.73] Compile of Drone successful! [in 264 ms]
[2016.07.27-23.29.10:219][657]LogBlueprintUserMessages: Early PlayInEditor Detection: Level '/Game/Maps/FirstLevel.FirstLevel:PersistentLevel' has LevelScriptBlueprint '/Game/Maps/FirstLevel.FirstLevel:PersistentLevel.FirstLevel' with GeneratedClass '/Game/Maps/FirstLevel.FirstLevel_C' with ClassGeneratedBy '/Game/Maps/FirstLevel.FirstLevel:PersistentLevel.FirstLevel'
[2016.07.27-23.29.10:219][657]LogPlayLevel: PlayLevel: No blueprints needed recompiling
[2016.07.27-23.29.10:219][657]PIE: New page: PIE session: FirstLevel (28 Jul 2016 7:29:10 pm)
[2016.07.27-23.29.10:220][657]LogPlayLevel: Creating play world package: /Game/Maps/UEDPIE_0_FirstLevel
[2016.07.27-23.29.10:227][657]LogPlayLevel: PIE: StaticDuplicateObject took: (0.007081s)
[2016.07.27-23.29.10:227][657]LogAIModule: Creating AISystem for world FirstLevel
[2016.07.27-23.29.10:228][657]LogPlayLevel: PIE: World Init took: (0.000800s)
[2016.07.27-23.29.10:228][657]LogPlayLevel: PIE: Created PIE world by copying editor world from /Game/Maps/FirstLevel.FirstLevel to /Game/Maps/UEDPIE_0_FirstLevel.FirstLevel (0.008290s)
[2016.07.27-23.29.10:245][657]LogInit: XAudio2 using 'Speakers (Cirrus Logic CS4206B (AB 92))' : 2 channels at 48 kHz using 32 bits per sample (channel mask 0x3)
[2016.07.27-23.29.10:252][657]LogInit: FAudioDevice initialized.
[2016.07.27-23.29.10:302][657]LogWorld: Game class is 'GameManager_C'
[2016.07.27-23.29.10:308][657]LogWorld: Bringing World /Game/Maps/UEDPIE_0_FirstLevel.FirstLevel up for play (max tick rate 0) at 2016.07.28-09.29.10
[2016.07.27-23.29.10:309][657]LogWorld: Bringing up level for play took: 0.004194
[2016.07.27-23.29.10:315][657]LogContentBrowser: Native class hierarchy updated for 'MovieSceneCapture' in 0.0012 seconds. Added 9 classes and 0 folders.
[2016.07.27-23.29.10:322][657]PIE: Info Play in editor start time for /Game/Maps/UEDPIE_0_FirstLevel -0.297
[2016.07.27-23.29.10:323][657]LogBlueprintUserMessages: Late PlayInEditor Detection: Level '/Game/Maps/FirstLevel.FirstLevel:PersistentLevel' has LevelScriptBlueprint '/Game/Maps/FirstLevel.FirstLevel:PersistentLevel.FirstLevel' with GeneratedClass '/Game/Maps/FirstLevel.FirstLevel_C' with ClassGeneratedBy '/Game/Maps/FirstLevel.FirstLevel:PersistentLevel.FirstLevel'
[2016.07.27-23.29.12:055][814]LogBlueprintUserMessages: Early EndPlayMap Detection: Level '/Game/Maps/FirstLevel.FirstLevel:PersistentLevel' has LevelScriptBlueprint '/Game/Maps/FirstLevel.FirstLevel:PersistentLevel.FirstLevel' with GeneratedClass '/Game/Maps/FirstLevel.FirstLevel_C' with ClassGeneratedBy '/Game/Maps/FirstLevel.FirstLevel:PersistentLevel.FirstLevel'
[2016.07.27-23.29.12:106][814]LogBlueprintUserMessages: Late EndPlayMap Detection: Level '/Game/Maps/FirstLevel.FirstLevel:PersistentLevel' has LevelScriptBlueprint '/Game/Maps/FirstLevel.FirstLevel:PersistentLevel.FirstLevel' with GeneratedClass '/Game/Maps/FirstLevel.FirstLevel_C' with ClassGeneratedBy '/Game/Maps/FirstLevel.FirstLevel:PersistentLevel.FirstLevel'
[2016.07.27-23.29.16:780][ 56]LogBlueprintUserMessages: Early PlayInEditor Detection: Level '/Game/Maps/FirstLevel.FirstLevel:PersistentLevel' has LevelScriptBlueprint '/Game/Maps/FirstLevel.FirstLevel:PersistentLevel.FirstLevel' with GeneratedClass '/Game/Maps/FirstLevel.FirstLevel_C' with ClassGeneratedBy '/Game/Maps/FirstLevel.FirstLevel:PersistentLevel.FirstLevel'
[2016.07.27-23.29.16:780][ 56]LogPlayLevel: PlayLevel: No blueprints needed recompiling
[2016.07.27-23.29.16:780][ 56]PIE: New page: PIE session: FirstLevel (28 Jul 2016 7:29:16 pm)
[2016.07.27-23.29.16:780][ 56]LogPlayLevel: Creating play world package: /Game/Maps/UEDPIE_0_FirstLevel
[2016.07.27-23.29.16:787][ 56]LogPlayLevel: PIE: StaticDuplicateObject took: (0.006328s)
[2016.07.27-23.29.16:787][ 56]LogAIModule: Creating AISystem for world FirstLevel
[2016.07.27-23.29.16:787][ 56]LogPlayLevel: PIE: World Init took: (0.000657s)
[2016.07.27-23.29.16:788][ 56]LogPlayLevel: PIE: Created PIE world by copying editor world from /Game/Maps/FirstLevel.FirstLevel to /Game/Maps/UEDPIE_0_FirstLevel.FirstLevel (0.007366s)
[2016.07.27-23.29.16:804][ 56]LogInit: XAudio2 using 'Speakers (Cirrus Logic CS4206B (AB 92))' : 2 channels at 48 kHz using 32 bits per sample (channel mask 0x3)
[2016.07.27-23.29.16:813][ 56]LogInit: FAudioDevice initialized.
[2016.07.27-23.29.16:848][ 56]LogWorld: Game class is 'GameManager_C'
[2016.07.27-23.29.16:853][ 56]LogWorld: Bringing World /Game/Maps/UEDPIE_0_FirstLevel.FirstLevel up for play (max tick rate 0) at 2016.07.28-09.29.16
[2016.07.27-23.29.16:854][ 56]LogWorld: Bringing up level for play took: 0.004308
[2016.07.27-23.29.16:861][ 56]PIE: Info Play in editor start time for /Game/Maps/UEDPIE_0_FirstLevel 0.244
[2016.07.27-23.29.16:861][ 56]LogBlueprintUserMessages: Late PlayInEditor Detection: Level '/Game/Maps/FirstLevel.FirstLevel:PersistentLevel' has LevelScriptBlueprint '/Game/Maps/FirstLevel.FirstLevel:PersistentLevel.FirstLevel' with GeneratedClass '/Game/Maps/FirstLevel.FirstLevel_C' with ClassGeneratedBy '/Game/Maps/FirstLevel.FirstLevel:PersistentLevel.FirstLevel'
[2016.07.27-23.29.18:439][199]LogBlueprintUserMessages: [GameManager_C_1] Wave Begun
[2016.07.27-23.29.30:391][293]LogBlueprintUserMessages: Early EndPlayMap Detection: Level '/Game/Maps/FirstLevel.FirstLevel:PersistentLevel' has LevelScriptBlueprint '/Game/Maps/FirstLevel.FirstLevel:PersistentLevel.FirstLevel' with GeneratedClass '/Game/Maps/FirstLevel.FirstLevel_C' with ClassGeneratedBy '/Game/Maps/FirstLevel.FirstLevel:PersistentLevel.FirstLevel'
[2016.07.27-23.29.30:433][293]LogBlueprintUserMessages: Late EndPlayMap Detection: Level '/Game/Maps/FirstLevel.FirstLevel:PersistentLevel' has LevelScriptBlueprint '/Game/Maps/FirstLevel.FirstLevel:PersistentLevel.FirstLevel' with GeneratedClass '/Game/Maps/FirstLevel.FirstLevel_C' with ClassGeneratedBy '/Game/Maps/FirstLevel.FirstLevel:PersistentLevel.FirstLevel'
[2016.07.27-23.29.53:582][946]LogUObjectHash:Warning: Ambiguous search, could be K2Node_CommutativeAssociativeBinaryOperator /Game/Drone.Drone:MoveBackToBase.K2Node_CommutativeAssociativeBinaryOperator_21 or K2Node_CommutativeAssociativeBinaryOperator /Game/Drone.Drone:MoveToMeteorite.K2Node_CommutativeAssociativeBinaryOperator_21
[2016.07.27-23.29.53:582][946]LogUObjectHash:Warning: Ambiguous search, could be K2Node_CommutativeAssociativeBinaryOperator /Game/Drone.Drone:MoveBackToBase.K2Node_CommutativeAssociativeBinaryOperator_21 or K2Node_CommutativeAssociativeBinaryOperator /Game/Meteorites/Meteorite.Meteorite:MoveTowards.K2Node_CommutativeAssociativeBinaryOperator_21
[2016.07.27-23.29.53:582][946]LogUObjectHash:Warning: Ambiguous search, could be K2Node_CommutativeAssociativeBinaryOperator /Game/Drone.Drone:MoveBackToBase.K2Node_CommutativeAssociativeBinaryOperator_21 or K2Node_CommutativeAssociativeBinaryOperator /Game/LeftTurret.LeftTurret:EventGraph.K2Node_CommutativeAssociativeBinaryOperator_21
[2016.07.27-23.29.53:582][946]LogUObjectHash:Warning: Ambiguous search, could be K2Node_CommutativeAssociativeBinaryOperator /Game/Drone.Drone:MoveBackToBase.K2Node_CommutativeAssociativeBinaryOperator_21 or K2Node_CommutativeAssociativeBinaryOperator /Game/RightTurret.RightTurret:EventGraph.K2Node_CommutativeAssociativeBinaryOperator_21
[2016.07.27-23.29.53:582][946]LogUObjectHash:Warning: Ambiguous search, could be K2Node_CommutativeAssociativeBinaryOperator /Game/Drone.Drone:MoveBackToBase.K2Node_CommutativeAssociativeBinaryOperator_21 or K2Node_CommutativeAssociativeBinaryOperator /Game/Actors/UFO/UFO.UFO:MoveTowards.K2Node_CommutativeAssociativeBinaryOperator_21
[2016.07.27-23.29.53:582][946]LogUObjectHash:Warning: Ambiguous search, could be K2Node_CommutativeAssociativeBinaryOperator /Game/Drone.Drone:MoveBackToBase.K2Node_CommutativeAssociativeBinaryOperator_21 or K2Node_CommutativeAssociativeBinaryOperator /Game/Actors/UFO/Radar.Radar:MoveOriginTowards.K2Node_CommutativeAssociativeBinaryOperator_21
[2016.07.27-23.29.53:583][946]LogUObjectHash:Warning: Ambiguous search, could be K2Node_CallFunction /Game/Drone.Drone:MoveBackToBase.K2Node_CallFunction_2427 or K2Node_CallFunction /Game/Drone.Drone:MoveToMeteorite.K2Node_CallFunction_2427
[2016.07.27-23.29.53:583][946]LogUObjectHash:Warning: Ambiguous search, could be K2Node_CallFunction /Game/Drone.Drone:MoveBackToBase.K2Node_CallFunction_2427 or K2Node_CallFunction /Game/Meteorites/Meteorite.Meteorite:ForceTowards.K2Node_CallFunction_2427
[2016.07.27-23.29.53:583][946]LogUObjectHash:Warning: Ambiguous search, could be K2Node_CallFunction /Game/Drone.Drone:MoveBackToBase.K2Node_CallFunction_2427 or K2Node_CallFunction /Game/Meteorites/Meteorite.Meteorite:MoveTowards.K2Node_CallFunction_2427
[2016.07.27-23.29.53:583][946]LogUObjectHash:Warning: Ambiguous search, could be K2Node_CallFunction /Game/Drone.Drone:MoveBackToBase.K2Node_CallFunction_2427 or K2Node_CallFunction /Game/Actors/UFO/UFO.UFO:MoveTowards.K2Node_CallFunction_2427
[2016.07.27-23.29.53:583][946]LogUObjectHash:Warning: Ambiguous search, could be K2Node_CallFunction /Game/Drone.Drone:MoveBackToBase.K2Node_CallFunction_2427 or K2Node_CallFunction /Game/Actors/UFO/Radar.Radar:MoveOriginTowards.K2Node_CallFunction_2427
[2016.07.27-23.29.53:583][946]LogUObjectHash:Warning: Ambiguous search, could be K2Node_CallFunction /Game/Drone.Drone:MoveBackToBase.K2Node_CallFunction_2427 or K2Node_CallFunction /Engine/Transient.PROTO_BP_Blueprint_0:UserConstructionScript.K2Node_CallFunction_2427
[2016.07.27-23.29.53:583][946]LogUObjectHash:Warning: Ambiguous search, could be K2Node_CallFunction /Game/Drone.Drone:MoveBackToBase.K2Node_CallFunction_2425 or K2Node_CallFunction /Game/Drone.Drone:MoveToMeteorite.K2Node_CallFunction_2425
[2016.07.27-23.29.53:584][946]LogUObjectHash:Warning: Ambiguous search, could be K2Node_CallFunction /Game/Drone.Drone:MoveBackToBase.K2Node_CallFunction_2425 or K2Node_CallFunction /Game/Meteorites/Meteorite.Meteorite:ForceTowards.K2Node_CallFunction_2425
[2016.07.27-23.29.53:584][946]LogUObjectHash:Warning: Ambiguous search, could be K2Node_CallFunction /Game/Drone.Drone:MoveBackToBase.K2Node_CallFunction_2425 or K2Node_CallFunction /Game/Meteorites/Meteorite.Meteorite:MoveTowards.K2Node_CallFunction_2425
[2016.07.27-23.29.53:584][946]LogUObjectHash:Warning: Ambiguous search, could be K2Node_CallFunction /Game/Drone.Drone:MoveBackToBase.K2Node_CallFunction_2425 or K2Node_CallFunction /Game/Actors/UFO/UFO.UFO:MoveTowards.K2Node_CallFunction_2425
[2016.07.27-23.29.53:584][946]LogUObjectHash:Warning: Ambiguous search, could be K2Node_CallFunction /Game/Drone.Drone:MoveBackToBase.K2Node_CallFunction_2425 or K2Node_CallFunction /Game/Actors/UFO/Radar.Radar:MoveOriginTowards.K2Node_CallFunction_2425
[2016.07.27-23.29.53:584][946]LogUObjectHash:Warning: Ambiguous search, could be K2Node_CallFunction /Game/Drone.Drone:MoveBackToBase.K2Node_CallFunction_2425 or K2Node_CallFunction /Engine/Transient.PROTO_BP_Blueprint_0:UserConstructionScript.K2Node_CallFunction_2425
[2016.07.27-23.29.53:584][946]LogUObjectHash:Warning: Ambiguous search, could be K2Node_FunctionEntry /Game/Drone.Drone:MoveToMeteorite.K2Node_FunctionEntry_479 or K2Node_FunctionEntry /Game/GameManager.GameManager:SetMeteoriteHandler.K2Node_FunctionEntry_479
[2016.07.27-23.29.53:585][946]LogUObjectHash:Warning: Ambiguous search, could be K2Node_CallFunction /Game/Drone.Drone:MoveBackToBase.K2Node_CallFunction_2426 or K2Node_CallFunction /Game/Drone.Drone:MoveToMeteorite.K2Node_CallFunction_2426
[2016.07.27-23.29.53:585][946]LogUObjectHash:Warning: Ambiguous search, could be K2Node_CallFunction /Game/Drone.Drone:MoveBackToBase.K2Node_CallFunction_2426 or K2Node_CallFunction /Game/Meteorites/Meteorite.Meteorite:ForceTowards.K2Node_CallFunction_2426
[2016.07.27-23.29.53:585][946]LogUObjectHash:Warning: Ambiguous search, could be K2Node_CallFunction /Game/Drone.Drone:MoveBackToBase.K2Node_CallFunction_2426 or K2Node_CallFunction /Game/Meteorites/Meteorite.Meteorite:MoveTowards.K2Node_CallFunction_2426
[2016.07.27-23.29.53:585][946]LogUObjectHash:Warning: Ambiguous search, could be K2Node_CallFunction /Game/Drone.Drone:MoveBackToBase.K2Node_CallFunction_2426 or K2Node_CallFunction /Game/Actors/UFO/UFO.UFO:MoveTowards.K2Node_CallFunction_2426
[2016.07.27-23.29.53:585][946]LogUObjectHash:Warning: Ambiguous search, could be K2Node_CallFunction /Game/Drone.Drone:MoveBackToBase.K2Node_CallFunction_2426 or K2Node_CallFunction /Game/Actors/UFO/Radar.Radar:MoveOriginTowards.K2Node_CallFunction_2426
[2016.07.27-23.29.53:585][946]LogUObjectHash:Warning: Ambiguous search, could be K2Node_CallFunction /Game/Drone.Drone:MoveBackToBase.K2Node_CallFunction_2426 or K2Node_CallFunction /Engine/Transient.PROTO_BP_Blueprint_0:UserConstructionScript.K2Node_CallFunction_2426
[2016.07.27-23.29.53:585][946]LogUObjectHash:Warning: Ambiguous search, could be K2Node_CallFunction /Game/Drone.Drone:MoveBackToBase.K2Node_CallFunction_2427 or K2Node_CallFunction /Game/Drone.Drone:MoveToMeteorite.K2Node_CallFunction_2427
[2016.07.27-23.29.53:586][946]LogUObjectHash:Warning: Ambiguous search, could be K2Node_CallFunction /Game/Drone.Drone:MoveBackToBase.K2Node_CallFunction_2427 or K2Node_CallFunction /Game/Meteorites/Meteorite.Meteorite:ForceTowards.K2Node_CallFunction_2427
[2016.07.27-23.29.53:586][946]LogUObjectHash:Warning: Ambiguous search, could be K2Node_CallFunction /Game/Drone.Drone:MoveBackToBase.K2Node_CallFunction_2427 or K2Node_CallFunction /Game/Meteorites/Meteorite.Meteorite:MoveTowards.K2Node_CallFunction_2427
[2016.07.27-23.29.53:586][946]LogUObjectHash:Warning: Ambiguous search, could be K2Node_CallFunction /Game/Drone.Drone:MoveBackToBase.K2Node_CallFunction_2427 or K2Node_CallFunction /Game/Actors/UFO/UFO.UFO:MoveTowards.K2Node_CallFunction_2427
[2016.07.27-23.29.53:586][946]LogUObjectHash:Warning: Ambiguous search, could be K2Node_CallFunction /Game/Drone.Drone:MoveBackToBase.K2Node_CallFunction_2427 or K2Node_CallFunction /Game/Actors/UFO/Radar.Radar:MoveOriginTowards.K2Node_CallFunction_2427
[2016.07.27-23.29.53:586][946]LogUObjectHash:Warning: Ambiguous search, could be K2Node_CallFunction /Game/Drone.Drone:MoveBackToBase.K2Node_CallFunction_2427 or K2Node_CallFunction /Engine/Transient.PROTO_BP_Blueprint_0:UserConstructionScript.K2Node_CallFunction_2427
[2016.07.27-23.29.53:586][946]LogUObjectHash:Warning: Ambiguous search, could be K2Node_CommutativeAssociativeBinaryOperator /Game/Meteorites/Meteorite.Meteorite:MoveTowards.K2Node_CommutativeAssociativeBinaryOperator_22 or K2Node_CommutativeAssociativeBinaryOperator /Game/Drone.Drone:MoveToMeteorite.K2Node_CommutativeAssociativeBinaryOperator_22
[2016.07.27-23.29.53:587][946]LogUObjectHash:Warning: Ambiguous search, could be K2Node_CommutativeAssociativeBinaryOperator /Game/Meteorites/Meteorite.Meteorite:MoveTowards.K2Node_CommutativeAssociativeBinaryOperator_22 or K2Node_CommutativeAssociativeBinaryOperator /Game/Drone.Drone:MoveBackToBase.K2Node_CommutativeAssociativeBinaryOperator_22
[2016.07.27-23.29.53:587][946]LogUObjectHash:Warning: Ambiguous search, could be K2Node_CommutativeAssociativeBinaryOperator /Game/Meteorites/Meteorite.Meteorite:MoveTowards.K2Node_CommutativeAssociativeBinaryOperator_22 or K2Node_CommutativeAssociativeBinaryOperator /Game/Actors/UFO/UFO.UFO:MoveTowards.K2Node_CommutativeAssociativeBinaryOperator_22
[2016.07.27-23.29.53:587][946]LogUObjectHash:Warning: Ambiguous search, could be K2Node_CommutativeAssociativeBinaryOperator /Game/Meteorites/Meteorite.Meteorite:MoveTowards.K2Node_CommutativeAssociativeBinaryOperator_22 or K2Node_CommutativeAssociativeBinaryOperator /Game/Actors/UFO/Radar.Radar:MoveOriginTowards.K2Node_CommutativeAssociativeBinaryOperator_22
[2016.07.27-23.29.53:587][946]LogUObjectHash:Warning: Ambiguous search, could be K2Node_CallFunction /Game/Drone.Drone:MoveBackToBase.K2Node_CallFunction_2424 or K2Node_CallFunction /Game/Drone.Drone:MoveToMeteorite.K2Node_CallFunction_2424
[2016.07.27-23.29.53:587][946]LogUObjectHash:Warning: Ambiguous search, could be K2Node_CallFunction /Game/Drone.Drone:MoveBackToBase.K2Node_CallFunction_2424 or K2Node_CallFunction /Game/Meteorites/Meteorite.Meteorite:MoveTowards.K2Node_CallFunction_2424
[2016.07.27-23.29.53:587][946]LogUObjectHash:Warning: Ambiguous search, could be K2Node_CallFunction /Game/Drone.Drone:MoveBackToBase.K2Node_CallFunction_2424 or K2Node_CallFunction /Game/Actors/UFO/UFO.UFO:MoveTowards.K2Node_CallFunction_2424
[2016.07.27-23.29.53:588][946]LogUObjectHash:Warning: Ambiguous search, could be K2Node_CallFunction /Game/Drone.Drone:MoveBackToBase.K2Node_CallFunction_2424 or K2Node_CallFunction /Game/Actors/UFO/Radar.Radar:MoveOriginTowards.K2Node_CallFunction_2424
[2016.07.27-23.29.53:588][946]LogUObjectHash:Warning: Ambiguous search, could be K2Node_CallFunction /Game/Drone.Drone:MoveBackToBase.K2Node_CallFunction_2424 or K2Node_CallFunction /Engine/Transient.PROTO_BP_Blueprint_0:UserConstructionScript.K2Node_CallFunction_2424
[2016.07.27-23.29.53:588][946]LogUObjectHash:Warning: Ambiguous search, could be K2Node_CallFunction /Game/Drone.Drone:MoveBackToBase.K2Node_CallFunction_2430 or K2Node_CallFunction /Game/Drone.Drone:MoveToMeteorite.K2Node_CallFunction_2430
[2016.07.27-23.29.53:588][946]LogUObjectHash:Warning: Ambiguous search, could be K2Node_CallFunction /Game/Drone.Drone:MoveBackToBase.K2Node_CallFunction_2430 or K2Node_CallFunction /Game/Meteorites/Meteorite.Meteorite:MoveTowards.K2Node_CallFunction_2430
[2016.07.27-23.29.53:588][946]LogUObjectHash:Warning: Ambiguous search, could be K2Node_CallFunction /Game/Drone.Drone:MoveBackToBase.K2Node_CallFunction_2430 or K2Node_CallFunction /Game/Actors/UFO/UFO.UFO:MoveTowards.K2Node_CallFunction_2430
[2016.07.27-23.29.53:588][946]LogUObjectHash:Warning: Ambiguous search, could be K2Node_CallFunction /Game/Drone.Drone:MoveBackToBase.K2Node_CallFunction_2430 or K2Node_CallFunction /Engine/Transient.PROTO_BP_Blueprint_0:UserConstructionScript.K2Node_CallFunction_2430
[2016.07.27-23.29.53:589][946]LogUObjectHash:Warning: Ambiguous search, could be K2Node_CallFunction /Game/Drone.Drone:MoveBackToBase.K2Node_CallFunction_2430 or K2Node_CallFunction /Game/Drone.Drone:MoveToMeteorite.K2Node_CallFunction_2430
[2016.07.27-23.29.53:589][946]LogUObjectHash:Warning: Ambiguous search, could be K2Node_CallFunction /Game/Drone.Drone:MoveBackToBase.K2Node_CallFunction_2430 or K2Node_CallFunction /Game/Meteorites/Meteorite.Meteorite:MoveTowards.K2Node_CallFunction_2430
[2016.07.27-23.29.53:589][946]LogUObjectHash:Warning: Ambiguous search, could be K2Node_CallFunction /Game/Drone.Drone:MoveBackToBase.K2Node_CallFunction_2430 or K2Node_CallFunction /Game/Actors/UFO/UFO.UFO:MoveTowards.K2Node_CallFunction_2430
[2016.07.27-23.29.53:589][946]LogUObjectHash:Warning: Ambiguous search, could be K2Node_CallFunction /Game/Drone.Drone:MoveBackToBase.K2Node_CallFunction_2430 or K2Node_CallFunction /Engine/Transient.PROTO_BP_Blueprint_0:UserConstructionScript.K2Node_CallFunction_2430
[2016.07.27-23.29.53:589][946]LogUObjectHash:Warning: Ambiguous search, could be K2Node_VariableSet /Game/Drone.Drone:MoveBackToBase.K2Node_VariableSet_2170 or K2Node_VariableSet /Game/Drone.Drone:MoveToMeteorite.K2Node_VariableSet_2170
[2016.07.27-23.29.53:590][946]LogUObjectHash:Warning: Ambiguous search, could be K2Node_FunctionEntry /Game/Drone.Drone:MoveToMeteorite.K2Node_FunctionEntry_479 or K2Node_FunctionEntry /Game/GameManager.GameManager:SetMeteoriteHandler.K2Node_FunctionEntry_479
[2016.07.27-23.31.58:180][759]BlueprintLog: New page: Compile Drone
[2016.07.27-23.31.58:425][759]BlueprintEditorCompileResults: Info [0831.58] Compile of Drone successful! [in 244 ms]
[2016.07.27-23.32.00:808][ 41]LogBlueprintUserMessages: Early PlayInEditor Detection: Level '/Game/Maps/FirstLevel.FirstLevel:PersistentLevel' has LevelScriptBlueprint '/Game/Maps/FirstLevel.FirstLevel:PersistentLevel.FirstLevel' with GeneratedClass '/Game/Maps/FirstLevel.FirstLevel_C' with ClassGeneratedBy '/Game/Maps/FirstLevel.FirstLevel:PersistentLevel.FirstLevel'
[2016.07.27-23.32.00:808][ 41]LogPlayLevel: PlayLevel: No blueprints needed recompiling
[2016.07.27-23.32.00:808][ 41]PIE: New page: PIE session: FirstLevel (28 Jul 2016 7:32:00 pm)
[2016.07.27-23.32.00:808][ 41]LogPlayLevel: Creating play world package: /Game/Maps/UEDPIE_0_FirstLevel
[2016.07.27-23.32.00:815][ 41]LogPlayLevel: PIE: StaticDuplicateObject took: (0.006647s)
[2016.07.27-23.32.00:815][ 41]LogAIModule: Creating AISystem for world FirstLevel
[2016.07.27-23.32.00:816][ 41]LogPlayLevel: PIE: World Init took: (0.000613s)
[2016.07.27-23.32.00:816][ 41]LogPlayLevel: PIE: Created PIE world by copying editor world from /Game/Maps/FirstLevel.FirstLevel to /Game/Maps/UEDPIE_0_FirstLevel.FirstLevel (0.007650s)
[2016.07.27-23.32.00:832][ 41]LogInit: XAudio2 using 'Speakers (Cirrus Logic CS4206B (AB 92))' : 2 channels at 48 kHz using 32 bits per sample (channel mask 0x3)
[2016.07.27-23.32.00:840][ 41]LogInit: FAudioDevice initialized.
[2016.07.27-23.32.00:873][ 41]LogWorld: Game class is 'GameManager_C'
[2016.07.27-23.32.00:878][ 41]LogWorld: Bringing World /Game/Maps/UEDPIE_0_FirstLevel.FirstLevel up for play (max tick rate 0) at 2016.07.28-09.32.00
[2016.07.27-23.32.00:879][ 41]LogWorld: Bringing up level for play took: 0.004151
[2016.07.27-23.32.00:885][ 41]PIE: Info Play in editor start time for /Game/Maps/UEDPIE_0_FirstLevel 0.291
[2016.07.27-23.32.00:886][ 41]LogBlueprintUserMessages: Late PlayInEditor Detection: Level '/Game/Maps/FirstLevel.FirstLevel:PersistentLevel' has LevelScriptBlueprint '/Game/Maps/FirstLevel.FirstLevel:PersistentLevel.FirstLevel' with GeneratedClass '/Game/Maps/FirstLevel.FirstLevel_C' with ClassGeneratedBy '/Game/Maps/FirstLevel.FirstLevel:PersistentLevel.FirstLevel'
[2016.07.27-23.32.02:795][217]LogBlueprintUserMessages: [GameManager_C_0] Wave Begun
[2016.07.27-23.32.03:940][323]LogBlueprintUserMessages: Early EndPlayMap Detection: Level '/Game/Maps/FirstLevel.FirstLevel:PersistentLevel' has LevelScriptBlueprint '/Game/Maps/FirstLevel.FirstLevel:PersistentLevel.FirstLevel' with GeneratedClass '/Game/Maps/FirstLevel.FirstLevel_C' with ClassGeneratedBy '/Game/Maps/FirstLevel.FirstLevel:PersistentLevel.FirstLevel'
[2016.07.27-23.32.03:985][323]LogBlueprintUserMessages: Late EndPlayMap Detection: Level '/Game/Maps/FirstLevel.FirstLevel:PersistentLevel' has LevelScriptBlueprint '/Game/Maps/FirstLevel.FirstLevel:PersistentLevel.FirstLevel' with GeneratedClass '/Game/Maps/FirstLevel.FirstLevel_C' with ClassGeneratedBy '/Game/Maps/FirstLevel.FirstLevel:PersistentLevel.FirstLevel'
[2016.07.27-23.32.30:190][309]LogEditorViewport: Clicking on Actor (LMB): Drone_C (Drone)
[2016.07.27-23.33.23:574][ 54]Cmd: OBJ SAVEPACKAGE PACKAGE="/Game/Drone" FILE="../../../../../../Users/sdeflorio/Documents/Project_PlanetDefence/Project_PlanetDef/Content/Drone.uasset" SILENT=true
[2016.07.27-23.33.23:705][ 54]LogSavePackage: Save=116.15ms
[2016.07.27-23.33.23:705][ 54]LogSavePackage: Moving '../../../../../../Users/sdeflorio/Documents/Project_PlanetDefence/Project_PlanetDef/Saved/Drone5C1318144BF0DA101E43099D8A1072E5.tmp' to '../../../../../../Users/sdeflorio/Documents/Project_PlanetDefence/Project_PlanetDef/Content/Drone.uasset'
[2016.07.27-23.33.23:709][ 54]LogSavePackage: Total save time: 133.25ms
[2016.07.27-23.33.23:709][ 54]LogSavePackage:Display: Finished SavePackage ../../../../../../Users/sdeflorio/Documents/Project_PlanetDefence/Project_PlanetDef/Content/Drone.uasset
[2016.07.27-23.33.40:615][ 75]BlueprintLog: New page: Compile Drone
[2016.07.27-23.33.40:852][ 75]BlueprintEditorCompileResults: Info [0934.02] Compile of Drone successful! [in 236 ms]
[2016.07.27-23.33.41:966][201]Cmd: OBJ SAVEPACKAGE PACKAGE="/Game/Drone" FILE="../../../../../../Users/sdeflorio/Documents/Project_PlanetDefence/Project_PlanetDef/Content/Drone.uasset" SILENT=true
[2016.07.27-23.33.42:083][201]LogSavePackage: Save=111.82ms
[2016.07.27-23.33.42:083][201]LogSavePackage: Moving '../../../../../../Users/sdeflorio/Documents/Project_PlanetDefence/Project_PlanetDef/Saved/DroneB04C3FEE4A083ECA4AF3C0B6D2BABBF5.tmp' to '../../../../../../Users/sdeflorio/Documents/Project_PlanetDefence/Project_PlanetDef/Content/Drone.uasset'
[2016.07.27-23.33.42:085][201]LogSavePackage: Total save time: 118.37ms
[2016.07.27-23.33.42:085][201]LogSavePackage:Display: Finished SavePackage ../../../../../../Users/sdeflorio/Documents/Project_PlanetDefence/Project_PlanetDef/Content/Drone.uasset
[2016.07.27-23.33.43:065][316]LogBlueprintUserMessages: Early PlayInEditor Detection: Level '/Game/Maps/FirstLevel.FirstLevel:PersistentLevel' has LevelScriptBlueprint '/Game/Maps/FirstLevel.FirstLevel:PersistentLevel.FirstLevel' with GeneratedClass '/Game/Maps/FirstLevel.FirstLevel_C' with ClassGeneratedBy '/Game/Maps/FirstLevel.FirstLevel:PersistentLevel.FirstLevel'
[2016.07.27-23.33.43:065][316]LogPlayLevel: PlayLevel: No blueprints needed recompiling
[2016.07.27-23.33.43:065][316]PIE: New page: PIE session: FirstLevel (28 Jul 2016 7:33:43 pm)
[2016.07.27-23.33.43:065][316]LogPlayLevel: Creating play world package: /Game/Maps/UEDPIE_0_FirstLevel
[2016.07.27-23.33.43:073][316]LogPlayLevel: PIE: StaticDuplicateObject took: (0.007652s)
[2016.07.27-23.33.43:074][316]LogAIModule: Creating AISystem for world FirstLevel
[2016.07.27-23.33.43:074][316]LogPlayLevel: PIE: World Init took: (0.000607s)
[2016.07.27-23.33.43:074][316]LogPlayLevel: PIE: Created PIE world by copying editor world from /Game/Maps/FirstLevel.FirstLevel to /Game/Maps/UEDPIE_0_FirstLevel.FirstLevel (0.008638s)
[2016.07.27-23.33.43:091][316]LogInit: XAudio2 using 'Speakers (Cirrus Logic CS4206B (AB 92))' : 2 channels at 48 kHz using 32 bits per sample (channel mask 0x3)
[2016.07.27-23.33.43:100][316]LogInit: FAudioDevice initialized.
[2016.07.27-23.33.43:133][316]LogWorld: Game class is 'GameManager_C'
[2016.07.27-23.33.43:138][316]LogWorld: Bringing World /Game/Maps/UEDPIE_0_FirstLevel.FirstLevel up for play (max tick rate 0) at 2016.07.28-09.33.43
[2016.07.27-23.33.43:138][316]LogWorld: Bringing up level for play took: 0.003975
[2016.07.27-23.33.43:147][316]PIE: Info Play in editor start time for /Game/Maps/UEDPIE_0_FirstLevel 0.566
[2016.07.27-23.33.43:147][316]LogBlueprintUserMessages: Late PlayInEditor Detection: Level '/Game/Maps/FirstLevel.FirstLevel:PersistentLevel' has LevelScriptBlueprint '/Game/Maps/FirstLevel.FirstLevel:PersistentLevel.FirstLevel' with GeneratedClass '/Game/Maps/FirstLevel.FirstLevel_C' with ClassGeneratedBy '/Game/Maps/FirstLevel.FirstLevel:PersistentLevel.FirstLevel'
[2016.07.27-23.33.44:708][458]LogBlueprintUserMessages: Early EndPlayMap Detection: Level '/Game/Maps/FirstLevel.FirstLevel:PersistentLevel' has LevelScriptBlueprint '/Game/Maps/FirstLevel.FirstLevel:PersistentLevel.FirstLevel' with GeneratedClass '/Game/Maps/FirstLevel.FirstLevel_C' with ClassGeneratedBy '/Game/Maps/FirstLevel.FirstLevel:PersistentLevel.FirstLevel'
[2016.07.27-23.33.44:761][458]LogBlueprintUserMessages: Late EndPlayMap Detection: Level '/Game/Maps/FirstLevel.FirstLevel:PersistentLevel' has LevelScriptBlueprint '/Game/Maps/FirstLevel.FirstLevel:PersistentLevel.FirstLevel' with GeneratedClass '/Game/Maps/FirstLevel.FirstLevel_C' with ClassGeneratedBy '/Game/Maps/FirstLevel.FirstLevel:PersistentLevel.FirstLevel'
[2016.07.27-23.34.10:803][537]BlueprintLog: New page: Compile Drone
[2016.07.27-23.34.11:012][537]BlueprintEditorCompileResults: Info [0964.18] Compile of Drone successful! [in 209 ms]
[2016.07.27-23.34.11:827][631]LogBlueprintUserMessages: Early PlayInEditor Detection: Level '/Game/Maps/FirstLevel.FirstLevel:PersistentLevel' has LevelScriptBlueprint '/Game/Maps/FirstLevel.FirstLevel:PersistentLevel.FirstLevel' with GeneratedClass '/Game/Maps/FirstLevel.FirstLevel_C' with ClassGeneratedBy '/Game/Maps/FirstLevel.FirstLevel:PersistentLevel.FirstLevel'
[2016.07.27-23.34.11:827][631]LogPlayLevel: PlayLevel: No blueprints needed recompiling
[2016.07.27-23.34.11:828][631]PIE: New page: PIE session: FirstLevel (28 Jul 2016 7:34:11 pm)
[2016.07.27-23.34.11:828][631]LogPlayLevel: Creating play world package: /Game/Maps/UEDPIE_0_FirstLevel
[2016.07.27-23.34.11:834][631]LogPlayLevel: PIE: StaticDuplicateObject took: (0.006359s)
[2016.07.27-23.34.11:835][631]LogAIModule: Creating AISystem for world FirstLevel
[2016.07.27-23.34.11:835][631]LogPlayLevel: PIE: World Init took: (0.000556s)
[2016.07.27-23.34.11:835][631]LogPlayLevel: PIE: Created PIE world by copying editor world from /Game/Maps/FirstLevel.FirstLevel to /Game/Maps/UEDPIE_0_FirstLevel.FirstLevel (0.007300s)
[2016.07.27-23.34.11:852][631]LogInit: XAudio2 using 'Speakers (Cirrus Logic CS4206B (AB 92))' : 2 channels at 48 kHz using 32 bits per sample (channel mask 0x3)
[2016.07.27-23.34.11:860][631]LogInit: FAudioDevice initialized.
[2016.07.27-23.34.11:894][631]LogWorld: Game class is 'GameManager_C'
[2016.07.27-23.34.11:899][631]LogWorld: Bringing World /Game/Maps/UEDPIE_0_FirstLevel.FirstLevel up for play (max tick rate 0) at 2016.07.28-09.34.11
[2016.07.27-23.34.11:899][631]LogWorld: Bringing up level for play took: 0.003875
[2016.07.27-23.34.11:907][631]PIE: Info Play in editor start time for /Game/Maps/UEDPIE_0_FirstLevel -0.67
[2016.07.27-23.34.11:907][631]LogBlueprintUserMessages: Late PlayInEditor Detection: Level '/Game/Maps/FirstLevel.FirstLevel:PersistentLevel' has LevelScriptBlueprint '/Game/Maps/FirstLevel.FirstLevel:PersistentLevel.FirstLevel' with GeneratedClass '/Game/Maps/FirstLevel.FirstLevel_C' with ClassGeneratedBy '/Game/Maps/FirstLevel.FirstLevel:PersistentLevel.FirstLevel'
[2016.07.27-23.34.13:811][807]LogBlueprintUserMessages: [GameManager_C_0] Wave Begun
[2016.07.27-23.34.39:427][152]LogBlueprintUserMessages: Early EndPlayMap Detection: Level '/Game/Maps/FirstLevel.FirstLevel:PersistentLevel' has LevelScriptBlueprint '/Game/Maps/FirstLevel.FirstLevel:PersistentLevel.FirstLevel' with GeneratedClass '/Game/Maps/FirstLevel.FirstLevel_C' with ClassGeneratedBy '/Game/Maps/FirstLevel.FirstLevel:PersistentLevel.FirstLevel'
[2016.07.27-23.34.39:478][152]LogBlueprintUserMessages: Late EndPlayMap Detection: Level '/Game/Maps/FirstLevel.FirstLevel:PersistentLevel' has LevelScriptBlueprint '/Game/Maps/FirstLevel.FirstLevel:PersistentLevel.FirstLevel' with GeneratedClass '/Game/Maps/FirstLevel.FirstLevel_C' with ClassGeneratedBy '/Game/Maps/FirstLevel.FirstLevel:PersistentLevel.FirstLevel'
[2016.07.27-23.34.50:038][411]BlueprintLog: New page: Compile Drone
[2016.07.27-23.34.50:263][411]BlueprintEditorCompileResults: Info [1003.44] Compile of Drone successful! [in 224 ms]
[2016.07.27-23.35.00:468][627]BlueprintLog: New page: Compile Drone
[2016.07.27-23.35.00:686][627]BlueprintEditorCompileResults: Info [1013.86] Compile of Drone successful! [in 218 ms]
[2016.07.27-23.35.01:903][770]LogBlueprintUserMessages: Early PlayInEditor Detection: Level '/Game/Maps/FirstLevel.FirstLevel:PersistentLevel' has LevelScriptBlueprint '/Game/Maps/FirstLevel.FirstLevel:PersistentLevel.FirstLevel' with GeneratedClass '/Game/Maps/FirstLevel.FirstLevel_C' with ClassGeneratedBy '/Game/Maps/FirstLevel.FirstLevel:PersistentLevel.FirstLevel'
[2016.07.27-23.35.01:903][770]LogPlayLevel: PlayLevel: No blueprints needed recompiling
[2016.07.27-23.35.01:903][770]PIE: New page: PIE session: FirstLevel (28 Jul 2016 7:35:01 pm)
[2016.07.27-23.35.01:903][770]LogPlayLevel: Creating play world package: /Game/Maps/UEDPIE_0_FirstLevel
[2016.07.27-23.35.01:910][770]LogPlayLevel: PIE: StaticDuplicateObject took: (0.006818s)
[2016.07.27-23.35.01:911][770]LogAIModule: Creating AISystem for world FirstLevel
[2016.07.27-23.35.01:911][770]LogPlayLevel: PIE: World Init took: (0.000568s)
[2016.07.27-23.35.01:911][770]LogPlayLevel: PIE: Created PIE world by copying editor world from /Game/Maps/FirstLevel.FirstLevel to /Game/Maps/UEDPIE_0_FirstLevel.FirstLevel (0.007770s)
[2016.07.27-23.35.01:928][770]LogInit: XAudio2 using 'Speakers (Cirrus Logic CS4206B (AB 92))' : 2 channels at 48 kHz using 32 bits per sample (channel mask 0x3)
[2016.07.27-23.35.01:936][770]LogInit: FAudioDevice initialized.
[2016.07.27-23.35.01:967][770]LogWorld: Game class is 'GameManager_C'
[2016.07.27-23.35.01:972][770]LogWorld: Bringing World /Game/Maps/UEDPIE_0_FirstLevel.FirstLevel up for play (max tick rate 0) at 2016.07.28-09.35.01
[2016.07.27-23.35.01:973][770]LogWorld: Bringing up level for play took: 0.003992
[2016.07.27-23.35.01:980][770]PIE: Info Play in editor start time for /Game/Maps/UEDPIE_0_FirstLevel -0.59
[2016.07.27-23.35.01:980][770]LogBlueprintUserMessages: Late PlayInEditor Detection: Level '/Game/Maps/FirstLevel.FirstLevel:PersistentLevel' has LevelScriptBlueprint '/Game/Maps/FirstLevel.FirstLevel:PersistentLevel.FirstLevel' with GeneratedClass '/Game/Maps/FirstLevel.FirstLevel_C' with ClassGeneratedBy '/Game/Maps/FirstLevel.FirstLevel:PersistentLevel.FirstLevel'
[2016.07.27-23.35.03:885][946]LogBlueprintUserMessages: [GameManager_C_0] Wave Begun
[2016.07.27-23.35.20:296][459]LogBlueprintUserMessages: Early EndPlayMap Detection: Level '/Game/Maps/FirstLevel.FirstLevel:PersistentLevel' has LevelScriptBlueprint '/Game/Maps/FirstLevel.FirstLevel:PersistentLevel.FirstLevel' with GeneratedClass '/Game/Maps/FirstLevel.FirstLevel_C' with ClassGeneratedBy '/Game/Maps/FirstLevel.FirstLevel:PersistentLevel.FirstLevel'
[2016.07.27-23.35.20:350][459]LogBlueprintUserMessages: Late EndPlayMap Detection: Level '/Game/Maps/FirstLevel.FirstLevel:PersistentLevel' has LevelScriptBlueprint '/Game/Maps/FirstLevel.FirstLevel:PersistentLevel.FirstLevel' with GeneratedClass '/Game/Maps/FirstLevel.FirstLevel_C' with ClassGeneratedBy '/Game/Maps/FirstLevel.FirstLevel:PersistentLevel.FirstLevel'
[2016.07.27-23.36.00:735][266]LogUObjectHash:Warning: Ambiguous search, could be K2Node_CallFunction /Game/Drone.Drone:MoveBackToBase.K2Node_CallFunction_2425 or K2Node_CallFunction /Game/Drone.Drone:MoveToMeteorite.K2Node_CallFunction_2425
[2016.07.27-23.36.00:736][266]LogUObjectHash:Warning: Ambiguous search, could be K2Node_CallFunction /Game/Drone.Drone:MoveBackToBase.K2Node_CallFunction_2425 or K2Node_CallFunction /Game/Meteorites/Meteorite.Meteorite:ForceTowards.K2Node_CallFunction_2425
[2016.07.27-23.36.00:736][266]LogUObjectHash:Warning: Ambiguous search, could be K2Node_CallFunction /Game/Drone.Drone:MoveBackToBase.K2Node_CallFunction_2425 or K2Node_CallFunction /Game/Meteorites/Meteorite.Meteorite:MoveTowards.K2Node_CallFunction_2425
[2016.07.27-23.36.00:736][266]LogUObjectHash:Warning: Ambiguous search, could be K2Node_CallFunction /Game/Drone.Drone:MoveBackToBase.K2Node_CallFunction_2425 or K2Node_CallFunction /Game/Actors/UFO/UFO.UFO:MoveTowards.K2Node_CallFunction_2425
[2016.07.27-23.36.00:736][266]LogUObjectHash:Warning: Ambiguous search, could be K2Node_CallFunction /Game/Drone.Drone:MoveBackToBase.K2Node_CallFunction_2425 or K2Node_CallFunction /Game/Actors/UFO/Radar.Radar:MoveOriginTowards.K2Node_CallFunction_2425
[2016.07.27-23.36.00:736][266]LogUObjectHash:Warning: Ambiguous search, could be K2Node_CallFunction /Game/Drone.Drone:MoveBackToBase.K2Node_CallFunction_2425 or K2Node_CallFunction /Engine/Transient.PROTO_BP_Blueprint_0:UserConstructionScript.K2Node_CallFunction_2425
[2016.07.27-23.36.00:736][266]LogUObjectHash:Warning: Ambiguous search, could be K2Node_FunctionEntry /Game/Drone.Drone:MoveToMeteorite.K2Node_FunctionEntry_479 or K2Node_FunctionEntry /Game/GameManager.GameManager:SetMeteoriteHandler.K2Node_FunctionEntry_479
[2016.07.27-23.36.00:737][266]LogUObjectHash:Warning: Ambiguous search, could be K2Node_CallFunction /Game/Drone.Drone:MoveBackToBase.K2Node_CallFunction_2426 or K2Node_CallFunction /Game/Drone.Drone:MoveToMeteorite.K2Node_CallFunction_2426
[2016.07.27-23.36.00:737][266]LogUObjectHash:Warning: Ambiguous search, could be K2Node_CallFunction /Game/Drone.Drone:MoveBackToBase.K2Node_CallFunction_2426 or K2Node_CallFunction /Game/Meteorites/Meteorite.Meteorite:ForceTowards.K2Node_CallFunction_2426
[2016.07.27-23.36.00:737][266]LogUObjectHash:Warning: Ambiguous search, could be K2Node_CallFunction /Game/Drone.Drone:MoveBackToBase.K2Node_CallFunction_2426 or K2Node_CallFunction /Game/Meteorites/Meteorite.Meteorite:MoveTowards.K2Node_CallFunction_2426
[2016.07.27-23.36.00:737][266]LogUObjectHash:Warning: Ambiguous search, could be K2Node_CallFunction /Game/Drone.Drone:MoveBackToBase.K2Node_CallFunction_2426 or K2Node_CallFunction /Game/Actors/UFO/UFO.UFO:MoveTowards.K2Node_CallFunction_2426
[2016.07.27-23.36.00:737][266]LogUObjectHash:Warning: Ambiguous search, could be K2Node_CallFunction /Game/Drone.Drone:MoveBackToBase.K2Node_CallFunction_2426 or K2Node_CallFunction /Game/Actors/UFO/Radar.Radar:MoveOriginTowards.K2Node_CallFunction_2426
[2016.07.27-23.36.00:737][266]LogUObjectHash:Warning: Ambiguous search, could be K2Node_CallFunction /Game/Drone.Drone:MoveBackToBase.K2Node_CallFunction_2426 or K2Node_CallFunction /Engine/Transient.PROTO_BP_Blueprint_0:UserConstructionScript.K2Node_CallFunction_2426
[2016.07.27-23.36.08:194][156]BlueprintLog: New page: Compile Drone
[2016.07.27-23.36.08:426][156]BlueprintEditorCompileResults: Info [1081.61] Compile of Drone successful! [in 232 ms]
[2016.07.27-23.36.09:428][273]LogBlueprintUserMessages: Early PlayInEditor Detection: Level '/Game/Maps/FirstLevel.FirstLevel:PersistentLevel' has LevelScriptBlueprint '/Game/Maps/FirstLevel.FirstLevel:PersistentLevel.FirstLevel' with GeneratedClass '/Game/Maps/FirstLevel.FirstLevel_C' with ClassGeneratedBy '/Game/Maps/FirstLevel.FirstLevel:PersistentLevel.FirstLevel'
[2016.07.27-23.36.09:428][273]LogPlayLevel: PlayLevel: No blueprints needed recompiling
[2016.07.27-23.36.09:428][273]PIE: New page: PIE session: FirstLevel (28 Jul 2016 7:36:09 pm)
[2016.07.27-23.36.09:428][273]LogPlayLevel: Creating play world package: /Game/Maps/UEDPIE_0_FirstLevel
[2016.07.27-23.36.09:435][273]LogPlayLevel: PIE: StaticDuplicateObject took: (0.006567s)
[2016.07.27-23.36.09:435][273]LogAIModule: Creating AISystem for world FirstLevel
[2016.07.27-23.36.09:436][273]LogPlayLevel: PIE: World Init took: (0.000580s)
[2016.07.27-23.36.09:436][273]LogPlayLevel: PIE: Created PIE world by copying editor world from /Game/Maps/FirstLevel.FirstLevel to /Game/Maps/UEDPIE_0_FirstLevel.FirstLevel (0.007540s)
[2016.07.27-23.36.09:454][273]LogInit: XAudio2 using 'Speakers (Cirrus Logic CS4206B (AB 92))' : 2 channels at 48 kHz using 32 bits per sample (channel mask 0x3)
[2016.07.27-23.36.09:460][273]LogInit: FAudioDevice initialized.
[2016.07.27-23.36.09:494][273]LogWorld: Game class is 'GameManager_C'
[2016.07.27-23.36.09:499][273]LogWorld: Bringing World /Game/Maps/UEDPIE_0_FirstLevel.FirstLevel up for play (max tick rate 0) at 2016.07.28-09.36.09
[2016.07.27-23.36.09:499][273]LogWorld: Bringing up level for play took: 0.004047
[2016.07.27-23.36.09:507][273]PIE: Info Play in editor start time for /Game/Maps/UEDPIE_0_FirstLevel 0.946
[2016.07.27-23.36.09:507][273]LogBlueprintUserMessages: Late PlayInEditor Detection: Level '/Game/Maps/FirstLevel.FirstLevel:PersistentLevel' has LevelScriptBlueprint '/Game/Maps/FirstLevel.FirstLevel:PersistentLevel.FirstLevel' with GeneratedClass '/Game/Maps/FirstLevel.FirstLevel_C' with ClassGeneratedBy '/Game/Maps/FirstLevel.FirstLevel:PersistentLevel.FirstLevel'
[2016.07.27-23.36.11:415][449]LogBlueprintUserMessages: [GameManager_C_0] Wave Begun
[2016.07.27-23.36.26:929][879]LogBlueprintUserMessages: Early EndPlayMap Detection: Level '/Game/Maps/FirstLevel.FirstLevel:PersistentLevel' has LevelScriptBlueprint '/Game/Maps/FirstLevel.FirstLevel:PersistentLevel.FirstLevel' with GeneratedClass '/Game/Maps/FirstLevel.FirstLevel_C' with ClassGeneratedBy '/Game/Maps/FirstLevel.FirstLevel:PersistentLevel.FirstLevel'
[2016.07.27-23.36.26:979][879]LogBlueprintUserMessages: Late EndPlayMap Detection: Level '/Game/Maps/FirstLevel.FirstLevel:PersistentLevel' has LevelScriptBlueprint '/Game/Maps/FirstLevel.FirstLevel:PersistentLevel.FirstLevel' with GeneratedClass '/Game/Maps/FirstLevel.FirstLevel_C' with ClassGeneratedBy '/Game/Maps/FirstLevel.FirstLevel:PersistentLevel.FirstLevel'
[2016.07.27-23.36.45:708][119]LogBlueprintUserMessages: Early PlayInEditor Detection: Level '/Game/Maps/FirstLevel.FirstLevel:PersistentLevel' has LevelScriptBlueprint '/Game/Maps/FirstLevel.FirstLevel:PersistentLevel.FirstLevel' with GeneratedClass '/Game/Maps/FirstLevel.FirstLevel_C' with ClassGeneratedBy '/Game/Maps/FirstLevel.FirstLevel:PersistentLevel.FirstLevel'
[2016.07.27-23.36.45:708][119]LogPlayLevel: PlayLevel: No blueprints needed recompiling
[2016.07.27-23.36.45:708][119]PIE: New page: PIE session: FirstLevel (28 Jul 2016 7:36:45 pm)
[2016.07.27-23.36.45:708][119]LogPlayLevel: Creating play world package: /Game/Maps/UEDPIE_0_FirstLevel
[2016.07.27-23.36.45:715][119]LogPlayLevel: PIE: StaticDuplicateObject took: (0.006454s)
[2016.07.27-23.36.45:715][119]LogAIModule: Creating AISystem for world FirstLevel
[2016.07.27-23.36.45:715][119]LogPlayLevel: PIE: World Init took: (0.000543s)
[2016.07.27-23.36.45:716][119]LogPlayLevel: PIE: Created PIE world by copying editor world from /Game/Maps/FirstLevel.FirstLevel to /Game/Maps/UEDPIE_0_FirstLevel.FirstLevel (0.007397s)
[2016.07.27-23.36.45:732][119]LogInit: XAudio2 using 'Speakers (Cirrus Logic CS4206B (AB 92))' : 2 channels at 48 kHz using 32 bits per sample (channel mask 0x3)
[2016.07.27-23.36.45:739][119]LogInit: FAudioDevice initialized.
[2016.07.27-23.36.45:769][119]LogWorld: Game class is 'GameManager_C'
[2016.07.27-23.36.45:774][119]Log