Log file open, 07/05/16 01:30:14
LogInit:Display: Running engine for game: Project_PlanetDef
LogPlatformFile: Not using cached read wrapper
LogInit:Display: RandInit(1707121835) SRandInit(1707121836).
LogTaskGraph: Started task graph with 4 named threads and 7 total threads.
LogStats: Stats thread started at 0.082349
LogInit: Version: 4.11.2-2946394+++UE4+Release-4.11
LogInit: API Version: 2927265
LogInit: Compiled (64-bit): Apr 18 2016 02:18:46
LogInit: Compiled with Visual C++: 19.00.23026.00
LogInit: Build Configuration: Development
LogInit: Branch Name: ++UE4+Release-4.11
LogInit: Command line: -EpicPortal 
LogInit: Base directory: C:/Program Files (x86)/Epic Games/4.11/Engine/Binaries/Win64/
LogInit: Installed Engine Build: 1
LogInit: Using libcurl 7.41.0
LogInit:  - built for x86_64-pc-win32
LogInit:  - supports SSL with WinSSL
LogInit:  - other features:
LogInit:      CURL_VERSION_SSL
LogInit:      CURL_VERSION_IPV6
LogInit:      CURL_VERSION_ASYNCHDNS
LogInit:      CURL_VERSION_LARGEFILE
LogInit:      CURL_VERSION_IDN
LogInit:  CurlRequestOptions (configurable via config and command line):
LogInit:  - bVerifyPeer = true  - Libcurl will verify peer certificate
LogInit:  - bUseHttpProxy = false  - Libcurl will NOT use HTTP proxy
LogInit:  - bDontReuseConnections = false  - Libcurl will reuse connections
LogInit:  - CertBundlePath = nullptr  - Libcurl will use whatever was configured at build time.
LogInit: Presizing for max 16777216 objects, including 0 objects not considered by GC, pre-allocating 0 bytes for permanent pool.
LogInit: Object subsystem initialized
[2016.07.04-15.30.15:098][  0]LogInit: Selected Device Profile: [Windows]
[2016.07.04-15.30.15:098][  0]LogInit: Applying CVar settings loaded from the selected device profile: [Windows]
[2016.07.04-15.30.15:178][  0]LogInit: Computer: JOSH-PC
[2016.07.04-15.30.15:178][  0]LogInit: User: JOSH
[2016.07.04-15.30.15:178][  0]LogInit: CPU Page size=65536, Cores=4
[2016.07.04-15.30.15:178][  0]LogInit: High frequency timer resolution =3.001669 MHz
[2016.07.04-15.30.15:178][  0]LogMemory: Memory total: Physical=16.0GB (16GB approx)
[2016.07.04-15.30.15:178][  0]LogMemory: Platform Memory Stats for Windows
[2016.07.04-15.30.15:178][  0]LogMemory: Process Physical Memory: 318.71 MB used, 318.71 MB peak
[2016.07.04-15.30.15:178][  0]LogMemory: Process Virtual Memory: 318.41 MB used, 318.41 MB peak
[2016.07.04-15.30.15:178][  0]LogMemory: Physical Memory: 4571.58 MB used, 16375.12 MB total
[2016.07.04-15.30.15:178][  0]LogMemory: Virtual Memory: 637.16 MB used, 8388608.00 MB total
[2016.07.04-15.30.15:225][  0]LogTextLocalizationManager: No specific translations for ('en-AU') exist, so ('en') translations will be used.
[2016.07.04-15.30.15:717][  0]LogD3D11RHI: D3D11 adapters:
[2016.07.04-15.30.15:727][  0]LogD3D11RHI:    0. 'AMD Radeon HD 6800 Series' (Feature Level 11_0)
[2016.07.04-15.30.15:727][  0]LogD3D11RHI:       1011MB of dedicated video memory, 0MB of dedicated system memory, and 3840MB of shared system memory, 2 output[s]
[2016.07.04-15.30.15:727][  0]LogD3D11RHI: Chosen D3D11 Adapter: 0
[2016.07.04-15.30.15:732][  0]LogD3D11RHI: Creating new Direct3DDevice
[2016.07.04-15.30.15:732][  0]LogD3D11RHI:     Adapter Name: AMD Radeon HD 6800 Series
[2016.07.04-15.30.15:732][  0]LogD3D11RHI:   Driver Version: Catalyst 15.7.1 (internal 15.200.1062.1004)
[2016.07.04-15.30.15:732][  0]LogD3D11RHI:      Driver Date: 8-3-2015
[2016.07.04-15.30.15:732][  0]LogRHI: Texture pool is 708 MB (70% of 1011 MB)
[2016.07.04-15.30.15:741][  0]LogD3D11RHI: Async texture creation disabled: no driver support
[2016.07.04-15.30.15:754][  0]LogShaderCompilers: Guid format shader working directory is -33 characters bigger than the processId version (../../../../../../Users/JOSH/Documents/Project_PlanetDefence/Project_PlanetDef/Intermediate/Shaders/WorkingDirectory/4104/).
[2016.07.04-15.30.15:754][  0]LogShaderCompilers: Cleaned the shader compiler working directory 'C:/Users/JOSH/AppData/Local/Temp/UnrealShaderWorkingDir/CF85A20645E0A69C906A2EA980E8446A/'.
[2016.07.04-15.30.15:754][  0]LogShaderCompilers:Display: Using Local Shader Compiler.
[2016.07.04-15.30.17:178][  0]LogTemp:Display: Loaded TP AllDesktopTargetPlatform
[2016.07.04-15.30.17:184][  0]LogTemp:Display: Loaded TP WindowsClientTargetPlatform
[2016.07.04-15.30.17:190][  0]LogTemp:Display: Loaded TP WindowsNoEditorTargetPlatform
[2016.07.04-15.30.17:196][  0]LogTemp:Display: Loaded TP WindowsServerTargetPlatform
[2016.07.04-15.30.17:202][  0]LogTemp:Display: Loaded TP WindowsTargetPlatform
[2016.07.04-15.30.17:207][  0]LogTemp:Display: Loaded TP AndroidTargetPlatform
[2016.07.04-15.30.17:211][  0]LogTemp:Display: Loaded TP Android_ASTCTargetPlatform
[2016.07.04-15.30.17:216][  0]LogTemp:Display: Loaded TP Android_ATCTargetPlatform
[2016.07.04-15.30.17:220][  0]LogTemp:Display: Loaded TP Android_DXTTargetPlatform
[2016.07.04-15.30.17:224][  0]LogTemp:Display: Loaded TP Android_ETC1TargetPlatform
[2016.07.04-15.30.17:230][  0]LogTemp:Display: Loaded TP Android_ETC2TargetPlatform
[2016.07.04-15.30.17:238][  0]LogTemp:Display: Loaded TP Android_MultiTargetPlatform
[2016.07.04-15.30.17:238][  0]LogTemp:Display: Loaded TP Android_PVRTCTargetPlatform
[2016.07.04-15.30.17:240][  0]LogTemp:Display: Loaded TP HTML5TargetPlatform
[2016.07.04-15.30.17:259][  0]LogTemp:Display: Loaded TP IOSTargetPlatform
[2016.07.04-15.30.17:263][  0]LogTemp:Display: Loaded TP TVOSTargetPlatform
[2016.07.04-15.30.17:267][  0]LogTemp:Display: Loaded TP LinuxNoEditorTargetPlatform
[2016.07.04-15.30.17:271][  0]LogTemp:Display: Loaded TP LinuxServerTargetPlatform
[2016.07.04-15.30.17:275][  0]LogTemp:Display: Loaded TP LinuxTargetPlatform
[2016.07.04-15.30.17:275][  0]LogTargetPlatformManager:Display: Building Assets For Windows
[2016.07.04-15.30.17:368][  0]LogDerivedDataCache:Display: Max Cache Size: 512 MB
[2016.07.04-15.30.17:467][  0]LogDerivedDataCache: Loaded boot cache 0.10s 46MB C:/Users/JOSH/AppData/Local/UnrealEngine/4.11/DerivedDataCache/Boot.ddc.
[2016.07.04-15.30.17:467][  0]LogDerivedDataCache:Display: Loaded Boot cache: C:/Users/JOSH/AppData/Local/UnrealEngine/4.11/DerivedDataCache/Boot.ddc
[2016.07.04-15.30.17:467][  0]LogDerivedDataCache: FDerivedDataBackendGraph:  Pak pak cache file ../../../../../../Users/JOSH/Documents/Project_PlanetDefence/Project_PlanetDef/DerivedDataCache/DDC.ddp not found, will not use a pak cache.
[2016.07.04-15.30.17:467][  0]LogDerivedDataCache: Unable to find inner node Pak for hierarchical cache Hierarchy.
[2016.07.04-15.30.17:467][  0]LogDerivedDataCache: FDerivedDataBackendGraph:  CompressedPak pak cache file ../../../../../../Users/JOSH/Documents/Project_PlanetDefence/Project_PlanetDef/DerivedDataCache/Compressed.ddp not found, will not use a pak cache.
[2016.07.04-15.30.17:467][  0]LogDerivedDataCache: Unable to find inner node CompressedPak for hierarchical cache Hierarchy.
[2016.07.04-15.30.17:486][  0]LogDerivedDataCache:Display: Pak cache opened for reading ../../../Engine/DerivedDataCache/Compressed.ddp.
[2016.07.04-15.30.17:498][  0]LogDerivedDataCache: Using Local data cache path C:/Users/JOSH/AppData/Local/UnrealEngine/Common/DerivedDataCache: Writable
[2016.07.04-15.30.17:733][  0]LogInit: Selected Device Profile: [Windows]
[2016.07.04-15.30.17:734][  0]LogContentStreaming: Texture pool size is 0.00 MB
[2016.07.04-15.30.17:767][  0]LogMaterial: Uniform references updated for custom material expression Custom.
[2016.07.04-15.30.17:942][  0]LogMeshUtilities: No automatic mesh reduction module available
[2016.07.04-15.30.17:942][  0]LogMeshUtilities: No automatic mesh merging module available
[2016.07.04-15.30.17:942][  0]LogMeshUtilities: No distributed automatic mesh merging module available
[2016.07.04-15.30.18:349][  0]LogUObjectArray: 27679 objects as part of root set at end of initial load.
[2016.07.04-15.30.18:349][  0]LogUObjectAllocator: 5591600 out of 0 bytes used by permanent object pool.
[2016.07.04-15.30.18:349][  0]LogUObjectArray: CloseDisregardForGC: 0/0 objects in disregard for GC pool
[2016.07.04-15.30.18:356][  0]LogInit: WinSock: version 1.1 (2.2), MaxSocks=32767, MaxUdp=65467
[2016.07.04-15.30.18:469][  0]LogSlate: SlateFontCache - WITH_FREETYPE: 1, WITH_HARFBUZZ: 1
[2016.07.04-15.30.18:469][  0]LogSlate: SlateFontCache - WITH_FREETYPE: 1, WITH_HARFBUZZ: 1
[2016.07.04-15.30.18:593][  0]LogStreaming:Warning: Failed to read file '../../../Engine/Content/Editor/Slate/Common/Selection_16x.png' error.
[2016.07.04-15.30.18:593][  0]LogSlate: Could not find file for Slate resource: ../../../Engine/Content/Editor/Slate/Common/Selection_16x.png
[2016.07.04-15.30.18:593][  0]LogStreaming:Warning: Failed to read file '../../../Engine/Content/Editor/Slate/Common/Selection_16x.png' error.
[2016.07.04-15.30.18:593][  0]LogSlate: Could not find file for Slate resource: ../../../Engine/Content/Editor/Slate/Common/Selection_16x.png
[2016.07.04-15.30.18:593][  0]LogStreaming:Warning: Failed to read file '../../../Engine/Content/Editor/Slate/Common/Selection_16x.png' error.
[2016.07.04-15.30.18:593][  0]LogSlate: Could not find file for Slate resource: ../../../Engine/Content/Editor/Slate/Common/Selection_16x.png
[2016.07.04-15.30.19:278][  0]LogUdpMessaging: Initializing bridge on interface 0.0.0.0:0 to multicast group 230.0.0.1:6666.
[2016.07.04-15.30.19:397][  0]LogAssetRegistry: FAssetRegistry took 0.0198 seconds to start up
[2016.07.04-15.30.19:602][  0]SourceControl: Info Source control is disabled
[2016.07.04-15.30.19:736][  0]SourceControl: Info Source control is disabled
[2016.07.04-15.30.19:745][  0]SourceControl: Info Source control is disabled
[2016.07.04-15.30.19:755][  0]SourceControl: Info Source control is disabled
[2016.07.04-15.30.19:935][  0]LogHMD: Failed to initialize OpenVR with code 108
[2016.07.04-15.30.20:021][  0]LogEngine: Initializing Engine...
[2016.07.04-15.30.20:222][  0]LogAIModule: Creating AISystem for world NewWorld
[2016.07.04-15.30.20:236][  0]LogInit: XAudio2 using 'Speakers (Realtek High Definition Audio)' : 2 channels at 48 kHz using 32 bits per sample (channel mask 0x3)
[2016.07.04-15.30.20:248][  0]LogInit: FAudioDevice initialized.
[2016.07.04-15.30.20:296][  0]LogDerivedDataCache: Saved boot cache 0.05s 46MB C:/Users/JOSH/AppData/Local/UnrealEngine/4.11/DerivedDataCache/Boot.ddc.
[2016.07.04-15.30.20:316][  0]LogInit: Texture streaming: Enabled
[2016.07.04-15.30.20:344][  0]LogInit: Transaction tracking system initialized
[2016.07.04-15.30.20:368][  0]BlueprintLog: New page: Editor Load
[2016.07.04-15.30.20:455][  0]LocalizationService: Info Localization service is disabled
[2016.07.04-15.30.20:547][  0]LogConsoleResponse:Display: 
[2016.07.04-15.30.20:771][  0]LogCook:Display: Max memory allowance for cook 8192mb
[2016.07.04-15.30.20:771][  0]LogCook:Display: Mobile HDR setting 1
[2016.07.04-15.30.20:771][  0]LogCook:Display: Done creating registry. It took  0.00s.
[2016.07.04-15.30.20:832][  0]LogFileCache: Scanning file cache for directory 'C:/Users/JOSH/Documents/Project_PlanetDefence/Project_PlanetDef/Content/' took 0.01s
[2016.07.04-15.30.20:832][  0]SourceControl: Info Source control is disabled
[2016.07.04-15.30.20:832][  0]Cmd: MAP LOAD FILE="../../../Engine/Content/Maps/Templates/Template_Default.umap" TEMPLATE=1 SHOWPROGRESS=1 FEATURELEVEL=3
[2016.07.04-15.30.20:833][  0]LightingResults: New page: Lighting Build
[2016.07.04-15.30.20:835][  0]MapCheck: New page: Map Check
[2016.07.04-15.30.20:835][  0]LightingResults: New page: Lighting Build
[2016.07.04-15.30.21:206][  0]LogAIModule: Creating AISystem for world Untitled_1
[2016.07.04-15.30.21:213][  0]LogEditorServer: Finished looking for orphan Actors (0.000 secs)
[2016.07.04-15.30.21:240][  0]Cmd: MAP CHECKDEP NOCLEARLOG
[2016.07.04-15.30.21:302][  0]MapCheck: Info Map check complete: 0 Error(s), 0 Warning(s), took 61.666ms to complete.
[2016.07.04-15.30.21:302][  0]LogFileHelpers: Loading map 'Template_Default' took 0.470
[2016.07.04-15.30.22:281][  0]LogCollectionManager: Loaded 0 collections in 0.001864 seconds
[2016.07.04-15.30.22:420][  0]LogFileCache: Scanning file cache for directory 'C:/Users/JOSH/Documents/Project_PlanetDefence/Project_PlanetDef/Saved/Collections/' took 0.01s
[2016.07.04-15.30.22:420][  0]LogFileCache: Scanning file cache for directory 'C:/Users/JOSH/Documents/Project_PlanetDefence/Project_PlanetDef/Content/Developers/JOSH/Collections/' took 0.01s
[2016.07.04-15.30.22:420][  0]LogFileCache: Scanning file cache for directory 'C:/Users/JOSH/Documents/Project_PlanetDefence/Project_PlanetDef/Content/Collections/' took 0.01s
[2016.07.04-15.30.22:420][  0]LogCollectionManager: Rebuilt the GUID cache for 0 collections in 0.000003 seconds
[2016.07.04-15.30.22:432][  0]LogContentBrowser: Native class hierarchy populated in 0.0121 seconds. Added 1979 classes and 343 folders.
[2016.07.04-15.30.22:591][  0]LogStats: UGameplayTagsManager::ConstructGameplayTagTree: Construct from data asset -  0.000 s
[2016.07.04-15.30.22:591][  0]LogStats: UGameplayTagsManager::ConstructGameplayTagTree: GameplayTagTreeChangedEvent.Broadcast -  0.000 s
[2016.07.04-15.30.22:595][  0]LogContentBrowser: Native class hierarchy updated for 'GameplayTags' in 0.0026 seconds. Added 12 classes and 0 folders.
[2016.07.04-15.30.22:611][  0]LogContentBrowser: Native class hierarchy updated for 'WidgetCarousel' in 0.0025 seconds. Added 0 classes and 0 folders.
[2016.07.04-15.30.23:421][  0]LogContentBrowser: Native class hierarchy updated for 'SuperSearch' in 0.0021 seconds. Added 1 classes and 2 folders.
[2016.07.04-15.30.28:711][  0]LogContentBrowser: Native class hierarchy updated for 'AddContentDialog' in 0.0029 seconds. Added 0 classes and 0 folders.
[2016.07.04-15.30.28:889][  0]LogContentBrowser: Native class hierarchy updated for 'SceneOutliner' in 0.0022 seconds. Added 1 classes and 2 folders.
[2016.07.04-15.30.29:522][  0]LogCrashTracker: Crashtracker disabled due to settings.
[2016.07.04-15.30.29:547][  0]LogUObjectGlobals:Warning: Failed to find object 'Class None.'
[2016.07.04-15.30.29:596][  0]LogContentBrowser: Native class hierarchy updated for 'HierarchicalLODOutliner' in 0.0026 seconds. Added 1 classes and 2 folders.
[2016.07.04-15.30.29:596][  0]LogLoad: Full Startup: 67.93 seconds (BP compile: 0.05 seconds)
[2016.07.04-15.30.29:596][  0]LogExternalProfiler: Found external profiler: VSPerf
[2016.07.04-15.30.29:597][  0]LogExternalProfiler: Using external profiler: VSPerf
[2016.07.04-15.30.29:606][  0]LogOcInput: OculusInput pre-init called
[2016.07.04-15.30.30:685][  0]LogContentStreaming: Texture pool size now 1000 MB
[2016.07.04-15.30.31:303][  0]LogRenderer: Reallocating scene render targets to support 1208x600 (Frame:2).
[2016.07.04-15.30.40:226][702]LogAssetRegistry: Asset discovery search completed in 20.8482 seconds
[2016.07.04-15.30.40:226][702]LogCollectionManager: Rebuilt the object cache for 0 collections in 0.000004 seconds (found 0 objects)
[2016.07.04-15.30.40:226][702]LogCollectionManager: Fixed up redirectors for 0 collections in 0.000160 seconds (updated 0 objects)
[2016.07.04-15.34.07:678][916]LogAIModule: Creating AISystem for world FirstLevel
[2016.07.04-15.34.07:763][916]Cmd: MAP LOAD FILE="../../../../../../Users/JOSH/Documents/Project_PlanetDefence/Project_PlanetDef/Content/Maps/FirstLevel.umap" TEMPLATE=0 SHOWPROGRESS=1 FEATURELEVEL=3
[2016.07.04-15.34.07:764][916]LightingResults: New page: Lighting Build
[2016.07.04-15.34.07:791][916]LoadErrors: New page: Loading map: FirstLevel.umap
[2016.07.04-15.34.07:792][916]MapCheck: New page: Map Check
[2016.07.04-15.34.07:792][916]LightingResults: New page: Lighting Build
[2016.07.04-15.34.07:812][916]LogEditorServer: Finished looking for orphan Actors (0.000 secs)
[2016.07.04-15.34.07:868][916]Cmd: MAP CHECKDEP NOCLEARLOG
[2016.07.04-15.34.07:935][916]MapCheck: Info Map check complete: 0 Error(s), 0 Warning(s), took 66.881ms to complete.
[2016.07.04-15.34.07:936][916]LogFileHelpers: Loading map 'FirstLevel' took 0.184
[2016.07.04-15.34.10:570][ 79]LogBlueprintUserMessages: Early PlayInEditor Detection: Level '/Game/Maps/FirstLevel.FirstLevel:PersistentLevel' has LevelScriptBlueprint '/Game/Maps/FirstLevel.FirstLevel:PersistentLevel.FirstLevel' with GeneratedClass '/Game/Maps/FirstLevel.FirstLevel_C' with ClassGeneratedBy '/Game/Maps/FirstLevel.FirstLevel:PersistentLevel.FirstLevel'
[2016.07.04-15.34.10:571][ 79]LogPlayLevel: PlayLevel: No blueprints needed recompiling
[2016.07.04-15.34.10:639][ 79]PIE: New page: PIE session: FirstLevel (5 Jul 2016 11:34:10 am)
[2016.07.04-15.34.10:639][ 79]LogPlayLevel: Creating play world package: /Game/Maps/UEDPIE_0_FirstLevel
[2016.07.04-15.34.10:647][ 79]LogPlayLevel: PIE: StaticDuplicateObject took: (0.008341s)
[2016.07.04-15.34.10:650][ 79]LogAIModule: Creating AISystem for world FirstLevel
[2016.07.04-15.34.10:651][ 79]LogPlayLevel: PIE: World Init took: (0.002809s)
[2016.07.04-15.34.10:651][ 79]LogPlayLevel: PIE: Created PIE world by copying editor world from /Game/Maps/FirstLevel.FirstLevel to /Game/Maps/UEDPIE_0_FirstLevel.FirstLevel (0.011787s)
[2016.07.04-15.34.10:669][ 79]LogInit: XAudio2 using 'Speakers (Realtek High Definition Audio)' : 2 channels at 48 kHz using 32 bits per sample (channel mask 0x3)
[2016.07.04-15.34.10:678][ 79]LogInit: FAudioDevice initialized.
[2016.07.04-15.34.10:783][ 79]LogWorld: Game class is 'GameMode'
[2016.07.04-15.34.10:788][ 79]LogWorld: Bringing World /Game/Maps/UEDPIE_0_FirstLevel.FirstLevel up for play (max tick rate 0) at 2016.07.05-01.34.10
[2016.07.04-15.34.10:788][ 79]LogWorld: Bringing up level for play took: 0.004190
[2016.07.04-15.34.10:805][ 79]LogContentBrowser: Native class hierarchy updated for 'MovieSceneCapture' in 0.0023 seconds. Added 9 classes and 0 folders.
[2016.07.04-15.34.10:933][ 79]PIE: Info Play in editor start time for /Game/Maps/UEDPIE_0_FirstLevel 0.591
[2016.07.04-15.34.10:933][ 79]LogBlueprintUserMessages: Late PlayInEditor Detection: Level '/Game/Maps/FirstLevel.FirstLevel:PersistentLevel' has LevelScriptBlueprint '/Game/Maps/FirstLevel.FirstLevel:PersistentLevel.FirstLevel' with GeneratedClass '/Game/Maps/FirstLevel.FirstLevel_C' with ClassGeneratedBy '/Game/Maps/FirstLevel.FirstLevel:PersistentLevel.FirstLevel'
[2016.07.04-15.34.11:640][130]LogScript:Warning: Accessed None trying to read property CallFunc_SpawnRandomMeteorite_MeteoriteInstance
	MeteoriteHandler_C /Game/Maps/UEDPIE_0_FirstLevel.FirstLevel:PersistentLevel.MeteoriteHandler_46
	Function /Game/Meteorites/MeteoriteHandler.MeteoriteHandler_C:ExecuteUbergraph_MeteoriteHandler:0083
[2016.07.04-15.34.11:640][130]PIE:Error: Error Blueprint Runtime Error: Accessed None trying to read property CallFunc_SpawnRandomMeteorite_MeteoriteInstance from function: 'ExecuteUbergraph_MeteoriteHandler' from node: Set TargetLocation in graph: EventGraph in object: MeteoriteHandler
[2016.07.04-15.34.11:641][130]LogScript:Warning: Attempted to assign to None
	MeteoriteHandler_C /Game/Maps/UEDPIE_0_FirstLevel.FirstLevel:PersistentLevel.MeteoriteHandler_46
	Function /Game/Meteorites/MeteoriteHandler.MeteoriteHandler_C:ExecuteUbergraph_MeteoriteHandler:0098
[2016.07.04-15.34.11:641][130]PIE:Error: Error Blueprint Runtime Error: Attempted to assign to None from function: 'ExecuteUbergraph_MeteoriteHandler' from node: Set TargetLocation in graph: EventGraph in object: MeteoriteHandler
[2016.07.04-15.34.11:641][130]LogScript:Warning: Accessed None trying to read property CallFunc_SpawnRandomMeteorite_MeteoriteInstance
	MeteoriteHandler_C /Game/Maps/UEDPIE_0_FirstLevel.FirstLevel:PersistentLevel.MeteoriteHandler_46
	Function /Game/Meteorites/MeteoriteHandler.MeteoriteHandler_C:ExecuteUbergraph_MeteoriteHandler:00B6
[2016.07.04-15.34.11:641][130]PIE:Error: Error Blueprint Runtime Error: Accessed None trying to read property CallFunc_SpawnRandomMeteorite_MeteoriteInstance from function: 'ExecuteUbergraph_MeteoriteHandler' from node: Set Speed in graph: EventGraph in object: MeteoriteHandler
[2016.07.04-15.34.11:642][130]LogScript:Warning: Attempted to assign to None
	MeteoriteHandler_C /Game/Maps/UEDPIE_0_FirstLevel.FirstLevel:PersistentLevel.MeteoriteHandler_46
	Function /Game/Meteorites/MeteoriteHandler.MeteoriteHandler_C:ExecuteUbergraph_MeteoriteHandler:00CB
[2016.07.04-15.34.11:642][130]PIE:Error: Error Blueprint Runtime Error: Attempted to assign to None from function: 'ExecuteUbergraph_MeteoriteHandler' from node: Set Speed in graph: EventGraph in object: MeteoriteHandler
[2016.07.04-15.35.27:185][749]LogEditorViewport: Clicking on Actor (LMB): Meteorite_Type5_C (Meteorite_Type5)
[2016.07.04-15.35.27:186][749]LogSelection:Warning: PIE object was selected: "Meteorite_Type5_C /Game/Maps/UEDPIE_0_FirstLevel.FirstLevel:PersistentLevel.Meteorite_Type5_C_0"
[2016.07.04-15.35.34:158][ 16]LogEditorViewport: Clicking on Actor (LMB): StaticMeshActor (Floor2)
[2016.07.04-15.35.34:159][ 16]LogSelection:Warning: PIE object was selected: "StaticMeshActor /Game/Maps/UEDPIE_0_FirstLevel.FirstLevel:PersistentLevel.Floor2"
[2016.07.04-15.35.40:870][318]LogSelection:Warning: PIE object was selected: "StaticMeshComponent /Game/Maps/UEDPIE_0_FirstLevel.FirstLevel:PersistentLevel.Floor2.StaticMeshComponent0"
[2016.07.04-15.36.50:407][390]PIE:Warning: Warning Mobility of Floor2 : StaticMeshComponent0 has to be 'Movable' if you'd like to move. 
[2016.07.04-15.36.50:407][390]PIE:Warning: Warning Mobility of Floor2 : StaticMeshComponent0 has to be 'Movable' if you'd like to move. 
[2016.07.04-15.36.50:408][390]PIE:Warning: Warning Mobility of Floor2 : StaticMeshComponent0 has to be 'Movable' if you'd like to move. 
[2016.07.04-15.37.03:043][842]LogBlueprintUserMessages: Early EndPlayMap Detection: Level '/Game/Maps/FirstLevel.FirstLevel:PersistentLevel' has LevelScriptBlueprint '/Game/Maps/FirstLevel.FirstLevel:PersistentLevel.FirstLevel' with GeneratedClass '/Game/Maps/FirstLevel.FirstLevel_C' with ClassGeneratedBy '/Game/Maps/FirstLevel.FirstLevel:PersistentLevel.FirstLevel'
[2016.07.04-15.37.03:173][842]LogBlueprintUserMessages: Late EndPlayMap Detection: Level '/Game/Maps/FirstLevel.FirstLevel:PersistentLevel' has LevelScriptBlueprint '/Game/Maps/FirstLevel.FirstLevel:PersistentLevel.FirstLevel' with GeneratedClass '/Game/Maps/FirstLevel.FirstLevel_C' with ClassGeneratedBy '/Game/Maps/FirstLevel.FirstLevel:PersistentLevel.FirstLevel'
[2016.07.04-15.37.52:962][318]LogBlueprintUserMessages: Early PlayInEditor Detection: Level '/Game/Maps/FirstLevel.FirstLevel:PersistentLevel' has LevelScriptBlueprint '/Game/Maps/FirstLevel.FirstLevel:PersistentLevel.FirstLevel' with GeneratedClass '/Game/Maps/FirstLevel.FirstLevel_C' with ClassGeneratedBy '/Game/Maps/FirstLevel.FirstLevel:PersistentLevel.FirstLevel'
[2016.07.04-15.37.52:963][318]LogPlayLevel: PlayLevel: No blueprints needed recompiling
[2016.07.04-15.37.52:963][318]PIE: New page: PIE session: FirstLevel (5 Jul 2016 11:37:52 am)
[2016.07.04-15.37.52:963][318]LogPlayLevel: Creating play world package: /Game/Maps/UEDPIE_0_FirstLevel
[2016.07.04-15.37.52:971][318]LogPlayLevel: PIE: StaticDuplicateObject took: (0.008036s)
[2016.07.04-15.37.52:972][318]LogAIModule: Creating AISystem for world FirstLevel
[2016.07.04-15.37.52:973][318]LogPlayLevel: PIE: World Init took: (0.001401s)
[2016.07.04-15.37.52:973][318]LogPlayLevel: PIE: Created PIE world by copying editor world from /Game/Maps/FirstLevel.FirstLevel to /Game/Maps/UEDPIE_0_FirstLevel.FirstLevel (0.009995s)
[2016.07.04-15.37.52:992][318]LogInit: XAudio2 using 'Speakers (Realtek High Definition Audio)' : 2 channels at 48 kHz using 32 bits per sample (channel mask 0x3)
[2016.07.04-15.37.52:999][318]LogInit: FAudioDevice initialized.
[2016.07.04-15.37.53:028][318]LogWorld: Game class is 'GameMode'
[2016.07.04-15.37.53:032][318]LogWorld: Bringing World /Game/Maps/UEDPIE_0_FirstLevel.FirstLevel up for play (max tick rate 0) at 2016.07.05-01.37.53
[2016.07.04-15.37.53:032][318]LogWorld: Bringing up level for play took: 0.003927
[2016.07.04-15.37.53:035][318]PIE: Info Play in editor start time for /Game/Maps/UEDPIE_0_FirstLevel 0.688
[2016.07.04-15.37.53:035][318]LogBlueprintUserMessages: Late PlayInEditor Detection: Level '/Game/Maps/FirstLevel.FirstLevel:PersistentLevel' has LevelScriptBlueprint '/Game/Maps/FirstLevel.FirstLevel:PersistentLevel.FirstLevel' with GeneratedClass '/Game/Maps/FirstLevel.FirstLevel_C' with ClassGeneratedBy '/Game/Maps/FirstLevel.FirstLevel:PersistentLevel.FirstLevel'
[2016.07.04-15.38.18:434][601]LogBlueprintUserMessages: Early EndPlayMap Detection: Level '/Game/Maps/FirstLevel.FirstLevel:PersistentLevel' has LevelScriptBlueprint '/Game/Maps/FirstLevel.FirstLevel:PersistentLevel.FirstLevel' with GeneratedClass '/Game/Maps/FirstLevel.FirstLevel_C' with ClassGeneratedBy '/Game/Maps/FirstLevel.FirstLevel:PersistentLevel.FirstLevel'
[2016.07.04-15.38.18:487][601]LogBlueprintUserMessages: Late EndPlayMap Detection: Level '/Game/Maps/FirstLevel.FirstLevel:PersistentLevel' has LevelScriptBlueprint '/Game/Maps/FirstLevel.FirstLevel:PersistentLevel.FirstLevel' with GeneratedClass '/Game/Maps/FirstLevel.FirstLevel_C' with ClassGeneratedBy '/Game/Maps/FirstLevel.FirstLevel:PersistentLevel.FirstLevel'
[2016.07.04-15.38.41:224][228]LogBlueprintUserMessages: Early PlayInEditor Detection: Level '/Game/Maps/FirstLevel.FirstLevel:PersistentLevel' has LevelScriptBlueprint '/Game/Maps/FirstLevel.FirstLevel:PersistentLevel.FirstLevel' with GeneratedClass '/Game/Maps/FirstLevel.FirstLevel_C' with ClassGeneratedBy '/Game/Maps/FirstLevel.FirstLevel:PersistentLevel.FirstLevel'
[2016.07.04-15.38.41:224][228]LogPlayLevel: PlayLevel: No blueprints needed recompiling
[2016.07.04-15.38.41:224][228]PIE: New page: PIE session: FirstLevel (5 Jul 2016 11:38:41 am)
[2016.07.04-15.38.41:225][228]LogPlayLevel: Creating play world package: /Game/Maps/UEDPIE_0_FirstLevel
[2016.07.04-15.38.41:232][228]LogPlayLevel: PIE: StaticDuplicateObject took: (0.007663s)
[2016.07.04-15.38.41:234][228]LogAIModule: Creating AISystem for world FirstLevel
[2016.07.04-15.38.41:234][228]LogPlayLevel: PIE: World Init took: (0.001190s)
[2016.07.04-15.38.41:234][228]LogPlayLevel: PIE: Created PIE world by copying editor world from /Game/Maps/FirstLevel.FirstLevel to /Game/Maps/UEDPIE_0_FirstLevel.FirstLevel (0.009407s)
[2016.07.04-15.38.41:251][228]LogInit: XAudio2 using 'Speakers (Realtek High Definition Audio)' : 2 channels at 48 kHz using 32 bits per sample (channel mask 0x3)
[2016.07.04-15.38.41:259][228]LogInit: FAudioDevice initialized.
[2016.07.04-15.38.41:288][228]LogWorld: Game class is 'GameMode'
[2016.07.04-15.38.41:292][228]LogWorld: Bringing World /Game/Maps/UEDPIE_0_FirstLevel.FirstLevel up for play (max tick rate 0) at 2016.07.05-01.38.41
[2016.07.04-15.38.41:293][228]LogWorld: Bringing up level for play took: 0.004038
[2016.07.04-15.38.41:295][228]PIE: Info Play in editor start time for /Game/Maps/UEDPIE_0_FirstLevel 0.946
[2016.07.04-15.38.41:295][228]LogBlueprintUserMessages: Late PlayInEditor Detection: Level '/Game/Maps/FirstLevel.FirstLevel:PersistentLevel' has LevelScriptBlueprint '/Game/Maps/FirstLevel.FirstLevel:PersistentLevel.FirstLevel' with GeneratedClass '/Game/Maps/FirstLevel.FirstLevel_C' with ClassGeneratedBy '/Game/Maps/FirstLevel.FirstLevel:PersistentLevel.FirstLevel'
[2016.07.04-15.39.10:769][865]LogBlueprintUserMessages: Early EndPlayMap Detection: Level '/Game/Maps/FirstLevel.FirstLevel:PersistentLevel' has LevelScriptBlueprint '/Game/Maps/FirstLevel.FirstLevel:PersistentLevel.FirstLevel' with GeneratedClass '/Game/Maps/FirstLevel.FirstLevel_C' with ClassGeneratedBy '/Game/Maps/FirstLevel.FirstLevel:PersistentLevel.FirstLevel'
[2016.07.04-15.39.10:822][865]LogBlueprintUserMessages: Late EndPlayMap Detection: Level '/Game/Maps/FirstLevel.FirstLevel:PersistentLevel' has LevelScriptBlueprint '/Game/Maps/FirstLevel.FirstLevel:PersistentLevel.FirstLevel' with GeneratedClass '/Game/Maps/FirstLevel.FirstLevel_C' with ClassGeneratedBy '/Game/Maps/FirstLevel.FirstLevel:PersistentLevel.FirstLevel'
[2016.07.04-15.39.17:343][334]LogEditorViewport: Clicking on Actor (LMB): Shield_C (Shield)
[2016.07.04-15.39.22:670][582]LogContentBrowser: Native class hierarchy updated for 'BlueprintGraph' in 0.0047 seconds. Added 108 classes and 0 folders.
[2016.07.04-15.40.32:333][138]LogProperty:Warning: Illegal TEXT reference to a private object in external package (EdGraphPin /Game/Meteorites/Meteorite.Meteorite:EventGraph.K2Node_Event_213.EdGraphPin_4803) from referencer (EdGraphPin /Game/Projectile.Projectile:EventGraph.K2Node_DynamicCast_516.EdGraphPin_5310).  Import failed...
[2016.07.04-15.40.32:333][138]LogProperty:Warning: ObjectProperty /Script/Engine.EdGraphPin:LinkedTo.LinkedTo: unresolved reference to 'EdGraphPin'K2Node_Event_213.EdGraphPin_4803''
[2016.07.04-15.40.32:333][138]LogUObjectHash:Warning: Ambiguous search, could be K2Node_IfThenElse /Game/Meteorites/Meteorite.Meteorite:EventGraph.K2Node_IfThenElse_275 or K2Node_IfThenElse /Game/Projectile.Projectile:EventGraph.K2Node_IfThenElse_275
[2016.07.04-15.40.32:333][138]LogProperty:Warning: Illegal TEXT reference to a private object in external package (EdGraphPin /Game/Meteorites/Meteorite.Meteorite:EventGraph.K2Node_IfThenElse_275.EdGraphPin_5066) from referencer (EdGraphPin /Game/Projectile.Projectile:EventGraph.K2Node_DynamicCast_516.EdGraphPin_5311).  Import failed...
[2016.07.04-15.40.32:334][138]LogProperty:Warning: ObjectProperty /Script/Engine.EdGraphPin:LinkedTo.LinkedTo: unresolved reference to 'EdGraphPin'K2Node_IfThenElse_275.EdGraphPin_5066''
[2016.07.04-15.40.32:334][138]LogUObjectHash:Warning: Ambiguous search, could be K2Node_CallFunction /Game/Meteorites/Meteorite.Meteorite:EventGraph.K2Node_CallFunction_6198 or K2Node_CallFunction /Game/Projectile.Projectile:EventGraph.K2Node_CallFunction_6198
[2016.07.04-15.40.32:334][138]LogProperty:Warning: Illegal TEXT reference to a private object in external package (EdGraphPin /Game/Meteorites/Meteorite.Meteorite:EventGraph.K2Node_CallFunction_6198.EdGraphPin_5355) from referencer (EdGraphPin /Game/Projectile.Projectile:EventGraph.K2Node_DynamicCast_516.EdGraphPin_5312).  Import failed...
[2016.07.04-15.40.32:334][138]LogProperty:Warning: ObjectProperty /Script/Engine.EdGraphPin:LinkedTo.LinkedTo: unresolved reference to 'EdGraphPin'K2Node_CallFunction_6198.EdGraphPin_5355''
[2016.07.04-15.40.32:334][138]LogProperty:Warning: Illegal TEXT reference to a private object in external package (EdGraphPin /Game/Meteorites/Meteorite.Meteorite:EventGraph.K2Node_Event_213.EdGraphPin_4804) from referencer (EdGraphPin /Game/Projectile.Projectile:EventGraph.K2Node_DynamicCast_516.EdGraphPin_5313).  Import failed...
[2016.07.04-15.40.32:335][138]LogProperty:Warning: ObjectProperty /Script/Engine.EdGraphPin:LinkedTo.LinkedTo: unresolved reference to 'EdGraphPin'K2Node_Event_213.EdGraphPin_4804''
[2016.07.04-15.40.32:335][138]LogUObjectHash:Warning: Ambiguous search, could be K2Node_CallFunction /Game/Meteorites/Meteorite.Meteorite:EventGraph.K2Node_CallFunction_6124 or K2Node_CallFunction /Game/Projectile.Projectile:EventGraph.K2Node_CallFunction_6124
[2016.07.04-15.40.32:335][138]LogProperty:Warning: Illegal TEXT reference to a private object in external package (EdGraphPin /Game/Meteorites/Meteorite.Meteorite:EventGraph.K2Node_CallFunction_6124.EdGraphPin_5335) from referencer (EdGraphPin /Game/Projectile.Projectile:EventGraph.K2Node_CallFunction_6123.EdGraphPin_5329).  Import failed...
[2016.07.04-15.40.32:335][138]LogProperty:Warning: ObjectProperty /Script/Engine.EdGraphPin:LinkedTo.LinkedTo: unresolved reference to 'EdGraphPin'K2Node_CallFunction_6124.EdGraphPin_5335''
[2016.07.04-15.40.32:336][138]LogUObjectHash:Warning: Ambiguous search, could be K2Node_IfThenElse /Game/Meteorites/Meteorite.Meteorite:EventGraph.K2Node_IfThenElse_275 or K2Node_IfThenElse /Game/Projectile.Projectile:EventGraph.K2Node_IfThenElse_275
[2016.07.04-15.40.32:336][138]LogProperty:Warning: Illegal TEXT reference to a private object in external package (EdGraphPin /Game/Meteorites/Meteorite.Meteorite:EventGraph.K2Node_IfThenElse_275.EdGraphPin_5067) from referencer (EdGraphPin /Game/Projectile.Projectile:EventGraph.K2Node_CallFunction_6124.EdGraphPin_5337).  Import failed...
[2016.07.04-15.40.32:337][138]LogProperty:Warning: ObjectProperty /Script/Engine.EdGraphPin:LinkedTo.LinkedTo: unresolved reference to 'EdGraphPin'K2Node_IfThenElse_275.EdGraphPin_5067''
[2016.07.04-15.40.32:337][138]LogUObjectHash:Warning: Ambiguous search, could be K2Node_CallFunction /Game/Meteorites/Meteorite.Meteorite:EventGraph.K2Node_CallFunction_6126 or K2Node_CallFunction /Game/Projectile.Projectile:EventGraph.K2Node_CallFunction_6126
[2016.07.04-15.40.32:338][138]LogProperty:Warning: Illegal TEXT reference to a private object in external package (EdGraphPin /Game/Meteorites/Meteorite.Meteorite:EventGraph.K2Node_CallFunction_6126.EdGraphPin_5346) from referencer (EdGraphPin /Game/Projectile.Projectile:EventGraph.K2Node_IfThenElse_275.EdGraphPin_5068).  Import failed...
[2016.07.04-15.40.32:338][138]LogProperty:Warning: ObjectProperty /Script/Engine.EdGraphPin:LinkedTo.LinkedTo: unresolved reference to 'EdGraphPin'K2Node_CallFunction_6126.EdGraphPin_5346''
[2016.07.04-15.42.40:699][354]BlueprintLog: New page: Compile Projectile
[2016.07.04-15.42.40:899][354]BlueprintEditorCompileResults: Info [0799.21] Compile of Projectile successful! [in 200 ms]
[2016.07.04-15.42.42:017][476]Cmd: OBJ SAVEPACKAGE PACKAGE="/Game/Projectile" FILE="../../../../../../Users/JOSH/Documents/Project_PlanetDefence/Project_PlanetDef/Content/Projectile.uasset" SILENT=true
[2016.07.04-15.42.42:106][476]LogSavePackage: Save=47.64ms
[2016.07.04-15.42.42:106][476]LogSavePackage: Moving '../../../../../../Users/JOSH/Documents/Project_PlanetDefence/Project_PlanetDef/Saved/Projectile15ADD505433889F4565099862CCDABBF.tmp' to '../../../../../../Users/JOSH/Documents/Project_PlanetDefence/Project_PlanetDef/Content/Projectile.uasset'
[2016.07.04-15.42.42:109][476]LogSavePackage: Total save time: 89.27ms
[2016.07.04-15.42.42:109][476]LogSavePackage:Display: Finished SavePackage ../../../../../../Users/JOSH/Documents/Project_PlanetDefence/Project_PlanetDef/Content/Projectile.uasset
[2016.07.04-15.42.43:916][639]LogBlueprintUserMessages: Early PlayInEditor Detection: Level '/Game/Maps/FirstLevel.FirstLevel:PersistentLevel' has LevelScriptBlueprint '/Game/Maps/FirstLevel.FirstLevel:PersistentLevel.FirstLevel' with GeneratedClass '/Game/Maps/FirstLevel.FirstLevel_C' with ClassGeneratedBy '/Game/Maps/FirstLevel.FirstLevel:PersistentLevel.FirstLevel'
[2016.07.04-15.42.43:916][639]LogPlayLevel: PlayLevel: No blueprints needed recompiling
[2016.07.04-15.42.43:917][639]PIE: New page: PIE session: FirstLevel (5 Jul 2016 11:42:43 am)
[2016.07.04-15.42.43:917][639]LogPlayLevel: Creating play world package: /Game/Maps/UEDPIE_0_FirstLevel
[2016.07.04-15.42.43:924][639]LogPlayLevel: PIE: StaticDuplicateObject took: (0.006884s)
[2016.07.04-15.42.43:925][639]LogAIModule: Creating AISystem for world FirstLevel
[2016.07.04-15.42.43:925][639]LogPlayLevel: PIE: World Init took: (0.001041s)
[2016.07.04-15.42.43:925][639]LogPlayLevel: PIE: Created PIE world by copying editor world from /Game/Maps/FirstLevel.FirstLevel to /Game/Maps/UEDPIE_0_FirstLevel.FirstLevel (0.008430s)
[2016.07.04-15.42.43:952][639]LogInit: XAudio2 using 'Speakers (Realtek High Definition Audio)' : 2 channels at 48 kHz using 32 bits per sample (channel mask 0x3)
[2016.07.04-15.42.43:960][639]LogInit: FAudioDevice initialized.
[2016.07.04-15.42.43:988][639]LogWorld: Game class is 'GameMode'
[2016.07.04-15.42.43:992][639]LogWorld: Bringing World /Game/Maps/UEDPIE_0_FirstLevel.FirstLevel up for play (max tick rate 0) at 2016.07.05-01.42.43
[2016.07.04-15.42.43:993][639]LogWorld: Bringing up level for play took: 0.003954
[2016.07.04-15.42.43:995][639]PIE: Info Play in editor start time for /Game/Maps/UEDPIE_0_FirstLevel -0.359
[2016.07.04-15.42.43:996][639]LogBlueprintUserMessages: Late PlayInEditor Detection: Level '/Game/Maps/FirstLevel.FirstLevel:PersistentLevel' has LevelScriptBlueprint '/Game/Maps/FirstLevel.FirstLevel:PersistentLevel.FirstLevel' with GeneratedClass '/Game/Maps/FirstLevel.FirstLevel_C' with ClassGeneratedBy '/Game/Maps/FirstLevel.FirstLevel:PersistentLevel.FirstLevel'
[2016.07.04-15.42.44:889][719]LogScript:Warning: Accessed None trying to read property CallFunc_SpawnRandomMeteorite_MeteoriteInstance
	MeteoriteHandler_C /Game/Maps/UEDPIE_0_FirstLevel.FirstLevel:PersistentLevel.MeteoriteHandler_46
	Function /Game/Meteorites/MeteoriteHandler.MeteoriteHandler_C:ExecuteUbergraph_MeteoriteHandler:0083
[2016.07.04-15.42.44:890][719]PIE:Error: Error Blueprint Runtime Error: Accessed None trying to read property CallFunc_SpawnRandomMeteorite_MeteoriteInstance from function: 'ExecuteUbergraph_MeteoriteHandler' from node: Set TargetLocation in graph: EventGraph in object: MeteoriteHandler
[2016.07.04-15.42.44:890][719]LogScript:Warning: Attempted to assign to None
	MeteoriteHandler_C /Game/Maps/UEDPIE_0_FirstLevel.FirstLevel:PersistentLevel.MeteoriteHandler_46
	Function /Game/Meteorites/MeteoriteHandler.MeteoriteHandler_C:ExecuteUbergraph_MeteoriteHandler:0098
[2016.07.04-15.42.44:890][719]PIE:Error: Error Blueprint Runtime Error: Attempted to assign to None from function: 'ExecuteUbergraph_MeteoriteHandler' from node: Set TargetLocation in graph: EventGraph in object: MeteoriteHandler
[2016.07.04-15.42.44:890][719]LogScript:Warning: Accessed None trying to read property CallFunc_SpawnRandomMeteorite_MeteoriteInstance
	MeteoriteHandler_C /Game/Maps/UEDPIE_0_FirstLevel.FirstLevel:PersistentLevel.MeteoriteHandler_46
	Function /Game/Meteorites/MeteoriteHandler.MeteoriteHandler_C:ExecuteUbergraph_MeteoriteHandler:00B6
[2016.07.04-15.42.44:890][719]PIE:Error: Error Blueprint Runtime Error: Accessed None trying to read property CallFunc_SpawnRandomMeteorite_MeteoriteInstance from function: 'ExecuteUbergraph_MeteoriteHandler' from node: Set Speed in graph: EventGraph in object: MeteoriteHandler
[2016.07.04-15.42.44:891][719]LogScript:Warning: Attempted to assign to None
	MeteoriteHandler_C /Game/Maps/UEDPIE_0_FirstLevel.FirstLevel:PersistentLevel.MeteoriteHandler_46
	Function /Game/Meteorites/MeteoriteHandler.MeteoriteHandler_C:ExecuteUbergraph_MeteoriteHandler:00CB
[2016.07.04-15.42.44:891][719]PIE:Error: Error Blueprint Runtime Error: Attempted to assign to None from function: 'ExecuteUbergraph_MeteoriteHandler' from node: Set Speed in graph: EventGraph in object: MeteoriteHandler
[2016.07.04-15.45.03:844][147]LogBlueprintUserMessages: Early EndPlayMap Detection: Level '/Game/Maps/FirstLevel.FirstLevel:PersistentLevel' has LevelScriptBlueprint '/Game/Maps/FirstLevel.FirstLevel:PersistentLevel.FirstLevel' with GeneratedClass '/Game/Maps/FirstLevel.FirstLevel_C' with ClassGeneratedBy '/Game/Maps/FirstLevel.FirstLevel:PersistentLevel.FirstLevel'
[2016.07.04-15.45.03:887][147]LogBlueprintUserMessages: Late EndPlayMap Detection: Level '/Game/Maps/FirstLevel.FirstLevel:PersistentLevel' has LevelScriptBlueprint '/Game/Maps/FirstLevel.FirstLevel:PersistentLevel.FirstLevel' with GeneratedClass '/Game/Maps/FirstLevel.FirstLevel_C' with ClassGeneratedBy '/Game/Maps/FirstLevel.FirstLevel:PersistentLevel.FirstLevel'
[2016.07.04-15.46.27:660][409]BlueprintLog: New page: Compile Projectile
[2016.07.04-15.46.27:776][409]BlueprintEditorCompileResults: Info [1026.08] Compile of Projectile successful! [in 116 ms]
[2016.07.04-15.46.28:250][457]Cmd: OBJ SAVEPACKAGE PACKAGE="/Game/Projectile" FILE="../../../../../../Users/JOSH/Documents/Project_PlanetDefence/Project_PlanetDef/Content/Projectile.uasset" SILENT=true
[2016.07.04-15.46.28:338][457]LogSavePackage: Save=49.32ms
[2016.07.04-15.46.28:338][457]LogSavePackage: Moving '../../../../../../Users/JOSH/Documents/Project_PlanetDefence/Project_PlanetDef/Saved/Projectile479AA349429C91A238DF83ACADD97A7C.tmp' to '../../../../../../Users/JOSH/Documents/Project_PlanetDefence/Project_PlanetDef/Content/Projectile.uasset'
[2016.07.04-15.46.28:343][457]LogSavePackage: Total save time: 91.29ms
[2016.07.04-15.46.28:343][457]LogSavePackage:Display: Finished SavePackage ../../../../../../Users/JOSH/Documents/Project_PlanetDefence/Project_PlanetDef/Content/Projectile.uasset
[2016.07.04-15.46.30:366][634]LogBlueprintUserMessages: Early PlayInEditor Detection: Level '/Game/Maps/FirstLevel.FirstLevel:PersistentLevel' has LevelScriptBlueprint '/Game/Maps/FirstLevel.FirstLevel:PersistentLevel.FirstLevel' with GeneratedClass '/Game/Maps/FirstLevel.FirstLevel_C' with ClassGeneratedBy '/Game/Maps/FirstLevel.FirstLevel:PersistentLevel.FirstLevel'
[2016.07.04-15.46.30:366][634]LogPlayLevel: PlayLevel: No blueprints needed recompiling
[2016.07.04-15.46.30:367][634]PIE: New page: PIE session: FirstLevel (5 Jul 2016 11:46:30 am)
[2016.07.04-15.46.30:367][634]LogPlayLevel: Creating play world package: /Game/Maps/UEDPIE_0_FirstLevel
[2016.07.04-15.46.30:374][634]LogPlayLevel: PIE: StaticDuplicateObject took: (0.006946s)
[2016.07.04-15.46.30:375][634]LogAIModule: Creating AISystem for world FirstLevel
[2016.07.04-15.46.30:375][634]LogPlayLevel: PIE: World Init took: (0.001062s)
[2016.07.04-15.46.30:375][634]LogPlayLevel: PIE: Created PIE world by copying editor world from /Game/Maps/FirstLevel.FirstLevel to /Game/Maps/UEDPIE_0_FirstLevel.FirstLevel (0.008561s)
[2016.07.04-15.46.30:402][634]LogInit: XAudio2 using 'Speakers (Realtek High Definition Audio)' : 2 channels at 48 kHz using 32 bits per sample (channel mask 0x3)
[2016.07.04-15.46.30:409][634]LogInit: FAudioDevice initialized.
[2016.07.04-15.46.30:442][634]LogWorld: Game class is 'GameMode'
[2016.07.04-15.46.30:446][634]LogWorld: Bringing World /Game/Maps/UEDPIE_0_FirstLevel.FirstLevel up for play (max tick rate 0) at 2016.07.05-01.46.30
[2016.07.04-15.46.30:447][634]LogWorld: Bringing up level for play took: 0.003983
[2016.07.04-15.46.30:449][634]PIE: Info Play in editor start time for /Game/Maps/UEDPIE_0_FirstLevel 0.089
[2016.07.04-15.46.30:449][634]LogBlueprintUserMessages: Late PlayInEditor Detection: Level '/Game/Maps/FirstLevel.FirstLevel:PersistentLevel' has LevelScriptBlueprint '/Game/Maps/FirstLevel.FirstLevel:PersistentLevel.FirstLevel' with GeneratedClass '/Game/Maps/FirstLevel.FirstLevel_C' with ClassGeneratedBy '/Game/Maps/FirstLevel.FirstLevel:PersistentLevel.FirstLevel'
[2016.07.04-15.46.31:338][714]LogScript:Warning: Accessed None trying to read property CallFunc_SpawnRandomMeteorite_MeteoriteInstance
	MeteoriteHandler_C /Game/Maps/UEDPIE_0_FirstLevel.FirstLevel:PersistentLevel.MeteoriteHandler_46
	Function /Game/Meteorites/MeteoriteHandler.MeteoriteHandler_C:ExecuteUbergraph_MeteoriteHandler:0083
[2016.07.04-15.46.31:338][714]PIE:Error: Error Blueprint Runtime Error: Accessed None trying to read property CallFunc_SpawnRandomMeteorite_MeteoriteInstance from function: 'ExecuteUbergraph_MeteoriteHandler' from node: Set TargetLocation in graph: EventGraph in object: MeteoriteHandler
[2016.07.04-15.46.31:338][714]LogScript:Warning: Attempted to assign to None
	MeteoriteHandler_C /Game/Maps/UEDPIE_0_FirstLevel.FirstLevel:PersistentLevel.MeteoriteHandler_46
	Function /Game/Meteorites/MeteoriteHandler.MeteoriteHandler_C:ExecuteUbergraph_MeteoriteHandler:0098
[2016.07.04-15.46.31:339][714]PIE:Error: Error Blueprint Runtime Error: Attempted to assign to None from function: 'ExecuteUbergraph_MeteoriteHandler' from node: Set TargetLocation in graph: EventGraph in object: MeteoriteHandler
[2016.07.04-15.46.31:339][714]LogScript:Warning: Accessed None trying to read property CallFunc_SpawnRandomMeteorite_MeteoriteInstance
	MeteoriteHandler_C /Game/Maps/UEDPIE_0_FirstLevel.FirstLevel:PersistentLevel.MeteoriteHandler_46
	Function /Game/Meteorites/MeteoriteHandler.MeteoriteHandler_C:ExecuteUbergraph_MeteoriteHandler:00B6
[2016.07.04-15.46.31:339][714]PIE:Error: Error Blueprint Runtime Error: Accessed None trying to read property CallFunc_SpawnRandomMeteorite_MeteoriteInstance from function: 'ExecuteUbergraph_MeteoriteHandler' from node: Set Speed in graph: EventGraph in object: MeteoriteHandler
[2016.07.04-15.46.31:339][714]LogScript:Warning: Attempted to assign to None
	MeteoriteHandler_C /Game/Maps/UEDPIE_0_FirstLevel.FirstLevel:PersistentLevel.MeteoriteHandler_46
	Function /Game/Meteorites/MeteoriteHandler.MeteoriteHandler_C:ExecuteUbergraph_MeteoriteHandler:00CB
[2016.07.04-15.46.31:339][714]PIE:Error: Error Blueprint Runtime Error: Attempted to assign to None from function: 'ExecuteUbergraph_MeteoriteHandler' from node: Set Speed in graph: EventGraph in object: MeteoriteHandler
[2016.07.04-15.46.32:353][805]LogScript:Warning: Accessed None trying to read property CallFunc_SpawnRandomMeteorite_MeteoriteInstance
	MeteoriteHandler_C /Game/Maps/UEDPIE_0_FirstLevel.FirstLevel:PersistentLevel.MeteoriteHandler_46
	Function /Game/Meteorites/MeteoriteHandler.MeteoriteHandler_C:ExecuteUbergraph_MeteoriteHandler:0083
[2016.07.04-15.46.32:353][805]PIE:Error: Error Blueprint Runtime Error: Accessed None trying to read property CallFunc_SpawnRandomMeteorite_MeteoriteInstance from function: 'ExecuteUbergraph_MeteoriteHandler' from node: Set TargetLocation in graph: EventGraph in object: MeteoriteHandler
[2016.07.04-15.46.32:353][805]LogScript:Warning: Attempted to assign to None
	MeteoriteHandler_C /Game/Maps/UEDPIE_0_FirstLevel.FirstLevel:PersistentLevel.MeteoriteHandler_46
	Function /Game/Meteorites/MeteoriteHandler.MeteoriteHandler_C:ExecuteUbergraph_MeteoriteHandler:0098
[2016.07.04-15.46.32:354][805]PIE:Error: Error Blueprint Runtime Error: Attempted to assign to None from function: 'ExecuteUbergraph_MeteoriteHandler' from node: Set TargetLocation in graph: EventGraph in object: MeteoriteHandler
[2016.07.04-15.46.32:354][805]LogScript:Warning: Accessed None trying to read property CallFunc_SpawnRandomMeteorite_MeteoriteInstance
	MeteoriteHandler_C /Game/Maps/UEDPIE_0_FirstLevel.FirstLevel:PersistentLevel.MeteoriteHandler_46
	Function /Game/Meteorites/MeteoriteHandler.MeteoriteHandler_C:ExecuteUbergraph_MeteoriteHandler:00B6
[2016.07.04-15.46.32:354][805]PIE:Error: Error Blueprint Runtime Error: Accessed None trying to read property CallFunc_SpawnRandomMeteorite_MeteoriteInstance from function: 'ExecuteUbergraph_MeteoriteHandler' from node: Set Speed in graph: EventGraph in object: MeteoriteHandler
[2016.07.04-15.46.32:354][805]LogScript:Warning: Attempted to assign to None
	MeteoriteHandler_C /Game/Maps/UEDPIE_0_FirstLevel.FirstLevel:PersistentLevel.MeteoriteHandler_46
	Function /Game/Meteorites/MeteoriteHandler.MeteoriteHandler_C:ExecuteUbergraph_MeteoriteHandler:00CB
[2016.07.04-15.46.32:354][805]PIE:Error: Error Blueprint Runtime Error: Attempted to assign to None from function: 'ExecuteUbergraph_MeteoriteHandler' from node: Set Speed in graph: EventGraph in object: MeteoriteHandler
[2016.07.04-15.46.33:370][896]LogScript:Warning: Accessed None trying to read property CallFunc_SpawnRandomMeteorite_MeteoriteInstance
	MeteoriteHandler_C /Game/Maps/UEDPIE_0_FirstLevel.FirstLevel:PersistentLevel.MeteoriteHandler_46
	Function /Game/Meteorites/MeteoriteHandler.MeteoriteHandler_C:ExecuteUbergraph_MeteoriteHandler:0083
[2016.07.04-15.46.33:371][896]PIE:Error: Error Blueprint Runtime Error: Accessed None trying to read property CallFunc_SpawnRandomMeteorite_MeteoriteInstance from function: 'ExecuteUbergraph_MeteoriteHandler' from node: Set TargetLocation in graph: EventGraph in object: MeteoriteHandler
[2016.07.04-15.46.33:371][896]PIE:Error: Error Blueprint Runtime Error: Attempted to assign to None from function: 'ExecuteUbergraph_MeteoriteHandler' from node: Set TargetLocation in graph: EventGraph in object: MeteoriteHandler
[2016.07.04-15.46.33:371][896]PIE:Error: Error Blueprint Runtime Error: Accessed None trying to read property CallFunc_SpawnRandomMeteorite_MeteoriteInstance from function: 'ExecuteUbergraph_MeteoriteHandler' from node: Set Speed in graph: EventGraph in object: MeteoriteHandler
[2016.07.04-15.46.33:371][896]PIE:Error: Error Blueprint Runtime Error: Attempted to assign to None from function: 'ExecuteUbergraph_MeteoriteHandler' from node: Set Speed in graph: EventGraph in object: MeteoriteHandler
[2016.07.04-15.46.36:954][215]LogBlueprintUserMessages: Early EndPlayMap Detection: Level '/Game/Maps/FirstLevel.FirstLevel:PersistentLevel' has LevelScriptBlueprint '/Game/Maps/FirstLevel.FirstLevel:PersistentLevel.FirstLevel' with GeneratedClass '/Game/Maps/FirstLevel.FirstLevel_C' with ClassGeneratedBy '/Game/Maps/FirstLevel.FirstLevel:PersistentLevel.FirstLevel'
[2016.07.04-15.46.36:992][215]LogBlueprintUserMessages: Late EndPlayMap Detection: Level '/Game/Maps/FirstLevel.FirstLevel:PersistentLevel' has LevelScriptBlueprint '/Game/Maps/FirstLevel.FirstLevel:PersistentLevel.FirstLevel' with GeneratedClass '/Game/Maps/FirstLevel.FirstLevel_C' with ClassGeneratedBy '/Game/Maps/FirstLevel.FirstLevel:PersistentLevel.FirstLevel'
[2016.07.04-15.47.15:727][756]BlueprintLog: New page: Compile Projectile
[2016.07.04-15.47.15:838][756]BlueprintEditorCompileResults: Info [1074.14] Compile of Projectile successful! [in 110 ms]
[2016.07.04-15.47.16:506][827]Cmd: OBJ SAVEPACKAGE PACKAGE="/Game/Projectile" FILE="../../../../../../Users/JOSH/Documents/Project_PlanetDefence/Project_PlanetDef/Content/Projectile.uasset" SILENT=true
[2016.07.04-15.47.16:572][827]LogSavePackage: Save=47.49ms
[2016.07.04-15.47.16:572][827]LogSavePackage: Moving '../../../../../../Users/JOSH/Documents/Project_PlanetDefence/Project_PlanetDef/Saved/Projectile827AEDBA45A5DB5220610F98D43B1BC7.tmp' to '../../../../../../Users/JOSH/Documents/Project_PlanetDefence/Project_PlanetDef/Content/Projectile.uasset'
[2016.07.04-15.47.16:576][827]LogSavePackage: Total save time: 68.93ms
[2016.07.04-15.47.16:576][827]LogSavePackage:Display: Finished SavePackage ../../../../../../Users/JOSH/Documents/Project_PlanetDefence/Project_PlanetDef/Content/Projectile.uasset
[2016.07.04-15.48.39:103][583]BlueprintLog: New page: Compile Projectile
[2016.07.04-15.48.39:233][583]BlueprintEditorCompileResults: Info [1157.54] Compile of Projectile successful! [in 129 ms]
[2016.07.04-15.48.39:705][630]Cmd: OBJ SAVEPACKAGE PACKAGE="/Game/Projectile" FILE="../../../../../../Users/JOSH/Documents/Project_PlanetDefence/Project_PlanetDef/Content/Projectile.uasset" SILENT=true
[2016.07.04-15.48.39:777][630]LogSavePackage: Save=49.08ms
[2016.07.04-15.48.39:777][630]LogSavePackage: Moving '../../../../../../Users/JOSH/Documents/Project_PlanetDefence/Project_PlanetDef/Saved/Projectile89C9F5F94D3D33792C33748753C31CA8.tmp' to '../../../../../../Users/JOSH/Documents/Project_PlanetDefence/Project_PlanetDef/Content/Projectile.uasset'
[2016.07.04-15.48.39:780][630]LogSavePackage: Total save time: 73.98ms
[2016.07.04-15.48.39:780][630]LogSavePackage:Display: Finished SavePackage ../../../../../../Users/JOSH/Documents/Project_PlanetDefence/Project_PlanetDef/Content/Projectile.uasset
[2016.07.04-15.49.50:936][132]Cmd: OBJ SAVEPACKAGE PACKAGE="/Game/Projectile" FILE="../../../../../../Users/JOSH/Documents/Project_PlanetDefence/Project_PlanetDef/Content/Projectile.uasset" SILENT=true
[2016.07.04-15.49.51:010][132]LogSavePackage: Save=38.32ms
[2016.07.04-15.49.51:010][132]LogSavePackage: Moving '../../../../../../Users/JOSH/Documents/Project_PlanetDefence/Project_PlanetDef/Saved/Projectile20C09E0E4C74CAB9680E05AAEC7865E7.tmp' to '../../../../../../Users/JOSH/Documents/Project_PlanetDefence/Project_PlanetDef/Content/Projectile.uasset'
[2016.07.04-15.49.51:016][132]LogSavePackage: Total save time: 77.72ms
[2016.07.04-15.49.51:016][132]LogSavePackage:Display: Finished SavePackage ../../../../../../Users/JOSH/Documents/Project_PlanetDefence/Project_PlanetDef/Content/Projectile.uasset
[2016.07.04-15.50.05:559][287]LogSavePackage: Save=122.35ms
[2016.07.04-15.50.05:559][287]LogSavePackage: Moving '../../../../../../Users/JOSH/Documents/Project_PlanetDefence/Project_PlanetDef/Saved/FirstLevel64FAF21B40D753FD1EEDFA9CF4D92761.tmp' to '../../../../../../Users/JOSH/Documents/Project_PlanetDefence/Project_PlanetDef/Content/Maps/FirstLevel.umap'
[2016.07.04-15.50.05:563][287]LogSavePackage: Total save time: 148.63ms
[2016.07.04-15.50.05:563][287]LogSavePackage:Display: Finished SavePackage ../../../../../../Users/JOSH/Documents/Project_PlanetDefence/Project_PlanetDef/Content/Maps/FirstLevel.umap
[2016.07.04-15.50.07:220][379]LogActorComponent: UnregisterComponent: (/Engine/Transient.EditorFloorComp) Not registered. Aborting.
[2016.07.04-15.50.07:643][380]Cmd: QUIT_EDITOR
[2016.07.04-15.50.07:889][380]LogExit: Preparing to exit.
[2016.07.04-15.50.08:617][380]LogExit: Editor shut down
[2016.07.04-15.50.08:618][380]LogExit: Transaction tracking system shut down
[2016.07.04-15.50.08:878][380]LogObj: Freed 0b from 0 cluster array pools.
[2016.07.04-15.50.08:878][380]LogExit: Object subsystem successfully closed.
[2016.07.04-15.50.08:893][380]LogD3D11RHI: Shutdown
[2016.07.04-15.50.08:893][380]LogD3D11RHI: CleanupD3DDevice
[2016.07.04-15.50.08:971][380]LogD3D11RHI: ~FD3D11DynamicRHI
[2016.07.04-15.50.09:008][380]LogDerivedDataCache: Shutdown
[2016.07.04-15.50.09:009][380]LogModuleManager: Shutting down and abandoning module SequencerWidgets (208)
[2016.07.04-15.50.09:009][380]LogModuleManager: Shutting down and abandoning module BlueprintGraph (207)
[2016.07.04-15.50.09:009][380]LogModuleManager: Shutting down and abandoning module MovieSceneCapture (206)
[2016.07.04-15.50.09:009][380]LogModuleManager: Shutting down and abandoning module HierarchicalLODOutliner (205)
[2016.07.04-15.50.09:009][380]LogModuleManager: Shutting down and abandoning module CrashTracker (204)
[2016.07.04-15.50.09:009][380]LogModuleManager: Shutting down and abandoning module SceneOutliner (203)
[2016.07.04-15.50.09:026][380]LogModuleManager: Shutting down and abandoning module SuperSearch (202)
[2016.07.04-15.50.09:026][380]LogModuleManager: Shutting down and abandoning module WidgetCarousel (201)
[2016.07.04-15.50.09:026][380]LogModuleManager: Shutting down and abandoning module AddContentDialog (200)
[2016.07.04-15.50.09:037][380]LogModuleManager: Shutting down and abandoning module GameplayTags (199)
[2016.07.04-15.50.09:037][380]LogModuleManager: Shutting down and abandoning module EditorWidgets (198)
[2016.07.04-15.50.09:037][380]LogModuleManager: Shutting down and abandoning module CollectionManager (197)
[2016.07.04-15.50.09:038][380]LogModuleManager: Shutting down and abandoning module StatsViewer (196)
[2016.07.04-15.50.09:038][380]LogModuleManager: Shutting down and abandoning module FoliageEdit (195)
[2016.07.04-15.50.09:038][380]LogModuleManager: Shutting down and abandoning module LandscapeEditor (194)
[2016.07.04-15.50.09:038][380]LogModuleManager: Shutting down and abandoning module ActorPickerMode (193)
[2016.07.04-15.50.09:038][380]LogModuleManager: Shutting down and abandoning module GeometryMode (192)
[2016.07.04-15.50.09:038][380]LogModuleManager: Shutting down and abandoning module TextureAlignMode (191)
[2016.07.04-15.50.09:038][380]LogModuleManager: Shutting down and abandoning module BspMode (190)
[2016.07.04-15.50.09:038][380]LogModuleManager: Shutting down and abandoning module PlacementMode (189)
[2016.07.04-15.50.09:038][380]LogModuleManager: Shutting down and abandoning module AutomationWorker (188)
[2016.07.04-15.50.09:038][380]LogModuleManager: Shutting down and abandoning module CharacterAI (187)
[2016.07.04-15.50.09:038][380]LogModuleManager: Shutting down and abandoning module SmartSnapping (186)
[2016.07.04-15.50.09:038][380]LogModuleManager: Shutting down and abandoning module ViewportSnapping (185)
[2016.07.04-15.50.09:038][380]LogModuleManager: Shutting down and abandoning module LogVisualizer (184)
[2016.07.04-15.50.09:039][380]LogModuleManager: Shutting down and abandoning module GameProjectGeneration (183)
[2016.07.04-15.50.09:039][380]LogModuleManager: Shutting down and abandoning module IntroTutorials (182)
[2016.07.04-15.50.09:039][380]LogModuleManager: Shutting down and abandoning module EditorLiveStreaming (181)
[2016.07.04-15.50.09:039][380]LogModuleManager: Shutting down and abandoning module IOSPlatformEditor (180)
[2016.07.04-15.50.09:039][380]LogModuleManager: Shutting down and abandoning module HTML5PlatformEditor (179)
[2016.07.04-15.50.09:039][380]LogModuleManager: Shutting down and abandoning module AndroidDeviceDetection (178)
[2016.07.04-15.50.09:565][380]LogModuleManager: Shutting down and abandoning module AndroidPlatformEditor (177)
[2016.07.04-15.50.09:565][380]LogModuleManager: Shutting down and abandoning module IOSRuntimeSettings (176)
[2016.07.04-15.50.09:565][380]LogModuleManager: Shutting down and abandoning module AndroidRuntimeSettings (175)
[2016.07.04-15.50.09:565][380]LogModuleManager: Shutting down and abandoning module MergeActors (174)
[2016.07.04-15.50.09:565][380]LogModuleManager: Shutting down and abandoning module SizeMap (173)
[2016.07.04-15.50.09:565][380]LogModuleManager: Shutting down and abandoning module TreeMap (172)
[2016.07.04-15.50.09:565][380]LogModuleManager: Shutting down and abandoning module ReferenceViewer (171)
[2016.07.04-15.50.09:565][380]LogModuleManager: Shutting down and abandoning module LocalizationService (170)
[2016.07.04-15.50.09:565][380]LogModuleManager: Shutting down and abandoning module LocalizationDashboard (169)
[2016.07.04-15.50.09:565][380]LogModuleManager: Shutting down and abandoning module HardwareTargeting (168)
[2016.07.04-15.50.09:565][380]LogModuleManager: Shutting down and abandoning module DeviceProfileEditor (167)
[2016.07.04-15.50.09:566][380]LogModuleManager: Shutting down and abandoning module UndoHistory (166)
[2016.07.04-15.50.09:566][380]LogModuleManager: Shutting down and abandoning module UserFeedback (165)
[2016.07.04-15.50.09:566][380]LogModuleManager: Shutting down and abandoning module XmlParser (164)
[2016.07.04-15.50.09:566][380]LogModuleManager: Shutting down and abandoning module Blutility (163)
[2016.07.04-15.50.09:566][380]LogModuleManager: Shutting down and abandoning module ProjectTargetPlatformEditor (162)
[2016.07.04-15.50.09:566][380]LogModuleManager: Shutting down and abandoning module ProjectSettingsViewer (161)
[2016.07.04-15.50.09:566][380]LogModuleManager: Shutting down and abandoning module InputBindingEditor (160)
[2016.07.04-15.50.09:566][380]LogModuleManager: Shutting down and abandoning module EditorSettingsViewer (159)
[2016.07.04-15.50.09:566][380]LogModuleManager: Shutting down and abandoning module SettingsEditor (158)
[2016.07.04-15.50.09:566][380]LogModuleManager: Shutting down and abandoning module ProjectLauncher (157)
[2016.07.04-15.50.09:566][380]LogModuleManager: Shutting down and abandoning module SessionFrontend (156)
[2016.07.04-15.50.09:566][380]LogModuleManager: Shutting down and abandoning module ProfilerClient (155)
[2016.07.04-15.50.09:566][380]LogModuleManager: Shutting down and abandoning module TargetDeviceServices (154)
[2016.07.04-15.50.09:566][380]LogModuleManager: Shutting down and abandoning module DeviceManager (153)
[2016.07.04-15.50.09:606][380]LogModuleManager: Shutting down and abandoning module AutomationController (152)
[2016.07.04-15.50.09:606][380]LogModuleManager: Shutting down and abandoning module AutomationWindow (151)
[2016.07.04-15.50.09:606][380]LogModuleManager: Shutting down and abandoning module Layers (150)
[2016.07.04-15.50.09:606][380]LogModuleManager: Shutting down and abandoning module ComponentVisualizers (149)
[2016.07.04-15.50.09:606][380]LogModuleManager: Shutting down and abandoning module DetailCustomizations (148)
[2016.07.04-15.50.09:606][380]LogModuleManager: Shutting down and abandoning module PackagesDialog (147)
[2016.07.04-15.50.09:606][380]LogModuleManager: Shutting down and abandoning module Persona (146)
[2016.07.04-15.50.09:606][380]LogModuleManager: Shutting down and abandoning module Kismet (145)
[2016.07.04-15.50.09:606][380]LogModuleManager: Shutting down and abandoning module GraphEditor (144)
[2016.07.04-15.50.09:606][380]LogModuleManager: Shutting down and abandoning module ClassViewer (143)
[2016.07.04-15.50.09:606][380]LogModuleManager: Shutting down and abandoning module Toolbox (142)
[2016.07.04-15.50.09:606][380]LogModuleManager: Shutting down and abandoning module ModuleUI (141)
[2016.07.04-15.50.09:606][380]LogModuleManager: Shutting down and abandoning module MovieSceneTools (140)
[2016.07.04-15.50.09:606][380]LogModuleManager: Shutting down and abandoning module OutputLog (139)
[2016.07.04-15.50.09:606][380]LogModuleManager: Shutting down and abandoning module GammaUI (138)
[2016.07.04-15.50.09:606][380]LogModuleManager: Shutting down and abandoning module Documentation (137)
[2016.07.04-15.50.09:606][380]LogModuleManager: Shutting down and abandoning module StreamingPauseRendering (136)
[2016.07.04-15.50.09:606][380]LogModuleManager: Shutting down and abandoning module AnalyticsET (135)
[2016.07.04-15.50.09:606][380]LogModuleManager: Shutting down and abandoning module Analytics (134)
[2016.07.04-15.50.09:607][380]LogModuleManager: Shutting down and abandoning module PortalServices (133)
[2016.07.04-15.50.09:607][380]LogModuleManager: Shutting down and abandoning module PortalRpc (132)
[2016.07.04-15.50.09:607][380]LogModuleManager: Shutting down and abandoning module MessagingRpc (131)
[2016.07.04-15.50.09:607][380]LogModuleManager: Shutting down and abandoning module AITestSuite (130)
[2016.07.04-15.50.09:607][380]LogModuleManager: Shutting down and abandoning module GameplayDebugger (129)
[2016.07.04-15.50.09:607][380]LogModuleManager: Shutting down and abandoning module AIModule (128)
[2016.07.04-15.50.09:607][380]LogModuleManager: Shutting down and abandoning module ProfilerService (127)
[2016.07.04-15.50.09:831][380]LogModuleManager: Shutting down and abandoning module TaskGraph (126)
[2016.07.04-15.50.09:831][380]LogModuleManager: Shutting down and abandoning module SlateRemote (125)
[2016.07.04-15.50.09:831][380]LogModuleManager: Shutting down and abandoning module SteamVRController (124)
[2016.07.04-15.50.09:831][380]LogModuleManager: Shutting down and abandoning module SteamVR (123)
[2016.07.04-15.50.09:831][380]LogModuleManager: Shutting down and abandoning module ProceduralMeshComponent (122)
[2016.07.04-15.50.09:831][380]LogModuleManager: Shutting down and abandoning module OculusLibrary (121)
[2016.07.04-15.50.09:831][380]LogModuleManager: Shutting down and abandoning module OculusInput (120)
[2016.07.04-15.50.09:831][380]LogModuleManager: Shutting down and abandoning module CustomMeshComponent (119)
[2016.07.04-15.50.09:831][380]LogModuleManager: Shutting down and abandoning module CableComponent (118)
[2016.07.04-15.50.09:831][380]LogModuleManager: Shutting down and abandoning module ArchVisCharacter (117)
[2016.07.04-15.50.09:831][380]LogModuleManager: Shutting down and abandoning module MediaPlayerEditor (116)
[2016.07.04-15.50.09:831][380]LogModuleManager: Shutting down and abandoning module HTML5Networking (115)
[2016.07.04-15.50.09:831][380]LogModuleManager: Shutting down and abandoning module SpeedTreeImporter (114)
[2016.07.04-15.50.09:832][380]LogModuleManager: Shutting down and abandoning module PluginBrowser (113)
[2016.07.04-15.50.09:832][380]LogModuleManager: Shutting down and abandoning module EpicSurvey (112)
[2016.07.04-15.50.09:832][380]LogModuleManager: Shutting down and abandoning module DesktopPlatform (111)
[2016.07.04-15.50.09:832][380]LogModuleManager: Shutting down and abandoning module VisualStudioSourceCodeAccess (110)
[2016.07.04-15.50.09:832][380]LogModuleManager: Shutting down and abandoning module UObjectPlugin (109)
[2016.07.04-15.50.09:832][380]LogModuleManager: Shutting down and abandoning module SubversionSourceControl (108)
[2016.07.04-15.50.09:832][380]LogModuleManager: Shutting down and abandoning module PerforceSourceControl (107)
[2016.07.04-15.50.09:832][380]LogModuleManager: Shutting down and abandoning module SourceControl (106)
[2016.07.04-15.50.09:832][380]LogModuleManager: Shutting down and abandoning module GitSourceControl (105)
[2016.07.04-15.50.09:832][380]LogModuleManager: Shutting down and abandoning module LightPropagationVolumeEditor (104)
[2016.07.04-15.50.09:832][380]LogModuleManager: Shutting down and abandoning module PaperTiledImporter (103)
[2016.07.04-15.50.09:832][380]LogModuleManager: Shutting down and abandoning module PaperSpriteSheetImporter (102)
[2016.07.04-15.50.09:832][380]LogModuleManager: Shutting down and abandoning module MeshPaint (101)
[2016.07.04-15.50.09:832][380]LogModuleManager: Shutting down and abandoning module HotReload (100)
[2016.07.04-15.50.09:833][380]LogModuleManager: Shutting down and abandoning module MainFrame (99)
[2016.07.04-15.50.09:833][380]LogModuleManager: Shutting down and abandoning module LevelEditor (98)
[2016.07.04-15.50.09:834][380]LogModuleManager: Shutting down and abandoning module DirectoryWatcher (97)
[2016.07.04-15.50.09:836][380]LogModuleManager: Shutting down and abandoning module AssetRegistry (96)
[2016.07.04-15.50.10:065][380]LogModuleManager: Shutting down and abandoning module ContentBrowser (95)
[2016.07.04-15.50.10:066][380]LogModuleManager: Shutting down and abandoning module Paper2DEditor (94)
[2016.07.04-15.50.10:066][380]LogModuleManager: Shutting down and abandoning module Project_PlanetDef (93)
[2016.07.04-15.50.10:066][380]LogModuleManager: Shutting down and abandoning module UdpMessaging (92)
[2016.07.04-15.50.10:166][380]LogModuleManager: Shutting down and abandoning module LightPropagationVolumeRuntime (91)
[2016.07.04-15.50.10:166][380]LogModuleManager: Shutting down and abandoning module Paper2D (90)
[2016.07.04-15.50.10:166][380]LogModuleManager: Shutting down and abandoning module WindowsMoviePlayer (89)
[2016.07.04-15.50.10:166][380]LogModuleManager: Shutting down and abandoning module Media (88)
[2016.07.04-15.50.10:166][380]LogModuleManager: Shutting down and abandoning module WmfMedia (87)
[2016.07.04-15.50.10:166][380]LogModuleManager: Shutting down and abandoning module MediaAssets (86)
[2016.07.04-15.50.10:166][380]LogModuleManager: Shutting down and abandoning module GameLiveStreaming (85)
[2016.07.04-15.50.10:166][380]LogModuleManager: Shutting down and abandoning module GameplayTagsEditor (84)
[2016.07.04-15.50.10:167][380]LogModuleManager: Shutting down and abandoning module OnlineBlueprintSupport (83)
[2016.07.04-15.50.10:167][380]LogModuleManager: Shutting down and abandoning module GameplayTasksEditor (82)
[2016.07.04-15.50.10:167][380]LogModuleManager: Shutting down and abandoning module PropertyEditor (81)
[2016.07.04-15.50.10:182][380]LogModuleManager: Shutting down and abandoning module BehaviorTreeEditor (80)
[2016.07.04-15.50.10:182][380]LogModuleManager: Shutting down and abandoning module FunctionalTesting (79)
[2016.07.04-15.50.10:182][380]LogModuleManager: Shutting down and abandoning module CollisionAnalyzer (78)
[2016.07.04-15.50.10:182][380]LogModuleManager: Shutting down and abandoning module WorkspaceMenuStructure (77)
[2016.07.04-15.50.10:182][380]LogModuleManager: Shutting down and abandoning module MessageLog (76)
[2016.07.04-15.50.10:182][380]LogModuleManager: Shutting down and abandoning module Sequencer (75)
[2016.07.04-15.50.10:182][380]LogModuleManager: Shutting down and abandoning module AssetTools (74)
[2016.07.04-15.50.10:182][380]LogModuleManager: Shutting down and abandoning module UMGEditor (73)
[2016.07.04-15.50.10:182][380]LogModuleManager: Shutting down and abandoning module UMG (72)
[2016.07.04-15.50.10:182][380]LogModuleManager: Shutting down and abandoning module SlateReflector (71)
[2016.07.04-15.50.10:182][380]LogModuleManager: Shutting down and abandoning module Slate (70)
[2016.07.04-15.50.10:182][380]LogModuleManager: Shutting down and abandoning module EditorStyle (69)
[2016.07.04-15.50.10:187][380]LogModuleManager: Shutting down and abandoning module SessionServices (68)
[2016.07.04-15.50.10:187][380]LogModuleManager: Shutting down and abandoning module SourceCodeAccess (67)
[2016.07.04-15.50.10:187][380]LogModuleManager: Shutting down and abandoning module HeadMountedDisplay (66)
[2016.07.04-15.50.10:187][380]LogModuleManager: Shutting down and abandoning module XAudio2 (65)
[2016.07.04-15.50.10:187][380]LogModuleManager: Shutting down and abandoning module Networking (63)
[2016.07.04-15.50.10:187][380]LogModuleManager: Shutting down and abandoning module Core (62)
[2016.07.04-15.50.10:187][380]LogModuleManager: Shutting down and abandoning module KismetCompiler (61)
[2016.07.04-15.50.10:187][380]LogModuleManager: Shutting down and abandoning module PhysXFormats (60)
[2016.07.04-15.50.10:187][380]LogModuleManager: Shutting down and abandoning module MeshUtilities (59)
[2016.07.04-15.50.10:187][380]LogModuleManager: Shutting down and abandoning module CookingStats (58)
[2016.07.04-15.50.10:187][380]LogModuleManager: Shutting down and abandoning module DerivedDataCache (57)
[2016.07.04-15.50.10:187][380]LogDerivedDataCache: Shutdown
[2016.07.04-15.50.10:187][380]LogModuleManager: Shutting down and abandoning module ShaderFormatOpenGL (56)
[2016.07.04-15.50.10:187][380]LogModuleManager: Shutting down and abandoning module ShaderFormatD3D (55)
[2016.07.04-15.50.10:187][380]LogModuleManager: Shutting down and abandoning module MetalShaderFormat (54)
[2016.07.04-15.50.10:188][380]LogModuleManager: Shutting down and abandoning module TextureFormatUncompressed (53)
[2016.07.04-15.50.10:188][380]LogModuleManager: Shutting down and abandoning module TextureFormatPVR (52)
[2016.07.04-15.50.10:188][380]LogModuleManager: Shutting down and abandoning module TextureFormatIntelISPCTexComp (51)
[2016.07.04-15.50.10:188][380]LogModuleManager: Shutting down and abandoning module TextureFormatDXT (50)
[2016.07.04-15.50.10:188][380]LogModuleManager: Shutting down and abandoning module ImageWrapper (49)
[2016.07.04-15.50.10:188][380]LogModuleManager: Shutting down and abandoning module TextureFormatASTC (48)
[2016.07.04-15.50.10:188][380]LogModuleManager: Shutting down and abandoning module TextureFormatAndroid (47)
[2016.07.04-15.50.10:188][380]LogModuleManager: Shutting down and abandoning module AudioFormatOpus (46)
[2016.07.04-15.50.10:188][380]LogModuleManager: Shutting down and abandoning module AudioFormatOgg (45)
[2016.07.04-15.50.10:188][380]LogModuleManager: Shutting down and abandoning module AudioFormatADPCM (44)
[2016.07.04-15.50.10:188][380]LogModuleManager: Shutting down and abandoning module LinuxTargetPlatform (43)
[2016.07.04-15.50.10:188][380]LogModuleManager: Shutting down and abandoning module LinuxServerTargetPlatform (42)
[2016.07.04-15.50.10:188][380]LogModuleManager: Shutting down and abandoning module LinuxNoEditorTargetPlatform (41)
[2016.07.04-15.50.10:188][380]LogModuleManager: Shutting down and abandoning module TVOSTargetPlatform (40)
[2016.07.04-15.50.10:188][380]LogModuleManager: Shutting down and abandoning module Messaging (39)
[2016.07.04-15.50.10:188][380]LogModuleManager: Shutting down and abandoning module IOSTargetPlatform (38)
[2016.07.04-15.50.10:188][380]LogModuleManager: Shutting down and abandoning module HTML5TargetPlatform (37)
[2016.07.04-15.50.10:188][380]LogModuleManager: Shutting down and abandoning module Android_PVRTCTargetPlatform (36)
[2016.07.04-15.50.10:188][380]LogModuleManager: Shutting down and abandoning module Android_MultiTargetPlatform (35)
[2016.07.04-15.50.10:188][380]LogModuleManager: Shutting down and abandoning module Android_ETC2TargetPlatform (34)
[2016.07.04-15.50.10:188][380]LogModuleManager: Shutting down and abandoning module Android_ETC1TargetPlatform (33)
[2016.07.04-15.50.10:188][380]LogModuleManager: Shutting down and abandoning module Android_DXTTargetPlatform (32)
[2016.07.04-15.50.10:188][380]LogModuleManager: Shutting down and abandoning module Android_ATCTargetPlatform (31)
[2016.07.04-15.50.10:188][380]LogModuleManager: Shutting down and abandoning module Android_ASTCTargetPlatform (30)
[2016.07.04-15.50.10:188][380]LogModuleManager: Shutting down and abandoning module AndroidTargetPlatform (29)
[2016.07.04-15.50.10:188][380]LogModuleManager: Shutting down and abandoning module WindowsTargetPlatform (28)
[2016.07.04-15.50.10:188][380]LogModuleManager: Shutting down and abandoning module WindowsServerTargetPlatform (27)
[2016.07.04-15.50.10:188][380]LogModuleManager: Shutting down and abandoning module WindowsNoEditorTargetPlatform (26)
[2016.07.04-15.50.10:188][380]LogModuleManager: Shutting down and abandoning module WindowsClientTargetPlatform (25)
[2016.07.04-15.50.10:188][380]LogModuleManager: Shutting down and abandoning module AllDesktopTargetPlatform (24)
[2016.07.04-15.50.10:188][380]LogModuleManager: Shutting down and abandoning module TargetPlatform (23)
[2016.07.04-15.50.10:188][380]LogModuleManager: Shutting down and abandoning module InputCore (22)
[2016.07.04-15.50.10:188][380]LogModuleManager: Shutting down and abandoning module Settings (21)
[2016.07.04-15.50.10:188][380]LogModuleManager: Shutting down and abandoning module OnlineSubsystem (19)
[2016.07.04-15.50.10:188][380]LogModuleManager: Shutting down and abandoning module HTTP (18)
[2016.07.04-15.50.11:189][380]LogModuleManager: Shutting down and abandoning module XMPP (17)
[2016.07.04-15.50.11:189][380]LogModuleManager: Shutting down and abandoning module OculusRift (16)
[2016.07.04-15.50.11:189][380]LogModuleManager: Shutting down and abandoning module ExampleDeviceProfileSelector (15)
[2016.07.04-15.50.11:189][380]LogModuleManager: Shutting down and abandoning module TextureCompressor (14)
[2016.07.04-15.50.11:189][380]LogModuleManager: Shutting down and abandoning module ShaderCore (13)
[2016.07.04-15.50.11:189][380]LogModuleManager: Shutting down and abandoning module Landscape (12)
[2016.07.04-15.50.11:189][380]LogModuleManager: Shutting down and abandoning module SlateRHIRenderer (11)
[2016.07.04-15.50.11:194][380]LogModuleManager: Shutting down and abandoning module OpenGLDrv (10)
[2016.07.04-15.50.11:194][380]LogModuleManager: Shutting down and abandoning module D3D11RHI (9)
[2016.07.04-15.50.11:194][380]LogModuleManager: Shutting down and abandoning module AnimGraphRuntime (8)
[2016.07.04-15.50.11:194][380]LogModuleManager: Shutting down and abandoning module Renderer (7)
[2016.07.04-15.50.11:194][380]LogModuleManager: Shutting down and abandoning module Engine (6)
[2016.07.04-15.50.11:194][380]LogModuleManager: Shutting down and abandoning module CoreUObject (5)
[2016.07.04-15.50.11:194][380]LogModuleManager: Shutting down and abandoning module NetworkFile (4)
[2016.07.04-15.50.11:194][380]LogModuleManager: Shutting down and abandoning module StreamingFile (3)
[2016.07.04-15.50.11:194][380]LogModuleManager: Shutting down and abandoning module SandboxFile (2)
[2016.07.04-15.50.11:194][380]LogModuleManager: Shutting down and abandoning module PakFile (1)
[2016.07.04-15.50.11:196][380]LogExit: Exiting.
[2016.07.04-15.50.11:232][380]Log file closed, 07/05/16 01:50:11
