Log file open, 08/24/16 10:12:05
LogInit:Display: Running engine for game: Project_PlanetDef
LogPlatformFile: Not using cached read wrapper
LogInit:Display: RandInit(1095960697) SRandInit(1095960698).
LogTaskGraph: Started task graph with 4 named threads and 7 total threads.
LogStats: Stats thread started at 0.117842
LogHMD: Can't find Oculus library dev build: is proper Runtime installed? Version: 1.3.0
LogInit: Version: 4.11.2-2946394+++UE4+Release-4.11
LogInit: API Version: 2927265
LogInit: Compiled (64-bit): Apr 18 2016 02:18:46
LogInit: Compiled with Visual C++: 19.00.23026.00
LogInit: Build Configuration: Development
LogInit: Branch Name: ++UE4+Release-4.11
LogInit: Command line:  
LogInit: Base directory: C:/Program Files/Epic Games/4.11/Engine/Binaries/Win64/
LogInit: Installed Engine Build: 1
LogInit: Using libcurl 7.41.0
LogInit:  - built for x86_64-pc-win32
LogInit:  - supports SSL with WinSSL
LogInit:  - other features:
LogInit:      CURL_VERSION_SSL
LogInit:      CURL_VERSION_IPV6
LogInit:      CURL_VERSION_ASYNCHDNS
LogInit:      CURL_VERSION_LARGEFILE
LogInit:      CURL_VERSION_IDN
LogInit:  CurlRequestOptions (configurable via config and command line):
LogInit:  - bVerifyPeer = true  - Libcurl will verify peer certificate
LogInit:  - bUseHttpProxy = false  - Libcurl will NOT use HTTP proxy
LogInit:  - bDontReuseConnections = false  - Libcurl will reuse connections
LogInit:  - CertBundlePath = nullptr  - Libcurl will use whatever was configured at build time.
LogInit: Presizing for max 16777216 objects, including 0 objects not considered by GC, pre-allocating 0 bytes for permanent pool.
LogInit: Object subsystem initialized
[2016.08.24-00.12.05:529][  0]LogInit: Selected Device Profile: [Windows]
[2016.08.24-00.12.05:529][  0]LogInit: Applying CVar settings loaded from the selected device profile: [Windows]
[2016.08.24-00.12.05:539][  0]LogInit: Computer: S-805-11-1918-W
[2016.08.24-00.12.05:539][  0]LogInit: User: vcrittle
[2016.08.24-00.12.05:539][  0]LogInit: CPU Page size=65536, Cores=4
[2016.08.24-00.12.05:539][  0]LogInit: High frequency timer resolution =3.897314 MHz
[2016.08.24-00.12.05:539][  0]LogMemory: Memory total: Physical=15.9GB (16GB approx)
[2016.08.24-00.12.05:539][  0]LogMemory: Platform Memory Stats for Windows
[2016.08.24-00.12.05:539][  0]LogMemory: Process Physical Memory: 316.98 MB used, 316.98 MB peak
[2016.08.24-00.12.05:539][  0]LogMemory: Process Virtual Memory: 317.76 MB used, 317.76 MB peak
[2016.08.24-00.12.05:539][  0]LogMemory: Physical Memory: 6092.62 MB used, 16324.61 MB total
[2016.08.24-00.12.05:539][  0]LogMemory: Virtual Memory: 623.21 MB used, 8388608.00 MB total
[2016.08.24-00.12.05:775][  0]LogTextLocalizationManager: No specific translations for ('en-AU') exist, so ('en') translations will be used.
[2016.08.24-00.12.06:101][  0]LogD3D11RHI: D3D11 adapters:
[2016.08.24-00.12.06:108][  0]LogD3D11RHI:    0. 'AMD RADEON R9 M295X' (Feature Level 11_0)
[2016.08.24-00.12.06:108][  0]LogD3D11RHI:       4074MB of dedicated video memory, 0MB of dedicated system memory, and 3840MB of shared system memory, 1 output[s]
[2016.08.24-00.12.06:108][  0]LogD3D11RHI: Chosen D3D11 Adapter: 0
[2016.08.24-00.12.06:111][  0]LogD3D11RHI: Creating new Direct3DDevice
[2016.08.24-00.12.06:111][  0]LogD3D11RHI:     Adapter Name: AMD RADEON R9 M295X
[2016.08.24-00.12.06:111][  0]LogD3D11RHI:   Driver Version: Unknown (internal Unknown)
[2016.08.24-00.12.06:111][  0]LogD3D11RHI:      Driver Date: Unknown
[2016.08.24-00.12.06:111][  0]LogRHI: Texture pool is 1361 MB (70% of 1945 MB)
[2016.08.24-00.12.06:114][  0]LogD3D11RHI: Async texture creation disabled: no driver support
[2016.08.24-00.12.06:125][  0]LogShaderCompilers: Guid format shader working directory is -21 characters bigger than the processId version (../../../../../../Users/vcrittle/Downloads/oyoyoyoyo/Project_PlanetDef/Intermediate/Shaders/WorkingDirectory/7276/).
[2016.08.24-00.12.06:125][  0]LogShaderCompilers: Cleaned the shader compiler working directory 'C:/Users/vcrittle/AppData/Local/Temp/UnrealShaderWorkingDir/E99CD9FF48D83A4A8A7B93972E9D69F3/'.
[2016.08.24-00.12.06:125][  0]LogShaderCompilers:Display: Using Local Shader Compiler.
[2016.08.24-00.12.07:411][  0]LogTemp:Display: Loaded TP AllDesktopTargetPlatform
[2016.08.24-00.12.07:415][  0]LogTemp:Display: Loaded TP WindowsClientTargetPlatform
[2016.08.24-00.12.07:418][  0]LogTemp:Display: Loaded TP WindowsNoEditorTargetPlatform
[2016.08.24-00.12.07:421][  0]LogTemp:Display: Loaded TP WindowsServerTargetPlatform
[2016.08.24-00.12.07:424][  0]LogTemp:Display: Loaded TP WindowsTargetPlatform
[2016.08.24-00.12.07:428][  0]LogTemp:Display: Loaded TP AndroidTargetPlatform
[2016.08.24-00.12.07:430][  0]LogTemp:Display: Loaded TP Android_ASTCTargetPlatform
[2016.08.24-00.12.07:432][  0]LogTemp:Display: Loaded TP Android_ATCTargetPlatform
[2016.08.24-00.12.07:434][  0]LogTemp:Display: Loaded TP Android_DXTTargetPlatform
[2016.08.24-00.12.07:436][  0]LogTemp:Display: Loaded TP Android_ETC1TargetPlatform
[2016.08.24-00.12.07:439][  0]LogTemp:Display: Loaded TP Android_ETC2TargetPlatform
[2016.08.24-00.12.07:443][  0]LogTemp:Display: Loaded TP Android_MultiTargetPlatform
[2016.08.24-00.12.07:443][  0]LogTemp:Display: Loaded TP Android_PVRTCTargetPlatform
[2016.08.24-00.12.07:444][  0]LogTemp:Display: Loaded TP HTML5TargetPlatform
[2016.08.24-00.12.07:470][  0]LogTemp:Display: Loaded TP IOSTargetPlatform
[2016.08.24-00.12.07:472][  0]LogTemp:Display: Loaded TP TVOSTargetPlatform
[2016.08.24-00.12.07:474][  0]LogTemp:Display: Loaded TP LinuxNoEditorTargetPlatform
[2016.08.24-00.12.07:476][  0]LogTemp:Display: Loaded TP LinuxServerTargetPlatform
[2016.08.24-00.12.07:479][  0]LogTemp:Display: Loaded TP LinuxTargetPlatform
[2016.08.24-00.12.07:479][  0]LogTargetPlatformManager:Display: Building Assets For Windows
[2016.08.24-00.12.07:929][  0]LogDerivedDataCache:Display: Max Cache Size: 512 MB
[2016.08.24-00.12.07:967][  0]LogDerivedDataCache: Loaded boot cache 0.04s 46MB C:/Users/vcrittle/AppData/Local/UnrealEngine/4.11/DerivedDataCache/Boot.ddc.
[2016.08.24-00.12.07:967][  0]LogDerivedDataCache:Display: Loaded Boot cache: C:/Users/vcrittle/AppData/Local/UnrealEngine/4.11/DerivedDataCache/Boot.ddc
[2016.08.24-00.12.07:968][  0]LogDerivedDataCache: FDerivedDataBackendGraph:  Pak pak cache file ../../../../../../Users/vcrittle/Downloads/oyoyoyoyo/Project_PlanetDef/DerivedDataCache/DDC.ddp not found, will not use a pak cache.
[2016.08.24-00.12.07:968][  0]LogDerivedDataCache: Unable to find inner node Pak for hierarchical cache Hierarchy.
[2016.08.24-00.12.07:968][  0]LogDerivedDataCache: FDerivedDataBackendGraph:  CompressedPak pak cache file ../../../../../../Users/vcrittle/Downloads/oyoyoyoyo/Project_PlanetDef/DerivedDataCache/Compressed.ddp not found, will not use a pak cache.
[2016.08.24-00.12.07:968][  0]LogDerivedDataCache: Unable to find inner node CompressedPak for hierarchical cache Hierarchy.
[2016.08.24-00.12.07:977][  0]LogDerivedDataCache:Display: Pak cache opened for reading ../../../Engine/DerivedDataCache/Compressed.ddp.
[2016.08.24-00.12.07:989][  0]LogDerivedDataCache: Using Local data cache path C:/Users/vcrittle/AppData/Local/UnrealEngine/Common/DerivedDataCache: Writable
[2016.08.24-00.12.09:446][  0]LogInit: Selected Device Profile: [Windows]
[2016.08.24-00.12.09:447][  0]LogContentStreaming: Texture pool size is 0.00 MB
[2016.08.24-00.12.09:466][  0]LogMaterial: Uniform references updated for custom material expression Custom.
[2016.08.24-00.12.09:569][  0]LogMeshUtilities: No automatic mesh reduction module available
[2016.08.24-00.12.09:569][  0]LogMeshUtilities: No automatic mesh merging module available
[2016.08.24-00.12.09:569][  0]LogMeshUtilities: No distributed automatic mesh merging module available
[2016.08.24-00.12.09:773][  0]LogUObjectArray: 27679 objects as part of root set at end of initial load.
[2016.08.24-00.12.09:773][  0]LogUObjectAllocator: 5591592 out of 0 bytes used by permanent object pool.
[2016.08.24-00.12.09:773][  0]LogUObjectArray: CloseDisregardForGC: 0/0 objects in disregard for GC pool
[2016.08.24-00.12.09:779][  0]LogInit: WinSock: version 1.1 (2.2), MaxSocks=32767, MaxUdp=65467
[2016.08.24-00.12.10:177][  0]LogSlate: SlateFontCache - WITH_FREETYPE: 1, WITH_HARFBUZZ: 1
[2016.08.24-00.12.10:177][  0]LogSlate: SlateFontCache - WITH_FREETYPE: 1, WITH_HARFBUZZ: 1
[2016.08.24-00.12.10:244][  0]LogStreaming:Warning: Failed to read file '../../../Engine/Content/Editor/Slate/Common/Selection_16x.png' error.
[2016.08.24-00.12.10:244][  0]LogSlate: Could not find file for Slate resource: ../../../Engine/Content/Editor/Slate/Common/Selection_16x.png
[2016.08.24-00.12.10:244][  0]LogStreaming:Warning: Failed to read file '../../../Engine/Content/Editor/Slate/Common/Selection_16x.png' error.
[2016.08.24-00.12.10:244][  0]LogSlate: Could not find file for Slate resource: ../../../Engine/Content/Editor/Slate/Common/Selection_16x.png
[2016.08.24-00.12.10:244][  0]LogStreaming:Warning: Failed to read file '../../../Engine/Content/Editor/Slate/Common/Selection_16x.png' error.
[2016.08.24-00.12.10:244][  0]LogSlate: Could not find file for Slate resource: ../../../Engine/Content/Editor/Slate/Common/Selection_16x.png
[2016.08.24-00.12.10:644][  0]LogUdpMessaging: Initializing bridge on interface 0.0.0.0:0 to multicast group 230.0.0.1:6666.
[2016.08.24-00.12.10:760][  0]LogAssetRegistry: FAssetRegistry took 0.0196 seconds to start up
[2016.08.24-00.12.10:885][  0]SourceControl: Info Source control is disabled
[2016.08.24-00.12.11:317][  0]SourceControl: Info Source control is disabled
[2016.08.24-00.12.11:323][  0]SourceControl: Info Source control is disabled
[2016.08.24-00.12.11:328][  0]SourceControl: Info Source control is disabled
[2016.08.24-00.12.11:405][  0]LogHMD: Failed to initialize OpenVR with code 110
[2016.08.24-00.12.11:457][  0]LogEngine: Initializing Engine...
[2016.08.24-00.12.11:555][  0]LogAIModule: Creating AISystem for world NewWorld
[2016.08.24-00.12.11:583][  0]LogInit: XAudio2 using 'Speakers (Cirrus Logic CS4206B (AB 122))' : 2 channels at 48 kHz using 32 bits per sample (channel mask 0x3)
[2016.08.24-00.12.11:633][  0]LogInit: FAudioDevice initialized.
[2016.08.24-00.12.11:656][  0]LogDerivedDataCache: Saved boot cache 0.02s 46MB C:/Users/vcrittle/AppData/Local/UnrealEngine/4.11/DerivedDataCache/Boot.ddc.
[2016.08.24-00.12.11:659][  0]LogInit: Texture streaming: Enabled
[2016.08.24-00.12.11:777][  0]LogInit: Transaction tracking system initialized
[2016.08.24-00.12.11:799][  0]BlueprintLog: New page: Editor Load
[2016.08.24-00.12.11:858][  0]LocalizationService: Info Localization service is disabled
[2016.08.24-00.12.11:908][  0]LogConsoleResponse:Display: 
[2016.08.24-00.12.11:983][  0]LogCook:Display: Max memory allowance for cook 8192mb
[2016.08.24-00.12.11:983][  0]LogCook:Display: Mobile HDR setting 1
[2016.08.24-00.12.11:983][  0]LogCook:Display: Done creating registry. It took  0.00s.
[2016.08.24-00.12.12:020][  0]LogFileCache: Scanning file cache for directory 'C:/Users/vcrittle/Downloads/oyoyoyoyo/Project_PlanetDef/Content/' took 0.01s
[2016.08.24-00.12.12:020][  0]SourceControl: Info Source control is disabled
[2016.08.24-00.12.12:020][  0]Cmd: MAP LOAD FILE="../../../../../../Users/vcrittle/Downloads/oyoyoyoyo/Project_PlanetDef/Content/Maps/FirstLevel.umap" TEMPLATE=0 SHOWPROGRESS=1 FEATURELEVEL=3
[2016.08.24-00.12.12:020][  0]LightingResults: New page: Lighting Build
[2016.08.24-00.12.12:022][  0]MapCheck: New page: Map Check
[2016.08.24-00.12.12:022][  0]LightingResults: New page: Lighting Build
[2016.08.24-00.12.13:371][  0]LogAIModule: Creating AISystem for world FirstLevel
[2016.08.24-00.12.13:373][  0]LogMaterial:Warning: Material /Engine/EditorMaterials/WidgetGridVertexColorMaterial_Ma.WidgetGridVertexColorMaterial_Ma needed to have new flag set bUsedWithStaticLighting !
[2016.08.24-00.12.13:397][  0]LogMaterial: Missing cached shader map for material WidgetGridVertexColorMaterial_Ma, compiling. 
[2016.08.24-00.12.13:405][  0]MapCheck:Warning: Warning WidgetGridVertexColorMaterial_Ma Material /Engine/EditorMaterials/WidgetGridVertexColorMaterial_Ma.WidgetGridVertexColorMaterial_Ma was missing the usage flag bUsedWithStaticLighting. If the material asset is not re-saved, it may not render correctly when run outside the editor. Fix
[2016.08.24-00.12.13:406][  0]LogMaterial: 0.00 seconds spent updating 1 materials, 1 interfaces, 0 instances, 0 with static permutations.
[2016.08.24-00.12.13:424][  0]LogEditorServer: Finished looking for orphan Actors (0.000 secs)
[2016.08.24-00.12.13:425][  0]Cmd: MAP CHECKDEP NOCLEARLOG
[2016.08.24-00.12.13:479][  0]MapCheck: Info Map check complete: 0 Error(s), 1 Warning(s), took 54.723ms to complete.
[2016.08.24-00.12.13:487][  0]LogFileHelpers: Loading map 'FirstLevel' took 1.467
[2016.08.24-00.12.13:591][  0]LogCollectionManager: Loaded 0 collections in 0.002687 seconds
[2016.08.24-00.12.13:628][  0]LogFileCache: Scanning file cache for directory 'C:/Users/vcrittle/Downloads/oyoyoyoyo/Project_PlanetDef/Saved/Collections/' took 0.01s
[2016.08.24-00.12.13:628][  0]LogFileCache: Scanning file cache for directory 'C:/Users/vcrittle/Downloads/oyoyoyoyo/Project_PlanetDef/Content/Developers/vcrittle/Collections/' took 0.01s
[2016.08.24-00.12.13:628][  0]LogFileCache: Scanning file cache for directory 'C:/Users/vcrittle/Downloads/oyoyoyoyo/Project_PlanetDef/Content/Collections/' took 0.01s
[2016.08.24-00.12.13:628][  0]LogCollectionManager: Rebuilt the GUID cache for 0 collections in 0.000002 seconds
[2016.08.24-00.12.13:634][  0]LogContentBrowser: Native class hierarchy populated in 0.0062 seconds. Added 1979 classes and 343 folders.
[2016.08.24-00.12.13:639][  0]LogStats: UGameplayTagsManager::ConstructGameplayTagTree: Construct from data asset -  0.000 s
[2016.08.24-00.12.13:639][  0]LogStats: UGameplayTagsManager::ConstructGameplayTagTree: GameplayTagTreeChangedEvent.Broadcast -  0.000 s
[2016.08.24-00.12.13:640][  0]LogContentBrowser: Native class hierarchy updated for 'GameplayTags' in 0.0011 seconds. Added 12 classes and 0 folders.
[2016.08.24-00.12.13:647][  0]LogContentBrowser: Native class hierarchy updated for 'WidgetCarousel' in 0.0007 seconds. Added 0 classes and 0 folders.
[2016.08.24-00.12.13:652][  0]LogContentBrowser: Native class hierarchy updated for 'SuperSearch' in 0.0007 seconds. Added 1 classes and 2 folders.
[2016.08.24-00.12.13:688][  0]LogContentBrowser: Native class hierarchy updated for 'AddContentDialog' in 0.0012 seconds. Added 0 classes and 0 folders.
[2016.08.24-00.12.13:693][  0]LogContentBrowser: Native class hierarchy updated for 'SceneOutliner' in 0.0008 seconds. Added 1 classes and 2 folders.
[2016.08.24-00.12.13:708][  0]LogCrashTracker: Crashtracker disabled due to settings.
[2016.08.24-00.12.13:757][  0]LogContentBrowser: Native class hierarchy updated for 'HierarchicalLODOutliner' in 0.0010 seconds. Added 1 classes and 2 folders.
[2016.08.24-00.12.13:757][  0]LogLoad: Full Startup: 9.28 seconds (BP compile: 0.39 seconds)
[2016.08.24-00.12.13:757][  0]LogExternalProfiler: Found external profiler: VSPerf
[2016.08.24-00.12.13:757][  0]LogExternalProfiler: Using external profiler: VSPerf
[2016.08.24-00.12.13:766][  0]LogOcInput: OculusInput pre-init called
[2016.08.24-00.12.13:767][  0]LogOcInput: Can't find Oculus library dev build: is proper Runtime installed? Version: 1.3.0
[2016.08.24-00.12.13:822][  0]LogContentStreaming: Texture pool size now 1000 MB
[2016.08.24-00.12.13:960][  0]LogRenderer: Reallocating scene render targets to support 1616x812 (Frame:2).
[2016.08.24-00.12.14:214][  1]LogFileCache: Retrieving MD5 hashes for directory 'C:/Users/vcrittle/Downloads/oyoyoyoyo/Project_PlanetDef/Content/' took 0.44s
[2016.08.24-00.12.14:233][  1]LogAssetRegistry: Asset discovery search completed in 3.4927 seconds
[2016.08.24-00.12.14:233][  1]LogCollectionManager: Rebuilt the object cache for 0 collections in 0.000001 seconds (found 0 objects)
[2016.08.24-00.12.14:233][  1]LogCollectionManager: Fixed up redirectors for 0 collections in 0.000024 seconds (updated 0 objects)
[2016.08.24-00.12.20:254][190]LogFactory: FactoryCreateBinary: StaticMesh with FbxFactory (0 0 ../../../../../../Users/vcrittle/Desktop/cannons.fbx)
[2016.08.24-00.12.20:262][190]LogFbx: ItemName: GlobalSettings, ItemCount : 1
[2016.08.24-00.12.20:262][190]LogFbx: ItemName: AnimationStack, ItemCount : 1
[2016.08.24-00.12.20:262][190]LogFbx: ItemName: AnimationLayer, ItemCount : 1
[2016.08.24-00.12.20:262][190]LogFbx: ItemName: Geometry, ItemCount : 11
[2016.08.24-00.12.20:262][190]LogFbx: ItemName: Material, ItemCount : 1
[2016.08.24-00.12.20:262][190]LogFbx: ItemName: Model, ItemCount : 11
[2016.08.24-00.12.20:268][190]LogFbx: Loading FBX Scene from ../../../../../../Users/vcrittle/Desktop/cannons.fbx
[2016.08.24-00.12.20:277][190]LogFbx: FBX Scene Loaded Succesfully
[2016.08.24-00.12.21:927][190]LogFbx: Loading FBX Scene from ../../../../../../Users/vcrittle/Desktop/cannons.fbx
[2016.08.24-00.12.21:934][190]LogFbx: FBX Scene Loaded Succesfully
[2016.08.24-00.12.21:936][190]LogFbx:Warning: Triangulating static mesh pCylinder1
[2016.08.24-00.12.21:938][190]LogFbx:Warning: Triangulating static mesh pCylinder3
[2016.08.24-00.12.21:941][190]LogFbx:Warning: Triangulating static mesh pPipe1
[2016.08.24-00.12.21:950][190]LogFbx:Warning: Triangulating static mesh pCylinder4
[2016.08.24-00.12.21:952][190]LogFbx:Warning: Triangulating static mesh pTorus1
[2016.08.24-00.12.21:991][190]LogFbx:Warning: Triangulating static mesh pTorus2
[2016.08.24-00.12.22:030][190]LogFbx:Warning: Triangulating static mesh pTorus3
[2016.08.24-00.12.22:068][190]LogFbx:Warning: Triangulating static mesh pCube1
[2016.08.24-00.12.22:070][190]LogFbx:Warning: Triangulating static mesh pCylinder5
[2016.08.24-00.12.22:071][190]LogFbx:Warning: Triangulating static mesh pCube2
[2016.08.24-00.12.22:072][190]LogFbx:Warning: Triangulating static mesh pCylinder6
[2016.08.24-00.12.22:075][190]LogStaticMesh: Building static mesh cannons...
[2016.08.24-00.12.22:098][190]LogStaticMesh: Built static mesh [0.02s] /Game/Models/cannons.cannons
[2016.08.24-00.12.22:106][190]FBXImport:Warning: Warning Warning: No smoothing group information was found in this FBX scene.  Please make sure to enable the 'Export Smoothing Groups' option in the FBX Exporter plug-in before exporting the file.  Even for tools that don't support smoothing groups, the FBX Exporter will generate appropriate smoothing data at export-time so that correct vertex normals can be inferred while importing. 
[2016.08.24-00.12.24:534][437]LogEditorViewport: Clicking on Actor (LMB): LeftTurret_C (LeftTurret)
[2016.08.24-00.12.26:321][602]LogContentBrowser: Native class hierarchy updated for 'BlueprintGraph' in 0.0010 seconds. Added 108 classes and 0 folders.
[2016.08.24-00.12.28:143][741]LogRenderer: Reallocating scene render targets to support 1616x1264 (Frame:861).
[2016.08.24-00.12.34:387][292]LogEditorTransaction: Undo Remove Components
[2016.08.24-00.12.34:923][301]LogEditorTransaction: Undo Remove Components
[2016.08.24-00.12.50:616][ 66]LogEditorTransaction: Undo Modify Component(s)
[2016.08.24-00.13.14:731][758]BlueprintLog: New page: Compile LeftTurret
[2016.08.24-00.13.15:102][758]BlueprintEditorCompileResults: Info [0070.62] Compile of LeftTurret successful! [in 370 ms]
[2016.08.24-00.13.20:224][244]LogBlueprintUserMessages: Early PlayInEditor Detection: Level '/Game/Maps/FirstLevel.FirstLevel:PersistentLevel' has LevelScriptBlueprint '/Game/Maps/FirstLevel.FirstLevel:PersistentLevel.FirstLevel' with GeneratedClass '/Game/Maps/FirstLevel.FirstLevel_C' with ClassGeneratedBy '/Game/Maps/FirstLevel.FirstLevel:PersistentLevel.FirstLevel'
[2016.08.24-00.13.20:224][244]LogPlayLevel: PlayLevel: No blueprints needed recompiling
[2016.08.24-00.13.20:225][244]PIE: New page: PIE session: FirstLevel (24 Aug 2016 8:13:20 pm)
[2016.08.24-00.13.20:225][244]LogPlayLevel: Creating play world package: /Game/Maps/UEDPIE_0_FirstLevel
[2016.08.24-00.13.20:233][244]LogPlayLevel: PIE: StaticDuplicateObject took: (0.008436s)
[2016.08.24-00.13.20:234][244]LogAIModule: Creating AISystem for world FirstLevel
[2016.08.24-00.13.20:234][244]LogPlayLevel: PIE: World Init took: (0.000491s)
[2016.08.24-00.13.20:234][244]LogPlayLevel: PIE: Created PIE world by copying editor world from /Game/Maps/FirstLevel.FirstLevel to /Game/Maps/UEDPIE_0_FirstLevel.FirstLevel (0.009159s)
[2016.08.24-00.13.20:251][244]LogInit: XAudio2 using 'Speakers (Cirrus Logic CS4206B (AB 122))' : 2 channels at 48 kHz using 32 bits per sample (channel mask 0x3)
[2016.08.24-00.13.20:256][244]LogInit: FAudioDevice initialized.
[2016.08.24-00.13.20:298][244]LogWorld: Game class is 'GameManager_C'
[2016.08.24-00.13.20:301][244]LogWorld: Bringing World /Game/Maps/UEDPIE_0_FirstLevel.FirstLevel up for play (max tick rate 0) at 2016.08.24-10.13.20
[2016.08.24-00.13.20:301][244]LogWorld: Bringing up level for play took: 0.002726
[2016.08.24-00.13.20:305][244]LogContentBrowser: Native class hierarchy updated for 'MovieSceneCapture' in 0.0008 seconds. Added 9 classes and 0 folders.
[2016.08.24-00.13.20:308][244]LogScript:Warning: UGameplayStatics::PlaySoundAttached: NULL AttachComponent specified! Trying to spawn sound [PLANET_DEFENCE_Cue],
[2016.08.24-00.13.20:309][244]PIE: Info Play in editor start time for /Game/Maps/UEDPIE_0_FirstLevel 0.92
[2016.08.24-00.13.20:309][244]LogBlueprintUserMessages: Late PlayInEditor Detection: Level '/Game/Maps/FirstLevel.FirstLevel:PersistentLevel' has LevelScriptBlueprint '/Game/Maps/FirstLevel.FirstLevel:PersistentLevel.FirstLevel' with GeneratedClass '/Game/Maps/FirstLevel.FirstLevel_C' with ClassGeneratedBy '/Game/Maps/FirstLevel.FirstLevel:PersistentLevel.FirstLevel'
[2016.08.24-00.13.22:209][464]LogBlueprintUserMessages: [GameManager_C_0] Wave Begun
[2016.08.24-00.13.28:688][196]LogBlueprintUserMessages: Early EndPlayMap Detection: Level '/Game/Maps/FirstLevel.FirstLevel:PersistentLevel' has LevelScriptBlueprint '/Game/Maps/FirstLevel.FirstLevel:PersistentLevel.FirstLevel' with GeneratedClass '/Game/Maps/FirstLevel.FirstLevel_C' with ClassGeneratedBy '/Game/Maps/FirstLevel.FirstLevel:PersistentLevel.FirstLevel'
[2016.08.24-00.13.28:740][196]LogBlueprintUserMessages: Late EndPlayMap Detection: Level '/Game/Maps/FirstLevel.FirstLevel:PersistentLevel' has LevelScriptBlueprint '/Game/Maps/FirstLevel.FirstLevel:PersistentLevel.FirstLevel' with GeneratedClass '/Game/Maps/FirstLevel.FirstLevel_C' with ClassGeneratedBy '/Game/Maps/FirstLevel.FirstLevel:PersistentLevel.FirstLevel'
[2016.08.24-00.13.28:783][197]LogRenderTargetPool:Warning: r.RenderTargetPoolMin exceeded 415/400 MB (ok in editor, bad on fixed memory platform)
[2016.08.24-00.13.33:520][652]BlueprintLog: New page: Compile LeftTurret
[2016.08.24-00.13.33:641][652]BlueprintEditorCompileResults: Info [0089.16] Compile of LeftTurret successful! [in 120 ms]
[2016.08.24-00.13.35:309][798]LogBlueprintUserMessages: Early PlayInEditor Detection: Level '/Game/Maps/FirstLevel.FirstLevel:PersistentLevel' has LevelScriptBlueprint '/Game/Maps/FirstLevel.FirstLevel:PersistentLevel.FirstLevel' with GeneratedClass '/Game/Maps/FirstLevel.FirstLevel_C' with ClassGeneratedBy '/Game/Maps/FirstLevel.FirstLevel:PersistentLevel.FirstLevel'
[2016.08.24-00.13.35:309][798]LogPlayLevel: PlayLevel: No blueprints needed recompiling
[2016.08.24-00.13.35:309][798]PIE: New page: PIE session: FirstLevel (24 Aug 2016 8:13:35 pm)
[2016.08.24-00.13.35:309][798]LogPlayLevel: Creating play world package: /Game/Maps/UEDPIE_0_FirstLevel
[2016.08.24-00.13.35:317][798]LogPlayLevel: PIE: StaticDuplicateObject took: (0.008337s)
[2016.08.24-00.13.35:318][798]LogAIModule: Creating AISystem for world FirstLevel
[2016.08.24-00.13.35:318][798]LogPlayLevel: PIE: World Init took: (0.000441s)
[2016.08.24-00.13.35:318][798]LogPlayLevel: PIE: Created PIE world by copying editor world from /Game/Maps/FirstLevel.FirstLevel to /Game/Maps/UEDPIE_0_FirstLevel.FirstLevel (0.008932s)
[2016.08.24-00.13.35:334][798]LogInit: XAudio2 using 'Speakers (Cirrus Logic CS4206B (AB 122))' : 2 channels at 48 kHz using 32 bits per sample (channel mask 0x3)
[2016.08.24-00.13.35:338][798]LogInit: FAudioDevice initialized.
[2016.08.24-00.13.35:365][798]LogWorld: Game class is 'GameManager_C'
[2016.08.24-00.13.35:369][798]LogWorld: Bringing World /Game/Maps/UEDPIE_0_FirstLevel.FirstLevel up for play (max tick rate 0) at 2016.08.24-10.13.35
[2016.08.24-00.13.35:369][798]LogWorld: Bringing up level for play took: 0.002572
[2016.08.24-00.13.35:372][798]LogScript:Warning: UGameplayStatics::PlaySoundAttached: NULL AttachComponent specified! Trying to spawn sound [PLANET_DEFENCE_Cue],
[2016.08.24-00.13.35:373][798]PIE: Info Play in editor start time for /Game/Maps/UEDPIE_0_FirstLevel -0.015
[2016.08.24-00.13.35:373][798]LogBlueprintUserMessages: Late PlayInEditor Detection: Level '/Game/Maps/FirstLevel.FirstLevel:PersistentLevel' has LevelScriptBlueprint '/Game/Maps/FirstLevel.FirstLevel:PersistentLevel.FirstLevel' with GeneratedClass '/Game/Maps/FirstLevel.FirstLevel_C' with ClassGeneratedBy '/Game/Maps/FirstLevel.FirstLevel:PersistentLevel.FirstLevel'
[2016.08.24-00.13.35:391][800]LogRenderTargetPool:Warning: r.RenderTargetPoolMin exceeded 407/400 MB (ok in editor, bad on fixed memory platform)
[2016.08.24-00.13.37:296][ 20]LogBlueprintUserMessages: [GameManager_C_1] Wave Begun
[2016.08.24-00.13.49:750][386]LogScript:Warning: Attempted to access Meteorite_Type3_C_4 via property CallFunc_FinishSpawningActor_ReturnValue, but Meteorite_Type3_C_4 is pending kill
	MeteoriteHandler_C /Game/Maps/UEDPIE_0_FirstLevel.FirstLevel:PersistentLevel.MeteoriteHandler_46
	Function /Game/Meteorites/MeteoriteHandler.MeteoriteHandler_C:SpawnLesserMeteorite:01FA
[2016.08.24-00.13.49:750][386]PIE:Error: Error Blueprint Runtime Error: Attempted to access Meteorite_Type3_C_4 via property CallFunc_FinishSpawningActor_ReturnValue, but Meteorite_Type3_C_4 is pending kill from function: 'SpawnLesserMeteorite' from node: Set World Scale 3D in graph: SpawnLesserMeteorite in object: MeteoriteHandler
[2016.08.24-00.13.49:750][386]LogScript:Warning: Accessed None
	MeteoriteHandler_C /Game/Maps/UEDPIE_0_FirstLevel.FirstLevel:PersistentLevel.MeteoriteHandler_46
	Function /Game/Meteorites/MeteoriteHandler.MeteoriteHandler_C:SpawnLesserMeteorite:020F
[2016.08.24-00.13.49:750][386]PIE:Error: Error Blueprint Runtime Error: Accessed None from function: 'SpawnLesserMeteorite' from node: Set World Scale 3D in graph: SpawnLesserMeteorite in object: MeteoriteHandler
[2016.08.24-00.13.49:750][386]LogScript:Warning: Attempted to access Meteorite_Type3_C_4 via property CallFunc_FinishSpawningActor_ReturnValue, but Meteorite_Type3_C_4 is pending kill
	MeteoriteHandler_C /Game/Maps/UEDPIE_0_FirstLevel.FirstLevel:PersistentLevel.MeteoriteHandler_46
	Function /Game/Meteorites/MeteoriteHandler.MeteoriteHandler_C:SpawnLesserMeteorite:0301
[2016.08.24-00.13.49:750][386]PIE:Error: Error Blueprint Runtime Error: Attempted to access Meteorite_Type3_C_4 via property CallFunc_FinishSpawningActor_ReturnValue, but Meteorite_Type3_C_4 is pending kill from function: 'SpawnLesserMeteorite' from node: Force Towards in graph: SpawnLesserMeteorite in object: MeteoriteHandler
[2016.08.24-00.13.49:751][386]LogScript:Warning: Attempted to access Meteorite_Type3_C_5 via property CallFunc_FinishSpawningActor_ReturnValue, but Meteorite_Type3_C_5 is pending kill
	MeteoriteHandler_C /Game/Maps/UEDPIE_0_FirstLevel.FirstLevel:PersistentLevel.MeteoriteHandler_46
	Function /Game/Meteorites/MeteoriteHandler.MeteoriteHandler_C:SpawnLesserMeteorite:01FA
[2016.08.24-00.13.49:751][386]PIE:Error: Error Blueprint Runtime Error: Attempted to access Meteorite_Type3_C_5 via property CallFunc_FinishSpawningActor_ReturnValue, but Meteorite_Type3_C_5 is pending kill from function: 'SpawnLesserMeteorite' from node: Set World Scale 3D in graph: SpawnLesserMeteorite in object: MeteoriteHandler
[2016.08.24-00.13.49:751][386]LogScript:Warning: Accessed None
	MeteoriteHandler_C /Game/Maps/UEDPIE_0_FirstLevel.FirstLevel:PersistentLevel.MeteoriteHandler_46
	Function /Game/Meteorites/MeteoriteHandler.MeteoriteHandler_C:SpawnLesserMeteorite:020F
[2016.08.24-00.13.49:751][386]PIE:Error: Error Blueprint Runtime Error: Accessed None from function: 'SpawnLesserMeteorite' from node: Set World Scale 3D in graph: SpawnLesserMeteorite in object: MeteoriteHandler
[2016.08.24-00.13.49:751][386]LogScript:Warning: Attempted to access Meteorite_Type3_C_5 via property CallFunc_FinishSpawningActor_ReturnValue, but Meteorite_Type3_C_5 is pending kill
	MeteoriteHandler_C /Game/Maps/UEDPIE_0_FirstLevel.FirstLevel:PersistentLevel.MeteoriteHandler_46
	Function /Game/Meteorites/MeteoriteHandler.MeteoriteHandler_C:SpawnLesserMeteorite:0301
[2016.08.24-00.13.49:751][386]PIE:Error: Error Blueprint Runtime Error: Attempted to access Meteorite_Type3_C_5 via property CallFunc_FinishSpawningActor_ReturnValue, but Meteorite_Type3_C_5 is pending kill from function: 'SpawnLesserMeteorite' from node: Force Towards in graph: SpawnLesserMeteorite in object: MeteoriteHandler
[2016.08.24-00.13.52:507][694]LogActor:Warning: Projectile_C_0 is outside the world bounds!
[2016.08.24-00.13.57:024][185]LogActor:Warning: Projectile_C_2 is outside the world bounds!
[2016.08.24-00.14.04:395][979]LogBlueprintUserMessages: Early EndPlayMap Detection: Level '/Game/Maps/FirstLevel.FirstLevel:PersistentLevel' has LevelScriptBlueprint '/Game/Maps/FirstLevel.FirstLevel:PersistentLevel.FirstLevel' with GeneratedClass '/Game/Maps/FirstLevel.FirstLevel_C' with ClassGeneratedBy '/Game/Maps/FirstLevel.FirstLevel:PersistentLevel.FirstLevel'
[2016.08.24-00.14.04:433][979]LogBlueprintUserMessages: Late EndPlayMap Detection: Level '/Game/Maps/FirstLevel.FirstLevel:PersistentLevel' has LevelScriptBlueprint '/Game/Maps/FirstLevel.FirstLevel:PersistentLevel.FirstLevel' with GeneratedClass '/Game/Maps/FirstLevel.FirstLevel_C' with ClassGeneratedBy '/Game/Maps/FirstLevel.FirstLevel:PersistentLevel.FirstLevel'
[2016.08.24-00.14.04:489][980]LogRenderTargetPool:Warning: r.RenderTargetPoolMin exceeded 415/400 MB (ok in editor, bad on fixed memory platform)
[2016.08.24-00.14.31:930][556]BlueprintLog: New page: Compile LeftTurret
[2016.08.24-00.14.32:052][556]BlueprintEditorCompileResults: Info [0147.58] Compile of LeftTurret successful! [in 121 ms]
[2016.08.24-00.14.39:500][319]BlueprintLog: New page: Compile LeftTurret
[2016.08.24-00.14.39:622][319]BlueprintEditorCompileResults: Info [0155.15] Compile of LeftTurret successful! [in 121 ms]
[2016.08.24-00.14.43:744][695]LogBlueprintUserMessages: Early PlayInEditor Detection: Level '/Game/Maps/FirstLevel.FirstLevel:PersistentLevel' has LevelScriptBlueprint '/Game/Maps/FirstLevel.FirstLevel:PersistentLevel.FirstLevel' with GeneratedClass '/Game/Maps/FirstLevel.FirstLevel_C' with ClassGeneratedBy '/Game/Maps/FirstLevel.FirstLevel:PersistentLevel.FirstLevel'
[2016.08.24-00.14.43:744][695]LogPlayLevel: PlayLevel: No blueprints needed recompiling
[2016.08.24-00.14.43:744][695]PIE: New page: PIE session: FirstLevel (24 Aug 2016 8:14:43 pm)
[2016.08.24-00.14.43:745][695]LogPlayLevel: Creating play world package: /Game/Maps/UEDPIE_0_FirstLevel
[2016.08.24-00.14.43:752][695]LogPlayLevel: PIE: StaticDuplicateObject took: (0.007778s)
[2016.08.24-00.14.43:753][695]LogAIModule: Creating AISystem for world FirstLevel
[2016.08.24-00.14.43:753][695]LogPlayLevel: PIE: World Init took: (0.000476s)
[2016.08.24-00.14.43:753][695]LogPlayLevel: PIE: Created PIE world by copying editor world from /Game/Maps/FirstLevel.FirstLevel to /Game/Maps/UEDPIE_0_FirstLevel.FirstLevel (0.008412s)
[2016.08.24-00.14.43:771][695]LogInit: XAudio2 using 'Speakers (Cirrus Logic CS4206B (AB 122))' : 2 channels at 48 kHz using 32 bits per sample (channel mask 0x3)
[2016.08.24-00.14.43:777][695]LogInit: FAudioDevice initialized.
[2016.08.24-00.14.43:808][695]LogWorld: Game class is 'GameManager_C'
[2016.08.24-00.14.43:811][695]LogWorld: Bringing World /Game/Maps/UEDPIE_0_FirstLevel.FirstLevel up for play (max tick rate 0) at 2016.08.24-10.14.43
[2016.08.24-00.14.43:812][695]LogWorld: Bringing up level for play took: 0.002669
[2016.08.24-00.14.43:815][695]LogScript:Warning: UGameplayStatics::PlaySoundAttached: NULL AttachComponent specified! Trying to spawn sound [PLANET_DEFENCE_Cue],
[2016.08.24-00.14.43:816][695]PIE: Info Play in editor start time for /Game/Maps/UEDPIE_0_FirstLevel 0.43
[2016.08.24-00.14.43:816][695]LogBlueprintUserMessages: Late PlayInEditor Detection: Level '/Game/Maps/FirstLevel.FirstLevel:PersistentLevel' has LevelScriptBlueprint '/Game/Maps/FirstLevel.FirstLevel:PersistentLevel.FirstLevel' with GeneratedClass '/Game/Maps/FirstLevel.FirstLevel_C' with ClassGeneratedBy '/Game/Maps/FirstLevel.FirstLevel:PersistentLevel.FirstLevel'
[2016.08.24-00.14.43:834][697]LogRenderTargetPool:Warning: r.RenderTargetPoolMin exceeded 407/400 MB (ok in editor, bad on fixed memory platform)
[2016.08.24-00.14.45:732][895]LogBlueprintUserMessages: [GameManager_C_2] Wave Begun
[2016.08.24-00.14.56:067][  3]LogBlueprintUserMessages: Early EndPlayMap Detection: Level '/Game/Maps/FirstLevel.FirstLevel:PersistentLevel' has LevelScriptBlueprint '/Game/Maps/FirstLevel.FirstLevel:PersistentLevel.FirstLevel' with GeneratedClass '/Game/Maps/FirstLevel.FirstLevel_C' with ClassGeneratedBy '/Game/Maps/FirstLevel.FirstLevel:PersistentLevel.FirstLevel'
[2016.08.24-00.14.56:100][  3]LogBlueprintUserMessages: Late EndPlayMap Detection: Level '/Game/Maps/FirstLevel.FirstLevel:PersistentLevel' has LevelScriptBlueprint '/Game/Maps/FirstLevel.FirstLevel:PersistentLevel.FirstLevel' with GeneratedClass '/Game/Maps/FirstLevel.FirstLevel_C' with ClassGeneratedBy '/Game/Maps/FirstLevel.FirstLevel:PersistentLevel.FirstLevel'
[2016.08.24-00.14.56:141][  4]LogRenderTargetPool:Warning: r.RenderTargetPoolMin exceeded 415/400 MB (ok in editor, bad on fixed memory platform)
[2016.08.24-00.14.59:656][322]BlueprintLog: New page: Compile LeftTurret
[2016.08.24-00.14.59:776][322]BlueprintEditorCompileResults: Info [0175.30] Compile of LeftTurret successful! [in 120 ms]
[2016.08.24-00.15.00:460][392]Cmd: OBJ SAVEPACKAGE PACKAGE="/Game/LeftTurret" FILE="../../../../../../Users/vcrittle/Downloads/oyoyoyoyo/Project_PlanetDef/Content/LeftTurret.uasset" SILENT=true
[2016.08.24-00.15.00:634][392]LogSavePackage: Save=147.78ms
[2016.08.24-00.15.00:634][392]LogSavePackage: Moving '../../../../../../Users/vcrittle/Downloads/oyoyoyoyo/Project_PlanetDef/Saved/LeftTurret1FA1CCE142B90AAEC3CAD59C06623F0F.tmp' to '../../../../../../Users/vcrittle/Downloads/oyoyoyoyo/Project_PlanetDef/Content/LeftTurret.uasset'
[2016.08.24-00.15.00:636][392]LogSavePackage: Total save time: 175.10ms
[2016.08.24-00.15.00:636][392]LogSavePackage:Display: Finished SavePackage ../../../../../../Users/vcrittle/Downloads/oyoyoyoyo/Project_PlanetDef/Content/LeftTurret.uasset
[2016.08.24-00.15.24:134][680]BlueprintLog: New page: Compile LeftTurret
[2016.08.24-00.15.24:262][680]BlueprintEditorCompileResults: Info [0199.79] Compile of LeftTurret successful! [in 127 ms]
[2016.08.24-00.15.24:640][714]Cmd: OBJ SAVEPACKAGE PACKAGE="/Game/LeftTurret" FILE="../../../../../../Users/vcrittle/Downloads/oyoyoyoyo/Project_PlanetDef/Content/LeftTurret.uasset" SILENT=true
[2016.08.24-00.15.24:812][714]LogSavePackage: Save=148.40ms
[2016.08.24-00.15.24:812][714]LogSavePackage: Moving '../../../../../../Users/vcrittle/Downloads/oyoyoyoyo/Project_PlanetDef/Saved/LeftTurret857729024B0CFC99D8583F866B4E2DEE.tmp' to '../../../../../../Users/vcrittle/Downloads/oyoyoyoyo/Project_PlanetDef/Content/LeftTurret.uasset'
[2016.08.24-00.15.24:815][714]LogSavePackage: Total save time: 173.20ms
[2016.08.24-00.15.24:815][714]LogSavePackage:Display: Finished SavePackage ../../../../../../Users/vcrittle/Downloads/oyoyoyoyo/Project_PlanetDef/Content/LeftTurret.uasset
[2016.08.24-00.15.26:404][857]LogBlueprintUserMessages: Early PlayInEditor Detection: Level '/Game/Maps/FirstLevel.FirstLevel:PersistentLevel' has LevelScriptBlueprint '/Game/Maps/FirstLevel.FirstLevel:PersistentLevel.FirstLevel' with GeneratedClass '/Game/Maps/FirstLevel.FirstLevel_C' with ClassGeneratedBy '/Game/Maps/FirstLevel.FirstLevel:PersistentLevel.FirstLevel'
[2016.08.24-00.15.26:404][857]LogPlayLevel: PlayLevel: No blueprints needed recompiling
[2016.08.24-00.15.26:404][857]PIE: New page: PIE session: FirstLevel (24 Aug 2016 8:15:26 pm)
[2016.08.24-00.15.26:404][857]LogPlayLevel: Creating play world package: /Game/Maps/UEDPIE_0_FirstLevel
[2016.08.24-00.15.26:412][857]LogPlayLevel: PIE: StaticDuplicateObject took: (0.008205s)
[2016.08.24-00.15.26:413][857]LogAIModule: Creating AISystem for world FirstLevel
[2016.08.24-00.15.26:413][857]LogPlayLevel: PIE: World Init took: (0.000526s)
[2016.08.24-00.15.26:413][857]LogPlayLevel: PIE: Created PIE world by copying editor world from /Game/Maps/FirstLevel.FirstLevel to /Game/Maps/UEDPIE_0_FirstLevel.FirstLevel (0.008943s)
[2016.08.24-00.15.26:429][857]LogInit: XAudio2 using 'Speakers (Cirrus Logic CS4206B (AB 122))' : 2 channels at 48 kHz using 32 bits per sample (channel mask 0x3)
[2016.08.24-00.15.26:434][857]LogInit: FAudioDevice initialized.
[2016.08.24-00.15.26:460][857]LogWorld: Game class is 'GameManager_C'
[2016.08.24-00.15.26:464][857]LogWorld: Bringing World /Game/Maps/UEDPIE_0_FirstLevel.FirstLevel up for play (max tick rate 0) at 2016.08.24-10.15.26
[2016.08.24-00.15.26:464][857]LogWorld: Bringing up level for play took: 0.002795
[2016.08.24-00.15.26:467][857]LogScript:Warning: UGameplayStatics::PlaySoundAttached: NULL AttachComponent specified! Trying to spawn sound [PLANET_DEFENCE_Cue],
[2016.08.24-00.15.26:468][857]PIE: Info Play in editor start time for /Game/Maps/UEDPIE_0_FirstLevel -0.916
[2016.08.24-00.15.26:468][857]LogBlueprintUserMessages: Late PlayInEditor Detection: Level '/Game/Maps/FirstLevel.FirstLevel:PersistentLevel' has LevelScriptBlueprint '/Game/Maps/FirstLevel.FirstLevel:PersistentLevel.FirstLevel' with GeneratedClass '/Game/Maps/FirstLevel.FirstLevel_C' with ClassGeneratedBy '/Game/Maps/FirstLevel.FirstLevel:PersistentLevel.FirstLevel'
[2016.08.24-00.15.26:486][859]LogRenderTargetPool:Warning: r.RenderTargetPoolMin exceeded 407/400 MB (ok in editor, bad on fixed memory platform)
[2016.08.24-00.15.28:365][ 58]LogBlueprintUserMessages: [GameManager_C_3] Wave Begun
[2016.08.24-00.15.30:078][240]LogBlueprintUserMessages: Early EndPlayMap Detection: Level '/Game/Maps/FirstLevel.FirstLevel:PersistentLevel' has LevelScriptBlueprint '/Game/Maps/FirstLevel.FirstLevel:PersistentLevel.FirstLevel' with GeneratedClass '/Game/Maps/FirstLevel.FirstLevel_C' with ClassGeneratedBy '/Game/Maps/FirstLevel.FirstLevel:PersistentLevel.FirstLevel'
[2016.08.24-00.15.30:119][240]LogBlueprintUserMessages: Late EndPlayMap Detection: Level '/Game/Maps/FirstLevel.FirstLevel:PersistentLevel' has LevelScriptBlueprint '/Game/Maps/FirstLevel.FirstLevel:PersistentLevel.FirstLevel' with GeneratedClass '/Game/Maps/FirstLevel.FirstLevel_C' with ClassGeneratedBy '/Game/Maps/FirstLevel.FirstLevel:PersistentLevel.FirstLevel'
[2016.08.24-00.15.30:159][241]LogRenderTargetPool:Warning: r.RenderTargetPoolMin exceeded 415/400 MB (ok in editor, bad on fixed memory platform)
[2016.08.24-00.15.38:229][ 16]BlueprintLog: New page: Compile LeftTurret
[2016.08.24-00.15.38:351][ 16]BlueprintEditorCompileResults: Info [0213.88] Compile of LeftTurret successful! [in 122 ms]
[2016.08.24-00.15.39:041][ 83]Cmd: OBJ SAVEPACKAGE PACKAGE="/Game/LeftTurret" FILE="../../../../../../Users/vcrittle/Downloads/oyoyoyoyo/Project_PlanetDef/Content/LeftTurret.uasset" SILENT=true
[2016.08.24-00.15.39:198][ 83]LogSavePackage: Save=146.72ms
[2016.08.24-00.15.39:198][ 83]LogSavePackage: Moving '../../../../../../Users/vcrittle/Downloads/oyoyoyoyo/Project_PlanetDef/Saved/LeftTurret55236DCD4DEB5247CDE47BA0DA6D9102.tmp' to '../../../../../../Users/vcrittle/Downloads/oyoyoyoyo/Project_PlanetDef/Content/LeftTurret.uasset'
[2016.08.24-00.15.39:199][ 83]LogSavePackage: Total save time: 157.61ms
[2016.08.24-00.15.39:199][ 83]LogSavePackage:Display: Finished SavePackage ../../../../../../Users/vcrittle/Downloads/oyoyoyoyo/Project_PlanetDef/Content/LeftTurret.uasset
[2016.08.24-00.15.41:127][252]LogBlueprintUserMessages: Early PlayInEditor Detection: Level '/Game/Maps/FirstLevel.FirstLevel:PersistentLevel' has LevelScriptBlueprint '/Game/Maps/FirstLevel.FirstLevel:PersistentLevel.FirstLevel' with GeneratedClass '/Game/Maps/FirstLevel.FirstLevel_C' with ClassGeneratedBy '/Game/Maps/FirstLevel.FirstLevel:PersistentLevel.FirstLevel'
[2016.08.24-00.15.41:127][252]LogPlayLevel: PlayLevel: No blueprints needed recompiling
[2016.08.24-00.15.41:127][252]PIE: New page: PIE session: FirstLevel (24 Aug 2016 8:15:41 pm)
[2016.08.24-00.15.41:127][252]LogPlayLevel: Creating play world package: /Game/Maps/UEDPIE_0_FirstLevel
[2016.08.24-00.15.41:135][252]LogPlayLevel: PIE: StaticDuplicateObject took: (0.008062s)
[2016.08.24-00.15.41:135][252]LogAIModule: Creating AISystem for world FirstLevel
[2016.08.24-00.15.41:136][252]LogPlayLevel: PIE: World Init took: (0.000422s)
[2016.08.24-00.15.41:136][252]LogPlayLevel: PIE: Created PIE world by copying editor world from /Game/Maps/FirstLevel.FirstLevel to /Game/Maps/UEDPIE_0_FirstLevel.FirstLevel (0.008642s)
[2016.08.24-00.15.41:152][252]LogInit: XAudio2 using 'Speakers (Cirrus Logic CS4206B (AB 122))' : 2 channels at 48 kHz using 32 bits per sample (channel mask 0x3)
[2016.08.24-00.15.41:156][252]LogInit: FAudioDevice initialized.
[2016.08.24-00.15.41:182][252]LogWorld: Game class is 'GameManager_C'
[2016.08.24-00.15.41:186][252]LogWorld: Bringing World /Game/Maps/UEDPIE_0_FirstLevel.FirstLevel up for play (max tick rate 0) at 2016.08.24-10.15.41
[2016.08.24-00.15.41:186][252]LogWorld: Bringing up level for play took: 0.002809
[2016.08.24-00.15.41:189][252]LogScript:Warning: UGameplayStatics::PlaySoundAttached: NULL AttachComponent specified! Trying to spawn sound [PLANET_DEFENCE_Cue],
[2016.08.24-00.15.41:190][252]PIE: Info Play in editor start time for /Game/Maps/UEDPIE_0_FirstLevel -0.194
[2016.08.24-00.15.41:191][252]LogBlueprintUserMessages: Late PlayInEditor Detection: Level '/Game/Maps/FirstLevel.FirstLevel:PersistentLevel' has LevelScriptBlueprint '/Game/Maps/FirstLevel.FirstLevel:PersistentLevel.FirstLevel' with GeneratedClass '/Game/Maps/FirstLevel.FirstLevel_C' with ClassGeneratedBy '/Game/Maps/FirstLevel.FirstLevel:PersistentLevel.FirstLevel'
[2016.08.24-00.15.41:209][254]LogRenderTargetPool:Warning: r.RenderTargetPoolMin exceeded 407/400 MB (ok in editor, bad on fixed memory platform)
[2016.08.24-00.15.43:110][455]LogBlueprintUserMessages: [GameManager_C_4] Wave Begun
[2016.08.24-00.15.50:943][296]LogBlueprintUserMessages: Early EndPlayMap Detection: Level '/Game/Maps/FirstLevel.FirstLevel:PersistentLevel' has LevelScriptBlueprint '/Game/Maps/FirstLevel.FirstLevel:PersistentLevel.FirstLevel' with GeneratedClass '/Game/Maps/FirstLevel.FirstLevel_C' with ClassGeneratedBy '/Game/Maps/FirstLevel.FirstLevel:PersistentLevel.FirstLevel'
[2016.08.24-00.15.50:979][296]LogBlueprintUserMessages: Late EndPlayMap Detection: Level '/Game/Maps/FirstLevel.FirstLevel:PersistentLevel' has LevelScriptBlueprint '/Game/Maps/FirstLevel.FirstLevel:PersistentLevel.FirstLevel' with GeneratedClass '/Game/Maps/FirstLevel.FirstLevel_C' with ClassGeneratedBy '/Game/Maps/FirstLevel.FirstLevel:PersistentLevel.FirstLevel'
[2016.08.24-00.15.51:032][297]LogRenderTargetPool:Warning: r.RenderTargetPoolMin exceeded 415/400 MB (ok in editor, bad on fixed memory platform)
[2016.08.24-00.16.00:560][126]LogBlueprintUserMessages: Early PlayInEditor Detection: Level '/Game/Maps/FirstLevel.FirstLevel:PersistentLevel' has LevelScriptBlueprint '/Game/Maps/FirstLevel.FirstLevel:PersistentLevel.FirstLevel' with GeneratedClass '/Game/Maps/FirstLevel.FirstLevel_C' with ClassGeneratedBy '/Game/Maps/FirstLevel.FirstLevel:PersistentLevel.FirstLevel'
[2016.08.24-00.16.00:560][126]LogPlayLevel: PlayLevel: No blueprints needed recompiling
[2016.08.24-00.16.00:560][126]PIE: New page: PIE session: FirstLevel (24 Aug 2016 8:16:00 pm)
[2016.08.24-00.16.00:560][126]LogPlayLevel: Creating play world package: /Game/Maps/UEDPIE_0_FirstLevel
[2016.08.24-00.16.00:569][126]LogPlayLevel: PIE: StaticDuplicateObject took: (0.008598s)
[2016.08.24-00.16.00:569][126]LogAIModule: Creating AISystem for world FirstLevel
[2016.08.24-00.16.00:569][126]LogPlayLevel: PIE: World Init took: (0.000440s)
[2016.08.24-00.16.00:570][126]LogPlayLevel: PIE: Created PIE world by copying editor world from /Game/Maps/FirstLevel.FirstLevel to /Game/Maps/UEDPIE_0_FirstLevel.FirstLevel (0.009220s)
[2016.08.24-00.16.00:585][126]LogInit: XAudio2 using 'Speakers (Cirrus Logic CS4206B (AB 122))' : 2 channels at 48 kHz using 32 bits per sample (channel mask 0x3)
[2016.08.24-00.16.00:589][126]LogInit: FAudioDevice initialized.
[2016.08.24-00.16.00:614][126]LogWorld: Game class is 'GameManager_C'
[2016.08.24-00.16.00:617][126]LogWorld: Bringing World /Game/Maps/UEDPIE_0_FirstLevel.FirstLevel up for play (max tick rate 0) at 2016.08.24-10.16.00
[2016.08.24-00.16.00:618][126]LogWorld: Bringing up level for play took: 0.002782
[2016.08.24-00.16.00:621][126]LogScript:Warning: UGameplayStatics::PlaySoundAttached: NULL AttachComponent specified! Trying to spawn sound [PLANET_DEFENCE_Cue],
[2016.08.24-00.16.00:622][126]PIE: Info Play in editor start time for /Game/Maps/UEDPIE_0_FirstLevel -0.762
[2016.08.24-00.16.00:622][126]LogBlueprintUserMessages: Late PlayInEditor Detection: Level '/Game/Maps/FirstLevel.FirstLevel:PersistentLevel' has LevelScriptBlueprint '/Game/Maps/FirstLevel.FirstLevel:PersistentLevel.FirstLevel' with GeneratedClass '/Game/Maps/FirstLevel.FirstLevel_C' with ClassGeneratedBy '/Game/Maps/FirstLevel.FirstLevel:PersistentLevel.FirstLevel'
[2016.08.24-00.16.00:641][128]LogRenderTargetPool:Warning: r.RenderTargetPoolMin exceeded 407/400 MB (ok in editor, bad on fixed memory platform)
[2016.08.24-00.16.02:546][331]LogBlueprintUserMessages: [GameManager_C_5] Wave Begun
[2016.08.24-00.16.09:841][120]LogBlueprintUserMessages: Early EndPlayMap Detection: Level '/Game/Maps/FirstLevel.FirstLevel:PersistentLevel' has LevelScriptBlueprint '/Game/Maps/FirstLevel.FirstLevel:PersistentLevel.FirstLevel' with GeneratedClass '/Game/Maps/FirstLevel.FirstLevel_C' with ClassGeneratedBy '/Game/Maps/FirstLevel.FirstLevel:PersistentLevel.FirstLevel'
[2016.08.24-00.16.09:890][120]LogBlueprintUserMessages: Late EndPlayMap Detection: Level '/Game/Maps/FirstLevel.FirstLevel:PersistentLevel' has LevelScriptBlueprint '/Game/Maps/FirstLevel.FirstLevel:PersistentLevel.FirstLevel' with GeneratedClass '/Game/Maps/FirstLevel.FirstLevel_C' with ClassGeneratedBy '/Game/Maps/FirstLevel.FirstLevel:PersistentLevel.FirstLevel'
[2016.08.24-00.16.09:930][121]LogRenderTargetPool:Warning: r.RenderTargetPoolMin exceeded 415/400 MB (ok in editor, bad on fixed memory platform)
[2016.08.24-00.16.15:169][618]BlueprintLog: New page: Compile LeftTurret
[2016.08.24-00.16.15:302][618]BlueprintEditorCompileResults: Info [0250.83] Compile of LeftTurret successful! [in 133 ms]
[2016.08.24-00.16.15:927][676]Cmd: OBJ SAVEPACKAGE PACKAGE="/Game/LeftTurret" FILE="../../../../../../Users/vcrittle/Downloads/oyoyoyoyo/Project_PlanetDef/Content/LeftTurret.uasset" SILENT=true
[2016.08.24-00.16.16:085][676]LogSavePackage: Save=146.45ms
[2016.08.24-00.16.16:085][676]LogSavePackage: Moving '../../../../../../Users/vcrittle/Downloads/oyoyoyoyo/Project_PlanetDef/Saved/LeftTurret96E4403546E951DE448871B1CA1608C2.tmp' to '../../../../../../Users/vcrittle/Downloads/oyoyoyoyo/Project_PlanetDef/Content/LeftTurret.uasset'
[2016.08.24-00.16.16:087][676]LogSavePackage: Total save time: 159.89ms
[2016.08.24-00.16.16:087][676]LogSavePackage:Display: Finished SavePackage ../../../../../../Users/vcrittle/Downloads/oyoyoyoyo/Project_PlanetDef/Content/LeftTurret.uasset
[2016.08.24-00.16.18:421][876]LogBlueprintUserMessages: Early PlayInEditor Detection: Level '/Game/Maps/FirstLevel.FirstLevel:PersistentLevel' has LevelScriptBlueprint '/Game/Maps/FirstLevel.FirstLevel:PersistentLevel.FirstLevel' with GeneratedClass '/Game/Maps/FirstLevel.FirstLevel_C' with ClassGeneratedBy '/Game/Maps/FirstLevel.FirstLevel:PersistentLevel.FirstLevel'
[2016.08.24-00.16.18:421][876]LogPlayLevel: PlayLevel: No blueprints needed recompiling
[2016.08.24-00.16.18:421][876]PIE: New page: PIE session: FirstLevel (24 Aug 2016 8:16:18 pm)
[2016.08.24-00.16.18:421][876]LogPlayLevel: Creating play world package: /Game/Maps/UEDPIE_0_FirstLevel
[2016.08.24-00.16.18:430][876]LogPlayLevel: PIE: StaticDuplicateObject took: (0.008707s)
[2016.08.24-00.16.18:430][876]LogAIModule: Creating AISystem for world FirstLevel
[2016.08.24-00.16.18:430][876]LogPlayLevel: PIE: World Init took: (0.000435s)
[2016.08.24-00.16.18:430][876]LogPlayLevel: PIE: Created PIE world by copying editor world from /Game/Maps/FirstLevel.FirstLevel to /Game/Maps/UEDPIE_0_FirstLevel.FirstLevel (0.009320s)
[2016.08.24-00.16.18:446][876]LogInit: XAudio2 using 'Speakers (Cirrus Logic CS4206B (AB 122))' : 2 channels at 48 kHz using 32 bits per sample (channel mask 0x3)
[2016.08.24-00.16.18:451][876]LogInit: FAudioDevice initialized.
[2016.08.24-00.16.18:481][876]LogWorld: Game class is 'GameManager_C'
[2016.08.24-00.16.18:485][876]LogWorld: Bringing World /Game/Maps/UEDPIE_0_FirstLevel.FirstLevel up for play (max tick rate 0) at 2016.08.24-10.16.18
[2016.08.24-00.16.18:485][876]LogWorld: Bringing up level for play took: 0.002789
[2016.08.24-00.16.18:488][876]LogScript:Warning: UGameplayStatics::PlaySoundAttached: NULL AttachComponent specified! Trying to spawn sound [PLANET_DEFENCE_Cue],
[2016.08.24-00.16.18:489][876]PIE: Info Play in editor start time for /Game/Maps/UEDPIE_0_FirstLevel -0.893
[2016.08.24-00.16.18:489][876]LogBlueprintUserMessages: Late PlayInEditor Detection: Level '/Game/Maps/FirstLevel.FirstLevel:PersistentLevel' has LevelScriptBlueprint '/Game/Maps/FirstLevel.FirstLevel:PersistentLevel.FirstLevel' with GeneratedClass '/Game/Maps/FirstLevel.FirstLevel_C' with ClassGeneratedBy '/Game/Maps/FirstLevel.FirstLevel:PersistentLevel.FirstLevel'
[2016.08.24-00.16.18:509][878]LogRenderTargetPool:Warning: r.RenderTargetPoolMin exceeded 407/400 MB (ok in editor, bad on fixed memory platform)
[2016.08.24-00.16.20:401][ 92]LogBlueprintUserMessages: [GameManager_C_6] Wave Begun
[2016.08.24-00.16.25:328][621]LogBlueprintUserMessages: Early EndPlayMap Detection: Level '/Game/Maps/FirstLevel.FirstLevel:PersistentLevel' has LevelScriptBlueprint '/Game/Maps/FirstLevel.FirstLevel:PersistentLevel.FirstLevel' with GeneratedClass '/Game/Maps/FirstLevel.FirstLevel_C' with ClassGeneratedBy '/Game/Maps/FirstLevel.FirstLevel:PersistentLevel.FirstLevel'
[2016.08.24-00.16.25:379][621]LogBlueprintUserMessages: Late EndPlayMap Detection: Level '/Game/Maps/FirstLevel.FirstLevel:PersistentLevel' has LevelScriptBlueprint '/Game/Maps/FirstLevel.FirstLevel:PersistentLevel.FirstLevel' with GeneratedClass '/Game/Maps/FirstLevel.FirstLevel_C' with ClassGeneratedBy '/Game/Maps/FirstLevel.FirstLevel:PersistentLevel.FirstLevel'
[2016.08.24-00.16.25:420][622]LogRenderTargetPool:Warning: r.RenderTargetPoolMin exceeded 415/400 MB (ok in editor, bad on fixed memory platform)
[2016.08.24-00.16.35:466][303]Cmd: OBJ SAVEPACKAGE PACKAGE="/Game/Maps/FirstLevel" FILE="../../../../../../Users/vcrittle/Downloads/oyoyoyoyo/Project_PlanetDef/Content/Maps/FirstLevel.umap" SILENT=true AUTOSAVING=false KEEPDIRTY=false
[2016.08.24-00.16.35:638][303]LogSavePackage: Save=120.00ms
[2016.08.24-00.16.35:638][303]LogSavePackage: Moving '../../../../../../Users/vcrittle/Downloads/oyoyoyoyo/Project_PlanetDef/Saved/FirstLevel1A9FCC2F40A405A1A1A3F49E585AB7C4.tmp' to '../../../../../../Users/vcrittle/Downloads/oyoyoyoyo/Project_PlanetDef/Content/Maps/FirstLevel.umap'
[2016.08.24-00.16.35:640][303]LogSavePackage: Total save time: 148.27ms
[2016.08.24-00.16.35:640][303]LogSavePackage:Display: Finished SavePackage ../../../../../../Users/vcrittle/Downloads/oyoyoyoyo/Project_PlanetDef/Content/Maps/FirstLevel.umap
[2016.08.24-00.16.39:848][685]Cmd: OBJ SAVEPACKAGE PACKAGE="/Game/Maps/FirstLevel" FILE="../../../../../../Users/vcrittle/Downloads/oyoyoyoyo/Project_PlanetDef/Content/Maps/FirstLevel.umap" SILENT=true AUTOSAVING=false KEEPDIRTY=false
[2016.08.24-00.16.39:992][685]LogSavePackage: Save=116.83ms
[2016.08.24-00.16.39:992][685]LogSavePackage: Moving '../../../../../../Users/vcrittle/Downloads/oyoyoyoyo/Project_PlanetDef/Saved/FirstLevelF4A411D642B832F56A83F5BCE3AFD5C7.tmp' to '../../../../../../Users/vcrittle/Downloads/oyoyoyoyo/Project_PlanetDef/Content/Maps/FirstLevel.umap'
[2016.08.24-00.16.39:993][685]LogSavePackage: Total save time: 128.09ms
[2016.08.24-00.16.39:993][685]LogSavePackage:Display: Finished SavePackage ../../../../../../Users/vcrittle/Downloads/oyoyoyoyo/Project_PlanetDef/Content/Maps/FirstLevel.umap
[2016.08.24-00.16.48:788][289]LogEditorViewport: Clicking on Actor (LMB): RightTurret_C (RightTurret)
[2016.08.24-00.17.13:375][798]LogSCSEditor:Warning: Calling UpdateTree() from Tick() more frequently than expected due to invalid tree node state. This might be a performance issue.
[2016.08.24-00.17.16:420][ 65]LogEditorViewport: Clicking on Actor (LMB): LeftTurret_C (LeftTurret)
[2016.08.24-00.17.52:838][526]BlueprintLog: New page: Compile RightTurret
[2016.08.24-00.17.53:051][526]BlueprintEditorCompileResults: Info [0348.58] Compile of RightTurret successful! [in 212 ms]
[2016.08.24-00.18.07:210][665]BlueprintLog: New page: Compile LeftTurret
[2016.08.24-00.18.07:332][665]BlueprintEditorCompileResults: Info [0362.86] Compile of LeftTurret successful! [in 121 ms]
[2016.08.24-00.18.07:911][723]Cmd: OBJ SAVEPACKAGE PACKAGE="/Game/LeftTurret" FILE="../../../../../../Users/vcrittle/Downloads/oyoyoyoyo/Project_PlanetDef/Content/LeftTurret.uasset" SILENT=true
[2016.08.24-00.18.08:086][723]LogSavePackage: Save=151.10ms
[2016.08.24-00.18.08:086][723]LogSavePackage: Moving '../../../../../../Users/vcrittle/Downloads/oyoyoyoyo/Project_PlanetDef/Saved/LeftTurret8ADF6AA547DA7F5B75611086CB30164A.tmp' to '../../../../../../Users/vcrittle/Downloads/oyoyoyoyo/Project_PlanetDef/Content/LeftTurret.uasset'
[2016.08.24-00.18.08:088][723]LogSavePackage: Total save time: 175.49ms
[2016.08.24-00.18.08:088][723]LogSavePackage:Display: Finished SavePackage ../../../../../../Users/vcrittle/Downloads/oyoyoyoyo/Project_PlanetDef/Content/LeftTurret.uasset
[2016.08.24-00.18.10:770][973]LogBlueprintUserMessages: Early PlayInEditor Detection: Level '/Game/Maps/FirstLevel.FirstLevel:PersistentLevel' has LevelScriptBlueprint '/Game/Maps/FirstLevel.FirstLevel:PersistentLevel.FirstLevel' with GeneratedClass '/Game/Maps/FirstLevel.FirstLevel_C' with ClassGeneratedBy '/Game/Maps/FirstLevel.FirstLevel:PersistentLevel.FirstLevel'
[2016.08.24-00.18.10:770][973]LogPlayLevel: PlayLevel: No blueprints needed recompiling
[2016.08.24-00.18.10:771][973]PIE: New page: PIE session: FirstLevel (24 Aug 2016 8:18:10 pm)
[2016.08.24-00.18.10:771][973]LogPlayLevel: Creating play world package: /Game/Maps/UEDPIE_0_FirstLevel
[2016.08.24-00.18.10:779][973]LogPlayLevel: PIE: StaticDuplicateObject took: (0.008459s)
[2016.08.24-00.18.10:779][973]LogAIModule: Creating AISystem for world FirstLevel
[2016.08.24-00.18.10:780][973]LogPlayLevel: PIE: World Init took: (0.000433s)
[2016.08.24-00.18.10:780][973]LogPlayLevel: PIE: Created PIE world by copying editor world from /Game/Maps/FirstLevel.FirstLevel to /Game/Maps/UEDPIE_0_FirstLevel.FirstLevel (0.009046s)
[2016.08.24-00.18.10:797][973]LogInit: XAudio2 using 'Speakers (Cirrus Logic CS4206B (AB 122))' : 2 channels at 48 kHz using 32 bits per sample (channel mask 0x3)
[2016.08.24-00.18.10:801][973]LogInit: FAudioDevice initialized.
[2016.08.24-00.18.10:832][973]LogWorld: Game class is 'GameManager_C'
[2016.08.24-00.18.10:835][973]LogWorld: Bringing World /Game/Maps/UEDPIE_0_FirstLevel.FirstLevel up for play (max tick rate 0) at 2016.08.24-10.18.10
[2016.08.24-00.18.10:835][973]LogWorld: Bringing up level for play took: 0.002695
[2016.08.24-00.18.10:838][973]LogScript:Warning: UGameplayStatics::PlaySoundAttached: NULL AttachComponent specified! Trying to spawn sound [PLANET_DEFENCE_Cue],
[2016.08.24-00.18.10:839][973]PIE: Info Play in editor start time for /Game/Maps/UEDPIE_0_FirstLevel -0.54
[2016.08.24-00.18.10:839][973]LogBlueprintUserMessages: Late PlayInEditor Detection: Level '/Game/Maps/FirstLevel.FirstLevel:PersistentLevel' has LevelScriptBlueprint '/Game/Maps/FirstLevel.FirstLevel:PersistentLevel.FirstLevel' with GeneratedClass '/Game/Maps/FirstLevel.FirstLevel_C' with ClassGeneratedBy '/Game/Maps/FirstLevel.FirstLevel:PersistentLevel.FirstLevel'
[2016.08.24-00.18.12:731][188]LogBlueprintUserMessages: [GameManager_C_7] Wave Begun
[2016.08.24-00.18.19:203][880]LogBlueprintUserMessages: Early EndPlayMap Detection: Level '/Game/Maps/FirstLevel.FirstLevel:PersistentLevel' has LevelScriptBlueprint '/Game/Maps/FirstLevel.FirstLevel:PersistentLevel.FirstLevel' with GeneratedClass '/Game/Maps/FirstLevel.FirstLevel_C' with ClassGeneratedBy '/Game/Maps/FirstLevel.FirstLevel:PersistentLevel.FirstLevel'
[2016.08.24-00.18.19:260][880]LogBlueprintUserMessages: Late EndPlayMap Detection: Level '/Game/Maps/FirstLevel.FirstLevel:PersistentLevel' has LevelScriptBlueprint '/Game/Maps/FirstLevel.FirstLevel:PersistentLevel.FirstLevel' with GeneratedClass '/Game/Maps/FirstLevel.FirstLevel_C' with ClassGeneratedBy '/Game/Maps/FirstLevel.FirstLevel:PersistentLevel.FirstLevel'
[2016.08.24-00.18.19:306][881]LogRenderTargetPool:Warning: r.RenderTargetPoolMin exceeded 407/400 MB (ok in editor, bad on fixed memory platform)
[2016.08.24-00.18.20:397][975]Cmd: OBJ SAVEPACKAGE PACKAGE="/Game/Maps/FirstLevel" FILE="../../../../../../Users/vcrittle/Downloads/oyoyoyoyo/Project_PlanetDef/Content/Maps/FirstLevel.umap" SILENT=true AUTOSAVING=false KEEPDIRTY=false
[2016.08.24-00.18.20:549][975]LogSavePackage: Save=119.91ms
[2016.08.24-00.18.20:549][975]LogSavePackage: Moving '../../../../../../Users/vcrittle/Downloads/oyoyoyoyo/Project_PlanetDef/Saved/FirstLevel176AED59473AA80FB2A2CCB11DAB9BE5.tmp' to '../../../../../../Users/vcrittle/Downloads/oyoyoyoyo/Project_PlanetDef/Content/Maps/FirstLevel.umap'
[2016.08.24-00.18.20:551][975]LogSavePackage: Total save time: 134.34ms
[2016.08.24-00.18.20:551][975]LogSavePackage:Display: Finished SavePackage ../../../../../../Users/vcrittle/Downloads/oyoyoyoyo/Project_PlanetDef/Content/Maps/FirstLevel.umap
[2016.08.24-00.18.22:057][123]LogActorComponent: UnregisterComponent: (/Engine/Transient.EditorFloorComp) Not registered. Aborting.
[2016.08.24-00.18.24:384][201]Cmd: OBJ SAVEPACKAGE PACKAGE="/Game/Models/cannons" FILE="../../../../../../Users/vcrittle/Downloads/oyoyoyoyo/Project_PlanetDef/Content/Models/cannons.uasset" SILENT=true
[2016.08.24-00.18.24:393][201]LogSavePackage: Save=7.48ms
[2016.08.24-00.18.24:393][201]LogSavePackage: Moving '../../../../../../Users/vcrittle/Downloads/oyoyoyoyo/Project_PlanetDef/Saved/cannons5A523F504841EE9310FD2DB9259A7C1C.tmp' to '../../../../../../Users/vcrittle/Downloads/oyoyoyoyo/Project_PlanetDef/Content/Models/cannons.uasset'
[2016.08.24-00.18.24:395][201]LogSavePackage: Total save time: 9.21ms
[2016.08.24-00.18.24:395][201]LogSavePackage:Display: Finished SavePackage ../../../../../../Users/vcrittle/Downloads/oyoyoyoyo/Project_PlanetDef/Content/Models/cannons.uasset
[2016.08.24-00.18.24:413][201]Cmd: OBJ SAVEPACKAGE PACKAGE="/Game/RightTurret" FILE="../../../../../../Users/vcrittle/Downloads/oyoyoyoyo/Project_PlanetDef/Content/RightTurret.uasset" SILENT=true
[2016.08.24-00.18.24:533][201]LogSavePackage: Save=106.64ms
[2016.08.24-00.18.24:533][201]LogSavePackage: Moving '../../../../../../Users/vcrittle/Downloads/oyoyoyoyo/Project_PlanetDef/Saved/RightTurret4E1F3CE448D32F4E64FAE8B62DE6D64D.tmp' to '../../../../../../Users/vcrittle/Downloads/oyoyoyoyo/Project_PlanetDef/Content/RightTurret.uasset'
[2016.08.24-00.18.24:535][201]LogSavePackage: Total save time: 121.07ms
[2016.08.24-00.18.24:535][201]LogSavePackage:Display: Finished SavePackage ../../../../../../Users/vcrittle/Downloads/oyoyoyoyo/Project_PlanetDef/Content/RightTurret.uasset
[2016.08.24-00.18.24:762][202]Cmd: QUIT_EDITOR
[2016.08.24-00.18.24:843][202]LogExit: Preparing to exit.
[2016.08.24-00.18.25:827][202]LogExit: Editor shut down
[2016.08.24-00.18.25:827][202]LogExit: Transaction tracking system shut down
[2016.08.24-00.18.25:953][202]LogObj: Freed 0b from 0 cluster array pools.
[2016.08.24-00.18.25:953][202]LogExit: Object subsystem successfully closed.
[2016.08.24-00.18.25:973][202]LogD3D11RHI: Shutdown
[2016.08.24-00.18.25:973][202]LogD3D11RHI: CleanupD3DDevice
[2016.08.24-00.18.26:077][202]LogD3D11RHI: ~FD3D11DynamicRHI
[2016.08.24-00.18.26:136][202]LogDerivedDataCache: Shutdown
[2016.08.24-00.18.26:137][202]LogModuleManager: Shutting down and abandoning module MovieSceneCapture (207)
[2016.08.24-00.18.26:137][202]LogModuleManager: Shutting down and abandoning module BlueprintGraph (206)
[2016.08.24-00.18.26:137][202]LogModuleManager: Shutting down and abandoning module HierarchicalLODOutliner (205)
[2016.08.24-00.18.26:137][202]LogModuleManager: Shutting down and abandoning module CrashTracker (204)
[2016.08.24-00.18.26:137][202]LogModuleManager: Shutting down and abandoning module SceneOutliner (203)
[2016.08.24-00.18.26:137][202]LogModuleManager: Shutting down and abandoning module SuperSearch (202)
[2016.08.24-00.18.26:137][202]LogModuleManager: Shutting down and abandoning module WidgetCarousel (201)
[2016.08.24-00.18.26:137][202]LogModuleManager: Shutting down and abandoning module AddContentDialog (200)
[2016.08.24-00.18.26:140][202]LogModuleManager: Shutting down and abandoning module GameplayTags (199)
[2016.08.24-00.18.26:140][202]LogModuleManager: Shutting down and abandoning module EditorWidgets (198)
[2016.08.24-00.18.26:140][202]LogModuleManager: Shutting down and abandoning module CollectionManager (197)
[2016.08.24-00.18.26:140][202]LogModuleManager: Shutting down and abandoning module StatsViewer (196)
[2016.08.24-00.18.26:141][202]LogModuleManager: Shutting down and abandoning module FoliageEdit (195)
[2016.08.24-00.18.26:141][202]LogModuleManager: Shutting down and abandoning module LandscapeEditor (194)
[2016.08.24-00.18.26:141][202]LogModuleManager: Shutting down and abandoning module ActorPickerMode (193)
[2016.08.24-00.18.26:141][202]LogModuleManager: Shutting down and abandoning module GeometryMode (192)
[2016.08.24-00.18.26:141][202]LogModuleManager: Shutting down and abandoning module TextureAlignMode (191)
[2016.08.24-00.18.26:141][202]LogModuleManager: Shutting down and abandoning module BspMode (190)
[2016.08.24-00.18.26:141][202]LogModuleManager: Shutting down and abandoning module PlacementMode (189)
[2016.08.24-00.18.26:141][202]LogModuleManager: Shutting down and abandoning module AutomationWorker (188)
[2016.08.24-00.18.26:141][202]LogModuleManager: Shutting down and abandoning module CharacterAI (187)
[2016.08.24-00.18.26:141][202]LogModuleManager: Shutting down and abandoning module SmartSnapping (186)
[2016.08.24-00.18.26:141][202]LogModuleManager: Shutting down and abandoning module ViewportSnapping (185)
[2016.08.24-00.18.26:141][202]LogModuleManager: Shutting down and abandoning module LogVisualizer (184)
[2016.08.24-00.18.26:142][202]LogModuleManager: Shutting down and abandoning module GameProjectGeneration (183)
[2016.08.24-00.18.26:142][202]LogModuleManager: Shutting down and abandoning module IntroTutorials (182)
[2016.08.24-00.18.26:142][202]LogModuleManager: Shutting down and abandoning module EditorLiveStreaming (181)
[2016.08.24-00.18.26:142][202]LogModuleManager: Shutting down and abandoning module IOSPlatformEditor (180)
[2016.08.24-00.18.26:142][202]LogModuleManager: Shutting down and abandoning module HTML5PlatformEditor (179)
[2016.08.24-00.18.26:142][202]LogModuleManager: Shutting down and abandoning module AndroidDeviceDetection (178)
[2016.08.24-00.18.26:883][202]LogModuleManager: Shutting down and abandoning module AndroidPlatformEditor (177)
[2016.08.24-00.18.26:883][202]LogModuleManager: Shutting down and abandoning module IOSRuntimeSettings (176)
[2016.08.24-00.18.26:883][202]LogModuleManager: Shutting down and abandoning module AndroidRuntimeSettings (175)
[2016.08.24-00.18.26:883][202]LogModuleManager: Shutting down and abandoning module MergeActors (174)
[2016.08.24-00.18.26:883][202]LogModuleManager: Shutting down and abandoning module SizeMap (173)
[2016.08.24-00.18.26:883][202]LogModuleManager: Shutting down and abandoning module TreeMap (172)
[2016.08.24-00.18.26:883][202]LogModuleManager: Shutting down and abandoning module ReferenceViewer (171)
[2016.08.24-00.18.26:883][202]LogModuleManager: Shutting down and abandoning module LocalizationService (170)
[2016.08.24-00.18.26:883][202]LogModuleManager: Shutting down and abandoning module LocalizationDashboard (169)
[2016.08.24-00.18.26:883][202]LogModuleManager: Shutting down and abandoning module HardwareTargeting (168)
[2016.08.24-00.18.26:883][202]LogModuleManager: Shutting down and abandoning module DeviceProfileEditor (167)
[2016.08.24-00.18.26:883][202]LogModuleManager: Shutting down and abandoning module UndoHistory (166)
[2016.08.24-00.18.26:883][202]LogModuleManager: Shutting down and abandoning module UserFeedback (165)
[2016.08.24-00.18.26:883][202]LogModuleManager: Shutting down and abandoning module XmlParser (164)
[2016.08.24-00.18.26:883][202]LogModuleManager: Shutting down and abandoning module Blutility (163)
[2016.08.24-00.18.26:883][202]LogModuleManager: Shutting down and abandoning module ProjectTargetPlatformEditor (162)
[2016.08.24-00.18.26:884][202]LogModuleManager: Shutting down and abandoning module ProjectSettingsViewer (161)
[2016.08.24-00.18.26:884][202]LogModuleManager: Shutting down and abandoning module InputBindingEditor (160)
[2016.08.24-00.18.26:884][202]LogModuleManager: Shutting down and abandoning module EditorSettingsViewer (159)
[2016.08.24-00.18.26:884][202]LogModuleManager: Shutting down and abandoning module SettingsEditor (158)
[2016.08.24-00.18.26:884][202]LogModuleManager: Shutting down and abandoning module ProjectLauncher (157)
[2016.08.24-00.18.26:884][202]LogModuleManager: Shutting down and abandoning module SessionFrontend (156)
[2016.08.24-00.18.26:884][202]LogModuleManager: Shutting down and abandoning module ProfilerClient (155)
[2016.08.24-00.18.26:884][202]LogModuleManager: Shutting down and abandoning module TargetDeviceServices (154)
[2016.08.24-00.18.26:885][202]LogModuleManager: Shutting down and abandoning module DeviceManager (153)
[2016.08.24-00.18.26:925][202]LogModuleManager: Shutting down and abandoning module AutomationController (152)
[2016.08.24-00.18.26:925][202]LogModuleManager: Shutting down and abandoning module AutomationWindow (151)
[2016.08.24-00.18.26:925][202]LogModuleManager: Shutting down and abandoning module Layers (150)
[2016.08.24-00.18.26:925][202]LogModuleManager: Shutting down and abandoning module ComponentVisualizers (149)
[2016.08.24-00.18.26:925][202]LogModuleManager: Shutting down and abandoning module DetailCustomizations (148)
[2016.08.24-00.18.26:925][202]LogModuleManager: Shutting down and abandoning module PackagesDialog (147)
[2016.08.24-00.18.26:925][202]LogModuleManager: Shutting down and abandoning module Persona (146)
[2016.08.24-00.18.26:926][202]LogModuleManager: Shutting down and abandoning module Kismet (145)
[2016.08.24-00.18.26:926][202]LogModuleManager: Shutting down and abandoning module GraphEditor (144)
[2016.08.24-00.18.26:926][202]LogModuleManager: Shutting down and abandoning module ClassViewer (143)
[2016.08.24-00.18.26:926][202]LogModuleManager: Shutting down and abandoning module Toolbox (142)
[2016.08.24-00.18.26:926][202]LogModuleManager: Shutting down and abandoning module ModuleUI (141)
[2016.08.24-00.18.26:926][202]LogModuleManager: Shutting down and abandoning module MovieSceneTools (140)
[2016.08.24-00.18.26:926][202]LogModuleManager: Shutting down and abandoning module OutputLog (139)
[2016.08.24-00.18.26:926][202]LogModuleManager: Shutting down and abandoning module GammaUI (138)
[2016.08.24-00.18.26:926][202]LogModuleManager: Shutting down and abandoning module Documentation (137)
[2016.08.24-00.18.26:926][202]LogModuleManager: Shutting down and abandoning module StreamingPauseRendering (136)
[2016.08.24-00.18.26:926][202]LogModuleManager: Shutting down and abandoning module AnalyticsET (135)
[2016.08.24-00.18.26:926][202]LogModuleManager: Shutting down and abandoning module Analytics (134)
[2016.08.24-00.18.26:926][202]LogModuleManager: Shutting down and abandoning module PortalServices (133)
[2016.08.24-00.18.26:926][202]LogModuleManager: Shutting down and abandoning module PortalRpc (132)
[2016.08.24-00.18.26:926][202]LogModuleManager: Shutting down and abandoning module MessagingRpc (131)
[2016.08.24-00.18.26:926][202]LogModuleManager: Shutting down and abandoning module AITestSuite (130)
[2016.08.24-00.18.26:926][202]LogModuleManager: Shutting down and abandoning module GameplayDebugger (129)
[2016.08.24-00.18.26:927][202]LogModuleManager: Shutting down and abandoning module AIModule (128)
[2016.08.24-00.18.26:927][202]LogModuleManager: Shutting down and abandoning module ProfilerService (127)
[2016.08.24-00.18.26:929][202]LogModuleManager: Shutting down and abandoning module TaskGraph (126)
[2016.08.24-00.18.26:929][202]LogModuleManager: Shutting down and abandoning module SlateRemote (125)
[2016.08.24-00.18.26:929][202]LogModuleManager: Shutting down and abandoning module SteamVRController (124)
[2016.08.24-00.18.26:929][202]LogModuleManager: Shutting down and abandoning module SteamVR (123)
[2016.08.24-00.18.26:929][202]LogModuleManager: Shutting down and abandoning module ProceduralMeshComponent (122)
[2016.08.24-00.18.26:929][202]LogModuleManager: Shutting down and abandoning module OculusLibrary (121)
[2016.08.24-00.18.26:929][202]LogModuleManager: Shutting down and abandoning module OculusInput (120)
[2016.08.24-00.18.26:929][202]LogModuleManager: Shutting down and abandoning module CustomMeshComponent (119)
[2016.08.24-00.18.26:929][202]LogModuleManager: Shutting down and abandoning module CableComponent (118)
[2016.08.24-00.18.26:929][202]LogModuleManager: Shutting down and abandoning module ArchVisCharacter (117)
[2016.08.24-00.18.26:929][202]LogModuleManager: Shutting down and abandoning module MediaPlayerEditor (116)
[2016.08.24-00.18.26:929][202]LogModuleManager: Shutting down and abandoning module HTML5Networking (115)
[2016.08.24-00.18.26:929][202]LogModuleManager: Shutting down and abandoning module SpeedTreeImporter (114)
[2016.08.24-00.18.26:929][202]LogModuleManager: Shutting down and abandoning module PluginBrowser (113)
[2016.08.24-00.18.26:929][202]LogModuleManager: Shutting down and abandoning module EpicSurvey (112)
[2016.08.24-00.18.26:929][202]LogModuleManager: Shutting down and abandoning module DesktopPlatform (111)
[2016.08.24-00.18.26:930][202]LogModuleManager: Shutting down and abandoning module VisualStudioSourceCodeAccess (110)
[2016.08.24-00.18.26:930][202]LogModuleManager: Shutting down and abandoning module UObjectPlugin (109)
[2016.08.24-00.18.26:930][202]LogModuleManager: Shutting down and abandoning module SubversionSourceControl (108)
[2016.08.24-00.18.26:930][202]LogModuleManager: Shutting down and abandoning module PerforceSourceControl (107)
[2016.08.24-00.18.26:930][202]LogModuleManager: Shutting down and abandoning module SourceControl (106)
[2016.08.24-00.18.26:930][202]LogModuleManager: Shutting down and abandoning module GitSourceControl (105)
[2016.08.24-00.18.26:930][202]LogModuleManager: Shutting down and abandoning module LightPropagationVolumeEditor (104)
[2016.08.24-00.18.26:930][202]LogModuleManager: Shutting down and abandoning module PaperTiledImporter (103)
[2016.08.24-00.18.26:930][202]LogModuleManager: Shutting down and abandoning module PaperSpriteSheetImporter (102)
[2016.08.24-00.18.26:930][202]LogModuleManager: Shutting down and abandoning module MeshPaint (101)
[2016.08.24-00.18.26:930][202]LogModuleManager: Shutting down and abandoning module HotReload (100)
[2016.08.24-00.18.26:931][202]LogModuleManager: Shutting down and abandoning module MainFrame (99)
[2016.08.24-00.18.26:932][202]LogModuleManager: Shutting down and abandoning module LevelEditor (98)
[2016.08.24-00.18.26:933][202]LogModuleManager: Shutting down and abandoning module DirectoryWatcher (97)
[2016.08.24-00.18.26:935][202]LogModuleManager: Shutting down and abandoning module AssetRegistry (96)
[2016.08.24-00.18.27:131][202]LogModuleManager: Shutting down and abandoning module ContentBrowser (95)
[2016.08.24-00.18.27:132][202]LogModuleManager: Shutting down and abandoning module Paper2DEditor (94)
[2016.08.24-00.18.27:132][202]LogModuleManager: Shutting down and abandoning module Project_PlanetDef (93)
[2016.08.24-00.18.27:132][202]LogModuleManager: Shutting down and abandoning module UdpMessaging (92)
[2016.08.24-00.18.27:232][202]LogModuleManager: Shutting down and abandoning module LightPropagationVolumeRuntime (91)
[2016.08.24-00.18.27:232][202]LogModuleManager: Shutting down and abandoning module Paper2D (90)
[2016.08.24-00.18.27:232][202]LogModuleManager: Shutting down and abandoning module WindowsMoviePlayer (89)
[2016.08.24-00.18.27:232][202]LogModuleManager: Shutting down and abandoning module Media (88)
[2016.08.24-00.18.27:232][202]LogModuleManager: Shutting down and abandoning module WmfMedia (87)
[2016.08.24-00.18.27:233][202]LogModuleManager: Shutting down and abandoning module MediaAssets (86)
[2016.08.24-00.18.27:233][202]LogModuleManager: Shutting down and abandoning module GameLiveStreaming (85)
[2016.08.24-00.18.27:233][202]LogModuleManager: Shutting down and abandoning module GameplayTagsEditor (84)
[2016.08.24-00.18.27:233][202]LogModuleManager: Shutting down and abandoning module OnlineBlueprintSupport (83)
[2016.08.24-00.18.27:233][202]LogModuleManager: Shutting down and abandoning module GameplayTasksEditor (82)
[2016.08.24-00.18.27:233][202]LogModuleManager: Shutting down and abandoning module PropertyEditor (81)
[2016.08.24-00.18.27:233][202]LogModuleManager: Shutting down and abandoning module BehaviorTreeEditor (80)
[2016.08.24-00.18.27:233][202]LogModuleManager: Shutting down and abandoning module FunctionalTesting (79)
[2016.08.24-00.18.27:234][202]LogModuleManager: Shutting down and abandoning module CollisionAnalyzer (78)
[2016.08.24-00.18.27:234][202]LogModuleManager: Shutting down and abandoning module WorkspaceMenuStructure (77)
[2016.08.24-00.18.27:234][202]LogModuleManager: Shutting down and abandoning module MessageLog (76)
[2016.08.24-00.18.27:234][202]LogModuleManager: Shutting down and abandoning module Sequencer (75)
[2016.08.24-00.18.27:234][202]LogModuleManager: Shutting down and abandoning module AssetTools (74)
[2016.08.24-00.18.27:234][202]LogModuleManager: Shutting down and abandoning module UMGEditor (73)
[2016.08.24-00.18.27:234][202]LogModuleManager: Shutting down and abandoning module UMG (72)
[2016.08.24-00.18.27:234][202]LogModuleManager: Shutting down and abandoning module SlateReflector (71)
[2016.08.24-00.18.27:234][202]LogModuleManager: Shutting down and abandoning module Slate (70)
[2016.08.24-00.18.27:234][202]LogModuleManager: Shutting down and abandoning module EditorStyle (69)
[2016.08.24-00.18.27:241][202]LogModuleManager: Shutting down and abandoning module SessionServices (68)
[2016.08.24-00.18.27:241][202]LogModuleManager: Shutting down and abandoning module SourceCodeAccess (67)
[2016.08.24-00.18.27:241][202]LogModuleManager: Shutting down and abandoning module HeadMountedDisplay (66)
[2016.08.24-00.18.27:241][202]LogModuleManager: Shutting down and abandoning module XAudio2 (65)
[2016.08.24-00.18.27:241][202]LogModuleManager: Shutting down and abandoning module Networking (63)
[2016.08.24-00.18.27:241][202]LogModuleManager: Shutting down and abandoning module Core (62)
[2016.08.24-00.18.27:241][202]LogModuleManager: Shutting down and abandoning module KismetCompiler (61)
[2016.08.24-00.18.27:241][202]LogModuleManager: Shutting down and abandoning module PhysXFormats (60)
[2016.08.24-00.18.27:241][202]LogModuleManager: Shutting down and abandoning module MeshUtilities (59)
[2016.08.24-00.18.27:241][202]LogModuleManager: Shutting down and abandoning module CookingStats (58)
[2016.08.24-00.18.27:241][202]LogModuleManager: Shutting down and abandoning module DerivedDataCache (57)
[2016.08.24-00.18.27:242][202]LogDerivedDataCache: Shutdown
[2016.08.24-00.18.27:242][202]LogModuleManager: Shutting down and abandoning module ShaderFormatOpenGL (56)
[2016.08.24-00.18.27:242][202]LogModuleManager: Shutting down and abandoning module ShaderFormatD3D (55)
[2016.08.24-00.18.27:242][202]LogModuleManager: Shutting down and abandoning module MetalShaderFormat (54)
[2016.08.24-00.18.27:242][202]LogModuleManager: Shutting down and abandoning module TextureFormatUncompressed (53)
[2016.08.24-00.18.27:242][202]LogModuleManager: Shutting down and abandoning module TextureFormatPVR (52)
[2016.08.24-00.18.27:242][202]LogModuleManager: Shutting down and abandoning module TextureFormatIntelISPCTexComp (51)
[2016.08.24-00.18.27:242][202]LogModuleManager: Shutting down and abandoning module TextureFormatDXT (50)
[2016.08.24-00.18.27:242][202]LogModuleManager: Shutting down and abandoning module ImageWrapper (49)
[2016.08.24-00.18.27:242][202]LogModuleManager: Shutting down and abandoning module TextureFormatASTC (48)
[2016.08.24-00.18.27:242][202]LogModuleManager: Shutting down and abandoning module TextureFormatAndroid (47)
[2016.08.24-00.18.27:242][202]LogModuleManager: Shutting down and abandoning module AudioFormatOpus (46)
[2016.08.24-00.18.27:242][202]LogModuleManager: Shutting down and abandoning module AudioFormatOgg (45)
[2016.08.24-00.18.27:242][202]LogModuleManager: Shutting down and abandoning module AudioFormatADPCM (44)
[2016.08.24-00.18.27:242][202]LogModuleManager: Shutting down and abandoning module LinuxTargetPlatform (43)
[2016.08.24-00.18.27:242][202]LogModuleManager: Shutting down and abandoning module LinuxServerTargetPlatform (42)
[2016.08.24-00.18.27:242][202]LogModuleManager: Shutting down and abandoning module LinuxNoEditorTargetPlatform (41)
[2016.08.24-00.18.27:242][202]LogModuleManager: Shutting down and abandoning module TVOSTargetPlatform (40)
[2016.08.24-00.18.27:242][202]LogModuleManager: Shutting down and abandoning module Messaging (39)
[2016.08.24-00.18.27:242][202]LogModuleManager: Shutting down and abandoning module IOSTargetPlatform (38)
[2016.08.24-00.18.27:242][202]LogModuleManager: Shutting down and abandoning module HTML5TargetPlatform (37)
[2016.08.24-00.18.27:242][202]LogModuleManager: Shutting down and abandoning module Android_PVRTCTargetPlatform (36)
[2016.08.24-00.18.27:242][202]LogModuleManager: Shutting down and abandoning module Android_MultiTargetPlatform (35)
[2016.08.24-00.18.27:243][202]LogModuleManager: Shutting down and abandoning module Android_ETC2TargetPlatform (34)
[2016.08.24-00.18.27:243][202]LogModuleManager: Shutting down and abandoning module Android_ETC1TargetPlatform (33)
[2016.08.24-00.18.27:243][202]LogModuleManager: Shutting down and abandoning module Android_DXTTargetPlatform (32)
[2016.08.24-00.18.27:243][202]LogModuleManager: Shutting down and abandoning module Android_ATCTargetPlatform (31)
[2016.08.24-00.18.27:243][202]LogModuleManager: Shutting down and abandoning module Android_ASTCTargetPlatform (30)
[2016.08.24-00.18.27:243][202]LogModuleManager: Shutting down and abandoning module AndroidTargetPlatform (29)
[2016.08.24-00.18.27:243][202]LogModuleManager: Shutting down and abandoning module WindowsTargetPlatform (28)
[2016.08.24-00.18.27:243][202]LogModuleManager: Shutting down and abandoning module WindowsServerTargetPlatform (27)
[2016.08.24-00.18.27:243][202]LogModuleManager: Shutting down and abandoning module WindowsNoEditorTargetPlatform (26)
[2016.08.24-00.18.27:243][202]LogModuleManager: Shutting down and abandoning module WindowsClientTargetPlatform (25)
[2016.08.24-00.18.27:243][202]LogModuleManager: Shutting down and abandoning module AllDesktopTargetPlatform (24)
[2016.08.24-00.18.27:243][202]LogModuleManager: Shutting down and abandoning module TargetPlatform (23)
[2016.08.24-00.18.27:243][202]LogModuleManager: Shutting down and abandoning module InputCore (22)
[2016.08.24-00.18.27:243][202]LogModuleManager: Shutting down and abandoning module Settings (21)
[2016.08.24-00.18.27:243][202]LogModuleManager: Shutting down and abandoning module OnlineSubsystem (19)
[2016.08.24-00.18.27:243][202]LogModuleManager: Shutting down and abandoning module HTTP (18)
[2016.08.24-00.18.28:243][202]LogModuleManager: Shutting down and abandoning module XMPP (17)
[2016.08.24-00.18.28:243][202]LogModuleManager: Shutting down and abandoning module OculusRift (16)
[2016.08.24-00.18.28:243][202]LogModuleManager: Shutting down and abandoning module ExampleDeviceProfileSelector (15)
[2016.08.24-00.18.28:243][202]LogModuleManager: Shutting down and abandoning module TextureCompressor (14)
[2016.08.24-00.18.28:244][202]LogModuleManager: Shutting down and abandoning module ShaderCore (13)
[2016.08.24-00.18.28:244][202]LogModuleManager: Shutting down and abandoning module Landscape (12)
[2016.08.24-00.18.28:244][202]LogModuleManager: Shutting down and abandoning module SlateRHIRenderer (11)
[2016.08.24-00.18.28:248][202]LogModuleManager: Shutting down and abandoning module OpenGLDrv (10)
[2016.08.24-00.18.28:248][202]LogModuleManager: Shutting down and abandoning module D3D11RHI (9)
[2016.08.24-00.18.28:248][202]LogModuleManager: Shutting down and abandoning module AnimGraphRuntime (8)
[2016.08.24-00.18.28:248][202]LogModuleManager: Shutting down and abandoning module Renderer (7)
[2016.08.24-00.18.28:248][202]LogModuleManager: Shutting down and abandoning module Engine (6)
[2016.08.24-00.18.28:248][202]LogModuleManager: Shutting down and abandoning module CoreUObject (5)
[2016.08.24-00.18.28:248][202]LogModuleManager: Shutting down and abandoning module NetworkFile (4)
[2016.08.24-00.18.28:248][202]LogModuleManager: Shutting down and abandoning module StreamingFile (3)
[2016.08.24-00.18.28:248][202]LogModuleManager: Shutting down and abandoning module SandboxFile (2)
[2016.08.24-00.18.28:248][202]LogModuleManager: Shutting down and abandoning module PakFile (1)
[2016.08.24-00.18.28:252][202]LogExit: Exiting.
[2016.08.24-00.18.28:299][202]Log file closed, 08/24/16 10:18:28
