Log file open, 07/03/16 04:05:54
LogInit:Display: Running engine for game: Project_PlanetDef
LogPlatformFile: Not using cached read wrapper
LogInit:Display: RandInit(1347745347) SRandInit(1347745351).
LogTaskGraph: Started task graph with 4 named threads and 7 total threads.
LogStats: Stats thread started at 0.089913
LogInit: Version: 4.11.2-2946394+++UE4+Release-4.11
LogInit: API Version: 2927265
LogInit: Compiled (64-bit): Apr 18 2016 02:18:46
LogInit: Compiled with Visual C++: 19.00.23026.00
LogInit: Build Configuration: Development
LogInit: Branch Name: ++UE4+Release-4.11
LogInit: Command line: -EpicPortal 
LogInit: Base directory: C:/Program Files (x86)/Epic Games/4.11/Engine/Binaries/Win64/
LogInit: Installed Engine Build: 1
LogInit: Using libcurl 7.41.0
LogInit:  - built for x86_64-pc-win32
LogInit:  - supports SSL with WinSSL
LogInit:  - other features:
LogInit:      CURL_VERSION_SSL
LogInit:      CURL_VERSION_IPV6
LogInit:      CURL_VERSION_ASYNCHDNS
LogInit:      CURL_VERSION_LARGEFILE
LogInit:      CURL_VERSION_IDN
LogInit:  CurlRequestOptions (configurable via config and command line):
LogInit:  - bVerifyPeer = true  - Libcurl will verify peer certificate
LogInit:  - bUseHttpProxy = false  - Libcurl will NOT use HTTP proxy
LogInit:  - bDontReuseConnections = false  - Libcurl will reuse connections
LogInit:  - CertBundlePath = nullptr  - Libcurl will use whatever was configured at build time.
LogInit: Presizing for max 16777216 objects, including 0 objects not considered by GC, pre-allocating 0 bytes for permanent pool.
LogInit: Object subsystem initialized
[2016.07.02-18.05.54:871][  0]LogInit: Selected Device Profile: [Windows]
[2016.07.02-18.05.54:871][  0]LogInit: Applying CVar settings loaded from the selected device profile: [Windows]
[2016.07.02-18.05.54:884][  0]LogInit: Computer: JOSH-PC
[2016.07.02-18.05.54:884][  0]LogInit: User: JOSH
[2016.07.02-18.05.54:884][  0]LogInit: CPU Page size=65536, Cores=4
[2016.07.02-18.05.54:884][  0]LogInit: High frequency timer resolution =3.001650 MHz
[2016.07.02-18.05.54:885][  0]LogMemory: Memory total: Physical=16.0GB (16GB approx)
[2016.07.02-18.05.54:885][  0]LogMemory: Platform Memory Stats for Windows
[2016.07.02-18.05.54:885][  0]LogMemory: Process Physical Memory: 316.95 MB used, 316.95 MB peak
[2016.07.02-18.05.54:885][  0]LogMemory: Process Virtual Memory: 317.71 MB used, 317.71 MB peak
[2016.07.02-18.05.54:885][  0]LogMemory: Physical Memory: 7206.14 MB used, 16375.12 MB total
[2016.07.02-18.05.54:885][  0]LogMemory: Virtual Memory: 621.93 MB used, 8388608.00 MB total
[2016.07.02-18.05.54:935][  0]LogTextLocalizationManager: No specific translations for ('en-AU') exist, so ('en') translations will be used.
[2016.07.02-18.05.55:446][  0]LogD3D11RHI: D3D11 adapters:
[2016.07.02-18.05.55:456][  0]LogD3D11RHI:    0. 'AMD Radeon HD 6800 Series' (Feature Level 11_0)
[2016.07.02-18.05.55:456][  0]LogD3D11RHI:       1011MB of dedicated video memory, 0MB of dedicated system memory, and 3840MB of shared system memory, 2 output[s]
[2016.07.02-18.05.55:456][  0]LogD3D11RHI: Chosen D3D11 Adapter: 0
[2016.07.02-18.05.55:461][  0]LogD3D11RHI: Creating new Direct3DDevice
[2016.07.02-18.05.55:461][  0]LogD3D11RHI:     Adapter Name: AMD Radeon HD 6800 Series
[2016.07.02-18.05.55:461][  0]LogD3D11RHI:   Driver Version: Catalyst 15.7.1 (internal 15.200.1062.1004)
[2016.07.02-18.05.55:461][  0]LogD3D11RHI:      Driver Date: 8-3-2015
[2016.07.02-18.05.55:461][  0]LogRHI: Texture pool is 708 MB (70% of 1011 MB)
[2016.07.02-18.05.55:471][  0]LogD3D11RHI: Async texture creation disabled: no driver support
[2016.07.02-18.05.55:483][  0]LogShaderCompilers: Guid format shader working directory is -33 characters bigger than the processId version (../../../../../../Users/JOSH/Documents/Project_PlanetDefence/Project_PlanetDef/Intermediate/Shaders/WorkingDirectory/8352/).
[2016.07.02-18.05.55:483][  0]LogShaderCompilers: Cleaned the shader compiler working directory 'C:/Users/JOSH/AppData/Local/Temp/UnrealShaderWorkingDir/C27589EA441873AEF20F4FB401370F76/'.
[2016.07.02-18.05.55:483][  0]LogShaderCompilers:Display: Using Local Shader Compiler.
[2016.07.02-18.05.56:871][  0]LogTemp:Display: Loaded TP AllDesktopTargetPlatform
[2016.07.02-18.05.56:878][  0]LogTemp:Display: Loaded TP WindowsClientTargetPlatform
[2016.07.02-18.05.56:884][  0]LogTemp:Display: Loaded TP WindowsNoEditorTargetPlatform
[2016.07.02-18.05.56:891][  0]LogTemp:Display: Loaded TP WindowsServerTargetPlatform
[2016.07.02-18.05.56:897][  0]LogTemp:Display: Loaded TP WindowsTargetPlatform
[2016.07.02-18.05.56:902][  0]LogTemp:Display: Loaded TP AndroidTargetPlatform
[2016.07.02-18.05.56:907][  0]LogTemp:Display: Loaded TP Android_ASTCTargetPlatform
[2016.07.02-18.05.56:912][  0]LogTemp:Display: Loaded TP Android_ATCTargetPlatform
[2016.07.02-18.05.56:916][  0]LogTemp:Display: Loaded TP Android_DXTTargetPlatform
[2016.07.02-18.05.56:922][  0]LogTemp:Display: Loaded TP Android_ETC1TargetPlatform
[2016.07.02-18.05.56:926][  0]LogTemp:Display: Loaded TP Android_ETC2TargetPlatform
[2016.07.02-18.05.56:936][  0]LogTemp:Display: Loaded TP Android_MultiTargetPlatform
[2016.07.02-18.05.56:936][  0]LogTemp:Display: Loaded TP Android_PVRTCTargetPlatform
[2016.07.02-18.05.56:938][  0]LogTemp:Display: Loaded TP HTML5TargetPlatform
[2016.07.02-18.05.56:957][  0]LogTemp:Display: Loaded TP IOSTargetPlatform
[2016.07.02-18.05.56:962][  0]LogTemp:Display: Loaded TP TVOSTargetPlatform
[2016.07.02-18.05.56:966][  0]LogTemp:Display: Loaded TP LinuxNoEditorTargetPlatform
[2016.07.02-18.05.56:970][  0]LogTemp:Display: Loaded TP LinuxServerTargetPlatform
[2016.07.02-18.05.56:975][  0]LogTemp:Display: Loaded TP LinuxTargetPlatform
[2016.07.02-18.05.56:975][  0]LogTargetPlatformManager:Display: Building Assets For Windows
[2016.07.02-18.05.57:076][  0]LogDerivedDataCache:Display: Max Cache Size: 512 MB
[2016.07.02-18.05.57:180][  0]LogDerivedDataCache: Loaded boot cache 0.10s 46MB C:/Users/JOSH/AppData/Local/UnrealEngine/4.11/DerivedDataCache/Boot.ddc.
[2016.07.02-18.05.57:181][  0]LogDerivedDataCache:Display: Loaded Boot cache: C:/Users/JOSH/AppData/Local/UnrealEngine/4.11/DerivedDataCache/Boot.ddc
[2016.07.02-18.05.57:181][  0]LogDerivedDataCache: FDerivedDataBackendGraph:  Pak pak cache file ../../../../../../Users/JOSH/Documents/Project_PlanetDefence/Project_PlanetDef/DerivedDataCache/DDC.ddp not found, will not use a pak cache.
[2016.07.02-18.05.57:181][  0]LogDerivedDataCache: Unable to find inner node Pak for hierarchical cache Hierarchy.
[2016.07.02-18.05.57:181][  0]LogDerivedDataCache: FDerivedDataBackendGraph:  CompressedPak pak cache file ../../../../../../Users/JOSH/Documents/Project_PlanetDefence/Project_PlanetDef/DerivedDataCache/Compressed.ddp not found, will not use a pak cache.
[2016.07.02-18.05.57:181][  0]LogDerivedDataCache: Unable to find inner node CompressedPak for hierarchical cache Hierarchy.
[2016.07.02-18.05.57:205][  0]LogDerivedDataCache:Display: Pak cache opened for reading ../../../Engine/DerivedDataCache/Compressed.ddp.
[2016.07.02-18.05.57:217][  0]LogDerivedDataCache: Using Local data cache path C:/Users/JOSH/AppData/Local/UnrealEngine/Common/DerivedDataCache: Writable
[2016.07.02-18.05.57:535][  0]LogInit: Selected Device Profile: [Windows]
[2016.07.02-18.05.57:538][  0]LogContentStreaming: Texture pool size is 0.00 MB
[2016.07.02-18.05.57:594][  0]LogMaterial: Uniform references updated for custom material expression Custom.
[2016.07.02-18.05.57:895][  0]LogMeshUtilities: No automatic mesh reduction module available
[2016.07.02-18.05.57:895][  0]LogMeshUtilities: No automatic mesh merging module available
[2016.07.02-18.05.57:896][  0]LogMeshUtilities: No distributed automatic mesh merging module available
[2016.07.02-18.05.58:702][  0]LogUObjectArray: 27679 objects as part of root set at end of initial load.
[2016.07.02-18.05.58:702][  0]LogUObjectAllocator: 5591592 out of 0 bytes used by permanent object pool.
[2016.07.02-18.05.58:702][  0]LogUObjectArray: CloseDisregardForGC: 0/0 objects in disregard for GC pool
[2016.07.02-18.05.58:711][  0]LogInit: WinSock: version 1.1 (2.2), MaxSocks=32767, MaxUdp=65467
[2016.07.02-18.05.58:872][  0]LogSlate: SlateFontCache - WITH_FREETYPE: 1, WITH_HARFBUZZ: 1
[2016.07.02-18.05.58:872][  0]LogSlate: SlateFontCache - WITH_FREETYPE: 1, WITH_HARFBUZZ: 1
[2016.07.02-18.05.59:016][  0]LogStreaming:Warning: Failed to read file '../../../Engine/Content/Editor/Slate/Common/Selection_16x.png' error.
[2016.07.02-18.05.59:017][  0]LogSlate: Could not find file for Slate resource: ../../../Engine/Content/Editor/Slate/Common/Selection_16x.png
[2016.07.02-18.05.59:017][  0]LogStreaming:Warning: Failed to read file '../../../Engine/Content/Editor/Slate/Common/Selection_16x.png' error.
[2016.07.02-18.05.59:017][  0]LogSlate: Could not find file for Slate resource: ../../../Engine/Content/Editor/Slate/Common/Selection_16x.png
[2016.07.02-18.05.59:017][  0]LogStreaming:Warning: Failed to read file '../../../Engine/Content/Editor/Slate/Common/Selection_16x.png' error.
[2016.07.02-18.05.59:017][  0]LogSlate: Could not find file for Slate resource: ../../../Engine/Content/Editor/Slate/Common/Selection_16x.png
[2016.07.02-18.05.59:984][  0]LogUdpMessaging: Initializing bridge on interface 0.0.0.0:0 to multicast group 230.0.0.1:6666.
[2016.07.02-18.06.00:149][  0]LogAssetRegistry: FAssetRegistry took 0.0294 seconds to start up
[2016.07.02-18.06.00:539][  0]SourceControl: Info Source control is disabled
[2016.07.02-18.06.00:737][  0]SourceControl: Info Source control is disabled
[2016.07.02-18.06.00:751][  0]SourceControl: Info Source control is disabled
[2016.07.02-18.06.00:765][  0]SourceControl: Info Source control is disabled
[2016.07.02-18.06.00:991][  0]LogHMD: Failed to initialize OpenVR with code 108
[2016.07.02-18.06.01:104][  0]LogEngine: Initializing Engine...
[2016.07.02-18.06.01:372][  0]LogAIModule: Creating AISystem for world NewWorld
[2016.07.02-18.06.01:386][  0]LogInit: XAudio2 using 'Speakers (Realtek High Definition Audio)' : 2 channels at 48 kHz using 32 bits per sample (channel mask 0x3)
[2016.07.02-18.06.01:399][  0]LogInit: FAudioDevice initialized.
[2016.07.02-18.06.01:459][  0]LogDerivedDataCache: Saved boot cache 0.06s 46MB C:/Users/JOSH/AppData/Local/UnrealEngine/4.11/DerivedDataCache/Boot.ddc.
[2016.07.02-18.06.01:484][  0]LogInit: Texture streaming: Enabled
[2016.07.02-18.06.01:517][  0]LogInit: Transaction tracking system initialized
[2016.07.02-18.06.01:556][  0]BlueprintLog: New page: Editor Load
[2016.07.02-18.06.01:671][  0]LocalizationService: Info Localization service is disabled
[2016.07.02-18.06.01:783][  0]LogConsoleResponse:Display: 
[2016.07.02-18.06.02:004][  0]LogCook:Display: Max memory allowance for cook 8192mb
[2016.07.02-18.06.02:004][  0]LogCook:Display: Mobile HDR setting 1
[2016.07.02-18.06.02:004][  0]LogCook:Display: Done creating registry. It took  0.00s.
[2016.07.02-18.06.02:105][  0]LogFileCache: Scanning file cache for directory 'C:/Users/JOSH/Documents/Project_PlanetDefence/Project_PlanetDef/Content/' took 0.02s
[2016.07.02-18.06.02:105][  0]SourceControl: Info Source control is disabled
[2016.07.02-18.06.02:105][  0]Cmd: MAP LOAD FILE="../../../Engine/Content/Maps/Templates/Template_Default.umap" TEMPLATE=1 SHOWPROGRESS=1 FEATURELEVEL=3
[2016.07.02-18.06.02:106][  0]LightingResults: New page: Lighting Build
[2016.07.02-18.06.02:111][  0]MapCheck: New page: Map Check
[2016.07.02-18.06.02:111][  0]LightingResults: New page: Lighting Build
[2016.07.02-18.06.02:760][  0]LogAIModule: Creating AISystem for world Untitled_1
[2016.07.02-18.06.02:768][  0]LogEditorServer: Finished looking for orphan Actors (0.000 secs)
[2016.07.02-18.06.02:799][  0]Cmd: MAP CHECKDEP NOCLEARLOG
[2016.07.02-18.06.02:876][  0]MapCheck: Info Map check complete: 0 Error(s), 0 Warning(s), took 76.049ms to complete.
[2016.07.02-18.06.02:876][  0]LogFileHelpers: Loading map 'Template_Default' took 0.771
[2016.07.02-18.06.03:080][  0]LogCollectionManager: Loaded 0 collections in 0.002489 seconds
[2016.07.02-18.06.03:140][  0]LogFileCache: Scanning file cache for directory 'C:/Users/JOSH/Documents/Project_PlanetDefence/Project_PlanetDef/Saved/Collections/' took 0.01s
[2016.07.02-18.06.03:140][  0]LogFileCache: Scanning file cache for directory 'C:/Users/JOSH/Documents/Project_PlanetDefence/Project_PlanetDef/Content/Developers/JOSH/Collections/' took 0.01s
[2016.07.02-18.06.03:140][  0]LogFileCache: Scanning file cache for directory 'C:/Users/JOSH/Documents/Project_PlanetDefence/Project_PlanetDef/Content/Collections/' took 0.01s
[2016.07.02-18.06.03:140][  0]LogCollectionManager: Rebuilt the GUID cache for 0 collections in 0.000004 seconds
[2016.07.02-18.06.03:154][  0]LogContentBrowser: Native class hierarchy populated in 0.0140 seconds. Added 1979 classes and 343 folders.
[2016.07.02-18.06.03:159][  0]LogStats: UGameplayTagsManager::ConstructGameplayTagTree: Construct from data asset -  0.000 s
[2016.07.02-18.06.03:159][  0]LogStats: UGameplayTagsManager::ConstructGameplayTagTree: GameplayTagTreeChangedEvent.Broadcast -  0.000 s
[2016.07.02-18.06.03:161][  0]LogContentBrowser: Native class hierarchy updated for 'GameplayTags' in 0.0023 seconds. Added 12 classes and 0 folders.
[2016.07.02-18.06.03:169][  0]LogContentBrowser: Native class hierarchy updated for 'WidgetCarousel' in 0.0024 seconds. Added 0 classes and 0 folders.
[2016.07.02-18.06.03:179][  0]LogContentBrowser: Native class hierarchy updated for 'SuperSearch' in 0.0026 seconds. Added 1 classes and 2 folders.
[2016.07.02-18.06.03:258][  0]LogContentBrowser: Native class hierarchy updated for 'AddContentDialog' in 0.0031 seconds. Added 0 classes and 0 folders.
[2016.07.02-18.06.03:283][  0]LogContentBrowser: Native class hierarchy updated for 'SceneOutliner' in 0.0025 seconds. Added 1 classes and 2 folders.
[2016.07.02-18.06.03:322][  0]LogCrashTracker: Crashtracker disabled due to settings.
[2016.07.02-18.06.03:327][  0]LogUObjectGlobals:Warning: Failed to find object 'Class None.'
[2016.07.02-18.06.03:355][  0]LogContentBrowser: Native class hierarchy updated for 'HierarchicalLODOutliner' in 0.0037 seconds. Added 1 classes and 2 folders.
[2016.07.02-18.06.03:356][  0]LogLoad: Full Startup: 9.71 seconds (BP compile: 0.09 seconds)
[2016.07.02-18.06.03:356][  0]LogExternalProfiler: Found external profiler: VSPerf
[2016.07.02-18.06.03:356][  0]LogExternalProfiler: Using external profiler: VSPerf
[2016.07.02-18.06.03:365][  0]LogOcInput: OculusInput pre-init called
[2016.07.02-18.06.03:439][  0]LogContentStreaming: Texture pool size now 1000 MB
[2016.07.02-18.06.03:668][  2]LogRenderer: Reallocating scene render targets to support 1164x584 (Frame:2).
[2016.07.02-18.06.04:057][  2]LogAssetRegistry: Asset discovery search completed in 3.9380 seconds
[2016.07.02-18.06.04:058][  2]LogCollectionManager: Rebuilt the object cache for 0 collections in 0.000001 seconds (found 0 objects)
[2016.07.02-18.06.04:058][  2]LogCollectionManager: Fixed up redirectors for 0 collections in 0.000183 seconds (updated 0 objects)
[2016.07.02-18.07.27:357][884]Cmd: QUIT_EDITOR
[2016.07.02-18.07.27:488][884]LogExit: Preparing to exit.
[2016.07.02-18.07.28:143][884]LogExit: Editor shut down
[2016.07.02-18.07.28:143][884]LogExit: Transaction tracking system shut down
[2016.07.02-18.07.28:275][884]LogObj: Freed 0b from 0 cluster array pools.
[2016.07.02-18.07.28:275][884]LogExit: Object subsystem successfully closed.
[2016.07.02-18.07.28:290][884]LogD3D11RHI: Shutdown
[2016.07.02-18.07.28:290][884]LogD3D11RHI: CleanupD3DDevice
[2016.07.02-18.07.28:335][884]LogD3D11RHI: ~FD3D11DynamicRHI
[2016.07.02-18.07.28:716][884]LogDerivedDataCache: Shutdown
[2016.07.02-18.07.28:717][884]LogModuleManager: Shutting down and abandoning module HierarchicalLODOutliner (205)
[2016.07.02-18.07.28:717][884]LogModuleManager: Shutting down and abandoning module CrashTracker (204)
[2016.07.02-18.07.28:717][884]LogModuleManager: Shutting down and abandoning module SceneOutliner (203)
[2016.07.02-18.07.28:717][884]LogModuleManager: Shutting down and abandoning module SuperSearch (202)
[2016.07.02-18.07.28:717][884]LogModuleManager: Shutting down and abandoning module WidgetCarousel (201)
[2016.07.02-18.07.28:717][884]LogModuleManager: Shutting down and abandoning module AddContentDialog (200)
[2016.07.02-18.07.28:719][884]LogModuleManager: Shutting down and abandoning module GameplayTags (199)
[2016.07.02-18.07.28:719][884]LogModuleManager: Shutting down and abandoning module EditorWidgets (198)
[2016.07.02-18.07.28:719][884]LogModuleManager: Shutting down and abandoning module CollectionManager (197)
[2016.07.02-18.07.28:719][884]LogModuleManager: Shutting down and abandoning module StatsViewer (196)
[2016.07.02-18.07.28:719][884]LogModuleManager: Shutting down and abandoning module FoliageEdit (195)
[2016.07.02-18.07.28:719][884]LogModuleManager: Shutting down and abandoning module LandscapeEditor (194)
[2016.07.02-18.07.28:720][884]LogModuleManager: Shutting down and abandoning module ActorPickerMode (193)
[2016.07.02-18.07.28:720][884]LogModuleManager: Shutting down and abandoning module GeometryMode (192)
[2016.07.02-18.07.28:720][884]LogModuleManager: Shutting down and abandoning module TextureAlignMode (191)
[2016.07.02-18.07.28:720][884]LogModuleManager: Shutting down and abandoning module BspMode (190)
[2016.07.02-18.07.28:720][884]LogModuleManager: Shutting down and abandoning module PlacementMode (189)
[2016.07.02-18.07.28:720][884]LogModuleManager: Shutting down and abandoning module AutomationWorker (188)
[2016.07.02-18.07.28:720][884]LogModuleManager: Shutting down and abandoning module CharacterAI (187)
[2016.07.02-18.07.28:720][884]LogModuleManager: Shutting down and abandoning module SmartSnapping (186)
[2016.07.02-18.07.28:720][884]LogModuleManager: Shutting down and abandoning module ViewportSnapping (185)
[2016.07.02-18.07.28:720][884]LogModuleManager: Shutting down and abandoning module LogVisualizer (184)
[2016.07.02-18.07.28:720][884]LogModuleManager: Shutting down and abandoning module GameProjectGeneration (183)
[2016.07.02-18.07.28:720][884]LogModuleManager: Shutting down and abandoning module IntroTutorials (182)
[2016.07.02-18.07.28:720][884]LogModuleManager: Shutting down and abandoning module EditorLiveStreaming (181)
[2016.07.02-18.07.28:720][884]LogModuleManager: Shutting down and abandoning module IOSPlatformEditor (180)
[2016.07.02-18.07.28:720][884]LogModuleManager: Shutting down and abandoning module HTML5PlatformEditor (179)
[2016.07.02-18.07.28:720][884]LogModuleManager: Shutting down and abandoning module AndroidDeviceDetection (178)
[2016.07.02-18.07.28:721][884]LogModuleManager: Shutting down and abandoning module AndroidPlatformEditor (177)
[2016.07.02-18.07.28:721][884]LogModuleManager: Shutting down and abandoning module IOSRuntimeSettings (176)
[2016.07.02-18.07.28:721][884]LogModuleManager: Shutting down and abandoning module AndroidRuntimeSettings (175)
[2016.07.02-18.07.28:721][884]LogModuleManager: Shutting down and abandoning module MergeActors (174)
[2016.07.02-18.07.28:722][884]LogModuleManager: Shutting down and abandoning module SizeMap (173)
[2016.07.02-18.07.28:722][884]LogModuleManager: Shutting down and abandoning module TreeMap (172)
[2016.07.02-18.07.28:722][884]LogModuleManager: Shutting down and abandoning module ReferenceViewer (171)
[2016.07.02-18.07.28:722][884]LogModuleManager: Shutting down and abandoning module LocalizationService (170)
[2016.07.02-18.07.28:722][884]LogModuleManager: Shutting down and abandoning module LocalizationDashboard (169)
[2016.07.02-18.07.28:722][884]LogModuleManager: Shutting down and abandoning module HardwareTargeting (168)
[2016.07.02-18.07.28:722][884]LogModuleManager: Shutting down and abandoning module DeviceProfileEditor (167)
[2016.07.02-18.07.28:722][884]LogModuleManager: Shutting down and abandoning module UndoHistory (166)
[2016.07.02-18.07.28:722][884]LogModuleManager: Shutting down and abandoning module UserFeedback (165)
[2016.07.02-18.07.28:722][884]LogModuleManager: Shutting down and abandoning module XmlParser (164)
[2016.07.02-18.07.28:722][884]LogModuleManager: Shutting down and abandoning module Blutility (163)
[2016.07.02-18.07.28:722][884]LogModuleManager: Shutting down and abandoning module ProjectTargetPlatformEditor (162)
[2016.07.02-18.07.28:723][884]LogModuleManager: Shutting down and abandoning module ProjectSettingsViewer (161)
[2016.07.02-18.07.28:723][884]LogModuleManager: Shutting down and abandoning module InputBindingEditor (160)
[2016.07.02-18.07.28:723][884]LogModuleManager: Shutting down and abandoning module EditorSettingsViewer (159)
[2016.07.02-18.07.28:723][884]LogModuleManager: Shutting down and abandoning module SettingsEditor (158)
[2016.07.02-18.07.28:723][884]LogModuleManager: Shutting down and abandoning module ProjectLauncher (157)
[2016.07.02-18.07.28:723][884]LogModuleManager: Shutting down and abandoning module SessionFrontend (156)
[2016.07.02-18.07.28:723][884]LogModuleManager: Shutting down and abandoning module ProfilerClient (155)
[2016.07.02-18.07.28:723][884]LogModuleManager: Shutting down and abandoning module TargetDeviceServices (154)
[2016.07.02-18.07.28:723][884]LogModuleManager: Shutting down and abandoning module DeviceManager (153)
[2016.07.02-18.07.28:778][884]LogModuleManager: Shutting down and abandoning module AutomationController (152)
[2016.07.02-18.07.28:778][884]LogModuleManager: Shutting down and abandoning module AutomationWindow (151)
[2016.07.02-18.07.28:778][884]LogModuleManager: Shutting down and abandoning module Layers (150)
[2016.07.02-18.07.28:778][884]LogModuleManager: Shutting down and abandoning module ComponentVisualizers (149)
[2016.07.02-18.07.28:778][884]LogModuleManager: Shutting down and abandoning module DetailCustomizations (148)
[2016.07.02-18.07.28:778][884]LogModuleManager: Shutting down and abandoning module PackagesDialog (147)
[2016.07.02-18.07.28:778][884]LogModuleManager: Shutting down and abandoning module Persona (146)
[2016.07.02-18.07.28:778][884]LogModuleManager: Shutting down and abandoning module Kismet (145)
[2016.07.02-18.07.28:778][884]LogModuleManager: Shutting down and abandoning module GraphEditor (144)
[2016.07.02-18.07.28:778][884]LogModuleManager: Shutting down and abandoning module ClassViewer (143)
[2016.07.02-18.07.28:778][884]LogModuleManager: Shutting down and abandoning module Toolbox (142)
[2016.07.02-18.07.28:778][884]LogModuleManager: Shutting down and abandoning module ModuleUI (141)
[2016.07.02-18.07.28:778][884]LogModuleManager: Shutting down and abandoning module MovieSceneTools (140)
[2016.07.02-18.07.28:778][884]LogModuleManager: Shutting down and abandoning module OutputLog (139)
[2016.07.02-18.07.28:778][884]LogModuleManager: Shutting down and abandoning module GammaUI (138)
[2016.07.02-18.07.28:778][884]LogModuleManager: Shutting down and abandoning module Documentation (137)
[2016.07.02-18.07.28:778][884]LogModuleManager: Shutting down and abandoning module StreamingPauseRendering (136)
[2016.07.02-18.07.28:778][884]LogModuleManager: Shutting down and abandoning module AnalyticsET (135)
[2016.07.02-18.07.28:778][884]LogModuleManager: Shutting down and abandoning module Analytics (134)
[2016.07.02-18.07.28:778][884]LogModuleManager: Shutting down and abandoning module PortalServices (133)
[2016.07.02-18.07.28:778][884]LogModuleManager: Shutting down and abandoning module PortalRpc (132)
[2016.07.02-18.07.28:778][884]LogModuleManager: Shutting down and abandoning module MessagingRpc (131)
[2016.07.02-18.07.28:778][884]LogModuleManager: Shutting down and abandoning module AITestSuite (130)
[2016.07.02-18.07.28:778][884]LogModuleManager: Shutting down and abandoning module GameplayDebugger (129)
[2016.07.02-18.07.28:778][884]LogModuleManager: Shutting down and abandoning module AIModule (128)
[2016.07.02-18.07.28:778][884]LogModuleManager: Shutting down and abandoning module ProfilerService (127)
[2016.07.02-18.07.28:802][884]LogModuleManager: Shutting down and abandoning module TaskGraph (126)
[2016.07.02-18.07.28:802][884]LogModuleManager: Shutting down and abandoning module SlateRemote (125)
[2016.07.02-18.07.28:802][884]LogModuleManager: Shutting down and abandoning module SteamVRController (124)
[2016.07.02-18.07.28:802][884]LogModuleManager: Shutting down and abandoning module SteamVR (123)
[2016.07.02-18.07.28:802][884]LogModuleManager: Shutting down and abandoning module ProceduralMeshComponent (122)
[2016.07.02-18.07.28:802][884]LogModuleManager: Shutting down and abandoning module OculusLibrary (121)
[2016.07.02-18.07.28:802][884]LogModuleManager: Shutting down and abandoning module OculusInput (120)
[2016.07.02-18.07.28:802][884]LogModuleManager: Shutting down and abandoning module CustomMeshComponent (119)
[2016.07.02-18.07.28:802][884]LogModuleManager: Shutting down and abandoning module CableComponent (118)
[2016.07.02-18.07.28:802][884]LogModuleManager: Shutting down and abandoning module ArchVisCharacter (117)
[2016.07.02-18.07.28:802][884]LogModuleManager: Shutting down and abandoning module MediaPlayerEditor (116)
[2016.07.02-18.07.28:802][884]LogModuleManager: Shutting down and abandoning module HTML5Networking (115)
[2016.07.02-18.07.28:802][884]LogModuleManager: Shutting down and abandoning module SpeedTreeImporter (114)
[2016.07.02-18.07.28:802][884]LogModuleManager: Shutting down and abandoning module PluginBrowser (113)
[2016.07.02-18.07.28:802][884]LogModuleManager: Shutting down and abandoning module EpicSurvey (112)
[2016.07.02-18.07.28:802][884]LogModuleManager: Shutting down and abandoning module DesktopPlatform (111)
[2016.07.02-18.07.28:802][884]LogModuleManager: Shutting down and abandoning module VisualStudioSourceCodeAccess (110)
[2016.07.02-18.07.28:803][884]LogModuleManager: Shutting down and abandoning module UObjectPlugin (109)
[2016.07.02-18.07.28:803][884]LogModuleManager: Shutting down and abandoning module SubversionSourceControl (108)
[2016.07.02-18.07.28:803][884]LogModuleManager: Shutting down and abandoning module PerforceSourceControl (107)
[2016.07.02-18.07.28:803][884]LogModuleManager: Shutting down and abandoning module SourceControl (106)
[2016.07.02-18.07.28:803][884]LogModuleManager: Shutting down and abandoning module GitSourceControl (105)
[2016.07.02-18.07.28:803][884]LogModuleManager: Shutting down and abandoning module LightPropagationVolumeEditor (104)
[2016.07.02-18.07.28:803][884]LogModuleManager: Shutting down and abandoning module PaperTiledImporter (103)
[2016.07.02-18.07.28:803][884]LogModuleManager: Shutting down and abandoning module PaperSpriteSheetImporter (102)
[2016.07.02-18.07.28:803][884]LogModuleManager: Shutting down and abandoning module MeshPaint (101)
[2016.07.02-18.07.28:803][884]LogModuleManager: Shutting down and abandoning module HotReload (100)
[2016.07.02-18.07.28:803][884]LogModuleManager: Shutting down and abandoning module MainFrame (99)
[2016.07.02-18.07.28:803][884]LogModuleManager: Shutting down and abandoning module LevelEditor (98)
[2016.07.02-18.07.28:804][884]LogModuleManager: Shutting down and abandoning module DirectoryWatcher (97)
[2016.07.02-18.07.28:805][884]LogModuleManager: Shutting down and abandoning module AssetRegistry (96)
[2016.07.02-18.07.29:111][884]LogModuleManager: Shutting down and abandoning module ContentBrowser (95)
[2016.07.02-18.07.29:112][884]LogModuleManager: Shutting down and abandoning module Paper2DEditor (94)
[2016.07.02-18.07.29:112][884]LogModuleManager: Shutting down and abandoning module Project_PlanetDef (93)
[2016.07.02-18.07.29:112][884]LogModuleManager: Shutting down and abandoning module UdpMessaging (92)
[2016.07.02-18.07.29:212][884]LogModuleManager: Shutting down and abandoning module LightPropagationVolumeRuntime (91)
[2016.07.02-18.07.29:212][884]LogModuleManager: Shutting down and abandoning module Paper2D (90)
[2016.07.02-18.07.29:212][884]LogModuleManager: Shutting down and abandoning module WindowsMoviePlayer (89)
[2016.07.02-18.07.29:212][884]LogModuleManager: Shutting down and abandoning module Media (88)
[2016.07.02-18.07.29:212][884]LogModuleManager: Shutting down and abandoning module WmfMedia (87)
[2016.07.02-18.07.29:213][884]LogModuleManager: Shutting down and abandoning module MediaAssets (86)
[2016.07.02-18.07.29:213][884]LogModuleManager: Shutting down and abandoning module GameLiveStreaming (85)
[2016.07.02-18.07.29:213][884]LogModuleManager: Shutting down and abandoning module GameplayTagsEditor (84)
[2016.07.02-18.07.29:213][884]LogModuleManager: Shutting down and abandoning module OnlineBlueprintSupport (83)
[2016.07.02-18.07.29:213][884]LogModuleManager: Shutting down and abandoning module GameplayTasksEditor (82)
[2016.07.02-18.07.29:213][884]LogModuleManager: Shutting down and abandoning module PropertyEditor (81)
[2016.07.02-18.07.29:213][884]LogModuleManager: Shutting down and abandoning module BehaviorTreeEditor (80)
[2016.07.02-18.07.29:213][884]LogModuleManager: Shutting down and abandoning module FunctionalTesting (79)
[2016.07.02-18.07.29:213][884]LogModuleManager: Shutting down and abandoning module CollisionAnalyzer (78)
[2016.07.02-18.07.29:213][884]LogModuleManager: Shutting down and abandoning module WorkspaceMenuStructure (77)
[2016.07.02-18.07.29:213][884]LogModuleManager: Shutting down and abandoning module MessageLog (76)
[2016.07.02-18.07.29:213][884]LogModuleManager: Shutting down and abandoning module Sequencer (75)
[2016.07.02-18.07.29:213][884]LogModuleManager: Shutting down and abandoning module AssetTools (74)
[2016.07.02-18.07.29:213][884]LogModuleManager: Shutting down and abandoning module UMGEditor (73)
[2016.07.02-18.07.29:213][884]LogModuleManager: Shutting down and abandoning module UMG (72)
[2016.07.02-18.07.29:214][884]LogModuleManager: Shutting down and abandoning module SlateReflector (71)
[2016.07.02-18.07.29:214][884]LogModuleManager: Shutting down and abandoning module Slate (70)
[2016.07.02-18.07.29:214][884]LogModuleManager: Shutting down and abandoning module EditorStyle (69)
[2016.07.02-18.07.29:218][884]LogModuleManager: Shutting down and abandoning module SessionServices (68)
[2016.07.02-18.07.29:218][884]LogModuleManager: Shutting down and abandoning module SourceCodeAccess (67)
[2016.07.02-18.07.29:219][884]LogModuleManager: Shutting down and abandoning module HeadMountedDisplay (66)
[2016.07.02-18.07.29:219][884]LogModuleManager: Shutting down and abandoning module XAudio2 (65)
[2016.07.02-18.07.29:219][884]LogModuleManager: Shutting down and abandoning module Networking (63)
[2016.07.02-18.07.29:219][884]LogModuleManager: Shutting down and abandoning module Core (62)
[2016.07.02-18.07.29:219][884]LogModuleManager: Shutting down and abandoning module KismetCompiler (61)
[2016.07.02-18.07.29:219][884]LogModuleManager: Shutting down and abandoning module PhysXFormats (60)
[2016.07.02-18.07.29:219][884]LogModuleManager: Shutting down and abandoning module MeshUtilities (59)
[2016.07.02-18.07.29:219][884]LogModuleManager: Shutting down and abandoning module CookingStats (58)
[2016.07.02-18.07.29:219][884]LogModuleManager: Shutting down and abandoning module DerivedDataCache (57)
[2016.07.02-18.07.29:219][884]LogDerivedDataCache: Shutdown
[2016.07.02-18.07.29:219][884]LogModuleManager: Shutting down and abandoning module ShaderFormatOpenGL (56)
[2016.07.02-18.07.29:219][884]LogModuleManager: Shutting down and abandoning module ShaderFormatD3D (55)
[2016.07.02-18.07.29:219][884]LogModuleManager: Shutting down and abandoning module MetalShaderFormat (54)
[2016.07.02-18.07.29:219][884]LogModuleManager: Shutting down and abandoning module TextureFormatUncompressed (53)
[2016.07.02-18.07.29:219][884]LogModuleManager: Shutting down and abandoning module TextureFormatPVR (52)
[2016.07.02-18.07.29:219][884]LogModuleManager: Shutting down and abandoning module TextureFormatIntelISPCTexComp (51)
[2016.07.02-18.07.29:219][884]LogModuleManager: Shutting down and abandoning module TextureFormatDXT (50)
[2016.07.02-18.07.29:219][884]LogModuleManager: Shutting down and abandoning module ImageWrapper (49)
[2016.07.02-18.07.29:219][884]LogModuleManager: Shutting down and abandoning module TextureFormatASTC (48)
[2016.07.02-18.07.29:219][884]LogModuleManager: Shutting down and abandoning module TextureFormatAndroid (47)
[2016.07.02-18.07.29:219][884]LogModuleManager: Shutting down and abandoning module AudioFormatOpus (46)
[2016.07.02-18.07.29:219][884]LogModuleManager: Shutting down and abandoning module AudioFormatOgg (45)
[2016.07.02-18.07.29:219][884]LogModuleManager: Shutting down and abandoning module AudioFormatADPCM (44)
[2016.07.02-18.07.29:219][884]LogModuleManager: Shutting down and abandoning module LinuxTargetPlatform (43)
[2016.07.02-18.07.29:219][884]LogModuleManager: Shutting down and abandoning module LinuxServerTargetPlatform (42)
[2016.07.02-18.07.29:219][884]LogModuleManager: Shutting down and abandoning module LinuxNoEditorTargetPlatform (41)
[2016.07.02-18.07.29:219][884]LogModuleManager: Shutting down and abandoning module TVOSTargetPlatform (40)
[2016.07.02-18.07.29:219][884]LogModuleManager: Shutting down and abandoning module Messaging (39)
[2016.07.02-18.07.29:220][884]LogModuleManager: Shutting down and abandoning module IOSTargetPlatform (38)
[2016.07.02-18.07.29:220][884]LogModuleManager: Shutting down and abandoning module HTML5TargetPlatform (37)
[2016.07.02-18.07.29:220][884]LogModuleManager: Shutting down and abandoning module Android_PVRTCTargetPlatform (36)
[2016.07.02-18.07.29:220][884]LogModuleManager: Shutting down and abandoning module Android_MultiTargetPlatform (35)
[2016.07.02-18.07.29:220][884]LogModuleManager: Shutting down and abandoning module Android_ETC2TargetPlatform (34)
[2016.07.02-18.07.29:220][884]LogModuleManager: Shutting down and abandoning module Android_ETC1TargetPlatform (33)
[2016.07.02-18.07.29:220][884]LogModuleManager: Shutting down and abandoning module Android_DXTTargetPlatform (32)
[2016.07.02-18.07.29:220][884]LogModuleManager: Shutting down and abandoning module Android_ATCTargetPlatform (31)
[2016.07.02-18.07.29:220][884]LogModuleManager: Shutting down and abandoning module Android_ASTCTargetPlatform (30)
[2016.07.02-18.07.29:220][884]LogModuleManager: Shutting down and abandoning module AndroidTargetPlatform (29)
[2016.07.02-18.07.29:220][884]LogModuleManager: Shutting down and abandoning module WindowsTargetPlatform (28)
[2016.07.02-18.07.29:220][884]LogModuleManager: Shutting down and abandoning module WindowsServerTargetPlatform (27)
[2016.07.02-18.07.29:220][884]LogModuleManager: Shutting down and abandoning module WindowsNoEditorTargetPlatform (26)
[2016.07.02-18.07.29:220][884]LogModuleManager: Shutting down and abandoning module WindowsClientTargetPlatform (25)
[2016.07.02-18.07.29:220][884]LogModuleManager: Shutting down and abandoning module AllDesktopTargetPlatform (24)
[2016.07.02-18.07.29:220][884]LogModuleManager: Shutting down and abandoning module TargetPlatform (23)
[2016.07.02-18.07.29:220][884]LogModuleManager: Shutting down and abandoning module InputCore (22)
[2016.07.02-18.07.29:220][884]LogModuleManager: Shutting down and abandoning module Settings (21)
[2016.07.02-18.07.29:220][884]LogModuleManager: Shutting down and abandoning module OnlineSubsystem (19)
[2016.07.02-18.07.29:220][884]LogModuleManager: Shutting down and abandoning module HTTP (18)
[2016.07.02-18.07.30:221][884]LogModuleManager: Shutting down and abandoning module XMPP (17)
[2016.07.02-18.07.30:221][884]LogModuleManager: Shutting down and abandoning module OculusRift (16)
[2016.07.02-18.07.30:221][884]LogModuleManager: Shutting down and abandoning module ExampleDeviceProfileSelector (15)
[2016.07.02-18.07.30:221][884]LogModuleManager: Shutting down and abandoning module TextureCompressor (14)
[2016.07.02-18.07.30:221][884]LogModuleManager: Shutting down and abandoning module ShaderCore (13)
[2016.07.02-18.07.30:221][884]LogModuleManager: Shutting down and abandoning module Landscape (12)
[2016.07.02-18.07.30:221][884]LogModuleManager: Shutting down and abandoning module SlateRHIRenderer (11)
[2016.07.02-18.07.30:224][884]LogModuleManager: Shutting down and abandoning module OpenGLDrv (10)
[2016.07.02-18.07.30:224][884]LogModuleManager: Shutting down and abandoning module D3D11RHI (9)
[2016.07.02-18.07.30:224][884]LogModuleManager: Shutting down and abandoning module AnimGraphRuntime (8)
[2016.07.02-18.07.30:224][884]LogModuleManager: Shutting down and abandoning module Renderer (7)
[2016.07.02-18.07.30:224][884]LogModuleManager: Shutting down and abandoning module Engine (6)
[2016.07.02-18.07.30:224][884]LogModuleManager: Shutting down and abandoning module CoreUObject (5)
[2016.07.02-18.07.30:224][884]LogModuleManager: Shutting down and abandoning module NetworkFile (4)
[2016.07.02-18.07.30:224][884]LogModuleManager: Shutting down and abandoning module StreamingFile (3)
[2016.07.02-18.07.30:224][884]LogModuleManager: Shutting down and abandoning module SandboxFile (2)
[2016.07.02-18.07.30:224][884]LogModuleManager: Shutting down and abandoning module PakFile (1)
[2016.07.02-18.07.30:225][884]LogExit: Exiting.
[2016.07.02-18.07.30:227][884]Log file closed, 07/03/16 04:07:30
