Log file open, 06/23/16 22:12:50
LogInit:Display: Running engine for game: Project_PlanetDef
LogPlatformFile: Not using cached read wrapper
LogInit:Display: RandInit(151685226) SRandInit(151685227).
LogTaskGraph: Started task graph with 4 named threads and 7 total threads.
LogStats: Stats thread started at 0.062115
OCULUS: Info: [CAPI] LibOVR module is located at C:\Program Files (x86)\Oculus\Support\oculus-runtime\LibOVRRT64_1.dll
OCULUS: Debug: Connected to the server running version (prod = 1).1.4.0(build = 224996) feature version = 0. Client runs version (prod = 1).1.4.0(build = 224996) feature version = 0
OCULUS: Debug: [HMDState] Using default profile default
OCULUS: Info: IAD changed to 64.0mm
OCULUS: Debug: [SharedMemory] Creating factory
LogInit: Version: 4.11.2-2946394+++UE4+Release-4.11
LogInit: API Version: 2927265
LogInit: Compiled (64-bit): Apr 18 2016 02:18:46
LogInit: Compiled with Visual C++: 19.00.23026.00
LogInit: Build Configuration: Development
LogInit: Branch Name: ++UE4+Release-4.11
LogInit: Command line: -EpicPortal 
LogInit: Base directory: D:/Program Files (x86)/Epic Games/4.11/Engine/Binaries/Win64/
LogInit: Installed Engine Build: 1
LogInit: Using libcurl 7.41.0
LogInit:  - built for x86_64-pc-win32
LogInit:  - supports SSL with WinSSL
LogInit:  - other features:
LogInit:      CURL_VERSION_SSL
LogInit:      CURL_VERSION_IPV6
LogInit:      CURL_VERSION_ASYNCHDNS
LogInit:      CURL_VERSION_LARGEFILE
LogInit:      CURL_VERSION_IDN
LogInit:  CurlRequestOptions (configurable via config and command line):
LogInit:  - bVerifyPeer = true  - Libcurl will verify peer certificate
LogInit:  - bUseHttpProxy = false  - Libcurl will NOT use HTTP proxy
LogInit:  - bDontReuseConnections = false  - Libcurl will reuse connections
LogInit:  - CertBundlePath = nullptr  - Libcurl will use whatever was configured at build time.
LogInit: Presizing for max 16777216 objects, including 0 objects not considered by GC, pre-allocating 0 bytes for permanent pool.
LogInit: Object subsystem initialized
[2016.06.23-12.12.50:576][  0]LogInit: Selected Device Profile: [Windows]
[2016.06.23-12.12.50:576][  0]LogInit: Applying CVar settings loaded from the selected device profile: [Windows]
[2016.06.23-12.12.50:583][  0]LogInit: Computer: DESKTOP-M92PTO3
[2016.06.23-12.12.50:583][  0]LogInit: User: StefanoAdmin
[2016.06.23-12.12.50:583][  0]LogInit: CPU Page size=65536, Cores=4
[2016.06.23-12.12.50:583][  0]LogInit: High frequency timer resolution =3.328126 MHz
[2016.06.23-12.12.50:583][  0]LogMemory: Memory total: Physical=15.9GB (16GB approx)
[2016.06.23-12.12.50:583][  0]LogMemory: Platform Memory Stats for Windows
[2016.06.23-12.12.50:583][  0]LogMemory: Process Physical Memory: 318.02 MB used, 318.02 MB peak
[2016.06.23-12.12.50:583][  0]LogMemory: Process Virtual Memory: 317.91 MB used, 317.91 MB peak
[2016.06.23-12.12.50:583][  0]LogMemory: Physical Memory: 5705.82 MB used, 16313.61 MB total
[2016.06.23-12.12.50:583][  0]LogMemory: Virtual Memory: 700.46 MB used, 134217728.00 MB total
[2016.06.23-12.12.50:793][  0]LogTextLocalizationManager: No specific translations for ('en-AU') exist, so ('en') translations will be used.
[2016.06.23-12.12.51:089][  0]LogD3D11RHI: D3D11 adapters:
[2016.06.23-12.12.51:105][  0]LogD3D11RHI:    0. 'NVIDIA GeForce GTX 980' (Feature Level 11_0)
[2016.06.23-12.12.51:105][  0]LogD3D11RHI:       4008MB of dedicated video memory, 0MB of dedicated system memory, and 8156MB of shared system memory, 1 output[s]
[2016.06.23-12.12.51:106][  0]LogD3D11RHI:    1. 'Microsoft Basic Render Driver' (Feature Level 11_0)
[2016.06.23-12.12.51:106][  0]LogD3D11RHI:       0MB of dedicated video memory, 0MB of dedicated system memory, and 8156MB of shared system memory, 0 output[s]
[2016.06.23-12.12.51:106][  0]LogD3D11RHI: Chosen D3D11 Adapter: 0
[2016.06.23-12.12.51:110][  0]LogD3D11RHI: Creating new Direct3DDevice
[2016.06.23-12.12.51:110][  0]LogD3D11RHI:     Adapter Name: NVIDIA GeForce GTX 980
[2016.06.23-12.12.51:110][  0]LogD3D11RHI:   Driver Version: 10.18.13.6510 (internal 10.18.13.6510)
[2016.06.23-12.12.51:111][  0]LogD3D11RHI:      Driver Date: 4-27-2016
[2016.06.23-12.12.51:111][  0]LogRHI: Texture pool is 1361 MB (70% of 1945 MB)
[2016.06.23-12.12.51:121][  0]LogD3D11RHI: Async texture creation enabled
[2016.06.23-12.12.51:130][  0]LogShaderCompilers: Guid format shader working directory is -47 characters bigger than the processId version (../../../../../../Admin/Documents/GitHub Repositories/Project_PlanetDefence/Project_PlanetDef/Intermediate/Shaders/WorkingDirectory/4432/).
[2016.06.23-12.12.51:130][  0]LogShaderCompilers: Cleaned the shader compiler working directory 'C:/Users/Admin/AppData/Local/Temp/UnrealShaderWorkingDir/7A50173942A6E59E3F7B179510B3FB9C/'.
[2016.06.23-12.12.51:130][  0]LogShaderCompilers:Display: Using Local Shader Compiler.
[2016.06.23-12.12.52:260][  0]LogTemp:Display: Loaded TP AllDesktopTargetPlatform
[2016.06.23-12.12.52:263][  0]LogTemp:Display: Loaded TP WindowsClientTargetPlatform
[2016.06.23-12.12.52:266][  0]LogTemp:Display: Loaded TP WindowsNoEditorTargetPlatform
[2016.06.23-12.12.52:269][  0]LogTemp:Display: Loaded TP WindowsServerTargetPlatform
[2016.06.23-12.12.52:273][  0]LogTemp:Display: Loaded TP WindowsTargetPlatform
[2016.06.23-12.12.52:276][  0]LogTemp:Display: Loaded TP AndroidTargetPlatform
[2016.06.23-12.12.52:278][  0]LogTemp:Display: Loaded TP Android_ASTCTargetPlatform
[2016.06.23-12.12.52:280][  0]LogTemp:Display: Loaded TP Android_ATCTargetPlatform
[2016.06.23-12.12.52:281][  0]LogTemp:Display: Loaded TP Android_DXTTargetPlatform
[2016.06.23-12.12.52:284][  0]LogTemp:Display: Loaded TP Android_ETC1TargetPlatform
[2016.06.23-12.12.52:286][  0]LogTemp:Display: Loaded TP Android_ETC2TargetPlatform
[2016.06.23-12.12.52:290][  0]LogTemp:Display: Loaded TP Android_MultiTargetPlatform
[2016.06.23-12.12.52:290][  0]LogTemp:Display: Loaded TP Android_PVRTCTargetPlatform
[2016.06.23-12.12.52:290][  0]LogTemp:Display: Loaded TP HTML5TargetPlatform
[2016.06.23-12.12.52:305][  0]LogTemp:Display: Loaded TP IOSTargetPlatform
[2016.06.23-12.12.52:307][  0]LogTemp:Display: Loaded TP TVOSTargetPlatform
[2016.06.23-12.12.52:309][  0]LogTemp:Display: Loaded TP LinuxNoEditorTargetPlatform
[2016.06.23-12.12.52:311][  0]LogTemp:Display: Loaded TP LinuxServerTargetPlatform
[2016.06.23-12.12.52:313][  0]LogTemp:Display: Loaded TP LinuxTargetPlatform
[2016.06.23-12.12.52:313][  0]LogTargetPlatformManager:Display: Building Assets For Windows
[2016.06.23-12.12.52:359][  0]LogDerivedDataCache:Display: Max Cache Size: 512 MB
[2016.06.23-12.12.52:392][  0]LogDerivedDataCache: Loaded boot cache 0.03s 46MB C:/Users/Admin/AppData/Local/UnrealEngine/4.11/DerivedDataCache/Boot.ddc.
[2016.06.23-12.12.52:393][  0]LogDerivedDataCache:Display: Loaded Boot cache: C:/Users/Admin/AppData/Local/UnrealEngine/4.11/DerivedDataCache/Boot.ddc
[2016.06.23-12.12.52:393][  0]LogDerivedDataCache: FDerivedDataBackendGraph:  Pak pak cache file ../../../../../../Admin/Documents/GitHub Repositories/Project_PlanetDefence/Project_PlanetDef/DerivedDataCache/DDC.ddp not found, will not use a pak cache.
[2016.06.23-12.12.52:393][  0]LogDerivedDataCache: Unable to find inner node Pak for hierarchical cache Hierarchy.
[2016.06.23-12.12.52:393][  0]LogDerivedDataCache: FDerivedDataBackendGraph:  CompressedPak pak cache file ../../../../../../Admin/Documents/GitHub Repositories/Project_PlanetDefence/Project_PlanetDef/DerivedDataCache/Compressed.ddp not found, will not use a pak cache.
[2016.06.23-12.12.52:393][  0]LogDerivedDataCache: Unable to find inner node CompressedPak for hierarchical cache Hierarchy.
[2016.06.23-12.12.52:404][  0]LogDerivedDataCache:Display: Pak cache opened for reading ../../../Engine/DerivedDataCache/Compressed.ddp.
[2016.06.23-12.12.52:415][  0]LogDerivedDataCache: Using Local data cache path C:/Users/Admin/AppData/Local/UnrealEngine/Common/DerivedDataCache: Writable
[2016.06.23-12.12.52:525][  0]LogInit: Selected Device Profile: [Windows]
[2016.06.23-12.12.52:526][  0]LogContentStreaming: Texture pool size is 0.00 MB
[2016.06.23-12.12.52:549][  0]LogMaterial: Uniform references updated for custom material expression Custom.
[2016.06.23-12.12.52:636][  0]LogMeshUtilities: No automatic mesh reduction module available
[2016.06.23-12.12.52:636][  0]LogMeshUtilities: No automatic mesh merging module available
[2016.06.23-12.12.52:636][  0]LogMeshUtilities: No distributed automatic mesh merging module available
[2016.06.23-12.12.52:786][  0]LogUObjectArray: 27679 objects as part of root set at end of initial load.
[2016.06.23-12.12.52:786][  0]LogUObjectAllocator: 5591600 out of 0 bytes used by permanent object pool.
[2016.06.23-12.12.52:786][  0]LogUObjectArray: CloseDisregardForGC: 0/0 objects in disregard for GC pool
[2016.06.23-12.12.52:790][  0]LogInit: WinSock: version 1.1 (2.2), MaxSocks=32767, MaxUdp=65467
[2016.06.23-12.12.52:843][  0]LogSlate: SlateFontCache - WITH_FREETYPE: 1, WITH_HARFBUZZ: 1
[2016.06.23-12.12.52:843][  0]LogSlate: SlateFontCache - WITH_FREETYPE: 1, WITH_HARFBUZZ: 1
[2016.06.23-12.12.52:909][  0]LogStreaming:Warning: Failed to read file '../../../Engine/Content/Editor/Slate/Common/Selection_16x.png' error.
[2016.06.23-12.12.52:909][  0]LogSlate: Could not find file for Slate resource: ../../../Engine/Content/Editor/Slate/Common/Selection_16x.png
[2016.06.23-12.12.52:909][  0]LogStreaming:Warning: Failed to read file '../../../Engine/Content/Editor/Slate/Common/Selection_16x.png' error.
[2016.06.23-12.12.52:909][  0]LogSlate: Could not find file for Slate resource: ../../../Engine/Content/Editor/Slate/Common/Selection_16x.png
[2016.06.23-12.12.52:909][  0]LogStreaming:Warning: Failed to read file '../../../Engine/Content/Editor/Slate/Common/Selection_16x.png' error.
[2016.06.23-12.12.52:909][  0]LogSlate: Could not find file for Slate resource: ../../../Engine/Content/Editor/Slate/Common/Selection_16x.png
[2016.06.23-12.12.53:286][  0]LogSubstanceCoreModule: Substance CPU Engine Loaded, Max Texture Size 2048
[2016.06.23-12.12.53:290][  0]LogUdpMessaging: Initializing bridge on interface 0.0.0.0:0 to multicast group 230.0.0.1:6666.
[2016.06.23-12.12.53:381][  0]LogAssetRegistry: FAssetRegistry took 0.0210 seconds to start up
[2016.06.23-12.12.53:481][  0]SourceControl: Info Source control is disabled
[2016.06.23-12.12.53:502][  0]SourceControl: Info Source control is disabled
[2016.06.23-12.12.53:507][  0]SourceControl: Info Source control is disabled
[2016.06.23-12.12.53:511][  0]SourceControl: Info Source control is disabled
[2016.06.23-12.12.53:644][  0]LogEngine: Initializing Engine...
[2016.06.23-12.12.53:644][  0]LogHMD: Oculus plugin initialized. Version: 4.11.2-2946394+++UE4+Release-4.11, LibOVR: 1.4.0, SDK: 1.3.0, built Apr 18 2016, 02:19:44
[2016.06.23-12.12.53:748][  0]OCULUS: Debug: [HMDState] Using default profile default
[2016.06.23-12.12.53:748][  0]OCULUS: Info: IAD changed to 64.0mm
[2016.06.23-12.12.53:756][  0]LogAIModule: Creating AISystem for world NewWorld
[2016.06.23-12.12.53:765][  0]LogInit: XAudio2 using 'Headphones (Rift Audio)' : 2 channels at 48 kHz using 16 bits per sample (channel mask 0x3)
[2016.06.23-12.12.53:771][  0]LogInit: FAudioDevice initialized.
[2016.06.23-12.12.53:788][  0]LogDerivedDataCache: Saved boot cache 0.02s 46MB C:/Users/Admin/AppData/Local/UnrealEngine/4.11/DerivedDataCache/Boot.ddc.
[2016.06.23-12.12.53:792][  0]LogInit: Texture streaming: Enabled
[2016.06.23-12.12.53:806][  0]LogInit: Transaction tracking system initialized
[2016.06.23-12.12.53:820][  0]BlueprintLog: New page: Editor Load
[2016.06.23-12.12.53:864][  0]LocalizationService: Info Localization service is disabled
[2016.06.23-12.12.53:930][  0]LogConsoleResponse:Display: 
[2016.06.23-12.12.53:998][  0]LogCook:Display: Max memory allowance for cook 8192mb
[2016.06.23-12.12.53:998][  0]LogCook:Display: Mobile HDR setting 1
[2016.06.23-12.12.53:998][  0]LogCook:Display: Done creating registry. It took  0.00s.
[2016.06.23-12.12.54:027][  0]LogFileCache: Scanning file cache for directory 'D:/Admin/Documents/GitHub Repositories/Project_PlanetDefence/Project_PlanetDef/Content/' took 0.01s
[2016.06.23-12.12.54:027][  0]SourceControl: Info Source control is disabled
[2016.06.23-12.12.54:027][  0]Cmd: MAP LOAD FILE="../../../Engine/Content/Maps/Templates/Template_Default.umap" TEMPLATE=1 SHOWPROGRESS=1 FEATURELEVEL=3
[2016.06.23-12.12.54:028][  0]LightingResults: New page: Lighting Build
[2016.06.23-12.12.54:029][  0]MapCheck: New page: Map Check
[2016.06.23-12.12.54:029][  0]LightingResults: New page: Lighting Build
[2016.06.23-12.12.54:186][  0]LogAIModule: Creating AISystem for world Untitled_1
[2016.06.23-12.12.54:189][  0]LogEditorServer: Finished looking for orphan Actors (0.000 secs)
[2016.06.23-12.12.54:192][  0]Cmd: MAP CHECKDEP NOCLEARLOG
[2016.06.23-12.12.54:212][  0]MapCheck: Info Map check complete: 0 Error(s), 0 Warning(s), took 20.689ms to complete.
[2016.06.23-12.12.54:212][  0]LogFileHelpers: Loading map 'Template_Default' took 0.185
[2016.06.23-12.12.54:292][  0]LogCollectionManager: Loaded 0 collections in 0.001092 seconds
[2016.06.23-12.12.54:328][  0]LogFileCache: Scanning file cache for directory 'D:/Admin/Documents/GitHub Repositories/Project_PlanetDefence/Project_PlanetDef/Saved/Collections/' took 0.01s
[2016.06.23-12.12.54:328][  0]LogFileCache: Scanning file cache for directory 'D:/Admin/Documents/GitHub Repositories/Project_PlanetDefence/Project_PlanetDef/Content/Developers/StefanoAdmin/Collections/' took 0.01s
[2016.06.23-12.12.54:328][  0]LogFileCache: Scanning file cache for directory 'D:/Admin/Documents/GitHub Repositories/Project_PlanetDefence/Project_PlanetDef/Content/Collections/' took 0.01s
[2016.06.23-12.12.54:328][  0]LogCollectionManager: Rebuilt the GUID cache for 0 collections in 0.000002 seconds
[2016.06.23-12.12.54:334][  0]LogContentBrowser: Native class hierarchy populated in 0.0055 seconds. Added 1994 classes and 349 folders.
[2016.06.23-12.12.54:336][  0]LogStats: UGameplayTagsManager::ConstructGameplayTagTree: Construct from data asset -  0.000 s
[2016.06.23-12.12.54:336][  0]LogStats: UGameplayTagsManager::ConstructGameplayTagTree: GameplayTagTreeChangedEvent.Broadcast -  0.000 s
[2016.06.23-12.12.54:336][  0]LogContentBrowser: Native class hierarchy updated for 'GameplayTags' in 0.0003 seconds. Added 12 classes and 0 folders.
[2016.06.23-12.12.54:339][  0]LogContentBrowser: Native class hierarchy updated for 'WidgetCarousel' in 0.0002 seconds. Added 0 classes and 0 folders.
[2016.06.23-12.12.54:343][  0]LogContentBrowser: Native class hierarchy updated for 'SuperSearch' in 0.0002 seconds. Added 1 classes and 2 folders.
[2016.06.23-12.12.54:366][  0]LogContentBrowser: Native class hierarchy updated for 'AddContentDialog' in 0.0003 seconds. Added 0 classes and 0 folders.
[2016.06.23-12.12.54:368][  0]LogContentBrowser: Native class hierarchy updated for 'SceneOutliner' in 0.0002 seconds. Added 1 classes and 2 folders.
[2016.06.23-12.12.54:384][  0]LogCrashTracker: Crashtracker disabled due to settings.
[2016.06.23-12.12.54:388][  0]LogUObjectGlobals:Warning: Failed to find object 'Class None.'
[2016.06.23-12.12.54:412][  0]LogContentBrowser: Native class hierarchy updated for 'HierarchicalLODOutliner' in 0.0003 seconds. Added 1 classes and 2 folders.
[2016.06.23-12.12.54:412][  0]LogLoad: Full Startup: 4.39 seconds (BP compile: 0.02 seconds)
[2016.06.23-12.12.54:412][  0]LogExternalProfiler: Found external profiler: VSPerf
[2016.06.23-12.12.54:412][  0]LogExternalProfiler: Using external profiler: VSPerf
[2016.06.23-12.12.54:421][  0]LogWindowsTextInputMethodSystem:Display: IME system now deactivated.
[2016.06.23-12.12.54:421][  0]LogOcInput: OculusInput pre-init called
[2016.06.23-12.12.54:428][  0]LogOcInput: OculusInput is initialized. Init status 0. Runtime version: 1.4.0
[2016.06.23-12.12.54:440][  0]LogAssetRegistry: Asset discovery search completed in 1.0799 seconds
[2016.06.23-12.12.54:440][  0]LogCollectionManager: Rebuilt the object cache for 0 collections in 0.000001 seconds (found 0 objects)
[2016.06.23-12.12.54:440][  0]LogCollectionManager: Fixed up redirectors for 0 collections in 0.000014 seconds (updated 0 objects)
[2016.06.23-12.12.54:465][  0]LogContentStreaming: Texture pool size now 1000 MB
[2016.06.23-12.12.54:589][  0]LogRenderer: Reallocating scene render targets to support 1208x576 (Frame:2).
[2016.06.23-12.12.58:803][217]LogContentBrowser: Native class hierarchy updated for 'BlueprintGraph' in 0.0005 seconds. Added 108 classes and 0 folders.
[2016.06.23-12.14.03:008][524]BlueprintLog: New page: Compile Projectile1
[2016.06.23-12.14.03:090][524]BlueprintEditorCompileResults: Info [0073.07] Compile of Projectile1 successful! [in 82 ms]
[2016.06.23-12.14.03:888][570]Cmd: OBJ SAVEPACKAGE PACKAGE="/Game/Projectile1" FILE="../../../../../../Admin/Documents/GitHub Repositories/Project_PlanetDefence/Project_PlanetDef/Content/Projectile1.uasset" SILENT=true
[2016.06.23-12.14.03:914][570]LogSavePackage: Save=21.86ms
[2016.06.23-12.14.03:915][570]LogSavePackage: Moving '../../../../../../Admin/Documents/GitHub Repositories/Project_PlanetDefence/Project_PlanetDef/Saved/Projectile138EDB1D242BA8DD58ED065B03FC1E66B.tmp' to '../../../../../../Admin/Documents/GitHub Repositories/Project_PlanetDefence/Project_PlanetDef/Content/Projectile1.uasset'
[2016.06.23-12.14.03:916][570]LogSavePackage: Total save time: 27.34ms
[2016.06.23-12.14.03:916][570]LogSavePackage:Display: Finished SavePackage ../../../../../../Admin/Documents/GitHub Repositories/Project_PlanetDefence/Project_PlanetDef/Content/Projectile1.uasset
[2016.06.23-12.14.08:602][847]LogAIModule: Creating AISystem for world FirstLevel
[2016.06.23-12.14.08:621][847]Cmd: MAP LOAD FILE="../../../../../../Admin/Documents/GitHub Repositories/Project_PlanetDefence/Project_PlanetDef/Content/Maps/FirstLevel.umap" TEMPLATE=0 SHOWPROGRESS=1 FEATURELEVEL=3
[2016.06.23-12.14.08:621][847]LightingResults: New page: Lighting Build
[2016.06.23-12.14.08:634][847]LoadErrors: New page: Loading map: FirstLevel.umap
[2016.06.23-12.14.08:634][847]MapCheck: New page: Map Check
[2016.06.23-12.14.08:634][847]LightingResults: New page: Lighting Build
[2016.06.23-12.14.08:649][847]LogEditorServer: Finished looking for orphan Actors (0.000 secs)
[2016.06.23-12.14.08:673][847]Cmd: MAP CHECKDEP NOCLEARLOG
[2016.06.23-12.14.08:698][847]MapCheck: Info Map check complete: 0 Error(s), 0 Warning(s), took 25.062ms to complete.
[2016.06.23-12.14.08:698][847]LogFileHelpers: Loading map 'FirstLevel' took 0.078
[2016.06.23-12.14.09:792][940]LogBlueprintUserMessages: Early PlayInEditor Detection: Level '/Game/Maps/FirstLevel.FirstLevel:PersistentLevel' has LevelScriptBlueprint '/Game/Maps/FirstLevel.FirstLevel:PersistentLevel.FirstLevel' with GeneratedClass '/Game/Maps/FirstLevel.FirstLevel_C' with ClassGeneratedBy '/Game/Maps/FirstLevel.FirstLevel:PersistentLevel.FirstLevel'
[2016.06.23-12.14.09:792][940]LogPlayLevel: PlayLevel: No blueprints needed recompiling
[2016.06.23-12.14.09:792][940]OCULUS: Debug: [HMDState] Using default profile default
[2016.06.23-12.14.09:792][940]OCULUS: Info: IAD changed to 64.0mm
[2016.06.23-12.14.09:792][940]LogHMD: New ovr session is created
[2016.06.23-12.14.09:792][940]LogHMD: HMD Oculus Rift CV1, res = 2160 x 1200
[2016.06.23-12.14.09:792][940]LogApp: UseVRFocus has changed to 1
[2016.06.23-12.14.09:792][940]LogApp: HasVRFocus has changed to 1
[2016.06.23-12.14.09:793][940]PIE: New page: PIE session: FirstLevel (24 Jun 2016 8:14:09 am)
[2016.06.23-12.14.09:793][940]LogPlayLevel: Creating play world package: /Game/Maps/UEDPIE_0_FirstLevel
[2016.06.23-12.14.09:795][940]LogPlayLevel: PIE: StaticDuplicateObject took: (0.002557s)
[2016.06.23-12.14.09:796][940]LogAIModule: Creating AISystem for world FirstLevel
[2016.06.23-12.14.09:796][940]LogPlayLevel: PIE: World Init took: (0.000436s)
[2016.06.23-12.14.09:796][940]LogPlayLevel: PIE: Created PIE world by copying editor world from /Game/Maps/FirstLevel.FirstLevel to /Game/Maps/UEDPIE_0_FirstLevel.FirstLevel (0.003141s)
[2016.06.23-12.14.09:817][940]LogInit: XAudio2 using 'Headphones (Rift Audio)' : 2 channels at 48 kHz using 16 bits per sample (channel mask 0x3)
[2016.06