Log file open, 07/20/16 11:44:17
LogInit:Display: Running engine for game: Project_PlanetDef
LogPlatformFile: Not using cached read wrapper
LogInit:Display: RandInit(-217745618) SRandInit(-217745617).
LogTaskGraph: Started task graph with 4 named threads and 7 total threads.
LogStats: Stats thread started at 0.064669
LogHMD: Can't find Oculus library dev build: is proper Runtime installed? Version: 1.3.0
LogInit: Version: 4.11.2-2946394+++UE4+Release-4.11
LogInit: API Version: 2927265
LogInit: Compiled (64-bit): Apr 18 2016 02:18:46
LogInit: Compiled with Visual C++: 19.00.23026.00
LogInit: Build Configuration: Development
LogInit: Branch Name: ++UE4+Release-4.11
LogInit: Command line: 
LogInit: Base directory: C:/Program Files/Epic Games/4.11/Engine/Binaries/Win64/
LogInit: Installed Engine Build: 1
LogInit: Using libcurl 7.41.0
LogInit:  - built for x86_64-pc-win32
LogInit:  - supports SSL with WinSSL
LogInit:  - other features:
LogInit:      CURL_VERSION_SSL
LogInit:      CURL_VERSION_IPV6
LogInit:      CURL_VERSION_ASYNCHDNS
LogInit:      CURL_VERSION_LARGEFILE
LogInit:      CURL_VERSION_IDN
LogInit:  CurlRequestOptions (configurable via config and command line):
LogInit:  - bVerifyPeer = true  - Libcurl will verify peer certificate
LogInit:  - bUseHttpProxy = false  - Libcurl will NOT use HTTP proxy
LogInit:  - bDontReuseConnections = false  - Libcurl will reuse connections
LogInit:  - CertBundlePath = nullptr  - Libcurl will use whatever was configured at build time.
LogInit: Presizing for max 16777216 objects, including 0 objects not considered by GC, pre-allocating 0 bytes for permanent pool.
LogInit: Object subsystem initialized
[2016.07.20-01.44.17:737][  0]LogInit: Selected Device Profile: [Windows]
[2016.07.20-01.44.17:737][  0]LogInit: Applying CVar settings loaded from the selected device profile: [Windows]
[2016.07.20-01.44.17:746][  0]LogInit: Computer: S-805-10-1919-W
[2016.07.20-01.44.17:746][  0]LogInit: User: sdeflorio
[2016.07.20-01.44.17:746][  0]LogInit: CPU Page size=65536, Cores=4
[2016.07.20-01.44.17:746][  0]LogInit: High frequency timer resolution =3.897275 MHz
[2016.07.20-01.44.17:746][  0]LogMemory: Memory total: Physical=15.9GB (16GB approx)
[2016.07.20-01.44.17:746][  0]LogMemory: Platform Memory Stats for Windows
[2016.07.20-01.44.17:746][  0]LogMemory: Process Physical Memory: 316.48 MB used, 316.48 MB peak
[2016.07.20-01.44.17:746][  0]LogMemory: Process Virtual Memory: 317.68 MB used, 317.68 MB peak
[2016.07.20-01.44.17:746][  0]LogMemory: Physical Memory: 6639.76 MB used, 16324.61 MB total
[2016.07.20-01.44.17:746][  0]LogMemory: Virtual Memory: 623.21 MB used, 8388608.00 MB total
[2016.07.20-01.44.17:772][  0]LogTextLocalizationManager: No specific translations for ('en-AU') exist, so ('en') translations will be used.
[2016.07.20-01.44.18:085][  0]LogD3D11RHI: D3D11 adapters:
[2016.07.20-01.44.18:091][  0]LogD3D11RHI:    0. 'AMD RADEON R9 M295X' (Feature Level 11_0)
[2016.07.20-01.44.18:091][  0]LogD3D11RHI:       4074MB of dedicated video memory, 0MB of dedicated system memory, and 3840MB of shared system memory, 1 output[s]
[2016.07.20-01.44.18:091][  0]LogD3D11RHI: Chosen D3D11 Adapter: 0
[2016.07.20-01.44.18:095][  0]LogD3D11RHI: Creating new Direct3DDevice
[2016.07.20-01.44.18:095][  0]LogD3D11RHI:     Adapter Name: AMD RADEON R9 M295X
[2016.07.20-01.44.18:095][  0]LogD3D11RHI:   Driver Version: Unknown (internal Unknown)
[2016.07.20-01.44.18:095][  0]LogD3D11RHI:      Driver Date: Unknown
[2016.07.20-01.44.18:095][  0]LogRHI: Texture pool is 1361 MB (70% of 1945 MB)
[2016.07.20-01.44.18:099][  0]LogD3D11RHI: Async texture creation disabled: no driver support
[2016.07.20-01.44.18:110][  0]LogShaderCompilers: Guid format shader working directory is -34 characters bigger than the processId version (../../../../../../Users/sdeflorio/Documents/Project_PlanetDefence/Project_PlanetDef/Intermediate/Shaders/WorkingDirectory/8552/).
[2016.07.20-01.44.18:110][  0]LogShaderCompilers: Cleaned the shader compiler working directory 'C:/Users/SDEFLO~1/AppData/Local/Temp/UnrealShaderWorkingDir/F69DDA214A4A4BD73452B19157ECEB14/'.
[2016.07.20-01.44.18:110][  0]LogShaderCompilers:Display: Using Local Shader Compiler.
[2016.07.20-01.44.19:031][  0]LogTemp:Display: Loaded TP AllDesktopTargetPlatform
[2016.07.20-01.44.19:034][  0]LogTemp:Display: Loaded TP WindowsClientTargetPlatform
[2016.07.20-01.44.19:037][  0]LogTemp:Display: Loaded TP WindowsNoEditorTargetPlatform
[2016.07.20-01.44.19:041][  0]LogTemp:Display: Loaded TP WindowsServerTargetPlatform
[2016.07.20-01.44.19:044][  0]LogTemp:Display: Loaded TP WindowsTargetPlatform
[2016.07.20-01.44.19:047][  0]LogTemp:Display: Loaded TP AndroidTargetPlatform
[2016.07.20-01.44.19:049][  0]LogTemp:Display: Loaded TP Android_ASTCTargetPlatform
[2016.07.20-01.44.19:051][  0]LogTemp:Display: Loaded TP Android_ATCTargetPlatform
[2016.07.20-01.44.19:054][  0]LogTemp:Display: Loaded TP Android_DXTTargetPlatform
[2016.07.20-01.44.19:056][  0]LogTemp:Display: Loaded TP Android_ETC1TargetPlatform
[2016.07.20-01.44.19:059][  0]LogTemp:Display: Loaded TP Android_ETC2TargetPlatform
[2016.07.20-01.44.19:064][  0]LogTemp:Display: Loaded TP Android_MultiTargetPlatform
[2016.07.20-01.44.19:064][  0]LogTemp:Display: Loaded TP Android_PVRTCTargetPlatform
[2016.07.20-01.44.19:064][  0]LogTemp:Display: Loaded TP HTML5TargetPlatform
[2016.07.20-01.44.19:079][  0]LogTemp:Display: Loaded TP IOSTargetPlatform
[2016.07.20-01.44.19:081][  0]LogTemp:Display: Loaded TP TVOSTargetPlatform
[2016.07.20-01.44.19:083][  0]LogTemp:Display: Loaded TP LinuxNoEditorTargetPlatform
[2016.07.20-01.44.19:085][  0]LogTemp:Display: Loaded TP LinuxServerTargetPlatform
[2016.07.20-01.44.19:087][  0]LogTemp:Display: Loaded TP LinuxTargetPlatform
[2016.07.20-01.44.19:087][  0]LogTargetPlatformManager:Display: Building Assets For Windows
[2016.07.20-01.44.19:141][  0]LogDerivedDataCache:Display: Max Cache Size: 512 MB
[2016.07.20-01.44.19:177][  0]LogDerivedDataCache: Loaded boot cache 0.04s 46MB C:/Users/sdeflorio/AppData/Local/UnrealEngine/4.11/DerivedDataCache/Boot.ddc.
[2016.07.20-01.44.19:177][  0]LogDerivedDataCache:Display: Loaded Boot cache: C:/Users/sdeflorio/AppData/Local/UnrealEngine/4.11/DerivedDataCache/Boot.ddc
[2016.07.20-01.44.19:177][  0]LogDerivedDataCache: FDerivedDataBackendGraph:  Pak pak cache file ../../../../../../Users/sdeflorio/Documents/Project_PlanetDefence/Project_PlanetDef/DerivedDataCache/DDC.ddp not found, will not use a pak cache.
[2016.07.20-01.44.19:177][  0]LogDerivedDataCache: Unable to find inner node Pak for hierarchical cache Hierarchy.
[2016.07.20-01.44.19:177][  0]LogDerivedDataCache: FDerivedDataBackendGraph:  CompressedPak pak cache file ../../../../../../Users/sdeflorio/Documents/Project_PlanetDefence/Project_PlanetDef/DerivedDataCache/Compressed.ddp not found, will not use a pak cache.
[2016.07.20-01.44.19:177][  0]LogDerivedDataCache: Unable to find inner node CompressedPak for hierarchical cache Hierarchy.
[2016.07.20-01.44.19:189][  0]LogDerivedDataCache:Display: Pak cache opened for reading ../../../Engine/DerivedDataCache/Compressed.ddp.
[2016.07.20-01.44.19:200][  0]LogDerivedDataCache: Using Local data cache path C:/Users/sdeflorio/AppData/Local/UnrealEngine/Common/DerivedDataCache: Writable
[2016.07.20-01.44.19:319][  0]LogInit: Selected Device Profile: [Windows]
[2016.07.20-01.44.19:320][  0]LogContentStreaming: Texture pool size is 0.00 MB
[2016.07.20-01.44.19:336][  0]LogMaterial: Uniform references updated for custom material expression Custom.
[2016.07.20-01.44.19:438][  0]LogMeshUtilities: No automatic mesh reduction module available
[2016.07.20-01.44.19:438][  0]LogMeshUtilities: No automatic mesh merging module available
[2016.07.20-01.44.19:438][  0]LogMeshUtilities: No distributed automatic mesh merging module available
[2016.07.20-01.44.19:645][  0]LogUObjectArray: 27679 objects as part of root set at end of initial load.
[2016.07.20-01.44.19:645][  0]LogUObjectAllocator: 5591592 out of 0 bytes used by permanent object pool.
[2016.07.20-01.44.19:645][  0]LogUObjectArray: CloseDisregardForGC: 0/0 objects in disregard for GC pool
[2016.07.20-01.44.19:651][  0]LogInit: WinSock: version 1.1 (2.2), MaxSocks=32767, MaxUdp=65467
[2016.07.20-01.44.19:720][  0]LogSlate: SlateFontCache - WITH_FREETYPE: 1, WITH_HARFBUZZ: 1
[2016.07.20-01.44.19:720][  0]LogSlate: SlateFontCache - WITH_FREETYPE: 1, WITH_HARFBUZZ: 1
[2016.07.20-01.44.19:794][  0]LogStreaming:Warning: Failed to read file '../../../Engine/Content/Editor/Slate/Common/Selection_16x.png' error.
[2016.07.20-01.44.19:794][  0]LogSlate: Could not find file for Slate resource: ../../../Engine/Content/Editor/Slate/Common/Selection_16x.png
[2016.07.20-01.44.19:794][  0]LogStreaming:Warning: Failed to read file '../../../Engine/Content/Editor/Slate/Common/Selection_16x.png' error.
[2016.07.20-01.44.19:794][  0]LogSlate: Could not find file for Slate resource: ../../../Engine/Content/Editor/Slate/Common/Selection_16x.png
[2016.07.20-01.44.19:794][  0]LogStreaming:Warning: Failed to read file '../../../Engine/Content/Editor/Slate/Common/Selection_16x.png' error.
[2016.07.20-01.44.19:794][  0]LogSlate: Could not find file for Slate resource: ../../../Engine/Content/Editor/Slate/Common/Selection_16x.png
[2016.07.20-01.44.20:259][  0]LogSubstanceCoreModule: Substance CPU Engine Loaded, Max Texture Size 2048
[2016.07.20-01.44.20:265][  0]LogUdpMessaging: Initializing bridge on interface 0.0.0.0:0 to multicast group 230.0.0.1:6666.
[2016.07.20-01.44.20:366][  0]LogAssetRegistry: FAssetRegistry took 0.0197 seconds to start up
[2016.07.20-01.44.20:488][  0]SourceControl: Info Source control is disabled
[2016.07.20-01.44.20:918][  0]SourceControl: Info Source control is disabled
[2016.07.20-01.44.20:925][  0]SourceControl: Info Source control is disabled
[2016.07.20-01.44.20:930][  0]SourceControl: Info Source control is disabled
[2016.07.20-01.44.21:012][  0]LogHMD: Failed to initialize OpenVR with code 110
[2016.07.20-01.44.21:073][  0]LogEngine: Initializing Engine...
[2016.07.20-01.44.21:184][  0]LogAIModule: Creating AISystem for world NewWorld
[2016.07.20-01.44.21:189][  0]LogInit: XAudio2 using 'Speakers (Cirrus Logic CS4206B (AB 122))' : 2 channels at 48 kHz using 32 bits per sample (channel mask 0x3)
[2016.07.20-01.44.21:196][  0]LogInit: FAudioDevice initialized.
[2016.07.20-01.44.21:217][  0]LogDerivedDataCache: Saved boot cache 0.02s 46MB C:/Users/sdeflorio/AppData/Local/UnrealEngine/4.11/DerivedDataCache/Boot.ddc.
[2016.07.20-01.44.21:220][  0]LogInit: Texture streaming: Enabled
[2016.07.20-01.44.21:237][  0]LogInit: Transaction tracking system initialized
[2016.07.20-01.44.21:254][  0]BlueprintLog: New page: Editor Load
[2016.07.20-01.44.21:311][  0]LocalizationService: Info Localization service is disabled
[2016.07.20-01.44.21:361][  0]LogConsoleResponse:Display: 
[2016.07.20-01.44.21:437][  0]LogCook:Display: Max memory allowance for cook 8192mb
[2016.07.20-01.44.21:437][  0]LogCook:Display: Mobile HDR setting 1
[2016.07.20-01.44.21:437][  0]LogCook:Display: Done creating registry. It took  0.00s.
[2016.07.20-01.44.21:473][  0]LogFileCache: Scanning file cache for directory 'C:/Users/sdeflorio/Documents/Project_PlanetDefence/Project_PlanetDef/Content/' took 0.01s
[2016.07.20-01.44.21:473][  0]SourceControl: Info Source control is disabled
[2016.07.20-01.44.21:473][  0]Cmd: MAP LOAD FILE="../../../Engine/Content/Maps/Templates/Template_Default.umap" TEMPLATE=1 SHOWPROGRESS=1 FEATURELEVEL=3
[2016.07.20-01.44.21:473][  0]LightingResults: New page: Lighting Build
[2016.07.20-01.44.21:476][  0]MapCheck: New page: Map Check
[2016.07.20-01.44.21:476][  0]LightingResults: New page: Lighting Build
[2016.07.20-01.44.21:634][  0]LogAIModule: Creating AISystem for world Untitled_1
[2016.07.20-01.44.21:639][  0]LogEditorServer: Finished looking for orphan Actors (0.000 secs)
[2016.07.20-01.44.21:659][  0]Cmd: MAP CHECKDEP NOCLEARLOG
[2016.07.20-01.44.21:685][  0]MapCheck: Info Map check complete: 0 Error(s), 0 Warning(s), took 26.545ms to complete.
[2016.07.20-01.44.21:685][  0]LogFileHelpers: Loading map 'Template_Default' took 0.212
[2016.07.20-01.44.21:772][  0]LogCollectionManager: Loaded 0 collections in 0.001538 seconds
[2016.07.20-01.44.21:808][  0]LogFileCache: Scanning file cache for directory 'C:/Users/sdeflorio/Documents/Project_PlanetDefence/Project_PlanetDef/Saved/Collections/' took 0.01s
[2016.07.20-01.44.21:808][  0]LogFileCache: Scanning file cache for directory 'C:/Users/sdeflorio/Documents/Project_PlanetDefence/Project_PlanetDef/Content/Developers/sdeflorio/Collections/' took 0.01s
[2016.07.20-01.44.21:808][  0]LogFileCache: Scanning file cache for directory 'C:/Users/sdeflorio/Documents/Project_PlanetDefence/Project_PlanetDef/Content/Collections/' took 0.01s
[2016.07.20-01.44.21:808][  0]LogCollectionManager: Rebuilt the GUID cache for 0 collections in 0.000002 seconds
[2016.07.20-01.44.21:814][  0]LogContentBrowser: Native class hierarchy populated in 0.0057 seconds. Added 1994 classes and 349 folders.
[2016.07.20-01.44.21:817][  0]LogStats: UGameplayTagsManager::ConstructGameplayTagTree: Construct from data asset -  0.000 s
[2016.07.20-01.44.21:817][  0]LogStats: UGameplayTagsManager::ConstructGameplayTagTree: GameplayTagTreeChangedEvent.Broadcast -  0.000 s
[2016.07.20-01.44.21:818][  0]LogContentBrowser: Native class hierarchy updated for 'GameplayTags' in 0.0007 seconds. Added 12 classes and 0 folders.
[2016.07.20-01.44.21:822][  0]LogContentBrowser: Native class hierarchy updated for 'WidgetCarousel' in 0.0006 seconds. Added 0 classes and 0 folders.
[2016.07.20-01.44.21:826][  0]LogContentBrowser: Native class hierarchy updated for 'SuperSearch' in 0.0006 seconds. Added 1 classes and 2 folders.
[2016.07.20-01.44.21:854][  0]LogContentBrowser: Native class hierarchy updated for 'AddContentDialog' in 0.0006 seconds. Added 0 classes and 0 folders.
[2016.07.20-01.44.21:858][  0]LogContentBrowser: Native class hierarchy updated for 'SceneOutliner' in 0.0006 seconds. Added 1 classes and 2 folders.
[2016.07.20-01.44.21:874][  0]LogCrashTracker: Crashtracker disabled due to settings.
[2016.07.20-01.44.21:877][  0]LogUObjectGlobals:Warning: Failed to find object 'Class None.'
[2016.07.20-01.44.21:901][  0]LogContentBrowser: Native class hierarchy updated for 'HierarchicalLODOutliner' in 0.0007 seconds. Added 1 classes and 2 folders.
[2016.07.20-01.44.21:902][  0]LogLoad: Full Startup: 4.80 seconds (BP compile: 0.02 seconds)
[2016.07.20-01.44.21:902][  0]LogExternalProfiler: Found external profiler: VSPerf
[2016.07.20-01.44.21:902][  0]LogExternalProfiler: Using external profiler: VSPerf
[2016.07.20-01.44.21:910][  0]LogOcInput: OculusInput pre-init called
[2016.07.20-01.44.21:911][  0]LogOcInput: Can't find Oculus library dev build: is proper Runtime installed? Version: 1.3.0
[2016.07.20-01.44.21:946][  0]LogContentStreaming: Texture pool size now 1000 MB
[2016.07.20-01.44.22:064][  0]LogRenderer: Reallocating scene render targets to support 1616x812 (Frame:2).
[2016.07.20-01.44.22:249][  1]LogAssetRegistry: Asset discovery search completed in 1.9034 seconds
[2016.07.20-01.44.22:249][  1]LogCollectionManager: Rebuilt the object cache for 0 collections in 0.000001 seconds (found 0 objects)
[2016.07.20-01.44.22:249][  1]LogCollectionManager: Fixed up redirectors for 0 collections in 0.000012 seconds (updated 0 objects)
[2016.07.20-01.45.10:993][996]LogAIModule: Creating AISystem for world FirstLevel
[2016.07.20-01.45.11:047][996]Cmd: MAP LOAD FILE="../../../../../../Users/sdeflorio/Documents/Project_PlanetDefence/Project_PlanetDef/Content/Maps/FirstLevel.umap" TEMPLATE=0 SHOWPROGRESS=1 FEATURELEVEL=3
[2016.07.20-01.45.11:047][996]LightingResults: New page: Lighting Build
[2016.07.20-01.45.11:062][996]LoadErrors: New page: Loading map: FirstLevel.umap
[2016.07.20-01.45.11:062][996]MapCheck: New page: Map Check
[2016.07.20-01.45.11:062][996]LightingResults: New page: Lighting Build
[2016.07.20-01.45.11:080][996]LogEditorServer: Finished looking for orphan Actors (0.000 secs)
[2016.07.20-01.45.11:125][996]Cmd: MAP CHECKDEP NOCLEARLOG
[2016.07.20-01.45.11:177][996]MapCheck: Info Map check complete: 0 Error(s), 0 Warning(s), took 51.952ms to complete.
[2016.07.20-01.45.11:178][996]LogFileHelpers: Loading map 'FirstLevel' took 0.132
[2016.07.20-01.45.44:400][803]LogContentBrowser: Native class hierarchy updated for 'BlueprintGraph' in 0.0011 seconds. Added 108 classes and 0 folders.
[2016.07.20-01.45.49:754][291]LogTexture:Display: Building textures: T_Smoke_Tiled_D (AutoDXT)
[2016.07.20-01.45.49:864][291]LogTexture:Display: Building textures: T_Smoke_SubUV (AutoDXT)
[2016.07.20-01.45.51:215][291]LogTexture:Display: Building textures: T_Explosion_SubUV (AutoDXT)
[2016.07.20-01.45.51:869][291]LogTexture:Display: Building textures: T_Burst_M (AutoDXT)
[2016.07.20-01.45.51:990][291]LogTexture:Display: Building textures: ThumbnailTexture (DXT1)
[2016.07.20-01.45.53:817][500]BlueprintLog: New page: Compile Projectile
[2016.07.20-01.45.53:900][500]BlueprintEditorCompileResults: Info [0096.81] Compile of Projectile successful! [in 82 ms]
[2016.07.20-01.45.56:275][782]LogBlueprintUserMessages: Early PlayInEditor Detection: Level '/Game/Maps/FirstLevel.FirstLevel:PersistentLevel' has LevelScriptBlueprint '/Game/Maps/FirstLevel.FirstLevel:PersistentLevel.FirstLevel' with GeneratedClass '/Game/Maps/FirstLevel.FirstLevel_C' with ClassGeneratedBy '/Game/Maps/FirstLevel.FirstLevel:PersistentLevel.FirstLevel'
[2016.07.20-01.45.56:276][782]LogPlayLevel: PlayLevel: No blueprints needed recompiling
[2016.07.20-01.45.56:276][782]PIE: New page: PIE session: FirstLevel (20 Jul 2016 9:45:56 pm)
[2016.07.20-01.45.56:276][782]LogPlayLevel: Creating play world package: /Game/Maps/UEDPIE_0_FirstLevel
[2016.07.20-01.45.56:281][782]LogPlayLevel: PIE: StaticDuplicateObject took: (0.004772s)
[2016.07.20-01.45.56:281][782]LogAIModule: Creating AISystem for world FirstLevel
[2016.07.20-01.45.56:281][782]LogPlayLevel: PIE: World Init took: (0.000699s)
[2016.07.20-01.45.56:282][782]LogPlayLevel: PIE: Created PIE world by copying editor world from /Game/Maps/FirstLevel.FirstLevel to /Game/Maps/UEDPIE_0_FirstLevel.FirstLevel (0.005719s)
[2016.07.20-01.45.56:296][782]LogInit: XAudio2 using 'Speakers (Cirrus Logic CS4206B (AB 122))' : 2 channels at 48 kHz using 32 bits per sample (channel mask 0x3)
[2016.07.20-01.45.56:302][782]LogInit: FAudioDevice initialized.
[2016.07.20-01.45.56:348][782]LogWorld: Game class is 'GameManager_C'
[2016.07.20-01.45.56:352][782]LogWorld: Bringing World /Game/Maps/UEDPIE_0_FirstLevel.FirstLevel up for play (max tick rate 0) at 2016.07.20-11.45.56
[2016.07.20-01.45.56:352][782]LogWorld: Bringing up level for play took: 0.003066
[2016.07.20-01.45.56:356][782]LogContentBrowser: Native class hierarchy updated for 'MovieSceneCapture' in 0.0008 seconds. Added 9 classes and 0 folders.
[2016.07.20-01.45.56:361][782]PIE: Info Play in editor start time for /Game/Maps/UEDPIE_0_FirstLevel 0.605
[2016.07.20-01.45.56:361][782]LogBlueprintUserMessages: Late PlayInEditor Detection: Level '/Game/Maps/FirstLevel.FirstLevel:PersistentLevel' has LevelScriptBlueprint '/Game/Maps/FirstLevel.FirstLevel:PersistentLevel.FirstLevel' with GeneratedClass '/Game/Maps/FirstLevel.FirstLevel_C' with ClassGeneratedBy '/Game/Maps/FirstLevel.FirstLevel:PersistentLevel.FirstLevel'
[2016.07.20-01.45.58:254][  3]LogBlueprintUserMessages: [MeteoriteHandler_46] 0
[2016.07.20-01.45.58:254][  3]LogBlueprintUserMessages: [MeteoriteHandler_46] 1
[2016.07.20-01.45.58:254][  3]LogBlueprintUserMessages: [MeteoriteHandler_46] 2
[2016.07.20-01.45.58:254][  3]LogBlueprintUserMessages: [MeteoriteHandler_46] 3
[2016.07.20-01.45.58:254][  3]LogBlueprintUserMessages: [MeteoriteHandler_46] 4
[2016.07.20-01.45.58:254][  3]LogBlueprintUserMessages: [MeteoriteHandler_46] 5
[2016.07.20-01.45.58:254][  3]LogBlueprintUserMessages: [MeteoriteHandler_46] 6
[2016.07.20-01.45.58:254][  3]LogBlueprintUserMessages: [MeteoriteHandler_46] 7
[2016.07.20-01.45.58:254][  3]LogBlueprintUserMessages: [MeteoriteHandler_46] 8
[2016.07.20-01.45.58:254][  3]LogBlueprintUserMessages: [MeteoriteHandler_46] 9
[2016.07.20-01.45.58:254][  3]LogBlueprintUserMessages: [MeteoriteHandler_46] 10
[2016.07.20-01.45.58:255][  3]LogBlueprintUserMessages: [MeteoriteHandler_46] 11
[2016.07.20-01.45.58:255][  3]LogBlueprintUserMessages: [MeteoriteHandler_46] 12
[2016.07.20-01.45.58:255][  3]LogBlueprintUserMessages: [MeteoriteHandler_46] 13
[2016.07.20-01.45.58:255][  3]LogBlueprintUserMessages: [MeteoriteHandler_46] 14
[2016.07.20-01.45.58:255][  3]LogBlueprintUserMessages: [MeteoriteHandler_46] 15
[2016.07.20-01.45.58:255][  3]LogBlueprintUserMessages: [MeteoriteHandler_46] 16
[2016.07.20-01.45.58:255][  3]LogBlueprintUserMessages: [MeteoriteHandler_46] 17
[2016.07.20-01.45.58:255][  3]LogBlueprintUserMessages: [MeteoriteHandler_46] 18
[2016.07.20-01.45.58:255][  3]LogBlueprintUserMessages: [MeteoriteHandler_46] 19
[2016.07.20-01.45.58:255][  3]LogBlueprintUserMessages: [MeteoriteHandler_46] 20
[2016.07.20-01.45.58:255][  3]LogBlueprintUserMessages: [MeteoriteHandler_46] 21
[2016.07.20-01.45.58:255][  3]LogBlueprintUserMessages: [MeteoriteHandler_46] 22
[2016.07.20-01.45.58:255][  3]LogBlueprintUserMessages: [MeteoriteHandler_46] 23
[2016.07.20-01.45.58:255][  3]LogBlueprintUserMessages: [MeteoriteHandler_46] 24
[2016.07.20-01.45.58:255][  3]LogBlueprintUserMessages: [MeteoriteHandler_46] 25
[2016.07.20-01.45.58:255][  3]LogBlueprintUserMessages: [GameManager_C_0] Wave Begun
[2016.07.20-01.46.06:733][974]LogBlueprintUserMessages: Early EndPlayMap Detection: Level '/Game/Maps/FirstLevel.FirstLevel:PersistentLevel' has LevelScriptBlueprint '/Game/Maps/FirstLevel.FirstLevel:PersistentLevel.FirstLevel' with GeneratedClass '/Game/Maps/FirstLevel.FirstLevel_C' with ClassGeneratedBy '/Game/Maps/FirstLevel.FirstLevel:PersistentLevel.FirstLevel'
[2016.07.20-01.46.06:772][974]LogBlueprintUserMessages: Late EndPlayMap Detection: Level '/Game/Maps/FirstLevel.FirstLevel:PersistentLevel' has LevelScriptBlueprint '/Game/Maps/FirstLevel.FirstLevel:PersistentLevel.FirstLevel' with GeneratedClass '/Game/Maps/FirstLevel.FirstLevel_C' with ClassGeneratedBy '/Game/Maps/FirstLevel.FirstLevel:PersistentLevel.FirstLevel'
[2016.07.20-01.46.14:267][865]Cmd: OBJ SAVEPACKAGE PACKAGE="/Game/Projectile" FILE="../../../../../../Users/sdeflorio/Documents/Project_PlanetDefence/Project_PlanetDef/Content/Projectile.uasset" SILENT=true
[2016.07.20-01.46.14:304][865]LogSavePackage: Save=34.77ms
[2016.07.20-01.46.14:305][865]LogSavePackage: Moving '../../../../../../Users/sdeflorio/Documents/Project_PlanetDefence/Project_PlanetDef/Saved/Projectile33D8EFFB4465E2C27F8F8384C39DF197.tmp' to '../../../../../../Users/sdeflorio/Documents/Project_PlanetDefence/Project_PlanetDef/Content/Projectile.uasset'
[2016.07.20-01.46.14:307][865]LogSavePackage: Total save time: 38.99ms
[2016.07.20-01.46.14:307][865]LogSavePackage:Display: Finished SavePackage ../../../../../../Users/sdeflorio/Documents/Project_PlanetDefence/Project_PlanetDef/Content/Projectile.uasset
[2016.07.20-01.46.41:141][ 76]LogBlueprintUserMessages: Early PlayInEditor Detection: Level '/Game/Maps/FirstLevel.FirstLevel:PersistentLevel' has LevelScriptBlueprint '/Game/Maps/FirstLevel.FirstLevel:PersistentLevel.FirstLevel' with GeneratedClass '/Game/Maps/FirstLevel.FirstLevel_C' with ClassGeneratedBy '/Game/Maps/FirstLevel.FirstLevel:PersistentLevel.FirstLevel'
[2016.07.20-01.46.41:141][ 76]LogPlayLevel: PlayLevel: No blueprints needed recompiling
[2016.07.20-01.46.41:141][ 76]PIE: New page: PIE session: FirstLevel (20 Jul 2016 9:46:41 pm)
[2016.07.20-01.46.41:141][ 76]LogPlayLevel: Creating play world package: /Game/Maps/UEDPIE_0_FirstLevel
[2016.07.20-01.46.41:146][ 76]LogPlayLevel: PIE: StaticDuplicateObject took: (0.004550s)
[2016.07.20-01.46.41:146][ 76]LogAIModule: Creating AISystem for world FirstLevel
[2016.07.20-01.46.41:147][ 76]LogPlayLevel: PIE: World Init took: (0.000502s)
[2016.07.20-01.46.41:147][ 76]LogPlayLevel: PIE: Created PIE world by copying editor world from /Game/Maps/FirstLevel.FirstLevel to /Game/Maps/UEDPIE_0_FirstLevel.FirstLevel (0.005213s)
[2016.07.20-01.46.41:162][ 76]LogInit: XAudio2 using 'Speakers (Cirrus Logic CS4206B (AB 122))' : 2 channels at 48 kHz using 32 bits per sample (channel mask 0x3)
[2016.07.20-01.46.41:169][ 76]LogInit: FAudioDevice initialized.
[2016.07.20-01.46.41:203][ 76]LogWorld: Game class is 'GameManager_C'
[2016.07.20-01.46.41:207][ 76]LogWorld: Bringing World /Game/Maps/UEDPIE_0_FirstLevel.FirstLevel up for play (max tick rate 0) at 2016.07.20-11.46.41
[2016.07.20-01.46.41:208][ 76]LogWorld: Bringing up level for play took: 0.003037
[2016.07.20-01.46.41:213][ 76]PIE: Info Play in editor start time for /Game/Maps/UEDPIE_0_FirstLevel -0.541
[2016.07.20-01.46.41:213][ 76]LogBlueprintUserMessages: Late PlayInEditor Detection: Level '/Game/Maps/FirstLevel.FirstLevel:PersistentLevel' has LevelScriptBlueprint '/Game/Maps/FirstLevel.FirstLevel:PersistentLevel.FirstLevel' with GeneratedClass '/Game/Maps/FirstLevel.FirstLevel_C' with ClassGeneratedBy '/Game/Maps/FirstLevel.FirstLevel:PersistentLevel.FirstLevel'
[2016.07.20-01.46.43:125][301]LogBlueprintUserMessages: [MeteoriteHandler_46] 0
[2016.07.20-01.46.43:125][301]LogBlueprintUserMessages: [MeteoriteHandler_46] 1
[2016.07.20-01.46.43:125][301]LogBlueprintUserMessages: [MeteoriteHandler_46] 2
[2016.07.20-01.46.43:125][301]LogBlueprintUserMessages: [MeteoriteHandler_46] 3
[2016.07.20-01.46.43:125][301]LogBlueprintUserMessages: [MeteoriteHandler_46] 4
[2016.07.20-01.46.43:125][301]LogBlueprintUserMessages: [MeteoriteHandler_46] 5
[2016.07.20-01.46.43:125][301]LogBlueprintUserMessages: [MeteoriteHandler_46] 6
[2016.07.20-01.46.43:125][301]LogBlueprintUserMessages: [MeteoriteHandler_46] 7
[2016.07.20-01.46.43:125][301]LogBlueprintUserMessages: [MeteoriteHandler_46] 8
[2016.07.20-01.46.43:125][301]LogBlueprintUserMessages: [MeteoriteHandler_46] 9
[2016.07.20-01.46.43:125][301]LogBlueprintUserMessages: [MeteoriteHandler_46] 10
[2016.07.20-01.46.43:125][301]LogBlueprintUserMessages: [MeteoriteHandler_46] 11
[2016.07.20-01.46.43:125][301]LogBlueprintUserMessages: [MeteoriteHandler_46] 12
[2016.07.20-01.46.43:125][301]LogBlueprintUserMessages: [MeteoriteHandler_46] 13
[2016.07.20-01.46.43:125][301]LogBlueprintUserMessages: [MeteoriteHandler_46] 14
[2016.07.20-01.46.43:125][301]LogBlueprintUserMessages: [MeteoriteHandler_46] 15
[2016.07.20-01.46.43:125][301]LogBlueprintUserMessages: [MeteoriteHandler_46] 16
[2016.07.20-01.46.43:125][301]LogBlueprintUserMessages: [MeteoriteHandler_46] 17
[2016.07.20-01.46.43:125][301]LogBlueprintUserMessages: [MeteoriteHandler_46] 18
[2016.07.20-01.46.43:125][301]LogBlueprintUserMessages: [MeteoriteHandler_46] 19
[2016.07.20-01.46.43:125][301]LogBlueprintUserMessages: [MeteoriteHandler_46] 20
[2016.07.20-01.46.43:125][301]LogBlueprintUserMessages: [MeteoriteHandler_46] 21
[2016.07.20-01.46.43:125][301]LogBlueprintUserMessages: [MeteoriteHandler_46] 22
[2016.07.20-01.46.43:125][301]LogBlueprintUserMessages: [MeteoriteHandler_46] 23
[2016.07.20-01.46.43:125][301]LogBlueprintUserMessages: [MeteoriteHandler_46] 24
[2016.07.20-01.46.43:125][301]LogBlueprintUserMessages: [MeteoriteHandler_46] 25
[2016.07.20-01.46.43:126][301]LogBlueprintUserMessages: [GameManager_C_1] Wave Begun
[2016.07.20-01.47.08:114][174]LogBlueprintUserMessages: Early EndPlayMap Detection: Level '/Game/Maps/FirstLevel.FirstLevel:PersistentLevel' has LevelScriptBlueprint '/Game/Maps/FirstLevel.FirstLevel:PersistentLevel.FirstLevel' with GeneratedClass '/Game/Maps/FirstLevel.FirstLevel_C' with ClassGeneratedBy '/Game/Maps/FirstLevel.FirstLevel:PersistentLevel.FirstLevel'
[2016.07.20-01.47.08:151][174]LogBlueprintUserMessages: Late EndPlayMap Detection: Level '/Game/Maps/FirstLevel.FirstLevel:PersistentLevel' has LevelScriptBlueprint '/Game/Maps/FirstLevel.FirstLevel:PersistentLevel.FirstLevel' with GeneratedClass '/Game/Maps/FirstLevel.FirstLevel_C' with ClassGeneratedBy '/Game/Maps/FirstLevel.FirstLevel:PersistentLevel.FirstLevel'
[2016.07.20-01.47.32:231][773]Cmd: DELETE
[2016.07.20-01.47.32:231][773]Cmd: ACTOR DELETE
[2016.07.20-01.47.32:345][773]LogEditorActor: Deleted Actor: Emitter
[2016.07.20-01.47.32:357][773]LogEditorActor: Deleted 1 Actors (0.013 secs)
[2016.07.20-01.47.38:838][381]LogEditorViewport: Clicking on Actor (LMB): MeteoriteHandler_C (MeteoriteHandler)
[2016.07.20-01.47.41:096][586]LogBlueprintUserMessages: Early PlayInEditor Detection: Level '/Game/Maps/FirstLevel.FirstLevel:PersistentLevel' has LevelScriptBlueprint '/Game/Maps/FirstLevel.FirstLevel:PersistentLevel.FirstLevel' with GeneratedClass '/Game/Maps/FirstLevel.FirstLevel_C' with ClassGeneratedBy '/Game/Maps/FirstLevel.FirstLevel:PersistentLevel.FirstLevel'
[2016.07.20-01.47.41:096][586]LogPlayLevel: PlayLevel: No blueprints needed recompiling
[2016.07.20-01.47.41:096][586]PIE: New page: PIE session: FirstLevel (20 Jul 2016 9:47:41 pm)
[2016.07.20-01.47.41:096][586]LogPlayLevel: Creating play world package: /Game/Maps/UEDPIE_0_FirstLevel
[2016.07.20-01.47.41:100][586]LogPlayLevel: PIE: StaticDuplicateObject took: (0.004048s)
[2016.07.20-01.47.41:100][586]LogAIModule: Creating AISystem for world FirstLevel
[2016.07.20-01.47.41:100][586]LogPlayLevel: PIE: World Init took: (0.000487s)
[2016.07.20-01.47.41:101][586]LogPlayLevel: PIE: Created PIE world by copying editor world from /Game/Maps/FirstLevel.FirstLevel to /Game/Maps/UEDPIE_0_FirstLevel.FirstLevel (0.004693s)
[2016.07.20-01.47.41:115][586]LogInit: XAudio2 using 'Speakers (Cirrus Logic CS4206B (AB 122))' : 2 channels at 48 kHz using 32 bits per sample (channel mask 0x3)
[2016.07.20-01.47.41:121][586]LogInit: FAudioDevice initialized.
[2016.07.20-01.47.41:149][586]LogWorld: Game class is 'GameManager_C'
[2016.07.20-01.47.41:153][586]LogWorld: Bringing World /Game/Maps/UEDPIE_0_FirstLevel.FirstLevel up for play (max tick rate 0) at 2016.07.20-11.47.41
[2016.07.20-01.47.41:153][586]LogWorld: Bringing up level for play took: 0.002602
[2016.07.20-01.47.41:155][586]PIE: Info Play in editor start time for /Game/Maps/UEDPIE_0_FirstLevel -0.596
[2016.07.20-01.47.41:155][586]LogBlueprintUserMessages: Late PlayInEditor Detection: Level '/Game/Maps/FirstLevel.FirstLevel:PersistentLevel' has LevelScriptBlueprint '/Game/Maps/FirstLevel.FirstLevel:PersistentLevel.FirstLevel' with GeneratedClass '/Game/Maps/FirstLevel.FirstLevel_C' with ClassGeneratedBy '/Game/Maps/FirstLevel.FirstLevel:PersistentLevel.FirstLevel'
[2016.07.20-01.47.43:078][808]LogBlueprintUserMessages: [MeteoriteHandler_46] 0
[2016.07.20-01.47.43:078][808]LogBlueprintUserMessages: [MeteoriteHandler_46] 1
[2016.07.20-01.47.43:078][808]LogBlueprintUserMessages: [MeteoriteHandler_46] 2
[2016.07.20-01.47.43:078][808]LogBlueprintUserMessages: [MeteoriteHandler_46] 3
[2016.07.20-01.47.43:078][808]LogBlueprintUserMessages: [MeteoriteHandler_46] 4
[2016.07.20-01.47.43:078][808]LogBlueprintUserMessages: [MeteoriteHandler_46] 5
[2016.07.20-01.47.43:078][808]LogBlueprintUserMessages: [MeteoriteHandler_46] 6
[2016.07.20-01.47.43:078][808]LogBlueprintUserMessages: [MeteoriteHandler_46] 7
[2016.07.20-01.47.43:078][808]LogBlueprintUserMessages: [MeteoriteHandler_46] 8
[2016.07.20-01.47.43:078][808]LogBlueprintUserMessages: [MeteoriteHandler_46] 9
[2016.07.20-01.47.43:078][808]LogBlueprintUserMessages: [MeteoriteHandler_46] 10
[2016.07.20-01.47.43:078][808]LogBlueprintUserMessages: [MeteoriteHandler_46] 11
[2016.07.20-01.47.43:078][808]LogBlueprintUserMessages: [MeteoriteHandler_46] 12
[2016.07.20-01.47.43:078][808]LogBlueprintUserMessages: [MeteoriteHandler_46] 13
[2016.07.20-01.47.43:078][808]LogBlueprintUserMessages: [MeteoriteHandler_46] 14
[2016.07.20-01.47.43:078][808]LogBlueprintUserMessages: [MeteoriteHandler_46] 15
[2016.07.20-01.47.43:078][808]LogBlueprintUserMessages: [MeteoriteHandler_46] 16
[2016.07.20-01.47.43:078][808]LogBlueprintUserMessages: [MeteoriteHandler_46] 17
[2016.07.20-01.47.43:078][808]LogBlueprintUserMessages: [MeteoriteHandler_46] 18
[2016.07.20-01.47.43:078][808]LogBlueprintUserMessages: [MeteoriteHandler_46] 19
[2016.07.20-01.47.43:078][808]LogBlueprintUserMessages: [MeteoriteHandler_46] 20
[2016.07.20-01.47.43:078][808]LogBlueprintUserMessages: [MeteoriteHandler_46] 21
[2016.07.20-01.47.43:078][808]LogBlueprintUserMessages: [MeteoriteHandler_46] 22
[2016.07.20-01.47.43:078][808]LogBlueprintUserMessages: [MeteoriteHandler_46] 23
[2016.07.20-01.47.43:078][808]LogBlueprintUserMessages: [MeteoriteHandler_46] 24
[2016.07.20-01.47.43:078][808]LogBlueprintUserMessages: [MeteoriteHandler_46] 25
[2016.07.20-01.47.43:078][808]LogBlueprintUserMessages: [GameManager_C_2] Wave Begun
[2016.07.20-01.47.49:471][548]LogBlueprintUserMessages: Early EndPlayMap Detection: Level '/Game/Maps/FirstLevel.FirstLevel:PersistentLevel' has LevelScriptBlueprint '/Game/Maps/FirstLevel.FirstLevel:PersistentLevel.FirstLevel' with GeneratedClass '/Game/Maps/FirstLevel.FirstLevel_C' with ClassGeneratedBy '/Game/Maps/FirstLevel.FirstLevel:PersistentLevel.FirstLevel'
[2016.07.20-01.47.49:508][548]LogBlueprintUserMessages: Late EndPlayMap Detection: Level '/Game/Maps/FirstLevel.FirstLevel:PersistentLevel' has LevelScriptBlueprint '/Game/Maps/FirstLevel.FirstLevel:PersistentLevel.FirstLevel' with GeneratedClass '/Game/Maps/FirstLevel.FirstLevel_C' with ClassGeneratedBy '/Game/Maps/FirstLevel.FirstLevel:PersistentLevel.FirstLevel'
[2016.07.20-01.47.51:918][764]Warning: RebindPackages not possible for specified packages (or application was compiled in monolithic mode.)
[2016.07.20-01.47.52:472][814]LogBlueprintUserMessages: Early PlayInEditor Detection: Level '/Game/Maps/FirstLevel.FirstLevel:PersistentLevel' has LevelScriptBlueprint '/Game/Maps/FirstLevel.FirstLevel:PersistentLevel.FirstLevel' with GeneratedClass '/Game/Maps/FirstLevel.FirstLevel_C' with ClassGeneratedBy '/Game/Maps/FirstLevel.FirstLevel:PersistentLevel.FirstLevel'
[2016.07.20-01.47.52:472][814]LogPlayLevel: PlayLevel: No blueprints needed recompiling
[2016.07.20-01.47.52:472][814]PIE: New page: PIE session: FirstLevel (20 Jul 2016 9:47:52 pm)
[2016.07.20-01.47.52:472][814]LogPlayLevel: Creating play world package: /Game/Maps/UEDPIE_0_FirstLevel
[2016.07.20-01.47.52:477][814]LogPlayLevel: PIE: StaticDuplicateObject took: (0.004566s)
[2016.07.20-01.47.52:477][814]LogAIModule: Creating AISystem for world FirstLevel
[2016.07.20-01.47.52:477][814]LogPlayLevel: PIE: World Init took: (0.000541s)
[2016.07.20-01.47.52:478][814]LogPlayLevel: PIE: Created PIE world by copying editor world from /Game/Maps/FirstLevel.FirstLevel to /Game/Maps/UEDPIE_0_FirstLevel.FirstLevel (0.005276s)
[2016.07.20-01.47.52:493][814]LogInit: XAudio2 using 'Speakers (Cirrus Logic CS4206B (AB 122))' : 2 channels at 48 kHz using 32 bits per sample (channel mask 0x3)
[2016.07.20-01.47.52:500][814]LogInit: FAudioDevice initialized.
[2016.07.20-01.47.52:528][814]LogWorld: Game class is 'GameManager_C'
[2016.07.20-01.47.52:532][814]LogWorld: Bringing World /Game/Maps/UEDPIE_0_FirstLevel.FirstLevel up for play (max tick rate 0) at 2016.07.20-11.47.52
[2016.07.20-01.47.52:532][814]LogWorld: Bringing up level for play took: 0.002619
[2016.07.20-01.47.52:534][814]PIE: Info Play in editor start time for /Game/Maps/UEDPIE_0_FirstLevel 0.784
[2016.07.20-01.47.52:534][814]LogBlueprintUserMessages: Late PlayInEditor Detection: Level '/Game/Maps/FirstLevel.FirstLevel:PersistentLevel' has LevelScriptBlueprint '/Game/Maps/FirstLevel.FirstLevel:PersistentLevel.FirstLevel' with GeneratedClass '/Game/Maps/FirstLevel.FirstLevel_C' with ClassGeneratedBy '/Game/Maps/FirstLevel.FirstLevel:PersistentLevel.FirstLevel'
[2016.07.20-01.47.54:449][ 34]LogBlueprintUserMessages: [MeteoriteHandler_46] 0
[2016.07.20-01.47.54:449][ 34]LogBlueprintUserMessages: [MeteoriteHandler_46] 1
[2016.07.20-01.47.54:449][ 34]LogBlueprintUserMessages: [MeteoriteHandler_46] 2
[2016.07.20-01.47.54:449][ 34]LogBlueprintUserMessages: [MeteoriteHandler_46] 3
[2016.07.20-01.47.54:449][ 34]LogBlueprintUserMessages: [MeteoriteHandler_46] 4
[2016.07.20-01.47.54:449][ 34]LogBlueprintUserMessages: [MeteoriteHandler_46] 5
[2016.07.20-01.47.54:449][ 34]LogBlueprintUserMessages: [MeteoriteHandler_46] 6
[2016.07.20-01.47.54:449][ 34]LogBlueprintUserMessages: [MeteoriteHandler_46] 7
[2016.07.20-01.47.54:449][ 34]LogBlueprintUserMessages: [MeteoriteHandler_46] 8
[2016.07.20-01.47.54:449][ 34]LogBlueprintUserMessages: [MeteoriteHandler_46] 9
[2016.07.20-01.47.54:449][ 34]LogBlueprintUserMessages: [MeteoriteHandler_46] 10
[2016.07.20-01.47.54:449][ 34]LogBlueprintUserMessages: [MeteoriteHandler_46] 11
[2016.07.20-01.47.54:449][ 34]LogBlueprintUserMessages: [MeteoriteHandler_46] 12
[2016.07.20-01.47.54:449][ 34]LogBlueprintUserMessages: [MeteoriteHandler_46] 13
[2016.07.20-01.47.54:449][ 34]LogBlueprintUserMessages: [MeteoriteHandler_46] 14
[2016.07.20-01.47.54:449][ 34]LogBlueprintUserMessages: [MeteoriteHandler_46] 15
[2016.07.20-01.47.54:449][ 34]LogBlueprintUserMessages: [MeteoriteHandler_46] 16
[2016.07.20-01.47.54:449][ 34]LogBlueprintUserMessages: [MeteoriteHandler_46] 17
[2016.07.20-01.47.54:449][ 34]LogBlueprintUserMessages: [MeteoriteHandler_46] 18
[2016.07.20-01.47.54:449][ 34]LogBlueprintUserMessages: [MeteoriteHandler_46] 19
[2016.07.20-01.47.54:449][ 34]LogBlueprintUserMessages: [MeteoriteHandler_46] 20
[2016.07.20-01.47.54:449][ 34]LogBlueprintUserMessages: [MeteoriteHandler_46] 21
[2016.07.20-01.47.54:449][ 34]LogBlueprintUserMessages: [MeteoriteHandler_46] 22
[2016.07.20-01.47.54:449][ 34]LogBlueprintUserMessages: [MeteoriteHandler_46] 23
[2016.07.20-01.47.54:449][ 34]LogBlueprintUserMessages: [MeteoriteHandler_46] 24
[2016.07.20-01.47.54:449][ 34]LogBlueprintUserMessages: [MeteoriteHandler_46] 25
[2016.07.20-01.47.54:450][ 34]LogBlueprintUserMessages: [GameManager_C_3] Wave Begun
[2016.07.20-01.48.08:140][607]LogBlueprintUserMessages: Early EndPlayMap Detection: Level '/Game/Maps/FirstLevel.FirstLevel:PersistentLevel' has LevelScriptBlueprint '/Game/Maps/FirstLevel.FirstLevel:PersistentLevel.FirstLevel' with GeneratedClass '/Game/Maps/FirstLevel.FirstLevel_C' with ClassGeneratedBy '/Game/Maps/FirstLevel.FirstLevel:PersistentLevel.FirstLevel'
[2016.07.20-01.48.08:171][607]LogBlueprintUserMessages: Late EndPlayMap Detection: Level '/Game/Maps/FirstLevel.FirstLevel:PersistentLevel' has LevelScriptBlueprint '/Game/Maps/FirstLevel.FirstLevel:PersistentLevel.FirstLevel' with GeneratedClass '/Game/Maps/FirstLevel.FirstLevel_C' with ClassGeneratedBy '/Game/Maps/FirstLevel.FirstLevel:PersistentLevel.FirstLevel'
[2016.07.20-01.48.21:603][973]Cmd: OBJ SAVEPACKAGE PACKAGE="/Game/Projectile" FILE="../../../../../../Users/sdeflorio/Documents/Project_PlanetDefence/Project_PlanetDef/Content/Projectile.uasset" SILENT=true
[2016.07.20-01.48.21:635][973]LogSavePackage: Save=29.10ms
[2016.07.20-01.48.21:635][973]LogSavePackage: Moving '../../../../../../Users/sdeflorio/Documents/Project_PlanetDefence/Project_PlanetDef/Saved/Projectile7EA36F1C406EDEBA54BA18989E09F929.tmp' to '../../../../../../Users/sdeflorio/Documents/Project_PlanetDefence/Project_PlanetDef/Content/Projectile.uasset'
[2016.07.20-01.48.21:636][973]LogSavePackage: Total save time: 31.36ms
[2016.07.20-01.48.21:636][973]LogSavePackage:Display: Finished SavePackage ../../../../../../Users/sdeflorio/Documents/Project_PlanetDefence/Project_PlanetDef/Content/Projectile.uasset
[2016.07.20-01.49.42:555][661]BlueprintLog: New page: Compile Projectile
[2016.07.20-01.49.42:627][661]BlueprintEditorCompileResults: Info [0325.54] Compile of Projectile successful! [in 72 ms]
[2016.07.20-01.49.43:407][753]LogBlueprintUserMessages: Early PlayInEditor Detection: Level '/Game/Maps/FirstLevel.FirstLevel:PersistentLevel' has LevelScriptBlueprint '/Game/Maps/FirstLevel.FirstLevel:PersistentLevel.FirstLevel' with GeneratedClass '/Game/Maps/FirstLevel.FirstLevel_C' with ClassGeneratedBy '/Game/Maps/FirstLevel.FirstLevel:PersistentLevel.FirstLevel'
[2016.07.20-01.49.43:407][753]LogPlayLevel: PlayLevel: No blueprints needed recompiling
[2016.07.20-01.49.43:408][753]PIE: New page: PIE session: FirstLevel (20 Jul 2016 9:49:43 pm)
[2016.07.20-01.49.43:408][753]LogPlayLevel: Creating play world package: /Game/Maps/UEDPIE_0_FirstLevel
[2016.07.20-01.49.43:412][753]LogPlayLevel: PIE: StaticDuplicateObject took: (0.004196s)
[2016.07.20-01.49.43:412][753]LogAIModule: Creating AISystem for world FirstLevel
[2016.07.20-01.49.43:413][753]LogPlayLevel: PIE: World Init took: (0.000597s)
[2016.07.20-01.49.43:413][753]LogPlayLevel: PIE: Created PIE world by copying editor world from /Game/Maps/FirstLevel.FirstLevel to /Game/Maps/UEDPIE_0_FirstLevel.FirstLevel (0.004991s)
[2016.07.20-01.49.43:427][753]LogInit: XAudio2 using 'Speakers (Cirrus Logic CS4206B (AB 122))' : 2 channels at 48 kHz using 32 bits per sample (channel mask 0x3)
[2016.07.20-01.49.43:433][753]LogInit: FAudioDevice initialized.
[2016.07.20-01.49.43:463][753]LogWorld: Game class is 'GameManager_C'
[2016.07.20-01.49.43:467][753]LogWorld: Bringing World /Game/Maps/UEDPIE_0_FirstLevel.FirstLevel up for play (max tick rate 0) at 2016.07.20-11.49.43
[2016.07.20-01.49.43:467][753]LogWorld: Bringing up level for play took: 0.002926
[2016.07.20-01.49.43:471][753]PIE: Info Play in editor start time for /Game/Maps/UEDPIE_0_FirstLevel -0.274
[2016.07.20-01.49.43:471][753]LogBlueprintUserMessages: Late PlayInEditor Detection: Level '/Game/Maps/FirstLevel.FirstLevel:PersistentLevel' has LevelScriptBlueprint '/Game/Maps/FirstLevel.FirstLevel:PersistentLevel.FirstLevel' with GeneratedClass '/Game/Maps/FirstLevel.FirstLevel_C' with ClassGeneratedBy '/Game/Maps/FirstLevel.FirstLevel:PersistentLevel.FirstLevel'
[2016.07.20-01.49.45:395][978]LogBlueprintUserMessages: [MeteoriteHandler_46] 0
[2016.07.20-01.49.45:395][978]LogBlueprintUserMessages: [MeteoriteHandler_46] 1
[2016.07.20-01.49.45:395][978]LogBlueprintUserMessages: [MeteoriteHandler_46] 2
[2016.07.20-01.49.45:395][978]LogBlueprintUserMessages: [MeteoriteHandler_46] 3
[2016.07.20-01.49.45:395][978]LogBlueprintUserMessages: [MeteoriteHandler_46] 4
[2016.07.20-01.49.45:395][978]LogBlueprintUserMessages: [MeteoriteHandler_46] 5
[2016.07.20-01.49.45:395][978]LogBlueprintUserMessages: [MeteoriteHandler_46] 6
[2016.07.20-01.49.45:395][978]LogBlueprintUserMessages: [MeteoriteHandler_46] 7
[2016.07.20-01.49.45:395][978]LogBlueprintUserMessages: [MeteoriteHandler_46] 8
[2016.07.20-01.49.45:395][978]LogBlueprintUserMessages: [MeteoriteHandler_46] 9
[2016.07.20-01.49.45:395][978]LogBlueprintUserMessages: [MeteoriteHandler_46] 10
[2016.07.20-01.49.45:395][978]LogBlueprintUserMessages: [MeteoriteHandler_46] 11
[2016.07.20-01.49.45:395][978]LogBlueprintUserMessages: [MeteoriteHandler_46] 12
[2016.07.20-01.49.45:396][978]LogBlueprintUserMessages: [MeteoriteHandler_46] 13
[2016.07.20-01.49.45:396][978]LogBlueprintUserMessages: [MeteoriteHandler_46] 14
[2016.07.20-01.49.45:396][978]LogBlueprintUserMessages: [MeteoriteHandler_46] 15
[2016.07.20-01.49.45:396][978]LogBlueprintUserMessages: [MeteoriteHandler_46] 16
[2016.07.20-01.49.45:396][978]LogBlueprintUserMessages: [MeteoriteHandler_46] 17
[2016.07.20-01.49.45:396][978]LogBlueprintUserMessages: [MeteoriteHandler_46] 18
[2016.07.20-01.49.45:396][978]LogBlueprintUserMessages: [MeteoriteHandler_46] 19
[2016.07.20-01.49.45:396][978]LogBlueprintUserMessages: [MeteoriteHandler_46] 20
[2016.07.20-01.49.45:396][978]LogBlueprintUserMessages: [MeteoriteHandler_46] 21
[2016.07.20-01.49.45:396][978]LogBlueprintUserMessages: [MeteoriteHandler_46] 22
[2016.07.20-01.49.45:396][978]LogBlueprintUserMessages: [MeteoriteHandler_46] 23
[2016.07.20-01.49.45:396][978]LogBlueprintUserMessages: [MeteoriteHandler_46] 24
[2016.07.20-01.49.45:396][978]LogBlueprintUserMessages: [MeteoriteHandler_46] 25
[2016.07.20-01.49.45:396][978]LogBlueprintUserMessages: [GameManager_C_4] Wave Begun
[2016.07.20-01.49.52:802][840]LogBlueprintUserMessages: Early EndPlayMap Detection: Level '/Game/Maps/FirstLevel.FirstLevel:PersistentLevel' has LevelScriptBlueprint '/Game/Maps/FirstLevel.FirstLevel:PersistentLevel.FirstLevel' with GeneratedClass '/Game/Maps/FirstLevel.FirstLevel_C' with ClassGeneratedBy '/Game/Maps/FirstLevel.FirstLevel:PersistentLevel.FirstLevel'
[2016.07.20-01.49.52:845][840]LogBlueprintUserMessages: Late EndPlayMap Detection: Level '/Game/Maps/FirstLevel.FirstLevel:PersistentLevel' has LevelScriptBlueprint '/Game/Maps/FirstLevel.FirstLevel:PersistentLevel.FirstLevel' with GeneratedClass '/Game/Maps/FirstLevel.FirstLevel_C' with ClassGeneratedBy '/Game/Maps/FirstLevel.FirstLevel:PersistentLevel.FirstLevel'
[2016.07.20-01.50.17:924][828]BlueprintLog: New page: Compile Projectile
[2016.07.20-01.50.17:995][828]BlueprintEditorCompileResults: Info [0360.91] Compile of Projectile successful! [in 70 ms]
[2016.07.20-01.50.18:661][906]LogBlueprintUserMessages: Early PlayInEditor Detection: Level '/Game/Maps/FirstLevel.FirstLevel:PersistentLevel' has LevelScriptBlueprint '/Game/Maps/FirstLevel.FirstLevel:PersistentLevel.FirstLevel' with GeneratedClass '/Game/Maps/FirstLevel.FirstLevel_C' with ClassGeneratedBy '/Game/Maps/FirstLevel.FirstLevel:PersistentLevel.FirstLevel'
[2016.07.20-01.50.18:662][906]LogPlayLevel: PlayLevel: No blueprints needed recompiling
[2016.07.20-01.50.18:662][906]PIE: New page: PIE session: FirstLevel (20 Jul 2016 9:50:18 pm)
[2016.07.20-01.50.18:662][906]LogPlayLevel: Creating play world package: /Game/Maps/UEDPIE_0_FirstLevel
[2016.07.20-01.50.18:666][906]LogPlayLevel: PIE: StaticDuplicateObject took: (0.004284s)
[2016.07.20-01.50.18:667][906]LogAIModule: Creating AISystem for world FirstLevel
[2016.07.20-01.50.18:667][906]LogPlayLevel: PIE: World Init took: (0.000527s)
[2016.07.20-01.50.18:667][906]LogPlayLevel: PIE: Created PIE world by copying editor world from /Game/Maps/FirstLevel.FirstLevel to /Game/Maps/UEDPIE_0_FirstLevel.FirstLevel (0.004977s)
[2016.07.20-01.50.18:682][906]LogInit: XAudio2 using 'Speakers (Cirrus Logic CS4206B (AB 122))' : 2 channels at 48 kHz using 32 bits per sample (channel mask 0x3)
[2016.07.20-01.50.18:685][906]LogInit: FAudioDevice initialized.
[2016.07.20-01.50.18:716][906]LogWorld: Game class is 'GameManager_C'
[2016.07.20-01.50.18:720][906]LogWorld: Bringing World /Game/Maps/UEDPIE_0_FirstLevel.FirstLevel up for play (max tick rate 0) at 2016.07.20-11.50.18
[2016.07.20-01.50.18:720][906]LogWorld: Bringing up level for play took: 0.003245
[2016.07.20-01.50.18:725][906]PIE: Info Play in editor start time for /Game/Maps/UEDPIE_0_FirstLevel 0.981
[2016.07.20-01.50.18:726][906]LogBlueprintUserMessages: Late PlayInEditor Detection: Level '/Game/Maps/FirstLevel.FirstLevel:PersistentLevel' has LevelScriptBlueprint '/Game/Maps/FirstLevel.FirstLevel:PersistentLevel.FirstLevel' with GeneratedClass '/Game/Maps/FirstLevel.FirstLevel_C' with ClassGeneratedBy '/Game/Maps/FirstLevel.FirstLevel:PersistentLevel.FirstLevel'
[2016.07.20-01.50.20:644][132]LogBlueprintUserMessages: [MeteoriteHandler_46] 0
[2016.07.20-01.50.20:644][132]LogBlueprintUserMessages: [MeteoriteHandler_46] 1
[2016.07.20-01.50.20:644][132]LogBlueprintUserMessages: [MeteoriteHandler_46] 2
[2016.07.20-01.50.20:644][132]LogBlueprintUserMessages: [MeteoriteHandler_46] 3
[2016.07.20-01.50.20:644][132]LogBlueprintUserMessages: [MeteoriteHandler_46] 4
[2016.07.20-01.50.20:644][132]LogBlueprintUserMessages: [MeteoriteHandler_46] 5
[2016.07.20-01.50.20:644][132]LogBlueprintUserMessages: [MeteoriteHandler_46] 6
[2016.07.20-01.50.20:644][132]LogBlueprintUserMessages: [MeteoriteHandler_46] 7
[2016.07.20-01.50.20:644][132]LogBlueprintUserMessages: [MeteoriteHandler_46] 8
[2016.07.20-01.50.20:644][132]LogBlueprintUserMessages: [MeteoriteHandler_46] 9
[2016.07.20-01.50.20:644][132]LogBlueprintUserMessages: [MeteoriteHandler_46] 10
[2016.07.20-01.50.20:644][132]LogBlueprintUserMessages: [MeteoriteHandler_46] 11
[2016.07.20-01.50.20:644][132]LogBlueprintUserMessages: [MeteoriteHandler_46] 12
[2016.07.20-01.50.20:644][132]LogBlueprintUserMessages: [MeteoriteHandler_46] 13
[2016.07.20-01.50.20:644][132]LogBlueprintUserMessages: [MeteoriteHandler_46] 14
[2016.07.20-01.50.20:644][132]LogBlueprintUserMessages: [MeteoriteHandler_46] 15
[2016.07.20-01.50.20:644][132]LogBlueprintUserMessages: [MeteoriteHandler_46] 16
[2016.07.20-01.50.20:644][132]LogBlueprintUserMessages: [MeteoriteHandler_46] 17
[2016.07.20-01.50.20:644][132]LogBlueprintUserMessages: [MeteoriteHandler_46] 18
[2016.07.20-01.50.20:645][132]LogBlueprintUserMessages: [MeteoriteHandler_46] 19
[2016.07.20-01.50.20:645][132]LogBlueprintUserMessages: [MeteoriteHandler_46] 20
[2016.07.20-01.50.20:645][132]LogBlueprintUserMessages: [MeteoriteHandler_46] 21
[2016.07.20-01.50.20:645][132]LogBlueprintUserMessages: [MeteoriteHandler_46] 22
[2016.07.20-01.50.20:645][132]LogBlueprintUserMessages: [MeteoriteHandler_46] 23
[2016.07.20-01.50.20:645][132]LogBlueprintUserMessages: [MeteoriteHandler_46] 24
[2016.07.20-01.50.20:645][132]LogBlueprintUserMessages: [MeteoriteHandler_46] 25
[2016.07.20-01.50.20:645][132]LogBlueprintUserMessages: [GameManager_C_5] Wave Begun
[2016.07.20-01.50.33:124][586]LogBlueprintUserMessages: Early EndPlayMap Detection: Level '/Game/Maps/FirstLevel.FirstLevel:PersistentLevel' has LevelScriptBlueprint '/Game/Maps/FirstLevel.FirstLevel:PersistentLevel.FirstLevel' with GeneratedClass '/Game/Maps/FirstLevel.FirstLevel_C' with ClassGeneratedBy '/Game/Maps/FirstLevel.FirstLevel:PersistentLevel.FirstLevel'
[2016.07.20-01.50.33:168][586]LogBlueprintUserMessages: Late EndPlayMap Detection: Level '/Game/Maps/FirstLevel.FirstLevel:PersistentLevel' has LevelScriptBlueprint '/Game/Maps/FirstLevel.FirstLevel:PersistentLevel.FirstLevel' with GeneratedClass '/Game/Maps/FirstLevel.FirstLevel_C' with ClassGeneratedBy '/Game/Maps/FirstLevel.FirstLevel:PersistentLevel.FirstLevel'
[2016.07.20-01.50.56:743][407]Cmd: OBJ SAVEPACKAGE PACKAGE="/Game/Projectile" FILE="../../../../../../Users/sdeflorio/Documents/Project_PlanetDefence/Project_PlanetDef/Content/Projectile.uasset" SILENT=true
[2016.07.20-01.50.56:785][407]LogSavePackage: Save=39.74ms
[2016.07.20-01.50.56:785][407]LogSavePackage: Moving '../../../../../../Users/sdeflorio/Documents/Project_PlanetDefence/Project_PlanetDef/Saved/Projectile743F4F1B4A58DAF6BEA11A84AA928947.tmp' to '../../../../../../Users/sdeflorio/Documents/Project_PlanetDefence/Project_PlanetDef/Content/Projectile.uasset'
[2016.07.20-01.50.56:787][407]LogSavePackage: Total save time: 42.52ms
[2016.07.20-01.50.56:787][407]LogSavePackage:Display: Finished SavePackage ../../../../../../Users/sdeflorio/Documents/Project_PlanetDefence/Project_PlanetDef/Content/Projectile.uasset
[2016.07.20-01.51.27:847][131]Cmd: OBJ SAVEPACKAGE PACKAGE="/Game/Projectile" FILE="../../../../../../Users/sdeflorio/Documents/Project_PlanetDefence/Project_PlanetDef/Content/Projectile.uasset" SILENT=true
[2016.07.20-01.51.27:884][131]LogSavePackage: Save=33.36ms
[2016.07.20-01.51.27:884][131]LogSavePackage: Moving '../../../../../../Users/sdeflorio/Documents/Project_PlanetDefence/Project_PlanetDef/Saved/ProjectileE59F037F40E665E7D360DF89844ED68B.tmp' to '../../../../../../Users/sdeflorio/Documents/Project_PlanetDefence/Project_PlanetDef/Content/Projectile.uasset'
[2016.07.20-01.51.27:885][131]LogSavePackage: Total save time: 36.88ms
[2016.07.20-01.51.27:885][131]LogSavePackage:Display: Finished SavePackage ../../../../../../Users/sdeflorio/Documents/Project_PlanetDefence/Project_PlanetDef/Content/Projectile.uasset
[2016.07.20-01.51.32:196][645]Cmd: OBJ SAVEPACKAGE PACKAGE="/Game/Projectile" FILE="../../../../../../Users/sdeflorio/Documents/Project_PlanetDefence/Project_PlanetDef/Content/Projectile.uasset" SILENT=true
[2016.07.20-01.51.32:230][645]LogSavePackage: Save=32.37ms
[2016.07.20-01.51.32:230][645]LogSavePackage: Moving '../../../../../../Users/sdeflorio/Documents/Project_PlanetDefence/Project_PlanetDef/Saved/Projectile15A8D6164D21FE6B47C4519C8AEC44B2.tmp' to '../../../../../../Users/sdeflorio/Documents/Project_PlanetDefence/Project_PlanetDef/Content/Projectile.uasset'
[2016.07.20-01.51.32:232][645]LogSavePackage: Total save time: 34.57ms
[2016.07.20-01.51.32:232][645]LogSavePackage:Display: Finished SavePackage ../../../../../../Users/sdeflorio/Documents/Project_PlanetDefence/Project_PlanetDef/Content/Projectile.uasset
[2016.07.20-01.52.28:315][ 97]LogSavePackage: Save=77.88ms
[2016.07.20-01.52.28:315][ 97]LogSavePackage: Moving '../../../../../../Users/sdeflorio/Documents/Project_PlanetDefence/Project_PlanetDef/Saved/FirstLevel850D6780414734B10DDC6081D12E4414.tmp' to '../../../../../../Users/sdeflorio/Documents/Project_PlanetDefence/Project_PlanetDef/Content/Maps/FirstLevel.umap'
[2016.07.20-01.52.28:317][ 97]LogSavePackage: Total save time: 82.59ms
[2016.07.20-01.52.28:317][ 97]LogSavePackage:Display: Finished SavePackage ../../../../../../Users/sdeflorio/Documents/Project_PlanetDefence/Project_PlanetDef/Content/Maps/FirstLevel.umap
[2016.07.20-01.52.28:332][ 97]LogFileHelpers: Saving map 'FirstLevel' took 0.151
[2016.07.20-01.52.28:590][ 98]Cmd: QUIT_EDITOR
[2016.07.20-01.52.28:662][ 98]LogExit: Preparing to exit.
[2016.07.20-01.52.29:418][ 98]LogExit: Editor shut down
[2016.07.20-01.52.29:418][ 98]LogExit: Transaction tracking system shut down
[2016.07.20-01.52.29:538][ 98]LogObj: Freed 0b from 0 cluster array pools.
[2016.07.20-01.52.29:538][ 98]LogExit: Object subsystem successfully closed.
[2016.07.20-01.52.29:546][ 98]LogD3D11RHI: Shutdown
[2016.07.20-01.52.29:546][ 98]LogD3D11RHI: CleanupD3DDevice
[2016.07.20-01.52.29:659][ 98]LogD3D11RHI: ~FD3D11DynamicRHI
[2016.07.20-01.52.29:692][ 98]LogDerivedDataCache: Shutdown
[2016.07.20-01.52.29:692][ 98]LogModuleManager: Shutting down and abandoning module MovieSceneCapture (209)
[2016.07.20-01.52.29:692][ 98]LogModuleManager: Shutting down and abandoning module BlueprintGraph (208)
[2016.07.20-01.52.29:692][ 98]LogModuleManager: Shutting down and abandoning module HierarchicalLODOutliner (207)
[2016.07.20-01.52.29:692][ 98]LogModuleManager: Shutting down and abandoning module CrashTracker (206)
[2016.07.20-01.52.29:692][ 98]LogModuleManager: Shutting down and abandoning module SceneOutliner (205)
[2016.07.20-01.52.29:692][ 98]LogModuleManager: Shutting down and abandoning module SuperSearch (204)
[2016.07.20-01.52.29:692][ 98]LogModuleManager: Shutting down and abandoning module WidgetCarousel (203)
[2016.07.20-01.52.29:692][ 98]LogModuleManager: Shutting down and abandoning module AddContentDialog (202)
[2016.07.20-01.52.29:693][ 98]LogModuleManager: Shutting down and abandoning module GameplayTags (201)
[2016.07.20-01.52.29:693][ 98]LogModuleManager: Shutting down and abandoning module EditorWidgets (200)
[2016.07.20-01.52.29:693][ 98]LogModuleManager: Shutting down and abandoning module CollectionManager (199)
[2016.07.20-01.52.29:693][ 98]LogModuleManager: Shutting down and abandoning module StatsViewer (198)
[2016.07.20-01.52.29:693][ 98]LogModuleManager: Shutting down and abandoning module FoliageEdit (197)
[2016.07.20-01.52.29:693][ 98]LogModuleManager: Shutting down and abandoning module LandscapeEditor (196)
[2016.07.20-01.52.29:694][ 98]LogModuleManager: Shutting down and abandoning module ActorPickerMode (195)
[2016.07.20-01.52.29:694][ 98]LogModuleManager: Shutting down and abandoning module GeometryMode (194)
[2016.07.20-01.52.29:694][ 98]LogModuleManager: Shutting down and abandoning module TextureAlignMode (193)
[2016.07.20-01.52.29:694][ 98]LogModuleManager: Shutting down and abandoning module BspMode (192)
[2016.07.20-01.52.29:694][ 98]LogModuleManager: Shutting down and abandoning module PlacementMode (191)
[2016.07.20-01.52.29:694][ 98]LogModuleManager: Shutting down and abandoning module AutomationWorker (190)
[2016.07.20-01.52.29:694][ 98]LogModuleManager: Shutting down and abandoning module CharacterAI (189)
[2016.07.20-01.52.29:694][ 98]LogModuleManager: Shutting down and abandoning module SmartSnapping (188)
[2016.07.20-01.52.29:694][ 98]LogModuleManager: Shutting down and abandoning module ViewportSnapping (187)
[2016.07.20-01.52.29:694][ 98]LogModuleManager: Shutting down and abandoning module LogVisualizer (186)
[2016.07.20-01.52.29:694][ 98]LogModuleManager: Shutting down and abandoning module GameProjectGeneration (185)
[2016.07.20-01.52.29:694][ 98]LogModuleManager: Shutting down and abandoning module IntroTutorials (184)
[2016.07.20-01.52.29:694][ 98]LogModuleManager: Shutting down and abandoning module EditorLiveStreaming (183)
[2016.07.20-01.52.29:694][ 98]LogModuleManager: Shutting down and abandoning module IOSPlatformEditor (182)
[2016.07.20-01.52.29:694][ 98]LogModuleManager: Shutting down and abandoning module HTML5PlatformEditor (181)
[2016.07.20-01.52.29:694][ 98]LogModuleManager: Shutting down and abandoning module AndroidDeviceDetection (180)
[2016.07.20-01.52.30:334][ 98]LogModuleManager: Shutting down and abandoning module AndroidPlatformEditor (179)
[2016.07.20-01.52.30:334][ 98]LogModuleManager: Shutting down and abandoning module IOSRuntimeSettings (178)
[2016.07.20-01.52.30:334][ 98]LogModuleManager: Shutting down and abandoning module AndroidRuntimeSettings (177)
[2016.07.20-01.52.30:334][ 98]LogModuleManager: Shutting down and abandoning module MergeActors (176)
[2016.07.20-01.52.30:334][ 98]LogModuleManager: Shutting down and abandoning module SizeMap (175)
[2016.07.20-01.52.30:334][ 98]LogModuleManager: Shutting down and abandoning module TreeMap (174)
[2016.07.20-01.52.30:334][ 98]LogModuleManager: Shutting down and abandoning module ReferenceViewer (173)
[2016.07.20-01.52.30:334][ 98]LogModuleManager: Shutting down and abandoning module LocalizationService (172)
[2016.07.20-01.52.30:334][ 98]LogModuleManager: Shutting down and abandoning module LocalizationDashboard (171)
[2016.07.20-01.52.30:334][ 98]LogModuleManager: Shutting down and abandoning module HardwareTargeting (170)
[2016.07.20-01.52.30:334][ 98]LogModuleManager: Shutting down and abandoning module DeviceProfileEditor (169)
[2016.07.20-01.52.30:334][ 98]LogModuleManager: Shutting down and abandoning module UndoHistory (168)
[2016.07.20-01.52.30:334][ 98]LogModuleManager: Shutting down and abandoning module UserFeedback (167)
[2016.07.20-01.52.30:334][ 98]LogModuleManager: Shutting down and abandoning module XmlParser (166)
[2016.07.20-01.52.30:334][ 98]LogModuleManager: Shutting down and abandoning module Blutility (165)
[2016.07.20-01.52.30:334][ 98]LogModuleManager: Shutting down and abandoning module ProjectTargetPlatformEditor (164)
[2016.07.20-01.52.30:334][ 98]LogModuleManager: Shutting down and abandoning module ProjectSettingsViewer (163)
[2016.07.20-01.52.30:334][ 98]LogModuleManager: Shutting down and abandoning module InputBindingEditor (162)
[2016.07.20-01.52.30:334][ 98]LogModuleManager: Shutting down and abandoning module EditorSettingsViewer (161)
[2016.07.20-01.52.30:334][ 98]LogModuleManager: Shutting down and abandoning module SettingsEditor (160)
[2016.07.20-01.52.30:334][ 98]LogModuleManager: Shutting down and abandoning module ProjectLauncher (159)
[2016.07.20-01.52.30:334][ 98]LogModuleManager: Shutting down and abandoning module SessionFrontend (158)
[2016.07.20-01.52.30:334][ 98]LogModuleManager: Shutting down and abandoning module ProfilerClient (157)
[2016.07.20-01.52.30:334][ 98]LogModuleManager: Shutting down and abandoning module TargetDeviceServices (156)
[2016.07.20-01.52.30:334][ 98]LogModuleManager: Shutting down and abandoning module DeviceManager (155)
[2016.07.20-01.52.30:375][ 98]LogModuleManager: Shutting down and abandoning module AutomationController (154)
[2016.07.20-01.52.30:375][ 98]LogModuleManager: Shutting down and abandoning module AutomationWindow (153)
[2016.07.20-01.52.30:375][ 98]LogModuleManager: Shutting down and abandoning module Layers (152)
[2016.07.20-01.52.30:375][ 98]LogModuleManager: Shutting down and abandoning module ComponentVisualizers (151)
[2016.07.20-01.52.30:375][ 98]LogModuleManager: Shutting down and abandoning module DetailCustomizations (150)
[2016.07.20-01.52.30:375][ 98]LogModuleManager: Shutting down and abandoning module PackagesDialog (149)
[2016.07.20-01.52.30:375][ 98]LogModuleManager: Shutting down and abandoning module Persona (148)
[2016.07.20-01.52.30:375][ 98]LogModuleManager: Shutting down and abandoning module Kismet (147)
[2016.07.20-01.52.30:375][ 98]LogModuleManager: Shutting down and abandoning module GraphEditor (146)
[2016.07.20-01.52.30:375][ 98]LogModuleManager: Shutting down and abandoning module ClassViewer (145)
[2016.07.20-01.52.30:375][ 98]LogModuleManager: Shutting down and abandoning module Toolbox (144)
[2016.07.20-01.52.30:375][ 98]LogModuleManager: Shutting down and abandoning module ModuleUI (143)
[2016.07.20-01.52.30:375][ 98]LogModuleManager: Shutting down and abandoning module MovieSceneTools (142)
[2016.07.20-01.52.30:375][ 98]LogModuleManager: Shutting down and abandoning module OutputLog (141)
[2016.07.20-01.52.30:375][ 98]LogModuleManager: Shutting down and abandoning module GammaUI (140)
[2016.07.20-01.52.30:375][ 98]LogModuleManager: Shutting down and abandoning module Documentation (139)
[2016.07.20-01.52.30:375][ 98]LogModuleManager: Shutting down and abandoning module StreamingPauseRendering (138)
[2016.07.20-01.52.30:375][ 98]LogModuleManager: Shutting down and abandoning module AnalyticsET (137)
[2016.07.20-01.52.30:375][ 98]LogModuleManager: Shutting down and abandoning module Analytics (136)
[2016.07.20-01.52.30:375][ 98]LogModuleManager: Shutting down and abandoning module PortalServices (135)
[2016.07.20-01.52.30:375][ 98]LogModuleManager: Shutting down and abandoning module PortalRpc (134)
[2016.07.20-01.52.30:375][ 98]LogModuleManager: Shutting down and abandoning module MessagingRpc (133)
[2016.07.20-01.52.30:375][ 98]LogModuleManager: Shutting down and abandoning module AITestSuite (132)
[2016.07.20-01.52.30:375][ 98]LogModuleManager: Shutting down and abandoning module GameplayDebugger (131)
[2016.07.20-01.52.30:375][ 98]LogModuleManager: Shutting down and abandoning module AIModule (130)
[2016.07.20-01.52.30:375][ 98]LogModuleManager: Shutting down and abandoning module ProfilerService (129)
[2016.07.20-01.52.30:538][ 98]LogModuleManager: Shutting down and abandoning module TaskGraph (128)
[2016.07.20-01.52.30:538][ 98]LogModuleManager: Shutting down and abandoning module SubstanceEditor (127)
[2016.07.20-01.52.30:538][ 98]LogModuleManager: Shutting down and abandoning module SlateRemote (126)
[2016.07.20-01.52.30:538][ 98]LogModuleManager: Shutting down and abandoning module SteamVRController (125)
[2016.07.20-01.52.30:538][ 98]LogModuleManager: Shutting down and abandoning module SteamVR (124)
[2016.07.20-01.52.30:538][ 98]LogModuleManager: Shutting down and abandoning module ProceduralMeshComponent (123)
[2016.07.20-01.52.30:538][ 98]LogModuleManager: Shutting down and abandoning module OculusLibrary (122)
[2016.07.20-01.52.30:538][ 98]LogModuleManager: Shutting down and abandoning module OculusInput (121)
[2016.07.20-01.52.30:538][ 98]LogModuleManager: Shutting down and abandoning module CustomMeshComponent (120)
[2016.07.20-01.52.30:538][ 98]LogModuleManager: Shutting down and abandoning module CableComponent (119)
[2016.07.20-01.52.30:538][ 98]LogModuleManager: Shutting down and abandoning module ArchVisCharacter (118)
[2016.07.20-01.52.30:538][ 98]LogModuleManager: Shutting down and abandoning module MediaPlayerEditor (117)
[2016.07.20-01.52.30:538][ 98]LogModuleManager: Shutting down and abandoning module HTML5Networking (116)
[2016.07.20-01.52.30:538][ 98]LogModuleManager: Shutting down and abandoning module SpeedTreeImporter (115)
[2016.07.20-01.52.30:538][ 98]LogModuleManager: Shutting down and abandoning module PluginBrowser (114)
[2016.07.20-01.52.30:538][ 98]LogModuleManager: Shutting down and abandoning module EpicSurvey (113)
[2016.07.20-01.52.30:538][ 98]LogModuleManager: Shutting down and abandoning module DesktopPlatform (112)
[2016.07.20-01.52.30:538][ 98]LogModuleManager: Shutting down and abandoning module VisualStudioSourceCodeAccess (111)
[2016.07.20-01.52.30:538][ 98]LogModuleManager: Shutting down and abandoning module UObjectPlugin (110)
[2016.07.20-01.52.30:538][ 98]LogModuleManager: Shutting down and abandoning module SubversionSourceControl (109)
[2016.07.20-01.52.30:538][ 98]LogModuleManager: Shutting down and abandoning module PerforceSourceControl (108)
[2016.07.20-01.52.30:538][ 98]LogModuleManager: Shutting down and abandoning module SourceControl (107)
[2016.07.20-01.52.30:538][ 98]LogModuleManager: Shutting down and abandoning module GitSourceControl (106)
[2016.07.20-01.52.30:538][ 98]LogModuleManager: Shutting down and abandoning module LightPropagationVolumeEditor (105)
[2016.07.20-01.52.30:538][ 98]LogModuleManager: Shutting down and abandoning module PaperTiledImporter (104)
[2016.07.20-01.52.30:538][ 98]LogModuleManager: Shutting down and abandoning module PaperSpriteSheetImporter (103)
[2016.07.20-01.52.30:538][ 98]LogModuleManager: Shutting down and abandoning module MeshPaint (102)
[2016.07.20-01.52.30:538][ 98]LogModuleManager: Shutting down and abandoning module HotReload (101)
[2016.07.20-01.52.30:539][ 98]LogModuleManager: Shutting down and abandoning module MainFrame (100)
[2016.07.20-01.52.30:539][ 98]LogModuleManager: Shutting down and abandoning module LevelEditor (99)
[2016.07.20-01.52.30:539][ 98]LogModuleManager: Shutting down and abandoning module DirectoryWatcher (98)
[2016.07.20-01.52.30:540][ 98]LogModuleManager: Shutting down and abandoning module AssetRegistry (97)
[2016.07.20-01.52.30:683][ 98]LogModuleManager: Shutting down and abandoning module ContentBrowser (96)
[2016.07.20-01.52.30:684][ 98]LogModuleManager: Shutting down and abandoning module Paper2DEditor (95)
[2016.07.20-01.52.30:684][ 98]LogModuleManager: Shutting down and abandoning module Project_PlanetDef (94)
[2016.07.20-01.52.30:684][ 98]LogModuleManager: Shutting down and abandoning module UdpMessaging (93)
[2016.07.20-01.52.30:784][ 98]LogModuleManager: Shutting down and abandoning module SubstanceCore (92)
[2016.07.20-01.52.30:784][ 98]LogModuleManager: Shutting down and abandoning module LightPropagationVolumeRuntime (91)
[2016.07.20-01.52.30:784][ 98]LogModuleManager: Shutting down and abandoning module Paper2D (90)
[2016.07.20-01.52.30:784][ 98]LogModuleManager: Shutting down and abandoning module WindowsMoviePlayer (89)
[2016.07.20-01.52.30:784][ 98]LogModuleManager: Shutting down and abandoning module Media (88)
[2016.07.20-01.52.30:784][ 98]LogModuleManager: Shutting down and abandoning module WmfMedia (87)
[2016.07.20-01.52.30:784][ 98]LogModuleManager: Shutting down and abandoning module MediaAssets (86)
[2016.07.20-01.52.30:784][ 98]LogModuleManager: Shutting down and abandoning module GameLiveStreaming (85)
[2016.07.20-01.52.30:784][ 98]LogModuleManager: Shutting down and abandoning module GameplayTagsEditor (84)
[2016.07.20-01.52.30:784][ 98]LogModuleManager: Shutting down and abandoning module OnlineBlueprintSupport (83)
[2016.07.20-01.52.30:784][ 98]LogModuleManager: Shutting down and abandoning module GameplayTasksEditor (82)
[2016.07.20-01.52.30:784][ 98]LogModuleManager: Shutting down and abandoning module PropertyEditor (81)
[2016.07.20-01.52.30:784][ 98]LogModuleManager: Shutting down and abandoning module BehaviorTreeEditor (80)
[2016.07.20-01.52.30:784][ 98]LogModuleManager: Shutting down and abandoning module FunctionalTesting (79)
[2016.07.20-01.52.30:784][ 98]LogModuleManager: Shutting down and abandoning module CollisionAnalyzer (78)
[2016.07.20-01.52.30:784][ 98]LogModuleManager: Shutting down and abandoning module WorkspaceMenuStructure (77)
[2016.07.20-01.52.30:784][ 98]LogModuleManager: Shutting down and abandoning module MessageLog (76)
[2016.07.20-01.52.30:785][ 98]LogModuleManager: Shutting down and abandoning module Sequencer (75)
[2016.07.20-01.52.30:785][ 98]LogModuleManager: Shutting down and abandoning module AssetTools (74)
[2016.07.20-01.52.30:785][ 98]LogModuleManager: Shutting down and abandoning module UMGEditor (73)
[2016.07.20-01.52.30:785][ 98]LogModuleManager: Shutting down and abandoning module UMG (72)
[2016.07.20-01.52.30:785][ 98]LogModuleManager: Shutting down and abandoning module SlateReflector (71)
[2016.07.20-01.52.30:785][ 98]LogModuleManager: Shutting down and abandoning module Slate (70)
[2016.07.20-01.52.30:785][ 98]LogModuleManager: Shutting down and abandoning module EditorStyle (69)
[2016.07.20-01.52.30:786][ 98]LogModuleManager: Shutting down and abandoning module SessionServices (68)
[2016.07.20-01.52.30:786][ 98]LogModuleManager: Shutting down and abandoning module SourceCodeAccess (67)
[2016.07.20-01.52.30:786][ 98]LogModuleManager: Shutting down and abandoning module HeadMountedDisplay (66)
[2016.07.20-01.52.30:786][ 98]LogModuleManager: Shutting down and abandoning module XAudio2 (65)
[2016.07.20-01.52.30:786][ 98]LogModuleManager: Shutting down and abandoning module Networking (63)
[2016.07.20-01.52.30:786][ 98]LogModuleManager: Shutting down and abandoning module Core (62)
[2016.07.20-01.52.30:786][ 98]LogModuleManager: Shutting down and abandoning module KismetCompiler (61)
[2016.07.20-01.52.30:786][ 98]LogModuleManager: Shutting down and abandoning module PhysXFormats (60)
[2016.07.20-01.52.30:786][ 98]LogModuleManager: Shutting down and abandoning module MeshUtilities (59)
[2016.07.20-01.52.30:786][ 98]LogModuleManager: Shutting down and abandoning module CookingStats (58)
[2016.07.20-01.52.30:786][ 98]LogModuleManager: Shutting down and abandoning module DerivedDataCache (57)
[2016.07.20-01.52.30:786][ 98]LogDerivedDataCache: Shutdown
[2016.07.20-01.52.30:786][ 98]LogModuleManager: Shutting down and abandoning module ShaderFormatOpenGL (56)
[2016.07.20-01.52.30:786][ 98]LogModuleManager: Shutting down and abandoning module ShaderFormatD3D (55)
[2016.07.20-01.52.30:786][ 98]LogModuleManager: Shutting down and abandoning module MetalShaderFormat (54)
[2016.07.20-01.52.30:786][ 98]LogModuleManager: Shutting down and abandoning module TextureFormatUncompressed (53)
[2016.07.20-01.52.30:786][ 98]LogModuleManager: Shutting down and abandoning module TextureFormatPVR (52)
[2016.07.20-01.52.30:786][ 98]LogModuleManager: Shutting down and abandoning module TextureFormatIntelISPCTexComp (51)
[2016.07.20-01.52.30:786][ 98]LogModuleManager: Shutting down and abandoning module TextureFormatDXT (50)
[2016.07.20-01.52.30:786][ 98]LogModuleManager: Shutting down and abandoning module ImageWrapper (49)
[2016.07.20-01.52.30:786][ 98]LogModuleManager: Shutting down and abandoning module TextureFormatASTC (48)
[2016.07.20-01.52.30:786][ 98]LogModuleManager: Shutting down and abandoning module TextureFormatAndroid (47)
[2016.07.20-01.52.30:786][ 98]LogModuleManager: Shutting down and abandoning module AudioFormatOpus (46)
[2016.07.20-01.52.30:786][ 98]LogModuleManager: Shutting down and abandoning module AudioFormatOgg (45)
[2016.07.20-01.52.30:786][ 98]LogModuleManager: Shutting down and abandoning module AudioFormatADPCM (44)
[2016.07.20-01.52.30:786][ 98]LogModuleManager: Shutting down and abandoning module LinuxTargetPlatform (43)
[2016.07.20-01.52.30:786][ 98]LogModuleManager: Shutting down and abandoning module LinuxServerTargetPlatform (42)
[2016.07.20-01.52.30:786][ 98]LogModuleManager: Shutting down and abandoning module LinuxNoEditorTargetPlatform (41)
[2016.07.20-01.52.30:786][ 98]LogModuleManager: Shutting down and abandoning module TVOSTargetPlatform (40)
[2016.07.20-01.52.30:786][ 98]LogModuleManager: Shutting down and abandoning module Messaging (39)
[2016.07.20-01.52.30:786][ 98]LogModuleManager: Shutting down and abandoning module IOSTargetPlatform (38)
[2016.07.20-01.52.30:786][ 98]LogModuleManager: Shutting down and abandoning module HTML5TargetPlatform (37)
[2016.07.20-01.52.30:786][ 98]LogModuleManager: Shutting down and abandoning module Android_PVRTCTargetPlatform (36)
[2016.07.20-01.52.30:786][ 98]LogModuleManager: Shutting down and abandoning module Android_MultiTargetPlatform (35)
[2016.07.20-01.52.30:786][ 98]LogModuleManager: Shutting down and abandoning module Android_ETC2TargetPlatform (34)
[2016.07.20-01.52.30:786][ 98]LogModuleManager: Shutting down and abandoning module Android_ETC1TargetPlatform (33)
[2016.07.20-01.52.30:786][ 98]LogModuleManager: Shutting down and abandoning module Android_DXTTargetPlatform (32)
[2016.07.20-01.52.30:786][ 98]LogModuleManager: Shutting down and abandoning module Android_ATCTargetPlatform (31)
[2016.07.20-01.52.30:786][ 98]LogModuleManager: Shutting down and abandoning module Android_ASTCTargetPlatform (30)
[2016.07.20-01.52.30:786][ 98]LogModuleManager: Shutting down and abandoning module AndroidTargetPlatform (29)
[2016.07.20-01.52.30:786][ 98]LogModuleManager: Shutting down and abandoning module WindowsTargetPlatform (28)
[2016.07.20-01.52.30:787][ 98]LogModuleManager: Shutting down and abandoning module WindowsServerTargetPlatform (27)
[2016.07.20-01.52.30:787][ 98]LogModuleManager: Shutting down and abandoning module WindowsNoEditorTargetPlatform (26)
[2016.07.20-01.52.30:787][ 98]LogModuleManager: Shutting down and abandoning module WindowsClientTargetPlatform (25)
[2016.07.20-01.52.30:787][ 98]LogModuleManager: Shutting down and abandoning module AllDesktopTargetPlatform (24)
[2016.07.20-01.52.30:787][ 98]LogModuleManager: Shutting down and abandoning module TargetPlatform (23)
[2016.07.20-01.52.30:787][ 98]LogModuleManager: Shutting down and abandoning module InputCore (22)
[2016.07.20-01.52.30:787][ 98]LogModuleManager: Shutting down and abandoning module Settings (21)
[2016.07.20-01.52.30:787][ 98]LogModuleManager: Shutting down and abandoning module OnlineSubsystem (19)
[2016.07.20-01.52.30:787][ 98]LogModuleManager: Shutting down and abandoning module HTTP (18)
[2016.07.20-01.52.32:787][ 98]LogModuleManager: Shutting down and abandoning module XMPP (17)
[2016.07.20-01.52.32:787][ 98]LogModuleManager: Shutting down and abandoning module OculusRift (16)
[2016.07.20-01.52.32:787][ 98]LogModuleManager: Shutting down and abandoning module ExampleDeviceProfileSelector (15)
[2016.07.20-01.52.32:787][ 98]LogModuleManager: Shutting down and abandoning module TextureCompressor (14)
[2016.07.20-01.52.32:787][ 98]LogModuleManager: Shutting down and abandoning module ShaderCore (13)
[2016.07.20-01.52.32:787][ 98]LogModuleManager: Shutting down and abandoning module Landscape (12)
[2016.07.20-01.52.32:787][ 98]LogModuleManager: Shutting down and abandoning module SlateRHIRenderer (11)
[2016.07.20-01.52.32:789][ 98]LogModuleManager: Shutting down and abandoning module OpenGLDrv (10)
[2016.07.20-01.52.32:789][ 98]LogModuleManager: Shutting down and abandoning module D3D11RHI (9)
[2016.07.20-01.52.32:789][ 98]LogModuleManager: Shutting down and abandoning module AnimGraphRuntime (8)
[2016.07.20-01.52.32:789][ 98]LogModuleManager: Shutting down and abandoning module Renderer (7)
[2016.07.20-01.52.32:789][ 98]LogModuleManager: Shutting down and abandoning module Engine (6)
[2016.07.20-01.52.32:789][ 98]LogModuleManager: Shutting down and abandoning module CoreUObject (5)
[2016.07.20-01.52.32:789][ 98]LogModuleManager: Shutting down and abandoning module NetworkFile (4)
[2016.07.20-01.52.32:789][ 98]LogModuleManager: Shutting down and abandoning module StreamingFile (3)
[2016.07.20-01.52.32:789][ 98]LogModuleManager: Shutting down and abandoning module SandboxFile (2)
[2016.07.20-01.52.32:789][ 98]LogModuleManager: Shutting down and abandoning module PakFile (1)
[2016.07.20-01.52.32:790][ 98]LogExit: Exiting.
[2016.07.20-01.52.32:791][ 98]Log file closed, 07/20/16 11:52:32
