Log file open, 08/02/16 08:33:41
LogInit:Display: Running engine for game: Project_PlanetDef
LogPlatformFile: Not using cached read wrapper
LogInit:Display: RandInit(-1139987968) SRandInit(-1139987967).
LogTaskGraph: Started task graph with 4 named threads and 7 total threads.
LogStats: Stats thread started at 0.062979
OCULUS: Info: [CAPI] LibOVR module is located at C:\Program Files (x86)\Oculus\Support\oculus-runtime\LibOVRRT64_1.dll
OCULUS: Debug: Connected to the server running version (prod = 1).1.6.0(build = 250620) feature version = 0. Client runs version (prod = 1).1.6.0(build = 250620) feature version = 0
OCULUS: Debug: [HMDState] Using default profile default
OCULUS: Info: IAD changed to 64.0mm
OCULUS: Debug: [SharedMemory] Creating factory
LogInit: Version: 4.11.2-2946394+++UE4+Release-4.11
LogInit: API Version: 2927265
LogInit: Compiled (64-bit): Apr 18 2016 02:18:46
LogInit: Compiled with Visual C++: 19.00.23026.00
LogInit: Build Configuration: Development
LogInit: Branch Name: ++UE4+Release-4.11
LogInit: Command line: -EpicPortal 
LogInit: Base directory: D:/Program Files (x86)/Epic Games/4.11/Engine/Binaries/Win64/
LogInit: Installed Engine Build: 1
LogInit: Using libcurl 7.41.0
LogInit:  - built for x86_64-pc-win32
LogInit:  - supports SSL with WinSSL
LogInit:  - other features:
LogInit:      CURL_VERSION_SSL
LogInit:      CURL_VERSION_IPV6
LogInit:      CURL_VERSION_ASYNCHDNS
LogInit:      CURL_VERSION_LARGEFILE
LogInit:      CURL_VERSION_IDN
LogInit:  CurlRequestOptions (configurable via config and command line):
LogInit:  - bVerifyPeer = true  - Libcurl will verify peer certificate
LogInit:  - bUseHttpProxy = false  - Libcurl will NOT use HTTP proxy
LogInit:  - bDontReuseConnections = false  - Libcurl will reuse connections
LogInit:  - CertBundlePath = nullptr  - Libcurl will use whatever was configured at build time.
LogInit: Presizing for max 16777216 objects, including 0 objects not considered by GC, pre-allocating 0 bytes for permanent pool.
LogInit: Object subsystem initialized
[2016.08.01-22.33.42:119][  0]LogInit: Selected Device Profile: [Windows]
[2016.08.01-22.33.42:119][  0]LogInit: Applying CVar settings loaded from the selected device profile: [Windows]
[2016.08.01-22.33.42:153][  0]LogInit: Computer: DESKTOP-M92PTO3
[2016.08.01-22.33.42:153][  0]LogInit: User: StefanoAdmin
[2016.08.01-22.33.42:153][  0]LogInit: CPU Page size=65536, Cores=4
[2016.08.01-22.33.42:153][  0]LogInit: High frequency timer resolution =3.328124 MHz
[2016.08.01-22.33.42:153][  0]LogMemory: Memory total: Physical=15.9GB (16GB approx)
[2016.08.01-22.33.42:153][  0]LogMemory: Platform Memory Stats for Windows
[2016.08.01-22.33.42:153][  0]LogMemory: Process Physical Memory: 318.52 MB used, 318.52 MB peak
[2016.08.01-22.33.42:153][  0]LogMemory: Process Virtual Memory: 318.39 MB used, 318.39 MB peak
[2016.08.01-22.33.42:153][  0]LogMemory: Physical Memory: 8176.57 MB used, 16313.61 MB total
[2016.08.01-22.33.42:153][  0]LogMemory: Virtual Memory: 700.65 MB used, 134217728.00 MB total
[2016.08.01-22.33.42:395][  0]LogTextLocalizationManager: No specific translations for ('en-AU') exist, so ('en') translations will be used.
[2016.08.01-22.33.42:717][  0]LogD3D11RHI: D3D11 adapters:
[2016.08.01-22.33.42:740][  0]LogD3D11RHI:    0. 'NVIDIA GeForce GTX 980' (Feature Level 11_0)
[2016.08.01-22.33.42:740][  0]LogD3D11RHI:       4060MB of dedicated video memory, 0MB of dedicated system memory, and 8156MB of shared system memory, 1 output[s]
[2016.08.01-22.33.42:742][  0]LogD3D11RHI:    1. 'Microsoft Basic Render Driver' (Feature Level 11_0)
[2016.08.01-22.33.42:742][  0]LogD3D11RHI:       0MB of dedicated video memory, 0MB of dedicated system memory, and 8156MB of shared system memory, 0 output[s]
[2016.08.01-22.33.42:742][  0]LogD3D11RHI: Chosen D3D11 Adapter: 0
[2016.08.01-22.33.42:747][  0]LogD3D11RHI: Creating new Direct3DDevice
[2016.08.01-22.33.42:747][  0]LogD3D11RHI:     Adapter Name: NVIDIA GeForce GTX 980
[2016.08.01-22.33.42:747][  0]LogD3D11RHI:   Driver Version: 10.18.13.6881 (internal 10.18.13.6881)
[2016.08.01-22.33.42:747][  0]LogD3D11RHI:      Driver Date: 7-10-2016
[2016.08.01-22.33.42:747][  0]LogRHI: Texture pool is 1361 MB (70% of 1945 MB)
[2016.08.01-22.33.42:757][  0]LogD3D11RHI: Async texture creation enabled
[2016.08.01-22.33.42:766][  0]LogShaderCompilers: Guid format shader working directory is -48 characters bigger than the processId version (../../../../../../Admin/Documents/GitHub Repositories/Project_PlanetDefence/Project_PlanetDef/Intermediate/Shaders/WorkingDirectory/12764/).
[2016.08.01-22.33.42:766][  0]LogShaderCompilers: Cleaned the shader compiler working directory 'C:/Users/Admin/AppData/Local/Temp/UnrealShaderWorkingDir/DB44AA194E06E2F09A1629B8B17C724F/'.
[2016.08.01-22.33.42:766][  0]LogShaderCompilers:Display: Using Local Shader Compiler.
[2016.08.01-22.33.43:596][  0]LogTemp:Display: Loaded TP AllDesktopTargetPlatform
[2016.08.01-22.33.43:600][  0]LogTemp:Display: Loaded TP WindowsClientTargetPlatform
[2016.08.01-22.33.43:604][  0]LogTemp:Display: Loaded TP WindowsNoEditorTargetPlatform
[2016.08.01-22.33.43:607][  0]LogTemp:Display: Loaded TP WindowsServerTargetPlatform
[2016.08.01-22.33.43:611][  0]LogTemp:Display: Loaded TP WindowsTargetPlatform
[2016.08.01-22.33.43:613][  0]LogTemp:Display: Loaded TP AndroidTargetPlatform
[2016.08.01-22.33.43:615][  0]LogTemp:Display: Loaded TP Android_ASTCTargetPlatform
[2016.08.01-22.33.43:617][  0]LogTemp:Display: Loaded TP Android_ATCTargetPlatform
[2016.08.01-22.33.43:619][  0]LogTemp:Display: Loaded TP Android_DXTTargetPlatform
[2016.08.01-22.33.43:622][  0]LogTemp:Display: Loaded TP Android_ETC1TargetPlatform
[2016.08.01-22.33.43:624][  0]LogTemp:Display: Loaded TP Android_ETC2TargetPlatform
[2016.08.01-22.33.43:629][  0]LogTemp:Display: Loaded TP Android_MultiTargetPlatform
[2016.08.01-22.33.43:629][  0]LogTemp:Display: Loaded TP Android_PVRTCTargetPlatform
[2016.08.01-22.33.43:629][  0]LogTemp:Display: Loaded TP HTML5TargetPlatform
[2016.08.01-22.33.43:644][  0]LogTemp:Display: Loaded TP IOSTargetPlatform
[2016.08.01-22.33.43:646][  0]LogTemp:Display: Loaded TP TVOSTargetPlatform
[2016.08.01-22.33.43:648][  0]LogTemp:Display: Loaded TP LinuxNoEditorTargetPlatform
[2016.08.01-22.33.43:651][  0]LogTemp:Display: Loaded TP LinuxServerTargetPlatform
[2016.08.01-22.33.43:653][  0]LogTemp:Display: Loaded TP LinuxTargetPlatform
[2016.08.01-22.33.43:653][  0]LogTargetPlatformManager:Display: Building Assets For Windows
[2016.08.01-22.33.43:703][  0]LogDerivedDataCache:Display: Max Cache Size: 512 MB
[2016.08.01-22.33.43:738][  0]LogDerivedDataCache: Loaded boot cache 0.04s 46MB C:/Users/Admin/AppData/Local/UnrealEngine/4.11/DerivedDataCache/Boot.ddc.
[2016.08.01-22.33.43:738][  0]LogDerivedDataCache:Display: Loaded Boot cache: C:/Users/Admin/AppData/Local/UnrealEngine/4.11/DerivedDataCache/Boot.ddc
[2016.08.01-22.33.43:738][  0]LogDerivedDataCache: FDerivedDataBackendGraph:  Pak pak cache file ../../../../../../Admin/Documents/GitHub Repositories/Project_PlanetDefence/Project_PlanetDef/DerivedDataCache/DDC.ddp not found, will not use a pak cache.
[2016.08.01-22.33.43:738][  0]LogDerivedDataCache: Unable to find inner node Pak for hierarchical cache Hierarchy.
[2016.08.01-22.33.43:738][  0]LogDerivedDataCache: FDerivedDataBackendGraph:  CompressedPak pak cache file ../../../../../../Admin/Documents/GitHub Repositories/Project_PlanetDefence/Project_PlanetDef/DerivedDataCache/Compressed.ddp not found, will not use a pak cache.
[2016.08.01-22.33.43:738][  0]LogDerivedDataCache: Unable to find inner node CompressedPak for hierarchical cache Hierarchy.
[2016.08.01-22.33.43:751][  0]LogDerivedDataCache:Display: Pak cache opened for reading ../../../Engine/DerivedDataCache/Compressed.ddp.
[2016.08.01-22.33.43:762][  0]LogDerivedDataCache: Using Local data cache path C:/Users/Admin/AppData/Local/UnrealEngine/Common/DerivedDataCache: Writable
[2016.08.01-22.33.43:872][  0]LogInit: Selected Device Profile: [Windows]
[2016.08.01-22.33.43:873][  0]LogContentStreaming: Texture pool size is 0.00 MB
[2016.08.01-22.33.43:898][  0]LogMaterial: Uniform references updated for custom material expression Custom.
[2016.08.01-22.33.44:005][  0]LogMeshUtilities: No automatic mesh reduction module available
[2016.08.01-22.33.44:005][  0]LogMeshUtilities: No automatic mesh merging module available
[2016.08.01-22.33.44:005][  0]LogMeshUtilities: No distributed automatic mesh merging module available
[2016.08.01-22.33.44:185][  0]LogUObjectArray: 27679 objects as part of root set at end of initial load.
[2016.08.01-22.33.44:185][  0]LogUObjectAllocator: 5591592 out of 0 bytes used by permanent object pool.
[2016.08.01-22.33.44:185][  0]LogUObjectArray: CloseDisregardForGC: 0/0 objects in disregard for GC pool
[2016.08.01-22.33.44:189][  0]LogInit: WinSock: version 1.1 (2.2), MaxSocks=32767, MaxUdp=65467
[2016.08.01-22.33.44:247][  0]LogSlate: SlateFontCache - WITH_FREETYPE: 1, WITH_HARFBUZZ: 1
[2016.08.01-22.33.44:247][  0]LogSlate: SlateFontCache - WITH_FREETYPE: 1, WITH_HARFBUZZ: 1
[2016.08.01-22.33.44:316][  0]LogStreaming:Warning: Failed to read file '../../../Engine/Content/Editor/Slate/Common/Selection_16x.png' error.
[2016.08.01-22.33.44:316][  0]LogSlate: Could not find file for Slate resource: ../../../Engine/Content/Editor/Slate/Common/Selection_16x.png
[2016.08.01-22.33.44:316][  0]LogStreaming:Warning: Failed to read file '../../../Engine/Content/Editor/Slate/Common/Selection_16x.png' error.
[2016.08.01-22.33.44:316][  0]LogSlate: Could not find file for Slate resource: ../../../Engine/Content/Editor/Slate/Common/Selection_16x.png
[2016.08.01-22.33.44:316][  0]LogStreaming:Warning: Failed to read file '../../../Engine/Content/Editor/Slate/Common/Selection_16x.png' error.
[2016.08.01-22.33.44:316][  0]LogSlate: Could not find file for Slate resource: ../../../Engine/Content/Editor/Slate/Common/Selection_16x.png
[2016.08.01-22.33.44:726][  0]LogSubstanceCoreModule: Substance CPU Engine Loaded, Max Texture Size 2048
[2016.08.01-22.33.44:731][  0]LogUdpMessaging: Initializing bridge on interface 0.0.0.0:0 to multicast group 230.0.0.1:6666.
[2016.08.01-22.33.44:831][  0]LogAssetRegistry: FAssetRegistry took 0.0212 seconds to start up
[2016.08.01-22.33.44:932][  0]SourceControl: Info Source control is disabled
[2016.08.01-22.33.44:957][  0]SourceControl: Info Source control is disabled
[2016.08.01-22.33.44:962][  0]SourceControl: Info Source control is disabled
[2016.08.01-22.33.44:967][  0]SourceControl: Info Source control is disabled
[2016.08.01-22.33.45:297][  0]LogEngine: Initializing Engine...
[2016.08.01-22.33.45:297][  0]LogHMD: Oculus plugin initialized. Version: 4.11.2-2946394+++UE4+Release-4.11, LibOVR: 1.6.0, SDK: 1.3.0, built Apr 18 2016, 02:19:44
[2016.08.01-22.33.45:394][  0]OCULUS: Debug: [HMDState] Using default profile default
[2016.08.01-22.33.45:394][  0]OCULUS: Info: IAD changed to 64.0mm
[2016.08.01-22.33.45:402][  0]LogAIModule: Creating AISystem for world NewWorld
[2016.08.01-22.33.45:412][  0]LogInit: XAudio2 using 'Headphones (Rift Audio)' : 2 channels at 48 kHz using 16 bits per sample (channel mask 0x3)
[2016.08.01-22.33.45:419][  0]LogInit: FAudioDevice initialized.
[2016.08.01-22.33.45:438][  0]LogDerivedDataCache: Saved boot cache 0.02s 46MB C:/Users/Admin/AppData/Local/UnrealEngine/4.11/DerivedDataCache/Boot.ddc.
[2016.08.01-22.33.45:444][  0]LogInit: Texture streaming: Enabled
[2016.08.01-22.33.45:603][  0]LogInit: Transaction tracking system initialized
[2016.08.01-22.33.45:618][  0]BlueprintLog: New page: Editor Load
[2016.08.01-22.33.45:673][  0]LocalizationService: Info Localization service is disabled
[2016.08.01-22.33.45:743][  0]LogConsoleResponse:Display: 
[2016.08.01-22.33.46:065][  0]LogFileCache: Scanning file cache for directory 'D:/Admin/Documents/GitHub Repositories/Project_PlanetDefence/Project_PlanetDef/Content/' took 0.08s
[2016.08.01-22.33.46:065][  0]LogCook:Display: Max memory allowance for cook 8192mb
[2016.08.01-22.33.46:065][  0]LogCook:Display: Mobile HDR setting 1
[2016.08.01-22.33.46:065][  0]LogCook:Display: Done creating registry. It took  0.00s.
[2016.08.01-22.33.46:095][  0]SourceControl: Info Source control is disabled
[2016.08.01-22.33.46:095][  0]Cmd: MAP LOAD FILE="../../../Engine/Content/Maps/Templates/Template_Default.umap" TEMPLATE=1 SHOWPROGRESS=1 FEATURELEVEL=3
[2016.08.01-22.33.46:096][  0]LightingResults: New page: Lighting Build
[2016.08.01-22.33.46:097][  0]MapCheck: New page: Map Check
[2016.08.01-22.33.46:097][  0]LightingResults: New page: Lighting Build
[2016.08.01-22.33.46:265][  0]LogAIModule: Creating AISystem for world Untitled_1
[2016.08.01-22.33.46:269][  0]LogEditorServer: Finished looking for orphan Actors (0.000 secs)
[2016.08.01-22.33.46:271][  0]Cmd: MAP CHECKDEP NOCLEARLOG
[2016.08.01-22.33.46:292][  0]MapCheck: Info Map check complete: 0 Error(s), 0 Warning(s), took 20.45ms to complete.
[2016.08.01-22.33.46:292][  0]LogFileHelpers: Loading map 'Template_Default' took 0.197
[2016.08.01-22.33.48:885][  0]LogCollectionManager: Loaded 0 collections in 0.001138 seconds
[2016.08.01-22.33.49:463][  0]LogFileCache: Scanning file cache for directory 'D:/Admin/Documents/GitHub Repositories/Project_PlanetDefence/Project_PlanetDef/Saved/Collections/' took 0.01s
[2016.08.01-22.33.49:463][  0]LogFileCache: Scanning file cache for directory 'D:/Admin/Documents/GitHub Repositories/Project_PlanetDefence/Project_PlanetDef/Content/Developers/StefanoAdmin/Collections/' took 0.01s
[2016.08.01-22.33.49:463][  0]LogFileCache: Scanning file cache for directory 'D:/Admin/Documents/GitHub Repositories/Project_PlanetDefence/Project_PlanetDef/Content/Collections/' took 0.01s
[2016.08.01-22.33.49:463][  0]LogCollectionManager: Rebuilt the GUID cache for 0 collections in 0.000002 seconds
[2016.08.01-22.33.49:491][  0]LogContentBrowser: Native class hierarchy populated in 0.0253 seconds. Added 1994 classes and 349 folders.
[2016.08.01-22.33.49:895][  0]LogStats: UGameplayTagsManager::ConstructGameplayTagTree: Construct from data asset -  0.022 s
[2016.08.01-22.33.49:895][  0]LogStats: UGameplayTagsManager::ConstructGameplayTagTree: GameplayTagTreeChangedEvent.Broadcast -  0.001 s
[2016.08.01-22.33.49:897][  0]LogContentBrowser: Native class hierarchy updated for 'GameplayTags' in 0.0008 seconds. Added 12 classes and 0 folders.
[2016.08.01-22.33.50:057][  0]LogContentBrowser: Native class hierarchy updated for 'WidgetCarousel' in 0.0008 seconds. Added 0 classes and 0 folders.
[2016.08.01-22.33.50:669][  0]LogContentBrowser: Native class hierarchy updated for 'SuperSearch' in 0.0010 seconds. Added 1 classes and 2 folders.
[2016.08.01-22.33.53:228][  0]LogContentBrowser: Native class hierarchy updated for 'AddContentDialog' in 0.0008 seconds. Added 0 classes and 0 folders.
[2016.08.01-22.33.53:538][  0]LogContentBrowser: Native class hierarchy updated for 'SceneOutliner' in 0.0007 seconds. Added 1 classes and 2 folders.
[2016.08.01-22.33.55:002][  0]LogCrashTracker: Crashtracker disabled due to settings.
[2016.08.01-22.33.55:736][  0]LogUObjectGlobals:Warning: Failed to find object 'Class None.'
[2016.08.01-22.33.55:869][  0]LogContentBrowser: Native class hierarchy updated for 'HierarchicalLODOutliner' in 0.0009 seconds. Added 1 classes and 2 folders.
[2016.08.01-22.33.55:869][  0]LogLoad: Full Startup: 14.72 seconds (BP compile: 0.03 seconds)
[2016.08.01-22.33.55:869][  0]LogExternalProfiler: Found external profiler: VSPerf
[2016.08.01-22.33.55:869][  0]LogExternalProfiler: Using external profiler: VSPerf
[2016.08.01-22.33.55:878][  0]LogWindowsTextInputMethodSystem:Display: IME system now deactivated.
[2016.08.01-22.33.55:878][  0]LogOcInput: OculusInput pre-init called
[2016.08.01-22.33.55:886][  0]LogOcInput: OculusInput is initialized. Init status 0. Runtime version: 1.6.0
[2016.08.01-22.33.57:555][  0]LogContentStreaming: Texture pool size now 1000 MB
[2016.08.01-22.34.00:106][  0]LogRenderer: Reallocating scene render targets to support 1208x576 (Frame:2).
[2016.08.01-22.34.10:935][148]LogAssetRegistry: Asset discovery search completed in 26.1260 seconds
[2016.08.01-22.34.10:935][148]LogCollectionManager: Rebuilt the object cache for 0 collections in 0.000001 seconds (found 0 objects)
[2016.08.01-22.34.10:936][148]LogCollectionManager: Fixed up redirectors for 0 collections in 0.000059 seconds (updated 0 objects)
[2016.08.01-22.34.53:332][248]LogLinker:Warning: Can't find file '/Game/Materials/shield_mat_red'
[2016.08.01-22.34.53:347][248]LogLinker:Warning: Can't find file for asset '/Game/Materials/shield_mat_red' while loading ../../../../../../Admin/Documents/GitHub Repositories/Project_PlanetDefence/Project_PlanetDef/Content/Shield.uasset.
[2016.08.01-22.34.53:347][248]LoadErrors:Error: Error /Game/Shield : Can't find file for asset. /Game/Materials/shield_mat_red
[2016.08.01-22.34.53:348][248]LogLinker:Warning: Can't find file '/Game/Materials/shield_mat_red'
[2016.08.01-22.34.53:348][248]LogLinker:Warning: Can't find file for asset '/Game/Materials/shield_mat_red' while loading ../../../../../../Admin/Documents/GitHub Repositories/Project_PlanetDefence/Project_PlanetDef/Content/Shield.uasset.
[2016.08.01-22.34.53:949][248]LogLinker:Warning: Can't find file '/Game/Materials/shield_mat_red'
[2016.08.01-22.34.53:949][248]LogLinker:Warning: Can't find file for asset '/Game/Materials/shield_mat_red' while loading ../../../../../../Admin/Documents/GitHub Repositories/Project_PlanetDefence/Project_PlanetDef/Content/Meteorites/MeteoriteHandler.uasset.
[2016.08.01-22.34.53:949][248]LoadErrors:Error: Error /Game/Meteorites/MeteoriteHandler : Can't find file for asset. /Game/Materials/shield_mat_red
[2016.08.01-22.34.53:949][248]LogLinker:Warning: Can't find file '/Game/Materials/shield_mat_red'
[2016.08.01-22.34.53:950][248]LogLinker:Warning: Can't find file for asset '/Game/Materials/shield_mat_red' while loading ../../../../../../Admin/Documents/GitHub Repositories/Project_PlanetDefence/Project_PlanetDef/Content/Meteorites/MeteoriteHandler.uasset.
[2016.08.01-22.34.53:952][248]LogLinker:Warning: Can't find file '/Game/Materials/shield_mat_red'
[2016.08.01-22.34.53:965][248]LoadErrors: Info Failed to load /Game/Drone.Drone_C Referenced by EdGraphPin_117495
[2016.08.01-22.34.53:965][248]LogLinker:Warning: Can't find file for asset '/Game/Materials/shield_mat_red' while loading ../../../../../../Admin/Documents/GitHub Repositories/Project_PlanetDefence/Project_PlanetDef/Content/Meteorites/MeteoriteHandler.uasset.
[2016.08.01-22.34.55:020][248]LogAIModule: Creating AISystem for world FirstLevel
[2016.08.01-22.34.55:163][248]Cmd: MAP LOAD FILE="../../../../../../Admin/Documents/GitHub Repositories/Project_PlanetDefence/Project_PlanetDef/Content/Maps/FirstLevel.umap" TEMPLATE=0 SHOWPROGRESS=1 FEATURELEVEL=3
[2016.08.01-22.34.55:163][248]LightingResults: New page: Lighting Build
[2016.08.01-22.34.55:173][248]LoadErrors: New page: Loading map: FirstLevel.umap
[2016.08.01-22.34.55:173][248]MapCheck: New page: Map Check
[2016.08.01-22.34.55:173][248]LightingResults: New page: Lighting Build
[2016.08.01-22.34.55:309][248]LogEditorServer: Finished looking for orphan Actors (0.000 secs)
[2016.08.01-22.34.55:341][248]Cmd: MAP CHECKDEP NOCLEARLOG
[2016.08.01-22.34.55:368][248]MapCheck: Info Map check complete: 0 Error(s), 0 Warning(s), took 27.306ms to complete.
[2016.08.01-22.34.55:368][248]LogFileHelpers: Loading map 'FirstLevel' took 0.207
[2016.08.01-22.34.59:727][516]LogBlueprintUserMessages: Early PlayInEditor Detection: Level '/Game/Maps/FirstLevel.FirstLevel:PersistentLevel' has LevelScriptBlueprint '/Game/Maps/FirstLevel.FirstLevel:PersistentLevel.FirstLevel' with GeneratedClass '/Game/Maps/FirstLevel.FirstLevel_C' with ClassGeneratedBy '/Game/Maps/FirstLevel.FirstLevel:PersistentLevel.FirstLevel'
[2016.08.01-22.34.59:738][516]LogPlayLevel: PlayLevel: No blueprints needed recompiling
[2016.08.01-22.34.59:816][516]OCULUS: Debug: [HMDState] Using default profile default
[2016.08.01-22.34.59:816][516]OCULUS: Info: IAD changed to 64.0mm
[2016.08.01-22.34.59:816][516]LogHMD: New ovr session is created
[2016.08.01-22.34.59:827][516]LogHMD: HMD Oculus Rift CV1, res = 2160 x 1200
[2016.08.01-22.34.59:828][516]LogApp: UseVRFocus has changed to 1
[2016.08.01-22.34.59:828][516]LogApp: HasVRFocus has changed to 1
[2016.08.01-22.34.59:863][516]PIE: New page: PIE session: FirstLevel (2 Aug 2016 6:34:59 pm)
[2016.08.01-22.34.59:863][516]LogPlayLevel: Creating play world package: /Game/Maps/UEDPIE_0_FirstLevel
[2016.08.01-22.34.59:935][516]LogPlayLevel: PIE: StaticDuplicateObject took: (0.071520s)
[2016.08.01-22.34.59:935][516]LogAIModule: Creating AISystem for world FirstLevel
[2016.08.01-22.34.59:935][516]LogPlayLevel: PIE: World Init took: (0.000401s)
[2016.08.01-22.34.59:947][516]LogPlayLevel: PIE: Created PIE world by copying editor world from /Game/Maps/FirstLevel.FirstLevel to /Game/Maps/UEDPIE_0_FirstLevel.FirstLevel (0.083623s)
[2016.08.01-22.34.59:975][516]LogInit: XAudio2 using 'Headphones (Rift Audio)' : 2 channels at 48 kHz using 16 bits per sample (channel mask 0x3)
[2016.08.01-22.34.59:980][516]LogInit: FAudioDevice initialized.
[2016.08.01-22.35.00:105][516]LogWorld: Game class is 'GameManager_C'
[2016.08.01-22.35.00:181][516]LogWorld: Bringing World /Game/Maps/UEDPIE_0_FirstLevel.FirstLevel up for play (max tick rate 0) at 2016.08.02-08.35.00
[2016.08.01-22.35.00:216][516]LogWorld: Bringing up level for play took: 0.037077
[2016.08.01-22.35.00:366][516]LogContentBrowser: Native class hierarchy updated for 'MovieSceneCapture' in 0.0008 seconds. Added 9 classes and 0 folders.
[2016.08.01-22.35.00:571][516]PIE: Info Play in editor start time for /Game/Maps/UEDPIE_0_FirstLevel 1.445
[2016.08.01-22.35.00:571][516]LogBlueprintUserMessages: Late PlayInEditor Detection: Level '/Game/Maps/FirstLevel.FirstLevel:PersistentLevel' has LevelScriptBlueprint '/Game/Maps/FirstLevel.FirstLevel:PersistentLevel.FirstLevel' with GeneratedClass '/Game/Maps/FirstLevel.FirstLevel_C' with ClassGeneratedBy '/Game/Maps/FirstLevel.FirstLevel:PersistentLevel.FirstLevel'
[2016.08.01-22.35.00:580][516]LogApp: UseVRFocus has changed to 0
[2016.08.01-22.35.00:580][516]LogApp: HasVRFocus has changed to 0
[2016.08.01-22.35.02:528][706]LogBlueprintUserMessages: [GameManager_C_0] Wave Begun
[2016.08.01-22.35.20:644][840]LogBlueprintUserMessages: [Projectile_C_5] true
[2016.08.01-22.35.21:781][974]LogBlueprintUserMessages: [Projectile_C_6] true
[2016.08.01-22.35.24:090][251]LogBlueprintUserMessages: [Projectile_C_7] true
[2016.08.01-22.35.25:448][414]LogBlueprintUserMessages: [Projectile_C_8] true
[2016.08.01-22.35.27:740][687]LogActor:Warning: Projectile_C_0 is outside the world bounds!
[2016.08.01-22.35.27:810][696]LogBlueprintUserMessages: [Projectile_C_10] true
[2016.08.01-22.35.28:543][784]LogActor:Warning: Projectile_C_1 is outside the world bounds!
[2016.08.01-22.35.30:244][988]LogActor:Warning: Projectile_C_3 is outside the world bounds!
[2016.08.01-22.35.30:268][991]LogActor:Warning: Projectile_C_2 is outside the world bounds!
[2016.08.01-22.35.31:837][179]LogBlueprintUserMessages: [Meteorite_Type3_C_2] Type 3 split
[2016.08.01-22.35.34:350][479]LogActor:Warning: Projectile_C_4 is outside the world bounds!
[2016.08.01-22.35.36:417][727]LogBlueprintUserMessages: [Projectile_C_11] true
[2016.08.01-22.35.38:201][941]LogBlueprintUserMessages: [Projectile_C_12] true
[2016.08.01-22.35.40:251][187]LogBlueprintUserMessages: [Projectile_C_13] true
[2016.08.01-22.35.42:492][456]LogActor:Warning: Projectile_C_9 is outside the world bounds!
[2016.08.01-22.35.45:184][779]LogBlueprintUserMessages: [Projectile_C_16] true
[2016.08.01-22.35.47:260][ 28]LogBlueprintUserMessages: [Projectile_C_17] true
[2016.08.01-22.35.48:826][216]LogBlueprintUserMessages: [Projectile_C_18] true
[2016.08.01-22.35.52:753][687]LogBlueprintUserMessages: [Projectile_C_19] true
[2016.08.01-22.35.54:011][838]LogBlueprintUserMessages: [Projectile_C_20] true
[2016.08.01-22.35.55:653][ 35]LogBlueprintUserMessages: [Projectile_C_21] true
[2016.08.01-22.35.56:136][ 93]LogBlueprintUserMessages: [Meteorite_Type2_C_2] Shield took damage
[2016.08.01-22.35.57:211][222]LogBlueprintUserMessages: [Meteorite_Type3_C_1] Type 3 split
[2016.08.01-22.35.58:220][343]LogBlueprintUserMessages: [Projectile_C_22] true
[2016.08.01-22.35.58:253][347]LogActor:Warning: Projectile_C_14 is outside the world bounds!
[2016.08.01-22.35.58:561][384]LogBlueprintUserMessages: [Meteorite_Type2_C_18] Planet took damage
[2016.08.01-22.35.58:878][422]LogBlueprintUserMessages: [Meteorite_Type2_C_17] Planet took damage
[2016.08.01-22.35.59:436][489]LogActor:Warning: Projectile_C_15 is outside the world bounds!
[2016.08.01-22.35.59:453][491]LogBlueprintUserMessages: [Projectile_C_23] true
[2016.08.01-22.36.01:127][691]LogBlueprintUserMessages: [Projectile_C_24] true
[2016.08.01-22.36.03:110][929]LogBlueprintUserMessages: [Projectile_C_25] true
[2016.08.01-22.36.06:418][326]LogBlueprintUserMessages: [Projectile_C_27] true
[2016.08.01-22.36.06:877][381]LogBlueprintUserMessages: [Projectile_C_28] true
[2016.08.01-22.36.08:785][610]LogBlueprintUserMessages: [Projectile_C_29] true
[2016.08.01-22.36.09:218][662]LogBlueprintUserMessages: [Projectile_C_30] true
[2016.08.01-22.36.10:394][803]LogBlueprintUserMessages: [Projectile_C_31] true
[2016.08.01-22.36.13:010][117]LogBlueprintUserMessages: [Projectile_C_33] true
[2016.08.01-22.36.17:727][683]LogBlueprintUserMessages: [Projectile_C_37] true
[2016.08.01-22.36.20:411][  5]LogActor:Warning: Projectile_C_26 is outside the world bounds!
[2016.08.01-22.36.24:277][469]LogBlueprintUserMessages: [Projectile_C_42] true
[2016.08.01-22.36.27:685][878]LogActor:Warning: Projectile_C_32 is outside the world bounds!
[2016.08.01-22.36.30:294][191]LogActor:Warning: Projectile_C_34 is outside the world bounds!
[2016.08.01-22.36.31:669][356]LogActor:Warning: Projectile_C_35 is outside the world bounds!
[2016.08.01-22.36.31:827][375]LogActor:Warning: Projectile_C_36 is outside the world bounds!
[2016.08.01-22.36.35:128][771]LogActor:Warning: Projectile_C_38 is outside the world bounds!
[2016.08.01-22.36.37:386][ 42]LogActor:Warning: Projectile_C_39 is outside the world bounds!
[2016.08.01-22.36.37:653][ 74]LogActor:Warning: Projectile_C_40 is outside the world bounds!
[2016.08.01-22.36.37:786][ 90]LogBlueprintUserMessages: [Projectile_C_46] true
[2016.08.01-22.36.38:836][216]LogActor:Warning: Projectile_C_41 is outside the world bounds!
[2016.08.01-22.36.48:345][357]LogActor:Warning: Projectile_C_43 is outside the world bounds!
[2016.08.01-22.36.49:786][530]LogActor:Warning: Projectile_C_44 is outside the world bounds!
[2016.08.01-22.36.50:728][643]LogActor:Warning: Projectile_C_45 is outside the world bounds!
[2016.08.01-22.36.53:506][973]LogBlueprintUserMessages: Early EndPlayMap Detection: Level '/Game/Maps/FirstLevel.FirstLevel:PersistentLevel' has LevelScriptBlueprint '/Game/Maps/FirstLevel.FirstLevel:PersistentLevel.FirstLevel' with GeneratedClass '/Game/Maps/FirstLevel.FirstLevel_C' with ClassGeneratedBy '/Game/Maps/FirstLevel.FirstLevel:PersistentLevel.FirstLevel'
[2016.08.01-22.36.53:515][973]LogHMD: Destroying ovr session
[2016.08.01-22.36.53:631][973]LogBlueprintUserMessages: Late EndPlayMap Detection: Level '/Game/Maps/FirstLevel.FirstLevel:PersistentLevel' has LevelScriptBlueprint '/Game/Maps/FirstLevel.FirstLevel:PersistentLevel.FirstLevel' with GeneratedClass '/Game/Maps/FirstLevel.FirstLevel_C' with ClassGeneratedBy '/Game/Maps/FirstLevel.FirstLevel:PersistentLevel.FirstLevel'
[2016.08.01-22.36.55:847][224]LogEditorViewport: Clicking on Actor (LMB): Drone_C (Drone)
[2016.08.01-22.37.02:068][561]LogContentBrowser: Native class hierarchy updated for 'BlueprintGraph' in 0.0010 seconds. Added 108 classes and 0 folders.
[2016.08.01-22.37.33:760][ 16]LogBlueprintUserMessages: Early PlayInEditor Detection: Level '/Game/Maps/FirstLevel.FirstLevel:PersistentLevel' has LevelScriptBlueprint '/Game/Maps/FirstLevel.FirstLevel:PersistentLevel.FirstLevel' with GeneratedClass '/Game/Maps/FirstLevel.FirstLevel_C' with ClassGeneratedBy '/Game/Maps/FirstLevel.FirstLevel:PersistentLevel.FirstLevel'
[2016.08.01-22.37.33:760][ 16]LogPlayLevel: PlayLevel: No blueprints needed recompiling
[2016.08.01-22.37.33:760][ 16]OCULUS: Debug: [HMDState] Using default profile default
[2016.08.01-22.37.33:760][ 16]OCULUS: Info: IAD changed to 64.0mm
[2016.08.01-22.37.33:760][ 16]LogHMD: New ovr session is created
[2016.08.01-22.37.33:760][ 16]LogHMD: HMD Oculus Rift CV1, res = 2160 x 1200
[2016.08.01-22.37.33:760][ 16]LogApp: UseVRFocus has changed to 1
[2016.08.01-22.37.33:760][ 16]LogApp: HasVRFocus has changed to 1
[2016.08.01-22.37.33:761][ 16]PIE: New page: PIE session: FirstLevel (2 Aug 2016 6:37:33 pm)
[2016.08.01-22.37.33:761][ 16]LogPlayLevel: Creating play world package: /Game/Maps/UEDPIE_0_FirstLevel
[2016.08.01-22.37.33:766][ 16]LogPlayLevel: PIE: StaticDuplicateObject took: (0.005394s)
[2016.08.01-22.37.33:766][ 16]LogAIModule: Creating AISystem for world FirstLevel
[2016.08.01-22.37.33:767][ 16]LogPlayLevel: PIE: World Init took: (0.000514s)
[2016.08.01-22.37.33:767][ 16]LogPlayLevel: PIE: Created PIE world by copying editor world from /Game/Maps/FirstLevel.FirstLevel to /Game/Maps/UEDPIE_0_FirstLevel.FirstLevel (0.006082s)
[2016.08.01-22.37.33:827][ 16]LogInit: XAudio2 using 'Headphones (Rift Audio)' : 2 channels at 48 kHz using 16 bits per sample (channel mask 0x3)
[2016.08.01-22.37.33:833][ 16]LogInit: FAudioDevice initialized.
[2016.08.01-22.37.33:865][ 16]LogWorld: Game class is 'GameManager_C'
[2016.08.01-22.37.33:868][ 16]LogWorld: Bringing World /Game/Maps/UEDPIE_0_FirstLevel.FirstLevel up for play (max tick rate 0) at 2016.08.02-08.37.33
[2016.08.01-22.37.33:868][ 16]LogWorld: Bringing up level for play took: 0.002232
[2016.08.01-22.37.33:876][ 16]PIE: Info Play in editor start time for /Game/Maps/UEDPIE_0_FirstLevel 0.75
[2016.08.01-22.37.33:876][ 16]LogBlueprintUserMessages: Late PlayInEditor Detection: Level '/Game/Maps/FirstLevel.FirstLevel:PersistentLevel' has LevelScriptBlueprint '/Game/Maps/FirstLevel.FirstLevel:PersistentLevel.FirstLevel' with GeneratedClass '/Game/Maps/FirstLevel.FirstLevel_C' with ClassGeneratedBy '/Game/Maps/FirstLevel.FirstLevel:PersistentLevel.FirstLevel'
[2016.08.01-22.37.33:876][ 16]LogApp: UseVRFocus has changed to 0
[2016.08.01-22.37.33:876][ 16]LogApp: HasVRFocus has changed to 0
[2016.08.01-22.37.33:890][ 17]LogRenderer: Reallocating scene render targets to support 1280x720 (Frame:19603).
[2016.08.01-22.37.35:738][ 97]LogBlueprintUserMessages: [GameManager_C_1] Wave Begun
[2016.08.01-22.37.55:538][964]LogActor:Warning: Projectile_C_54 is outside the world bounds!
[2016.08.01-22.38.02:056][235]LogBlueprintUserMessages: [Projectile_C_55] true
[2016.08.01-22.38.06:394][422]LogBlueprintUserMessages: [Projectile_C_56] true
[2016.08.01-22.38.28:941][419]LogBlueprintUserMessages: Early EndPlayMap Detection: Level '/Game/Maps/FirstLevel.FirstLevel:PersistentLevel' has LevelScriptBlueprint '/Game/Maps/FirstLevel.FirstLevel:PersistentLevel.FirstLevel' with GeneratedClass '/Game/Maps/FirstLevel.FirstLevel_C' with ClassGeneratedBy '/Game/Maps/FirstLevel.FirstLevel:PersistentLevel.FirstLevel'
[2016.08.01-22.38.28:969][419]LogHMD: Destroying ovr session
[2016.08.01-22.38.29:060][419]LogBlueprintUserMessages: Late EndPlayMap Detection: Level '/Game/Maps/FirstLevel.FirstLevel:PersistentLevel' has LevelScriptBlueprint '/Game/Maps/FirstLevel.FirstLevel:PersistentLevel.FirstLevel' with GeneratedClass '/Game/Maps/FirstLevel.FirstLevel_C' with ClassGeneratedBy '/Game/Maps/FirstLevel.FirstLevel:PersistentLevel.FirstLevel'
[2016.08.01-22.38.47:872][181]LogUObjectBase:Warning: Object is not registered
[2016.08.01-22.38.47:887][181]LogStats: FPlatformStackWalk::StackWalkAndDump -  0.015 s
[2016.08.01-22.38.47:887][181]LogOutputDevice:Warning: === Handled error: ===

Ensure condition failed: false [File:D:\BuildFarm\buildmachine_++UE4+Release-4.11\Engine\Source\Editor\UnrealEd\Private\Kismet2\KismetDebugUtilities.cpp] [Line: 925]
Error: Invalid (but non-null) property associated with pin; cannot get variable value
Stack: 


[2016.08.01-22.38.47:899][181]LogStats:                SubmitErrorReport -  0.012 s
[2016.08.01-22.38.52:165][181]LogStats:                    SendNewReport -  4.266 s
[2016.08.01-22.38.52:165][181]LogStats:             FDebug::EnsureFailed -  4.293 s
[2016.08.01-22.38.52:165][181]LogUObjectBase:Warning: Object is not registered
[2016.08.01-22.38.52:220][181]LogUObjectHash:Warning: Ambiguous search, could be K2Node_DynamicCast /Game/Drone.Drone:EventGraph.K2Node_DynamicCast_551 or K2Node_DynamicCast /Engine/Transient.PROTO_BP_Blueprint_0:UserConstructionScript.K2Node_DynamicCast_551
[2016.08.01-22.38.52:220][181]LogProperty:Warning: ObjectProperty /Script/Engine.EdGraphPin:LinkedTo.LinkedTo: unresolved reference to 'EdGraphPin'K2Node_DynamicCast_551.EdGraphPin_14265''
[2016.08.01-22.38.52:220][181]LogUObjectHash:Warning: Ambiguous search, could be K2Node_DynamicCast /Game/Drone.Drone:EventGraph.K2Node_DynamicCast_551 or K2Node_DynamicCast /Engine/Transient.PROTO_BP_Blueprint_0:UserConstructionScript.K2Node_DynamicCast_551
[2016.08.01-22.38.52:220][181]LogProperty:Warning: ObjectProperty /Script/Engine.EdGraphPin:LinkedTo.LinkedTo: unresolved reference to 'EdGraphPin'K2Node_DynamicCast_551.EdGraphPin_14268''
[2016.08.01-22.38.52:254][181]LogProperty:Warning: ObjectProperty /Script/Engine.EdGraphPin:LinkedTo.LinkedTo: unresolved reference to 'EdGraphPin'K2Node_CallFunction_3346.EdGraphPin_14284''
[2016.08.01-22.38.52:343][181]LogUObjectHash:Warning: Ambiguous search, could be K2Node_DynamicCast /Game/Drone.Drone:EventGraph.K2Node_DynamicCast_551 or K2Node_DynamicCast /Engine/Transient.PROTO_BP_Blueprint_0:UserConstructionScript.K2Node_DynamicCast_551
[2016.08.01-22.38.52:343][181]LogProperty:Warning: ObjectProperty /Script/Engine.EdGraphPin:LinkedTo.LinkedTo: unresolved reference to 'EdGraphPin'K2Node_DynamicCast_551.EdGraphPin_47820''
[2016.08.01-22.38.52:343][181]LogProperty:Warning: ObjectProperty /Script/Engine.EdGraphPin:LinkedTo.LinkedTo: unresolved reference to 'EdGraphPin'K2Node_VariableSet_712.EdGraphPin_47806''
[2016.08.01-22.38.52:343][181]LogProperty:Warning: ObjectProperty /Script/Engine.EdGraphPin:LinkedTo.LinkedTo: unresolved reference to 'EdGraphPin'K2Node_VariableSet_712.EdGraphPin_47802''
[2016.08.01-22.38.57:354][656]LogEditorTransaction: Undo Move Node
[2016.08.01-22.38.57:876][668]LogEditorTransaction: Undo Paste clipboard contents
[2016.08.01-22.38.58:360][687]LogEditorTransaction: Undo Paste clipboard contents
[2016.08.01-22.39.03:111][977]LogUObjectHash:Warning: Ambiguous search, could be EdGraphNode_Comment /Game/Drone.Drone:EventGraph.EdGraphNode_Comment_321 or EdGraphNode_Comment /Game/Drone.Drone:EventGraph.EdGraphNode_Comment_321
[2016.08.01-22.39.03:111][977]LogUObjectHash:Warning: Ambiguous search, could be EdGraphNode_Comment /Game/Drone.Drone:EventGraph.EdGraphNode_Comment_321 or EdGraphNode_Comment /Game/Drone.Drone:EventGraph.EdGraphNode_Comment_321
[2016.08.01-22.39.03:111][977]LogUObjectHash:Warning: Ambiguous search, could be EdGraphNode_Comment /Game/Drone.Drone:EventGraph.EdGraphNode_Comment_321 or EdGraphNode_Comment /Game/Drone.Drone:EventGraph.EdGraphNode_Comment_321
[2016.08.01-22.39.06:830][326]LogUObjectBase:Warning: Object is not registered
[2016.08.01-22.39.06:830][326]LogUObjectBase:Warning: Object is not registered
[2016.08.01-22.39.06:831][326]LogUObjectBase:Warning: Object is not registered
[2016.08.01-22.39.06:832][326]LogUObjectBase:Warning: Object is not registered
[2016.08.01-22.39.06:839][327]LogUObjectBase:Warning: Object is not registered
[2016.08.01-22.39.06:840][327]LogUObjectBase:Warning: Object is not registered
[2016.08.01-22.39.06:843][327]LogUObjectBase:Warning: Object is not registered
[2016.08.01-22.39.06:846][327]LogUObjectBase:Warning: Object is not registered
[2016.08.01-22.39.08:054][446]LogUObjectHash:Warning: Ambiguous search, could be K2Node_VariableSet /Game/Drone.Drone:EventGraph.K2Node_VariableSet_712 or K2Node_VariableSet /Game/Drone.Drone:EventGraph.K2Node_VariableSet_712
[2016.08.01-22.39.08:054][446]LogUObjectHash:Warning: Ambiguous search, could be K2Node_VariableSet /Game/Drone.Drone:EventGraph.K