Log file open, 06/23/16 11:07:20
LogInit:Display: Running engine for game: Project_PlanetDef
LogPlatformFile: Not using cached read wrapper
LogInit:Display: RandInit(-1822127176) SRandInit(-1822127175).
LogTaskGraph: Started task graph with 4 named threads and 7 total threads.
LogStats: Stats thread started at 0.071251
LogInit: Version: 4.11.2-2946394+++UE4+Release-4.11
LogInit: API Version: 2927265
LogInit: Compiled (64-bit): Apr 18 2016 02:18:46
LogInit: Compiled with Visual C++: 19.00.23026.00
LogInit: Build Configuration: Development
LogInit: Branch Name: ++UE4+Release-4.11
LogInit: Command line: 
LogInit: Base directory: C:/Program Files/Epic Games/4.11/Engine/Binaries/Win64/
LogInit: Installed Engine Build: 1
LogInit: Using libcurl 7.41.0
LogInit:  - built for x86_64-pc-win32
LogInit:  - supports SSL with WinSSL
LogInit:  - other features:
LogInit:      CURL_VERSION_SSL
LogInit:      CURL_VERSION_IPV6
LogInit:      CURL_VERSION_ASYNCHDNS
LogInit:      CURL_VERSION_LARGEFILE
LogInit:      CURL_VERSION_IDN
LogInit:  CurlRequestOptions (configurable via config and command line):
LogInit:  - bVerifyPeer = true  - Libcurl will verify peer certificate
LogInit:  - bUseHttpProxy = false  - Libcurl will NOT use HTTP proxy
LogInit:  - bDontReuseConnections = false  - Libcurl will reuse connections
LogInit:  - CertBundlePath = nullptr  - Libcurl will use whatever was configured at build time.
LogInit: Presizing for max 16777216 objects, including 0 objects not considered by GC, pre-allocating 0 bytes for permanent pool.
LogInit: Object subsystem initialized
[2016.06.23-01.07.20:973][  0]LogInit: Selected Device Profile: [Windows]
[2016.06.23-01.07.20:973][  0]LogInit: Applying CVar settings loaded from the selected device profile: [Windows]
[2016.06.23-01.07.20:983][  0]LogInit: Computer: S-803-10-1228-W
[2016.06.23-01.07.20:983][  0]LogInit: User: sdeflorio
[2016.06.23-01.07.20:983][  0]LogInit: CPU Page size=65536, Cores=4
[2016.06.23-01.07.20:983][  0]LogInit: High frequency timer resolution =3.312880 MHz
[2016.06.23-01.07.20:983][  0]LogMemory: Memory total: Physical=7.9GB (8GB approx)
[2016.06.23-01.07.20:983][  0]LogMemory: Platform Memory Stats for Windows
[2016.06.23-01.07.20:983][  0]LogMemory: Process Physical Memory: 315.97 MB used, 315.97 MB peak
[2016.06.23-01.07.20:983][  0]LogMemory: Process Virtual Memory: 317.71 MB used, 317.71 MB peak
[2016.06.23-01.07.20:983][  0]LogMemory: Physical Memory: 6129.04 MB used, 8130.67 MB total
[2016.06.23-01.07.20:983][  0]LogMemory: Virtual Memory: 622.68 MB used, 8388608.00 MB total
[2016.06.23-01.07.21:018][  0]LogTextLocalizationManager: No specific translations for ('en-AU') exist, so ('en') translations will be used.
[2016.06.23-01.07.21:394][  0]LogD3D11RHI: D3D11 adapters:
[2016.06.23-01.07.21:411][  0]LogD3D11RHI:    0. 'NVIDIA GeForce GTX 680MX' (Feature Level 11_0)
[2016.06.23-01.07.21:411][  0]LogD3D11RHI:       1990MB of dedicated video memory, 0MB of dedicated system memory, and 2048MB of shared system memory, 1 output[s]
[2016.06.23-01.07.21:411][  0]LogD3D11RHI: Chosen D3D11 Adapter: 0
[2016.06.23-01.07.21:419][  0]LogD3D11RHI: Creating new Direct3DDevice
[2016.06.23-01.07.21:419][  0]LogD3D11RHI:     Adapter Name: NVIDIA GeForce GTX 680MX
[2016.06.23-01.07.21:419][  0]LogD3D11RHI:   Driver Version: Unknown (internal Unknown)
[2016.06.23-01.07.21:419][  0]LogD3D11RHI:      Driver Date: Unknown
[2016.06.23-01.07.21:419][  0]LogRHI: Texture pool is 1361 MB (70% of 1945 MB)
[2016.06.23-01.07.21:426][  0]LogD3D11RHI: Async texture creation enabled
[2016.06.23-01.07.21:437][  0]LogShaderCompilers: Guid format shader working directory is -35 characters bigger than the processId version (../../../../../../Users/sdeflorio/Documents/Project_PlanetDefence/Project_PlanetDef/Intermediate/Shaders/WorkingDirectory/10628/).
[2016.06.23-01.07.21:437][  0]LogShaderCompilers: Cleaned the shader compiler working directory 'C:/Users/SDEFLO~1/AppData/Local/Temp/UnrealShaderWorkingDir/2DA9CC644B9CDF8197DF42AAB374D5A5/'.
[2016.06.23-01.07.21:437][  0]LogShaderCompilers:Display: Using Local Shader Compiler.
[2016.06.23-01.07.24:325][  0]LogTemp:Display: Loaded TP AllDesktopTargetPlatform
[2016.06.23-01.07.24:330][  0]LogTemp:Display: Loaded TP WindowsClientTargetPlatform
[2016.06.23-01.07.24:334][  0]LogTemp:Display: Loaded TP WindowsNoEditorTargetPlatform
[2016.06.23-01.07.24:338][  0]LogTemp:Display: Loaded TP WindowsServerTargetPlatform
[2016.06.23-01.07.24:342][  0]LogTemp:Display: Loaded TP WindowsTargetPlatform
[2016.06.23-01.07.24:345][  0]LogTemp:Display: Loaded TP AndroidTargetPlatform
[2016.06.23-01.07.24:348][  0]LogTemp:Display: Loaded TP Android_ASTCTargetPlatform
[2016.06.23-01.07.24:351][  0]LogTemp:Display: Loaded TP Android_ATCTargetPlatform
[2016.06.23-01.07.24:354][  0]LogTemp:Display: Loaded TP Android_DXTTargetPlatform
[2016.06.23-01.07.24:357][  0]LogTemp:Display: Loaded TP Android_ETC1TargetPlatform
[2016.06.23-01.07.24:360][  0]LogTemp:Display: Loaded TP Android_ETC2TargetPlatform
[2016.06.23-01.07.24:366][  0]LogTemp:Display: Loaded TP Android_MultiTargetPlatform
[2016.06.23-01.07.24:366][  0]LogTemp:Display: Loaded TP Android_PVRTCTargetPlatform
[2016.06.23-01.07.24:367][  0]LogTemp:Display: Loaded TP HTML5TargetPlatform
[2016.06.23-01.07.24:383][  0]LogTemp:Display: Loaded TP IOSTargetPlatform
[2016.06.23-01.07.24:385][  0]LogTemp:Display: Loaded TP TVOSTargetPlatform
[2016.06.23-01.07.24:388][  0]LogTemp:Display: Loaded TP LinuxNoEditorTargetPlatform
[2016.06.23-01.07.24:391][  0]LogTemp:Display: Loaded TP LinuxServerTargetPlatform
[2016.06.23-01.07.24:393][  0]LogTemp:Display: Loaded TP LinuxTargetPlatform
[2016.06.23-01.07.24:393][  0]LogTargetPlatformManager:Display: Building Assets For Windows
[2016.06.23-01.07.24:464][  0]LogDerivedDataCache:Display: Max Cache Size: 512 MB
[2016.06.23-01.07.24:501][  0]LogDerivedDataCache: Loaded boot cache 0.04s 46MB C:/Users/sdeflorio/AppData/Local/UnrealEngine/4.11/DerivedDataCache/Boot.ddc.
[2016.06.23-01.07.24:501][  0]LogDerivedDataCache:Display: Loaded Boot cache: C:/Users/sdeflorio/AppData/Local/UnrealEngine/4.11/DerivedDataCache/Boot.ddc
[2016.06.23-01.07.24:501][  0]LogDerivedDataCache: FDerivedDataBackendGraph:  Pak pak cache file ../../../../../../Users/sdeflorio/Documents/Project_PlanetDefence/Project_PlanetDef/DerivedDataCache/DDC.ddp not found, will not use a pak cache.
[2016.06.23-01.07.24:501][  0]LogDerivedDataCache: Unable to find inner node Pak for hierarchical cache Hierarchy.
[2016.06.23-01.07.24:501][  0]LogDerivedDataCache: FDerivedDataBackendGraph:  CompressedPak pak cache file ../../../../../../Users/sdeflorio/Documents/Project_PlanetDefence/Project_PlanetDef/DerivedDataCache/Compressed.ddp not found, will not use a pak cache.
[2016.06.23-01.07.24:501][  0]LogDerivedDataCache: Unable to find inner node CompressedPak for hierarchical cache Hierarchy.
[2016.06.23-01.07.24:514][  0]LogDerivedDataCache:Display: Pak cache opened for reading ../../../Engine/DerivedDataCache/Compressed.ddp.
[2016.06.23-01.07.24:526][  0]LogDerivedDataCache: Using Local data cache path C:/Users/sdeflorio/AppData/Local/UnrealEngine/Common/DerivedDataCache: Writable
[2016.06.23-01.07.24:684][  0]LogInit: Selected Device Profile: [Windows]
[2016.06.23-01.07.24:684][  0]LogContentStreaming: Texture pool size is 0.00 MB
[2016.06.23-01.07.24:708][  0]LogMaterial: Uniform references updated for custom material expression Custom.
[2016.06.23-01.07.24:837][  0]LogMeshUtilities: No automatic mesh reduction module available
[2016.06.23-01.07.24:837][  0]LogMeshUtilities: No automatic mesh merging module available
[2016.06.23-01.07.24:837][  0]LogMeshUtilities: No distributed automatic mesh merging module available
[2016.06.23-01.07.25:158][  0]LogUObjectArray: 27679 objects as part of root set at end of initial load.
[2016.06.23-01.07.25:158][  0]LogUObjectAllocator: 5591600 out of 0 bytes used by permanent object pool.
[2016.06.23-01.07.25:158][  0]LogUObjectArray: CloseDisregardForGC: 0/0 objects in disregard for GC pool
[2016.06.23-01.07.25:165][  0]LogInit: WinSock: version 1.1 (2.2), MaxSocks=32767, MaxUdp=65467
[2016.06.23-01.07.25:253][  0]LogSlate: SlateFontCache - WITH_FREETYPE: 1, WITH_HARFBUZZ: 1
[2016.06.23-01.07.25:253][  0]LogSlate: SlateFontCache - WITH_FREETYPE: 1, WITH_HARFBUZZ: 1
[2016.06.23-01.07.25:345][  0]LogStreaming:Warning: Failed to read file '../../../Engine/Content/Editor/Slate/Common/Selection_16x.png' error.
[2016.06.23-01.07.25:345][  0]LogSlate: Could not find file for Slate resource: ../../../Engine/Content/Editor/Slate/Common/Selection_16x.png
[2016.06.23-01.07.25:345][  0]LogStreaming:Warning: Failed to read file '../../../Engine/Content/Editor/Slate/Common/Selection_16x.png' error.
[2016.06.23-01.07.25:345][  0]LogSlate: Could not find file for Slate resource: ../../../Engine/Content/Editor/Slate/Common/Selection_16x.png
[2016.06.23-01.07.25:345][  0]LogStreaming:Warning: Failed to read file '../../../Engine/Content/Editor/Slate/Common/Selection_16x.png' error.
[2016.06.23-01.07.25:345][  0]LogSlate: Could not find file for Slate resource: ../../../Engine/Content/Editor/Slate/Common/Selection_16x.png
[2016.06.23-01.07.25:928][  0]LogUdpMessaging: Initializing bridge on interface 0.0.0.0:0 to multicast group 230.0.0.1:6666.
[2016.06.23-01.07.26:030][  0]LogAssetRegistry: FAssetRegistry took 0.0204 seconds to start up
[2016.06.23-01.07.26:177][  0]SourceControl: Info Source control is disabled
[2016.06.23-01.07.26:233][  0]SourceControl: Info Source control is disabled
[2016.06.23-01.07.26:244][  0]SourceControl: Info Source control is disabled
[2016.06.23-01.07.26:255][  0]SourceControl: Info Source control is disabled
[2016.06.23-01.07.26:371][  0]LogHMD: Failed to initialize OpenVR with code 110
[2016.06.23-01.07.26:437][  0]LogEngine: Initializing Engine...
[2016.06.23-01.07.26:570][  0]LogAIModule: Creating AISystem for world NewWorld
[2016.06.23-01.07.26:576][  0]LogInit: XAudio2 using 'Speakers (Cirrus Logic CS4206B (AB 92))' : 2 channels at 48 kHz using 32 bits per sample (channel mask 0x3)
[2016.06.23-01.07.26:616][  0]LogInit: FAudioDevice initialized.
[2016.06.23-01.07.26:676][  0]LogDerivedDataCache: Saved boot cache 0.06s 46MB C:/Users/sdeflorio/AppData/Local/UnrealEngine/4.11/DerivedDataCache/Boot.ddc.
[2016.06.23-01.07.26:680][  0]LogInit: Texture streaming: Enabled
[2016.06.23-01.07.26:706][  0]LogInit: Transaction tracking system initialized
[2016.06.23-01.07.26:728][  0]BlueprintLog: New page: Editor Load
[2016.06.23-01.07.26:801][  0]LocalizationService: Info Localization service is disabled
[2016.06.23-01.07.26:852][  0]LogLinker:Warning: Can't find file '/Game/FirstPersonBP/FirstPersonOverview'
[2016.06.23-01.07.26:852][  0]LogLinker:Warning: Can't find file '/Game/FirstPersonBP/FirstPersonOverview'
[2016.06.23-01.07.26:852][  0]LogUObjectGlobals:Warning: Failed to find object 'Class /Game/FirstPersonBP/FirstPersonOverview.FirstPersonOverview_C'
[2016.06.23-01.07.26:864][  0]LogConsoleResponse:Display: 
[2016.06.23-01.07.26:959][  0]LogCook:Display: Max memory allowance for cook 8192mb
[2016.06.23-01.07.26:959][  0]LogCook:Display: Mobile HDR setting 1
[2016.06.23-01.07.26:959][  0]LogCook:Display: Done creating registry. It took  0.00s.
[2016.06.23-01.07.27:003][  0]LogFileCache: Scanning file cache for directory 'C:/Users/sdeflorio/Documents/Project_PlanetDefence/Project_PlanetDef/Content/' took 0.01s
[2016.06.23-01.07.27:003][  0]SourceControl: Info Source control is disabled
[2016.06.23-01.07.27:003][  0]Cmd: MAP LOAD FILE="../../../Engine/Content/Maps/Templates/Template_Default.umap" TEMPLATE=1 SHOWPROGRESS=1 FEATURELEVEL=3
[2016.06.23-01.07.27:004][  0]LightingResults: New page: Lighting Build
[2016.06.23-01.07.27:007][  0]MapCheck: New page: Map Check
[2016.06.23-01.07.27:007][  0]LightingResults: New page: Lighting Build
[2016.06.23-01.07.27:242][  0]LogAIModule: Creating AISystem for world Untitled_1
[2016.06.23-01.07.27:249][  0]LogEditorServer: Finished looking for orphan Actors (0.000 secs)
[2016.06.23-01.07.27:256][  0]Cmd: MAP CHECKDEP NOCLEARLOG
[2016.06.23-01.07.27:290][  0]MapCheck: Info Map check complete: 0 Error(s), 0 Warning(s), took 34.711ms to complete.
[2016.06.23-01.07.27:290][  0]LogFileHelpers: Loading map 'Template_Default' took 0.287
[2016.06.23-01.07.27:481][  0]LogCollectionManager: Loaded 0 collections in 0.001836 seconds
[2016.06.23-01.07.27:518][  0]LogFileCache: Scanning file cache for directory 'C:/Users/sdeflorio/Documents/Project_PlanetDefence/Project_PlanetDef/Saved/Collections/' took 0.01s
[2016.06.23-01.07.27:518][  0]LogFileCache: Scanning file cache for directory 'C:/Users/sdeflorio/Documents/Project_PlanetDefence/Project_PlanetDef/Content/Developers/sdeflorio/Collections/' took 0.01s
[2016.06.23-01.07.27:518][  0]LogFileCache: Scanning file cache for directory 'C:/Users/sdeflorio/Documents/Project_PlanetDefence/Project_PlanetDef/Content/Collections/' took 0.01s
[2016.06.23-01.07.27:518][  0]LogCollectionManager: Rebuilt the GUID cache for 0 collections in 0.000002 seconds
[2016.06.23-01.07.27:525][  0]LogContentBrowser: Native class hierarchy populated in 0.0066 seconds. Added 1979 classes and 343 folders.
[2016.06.23-01.07.27:528][  0]LogStats: UGameplayTagsManager::ConstructGameplayTagTree: Construct from data asset -  0.000 s
[2016.06.23-01.07.27:528][  0]LogStats: UGameplayTagsManager::ConstructGameplayTagTree: GameplayTagTreeChangedEvent.Broadcast -  0.000 s
[2016.06.23-01.07.27:529][  0]LogContentBrowser: Native class hierarchy updated for 'GameplayTags' in 0.0004 seconds. Added 12 classes and 0 folders.
[2016.06.23-01.07.27:534][  0]LogContentBrowser: Native class hierarchy updated for 'WidgetCarousel' in 0.0003 seconds. Added 0 classes and 0 folders.
[2016.06.23-01.07.27:605][  0]LogContentBrowser: Native class hierarchy updated for 'SuperSearch' in 0.0004 seconds. Added 1 classes and 2 folders.
[2016.06.23-01.07.27:943][  0]LogContentBrowser: Native class hierarchy updated for 'AddContentDialog' in 0.0003 seconds. Added 0 classes and 0 folders.
[2016.06.23-01.07.27:976][  0]LogContentBrowser: Native class hierarchy updated for 'SceneOutliner' in 0.0004 seconds. Added 1 classes and 2 folders.
[2016.06.23-01.07.28:020][  0]LogCrashTracker: Crashtracker disabled due to settings.
[2016.06.23-01.07.28:025][  0]LogUObjectGlobals:Warning: Failed to find object 'Class None.'
[2016.06.23-01.07.28:049][  0]LogContentBrowser: Native class hierarchy updated for 'HierarchicalLODOutliner' in 0.0003 seconds. Added 1 classes and 2 folders.
[2016.06.23-01.07.28:049][  0]LogLoad: Full Startup: 8.07 seconds (BP compile: 0.03 seconds)
[2016.06.23-01.07.28:050][  0]LogExternalProfiler: Found external profiler: VSPerf
[2016.06.23-01.07.28:050][  0]LogExternalProfiler: Using external profiler: VSPerf
[2016.06.23-01.07.28:058][  0]LogOcInput: OculusInput pre-init called
[2016.06.23-01.07.28:228][  0]LogContentStreaming: Texture pool size now 1000 MB
[2016.06.23-01.07.28:478][  0]LogRenderer: Reallocating scene render targets to support 1616x808 (Frame:2).
[2016.06.23-01.07.28:849][  1]LogAssetRegistry: Asset discovery search completed in 2.8397 seconds
[2016.06.23-01.07.28:849][  1]LogCollectionManager: Rebuilt the object cache for 0 collections in 0.000001 seconds (found 0 objects)
[2016.06.23-01.07.28:849][  1]LogCollectionManager: Fixed up redirectors for 0 collections in 0.000079 seconds (updated 0 objects)
[2016.06.23-01.07.35:402][427]LogAIModule: Creating AISystem for world FirstLevel
[2016.06.23-01.07.35:514][427]Cmd: MAP LOAD FILE="../../../../../../Users/sdeflorio/Documents/Project_PlanetDefence/Project_PlanetDef/Content/Maps/FirstLevel.umap" TEMPLATE=0 SHOWPROGRESS=1 FEATURELEVEL=3
[2016.06.23-01.07.35:514][427]LightingResults: New page: Lighting Build
[2016.06.23-01.07.35:532][427]LoadErrors: New page: Loading map: FirstLevel.umap
[2016.06.23-01.07.35:561][427]MapCheck: New page: Map Check
[2016.06.23-01.07.35:562][427]LightingResults: New page: Lighting Build
[2016.06.23-01.07.35:653][427]LogEditorServer: Finished looking for orphan Actors (0.000 secs)
[2016.06.23-01.07.35:676][427]Cmd: MAP CHECKDEP NOCLEARLOG
[2016.06.23-01.07.35:712][427]MapCheck: Info Map check complete: 0 Error(s), 0 Warning(s), took 35.405ms to complete.
[2016.06.23-01.07.35:712][427]LogFileHelpers: Loading map 'FirstLevel' took 0.227
[2016.06.23-01.07.37:856][557]LogBlueprintUserMessages: Early PlayInEditor Detection: Level '/Game/Maps/FirstLevel.FirstLevel:PersistentLevel' has LevelScriptBlueprint '/Game/Maps/FirstLevel.FirstLevel:PersistentLevel.FirstLevel' with GeneratedClass '/Game/Maps/FirstLevel.FirstLevel_C' with ClassGeneratedBy '/Game/Maps/FirstLevel.FirstLevel:PersistentLevel.FirstLevel'
[2016.06.23-01.07.37:856][557]LogPlayLevel: PlayLevel: No blueprints needed recompiling
[2016.06.23-01.07.37:857][557]PIE: New page: PIE session: FirstLevel (23 Jun 2016 9:07:37 pm)
[2016.06.23-01.07.37:857][557]LogPlayLevel: Creating play world package: /Game/Maps/UEDPIE_0_FirstLevel
[2016.06.23-01.07.37:862][557]LogPlayLevel: PIE: StaticDuplicateObject took: (0.004967s)
[2016.06.23-01.07.37:863][557]LogAIModule: Creating AISystem for world FirstLevel
[2016.06.23-01.07.37:863][557]LogPlayLevel: PIE: World Init took: (0.000735s)
[2016.06.23-01.07.37:863][557]LogPlayLevel: PIE: Created PIE world by copying editor world from /Game/Maps/FirstLevel.FirstLevel to /Game/Maps/UEDPIE_0_FirstLevel.FirstLevel (0.006205s)
[2016.06.23-01.07.37:873][557]LogInit: XAudio2 using 'Speakers (Cirrus Logic CS4206B (AB 92))' : 2 channels at 48 kHz using 32 bits per sample (channel mask 0x3)
[2016.06.23-01.07.37:881][557]LogInit: FAudioDevice initialized.
[2016.06.23-01.07.37:921][557]LogWorld: Game class is 'GameMode'
[2016.06.23-01.07.37:924][557]LogWorld: Bringing World /Game/Maps/UEDPIE_0_FirstLevel.FirstLevel up for play (max tick rate 0) at 2016.06.23-11.07.37
[2016.06.23-01.07.38:159][557]LogWorld: Bringing up level for play took: 0.236780
[2016.06.23-01.07.38:279][557]LogContentBrowser: Native class hierarchy updated for 'MovieSceneCapture' in 0.0004 seconds. Added 9 classes and 0 folders.
[2016.06.23-01.07.38:310][557]PIE: Info Play in editor start time for /Game/Maps/UEDPIE_0_FirstLevel 0.781
[2016.06.23-01.07.38:310][557]LogBlueprintUserMessages: Late PlayInEditor Detection: Level '/Game/Maps/FirstLevel.FirstLevel:PersistentLevel' has LevelScriptBlueprint '/Game/Maps/FirstLevel.FirstLevel:PersistentLevel.FirstLevel' with GeneratedClass '/Game/Maps/FirstLevel.FirstLevel_C' with ClassGeneratedBy '/Game/Maps/FirstLevel.FirstLevel:PersistentLevel.FirstLevel'
[2016.06.23-01.08.03:173][719]LogBlueprintUserMessages: Early EndPlayMap Detection: Level '/Game/Maps/FirstLevel.FirstLevel:PersistentLevel' has LevelScriptBlueprint '/Game/Maps/FirstLevel.FirstLevel:PersistentLevel.FirstLevel' with GeneratedClass '/Game/Maps/FirstLevel.FirstLevel_C' with ClassGeneratedBy '/Game/Maps/FirstLevel.FirstLevel:PersistentLevel.FirstLevel'
[2016.06.23-01.08.03:215][719]LogBlueprintUserMessages: Late EndPlayMap Detection: Level '/Game/Maps/FirstLevel.FirstLevel:PersistentLevel' has LevelScriptBlueprint '/Game/Maps/FirstLevel.FirstLevel:PersistentLevel.FirstLevel' with GeneratedClass '/Game/Maps/FirstLevel.FirstLevel_C' with ClassGeneratedBy '/Game/Maps/FirstLevel.FirstLevel:PersistentLevel.FirstLevel'
[2016.06.23-01.08.04:345][790]LogBlueprintUserMessages: Early PlayInEditor Detection: Level '/Game/Maps/FirstLevel.FirstLevel:PersistentLevel' has LevelScriptBlueprint '/Game/Maps/FirstLevel.FirstLevel:PersistentLevel.FirstLevel' with GeneratedClass '/Game/Maps/FirstLevel.FirstLevel_C' with ClassGeneratedBy '/Game/Maps/FirstLevel.FirstLevel:PersistentLevel.FirstLevel'
[2016.06.23-01.08.04:345][790]LogPlayLevel: PlayLevel: No blueprints needed recompiling
[2016.06.23-01.08.04:346][790]PIE: New page: PIE session: FirstLevel (23 Jun 2016 9:08:04 pm)
[2016.06.23-01.08.04:346][790]LogPlayLevel: Creating play world package: /Game/Maps/UEDPIE_0_FirstLevel
[2016.06.23-01.08.04:349][790]LogPlayLevel: PIE: StaticDuplicateObject took: (0.003658s)
[2016.06.23-01.08.04:352][790]LogAIModule: Creating AISystem for world FirstLevel
[2016.06.23-01.08.04:352][790]LogPlayLevel: PIE: World Init took: (0.000719s)
[2016.06.23-01.08.04:352][790]LogPlayLevel: PIE: Created PIE world by copying editor world from /Game/Maps/FirstLevel.FirstLevel to /Game/Maps/UEDPIE_0_FirstLevel.FirstLevel (0.006508s)
[2016.06.23-01.08.04:361][790]LogInit: XAudio2 using 'Speakers (Cirrus Logic CS4206B (AB 92))' : 2 channels at 48 kHz using 32 bits per sample (channel mask 0x3)
[2016.06.23-01.08.04:367][790]LogInit: FAudioDevice initialized.
[2016.06.23-01.08.04:399][790]LogWorld: Game class is 'GameMode'
[2016.06.23-01.08.04:402][790]LogWorld: Bringing World /Game/Maps/UEDPIE_0_FirstLevel.FirstLevel up for play (max tick rate 0) at 2016.06.23-11.08.04
[2016.06.23-01.08.04:403][790]LogWorld: Bringing up level for play took: 0.002877
[2016.06.23-01.08.04:404][790]PIE: Info Play in editor start time for /Game/Maps/UEDPIE_0_FirstLevel 0.876
[2016.06.23-01.08.04:405][790]LogBlueprintUserMessages: Late PlayInEditor Detection: Level '/Game/Maps/FirstLevel.FirstLevel:PersistentLevel' has LevelScriptBlueprint '/Game/Maps/FirstLevel.FirstLevel:PersistentLevel.FirstLevel' with GeneratedClass '/Game/Maps/FirstLevel.FirstLevel_C' with ClassGeneratedBy '/Game/Maps/FirstLevel.FirstLevel:PersistentLevel.FirstLevel'
[2016.06.23-01.08.09:659][243]LogBlueprintUserMessages: Early EndPlayMap Detection: Level '/Game/Maps/FirstLevel.FirstLevel:PersistentLevel' has LevelScriptBlueprint '/Game/Maps/FirstLevel.FirstLevel:PersistentLevel.FirstLevel' with GeneratedClass '/Game/Maps/FirstLevel.FirstLevel_C' with ClassGeneratedBy '/Game/Maps/FirstLevel.FirstLevel:PersistentLevel.FirstLevel'
[2016.06.23-01.08.09:692][243]LogBlueprintUserMessages: Late EndPlayMap Detection: Level '/Game/Maps/FirstLevel.FirstLevel:PersistentLevel' has LevelScriptBlueprint '/Game/Maps/FirstLevel.FirstLevel:PersistentLevel.FirstLevel' with GeneratedClass '/Game/Maps/FirstLevel.FirstLevel_C' with ClassGeneratedBy '/Game/Maps/FirstLevel.FirstLevel:PersistentLevel.FirstLevel'
[2016.06.23-01.08.48:518][433]LogBlueprintUserMessages: Early PlayInEditor Detection: Level '/Game/Maps/FirstLevel.FirstLevel:PersistentLevel' has LevelScriptBlueprint '/Game/Maps/FirstLevel.FirstLevel:PersistentLevel.FirstLevel' with GeneratedClass '/Game/Maps/FirstLevel.FirstLevel_C' with ClassGeneratedBy '/Game/Maps/FirstLevel.FirstLevel:PersistentLevel.FirstLevel'
[2016.06.23-01.08.48:518][433]LogPlayLevel: PlayLevel: No blueprints needed recompiling
[2016.06.23-01.08.48:519][433]PIE: New page: PIE session: FirstLevel (23 Jun 2016 9:08:48 pm)
[2016.06.23-01.08.48:519][433]LogPlayLevel: Creating play world package: /Game/Maps/UEDPIE_0_FirstLevel
[2016.06.23-01.08.48:522][433]LogPlayLevel: PIE: StaticDuplicateObject took: (0.003673s)
[2016.06.23-01.08.48:523][433]LogAIModule: Creating AISystem for world FirstLevel
[2016.06.23-01.08.48:523][433]LogPlayLevel: PIE: World Init took: (0.000563s)
[2016.06.23-01.08.48:523][433]LogPlayLevel: PIE: Created PIE world by copying editor world from /Game/Maps/FirstLevel.FirstLevel to /Game/Maps/UEDPIE_0_FirstLevel.FirstLevel (0.004598s)
[2016.06.23-01.08.48:534][433]LogInit: XAudio2 using 'Speakers (Cirrus Logic CS4206B (AB 92))' : 2 channels at 48 kHz using 32 bits per sample (channel mask 0x3)
[2016.06.23-01.08.48:540][433]LogInit: FAudioDevice initialized.
[2016.06.23-01.08.48:568][433]LogWorld: Game class is 'GameMode'
[2016.06.23-01.08.48:571][433]LogWorld: Bringing World /Game/Maps/UEDPIE_0_FirstLevel.FirstLevel up for play (max tick rate 0) at 2016.06.23-11.08.48
[2016.06.23-01.08.48:572][433]LogWorld: Bringing up level for play took: 0.002688
[2016.06.23-01.08.48:573][433]PIE: Info Play in editor start time for /Game/Maps/UEDPIE_0_FirstLevel 1.047
[2016.06.23-01.08.48:573][433]LogBlueprintUserMessages: Late PlayInEditor Detection: Level '/Game/Maps/FirstLevel.FirstLevel:PersistentLevel' has LevelScriptBlueprint '/Game/Maps/FirstLevel.FirstLevel:PersistentLevel.FirstLevel' with GeneratedClass '/Game/Maps/FirstLevel.FirstLevel_C' with ClassGeneratedBy '/Game/Maps/FirstLevel.FirstLevel:PersistentLevel.FirstLevel'
[2016.06.23-01.09.09:761][272]LogBlueprintUserMessages: Early EndPlayMap Detection: Level '/Game/Maps/FirstLevel.FirstLevel:PersistentLevel' has LevelScriptBlueprint '/Game/Maps/FirstLevel.FirstLevel:PersistentLevel.FirstLevel' with GeneratedClass '/Game/Maps/FirstLevel.FirstLevel_C' with ClassGeneratedBy '/Game/Maps/FirstLevel.FirstLevel:PersistentLevel.FirstLevel'
[2016.06.23-01.09.09:794][272]LogBlueprintUserMessages: Late EndPlayMap Detection: Level '/Game/Maps/FirstLevel.FirstLevel:PersistentLevel' has LevelScriptBlueprint '/Game/Maps/FirstLevel.FirstLevel:PersistentLevel.FirstLevel' with GeneratedClass '/Game/Maps/FirstLevel.FirstLevel_C' with ClassGeneratedBy '/Game/Maps/FirstLevel.FirstLevel:PersistentLevel.FirstLevel'
[2016.06.23-01.09.17:939][823]LogBlueprintUserMessages: Early PlayInEditor Detection: Level '/Game/Maps/FirstLevel.FirstLevel:PersistentLevel' has LevelScriptBlueprint '/Game/Maps/FirstLevel.FirstLevel:PersistentLevel.FirstLevel' with GeneratedClass '/Game/Maps/FirstLevel.FirstLevel_C' with ClassGeneratedBy '/Game/Maps/FirstLevel.FirstLevel:PersistentLevel.FirstLevel'
[2016.06.23-01.09.17:940][823]LogPlayLevel: PlayLevel: No blueprints needed recompiling
[2016.06.23-01.09.17:940][823]PIE: New page: PIE session: FirstLevel (23 Jun 2016 9:09:17 pm)
[2016.06.23-01.09.17:940][823]LogPlayLevel: Creating play world package: /Game/Maps/UEDPIE_0_FirstLevel
[2016.06.23-01.09.17:944][823]LogPlayLevel: PIE: StaticDuplicateObject took: (0.003809s)
[2016.06.23-01.09.17:944][823]LogAIModule: Creating AISystem for world FirstLevel
[2016.06.23-01.09.17:945][823]LogPlayLevel: PIE: World Init took: (0.000605s)
[2016.06.23-01.09.17:945][823]LogPlayLevel: PIE: Created PIE world by copying editor world from /Game/Maps/FirstLevel.FirstLevel to /Game/Maps/UEDPIE_0_FirstLevel.FirstLevel (0.004789s)
[2016.06.23-01.09.17:954][823]LogInit: XAudio2 using 'Speakers (Cirrus Logic CS4206B (AB 92))' : 2 channels at 48 kHz using 32 bits per sample (channel mask 0x3)
[2016.06.23-01.09.17:960][823]LogInit: FAudioDevice initialized.
[2016.06.23-01.09.17:988][823]LogWorld: Game class is 'GameMode'
[2016.06.23-01.09.17:991][823]LogWorld: Bringing World /Game/Maps/UEDPIE_0_FirstLevel.FirstLevel up for play (max tick rate 0) at 2016.06.23-11.09.17
[2016.06.23-01.09.17:992][823]LogWorld: Bringing up level for play took: 0.002930
[2016.06.23-01.09.17:994][823]PIE: Info Play in editor start time for /Game/Maps/UEDPIE_0_FirstLevel 0.468
[2016.06.23-01.09.17:994][823]LogBlueprintUserMessages: Late PlayInEditor Detection: Level '/Game/Maps/FirstLevel.FirstLevel:PersistentLevel' has LevelScriptBlueprint '/Game/Maps/FirstLevel.FirstLevel:PersistentLevel.FirstLevel' with GeneratedClass '/Game/Maps/FirstLevel.FirstLevel_C' with ClassGeneratedBy '/Game/Maps/FirstLevel.FirstLevel:PersistentLevel.FirstLevel'
[2016.06.23-01.51.39:891][603]LogBlueprintUserMessages: Early EndPlayMap Detection: Level '/Game/Maps/FirstLevel.FirstLevel:PersistentLevel' has LevelScriptBlueprint '/Game/Maps/FirstLevel.FirstLevel:PersistentLevel.FirstLevel' with GeneratedClass '/Game/Maps/FirstLevel.FirstLevel_C' with ClassGeneratedBy '/Game/Maps/FirstLevel.FirstLevel:PersistentLevel.FirstLevel'
[2016.06.23-01.51.39:930][603]LogBlueprintUserMessages: Late EndPlayMap Detection: Level '/Game/Maps/FirstLevel.FirstLevel:PersistentLevel' has LevelScriptBlueprint '/Game/Maps/FirstLevel.FirstLevel:PersistentLevel.FirstLevel' with GeneratedClass '/Game/Maps/FirstLevel.FirstLevel_C' with ClassGeneratedBy '/Game/Maps/FirstLevel.FirstLevel:PersistentLevel.FirstLevel'
[2016.06.23-01.51.41:998][723]Cmd: QUIT_EDITOR
[2016.06.23-01.51.42:085][723]LogExit: Preparing to exit.
[2016.06.23-01.51.43:054][723]LogExit: Editor shut down
[2016.06.23-01.51.43:054][723]LogExit: Transaction tracking system shut down
[2016.06.23-01.51.43:144][723]LogObj: Freed 0b from 0 cluster array pools.
[2016.06.23-01.51.43:144][723]LogExit: Object subsystem successfully closed.
[2016.06.23-01.51.43:157][723]LogD3D11RHI: Shutdown
[2016.06.23-01.51.43:157][723]LogD3D11RHI: CleanupD3DDevice
[2016.06.23-01.51.43:196][723]LogD3D11RHI: ~FD3D11DynamicRHI
[2016.06.23-01.51.43:243][723]LogDerivedDataCache: Shutdown
[2016.06.23-01.51.43:243][723]LogModuleManager: Shutting down and abandoning module MovieSceneCapture (205)
[2016.06.23-01.51.43:243][723]LogModuleManager: Shutting down and abandoning module HierarchicalLODOutliner (204)
[2016.06.23-01.51.43:243][723]LogModuleManager: Shutting down and abandoning module CrashTracker (203)
[2016.06.23-01.51.43:243][723]LogModuleManager: Shutting down and abandoning module SceneOutliner (202)
[2016.06.23-01.51.43:243][723]LogModuleManager: Shutting down and abandoning module SuperSearch (201)
[2016.06.23-01.51.43:243][723]LogModuleManager: Shutting down and abandoning module WidgetCarousel (200)
[2016.06.23-01.51.43:243][723]LogModuleManager: Shutting down and abandoning module AddContentDialog (199)
[2016.06.23-01.51.43:244][723]LogModuleManager: Shutting down and abandoning module GameplayTags (198)
[2016.06.23-01.51.43:244][723]LogModuleManager: Shutting down and abandoning module EditorWidgets (197)
[2016.06.23-01.51.43:244][723]LogModuleManager: Shutting down and abandoning module CollectionManager (196)
[2016.06.23-01.51.43:245][723]LogModuleManager: Shutting down and abandoning module StatsViewer (195)
[2016.06.23-01.51.43:245][723]LogModuleManager: Shutting down and abandoning module FoliageEdit (194)
[2016.06.23-01.51.43:245][723]LogModuleManager: Shutting down and abandoning module LandscapeEditor (193)
[2016.06.23-01.51.43:245][723]LogModuleManager: Shutting down and abandoning module ActorPickerMode (192)
[2016.06.23-01.51.43:245][723]LogModuleManager: Shutting down and abandoning module GeometryMode (191)
[2016.06.23-01.51.43:245][723]LogModuleManager: Shutting down and abandoning module TextureAlignMode (190)
[2016.06.23-01.51.43:245][723]LogModuleManager: Shutting down and abandoning module BspMode (189)
[2016.06.23-01.51.43:245][723]LogModuleManager: Shutting down and abandoning module PlacementMode (188)
[2016.06.23-01.51.43:245][723]LogModuleManager: Shutting down and abandoning module AutomationWorker (187)
[2016.06.23-01.51.43:245][723]LogModuleManager: Shutting down and abandoning module CharacterAI (186)
[2016.06.23-01.51.43:245][723]LogModuleManager: Shutting down and abandoning module SmartSnapping (185)
[2016.06.23-01.51.43:245][723]LogModuleManager: Shutting down and abandoning module ViewportSnapping (184)
[2016.06.23-01.51.43:245][723]LogModuleManager: Shutting down and abandoning module LogVisualizer (183)
[2016.06.23-01.51.43:245][723]LogModuleManager: Shutting down and abandoning module GameProjectGeneration (182)
[2016.06.23-01.51.43:245][723]LogModuleManager: Shutting down and abandoning module IntroTutorials (181)
[2016.06.23-01.51.43:245][723]LogModuleManager: Shutting down and abandoning module EditorLiveStreaming (180)
[2016.06.23-01.51.43:245][723]LogModuleManager: Shutting down and abandoning module IOSPlatformEditor (179)
[2016.06.23-01.51.43:245][723]LogModuleManager: Shutting down and abandoning module HTML5PlatformEditor (178)
[2016.06.23-01.51.43:245][723]LogModuleManager: Shutting down and abandoning module AndroidDeviceDetection (177)
[2016.06.23-01.51.43:832][723]LogModuleManager: Shutting down and abandoning module AndroidPlatformEditor (176)
[2016.06.23-01.51.43:832][723]LogModuleManager: Shutting down and abandoning module IOSRuntimeSettings (175)
[2016.06.23-01.51.43:832][723]LogModuleManager: Shutting down and abandoning module AndroidRuntimeSettings (174)
[2016.06.23-01.51.43:832][723]LogModuleManager: Shutting down and abandoning module MergeActors (173)
[2016.06.23-01.51.43:832][723]LogModuleManager: Shutting down and abandoning module SizeMap (172)
[2016.06.23-01.51.43:832][723]LogModuleManager: Shutting down and abandoning module TreeMap (171)
[2016.06.23-01.51.43:832][723]LogModuleManager: Shutting down and abandoning module ReferenceViewer (170)
[2016.06.23-01.51.43:832][723]LogModuleManager: Shutting down and abandoning module LocalizationService (169)
[2016.06.23-01.51.43:832][723]LogModuleManager: Shutting down and abandoning module LocalizationDashboard (168)
[2016.06.23-01.51.43:832][723]LogModuleManager: Shutting down and abandoning module HardwareTargeting (167)
[2016.06.23-01.51.43:832][723]LogModuleManager: Shutting down and abandoning module DeviceProfileEditor (166)
[2016.06.23-01.51.43:832][723]LogModuleManager: Shutting down and abandoning module UndoHistory (165)
[2016.06.23-01.51.43:832][723]LogModuleManager: Shutting down and abandoning module UserFeedback (164)
[2016.06.23-01.51.43:832][723]LogModuleManager: Shutting down and abandoning module XmlParser (163)
[2016.06.23-01.51.43:832][723]LogModuleManager: Shutting down and abandoning module Blutility (162)
[2016.06.23-01.51.43:832][723]LogModuleManager: Shutting down and abandoning module ProjectTargetPlatformEditor (161)
[2016.06.23-01.51.43:832][723]LogModuleManager: Shutting down and abandoning module ProjectSettingsViewer (160)
[2016.06.23-01.51.43:832][723]LogModuleManager: Shutting down and abandoning module InputBindingEditor (159)
[2016.06.23-01.51.43:833][723]LogModuleManager: Shutting down and abandoning module EditorSettingsViewer (158)
[2016.06.23-01.51.43:833][723]LogModuleManager: Shutting down and abandoning module SettingsEditor (157)
[2016.06.23-01.51.43:833][723]LogModuleManager: Shutting down and abandoning module ProjectLauncher (156)
[2016.06.23-01.51.43:833][723]LogModuleManager: Shutting down and abandoning module SessionFrontend (155)
[2016.06.23-01.51.43:833][723]LogModuleManager: Shutting down and abandoning module ProfilerClient (154)
[2016.06.23-01.51.43:833][723]LogModuleManager: Shutting down and abandoning module TargetDeviceServices (153)
[2016.06.23-01.51.43:833][723]LogModuleManager: Shutting down and abandoning module DeviceManager (152)
[2016.06.23-01.51.43:873][723]LogModuleManager: Shutting down and abandoning module AutomationController (151)
[2016.06.23-01.51.43:873][723]LogModuleManager: Shutting down and abandoning module AutomationWindow (150)
[2016.06.23-01.51.43:873][723]LogModuleManager: Shutting down and abandoning module Layers (149)
[2016.06.23-01.51.43:873][723]LogModuleManager: Shutting down and abandoning module ComponentVisualizers (148)
[2016.06.23-01.51.43:873][723]LogModuleManager: Shutting down and abandoning module DetailCustomizations (147)
[2016.06.23-01.51.43:873][723]LogModuleManager: Shutting down and abandoning module PackagesDialog (146)
[2016.06.23-01.51.43:873][723]LogModuleManager: Shutting down and abandoning module Persona (145)
[2016.06.23-01.51.43:873][723]LogModuleManager: Shutting down and abandoning module Kismet (144)
[2016.06.23-01.51.43:873][723]LogModuleManager: Shutting down and abandoning module GraphEditor (143)
[2016.06.23-01.51.43:873][723]LogModuleManager: Shutting down and abandoning module ClassViewer (142)
[2016.06.23-01.51.43:873][723]LogModuleManager: Shutting down and abandoning module Toolbox (141)
[2016.06.23-01.51.43:873][723]LogModuleManager: Shutting down and abandoning module ModuleUI (140)
[2016.06.23-01.51.43:873][723]LogModuleManager: Shutting down and abandoning module MovieSceneTools (139)
[2016.06.23-01.51.43:873][723]LogModuleManager: Shutting down and abandoning module OutputLog (138)
[2016.06.23-01.51.43:873][723]LogModuleManager: Shutting down and abandoning module GammaUI (137)
[2016.06.23-01.51.43:873][723]LogModuleManager: Shutting down and abandoning module Documentation (136)
[2016.06.23-01.51.43:873][723]LogModuleManager: Shutting down and abandoning module StreamingPauseRendering (135)
[2016.06.23-01.51.43:873][723]LogModuleManager: Shutting down and abandoning module AnalyticsET (134)
[2016.06.23-01.51.43:873][723]LogModuleManager: Shutting down and abandoning module Analytics (133)
[2016.06.23-01.51.43:873][723]LogModuleManager: Shutting down and abandoning module PortalServices (132)
[2016.06.23-01.51.43:873][723]LogModuleManager: Shutting down and abandoning module PortalRpc (131)
[2016.06.23-01.51.43:873][723]LogModuleManager: Shutting down and abandoning module MessagingRpc (130)
[2016.06.23-01.51.43:873][723]LogModuleManager: Shutting down and abandoning module AITestSuite (129)
[2016.06.23-01.51.43:873][723]LogModuleManager: Shutting down and abandoning module GameplayDebugger (128)
[2016.06.23-01.51.43:873][723]LogModuleManager: Shutting down and abandoning module AIModule (127)
[2016.06.23-01.51.43:873][723]LogModuleManager: Shutting down and abandoning module ProfilerService (126)
[2016.06.23-01.51.43:894][723]LogModuleManager: Shutting down and abandoning module TaskGraph (125)
[2016.06.23-01.51.43:894][723]LogModuleManager: Shutting down and abandoning module SlateRemote (124)
[2016.06.23-01.51.43:894][723]LogModuleManager: Shutting down and abandoning module SteamVRController (123)
[2016.06.23-01.51.43:894][723]LogModuleManager: Shutting down and abandoning module SteamVR (122)
[2016.06.23-01.51.43:894][723]LogModuleManager: Shutting down and abandoning module ProceduralMeshComponent (121)
[2016.06.23-01.51.43:894][723]LogModuleManager: Shutting down and abandoning module OculusLibrary (120)
[2016.06.23-01.51.43:894][723]LogModuleManager: Shutting down and abandoning module OculusInput (119)
[2016.06.23-01.51.43:894][723]LogModuleManager: Shutting down and abandoning module CustomMeshComponent (118)
[2016.06.23-01.51.43:894][723]LogModuleManager: Shutting down and abandoning module CableComponent (117)
[2016.06.23-01.51.43:894][723]LogModuleManager: Shutting down and abandoning module ArchVisCharacter (116)
[2016.06.23-01.51.43:894][723]LogModuleManager: Shutting down and abandoning module MediaPlayerEditor (115)
[2016.06.23-01.51.43:894][723]LogModuleManager: Shutting down and abandoning module HTML5Networking (114)
[2016.06.23-01.51.43:894][723]LogModuleManager: Shutting down and abandoning module SpeedTreeImporter (113)
[2016.06.23-01.51.43:894][723]LogModuleManager: Shutting down and abandoning module PluginBrowser (112)
[2016.06.23-01.51.43:894][723]LogModuleManager: Shutting down and abandoning module EpicSurvey (111)
[2016.06.23-01.51.43:894][723]LogModuleManager: Shutting down and abandoning module DesktopPlatform (110)
[2016.06.23-01.51.43:894][723]LogModuleManager: Shutting down and abandoning module VisualStudioSourceCodeAccess (109)
[2016.06.23-01.51.43:894][723]LogModuleManager: Shutting down and abandoning module UObjectPlugin (108)
[2016.06.23-01.51.43:894][723]LogModuleManager: Shutting down and abandoning module SubversionSourceControl (107)
[2016.06.23-01.51.43:894][723]LogModuleManager: Shutting down and abandoning module PerforceSourceControl (106)
[2016.06.23-01.51.43:894][723]LogModuleManager: Shutting down and abandoning module SourceControl (105)
[2016.06.23-01.51.43:894][723]LogModuleManager: Shutting down and abandoning module GitSourceControl (104)
[2016.06.23-01.51.43:894][723]LogModuleManager: Shutting down and abandoning module LightPropagationVolumeEditor (103)
[2016.06.23-01.51.43:894][723]LogModuleManager: Shutting down and abandoning module PaperTiledImporter (102)
[2016.06.23-01.51.43:894][723]LogModuleManager: Shutting down and abandoning module PaperSpriteSheetImporter (101)
[2016.06.23-01.51.43:894][723]LogModuleManager: Shutting down and abandoning module MeshPaint (100)
[2016.06.23-01.51.43:894][723]LogModuleManager: Shutting down and abandoning module HotReload (99)
[2016.06.23-01.51.43:895][723]LogModuleManager: Shutting down and abandoning module MainFrame (98)
[2016.06.23-01.51.43:895][723]LogModuleManager: Shutting down and abandoning module LevelEditor (97)
[2016.06.23-01.51.43:895][723]LogModuleManager: Shutting down and abandoning module DirectoryWatcher (96)
[2016.06.23-01.51.43:896][723]LogModuleManager: Shutting down and abandoning module AssetRegistry (95)
[2016.06.23-01.51.44:016][723]LogModuleManager: Shutting down and abandoning module ContentBrowser (94)
[2016.06.23-01.51.44:016][723]LogModuleManager: Shutting down and abandoning module Paper2DEditor (93)
[2016.06.23-01.51.44:016][723]LogModuleManager: Shutting down and abandoning module UdpMessaging (92)
[2016.06.23-01.51.44:116][723]LogModuleManager: Shutting down and abandoning module LightPropagationVolumeRuntime (91)
[2016.06.23-01.51.44:116][723]LogModuleManager: Shutting down and abandoning module Paper2D (90)
[2016.06.23-01.51.44:116][723]LogModuleManager: Shutting down and abandoning module WindowsMoviePlayer (89)
[2016.06.23-01.51.44:116][723]LogModuleManager: Shutting down and abandoning module Media (88)
[2016.06.23-01.51.44:116][723]LogModuleManager: Shutting down and abandoning module WmfMedia (87)
[2016.06.23-01.51.44:116][723]LogModuleManager: Shutting down and abandoning module MediaAssets (86)
[2016.06.23-01.51.44:116][723]LogModuleManager: Shutting down and abandoning module GameLiveStreaming (85)
[2016.06.23-01.51.44:116][723]LogModuleManager: Shutting down and abandoning module GameplayTagsEditor (84)
[2016.06.23-01.51.44:116][723]LogModuleManager: Shutting down and abandoning module OnlineBlueprintSupport (83)
[2016.06.23-01.51.44:116][723]LogModuleManager: Shutting down and abandoning module GameplayTasksEditor (82)
[2016.06.23-01.51.44:116][723]LogModuleManager: Shutting down and abandoning module PropertyEditor (81)
[2016.06.23-01.51.44:116][723]LogModuleManager: Shutting down and abandoning module BehaviorTreeEditor (80)
[2016.06.23-01.51.44:116][723]LogModuleManager: Shutting down and abandoning module FunctionalTesting (79)
[2016.06.23-01.51.44:116][723]LogModuleManager: Shutting down and abandoning module CollisionAnalyzer (78)
[2016.06.23-01.51.44:116][723]LogModuleManager: Shutting down and abandoning module WorkspaceMenuStructure (77)
[2016.06.23-01.51.44:117][723]LogModuleManager: Shutting down and abandoning module MessageLog (76)
[2016.06.23-01.51.44:117][723]LogModuleManager: Shutting down and abandoning module Sequencer (75)
[2016.06.23-01.51.44:117][723]LogModuleManager: Shutting down and abandoning module AssetTools (74)
[2016.06.23-01.51.44:117][723]LogModuleManager: Shutting down and abandoning module UMGEditor (73)
[2016.06.23-01.51.44:117][723]LogModuleManager: Shutting down and abandoning module UMG (72)
[2016.06.23-01.51.44:117][723]LogModuleManager: Shutting down and abandoning module SlateReflector (71)
[2016.06.23-01.51.44:117][723]LogModuleManager: Shutting down and abandoning module Slate (70)
[2016.06.23-01.51.44:117][723]LogModuleManager: Shutting down and abandoning module EditorStyle (69)
[2016.06.23-01.51.44:119][723]LogModuleManager: Shutting down and abandoning module SessionServices (68)
[2016.06.23-01.51.44:119][723]LogModuleManager: Shutting down and abandoning module SourceCodeAccess (67)
[2016.06.23-01.51.44:119][723]LogModuleManager: Shutting down and abandoning module HeadMountedDisplay (66)
[2016.06.23-01.51.44:119][723]LogModuleManager: Shutting down and abandoning module XAudio2 (65)
[2016.06.23-01.51.44:119][723]LogModuleManager: Shutting down and abandoning module Networking (63)
[2016.06.23-01.51.44:119][723]LogModuleManager: Shutting down and abandoning module Core (62)
[2016.06.23-01.51.44:119][723]LogModuleManager: Shutting down and abandoning module KismetCompiler (61)
[2016.06.23-01.51.44:119][723]LogModuleManager: Shutting down and abandoning module PhysXFormats (60)
[2016.06.23-01.51.44:119][723]LogModuleManager: Shutting down and abandoning module MeshUtilities (59)
[2016.06.23-01.51.44:119][723]LogModuleManager: Shutting down and abandoning module CookingStats (58)
[2016.06.23-01.51.44:119][723]LogModuleManager: Shutting down and abandoning module DerivedDataCache (57)
[2016.06.23-01.51.44:119][723]LogDerivedDataCache: Shutdown
[2016.06.23-01.51.44:119][723]LogModuleManager: Shutting down and abandoning module ShaderFormatOpenGL (56)
[2016.06.23-01.51.44:119][723]LogModuleManager: Shutting down and abandoning module ShaderFormatD3D (55)
[2016.06.23-01.51.44:119][723]LogModuleManager: Shutting down and abandoning module MetalShaderFormat (54)
[2016.06.23-01.51.44:119][723]LogModuleManager: Shutting down and abandoning module TextureFormatUncompressed (53)
[2016.06.23-01.51.44:119][723]LogModuleManager: Shutting down and abandoning module TextureFormatPVR (52)
[2016.06.23-01.51.44:119][723]LogModuleManager: Shutting down and abandoning module TextureFormatIntelISPCTexComp (51)
[2016.06.23-01.51.44:119][723]LogModuleManager: Shutting down and abandoning module TextureFormatDXT (50)
[2016.06.23-01.51.44:119][723]LogModuleManager: Shutting down and abandoning module ImageWrapper (49)
[2016.06.23-01.51.44:119][723]LogModuleManager: Shutting down and abandoning module TextureFormatASTC (48)
[2016.06.23-01.51.44:119][723]LogModuleManager: Shutting down and abandoning module TextureFormatAndroid (47)
[2016.06.23-01.51.44:119][723]LogModuleManager: Shutting down and abandoning module AudioFormatOpus (46)
[2016.06.23-01.51.44:119][723]LogModuleManager: Shutting down and abandoning module AudioFormatOgg (45)
[2016.06.23-01.51.44:119][723]LogModuleManager: Shutting down and abandoning module AudioFormatADPCM (44)
[2016.06.23-01.51.44:119][723]LogModuleManager: Shutting down and abandoning module LinuxTargetPlatform (43)
[2016.06.23-01.51.44:119][723]LogModuleManager: Shutting down and abandoning module LinuxServerTargetPlatform (42)
[2016.06.23-01.51.44:119][723]LogModuleManager: Shutting down and abandoning module LinuxNoEditorTargetPlatform (41)
[2016.06.23-01.51.44:119][723]LogModuleManager: Shutting down and abandoning module TVOSTargetPlatform (40)
[2016.06.23-01.51.44:119][723]LogModuleManager: Shutting down and abandoning module Messaging (39)
[2016.06.23-01.51.44:119][723]LogModuleManager: Shutting down and abandoning module IOSTargetPlatform (38)
[2016.06.23-01.51.44:119][723]LogModuleManager: Shutting down and abandoning module HTML5TargetPlatform (37)
[2016.06.23-01.51.44:119][723]LogModuleManager: Shutting down and abandoning module Android_PVRTCTargetPlatform (36)
[2016.06.23-01.51.44:119][723]LogModuleManager: Shutting down and abandoning module Android_MultiTargetPlatform (35)
[2016.06.23-01.51.44:119][723]LogModuleManager: Shutting down and abandoning module Android_ETC2TargetPlatform (34)
[2016.06.23-01.51.44:119][723]LogModuleManager: Shutting down and abandoning module Android_ETC1TargetPlatform (33)
[2016.06.23-01.51.44:119][723]LogModuleManager: Shutting down and abandoning module Android_DXTTargetPlatform (32)
[2016.06.23-01.51.44:119][723]LogModuleManager: Shutting down and abandoning module Android_ATCTargetPlatform (31)
[2016.06.23-01.51.44:119][723]LogModuleManager: Shutting down and abandoning module Android_ASTCTargetPlatform (30)
[2016.06.23-01.51.44:119][723]LogModuleManager: Shutting down and abandoning module AndroidTargetPlatform (29)
[2016.06.23-01.51.44:119][723]LogModuleManager: Shutting down and abandoning module WindowsTargetPlatform (28)
[2016.06.23-01.51.44:119][723]LogModuleManager: Shutting down and abandoning module WindowsServerTargetPlatform (27)
[2016.06.23-01.51.44:119][723]LogModuleManager: Shutting down and abandoning module WindowsNoEditorTargetPlatform (26)
[2016.06.23-01.51.44:119][723]LogModuleManager: Shutting down and abandoning module WindowsClientTargetPlatform (25)
[2016.06.23-01.51.44:119][723]LogModuleManager: Shutting down and abandoning module AllDesktopTargetPlatform (24)
[2016.06.23-01.51.44:119][723]LogModuleManager: Shutting down and abandoning module TargetPlatform (23)
[2016.06.23-01.51.44:119][723]LogModuleManager: Shutting down and abandoning module InputCore (22)
[2016.06.23-01.51.44:119][723]LogModuleManager: Shutting down and abandoning module Settings (21)
[2016.06.23-01.51.44:119][723]LogModuleManager: Shutting down and abandoning module OnlineSubsystem (19)
[2016.06.23-01.51.44:119][723]LogModuleManager: Shutting down and abandoning module HTTP (18)
[2016.06.23-01.51.46:119][723]LogModuleManager: Shutting down and abandoning module XMPP (17)
[2016.06.23-01.51.46:119][723]LogModuleManager: Shutting down and abandoning module OculusRift (16)
[2016.06.23-01.51.46:119][723]LogModuleManager: Shutting down and abandoning module ExampleDeviceProfileSelector (15)
[2016.06.23-01.51.46:119][723]LogModuleManager: Shutting down and abandoning module TextureCompressor (14)
[2016.06.23-01.51.46:119][723]LogModuleManager: Shutting down and abandoning module ShaderCore (13)
[2016.06.23-01.51.46:119][723]LogModuleManager: Shutting down and abandoning module Landscape (12)
[2016.06.23-01.51.46:119][723]LogModuleManager: Shutting down and abandoning module SlateRHIRenderer (11)
[2016.06.23-01.51.46:120][723]LogModuleManager: Shutting down and abandoning module OpenGLDrv (10)
[2016.06.23-01.51.46:120][723]LogModuleManager: Shutting down and abandoning module D3D11RHI (9)
[2016.06.23-01.51.46:120][723]LogModuleManager: Shutting down and abandoning module AnimGraphRuntime (8)
[2016.06.23-01.51.46:120][723]LogModuleManager: Shutting down and abandoning module Renderer (7)
[2016.06.23-01.51.46:120][723]LogModuleManager: Shutting down and abandoning module Engine (6)
[2016.06.23-01.51.46:120][723]LogModuleManager: Shutting down and abandoning module CoreUObject (5)
[2016.06.23-01.51.46:120][723]LogModuleManager: Shutting down and abandoning module NetworkFile (4)
[2016.06.23-01.51.46:120][723]LogModuleManager: Shutting down and abandoning module StreamingFile (3)
[2016.06.23-01.51.46:120][723]LogModuleManager: Shutting down and abandoning module SandboxFile (2)
[2016.06.23-01.51.46:120][723]LogModuleManager: Shutting down and abandoning module PakFile (1)
[2016.06.23-01.51.46:121][723]LogExit: Exiting.
[2016.06.23-01.51.46:132][723]Log file closed, 06/23/16 11:51:46
