Log file open, 06/23/16 22:15:03
LogInit:Display: Running engine for game: Project_PlanetDef
LogPlatformFile: Not using cached read wrapper
LogInit:Display: RandInit(592739462) SRandInit(592739463).
LogTaskGraph: Started task graph with 4 named threads and 7 total threads.
LogStats: Stats thread started at 0.062885
OCULUS: Info: [CAPI] LibOVR module is located at C:\Program Files (x86)\Oculus\Support\oculus-runtime\LibOVRRT64_1.dll
OCULUS: Debug: Connected to the server running version (prod = 1).1.4.0(build = 224996) feature version = 0. Client runs version (prod = 1).1.4.0(build = 224996) feature version = 0
OCULUS: Debug: [HMDState] Using default profile default
OCULUS: Info: IAD changed to 64.0mm
OCULUS: Debug: [SharedMemory] Creating factory
LogInit: Version: 4.11.2-2946394+++UE4+Release-4.11
LogInit: API Version: 2927265
LogInit: Compiled (64-bit): Apr 18 2016 02:18:46
LogInit: Compiled with Visual C++: 19.00.23026.00
LogInit: Build Configuration: Development
LogInit: Branch Name: ++UE4+Release-4.11
LogInit: Command line: -EpicPortal 
LogInit: Base directory: D:/Program Files (x86)/Epic Games/4.11/Engine/Binaries/Win64/
LogInit: Installed Engine Build: 1
LogInit: Using libcurl 7.41.0
LogInit:  - built for x86_64-pc-win32
LogInit:  - supports SSL with WinSSL
LogInit:  - other features:
LogInit:      CURL_VERSION_SSL
LogInit:      CURL_VERSION_IPV6
LogInit:      CURL_VERSION_ASYNCHDNS
LogInit:      CURL_VERSION_LARGEFILE
LogInit:      CURL_VERSION_IDN
LogInit:  CurlRequestOptions (configurable via config and command line):
LogInit:  - bVerifyPeer = true  - Libcurl will verify peer certificate
LogInit:  - bUseHttpProxy = false  - Libcurl will NOT use HTTP proxy
LogInit:  - bDontReuseConnections = false  - Libcurl will reuse connections
LogInit:  - CertBundlePath = nullptr  - Libcurl will use whatever was configured at build time.
LogInit: Presizing for max 16777216 objects, including 0 objects not considered by GC, pre-allocating 0 bytes for permanent pool.
LogInit: Object subsystem initialized
[2016.06.23-12.15.03:100][  0]LogInit: Selected Device Profile: [Windows]
[2016.06.23-12.15.03:100][  0]LogInit: Applying CVar settings loaded from the selected device profile: [Windows]
[2016.06.23-12.15.03:107][  0]LogInit: Computer: DESKTOP-M92PTO3
[2016.06.23-12.15.03:107][  0]LogInit: User: StefanoAdmin
[2016.06.23-12.15.03:107][  0]LogInit: CPU Page size=65536, Cores=4
[2016.06.23-12.15.03:107][  0]LogInit: High frequency timer resolution =3.328126 MHz
[2016.06.23-12.15.03:107][  0]LogMemory: Memory total: Physical=15.9GB (16GB approx)
[2016.06.23-12.15.03:107][  0]LogMemory: Platform Memory Stats for Windows
[2016.06.23-12.15.03:107][  0]LogMemory: Process Physical Memory: 318.08 MB used, 318.08 MB peak
[2016.06.23-12.15.03:107][  0]LogMemory: Process Virtual Memory: 317.94 MB used, 317.94 MB peak
[2016.06.23-12.15.03:107][  0]LogMemory: Physical Memory: 5568.19 MB used, 16313.61 MB total
[2016.06.23-12.15.03:107][  0]LogMemory: Virtual Memory: 700.46 MB used, 134217728.00 MB total
[2016.06.23-12.15.03:317][  0]LogTextLocalizationManager: No specific translations for ('en-AU') exist, so ('en') translations will be used.
[2016.06.23-12.15.03:616][  0]LogD3D11RHI: D3D11 adapters:
[2016.06.23-12.15.03:635][  0]LogD3D11RHI:    0. 'NVIDIA GeForce GTX 980' (Feature Level 11_0)
[2016.06.23-12.15.03:635][  0]LogD3D11RHI:       4008MB of dedicated video memory, 0MB of dedicated system memory, and 8156MB of shared system memory, 1 output[s]
[2016.06.23-12.15.03:636][  0]LogD3D11RHI:    1. 'Microsoft Basic Render Driver' (Feature Level 11_0)
[2016.06.23-12.15.03:636][  0]LogD3D11RHI:       0MB of dedicated video memory, 0MB of dedicated system memory, and 8156MB of shared system memory, 0 output[s]
[2016.06.23-12.15.03:636][  0]LogD3D11RHI: Chosen D3D11 Adapter: 0
[2016.06.23-12.15.03:639][  0]LogD3D11RHI: Creating new Direct3DDevice
[2016.06.23-12.15.03:639][  0]LogD3D11RHI:     Adapter Name: NVIDIA GeForce GTX 980
[2016.06.23-12.15.03:639][  0]LogD3D11RHI:   Driver Version: 10.18.13.6510 (internal 10.18.13.6510)
[2016.06.23-12.15.03:639][  0]LogD3D11RHI:      Driver Date: 4-27-2016
[2016.06.23-12.15.03:639][  0]LogRHI: Texture pool is 1361 MB (70% of 1945 MB)
[2016.06.23-12.15.03:650][  0]LogD3D11RHI: Async texture creation enabled
[2016.06.23-12.15.03:658][  0]LogShaderCompilers: Guid format shader working directory is -47 characters bigger than the processId version (../../../../../../Admin/Documents/GitHub Repositories/Project_PlanetDefence/Project_PlanetDef/Intermediate/Shaders/WorkingDirectory/7656/).
[2016.06.23-12.15.03:659][  0]LogShaderCompilers: Cleaned the shader compiler working directory 'C:/Users/Admin/AppData/Local/Temp/UnrealShaderWorkingDir/954820674FC44FA115AC86A7FD4170C5/'.
[2016.06.23-12.15.03:659][  0]LogShaderCompilers:Display: Using Local Shader Compiler.
[2016.06.23-12.15.04:395][  0]LogTemp:Display: Loaded TP AllDesktopTargetPlatform
[2016.06.23-12.15.04:398][  0]LogTemp:Display: Loaded TP WindowsClientTargetPlatform
[2016.06.23-12.15.04:401][  0]LogTemp:Display: Loaded TP WindowsNoEditorTargetPlatform
[2016.06.23-12.15.04:405][  0]LogTemp:Display: Loaded TP WindowsServerTargetPlatform
[2016.06.23-12.15.04:408][  0]LogTemp:Display: Loaded TP WindowsTargetPlatform
[2016.06.23-12.15.04:410][  0]LogTemp:Display: Loaded TP AndroidTargetPlatform
[2016.06.23-12.15.04:412][  0]LogTemp:Display: Loaded TP Android_ASTCTargetPlatform
[2016.06.23-12.15.04:414][  0]LogTemp:Display: Loaded TP Android_ATCTargetPlatform
[2016.06.23-12.15.04:416][  0]LogTemp:Display: Loaded TP Android_DXTTargetPlatform
[2016.06.23-12.15.04:418][  0]LogTemp:Display: Loaded TP Android_ETC1TargetPlatform
[2016.06.23-12.15.04:420][  0]LogTemp:Display: Loaded TP Android_ETC2TargetPlatform
[2016.06.23-12.15.04:425][  0]LogTemp:Display: Loaded TP Android_MultiTargetPlatform
[2016.06.23-12.15.04:425][  0]LogTemp:Display: Loaded TP Android_PVRTCTargetPlatform
[2016.06.23-12.15.04:425][  0]LogTemp:Display: Loaded TP HTML5TargetPlatform
[2016.06.23-12.15.04:439][  0]LogTemp:Display: Loaded TP IOSTargetPlatform
[2016.06.23-12.15.04:441][  0]LogTemp:Display: Loaded TP TVOSTargetPlatform
[2016.06.23-12.15.04:443][  0]LogTemp:Display: Loaded TP LinuxNoEditorTargetPlatform
[2016.06.23-12.15.04:445][  0]LogTemp:Display: Loaded TP LinuxServerTargetPlatform
[2016.06.23-12.15.04:448][  0]LogTemp:Display: Loaded TP LinuxTargetPlatform
[2016.06.23-12.15.04:448][  0]LogTargetPlatformManager:Display: Building Assets For Windows
[2016.06.23-12.15.04:493][  0]LogDerivedDataCache:Display: Max Cache Size: 512 MB
[2016.06.23-12.15.04:527][  0]LogDerivedDataCache: Loaded boot cache 0.03s 46MB C:/Users/Admin/AppData/Local/UnrealEngine/4.11/DerivedDataCache/Boot.ddc.
[2016.06.23-12.15.04:528][  0]LogDerivedDataCache:Display: Loaded Boot cache: C:/Users/Admin/AppData/Local/UnrealEngine/4.11/DerivedDataCache/Boot.ddc
[2016.06.23-12.15.04:528][  0]LogDerivedDataCache: FDerivedDataBackendGraph:  Pak pak cache file ../../../../../../Admin/Documents/GitHub Repositories/Project_PlanetDefence/Project_PlanetDef/DerivedDataCache/DDC.ddp not found, will not use a pak cache.
[2016.06.23-12.15.04:528][  0]LogDerivedDataCache: Unable to find inner node Pak for hierarchical cache Hierarchy.
[2016.06.23-12.15.04:528][  0]LogDerivedDataCache: FDerivedDataBackendGraph:  CompressedPak pak cache file ../../../../../../Admin/Documents/GitHub Repositories/Project_PlanetDefence/Project_PlanetDef/DerivedDataCache/Compressed.ddp not found, will not use a pak cache.
[2016.06.23-12.15.04:528][  0]LogDerivedDataCache: Unable to find inner node CompressedPak for hierarchical cache Hierarchy.
[2016.06.23-12.15.04:539][  0]LogDerivedDataCache:Display: Pak cache opened for reading ../../../Engine/DerivedDataCache/Compressed.ddp.
[2016.06.23-12.15.04:550][  0]LogDerivedDataCache: Using Local data cache path C:/Users/Admin/AppData/Local/UnrealEngine/Common/DerivedDataCache: Writable
[2016.06.23-12.15.04:659][  0]LogInit: Selected Device Profile: [Windows]
[2016.06.23-12.15.04:659][  0]LogContentStreaming: Texture pool size is 0.00 MB
[2016.06.23-12.15.04:682][  0]LogMaterial: Uniform references updated for custom material expression Custom.
[2016.06.23-12.15.04:769][  0]LogMeshUtilities: No automatic mesh reduction module available
[2016.06.23-12.15.04:769][  0]LogMeshUtilities: No automatic mesh merging module available
[2016.06.23-12.15.04:769][  0]LogMeshUtilities: No distributed automatic mesh merging module available
[2016.06.23-12.15.04:925][  0]LogUObjectArray: 27679 objects as part of root set at end of initial load.
[2016.06.23-12.15.04:925][  0]LogUObjectAllocator: 5591600 out of 0 bytes used by permanent object pool.
[2016.06.23-12.15.04:925][  0]LogUObjectArray: CloseDisregardForGC: 0/0 objects in disregard for GC pool
[2016.06.23-12.15.04:929][  0]LogInit: WinSock: version 1.1 (2.2), MaxSocks=32767, MaxUdp=65467
[2016.06.23-12.15.04:983][  0]LogSlate: SlateFontCache - WITH_FREETYPE: 1, WITH_HARFBUZZ: 1
[2016.06.23-12.15.04:983][  0]LogSlate: SlateFontCache - WITH_FREETYPE: 1, WITH_HARFBUZZ: 1
[2016.06.23-12.15.05:049][  0]LogStreaming:Warning: Failed to read file '../../../Engine/Content/Editor/Slate/Common/Selection_16x.png' error.
[2016.06.23-12.15.05:049][  0]LogSlate: Could not find file for Slate resource: ../../../Engine/Content/Editor/Slate/Common/Selection_16x.png
[2016.06.23-12.15.05:049][  0]LogStreaming:Warning: Failed to read file '../../../Engine/Content/Editor/Slate/Common/Selection_16x.png' error.
[2016.06.23-12.15.05:049][  0]LogSlate: Could not find file for Slate resource: ../../../Engine/Content/Editor/Slate/Common/Selection_16x.png
[2016.06.23-12.15.05:049][  0]LogStreaming:Warning: Failed to read file '../../../Engine/Content/Editor/Slate/Common/Selection_16x.png' error.
[2016.06.23-12.15.05:049][  0]LogSlate: Could not find file for Slate resource: ../../../Engine/Content/Editor/Slate/Common/Selection_16x.png
[2016.06.23-12.15.05:428][  0]LogSubstanceCoreModule: Substance CPU Engine Loaded, Max Texture Size 2048
[2016.06.23-12.15.05:433][  0]LogUdpMessaging: Initializing bridge on interface 0.0.0.0:0 to multicast group 230.0.0.1:6666.
[2016.06.23-12.15.05:524][  0]LogAssetRegistry: FAssetRegistry took 0.0212 seconds to start up
[2016.06.23-12.15.05:618][  0]SourceControl: Info Source control is disabled
[2016.06.23-12.15.05:640][  0]SourceControl: Info Source control is disabled
[2016.06.23-12.15.05:645][  0]SourceControl: Info Source control is disabled
[2016.06.23-12.15.05:649][  0]SourceControl: Info Source control is disabled
[2016.06.23-12.15.05:784][  0]LogEngine: Initializing Engine...
[2016.06.23-12.15.05:784][  0]LogHMD: Oculus plugin initialized. Version: 4.11.2-2946394+++UE4+Release-4.11, LibOVR: 1.4.0, SDK: 1.3.0, built Apr 18 2016, 02:19:44
[2016.06.23-12.15.05:884][  0]OCULUS: Debug: [HMDState] Using default profile default
[2016.06.23-12.15.05:884][  0]OCULUS: Info: IAD changed to 64.0mm
[2016.06.23-12.15.05:892][  0]LogAIModule: Creating AISystem for world NewWorld
[2016.06.23-12.15.05:902][  0]LogInit: XAudio2 using 'Headphones (Rift Audio)' : 2 channels at 48 kHz using 16 bits per sample (channel mask 0x3)
[2016.06.23-12.15.05:908][  0]LogInit: FAudioDevice initialized.
[2016.06.23-12.15.05:924][  0]LogDerivedDataCache: Saved boot cache 0.02s 46MB C:/Users/Admin/AppData/Local/UnrealEngine/4.11/DerivedDataCache/Boot.ddc.
[2016.06.23-12.15.05:928][  0]LogInit: Texture streaming: Enabled
[2016.06.23-12.15.05:943][  0]LogInit: Transaction tracking system initialized
[2016.06.23-12.15.05:956][  0]BlueprintLog: New page: Editor Load
[2016.06.23-12.15.06:000][  0]LocalizationService: Info Localization service is disabled
[2016.06.23-12.15.06:067][  0]LogConsoleResponse:Display: 
[2016.06.23-12.15.06:138][  0]LogCook:Display: Max memory allowance for cook 8192mb
[2016.06.23-12.15.06:138][  0]LogCook:Display: Mobile HDR setting 1
[2016.06.23-12.15.06:138][  0]LogCook:Display: Done creating registry. It took  0.00s.
[2016.06.23-12.15.06:166][  0]LogFileCache: Scanning file cache for directory 'D:/Admin/Documents/GitHub Repositories/Project_PlanetDefence/Project_PlanetDef/Content/' took 0.01s
[2016.06.23-12.15.06:167][  0]SourceControl: Info Source control is disabled
[2016.06.23-12.15.06:167][  0]Cmd: MAP LOAD FILE="../../../Engine/Content/Maps/Templates/Template_Default.umap" TEMPLATE=1 SHOWPROGRESS=1 FEATURELEVEL=3
[2016.06.23-12.15.06:167][  0]LightingResults: New page: Lighting Build
[2016.06.23-12.15.06:169][  0]MapCheck: New page: Map Check
[2016.06.23-12.15.06:169][  0]LightingResults: New page: Lighting Build
[2016.06.23-12.15.06:351][  0]LogAIModule: Creating AISystem for world Untitled_1
[2016.06.23-12.15.06:354][  0]LogEditorServer: Finished looking for orphan Actors (0.000 secs)
[2016.06.23-12.15.06:357][  0]Cmd: MAP CHECKDEP NOCLEARLOG
[2016.06.23-12.15.06:376][  0]MapCheck: Info Map check complete: 0 Error(s), 0 Warning(s), took 19.629ms to complete.
[2016.06.23-12.15.06:376][  0]LogFileHelpers: Loading map 'Template_Default' took 0.210
[2016.06.23-12.15.06:465][  0]LogCollectionManager: Loaded 0 collections in 0.001065 seconds
[2016.06.23-12.15.06:502][  0]LogFileCache: Scanning file cache for directory 'D:/Admin/Documents/GitHub Repositories/Project_PlanetDefence/Project_PlanetDef/Saved/Collections/' took 0.01s
[2016.06.23-12.15.06:502][  0]LogFileCache: Scanning file cache for directory 'D:/Admin/Documents/GitHub Repositories/Project_PlanetDefence/Project_PlanetDef/Content/Developers/StefanoAdmin/Collections/' took 0.01s
[2016.06.23-12.15.06:502][  0]LogFileCache: Scanning file cache for directory 'D:/Admin/Documents/GitHub Repositories/Project_PlanetDefence/Project_PlanetDef/Content/Collections/' took 0.01s
[2016.06.23-12.15.06:502][  0]LogCollectionManager: Rebuilt the GUID cache for 0 collections in 0.000002 seconds
[2016.06.23-12.15.06:507][  0]LogContentBrowser: Native class hierarchy populated in 0.0054 seconds. Added 1994 classes and 349 folders.
[2016.06.23-12.15.06:510][  0]LogStats: UGameplayTagsManager::ConstructGameplayTagTree: Construct from data asset -  0.000 s
[2016.06.23-12.15.06:510][  0]LogStats: UGameplayTagsManager::ConstructGameplayTagTree: GameplayTagTreeChangedEvent.Broadcast -  0.000 s
[2016.06.23-12.15.06:510][  0]LogContentBrowser: Native class hierarchy updated for 'GameplayTags' in 0.0003 seconds. Added 12 classes and 0 folders.
[2016.06.23-12.15.06:513][  0]LogContentBrowser: Native class hierarchy updated for 'WidgetCarousel' in 0.0002 seconds. Added 0 classes and 0 folders.
[2016.06.23-12.15.06:517][  0]LogContentBrowser: Native class hierarchy updated for 'SuperSearch' in 0.0003 seconds. Added 1 classes and 2 folders.
[2016.06.23-12.15.06:538][  0]LogContentBrowser: Native class hierarchy updated for 'AddContentDialog' in 0.0002 seconds. Added 0 classes and 0 folders.
[2016.06.23-12.15.06:541][  0]LogContentBrowser: Native class hierarchy updated for 'SceneOutliner' in 0.0002 seconds. Added 1 classes and 2 folders.
[2016.06.23-12.15.06:556][  0]LogCrashTracker: Crashtracker disabled due to settings.
[2016.06.23-12.15.06:559][  0]LogUObjectGlobals:Warning: Failed to find object 'Class None.'
[2016.06.23-12.15.06:583][  0]LogContentBrowser: Native class hierarchy updated for 'HierarchicalLODOutliner' in 0.0003 seconds. Added 1 classes and 2 folders.
[2016.06.23-12.15.06:583][  0]LogLoad: Full Startup: 4.04 seconds (BP compile: 0.03 seconds)
[2016.06.23-12.15.06:583][  0]LogExternalProfiler: Found external profiler: VSPerf
[2016.06.23-12.15.06:583][  0]LogExternalProfiler: Using external profiler: VSPerf
[2016.06.23-12.15.06:592][  0]LogWindowsTextInputMethodSystem:Display: IME system now deactivated.
[2016.06.23-12.15.06:592][  0]LogOcInput: OculusInput pre-init called
[2016.06.23-12.15.06:599][  0]LogOcInput: OculusInput is initialized. Init status 0. Runtime version: 1.4.0
[2016.06.23-12.15.06:611][  0]LogAssetRegistry: Asset discovery search completed in 1.1082 seconds
[2016.06.23-12.15.06:611][  0]LogCollectionManager: Rebuilt the object cache for 0 collections in 0.000001 seconds (found 0 objects)
[2016.06.23-12.15.06:611][  0]LogCollectionManager: Fixed up redirectors for 0 collections in 0.000015 seconds (updated 0 objects)
[2016.06.23-12.15.06:627][  0]LogContentStreaming: Texture pool size now 1000 MB
[2016.06.23-12.15.06:737][  0]LogRenderer: Reallocating scene render targets to support 1208x576 (Frame:2).
[2016.06.23-12.15.09:122][128]LogAIModule: Creating AISystem for world FirstLevel
[2016.06.23-12.15.09:172][128]Cmd: MAP LOAD FILE="../../../../../../Admin/Documents/GitHub Repositories/Project_PlanetDefence/Project_PlanetDef/Content/Maps/FirstLevel.umap" TEMPLATE=0 SHOWPROGRESS=1 FEATURELEVEL=3
[2016.06.23-12.15.09:173][128]LightingResults: New page: Lighting Build
[2016.06.23-12.15.09:187][128]LoadErrors: New page: Loading map: FirstLevel.umap
[2016.06.23-12.15.09:187][128]MapCheck: New page: Map Check
[2016.06.23-12.15.09:187][128]LightingResults: New page: Lighting Build
[2016.06.23-12.15.09:196][128]LogEditorServer: Finished looking for orphan Actors (0.000 secs)
[2016.06.23-12.15.09:217][128]Cmd: MAP CHECKDEP NOCLEARLOG
[2016.06.23-12.15.09:239][128]MapCheck: Info Map check complete: 0 Error(s), 0 Warning(s), took 21.611ms to complete.
[2016.06.23-12.15.09:239][128]LogFileHelpers: Loading map 'FirstLevel' took 0.067
[2016.06.23-12.15.10:738][176]LogContentBrowser: Native class hierarchy updated for 'BlueprintGraph' in 0.0005 seconds. Added 108 classes and 0 folders.
[2016.06.23-12.15.53:418][852]BlueprintLog: New page: Compile Projectile1
[2016.06.23-12.15.53:492][852]BlueprintEditorCompileResults: Info [0050.95] Compile of Projectile1 successful! [in 73 ms]
[2016.06.23-12.16.08:969][ 14]BlueprintLog: New page: Compile Projectile1
[2016.06.23-12.16.09:034][ 14]BlueprintEditorCompileResults: Info [0066.49] Compile of Projectile1 successful! [in 65 ms]
[2016.06.23-12.16.09:519][ 35]Cmd: OBJ SAVEPACKAGE PACKAGE="/Game/Projectile1" FILE="../../../../../../Admin/Documents/GitHub Repositories/Project_PlanetDefence/Project_PlanetDef/Content/Projectile1.uasset" SILENT=true
[2016.06.23-12.16.09:543][ 35]LogSavePackage: Save=22.71ms
[2016.06.23-12.16.09:544][ 35]LogSavePackage: Moving '../../../../../../Admin/Documents/GitHub Repositories/Project_PlanetDefence/Project_PlanetDef/Saved/Projectile117F059A1441E9F640034CBA537773280.tmp' to '../../../../../../Admin/Documents/GitHub Repositories/Project_PlanetDefence/Project_PlanetDef/Content/Projectile1.uasset'
[2016.06.23-12.16.09:545][ 35]LogSavePackage: Total save time: 25.20ms
[2016.06.23-12.16.09:545][ 35]LogSavePackage:Display: Finished SavePackage ../../../../../../Admin/Documents/GitHub Repositories/Project_PlanetDefence/Project_PlanetDef/Content/Projectile1.uasset
[2016.06.23-12.16.10:352][ 65]LogBlueprintUserMessages: Early PlayInEditor Detection: Level '/Game/Maps/FirstLevel.FirstLevel:PersistentLevel' has LevelScriptBlueprint '/Game/Maps/FirstLevel.FirstLevel:PersistentLevel.FirstLevel' with GeneratedClass '/Game/Maps/FirstLevel.FirstLevel_C' with ClassGeneratedBy '/Game/Maps/FirstLevel.FirstLevel:PersistentLevel.FirstLevel'
[2016.06.23-12.16.10:352][ 65]LogPlayLevel: PlayLevel: No blueprints needed recompiling
[2016.06.23-12.16.10:353][ 65]OCULUS: Debug: [HMDState] Using default profile default
[2016.06.23-12.16.10:353][ 65]OCULUS: Info: IAD changed to 64.0mm
[2016.06.23-12.16.10:353][ 65]LogHMD: New ovr session is created
[2016.06.23-12.16.10:353][ 65]LogHMD: HMD Oculus Rift CV1, res = 2160 x 1200
[2016.06.23-12.16.10:353][ 65]LogApp: UseVRFocus has changed to 1
[2016.06.23-12.16.10:353][ 65]LogApp: HasVRFocus has changed to 1
[2016.06.23-12.16.10:353][ 65]PIE: New page: PIE session: FirstLevel (24 Jun 2016 8:16:10 am)
[2016.06.23-12.16.10:353][ 65]LogPlayLevel: Creating play world package: /Game/Maps/UEDPIE_0_FirstLevel
[2016.06.23-12.16.10:356][ 65]LogPlayLevel: PIE: StaticDuplicateObject took: (0.002619s)
[2016.06.23-12.16.10:357][ 65]LogAIModule: Creating AISystem for world FirstLevel
[2016.06.23-12.16.10:357][ 65]LogPlayLevel: PIE: World Init took: (0.000590s)
[2016.06.23-12.16.10:357][ 65]LogPlayLevel: PIE: Created PIE world by copying editor world from /Game/Maps/FirstLevel.FirstLevel to /Game/Maps/UEDPIE_0_FirstLevel.FirstLevel (0.003355s)
[2016.06.23-12.16.10:378][ 65]LogInit: XAudio2 using 'Headphones (Rift Audio)' : 2 channels at 48 kHz using 16 bits per sample (channel mask 0x3)
[2016.06.23-12.16.10:383][ 65]LogInit: FAudioDevice initialized.
[2016.06.23-12.16.10:427][ 65]LogWorld: Game class is 'GameMode'
[2016.06.23-12.16.10:429][ 65]LogWorld: Bringing World /Game/Maps/UEDPIE_0_FirstLevel.FirstLevel up for play (max tick rate 0) at 2016.06.23-22.16.10
[2016.06.23-12.16.10:429][ 65]LogWorld: Bringing up level for play took: 0.001393
[2016.06.23-12.16.10:432][ 65]LogContentBrowser: Native class hierarchy updated for 'MovieSceneCapture' in 0.0003 seconds. Added 9 classes and 0 folders.
[2016.06.23-12.16.10:440][ 65]PIE: Info Play in editor start time for /Game/Maps/UEDPIE_0_FirstLevel -0.685
[2016.06.23-12.16.10:440][ 65]LogBlueprintUserMessages: Late PlayInEditor Detection: Level '/Game/Maps/FirstLevel.FirstLevel:PersistentLevel' has LevelScriptBlueprint '/Game/Maps/FirstLevel.FirstLevel:PersistentLevel.FirstLevel' with GeneratedClass '/Game/Maps/FirstLevel.FirstLevel_C' with ClassGeneratedBy '/Game/Maps/FirstLevel.FirstLevel:PersistentLevel.FirstLevel'
[2016.06.23-12.16.10:440][ 65]LogApp: UseVRFocus has changed to 0
[2016.06.23-12.16.10:440][ 65]LogApp: HasVRFocus has changed to 0
[2016.06.23-12.16.10:453][ 66]LogRenderer: Reallocating scene render targets to support 1280x720 (Frame:197).
[2016.06.23-12.16.15:896][228]LogBlueprintUserMessages: Early EndPlayMap Detection: Level '/Game/Maps/FirstLevel.FirstLevel:PersistentLevel' has LevelScriptBlueprint '/Game/Maps/FirstLevel.FirstLevel:PersistentLevel.FirstLevel' with GeneratedClass '/Game/Maps/FirstLevel.FirstLevel_C' with ClassGeneratedBy '/Game/Maps/FirstLevel.FirstLevel:PersistentLevel.FirstLevel'
[2016.06.23-12.16.15:928][228]LogHMD: Destroying ovr session
[2016.06.23-12.16.15:990][228]LogBlueprintUserMessages: Late EndPlayMap Detection: Level '/Game/Maps/FirstLevel.FirstLevel:PersistentLevel' has LevelScriptBlueprint '/Game/Maps/FirstLevel.FirstLevel:PersistentLevel.FirstLevel' with GeneratedClass '/Game/Maps/FirstLevel.FirstLevel_C' with ClassGeneratedBy '/Game/Maps/FirstLevel.FirstLevel:PersistentLevel.FirstLevel'
[2016.06.23-12.16.19:496][454]Cmd: OBJ SAVEPACKAGE PACKAGE="/Game/Projectile1" FILE="../../../../../../Admin/Documents/GitHub Repositories/Project_PlanetDefence/Project_PlanetDef/Content/Projectile1.uasset" SILENT=true
[2016.06.23-12.16.19:515][454]LogSavePackage: Save=16.93ms
[2016.06.23-12.16.19:515][454]LogSavePackage: Moving '../../../../../../Admin/Documents/GitHub Repositories/Project_PlanetDefence/Project_PlanetDef/Saved/Projectile1A58CDA44423C07C3EF4A748AB2994252.tmp' to '../../../../../../Admin/Documents/GitHub Repositories/Project_PlanetDefence/Project_PlanetDef/Content/Projectile1.uasset'
[2016.06.23-12.16.19:515][454]LogSavePackage: Total save time: 18.66ms
[2016.06.23-12.16.19:515][454]LogSavePackage:Display: Finished SavePackage ../../../../../../Admin/Documents/GitHub Repositories/Project_PlanetDefence/Project_PlanetDef/Content/Projectile1.uasset
[2016.06.23-12.16.23:745][750]LogBlueprintUserMessages: Early PlayInEditor Detection: Level '/Game/Maps/FirstLevel.FirstLevel:PersistentLevel' has LevelScriptBlueprint '/Game/Maps/FirstLevel.FirstLevel:PersistentLevel.FirstLevel' with GeneratedClass '/Game/Maps/FirstLevel.FirstLevel_C' with ClassGeneratedBy '/Game/Maps/FirstLevel.FirstLevel:PersistentLevel.FirstLevel'
[2016.06.23-12.16.23:745][750]LogPlayLevel: PlayLevel: No blueprints needed recompiling
[2016.06.23-12.16.23:746][750]OCULUS: Debug: [HMDState] Using default profile default
[2016.06.23-12.16.23:746][750]OCULUS: Info: IAD changed to 64.0mm
[2016.06.23-12.16.23:746][750]LogHMD: New ovr session is created
[2016.06.23-12.16.23:750][750]LogHMD: HMD Oculus Rift CV1, res = 2160 x 1200
[2016.06.23-12.16.23:750][750]LogApp: UseVRFocus has changed to 1
[2016.06.23-12.16.23:750][750]LogApp: HasVRFocus has changed to 1
[2016.06.23-12.16.23:750][750]PIE: New page: PIE session: FirstLevel (24 Jun 2016 8:16:23 am)
[2016.06.23-12.16.23:751][750]LogPlayLevel: Creating play world package: /Game/Maps/UEDPIE_0_FirstLevel
[2016.06.23-12.16.23:753][750]LogPlayLevel: PIE: StaticDuplicateObject took: (0.002904s)
[2016.06.23-12.16.23:754][750]LogAIModule: Creating AISystem for world FirstLevel
[2016.06.23-12.16.23:754][750]LogPlayLevel: PIE: World Init took: (0.000547s)
[2016.06.23-12.16.23:754][750]LogPlayLevel: PIE: Created PIE world by copying editor world from /Game/Maps/FirstLevel.FirstLevel to /Game/Maps/UEDPIE_0_FirstLevel.FirstLevel (0.003612s)
[2016.06.23-12.16.23:775][750]LogInit: XAudio2 using 'Headphones (Rift Audio)' : 2 channels at 48 kHz using 16 bits per sample (channel mask 0x3)
[2016.06.23-12.16.23:780][750]LogInit: FAudioDevice initialized.
[2016.06.23-12.16.23:809][750]LogWorld: Game class is 'GameMode'
[2016.06.23-12.16.23:811][750]LogWorld: Bringing World /Game/Maps/UEDPIE_0_FirstLevel.FirstLevel up for play (max tick rate 0) at 2016.06.23-22.16.23
[2016.06.23-12.16.23:811][750]LogWorld: Bringing up level for play took: 0.001302
[2016.06.23-12.16.23:812][750]PIE: Info Play in editor start time for /Game/Maps/UEDPIE_0_FirstLevel 0.687
[2016.06.23-12.16.23:812][750]LogBlueprintUserMessages: Late PlayInEditor Detection: Level '/Game/Maps/FirstLevel.FirstLevel:PersistentLevel' has LevelScriptBlueprint '/Game/Maps/FirstLevel.FirstLevel:PersistentLevel.FirstLevel' with GeneratedClass '/Game/Maps/FirstLevel.FirstLevel_C' with ClassGeneratedBy '/Game/Maps/FirstLevel.FirstLevel:PersistentLevel.FirstLevel'
[2016.06.23-12.16.23:812][750]LogApp: UseVRFocus has changed to 0
[2016.06.23-12.16.23:812][750]LogApp: HasVRFocus has changed to 0
[2016.06.23-12.16.26:231][ 39]LogBlueprintUserMessages: Early EndPlayMap Detection: Level '/Game/Maps/FirstLevel.FirstLevel:PersistentLevel' has LevelScriptBlueprint '/Game/Maps/FirstLevel.FirstLevel:PersistentLevel.FirstLevel' with GeneratedClass '/Game/Maps/FirstLevel.FirstLevel_C' with ClassGeneratedBy '/Game/Maps/FirstLevel.FirstLevel:PersistentLevel.FirstLevel'
[2016.06.23-12.16.26:231][ 39]LogHMD: Destroying ovr session
[2016.06.23-12.16.26:272][ 39]LogBlueprintUserMessages: Late EndPlayMap Detection: Level '/Game/Maps/FirstLevel.FirstLevel:PersistentLevel' has LevelScriptBlueprint '/Game/Maps/FirstLevel.FirstLevel:PersistentLevel.FirstLevel' with GeneratedClass '/Game/Maps/FirstLevel.FirstLevel_C' with ClassGeneratedBy '/Game/Maps/FirstLevel.FirstLevel:PersistentLevel.FirstLevel'
[2016.06.23-12.16.40:784][284]BlueprintLog: New page: Compile Projectile1
[2016.06.23-12.16.40:887][284]BlueprintEditorCompileResults: Info [0098.35] Compile of Projectile1 successful! [in 103 ms]
[2016.06.23-12.16.41:463][320]LogBlueprintUserMessages: Early PlayInEditor Detection: Level '/Game/Maps/FirstLevel.FirstLevel:PersistentLevel' has LevelScriptBlueprint '/Game/Maps/FirstLevel.FirstLevel:PersistentLevel.FirstLevel' with GeneratedClass '/Game/Maps/FirstLevel.FirstLevel_C' with ClassGeneratedBy '/Game/Maps/FirstLevel.FirstLevel:PersistentLevel.FirstLevel'
[2016.06.23-12.16.41:463][320]LogPlayLevel: PlayLevel: No blueprints needed recompiling
[2016.06.23-12.16.41:463][320]OCULUS: Debug: [HMDState] Using default profile default
[2016.06.23-12.16.41:463][320]OCULUS: Info: IAD changed to 64.0mm
[2016.06.23-12.16.41:463][320]LogHMD: New ovr session is created
[2016.06.23-12.16.41:463][320]LogHMD: HMD Oculus Rift CV1, res = 2160 x 1200
[2016.06.23-12.16.41:463][320]LogApp: UseVRFocus has changed to 1
[2016.06.23-12.16.41:463][320]LogApp: HasVRFocus has changed to 1
[2016.06.23-12.16.41:464][320]PIE: New page: PIE session: FirstLevel (24 Jun 2016 8:16:41 am)
[2016.06.23-12.16.41:464][320]LogPlayLevel: Creating play world package: /Game/Maps/UEDPIE_0_FirstLevel
[2016.06.23-12.16.41:466][320]LogPlayLevel: PIE: StaticDuplicateObject took: (0.002488s)
[2016.06.23-12.16.41:467][320]LogAIModule: Creating AISystem for world FirstLevel
[2016.06.23-12.16.41:467][320]LogPlayLevel: PIE: World Init took: (0.000462s)
[2016.06.23-12.16.41:467][320]LogPlayLevel: PIE: Created PIE world by copying editor world from /Game/Maps/FirstLevel.FirstLevel to /Game/Maps/UEDPIE_0_FirstLevel.FirstLevel (0.003107s)
[2016.06.23-12.16.41:487][320]LogInit: XAudio2 using 'Headphones (Rift Audio)' : 2 channels at 48 kHz using 16 bits per sample (channel mask 0x3)
[2016.06.23-12.16.41:492][320]LogInit: FAudioDevice initialized.
[2016.06.23-12.16.41:525][320]LogWorld: Game class is 'GameMode'
[2016.06.23-12.16.41:527][320]LogWorld: Bringing World /Game/Maps/UEDPIE_0_FirstLevel.FirstLevel up for play (max tick rate 0) at 2016.06.23-22.16.41
[2016.06.23-12.16.41:527][320]LogWorld: Bringing up level for play took: 0.001412
[2016.06.23-12.16.41:531][320]PIE: Info Play in editor start time for /Game/Maps/UEDPIE_0_FirstLevel 0.406
[2016.06.23-12.16.41:531][320]LogBlueprintUserMessages: Late PlayInEditor Detection: Level '/Game/Maps/FirstLevel.FirstLevel:PersistentLevel' has LevelScriptBlueprint '/Game/Maps/FirstLevel.FirstLevel:PersistentLevel.FirstLevel' with GeneratedClass '/Game/Maps/FirstLevel.FirstLevel_C' with ClassGeneratedBy '/Game/Maps/FirstLevel.FirstLevel:PersistentLevel.FirstLevel'
[2016.06.23-12.16.41:531][320]LogApp: UseVRFocus has changed to 0
[2016.06.23-12.16.41:531][320]LogApp: HasVRFocus has changed to 0
[2016.06.23-12.16.46:438][542]LogBlueprintUserMessages: Early EndPlayMap Detection: Level '/Game/Maps/FirstLevel.FirstLevel:PersistentLevel' has LevelScriptBlueprint '/Game/Maps/FirstLevel.FirstLevel:PersistentLevel.FirstLevel' with GeneratedClass '/Game/Maps/FirstLevel.FirstLevel_C' with ClassGeneratedBy '/Game/Maps/FirstLevel.FirstLevel:PersistentLevel.FirstLevel'
[2016.06.23-12.16.46:459][542]LogHMD: Destroying ovr session
[2016.06.23-12.16.46:512][542]LogBlueprintUserMessages: Late EndPlayMap Detection: Level '/Game/Maps/FirstLevel.FirstLevel:PersistentLevel' has LevelScriptBlueprint '/Game/Maps/FirstLevel.FirstLevel:PersistentLevel.FirstLevel' with GeneratedClass '/Game/Maps/FirstLevel.FirstLevel_C' with ClassGeneratedBy '/Game/Maps/FirstLevel.FirstLevel:PersistentLevel.FirstLevel'
[2016.06.23-12.16.53:414][163]LogBlueprintUserMessages: Early PlayInEditor Detection: Level '/Game/Maps/FirstLevel.FirstLevel:PersistentLevel' has LevelScriptBlueprint '/Game/Maps/FirstLevel.FirstLevel:PersistentLevel.FirstLevel' with GeneratedClass '/Game/Maps/FirstLevel.FirstLevel_C' with ClassGeneratedBy '/Game/Maps/FirstLevel.FirstLevel:PersistentLevel.FirstLevel'
[2016.06.23-12.16.53:414][163]BlueprintLog: New page: Pre-Play auto-recompile
[2016.06.23-12.16.53:417][163]LogPlayLevel: [PlayLevel] Compiling Projectile1 before play...
[2016.06.23-12.16.53:465][163]LogPlayLevel: PlayLevel: Blueprint regeneration took 50 ms (2 blueprints)
[2016.06.23-12.16.53:467][163]LogPlayLevel: [PlayLevel] Compiling LeftTurret before play...
[2016.06.23-12.16.53:518][163]LogPlayLevel: PlayLevel: Blueprint regeneration took 104 ms (2 blueprints)
[2016.06.23-12.16.53:532][163]OCULUS: Debug: [HMDState] Using default profile default
[2016.06.23-12.16.53:532][163]OCULUS: Info: IAD changed to 64.0mm
[2016.06.23-12.16.53:532][163]LogHMD: New ovr session is created
[2016.06.23-12.16.53:532][163]LogHMD: HMD Oculus Rift CV1, res = 2160 x 1200
[2016.06.23-12.16.53:532][163]LogApp: UseVRFocus has changed to 1
[2016.06.23-12.16.53:532][163]LogApp: HasVRFocus has changed to 1
[2016.06.23-12.16.53:532][163]PIE: New page: PIE session: FirstLevel (24 Jun 2016 8:16:53 am)
[2016.06.23-12.16.53:532][163]LogPlayLevel: Creating play world package: /Game/Maps/UEDPIE_0_FirstLevel
[2016.06.23-12.16.53:535][163]LogPlayLevel: PIE: StaticDuplicateObject took: (0.002654s)
[2016.06.23-12.16.53:535][163]LogAIModule: Creating AISystem for world FirstLevel
[2016.06.23-12.16.53:535][163]LogPlayLevel: PIE: World Init took: (0.000561s)
[2016.06.23-12.16.53:535][163]LogPlayLevel: PIE: Created PIE world by copying editor world from /Game/Maps/FirstLevel.FirstLevel to /Game/Maps/UEDPIE_0_FirstLevel.FirstLevel (0.003381s)
[2016.06.23-12.16.53:555][163]LogInit: XAudio2 using 'Headphones (Rift Audio)' : 2 channels at 48 kHz using 16 bits per sample (channel mask 0x3)
[2016.06.23-12.16.53:560][163]LogInit: FAudioDevice initialized.
[2016.06.23-12.16.53:591][163]LogWorld: Game class is 'GameMode'
[2016.06.23-12.16.53:592][163]LogWorld: Bringing World /Game/Maps/UEDPIE_0_FirstLevel.FirstLevel up for play (max tick rate 0) at 2016.06.23-22.16.53
[2016.06.23-12.16.53:593][163]LogWorld: Bringing up level for play took: 0.001571
[2016.06.23-12.16.53:596][163]PIE: Info Play in editor start time for /Game/Maps/UEDPIE_0_FirstLevel 0.471
[2016.06.23-12.16.53:596][163]LogBlueprintUserMessages: Late PlayInEditor Detection: Level '/Game/Maps/FirstLevel.FirstLevel:PersistentLevel' has LevelScriptBlueprint '/Game/Maps/FirstLevel.FirstLevel:PersistentLevel.FirstLevel' with GeneratedClass '/Game/Maps/FirstLevel.FirstLevel_C' with ClassGeneratedBy '/Game/Maps/FirstLevel.FirstLevel:PersistentLevel.FirstLevel'
[2016.06.23-12.16.53:596][163]LogApp: UseVRFocus has changed to 0
[2016.06.23-12.16.53:596][163]LogApp: HasVRFocus has changed to 0
[2016.06.23-12.17.02:110][543]LogBlueprintUserMessages: Early EndPlayMap Detection: Level '/Game/Maps/FirstLevel.FirstLevel:PersistentLevel' has LevelScriptBlueprint '/Game/Maps/FirstLevel.FirstLevel:PersistentLevel.FirstLevel' with GeneratedClass '/Game/Maps/FirstLevel.FirstLevel_C' with ClassGeneratedBy '/Game/Maps/FirstLevel.FirstLevel:PersistentLevel.FirstLevel'
[2016.06.23-12.17.02:132][543]LogHMD: Destroying ovr session
[2016.06.23-12.17.02:184][543]LogBlueprintUserMessages: Late EndPlayMap Detection: Level '/Game/Maps/FirstLevel.FirstLevel:PersistentLevel' has LevelScriptBlueprint '/Game/Maps/FirstLevel.FirstLevel:PersistentLevel.FirstLevel' with GeneratedClass '/Game/Maps/FirstLevel.FirstLevel_C' with ClassGeneratedBy '/Game/Maps/FirstLevel.FirstLevel:PersistentLevel.FirstLevel'
[2016.06.23-12.17.13:475][598]LogBlueprintUserMessages: Early PlayInEditor Detection: Level '/Game/Maps/FirstLevel.FirstLevel:PersistentLevel' has LevelScriptBlueprint '/Game/Maps/FirstLevel.FirstLevel:PersistentLevel.FirstLevel' with GeneratedClass '/Game/Maps/FirstLevel.FirstLevel_C' with ClassGeneratedBy '/Game/Maps/FirstLevel.FirstLevel:PersistentLevel.FirstLevel'
[2016.06.23-12.17.13:475][598]BlueprintLog: New page: Pre-Play auto-recompile
[2016.06.23-12.17.13:478][598]LogPlayLevel: [PlayLevel] Compiling Projectile1 before play...
[2016.06.23-12.17.13:526][598]LogPlayLevel: PlayLevel: Blueprint regeneration took 51 ms (2 blueprints)
[2016.06.23-12.17.13:529][598]LogPlayLevel: [PlayLevel] Compiling LeftTurret before play...
[2016.06.23-12.17.13:580][598]LogPlayLevel: PlayLevel: Blueprint regeneration took 104 ms (2 blueprints)
[2016.06.23-12.17.13:593][598]OCULUS: Debug: [HMDState] Using default profile default
[2016.06.23-12.17.13:594][598]OCULUS: Info: IAD changed to 64.0mm
[2016.06.23-12.17.13:594][598]LogHMD: New ovr session is created
[2016.06.23-12.17.13:594][598]LogHMD: HMD Oculus Rift CV1, res = 2160 x 1200
[2016.06.23-12.17.13:594][598]LogApp: UseVRFocus has changed to 1
[2016.06.23-12.17.13:594][598]LogApp: HasVRFocus has changed to 1
[2016.06.23-12.17.13:594][598]PIE: New page: PIE session: FirstLevel (24 Jun 2016 8:17:13 am)
[2016.06.23-12.17.13:594][598]LogPlayLevel: Creating play world package: /Game/Maps/UEDPIE_0_FirstLevel
[2016.06.23-12.17.13:596][598]LogPlayLevel: PIE: StaticDuplicateObject took: (0.002485s)
[2016.06.23-12.17.13:597][598]LogAIModule: Creating AISystem for world FirstLevel
[2016.06.23-12.17.13:597][598]LogPlayLevel: PIE: World Init took: (0.000506s)
[2016.06.23-12.17.13:597][598]LogPlayLevel: PIE: Created PIE world by copying editor world from /Game/Maps/FirstLevel.FirstLevel to /Game/Maps/UEDPIE_0_FirstLevel.FirstLevel (0.003147s)
[2016.06.23-12.17.13:616][598]LogInit: XAudio2 using 'Headphones (Rift Audio)' : 2 channels at 48 kHz using 16 bits per sample (channel mask 0x3)
[2016.06.23-12.17.13:621][598]LogInit: FAudioDevice initialized.
[2016.06.23-12.17.13:650][598]LogWorld: Game class is 'GameMode'
[2016.06.23-12.17.13:652][598]LogWorld: Bringing World /Game/Maps/UEDPIE_0_FirstLevel.FirstLevel up for play (max tick rate 0) at 2016.06.23-22.17.13
[2016.06.23-12.17.13:652][598]LogWorld: Bringing up level for play took: 0.001411
[2016.06.23-12.17.13:655][598]PIE: Info Play in editor start time for /Game/Maps/UEDPIE_0_FirstLevel 0.53
[2016.06.23-12.17.13:655][598]LogBlueprintUserMessages: Late PlayInEditor Detection: Level '/Game/Maps/FirstLevel.FirstLevel:PersistentLevel' has LevelScriptBlueprint '/Game/Maps/FirstLevel.FirstLevel:PersistentLevel.FirstLevel' with GeneratedClass '/Game/Maps/FirstLevel.FirstLevel_C' with ClassGeneratedBy '/Game/Maps/FirstLevel.FirstLevel:PersistentLevel.FirstLevel'
[2016.06.23-12.17.13:655][598]LogApp: UseVRFocus has changed to 0
[2016.06.23-12.17.13:655][598]LogApp: HasVRFocus has changed to 0
[2016.06.23-12.17.19:574][865]LogBlueprintUserMessages: Early EndPlayMap Detection: Level '/Game/Maps/FirstLevel.FirstLevel:PersistentLevel' has LevelScriptBlueprint '/Game/Maps/FirstLevel.FirstLevel:PersistentLevel.FirstLevel' with GeneratedClass '/Game/Maps/FirstLevel.FirstLevel_C' with ClassGeneratedBy '/Game/Maps/FirstLevel.FirstLevel:PersistentLevel.FirstLevel'
[2016.06.23-12.17.19:595][865]LogHMD: Destroying ovr session
[2016.06.23-12.17.19:653][865]LogBlueprintUserMessages: Late EndPlayMap Detection: Level '/Game/Maps/FirstLevel.FirstLevel:PersistentLevel' has LevelScriptBlueprint '/Game/Maps/FirstLevel.FirstLevel:PersistentLevel.FirstLevel' with GeneratedClass '/Game/Maps/FirstLevel.FirstLevel_C' with ClassGeneratedBy '/Game/Maps/FirstLevel.FirstLevel:PersistentLevel.FirstLevel'
[2016.06.23-12.17.40:903][495]LogBlueprintUserMessages: Early PlayInEditor Detection: Level '/Game/Maps/FirstLevel.FirstLevel:PersistentLevel' has LevelScriptBlueprint '/Game/Maps/FirstLevel.FirstLevel:PersistentLevel.FirstLevel' with GeneratedClass '/Game/Maps/FirstLevel.FirstLevel_C' with ClassGeneratedBy '/Game/Maps/FirstLevel.FirstLevel:PersistentLevel.FirstLevel'
[2016.06.23-12.17.40:903][495]BlueprintLog: New page: Pre-Play auto-recompile
[2016.06.23-12.17.40:906][495]LogPlayLevel: [PlayLevel] Compiling Projectile1 before play...
[2016.06.23-12.17.40:954][495]LogPlayLevel: PlayLevel: Blueprint regeneration took 50 ms (2 blueprints)
[2016.06.23-12.17.40:956][495]LogPlayLevel: [PlayLevel] Compiling LeftTurret before play...
[2016.06.23-12.17.41:008][495]LogPlayLevel: PlayLevel: Blueprint regeneration took 105 ms (2 blueprints)
[2016.06.23-12.17.41:021][495]OCULUS: Debug: [HMDState] Using default profile default
[2016.06.23-12.17.41:021][495]OCULUS: Info: IAD changed to 64.0mm
[2016.06.23-12.17.41:021][495]LogHMD: New ovr session is created
[2016.06.23-12.17.41:021][495]LogHMD: HMD Oculus Rift CV1, res = 2160 x 1200
[2016.06.23-12.17.41:022][495]LogApp: UseVRFocus has changed to 1
[2016.06.23-12.17.41:022][495]LogApp: HasVRFocus has changed to 1
[2016.06.23-12.17.41:022][495]PIE: New page: PIE session: FirstLevel (24 Jun 2016 8:17:41 am)
[2016.06.23-12.17.41:022][495]LogPlayLevel: Creating play world package: /Game/Maps/UEDPIE_0_FirstLevel
[2016.06.23-12.17.41:024][495]LogPlayLevel: PIE: StaticDuplicateObject took: (0.002586s)
[2016.06.23-12.17.41:025][495]LogAIModule: Creating AISystem for world FirstLevel
[2016.06.23-12.17.41:025][495]LogPlayLevel: PIE: World Init took: (0.000496s)
[2016.06.23-12.17.41:025][495]LogPlayLevel: PIE: Created PIE world by copying editor world from /Game/Maps/FirstLevel.FirstLevel to /Game/Maps/UEDPIE_0_FirstLevel.FirstLevel (0.003233s)
[2016.06.23-12.17.41:044][495]LogInit: XAudio2 using 'Headphones (Rift Audio)' : 2 channels at 48 kHz using 16 bits per sample (channel mask 0x3)
[2016.06.23-12.17.41:049][495]LogInit: FAudioDevice initialized.
[2016.06.23-12.17.41:079][495]LogWorld: Game class is 'GameMode'
[2016.06.23-12.17.41:081][495]LogWorld: Bringing World /Game/Maps/UEDPIE_0_FirstLevel.FirstLevel up for play (max tick rate 0) at 2016.06.23-22.17.41
[2016.06.23-12.17.41:081][495]LogWorld: Bringing up level for play took: 0.001397
[2016.06.23-12.17.41:084][495]PIE: Info Play in editor start time for /Game/Maps/UEDPIE_0_FirstLevel -0.041
[2016.06.23-12.17.41:084][495]LogBlueprintUserMessages: Late PlayInEditor Detection: Level '/Game/Maps/FirstLevel.FirstLevel:PersistentLevel' has LevelScriptBlueprint '/Game/Maps/FirstLevel.FirstLevel:PersistentLevel.FirstLevel' with GeneratedClass '/Game/Maps/FirstLevel.FirstLevel_C' with ClassGeneratedBy '/Game/Maps/FirstLevel.FirstLevel:PersistentLevel.FirstLevel'
[2016.06.23-12.17.41:084][495]LogApp: UseVRFocus has changed to 0
[2016.06.23-12.17.41:084][495]LogApp: HasVRFocus has changed to 0
[2016.06.23-12.17.44:167][633]LogBlueprintUserMessages: Early EndPlayMap Detection: Level '/Game/Maps/FirstLevel.FirstLevel:PersistentLevel' has LevelScriptBlueprint '/Game/Maps/FirstLevel.FirstLevel:PersistentLevel.FirstLevel' with GeneratedClass '/Game/Maps/FirstLevel.FirstLevel_C' with ClassGeneratedBy '/Game/Maps/FirstLevel.FirstLevel:PersistentLevel.FirstLevel'
[2016.06.23-12.17.44:189][633]LogHMD: Destroying ovr session
[2016.06.23-12.17.44:254][633]LogBlueprintUserMessages: Late EndPlayMap Detection: Level '/Game/Maps/FirstLevel.FirstLevel:PersistentLevel' has LevelScriptBlueprint '/Game/Maps/FirstLevel.FirstLevel:PersistentLevel.FirstLevel' with GeneratedClass '/Game/Maps/FirstLevel.FirstLevel_C' with ClassGeneratedBy '/Game/Maps/FirstLevel.FirstLevel:PersistentLevel.FirstLevel'
[2016.06.23-12.17.53:760][493]LogBlueprintUserMessages: Early PlayInEditor Detection: Level '/Game/Maps/FirstLevel.FirstLevel:PersistentLevel' has LevelScriptBlueprint '/Game/Maps/FirstLevel.FirstLevel:PersistentLevel.FirstLevel' with GeneratedClass '/Game/Maps/FirstLevel.FirstLevel_C' with ClassGeneratedBy '/Game/Maps/FirstLevel.FirstLevel:PersistentLevel.FirstLevel'
[2016.06.23-12.17.53:760][493]BlueprintLog: New page: Pre-Play auto-recompile
[2016.06.23-12.17.53:764][493]LogPlayLevel: [PlayLevel] Compiling Projectile1 before play...
[2016.06.23-12.17.53:813][493]LogPlayLevel: PlayLevel: Blueprint regeneration took 52 ms (2 blueprints)
[2016.06.23-12.17.53:816][493]LogPlayLevel: [PlayLevel] Compiling LeftTurret before play...
[2016.06.23-12.17.53:868][493]LogPlayLevel: PlayLevel: Blueprint regeneration took 107 ms (2 blueprints)
[2016.06.23-12.17.53:881][493]OCULUS: Debug: [HMDState] Using default profile default
[2016.06.23-12.17.53:881][493]OCULUS: Info: IAD changed to 64.0mm
[2016.06.23-12.17.53:881][493]LogHMD: New ovr session is created
[2016.06.23-12.17.53:881][493]LogHMD: HMD Oculus Rift CV1, res = 2160 x 1200
[2016.06.23-12.17.53:882][493]LogApp: UseVRFocus has changed to 1
[2016.06.23-12.17.53:882][493]LogApp: HasVRFocus has changed to 1
[2016.06.23-12.17.53:882][493]PIE: New page: PIE session: FirstLevel (24 Jun 2016 8:17:53 am)
[2016.06.23-12.17.53:882][493]LogPlayLevel: Creating play world package: /Game/Maps/UEDPIE_0_FirstLevel
[2016.06.23-12.17.53:884][493]LogPlayLevel: PIE: StaticDuplicateObject took: (0.002700s)
[2016.06.23-12.17.53:885][493]LogAIModule: Creating AISystem for world FirstLevel
[2016.06.23-12.17.53:885][493]LogPlayLevel: PIE: World Init took: (0.000633s)
[2016.06.23-12.17.53:885][493]LogPlayLevel: PIE: Created PIE world by copying editor world from /Game/Maps/FirstLevel.FirstLevel to /Game/Maps/UEDPIE_0_FirstLevel.FirstLevel (0.003489s)
[2016.06.23-12.17.53:905][493]LogInit: XAudio2 using 'Headphones (Rift Audio)' : 2 channels at 48 kHz using 16 bits per sample (channel mask 0x3)
[2016.06.23-12.17.53:910][493]LogInit: FAudioDevice initialized.
[2016.06.23-12.17.53:941][493]LogWorld: Game class is 'GameMode'
[2016.06.23-12.17.53:943][493]LogWorld: Bringing World /Game/Maps/UEDPIE_0_FirstLevel.FirstLevel up for play (max tick rate 0) at 2016.06.23-22.17.53
[2016.06.23-12.17.53:944][493]LogWorld: Bringing up level for play took: 0.001389
[2016.06.23-12.17.53:946][493]PIE: Info Play in editor start time for /Game/Maps/UEDPIE_0_FirstLevel 0.821
[2016.06.23-12.17.53:946][493]LogBlueprintUserMessages: Late PlayInEditor Detection: Level '/Game/Maps/FirstLevel.FirstLevel:PersistentLevel' has LevelScriptBlueprint '/Game/Maps/FirstLevel.FirstLevel:PersistentLevel.FirstLevel' with GeneratedClass '/Game/Maps/FirstLevel.FirstLevel_C' with ClassGeneratedBy '/Game/Maps/FirstLevel.FirstLevel:PersistentLevel.FirstLevel'
[2016.06.23-12.17.53:946][493]LogApp: UseVRFocus has changed to 0
[2016.06.23-12.17.53:946][493]LogApp: HasVRFocus has changed to 0
[2016.06.23-12.17.56:086][588]LogBlueprintUserMessages: Early EndPlayMap Detection: Level '/Game/Maps/FirstLevel.FirstLevel:PersistentLevel' has LevelScriptBlueprint '/Game/Maps/FirstLevel.FirstLevel:PersistentLevel.FirstLevel' with GeneratedClass '/Game/Maps/FirstLevel.FirstLevel_C' with ClassGeneratedBy '/Game/Maps/FirstLevel.FirstLevel:PersistentLevel.FirstLevel'
[2016.06.23-12.17.56:108][588]LogHMD: Destroying ovr session
[2016.06.23-12.17.56:157][588]LogBlueprintUserMessages: Late EndPlayMap Detection: Level '/Game/Maps/FirstLevel.FirstLevel:PersistentLevel' has LevelScriptBlueprint '/Game/Maps/FirstLevel.FirstLevel:PersistentLevel.FirstLevel' with GeneratedClass '/Game/Maps/FirstLevel.FirstLevel_C' with ClassGeneratedBy '/Game/Maps/FirstLevel.FirstLevel:PersistentLevel.FirstLevel'
[2016.06.23-12.18.02:432][146]LogBlueprintUserMessages: Early PlayInEditor Detection: Level '/Game/Maps/FirstLevel.FirstLevel:PersistentLevel' has LevelScriptBlueprint '/Game/Maps/FirstLevel.FirstLevel:PersistentLevel.FirstLevel' with GeneratedClass '/Game/Maps/FirstLevel.FirstLevel_C' with ClassGeneratedBy '/Game/Maps/FirstLevel.FirstLevel:PersistentLevel.FirstLevel'
[2016.06.23-12.18.02:432][146]BlueprintLog: New page: Pre-Play auto-recompile
[2016.06.23-12.18.02:435][146]LogPlayLevel: [PlayLevel] Compiling Projectile1 before play...
[2016.06.23-12.18.02:483][146]LogPlayLevel: PlayLevel: Blueprint regeneration took 50 ms (2 blueprints)
[2016.06.23-12.18.02:486][146]LogPlayLevel: [PlayLevel] Compiling LeftTurret before play...
[2016.06.23-12.18.02:537][146]LogPlayLevel: PlayLevel: Blueprint regeneration took 105 ms (2 blueprints)
[2016.06.23-12.18.02:552][146]OCULUS: Debug: [HMDState] Using default profile default
[2016.06.23-12.18.02:552][146]OCULUS: Info: IAD changed to 64.0mm
[2016.06.23-12.18.02:552][146]LogHMD: New ovr session is created
[2016.06.23-12.18.02:552][146]LogHMD: HMD Oculus Rift CV1, res = 2160 x 1200
[2016.06.23-12.18.02:552][146]LogApp: UseVRFocus has changed to 1
[2016.06.23-12.18.02:552][146]LogApp: HasVRFocus has changed to 1
[2016.06.23-12.18.02:552][146]PIE: New page: PIE session: FirstLevel (24 Jun 2016 8:18:02 am)
[2016.06.23-12.18.02:552][146]LogPlayLevel: Creating play world package: /Game/Maps/UEDPIE_0_FirstLevel
[2016.06.23-12.18.02:555][146]LogPlayLevel: PIE: StaticDuplicateObject took: (0.002539s)
[2016.06.23-12.18.02:555][146]LogAIModule: Creating AISystem for world FirstLevel
[2016.06.23-12.18.02:555][146]LogPlayLevel: PIE: World Init took: (0.000420s)
[2016.06.23-12.18.02:555][146]LogPlayLevel: PIE: Created PIE world by copying editor world from /Game/Maps/FirstLevel.FirstLevel to /Game/Maps/UEDPIE_0_FirstLevel.FirstLevel (0.003091s)
[2016.06.23-12.18.02:575][146]LogInit: XAudio2 using 'Headphones (Rift Audio)' : 2 channels at 48 kHz using 16 bits per sample (channel mask 0x3)
[2016.06.23-12.18.02:580][146]LogInit: FAudioDevice initialized.
[2016.06.23-12.18.02:608][146]LogWorld: Game class is 'GameMode'
[2016.06.23-12.18.02:610][146]LogWorld: Bringing World /Game/Maps/UEDPIE_0_FirstLevel.FirstLevel up for play (max tick rate 0) at 2016.06.23-22.18.02
[2016.06.23-12.18.02:610][146]LogWorld: Bringing up level for play took: 0.001467
[2016.06.23-12.18.02:613][146]PIE: Info Play in editor start time for /Game/Maps/UEDPIE_0_FirstLevel -0.512
[2016.06.23-12.18.02:613][146]LogBlueprintUserMessages: Late PlayInEditor Detection: Level '/Game/Maps/FirstLevel.FirstLevel:PersistentLevel' has LevelScriptBlueprint '/Game/Maps/FirstLevel.FirstLevel:PersistentLevel.FirstLevel' with GeneratedClass '/Game/Maps/FirstLevel.FirstLevel_C' with ClassGeneratedBy '/Game/Maps/FirstLevel.FirstLevel:PersistentLevel.FirstLevel'
[2016.06.23-12.18.02:613][146]LogApp: UseVRFocus has changed to 0
[2016.06.23-12.18.02:613][146]LogApp: HasVRFocus has changed to 0
[2016.06.23-12.18.06:903][339]LogBlueprintUserMessages: Early EndPlayMap Detection: Level '/Game/Maps/FirstLevel.FirstLevel:PersistentLevel' has LevelScriptBlueprint '/Game/Maps/FirstLevel.FirstLevel:PersistentLevel.FirstLevel' with GeneratedClass '/Game/Maps/FirstLevel.FirstLevel_C' with ClassGeneratedBy '/Game/Maps/FirstLevel.FirstLevel:PersistentLevel.FirstLevel'
[2016.06.23-12.18.06:925][339]LogHMD: Destroying ovr session
[2016.06.23-12.18.06:984][339]LogBlueprintUserMessages: Late EndPlayMap Detection: Level '/Game/Maps/FirstLevel.FirstLevel:PersistentLevel' has LevelScriptBlueprint '/Game/Maps/FirstLevel.FirstLevel:PersistentLevel.FirstLevel' with GeneratedClass '/Game/Maps/FirstLevel.FirstLevel_C' with ClassGeneratedBy '/Game/Maps/FirstLevel.FirstLevel:PersistentLevel.FirstLevel'
[2016.06.23-12.18.16:900][159]LogBlueprintUserMessages: Early PlayInEditor Detection: Level '/Game/Maps/FirstLevel.FirstLevel:PersistentLevel' has LevelScriptBlueprint '/Game/Maps/FirstLevel.FirstLevel:PersistentLevel.FirstLevel' with GeneratedClass '/Game/Maps/FirstLevel.FirstLevel_C' with ClassGeneratedBy '/Game/Maps/FirstLevel.FirstLevel:PersistentLevel.FirstLevel'
[2016.06.23-12.18.16:900][159]BlueprintLog: New page: Pre-Play auto-recompile
[2016.06.23-12.18.16:904][159]LogPlayLevel: [PlayLevel] Compiling Projectile1 before play...
[2016.06.23-12.18.16:951][159]LogPlayLevel: PlayLevel: Blueprint regeneration took 50 ms (2 blueprints)
[2016.06.23-12.18.16:953][159]LogPlayLevel: [PlayLevel] Compiling LeftTurret before play...
[2016.06.23-12.18.17:005][159]LogPlayLevel: PlayLevel: Blueprint regeneration took 104 ms (2 blueprints)
[2016.06.23-12.18.17:018][159]OCULUS: Debug: [HMDState] Using default profile default
[2016.06.23-12.18.17:018][159]OCULUS: Info: IAD changed to 64.0mm
[2016.06.23-12.18.17:018][159]LogHMD: New ovr session is created
[2016.06.23-12.18.17:018][159]LogHMD: HMD Oculus Rift CV1, res = 2160 x 1200
[2016.06.23-12.18.17:019][159]LogApp: UseVRFocus has changed to 1
[2016.06.23-12.18.17:019][159]LogApp: HasVRFocus has changed to 1
[2016.06.23-12.18.17:019][159]PIE: New page: PIE session: FirstLevel (24 Jun 2016 8:18:17 am)
[2016.06.23-12.18.17:019][159]LogPlayLevel: Creating play world package: /Game/Maps/UEDPIE_0_FirstLevel
[2016.06.23-12.18.17:021][159]LogPlayLevel: PIE: StaticDuplicateObject took: (0.002385s)
[2016.06.23-12.18.17:022][159]LogAIModule: Creating AISystem for world FirstLevel
[2016.06.23-12.18.17:022][159]LogPlayLevel: PIE: World Init took: (0.000651s)
[2016.06.23-12.18.17:022][159]LogPlayLevel: PIE: Created PIE world by copying editor world from /Game/Maps/FirstLevel.FirstLevel to /Game/Maps/UEDPIE_0_FirstLevel.FirstLevel (0.003172s)
[2016.06.23-12.18.17:041][159]LogInit: XAudio2 using 'Headphones (Rift Audio)' : 2 channels at 48 kHz using 16 bits per sample (channel mask 0x3)
[2016.06.23-12.18.17:046][159]LogInit: FAudioDevice initialized.
[2016.06.23-12.18.17:078][159]LogWorld: Game class is 'GameMode'
[2016.06.23-12.18.17:080][159]LogWorld: Bringing World /Game/Maps/UEDPIE_0_FirstLevel.FirstLevel up for play (max tick rate 0) at 2016.06.23-22.18.17
[2016.06.23-12.18.17:080][159]LogWorld: Bringing up level for play took: 0.001401
[2016.06.23-12.18.17:083][159]PIE: Info Play in editor start time for /Game/Maps/UEDPIE_0_FirstLevel -0.043
[2016.06.23-12.18.17:083][159]LogBlueprintUserMessages: Late PlayInEditor Detection: Level '/Game/Maps/FirstLevel.FirstLevel:PersistentLevel' has LevelScriptBlueprint '/Game/Maps/FirstLevel.FirstLevel:PersistentLevel.FirstLevel' with GeneratedClass '/Game/Maps/FirstLevel.FirstLevel_C' with ClassGeneratedBy '/Game/Maps/FirstLevel.FirstLevel:PersistentLevel.FirstLevel'
[2016.06.23-12.18.17:083][159]LogApp: UseVRFocus has changed to 0
[2016.06.23-12.18.17:083][159]LogApp: HasVRFocus has changed to 0
[2016.06.23-12.18.20:331][305]LogBlueprintUserMessages: Early EndPlayMap Detection: Level '/Game/Maps/FirstLevel.FirstLevel:PersistentLevel' has LevelScriptBlueprint '/Game/Maps/FirstLevel.FirstLevel:PersistentLevel.FirstLevel' with GeneratedClass '/Game/Maps/FirstLevel.FirstLevel_C' with ClassGeneratedBy '/Game/Maps/FirstLevel.FirstLevel:PersistentLevel.FirstLevel'
[2016.06.23-12.18.20:353][305]LogHMD: Destroying ovr session
[2016.06.23-12.18.20:402][305]LogBlueprintUserMessages: Late EndPlayMap Detection: Level '/Game/Maps/FirstLevel.FirstLevel:PersistentLevel' has LevelScriptBlueprint '/Game/Maps/FirstLevel.FirstLevel:PersistentLevel.FirstLevel' with GeneratedClass '/Game/Maps/FirstLevel.FirstLevel_C' with ClassGeneratedBy '/Game/Maps/FirstLevel.FirstLevel:PersistentLevel.FirstLevel'
[2016.06.23-12.19.12:498][986]LogBlueprintUserMessages: Early PlayInEditor Detection: Level '/Game/Maps/FirstLevel.FirstLevel:PersistentLevel' has LevelScriptBlueprint '/Game/Maps/FirstLevel.FirstLevel:PersistentLevel.FirstLevel' with GeneratedClass '/Game/Maps/FirstLevel.FirstLevel_C' with ClassGeneratedBy '/Game/Maps/FirstLevel.FirstLevel:PersistentLevel.FirstLevel'
[2016.06.23-12.19.12:498][986]BlueprintLog: New page: Pre-Play auto-recompile
[2016.06.23-12.19.12:501][986]LogPlayLevel: [PlayLevel] Compiling Projectile1 before play...
[2016.06.23-12.19.12:549][986]LogPlayLevel: PlayLevel: Blueprint regeneration took 51 ms (2 blueprints)
[2016.06.23-12.19.12:552][986]LogPlayLevel: [PlayLevel] Compiling LeftTurret before play...
[2016.06.23-12.19.12:603][986]LogPlayLevel: PlayLevel: Blueprint regeneration took 104 ms (2 blueprints)
[2016.06.23-12.19.12:616][986]OCULUS: Debug: [HMDState] Using default profile default
[2016.06.23-12.19.12:616][986]OCULUS: Info: IAD changed to 64.0mm
[2016.06.23-12.19.12:616][986]LogHMD: New ovr session is created
[2016.06.23-12.19.12:616][986]LogHMD: HMD Oculus Rift CV1, res = 2160 x 1200
[2016.06.23-12.19.12:616][986]LogApp: UseVRFocus has changed to 1
[2016.06.23-12.19.12:616][986]LogApp: HasVRFocus has changed to 1
[2016.06.23-12.19.12:617][986]PIE: New page: PIE session: FirstLevel (24 Jun 2016 8:19:12 am)
[2016.06.23-12.19.12:617][986]LogPlayLevel: Creating play world package: /Game/Maps/UEDPIE_0_FirstLevel
[2016.06.23-12.19.12:619][986]LogPlayLevel: PIE: StaticDuplicateObject took: (0.002718s)
[2016.06.23-12.19.12:620][986]LogAIModule: Creating AISystem for world FirstLevel
[2016.06.23-12.19.12:620][986]LogPlayLevel: PIE: World Init took: (0.000567s)
[2016.06.23-12.19.12:620][986]LogPlayLevel: PIE: Created PIE world by copying editor world from /Game/Maps/FirstLevel.FirstLevel to /Game/Maps/UEDPIE_0_FirstLevel.FirstLevel (0.003420s)
[2016.06.23-12.19.12:639][986]LogInit: XAudio2 using 'Headphones (Rift Audio)' : 2 channels at 48 kHz using 16 bits per sample (channel mask 0x3)
[2016.06.23-12.19.12:644][986]LogInit: FAudioDevice initialized.
[2016.06.23-12.19.12:673][986]LogWorld: Game class is 'GameMode'
[2016.06.23-12.19.12:674][986]LogWorld: Bringing World /Game/Maps/UEDPIE_0_FirstLevel.FirstLevel up for play (max tick rate 0) at 2016.06.23-22.19.12
[2016.06.23-12.19.12:675][986]LogWorld: Bringing up level for play took: 0.001441
[2016.06.23-12.19.12:677][986]PIE: Info Play in editor start time for /Game/Maps/UEDPIE_0_FirstLevel -0.448
[2016.06.23-12.19.12:677][986]LogBlueprintUserMessages: Late PlayInEditor Detection: Level '/Game/Maps/FirstLevel.FirstLevel:PersistentLevel' has LevelScriptBlueprint '/Game/Maps/FirstLevel.FirstLevel:PersistentLevel.FirstLevel' with GeneratedClass '/Game/Maps/FirstLevel.FirstLevel_C' with ClassGeneratedBy '/Game/Maps/FirstLevel.FirstLevel:PersistentLevel.FirstLevel'
[2016.06.23-12.19.12:677][986]LogApp: UseVRFocus has changed to 0
[2016.06.23-12.19.12:677][986]LogApp: HasVRFocus has changed to 0
[2016.06.23-12.19.18:614][251]LogBlueprintUserMessages: Early EndPlayMap Detection: Level '/Game/Maps/FirstLevel.FirstLevel:PersistentLevel' has LevelScriptBlueprint '/Game/Maps/FirstLevel.FirstLevel:PersistentLevel.FirstLevel' with GeneratedClass '/Game/Maps/FirstLevel.FirstLevel_C' with ClassGeneratedBy '/Game/Maps/FirstLevel.FirstLevel:PersistentLevel.FirstLevel'
[2016.06.23-12.19.18:636][251]LogHMD: Destroying ovr session
[2016.06.23-12.19.18:694][251]LogBlueprintUserMessages: Late EndPlayMap Detection: Level '/Game/Maps/FirstLevel.FirstLevel:PersistentLevel' has LevelScriptBlueprint '/Game/Maps/FirstLevel.FirstLevel:PersistentLevel.FirstLevel' with GeneratedClass '/Game/Maps/FirstLevel.FirstLevel_C' with ClassGeneratedBy '/Game/Maps/FirstLevel.FirstLevel:PersistentLevel.FirstLevel'
[2016.06.23-12.19.55:963][637]BlueprintLog: New page: Compile Projectile1
[2016.06.23-12.19.56:026][637]BlueprintEditorCompileResults: Info [0293.49] Compile of Projectile1 successful! [in 62 ms]
[2016.06.23-12.19.56:448][666]Cmd: OBJ SAVEPACKAGE PACKAGE="/Game/Projectile1" FILE="../../../../../../Admin/Documents/GitHub Repositories/Project_PlanetDefence/Project_PlanetDef/Content/Projectile1.uasset" SILENT=true
[2016.06.23-12.19.56:477][666]LogSavePackage: Save=24.39ms
[2016.06.23-12.19.56:478][666]LogSavePackage: Moving '../../../../../../Admin/Documents/GitHub Repositories/Project_PlanetDefence/Project_PlanetDef/Saved/Projectile10755C1A748DBB5C98D3AEC958DA830D2.tmp' to '../../../../../../Admin/Documents/GitHub Repositories/Project_PlanetDefence/Project_PlanetDef/Content/Projectile1.uasset'
[2016.06.23-12.19.56:479][666]LogSavePackage: Total save time: 29.92ms
[2016.06.23-12.19.56:479][666]LogSavePackage:Display: Finished SavePackage ../../../../../../Admin/Documents/GitHub Repositories/Project_PlanetDefence/Project_PlanetDef/Content/Projectile1.uasset
[2016.06.23-12.19.57:128][724]LogBlueprintUserMessages: Early PlayInEditor Detection: Level '/Game/Maps/FirstLevel.FirstLevel:PersistentLevel' has LevelScriptBlueprint '/Game/Maps/FirstLevel.FirstLevel:PersistentLevel.FirstLevel' with GeneratedClass '/Game/Maps/FirstLevel.FirstLevel_C' with ClassGeneratedBy '/Game/Maps/FirstLevel.FirstLevel:PersistentLevel.FirstLevel'
[2016.06.23-12.19.57:128][724]LogPlayLevel: PlayLevel: No blueprints needed recompiling
[2016.06.23-12.19.57:128][724]OCULUS: Debug: [HMDState] Using default profile default
[2016.06.23-12.19.57:128][724]OCULUS: Info: IAD changed to 64.0mm
[2016.06.23-12.19.57:128][724]LogHMD: New ovr session is created
[2016.06.23-12.19.57:129][724]LogHMD: HMD Oculus Rift CV1, res = 2160 x 1200
[2016.06.23-12.19.57:129][724]LogApp: UseVRFocus has changed to 1
[2016.06.23-12.19.57:129][724]LogApp: HasVRFocus has changed to 1
[2016.06.23-12.19.57:129][724]PIE: New page: PIE session: FirstLevel (24 Jun 2016 8:19:57 am)
[2016.06.23-12.19.57:129][724]LogPlayLevel: Creating play world package: /Game/Maps/UEDPIE_0_FirstLevel
[2016.06.23-12.19.57:132][724]LogPlayLevel: PIE: StaticDuplicateObject took: (0.003021s)
[2016.06.23-12.19.57:132][724]LogAIModule: Creating AISystem for world FirstLevel
[2016.06.23-12.19.57:132][724]LogPlayLevel: PIE: World Init took: (0.000567s)
[2016.06.23-12.19.57:132][724]LogPlayLevel: PIE: Created PIE world by copying editor world from /Game/Maps/FirstLevel.FirstLevel to /Game/Maps/UEDPIE_0_FirstLevel.FirstLevel (0.003757s)
[2016.06.23-12.19.57:153][724]LogInit: XAudio2 using 'Headphones (Rift Audio)' : 2 channels at 48 kHz using 16 bits per sample (channel mask 0x3)
[2016.06.23-12.19.57:158][724]LogInit: FAudioDevice initialized.
[2016.06.23-12.19.57:189][724]LogWorld: Game class is 'GameMode'
[2016.06.23-12.19.57:191][724]LogWorld: Bringing World /Game/Maps/UEDPIE_0_FirstLevel.FirstLevel up for play (max tick rate 0) at 2016.06.23-22.19.57
[2016.06.23-12.19.57:191][724]LogWorld: Bringing up level for play took: 0.001366
[2016.06.23-12.19.57:195][724]PIE: Info Play in editor start time for /Game/Maps/UEDPIE_0_FirstLevel 0.07
[2016.06.23-12.19.57:195][724]LogBlueprintUserMessages: Late PlayInEditor Detection: Level '/Game/Maps/FirstLevel.FirstLevel:PersistentLevel' has LevelScriptBlueprint '/Game/Maps/FirstLevel.FirstLevel:PersistentLevel.FirstLevel' with GeneratedClass '/Game/Maps/FirstLevel.FirstLevel_C' with ClassGeneratedBy '/Game/Maps/FirstLevel.FirstLevel:PersistentLevel.FirstLevel'
[2016.06.23-12.19.57:195][724]LogApp: UseVRFocus has changed to 0
[2016.06.23-12.19.57:195][724]LogApp: HasVRFocus has changed to 0
[2016.06.23-12.19.59:678][836]LogBlueprintUserMessages: Early EndPlayMap Detection: Level '/Game/Maps/FirstLevel.FirstLevel:PersistentLevel' has LevelScriptBlueprint '/Game/Maps/FirstLevel.FirstLevel:PersistentLevel.FirstLevel' with GeneratedClass '/Game/Maps/FirstLevel.FirstLevel_C' with ClassGeneratedBy '/Game/Maps/FirstLevel.FirstLevel:PersistentLevel.FirstLevel'
[2016.06.23-12.19.59:699][836]LogHMD: Destroying ovr session
[2016.06.23-12.19.59:746][836]LogBlueprintUserMessages: Late EndPlayMap Detection: Level '/Game/Maps/FirstLevel.FirstLevel:PersistentLevel' has LevelScriptBlueprint '/Game/Maps/FirstLevel.FirstLevel:PersistentLevel.FirstLevel' with GeneratedClass '/Game/Maps/FirstLevel.FirstLevel_C' with ClassGeneratedBy '/Game/Maps/FirstLevel.FirstLevel:PersistentLevel.FirstLevel'
[2016.06.23-12.20.21:369][860]LogBlueprintUserMessages: Early PlayInEditor Detection: Level '/Game/Maps/FirstLevel.FirstLevel:PersistentLevel' has LevelScriptBlueprint '/Game/Maps/FirstLevel.FirstLevel:PersistentLevel.FirstLevel' with GeneratedClass '/Game/Maps/FirstLevel.FirstLevel_C' with ClassGeneratedBy '/Game/Maps/FirstLevel.FirstLevel:PersistentLevel.FirstLevel'
[2016.06.23-12.20.21:369][860]BlueprintLog: New page: Pre-Play auto-recompile
[2016.06.23-12.20.21:373][860]LogPlayLevel: [PlayLevel] Compiling Projectile1 before play...
[2016.06.23-12.20.21:421][860]LogPlayLevel: PlayLevel: Blueprint regeneration took 51 ms (2 blueprints)
[2016.06.23-12.20.21:424][860]LogPlayLevel: [PlayLevel] Compiling LeftTurret before play...
[2016.06.23-12.20.21:475][860]LogPlayLevel: PlayLevel: Blueprint regeneration took 105 ms (2 blueprints)
[2016.06.23-12.20.21:488][860]OCULUS: Debug: [HMDState] Using default profile default
[2016.06.23-12.20.21:488][860]OCULUS: Info: IAD changed to 64.0mm
[2016.06.23-12.20.21:488][860]LogHMD: New ovr session is created
[2016.06.23-12.20.21:489][860]LogHMD: HMD Oculus Rift CV1, res = 2160 x 1200
[2016.06.23-12.20.21:489][860]LogApp: UseVRFocus has changed to 1
[2016.06.23-12.20.21:489][860]LogApp: HasVRFocus has changed to 1
[2016.06.23-12.20.21:489][860]PIE: New page: PIE session: FirstLevel (24 Jun 2016 8:20:21 am)
[2016.06.23-12.20.21:489][860]LogPlayLevel: Creating play world package: /Game/Maps/UEDPIE_0_FirstLevel
[2016.06.23-12.20.21:492][860]LogPlayLevel: PIE: StaticDuplicateObject took: (0.002775s)
[2016.06.23-12.20.21:492][860]LogAIModule: Creating AISystem for world FirstLevel
[2016.06.23-12.20.21:492][860]LogPlayLevel: PIE: World Init took: (0.000524s)
[2016.06.23-12.20.21:492][860]LogPlayLevel: PIE: Created PIE world by copying editor world from /Game/Maps/FirstLevel.FirstLevel to /Game/Maps/UEDPIE_0_FirstLevel.FirstLevel (0.003438s)
[2016.06.23-12.20.21:512][860]LogInit: XAudio2 using 'Headphones (Rift Audio)' : 2 channels at 48 kHz using 16 bits per sample (channel mask 0x3)
[2016.06.23-12.20.21:516][860]LogInit: FAudioDevice initialized.
[2016.06.23-12.20.21:546][860]LogWorld: Game class is 'GameMode'
[2016.06.23-12.20.21:548][860]LogWorld: Bringing World /Game/Maps/UEDPIE_0_FirstLevel.FirstLevel up for play (max tick rate 0) at 2016.06.23-22.20.21
[2016.06.23-12.20.21:548][860]LogWorld: Bringing up level for play took: 0.001367
[2016.06.23-12.20.21:551][860]PIE: Info Play in editor start time for /Game/Maps/UEDPIE_0_FirstLevel 0.427
[2016.06.23-12.20.21:552][860]LogBlueprintUserMessages: Late PlayInEditor Detection: Level '/Game/Maps/FirstLevel.FirstLevel:PersistentLevel' has LevelScriptBlueprint '/Game/Maps/FirstLevel.FirstLevel:PersistentLevel.FirstLevel' with GeneratedClass '/Game/Maps/FirstLevel.FirstLevel_C' with ClassGeneratedBy '/Game/Maps/FirstLevel.FirstLevel:PersistentLevel.FirstLevel'
[2016.06.23-12.20.21:552][860]LogApp: UseVRFocus has changed to 0
[2016.06.23-12.20.21:552][860]LogApp: HasVRFocus has changed to 0
[2016.06.23-12.20.24:967][ 13]LogBlueprintUserMessages: Early EndPlayMap Detection: Level '/Game/Maps/FirstLevel.FirstLevel:PersistentLevel' has LevelScriptBlueprint '/Game/Maps/FirstLevel.FirstLevel:PersistentLevel.FirstLevel' with GeneratedClass '/Game/Maps/FirstLevel.FirstLevel_C' with ClassGeneratedBy '/Game/Maps/FirstLevel.FirstLevel:PersistentLevel.FirstLevel'
[2016.06.23-12.20.24:989][ 13]LogHMD: Destroying ovr session
[2016.06.23-12.20.25:055][ 13]LogBlueprintUserMessages: Late EndPlayMap Detection: Level '/Game/Maps/FirstLevel.FirstLevel:PersistentLevel' has LevelScriptBlueprint '/Game/Maps/FirstLevel.FirstLevel:PersistentLevel.FirstLevel' with GeneratedClass '/Game/Maps/FirstLevel.FirstLevel_C' with ClassGeneratedBy '/Game/Maps/FirstLevel.FirstLevel:PersistentLevel.FirstLevel'
[2016.06.23-12.21.33:044][106]LogBlueprintUserMessages: Early PlayInEditor Detection: Level '/Game/Maps/FirstLevel.FirstLevel:PersistentLevel' has LevelScriptBlueprint '/Game/Maps/FirstLevel.FirstLevel:PersistentLevel.FirstLevel' with GeneratedClass '/Game/Maps/FirstLevel.FirstLevel_C' with ClassGeneratedBy '/Game/Maps/FirstLevel.FirstLevel:PersistentLevel.FirstLevel'
[2016.06.23-12.21.33:044][106]BlueprintLog: New page: Pre-Play auto-recompile
[2016.06.23-12.21.33:048][106]LogPlayLevel: [PlayLevel] Compiling Projectile1 before play...
[2016.06.23-12.21.33:098][106]LogPlayLevel: PlayLevel: Blueprint regeneration took 53 ms (2 blueprints)
[2016.06.23-12.21.33:101][106]LogPlayLevel: [PlayLevel] Compiling LeftTurret before play...
[2016.06.23-12.21.33:154][106]LogPlayLevel: PlayLevel: Blueprint regeneration took 109 ms (2 blueprints)
[2016.06.23-12.21.33:167][106]OCULUS: Debug: [HMDState] Using default profile default
[2016.06.23-12.21.33:167][106]OCULUS: Info: IAD changed to 64.0mm
[2016.06.23-12.21.33:167][106]LogHMD: New ovr session is created
[2016.06.23-12.21.33:167][106]LogHMD: HMD Oculus Rift CV1, res = 2160 x 1200
[2016.06.23-12.21.33:167][106]LogApp: UseVRFocus has changed to 1
[2016.06.23-12.21.33:167][106]LogApp: HasVRFocus has changed to 1
[2016.06.23-12.21.33:167][106]PIE: New page: PIE session: FirstLevel (24 Jun 2016 8:21:33 am)
[2016.06.23-12.21.33:168][106]LogPlayLevel: Creating play world package: /Game/Maps/UEDPIE_0_FirstLevel
[2016.06.23-12.21.33:170][106]LogPlayLevel: PIE: StaticDuplicateObject took: (0.002726s)
[2016.06.23-12.21.33:171][106]LogAIModule: Creating AISystem for world FirstLevel
[2016.06.23-12.21.33:171][106]LogPlayLevel: PIE: World Init took: (0.000619s)
[2016.06.23-12.21.33:171][106]LogPlayLevel: PIE: Created PIE world by copying editor world from /Game/Maps/FirstLevel.FirstLevel to /Game/Maps/UEDPIE_0_FirstLevel.FirstLevel (0.003475s)
[2016.06.23-12.21.33:193][106]LogInit: XAudio2 using 'Headphones (Rift Audio)' : 2 channels at 48 kHz using 16 bits per sample (channel mask 0x3)
[2016.06.23-12.21.33:198][106]LogInit: FAudioDevice initialized.
[2016.06.23-12.21.33:227][106]LogWorld: Game class is 'GameMode'
[2016.06.23-12.21.33:229][106]LogWorld: Bringing World /Game/Maps/UEDPIE_0_FirstLevel.FirstLevel up for play (max tick rate 0) at 2016.06.23-22.21.33
[2016.06.23-12.21.33:229][106]LogWorld: Bringing up level for play took: 0.001400
[2016.06.23-12.21.33:232][106]PIE: Info Play in editor start time for /Game/Maps/UEDPIE_0_FirstLevel 0.107
[2016.06.23-12.21.33:232][106]LogBlueprintUserMessages: Late PlayInEditor Detection: Level '/Game/Maps/FirstLevel.FirstLevel:PersistentLevel' has LevelScriptBlueprint '/Game/Maps/FirstLevel.FirstLevel:PersistentLevel.FirstLevel' with GeneratedClass '/Game/Maps/FirstLevel.FirstLevel_C' with ClassGeneratedBy '/Game/Maps/FirstLevel.FirstLevel:PersistentLevel.FirstLevel'
[2016.06.23-12.21.33:232][106]LogApp: UseVRFocus has changed to 0
[2016.06.23-12.21.33:232][106]LogApp: HasVRFocus has changed to 0
[2016.06.23-12.21.42:308][514]LogBlueprintUserMessages: Early EndPlayMap Detection: Level '/Game/Maps/FirstLevel.FirstLevel:PersistentLevel' has LevelScriptBlueprint '/Game/Maps/FirstLevel.FirstLevel:PersistentLevel.FirstLevel' with GeneratedClass '/Game/Maps/FirstLevel.FirstLevel_C' with ClassGeneratedBy '/Game/Maps/FirstLevel.FirstLevel:PersistentLevel.FirstLevel'
[2016.06.23-12.21.42:330][514]LogHMD: Destroying ovr session
[2016.06.23-12.21.42:393][514]LogBlueprintUserMessages: Late EndPlayMap Detection: Level '/Game/Maps/FirstLevel.FirstLevel:Pers