Log file open, 07/28/16 16:31:31
LogInit:Display: Running engine for game: Project_PlanetDef
LogPlatformFile: Not using cached read wrapper
LogInit:Display: RandInit(243677973) SRandInit(243677974).
LogTaskGraph: Started task graph with 4 named threads and 7 total threads.
LogStats: Stats thread started at 0.063562
OCULUS: Info: [CAPI] LibOVR module is located at C:\Program Files (x86)\Oculus\Support\oculus-runtime\LibOVRRT64_1.dll
OCULUS: Debug: Connected to the server running version (prod = 1).1.6.0(build = 250620) feature version = 0. Client runs version (prod = 1).1.6.0(build = 250620) feature version = 0
OCULUS: Debug: [HMDState] Using default profile default
OCULUS: Info: IAD changed to 64.0mm
OCULUS: Debug: [SharedMemory] Creating factory
LogInit: Version: 4.11.2-2946394+++UE4+Release-4.11
LogInit: API Version: 2927265
LogInit: Compiled (64-bit): Apr 18 2016 02:18:46
LogInit: Compiled with Visual C++: 19.00.23026.00
LogInit: Build Configuration: Development
LogInit: Branch Name: ++UE4+Release-4.11
LogInit: Command line: -EpicPortal 
LogInit: Base directory: D:/Program Files (x86)/Epic Games/4.11/Engine/Binaries/Win64/
LogInit: Installed Engine Build: 1
LogInit: Using libcurl 7.41.0
LogInit:  - built for x86_64-pc-win32
LogInit:  - supports SSL with WinSSL
LogInit:  - other features:
LogInit:      CURL_VERSION_SSL
LogInit:      CURL_VERSION_IPV6
LogInit:      CURL_VERSION_ASYNCHDNS
LogInit:      CURL_VERSION_LARGEFILE
LogInit:      CURL_VERSION_IDN
LogInit:  CurlRequestOptions (configurable via config and command line):
LogInit:  - bVerifyPeer = true  - Libcurl will verify peer certificate
LogInit:  - bUseHttpProxy = false  - Libcurl will NOT use HTTP proxy
LogInit:  - bDontReuseConnections = false  - Libcurl will reuse connections
LogInit:  - CertBundlePath = nullptr  - Libcurl will use whatever was configured at build time.
LogInit: Presizing for max 16777216 objects, including 0 objects not considered by GC, pre-allocating 0 bytes for permanent pool.
LogInit: Object subsystem initialized
[2016.07.28-06.31.31:121][  0]LogInit: Selected Device Profile: [Windows]
[2016.07.28-06.31.31:121][  0]LogInit: Applying CVar settings loaded from the selected device profile: [Windows]
[2016.07.28-06.31.31:127][  0]LogInit: Computer: DESKTOP-M92PTO3
[2016.07.28-06.31.31:127][  0]LogInit: User: StefanoAdmin
[2016.07.28-06.31.31:127][  0]LogInit: CPU Page size=65536, Cores=4
[2016.07.28-06.31.31:127][  0]LogInit: High frequency timer resolution =3.328129 MHz
[2016.07.28-06.31.31:127][  0]LogMemory: Memory total: Physical=15.9GB (16GB approx)
[2016.07.28-06.31.31:127][  0]LogMemory: Platform Memory Stats for Windows
[2016.07.28-06.31.31:127][  0]LogMemory: Process Physical Memory: 319.09 MB used, 319.09 MB peak
[2016.07.28-06.31.31:127][  0]LogMemory: Process Virtual Memory: 318.20 MB used, 318.20 MB peak
[2016.07.28-06.31.31:127][  0]LogMemory: Physical Memory: 6855.63 MB used, 16313.61 MB total
[2016.07.28-06.31.31:127][  0]LogMemory: Virtual Memory: 695.69 MB used, 134217728.00 MB total
[2016.07.28-06.31.31:364][  0]LogTextLocalizationManager: No specific translations for ('en-AU') exist, so ('en') translations will be used.
[2016.07.28-06.31.31:703][  0]LogD3D11RHI: D3D11 adapters:
[2016.07.28-06.31.31:721][  0]LogD3D11RHI:    0. 'NVIDIA GeForce GTX 980' (Feature Level 11_0)
[2016.07.28-06.31.31:721][  0]LogD3D11RHI:       4008MB of dedicated video memory, 0MB of dedicated system memory, and 8156MB of shared system memory, 1 output[s]
[2016.07.28-06.31.31:722][  0]LogD3D11RHI:    1. 'Microsoft Basic Render Driver' (Feature Level 11_0)
[2016.07.28-06.31.31:722][  0]LogD3D11RHI:       0MB of dedicated video memory, 0MB of dedicated system memory, and 8156MB of shared system memory, 0 output[s]
[2016.07.28-06.31.31:722][  0]LogD3D11RHI: Chosen D3D11 Adapter: 0
[2016.07.28-06.31.31:727][  0]LogD3D11RHI: Creating new Direct3DDevice
[2016.07.28-06.31.31:727][  0]LogD3D11RHI:     Adapter Name: NVIDIA GeForce GTX 980
[2016.07.28-06.31.31:727][  0]LogD3D11RHI:   Driver Version: 10.18.13.6510 (internal 10.18.13.6510)
[2016.07.28-06.31.31:727][  0]LogD3D11RHI:      Driver Date: 4-27-2016
[2016.07.28-06.31.31:727][  0]LogRHI: Texture pool is 1361 MB (70% of 1945 MB)
[2016.07.28-06.31.31:737][  0]LogD3D11RHI: Async texture creation enabled
[2016.07.28-06.31.31:747][  0]LogShaderCompilers: Guid format shader working directory is -47 characters bigger than the processId version (../../../../../../Admin/Documents/GitHub Repositories/Project_PlanetDefence/Project_PlanetDef/Intermediate/Shaders/WorkingDirectory/1772/).
[2016.07.28-06.31.31:747][  0]LogShaderCompilers: Cleaned the shader compiler working directory 'C:/Users/Admin/AppData/Local/Temp/UnrealShaderWorkingDir/999310434AB999A74B817B80CE155B65/'.
[2016.07.28-06.31.31:747][  0]LogShaderCompilers:Display: Using Local Shader Compiler.
[2016.07.28-06.31.32:620][  0]LogTemp:Display: Loaded TP AllDesktopTargetPlatform
[2016.07.28-06.31.32:625][  0]LogTemp:Display: Loaded TP WindowsClientTargetPlatform
[2016.07.28-06.31.32:628][  0]LogTemp:Display: Loaded TP WindowsNoEditorTargetPlatform
[2016.07.28-06.31.32:631][  0]LogTemp:Display: Loaded TP WindowsServerTargetPlatform
[2016.07.28-06.31.32:634][  0]LogTemp:Display: Loaded TP WindowsTargetPlatform
[2016.07.28-06.31.32:637][  0]LogTemp:Display: Loaded TP AndroidTargetPlatform
[2016.07.28-06.31.32:640][  0]LogTemp:Display: Loaded TP Android_ASTCTargetPlatform
[2016.07.28-06.31.32:643][  0]LogTemp:Display: Loaded TP Android_ATCTargetPlatform
[2016.07.28-06.31.32:645][  0]LogTemp:Display: Loaded TP Android_DXTTargetPlatform
[2016.07.28-06.31.32:647][  0]LogTemp:Display: Loaded TP Android_ETC1TargetPlatform
[2016.07.28-06.31.32:649][  0]LogTemp:Display: Loaded TP Android_ETC2TargetPlatform
[2016.07.28-06.31.32:654][  0]LogTemp:Display: Loaded TP Android_MultiTargetPlatform
[2016.07.28-06.31.32:654][  0]LogTemp:Display: Loaded TP Android_PVRTCTargetPlatform
[2016.07.28-06.31.32:654][  0]LogTemp:Display: Loaded TP HTML5TargetPlatform
[2016.07.28-06.31.32:669][  0]LogTemp:Display: Loaded TP IOSTargetPlatform
[2016.07.28-06.31.32:671][  0]LogTemp:Display: Loaded TP TVOSTargetPlatform
[2016.07.28-06.31.32:674][  0]LogTemp:Display: Loaded TP LinuxNoEditorTargetPlatform
[2016.07.28-06.31.32:676][  0]LogTemp:Display: Loaded TP LinuxServerTargetPlatform
[2016.07.28-06.31.32:679][  0]LogTemp:Display: Loaded TP LinuxTargetPlatform
[2016.07.28-06.31.32:679][  0]LogTargetPlatformManager:Display: Building Assets For Windows
[2016.07.28-06.31.32:733][  0]LogDerivedDataCache:Display: Max Cache Size: 512 MB
[2016.07.28-06.31.32:770][  0]LogDerivedDataCache: Loaded boot cache 0.04s 46MB C:/Users/Admin/AppData/Local/UnrealEngine/4.11/DerivedDataCache/Boot.ddc.
[2016.07.28-06.31.32:770][  0]LogDerivedDataCache:Display: Loaded Boot cache: C:/Users/Admin/AppData/Local/UnrealEngine/4.11/DerivedDataCache/Boot.ddc
[2016.07.28-06.31.32:770][  0]LogDerivedDataCache: FDerivedDataBackendGraph:  Pak pak cache file ../../../../../../Admin/Documents/GitHub Repositories/Project_PlanetDefence/Project_PlanetDef/DerivedDataCache/DDC.ddp not found, will not use a pak cache.
[2016.07.28-06.31.32:770][  0]LogDerivedDataCache: Unable to find inner node Pak for hierarchical cache Hierarchy.
[2016.07.28-06.31.32:770][  0]LogDerivedDataCache: FDerivedDataBackendGraph:  CompressedPak pak cache file ../../../../../../Admin/Documents/GitHub Repositories/Project_PlanetDefence/Project_PlanetDef/DerivedDataCache/Compressed.ddp not found, will not use a pak cache.
[2016.07.28-06.31.32:770][  0]LogDerivedDataCache: Unable to find inner node CompressedPak for hierarchical cache Hierarchy.
[2016.07.28-06.31.32:782][  0]LogDerivedDataCache:Display: Pak cache opened for reading ../../../Engine/DerivedDataCache/Compressed.ddp.
[2016.07.28-06.31.32:794][  0]LogDerivedDataCache: Using Local data cache path C:/Users/Admin/AppData/Local/UnrealEngine/Common/DerivedDataCache: Writable
[2016.07.28-06.31.32:917][  0]LogInit: Selected Device Profile: [Windows]
[2016.07.28-06.31.32:918][  0]LogContentStreaming: Texture pool size is 0.00 MB
[2016.07.28-06.31.32:940][  0]LogMaterial: Uniform references updated for custom material expression Custom.
[2016.07.28-06.31.33:032][  0]LogMeshUtilities: No automatic mesh reduction module available
[2016.07.28-06.31.33:032][  0]LogMeshUtilities: No automatic mesh merging module available
[2016.07.28-06.31.33:032][  0]LogMeshUtilities: No distributed automatic mesh merging module available
[2016.07.28-06.31.33:196][  0]LogUObjectArray: 27679 objects as part of root set at end of initial load.
[2016.07.28-06.31.33:196][  0]LogUObjectAllocator: 5591592 out of 0 bytes used by permanent object pool.
[2016.07.28-06.31.33:196][  0]LogUObjectArray: CloseDisregardForGC: 0/0 objects in disregard for GC pool
[2016.07.28-06.31.33:200][  0]LogInit: WinSock: version 1.1 (2.2), MaxSocks=32767, MaxUdp=65467
[2016.07.28-06.31.33:261][  0]LogSlate: SlateFontCache - WITH_FREETYPE: 1, WITH_HARFBUZZ: 1
[2016.07.28-06.31.33:261][  0]LogSlate: SlateFontCache - WITH_FREETYPE: 1, WITH_HARFBUZZ: 1
[2016.07.28-06.31.33:344][  0]LogStreaming:Warning: Failed to read file '../../../Engine/Content/Editor/Slate/Common/Selection_16x.png' error.
[2016.07.28-06.31.33:344][  0]LogSlate: Could not find file for Slate resource: ../../../Engine/Content/Editor/Slate/Common/Selection_16x.png
[2016.07.28-06.31.33:344][  0]LogStreaming:Warning: Failed to read file '../../../Engine/Content/Editor/Slate/Common/Selection_16x.png' error.
[2016.07.28-06.31.33:344][  0]LogSlate: Could not find file for Slate resource: ../../../Engine/Content/Editor/Slate/Common/Selection_16x.png
[2016.07.28-06.31.33:344][  0]LogStreaming:Warning: Failed to read file '../../../Engine/Content/Editor/Slate/Common/Selection_16x.png' error.
[2016.07.28-06.31.33:344][  0]LogSlate: Could not find file for Slate resource: ../../../Engine/Content/Editor/Slate/Common/Selection_16x.png
[2016.07.28-06.31.33:748][  0]LogSubstanceCoreModule: Substance CPU Engine Loaded, Max Texture Size 2048
[2016.07.28-06.31.33:753][  0]LogUdpMessaging: Initializing bridge on interface 0.0.0.0:0 to multicast group 230.0.0.1:6666.
[2016.07.28-06.31.33:851][  0]LogAssetRegistry: FAssetRegistry took 0.0212 seconds to start up
[2016.07.28-06.31.33:949][  0]SourceControl: Info Source control is disabled
[2016.07.28-06.31.33:977][  0]SourceControl: Info Source control is disabled
[2016.07.28-06.31.33:982][  0]SourceControl: Info Source control is disabled
[2016.07.28-06.31.33:987][  0]SourceControl: Info Source control is disabled
[2016.07.28-06.31.34:224][  0]LogEngine: Initializing Engine...
[2016.07.28-06.31.34:224][  0]LogHMD: Oculus plugin initialized. Version: 4.11.2-2946394+++UE4+Release-4.11, LibOVR: 1.6.0, SDK: 1.3.0, built Apr 18 2016, 02:19:44
[2016.07.28-06.31.34:335][  0]OCULUS: Debug: [HMDState] Using default profile default
[2016.07.28-06.31.34:335][  0]OCULUS: Info: IAD changed to 64.0mm
[2016.07.28-06.31.34:344][  0]LogAIModule: Creating AISystem for world NewWorld
[2016.07.28-06.31.34:355][  0]LogInit: XAudio2 using 'Headphones (Rift Audio)' : 2 channels at 48 kHz using 16 bits per sample (channel mask 0x3)
[2016.07.28-06.31.34:361][  0]LogInit: FAudioDevice initialized.
[2016.07.28-06.31.34:379][  0]LogDerivedDataCache: Saved boot cache 0.02s 46MB C:/Users/Admin/AppData/Local/UnrealEngine/4.11/DerivedDataCache/Boot.ddc.
[2016.07.28-06.31.34:383][  0]LogInit: Texture streaming: Enabled
[2016.07.28-06.31.34:399][  0]LogInit: Transaction tracking system initialized
[2016.07.28-06.31.34:419][  0]BlueprintLog: New page: Editor Load
[2016.07.28-06.31.34:468][  0]LocalizationService: Info Localization service is disabled
[2016.07.28-06.31.34:534][  0]LogConsoleResponse:Display: 
[2016.07.28-06.31.34:619][  0]LogCook:Display: Max memory allowance for cook 8192mb
[2016.07.28-06.31.34:619][  0]LogCook:Display: Mobile HDR setting 1
[2016.07.28-06.31.34:619][  0]LogCook:Display: Done creating registry. It took  0.00s.
[2016.07.28-06.31.34:657][  0]LogFileCache: Scanning file cache for directory 'D:/Admin/Documents/GitHub Repositories/Project_PlanetDefence/Project_PlanetDef/Content/' took 0.01s
[2016.07.28-06.31.34:657][  0]SourceControl: Info Source control is disabled
[2016.07.28-06.31.34:657][  0]Cmd: MAP LOAD FILE="../../../Engine/Content/Maps/Templates/Template_Default.umap" TEMPLATE=1 SHOWPROGRESS=1 FEATURELEVEL=3
[2016.07.28-06.31.34:657][  0]LightingResults: New page: Lighting Build
[2016.07.28-06.31.34:660][  0]MapCheck: New page: Map Check
[2016.07.28-06.31.34:660][  0]LightingResults: New page: Lighting Build
[2016.07.28-06.31.34:843][  0]LogAIModule: Creating AISystem for world Untitled_1
[2016.07.28-06.31.34:846][  0]LogEditorServer: Finished looking for orphan Actors (0.000 secs)
[2016.07.28-06.31.34:850][  0]Cmd: MAP CHECKDEP NOCLEARLOG
[2016.07.28-06.31.34:880][  0]MapCheck: Info Map check complete: 0 Error(s), 0 Warning(s), took 29.556ms to complete.
[2016.07.28-06.31.34:880][  0]LogFileHelpers: Loading map 'Template_Default' took 0.223
[2016.07.28-06.31.34:977][  0]LogCollectionManager: Loaded 0 collections in 0.001579 seconds
[2016.07.28-06.31.35:014][  0]LogFileCache: Scanning file cache for directory 'D:/Admin/Documents/GitHub Repositories/Project_PlanetDefence/Project_PlanetDef/Saved/Collections/' took 0.01s
[2016.07.28-06.31.35:014][  0]LogFileCache: Scanning file cache for directory 'D:/Admin/Documents/GitHub Repositories/Project_PlanetDefence/Project_PlanetDef/Content/Developers/StefanoAdmin/Collections/' took 0.01s
[2016.07.28-06.31.35:014][  0]LogFileCache: Scanning file cache for directory 'D:/Admin/Documents/GitHub Repositories/Project_PlanetDefence/Project_PlanetDef/Content/Collections/' took 0.01s
[2016.07.28-06.31.35:014][  0]LogCollectionManager: Rebuilt the GUID cache for 0 collections in 0.000002 seconds
[2016.07.28-06.31.35:020][  0]LogContentBrowser: Native class hierarchy populated in 0.0062 seconds. Added 1994 classes and 349 folders.
[2016.07.28-06.31.35:023][  0]LogStats: UGameplayTagsManager::ConstructGameplayTagTree: Construct from data asset -  0.000 s
[2016.07.28-06.31.35:023][  0]LogStats: UGameplayTagsManager::ConstructGameplayTagTree: GameplayTagTreeChangedEvent.Broadcast -  0.000 s
[2016.07.28-06.31.35:023][  0]LogContentBrowser: Native class hierarchy updated for 'GameplayTags' in 0.0007 seconds. Added 12 classes and 0 folders.
[2016.07.28-06.31.35:027][  0]LogContentBrowser: Native class hierarchy updated for 'WidgetCarousel' in 0.0007 seconds. Added 0 classes and 0 folders.
[2016.07.28-06.31.35:031][  0]LogContentBrowser: Native class hierarchy updated for 'SuperSearch' in 0.0008 seconds. Added 1 classes and 2 folders.
[2016.07.28-06.31.35:061][  0]LogContentBrowser: Native class hierarchy updated for 'AddContentDialog' in 0.0010 seconds. Added 0 classes and 0 folders.
[2016.07.28-06.31.35:064][  0]LogContentBrowser: Native class hierarchy updated for 'SceneOutliner' in 0.0009 seconds. Added 1 classes and 2 folders.
[2016.07.28-06.31.35:082][  0]LogCrashTracker: Crashtracker disabled due to settings.
[2016.07.28-06.31.35:086][  0]LogUObjectGlobals:Warning: Failed to find object 'Class None.'
[2016.07.28-06.31.35:111][  0]LogContentBrowser: Native class hierarchy updated for 'HierarchicalLODOutliner' in 0.0009 seconds. Added 1 classes and 2 folders.
[2016.07.28-06.31.35:111][  0]LogLoad: Full Startup: 4.71 seconds (BP compile: 0.03 seconds)
[2016.07.28-06.31.35:111][  0]LogExternalProfiler: Found external profiler: VSPerf
[2016.07.28-06.31.35:111][  0]LogExternalProfiler: Using external profiler: VSPerf
[2016.07.28-06.31.35:119][  0]LogWindowsTextInputMethodSystem:Display: IME system now deactivated.
[2016.07.28-06.31.35:120][  0]LogOcInput: OculusInput pre-init called
[2016.07.28-06.31.35:128][  0]LogOcInput: OculusInput is initialized. Init status 0. Runtime version: 1.6.0
[2016.07.28-06.31.35:164][  0]LogContentStreaming: Texture pool size now 1000 MB
[2016.07.28-06.31.35:292][  0]LogRenderer: Reallocating scene render targets to support 1208x576 (Frame:2).
[2016.07.28-06.31.35:398][  1]LogAssetRegistry: Asset discovery search completed in 1.5685 seconds
[2016.07.28-06.31.35:398][  1]LogCollectionManager: Rebuilt the object cache for 0 collections in 0.000001 seconds (found 0 objects)
[2016.07.28-06.31.35:398][  1]LogCollectionManager: Fixed up redirectors for 0 collections in 0.000037 seconds (updated 0 objects)
[2016.07.28-06.31.38:613][149]LogLinker:Warning: Can't find file '/Game/Materials/shield_mat_red'
[2016.07.28-06.31.38:613][149]LogLinker:Warning: Can't find file for asset '/Game/Materials/shield_mat_red' while loading ../../../../../../Admin/Documents/GitHub Repositories/Project_PlanetDefence/Project_PlanetDef/Content/Shield.uasset.
[2016.07.28-06.31.38:613][149]LoadErrors:Error: Error /Game/Shield : Can't find file for asset. /Game/Materials/shield_mat_red
[2016.07.28-06.31.38:614][149]LogLinker:Warning: Can't find file '/Game/Materials/shield_mat_red'
[2016.07.28-06.31.38:614][149]LogLinker:Warning: Can't find file for asset '/Game/Materials/shield_mat_red' while loading ../../../../../../Admin/Documents/GitHub Repositories/Project_PlanetDefence/Project_PlanetDef/Content/Shield.uasset.
[2016.07.28-06.31.38:891][149]LogLinker:Warning: Can't find file '/Game/Materials/shield_mat_red'
[2016.07.28-06.31.38:891][149]LogLinker:Warning: Can't find file for asset '/Game/Materials/shield_mat_red' while loading ../../../../../../Admin/Documents/GitHub Repositories/Project_PlanetDefence/Project_PlanetDef/Content/Meteorites/MeteoriteHandler.uasset.
[2016.07.28-06.31.38:891][149]LoadErrors:Error: Error /Game/Meteorites/MeteoriteHandler : Can't find file for asset. /Game/Materials/shield_mat_red
[2016.07.28-06.31.38:891][149]LogLinker:Warning: Can't find file '/Game/Materials/shield_mat_red'
[2016.07.28-06.31.38:891][149]LogLinker:Warning: Can't find file for asset '/Game/Materials/shield_mat_red' while loading ../../../../../../Admin/Documents/GitHub Repositories/Project_PlanetDefence/Project_PlanetDef/Content/Meteorites/MeteoriteHandler.uasset.
[2016.07.28-06.31.38:895][149]LogLinker:Warning: Can't find file '/Game/Materials/shield_mat_red'
[2016.07.28-06.31.38:895][149]LoadErrors: Info Failed to load /Game/Drone.Drone_C Referenced by EdGraphPin_117495
[2016.07.28-06.31.38:895][149]LogLinker:Warning: Can't find file for asset '/Game/Materials/shield_mat_red' while loading ../../../../../../Admin/Documents/GitHub Repositories/Project_PlanetDefence/Project_PlanetDef/Content/Meteorites/MeteoriteHandler.uasset.
[2016.07.28-06.31.39:629][149]LogAIModule: Creating AISystem for world FirstLevel
[2016.07.28-06.31.39:630][149]LogMaterial:Warning: Material /Engine/EditorMaterials/WidgetGridVertexColorMaterial_Ma.WidgetGridVertexColorMaterial_Ma needed to have new flag set bUsedWithStaticLighting !
[2016.07.28-06.31.39:656][149]LogMaterial: Missing cached shader map for material WidgetGridVertexColorMaterial_Ma, compiling. 
[2016.07.28-06.31.39:666][149]MapCheck:Warning: Warning WidgetGridVertexColorMaterial_Ma Material /Engine/EditorMaterials/WidgetGridVertexColorMaterial_Ma.WidgetGridVertexColorMaterial_Ma was missing the usage flag bUsedWithStaticLighting. If the material asset is not re-saved, it may not render correctly when run outside the editor. Fix
[2016.07.28-06.31.39:668][149]LogMaterial: 0.00 seconds spent updating 1 materials, 1 interfaces, 0 instances, 0 with static permutations.
[2016.07.28-06.31.39:769][149]Cmd: MAP LOAD FILE="../../../../../../Admin/Documents/GitHub Repositories/Project_PlanetDefence/Project_PlanetDef/Content/Maps/FirstLevel.umap" TEMPLATE=0 SHOWPROGRESS=1 FEATURELEVEL=3
[2016.07.28-06.31.39:769][149]LightingResults: New page: Lighting Build
[2016.07.28-06.31.39:787][149]LoadErrors: New page: Loading map: FirstLevel.umap
[2016.07.28-06.31.39:787][149]MapCheck: New page: Map Check
[2016.07.28-06.31.39:788][149]LightingResults: New page: Lighting Build
[2016.07.28-06.31.39:815][149]LogEditorServer: Finished looking for orphan Actors (0.000 secs)
[2016.07.28-06.31.39:843][149]Cmd: MAP CHECKDEP NOCLEARLOG
[2016.07.28-06.31.39:886][149]MapCheck: Info Map check complete: 0 Error(s), 0 Warning(s), took 43.126ms to complete.
[2016.07.28-06.31.39:886][149]LogFileHelpers: Loading map 'FirstLevel' took 0.119
[2016.07.28-06.32.49:301][408]LogFactory: FactoryCreateBinary: Texture with ReimportTextureFactory (0 0 C:\Users\Admin\Downloads\BaseBeam.png)
[2016.07.28-06.32.49:357][408]LogTexture:Display: Building textures: BaseBeam (AutoDXT)
[2016.07.28-06.32.49:406][408]LogFactory: FactoryCreateBinary: Texture with ReimportTextureFactory (0 0 C:\Users\Admin\Downloads\BeamPulse.png)
[2016.07.28-06.32.49:410][408]LogTexture:Display: Building textures: BeamPulse (AutoDXT)
[2016.07.28-06.33.02:445][581]LogMaterial: Missing cached shader map for material DroneBeam, compiling. 
[2016.07.28-06.33.02:650][581]LogMaterial: Missing cached shader map for material DroneBeam, compiling. 
[2016.07.28-06.33.02:656][581]LogMaterial: 0.00 seconds spent updating 1 materials, 1 interfaces, 0 instances, 0 with static permutations.
[2016.07.28-06.33.03:946][609]MaterialEditorStats: Info Base pass shader with only dynamic lighting: 22 instructions
[2016.07.28-06.33.03:946][609]MaterialEditorStats: Info Vertex shader: 29 instructions
[2016.07.28-06.33.03:946][609]MaterialEditorStats: Info Texture samplers: 0/16
[2016.07.28-06.33.33:777][315]LogMaterial: Missing cached shader map for material DroneBeam, compiling. 
[2016.07.28-06.33.33:782][315]LogMaterial: 0.00 seconds spent updating 1 materials, 1 interfaces, 0 instances, 0 with static permutations.
[2016.07.28-06.33.35:025][422]MaterialEditorStats: Info Base pass shader with only dynamic lighting: 22 instructions
[2016.07.28-06.33.35:025][422]MaterialEditorStats: Info Vertex shader: 29 instructions
[2016.07.28-06.33.35:025][422]MaterialEditorStats: Info Texture samplers: 0/16
[2016.07.28-06.33.51:969][133]LogMaterial: Missing cached shader map for material DroneBeam, compiling. 
[2016.07.28-06.33.51:974][133]LogMaterial: 0.00 seconds spent updating 1 materials, 1 interfaces, 0 instances, 0 with static permutations.
[2016.07.28-06.33.51:974][133]LogMaterial: Missing cached shader map for material FMatExpressionPreview MaterialExpressionTextureSample_0, compiling. 
[2016.07.28-06.33.52:004][133]LogMaterial: Missing cached shader map for material FMatExpressionPreview MaterialExpressionTextureSample_0, compiling. 
[2016.07.28-06.33.52:016][133]LogMaterial: Missing cached shader map for material DroneBeam, compiling. 
[2016.07.28-06.33.52:023][133]LogMaterial: 0.00 seconds spent updating 1 materials, 1 interfaces, 0 instances, 0 with static permutations.
[2016.07.28-06.33.52:024][133]LogMaterial: Missing cached shader map for material FMatExpressionPreview MaterialExpressionTextureSample_1, compiling. 
[2016.07.28-06.33.52:054][133]LogMaterial: Missing cached shader map for material FMatExpressionPreview MaterialExpressionTextureSample_0, compiling. 
[2016.07.28-06.33.52:057][133]LogMaterial: Missing cached shader map for material FMatExpressionPreview MaterialExpressionTextureSample_1, compiling. 
[2016.07.28-06.33.53:174][164]MaterialEditorStats: Info Base pass shader with only dynamic lighting: 22 instructions
[2016.07.28-06.33.53:174][164]MaterialEditorStats: Info Vertex shader: 29 instructions
[2016.07.28-06.33.53:174][164]MaterialEditorStats: Info Texture samplers: 0/16
[2016.07.28-06.34.12:441][241]LogTexture:Display: Building textures: T_1x1_Grid (AutoDXT)
[2016.07.28-06.34.12:555][241]LogMaterial: Uniform references updated for custom material expression Custom.
[2016.07.28-06.34.12:573][241]LogTexture:Display: Building textures: DebugNumberStrip (AutoDXT)
[2016.07.28-06.34.12:588][241]LogTexture:Display: Building textures: DebugNumberPeriod (AutoDXT)
[2016.07.28-06.34.12:600][241]LogMaterial: Uniform references updated for custom material expression TemporalAA SampleID.
[2016.07.28-06.34.12:638][241]LogTexture:Display: Building textures: CASC_ModuleEnab_2 (DXT1)
[2016.07.28-06.34.12:654][241]LogMaterial: Uniform references updated for custom material expression Ambient Cubemap Intensity.
[2016.07.28-06.34.12:656][241]LogMaterial: Uniform references updated for custom material expression Ambient Cubemap Tint.
[2016.07.28-06.34.17:680][444]LogMaterial: Missing cached shader map for material DroneBeam, compiling. 
[2016.07.28-06.34.17:686][444]LogMaterial: 0.00 seconds spent updating 1 materials, 1 interfaces, 0 instances, 0 with static permutations.
[2016.07.28-06.34.17:711][444]LogMaterial: Missing cached shader map for material FMatExpressionPreview MaterialExpressionTextureSample_1, compiling. 
[2016.07.28-06.34.19:132][592]MaterialEditorStats: Info Base pass shader with only dynamic lighting: 22 instructions
[2016.07.28-06.34.19:132][592]MaterialEditorStats: Info Vertex shader: 29 instructions
[2016.07.28-06.34.19:132][592]MaterialEditorStats: Info Texture samplers: 0/16
[2016.07.28-06.34.24:529][756]LogMaterial: Missing cached shader map for material DroneBeam, compiling. 
[2016.07.28-06.34.24:533][756]LogMaterial: 0.00 seconds spent updating 1 materials, 1 interfaces, 0 instances, 0 with static permutations.
[2016.07.28-06.34.25:662][861]MaterialEditorStats: Info Base pass shader with only dynamic lighting: 22 instructions
[2016.07.28-06.34.25:662][861]MaterialEditorStats: Info Vertex shader: 29 instructions
[2016.07.28-06.34.25:662][861]MaterialEditorStats: Info Texture samplers: 0/16
[2016.07.28-06.34.27:137][916]LogMaterial: Missing cached shader map for material DroneBeam, compiling. 
[2016.07.28-06.34.27:141][916]LogMaterial: 0.00 seconds spent updating 1 materials, 1 interfaces, 0 instances, 0 with static permutations.
[2016.07.28-06.34.27:166][916]LogMaterial: Missing cached shader map for material FMatExpressionPreview MaterialExpressionTextureSample_1, compiling. 
[2016.07.28-06.34.28:205][ 22]MaterialEditorStats: Info Base pass shader with only dynamic lighting: 22 instructions
[2016.07.28-06.34.28:205][ 22]MaterialEditorStats: Info Vertex shader: 29 instructions
[2016.07.28-06.34.28:205][ 22]MaterialEditorStats: Info Texture samplers: 0/16
[2016.07.28-06.34.32:297][195]LogMaterial: Missing cached shader map for material DroneBeam, compiling. 
[2016.07.28-06.34.32:303][195]LogMaterial: 0.00 seconds spent updating 1 materials, 1 interfaces, 0 instances, 0 with static permutations.
[2016.07.28-06.34.32:330][195]LogMaterial: Missing cached shader map for material FMatExpressionPreview MaterialExpressionTextureSample_0, compiling. 
[2016.07.28-06.34.33:385][304]MaterialEditorStats: Info Base pass shader with only dynamic lighting: 22 instructions
[2016.07.28-06.34.33:385][304]MaterialEditorStats: Info Vertex shader: 29 instructions
[2016.07.28-06.34.33:385][304]MaterialEditorStats: Info Texture samplers: 0/16
[2016.07.28-06.34.44:862][811]LogMaterial: Missing cached shader map for material DroneBeam, compiling. 
[2016.07.28-06.34.44:866][811]LogMaterial: 0.00 seconds spent updating 1 materials, 1 interfaces, 0 instances, 0 with static permutations.
[2016.07.28-06.34.46:026][920]MaterialEditorStats: Info Base pass shader with only dynamic lighting: 22 instructions
[2016.07.28-06.34.46:026][920]MaterialEditorStats: Info Vertex shader: 29 instructions
[2016.07.28-06.34.46:026][920]MaterialEditorStats: Info Texture samplers: 0/16
[2016.07.28-06.34.46:702][941]LogMaterial: Missing cached shader map for material DroneBeam, compiling. 
[2016.07.28-06.34.46:708][941]LogMaterial: 0.00 seconds spent updating 1 materials, 1 interfaces, 0 instances, 0 with static permutations.
[2016.07.28-06.34.47:608][981]MaterialEditorStats: Info Base pass shader with only dynamic lighting: 22 instructions
[2016.07.28-06.34.47:608][981]MaterialEditorStats: Info Vertex shader: 29 instructions
[2016.07.28-06.34.47:608][981]MaterialEditorStats: Info Texture samplers: 0/16
[2016.07.28-06.34.56:269][415]LogMaterial: Missing cached shader map for material DroneBeam, compiling. 
[2016.07.28-06.34.56:275][415]LogMaterial: 0.00 seconds spent updating 1 materials, 1 interfaces, 0 instances, 0 with static permutations.
[2016.07.28-06.34.57:218][470]MaterialEditorStats: Info Base pass shader with only dynamic lighting: 22 instructions
[2016.07.28-06.34.57:218][470]MaterialEditorStats: Info Vertex shader: 29 instructions
[2016.07.28-06.34.57:218][470]MaterialEditorStats: Info Texture samplers: 0/16
[2016.07.28-06.34.57:778][492]LogMaterial: Missing cached shader map for material DroneBeam, compiling. 
[2016.07.28-06.34.57:782][492]LogMaterial: 0.00 seconds spent updating 1 materials, 1 interfaces, 0 instances, 0 with static permutations.
[2016.07.28-06.34.58:744][544]MaterialEditorStats: Info Base pass shader with only dynamic lighting: 22 instructions
[2016.07.28-06.34.58:744][544]MaterialEditorStats: Info Vertex shader: 29 instructions
[2016.07.28-06.34.58:744][544]MaterialEditorStats: Info Texture samplers: 0/16
[2016.07.28-06.35.01:530][646]LogMaterial: Missing cached shader map for material DroneBeam, compiling. 
[2016.07.28-06.35.01:536][646]LogMaterial: 0.00 seconds spent updating 1 materials, 1 interfaces, 0 instances, 0 with static permutations.
[2016.07.28-06.35.02:690][773]MaterialEditorStats: Info Base pass shader with only dynamic lighting: 22 instructions
[2016.07.28-06.35.02:690][773]MaterialEditorStats: Info Vertex shader: 29 instructions
[2016.07.28-06.35.02:690][773]MaterialEditorStats: Info Texture samplers: 0/16
[2016.07.28-06.35.10:140][ 92]LogMaterial: Missing cached shader map for material DroneBeam, compiling. 
[2016.07.28-06.35.10:145][ 92]LogMaterial: 0.00 seconds spent updating 1 materials, 1 interfaces, 0 instances, 0 with static permutations.
[2016.07.28-06.35.11:045][132]MaterialEditorStats: Info Base pass shader with only dynamic lighting: 22 instructions
[2016.07.28-06.35.11:045][132]MaterialEditorStats: Info Vertex shader: 29 instructions
[2016.07.28-06.35.11:045][132]MaterialEditorStats: Info Texture samplers: 0/16
[2016.07.28-06.35.11:842][162]LogMaterial: Missing cached shader map for material DroneBeam, compiling. 
[2016.07.28-06.35.11:847][162]LogMaterial: 0.00 seconds spent updating 1 materials, 1 interfaces, 0 instances, 0 with static permutations.
[2016.07.28-06.35.13:459][265]MaterialEditorStats: Info Base pass shader with only dynamic lighting: 22 instructions
[2016.07.28-06.35.13:459][265]MaterialEditorStats: Info Vertex shader: 29 instructions
[2016.07.28-06.35.13:459][265]MaterialEditorStats: Info Texture samplers: 0/16
[2016.07.28-06.35.17:195][371]LogMaterial: Missing cached shader map for material DroneBeam, compiling. 
[2016.07.28-06.35.17:201][371]LogMaterial: 0.00 seconds spent updating 1 materials, 1 interfaces, 0 instances, 0 with static permutations.
[2016.07.28-06.35.18:145][416]MaterialEditorStats: Info Base pass shader with only dynamic lighting: 26 instructions
[2016.07.28-06.35.18:145][416]MaterialEditorStats: Info Vertex shader: 31 instructions
[2016.07.28-06.35.18:145][416]MaterialEditorStats: Info Texture samplers: 2/16
[2016.07.28-06.35.19:335][462]LogMaterial: Missing cached shader map for material DroneBeam, compiling. 
[2016.07.28-06.35.19:339][462]LogMaterial: 0.00 seconds spent updating 1 materials, 1 interfaces, 0 instances, 0 with static permutations.
[2016.07.28-06.35.20:363][553]MaterialEditorStats: Info Base pass shader with only dynamic lighting: 26 instructions
[2016.07.28-06.35.20:363][553]MaterialEditorStats: Info Vertex shader: 31 instructions
[2016.07.28-06.35.20:363][553]MaterialEditorStats: Info Texture samplers: 2/16
[2016.07.28-06.36.14:530][756]LogMaterial: Missing cached shader map for material DroneBeam, compiling. 
[2016.07.28-06.36.14:535][756]LogMaterial: 0.00 seconds spent updating 1 materials, 1 interfaces, 0 instances, 0 with static permutations.
[2016.07.28-06.36.15:944][904]MaterialEditorStats: Info Base pass shader with only dynamic lighting: 28 instructions
[2016.07.28-06.36.15:944][904]MaterialEditorStats: Info Vertex shader: 31 instructions
[2016.07.28-06.36.15:944][904]MaterialEditorStats: Info Texture samplers: 2/16
[2016.07.28-06.36.19:882][ 62]LogMaterial: Missing cached shader map for material DroneBeam, compiling. 
[2016.07.28-06.36.19:888][ 62]LogMaterial: 0.00 seconds spent updating 1 materials, 1 interfaces, 0 instances, 0 with static permutations.
[2016.07.28-06.36.20:869][118]MaterialEditorStats: Info Base pass shader with only dynamic lighting: 28 instructions
[2016.07.28-06.36.20:870][118]MaterialEditorStats: Info Vertex shader: 31 instructions
[2016.07.28-06.36.20:870][118]MaterialEditorStats: Info Texture samplers: 2/16
[2016.07.28-06.36.25:021][365]LogMaterial: Missing cached shader map for material DroneBeam, compiling. 
[2016.07.28-06.36.25:025][365]LogMaterial: 0.00 seconds spent updating 1 materials, 1 interfaces, 0 instances, 0 with static permutations.
[2016.07.28-06.36.25:944][395]MaterialEditorStats: Info Base pass shader with only dynamic lighting: 27 instructions
[2016.07.28-06.36.25:944][395]MaterialEditorStats: Info Vertex shader: 31 instructions
[2016.07.28-06.36.25:944][395]MaterialEditorStats: Info Texture samplers: 2/16
[2016.07.28-06.36.29:049][518]LogMaterial: Missing cached shader map for material DroneBeam, compiling. 
[2016.07.28-06.36.29:054][518]LogMaterial: 0.00 seconds spent updating 1 materials, 1 interfaces, 0 instances, 0 with static permutations.
[2016.07.28-06.36.30:045][585]MaterialEditorStats: Info Base pass shader with only dynamic lighting: 28 instructions
[2016.07.28-06.36.30:045][585]MaterialEditorStats: Info Vertex shader: 31 instructions
[2016.07.28-06.36.30:045][585]MaterialEditorStats: Info Texture samplers: 2/16
[2016.07.28-06.37.27:970][ 93]LogMaterialEditor: Saving and Compiling material DroneBeam
[2016.07.28-06.37.28:332][ 93]LogMaterial: Missing cached shader map for material DroneBeam, compiling. 
[2016.07.28-06.37.28:348][ 93]LogMaterial: 0.00 seconds spent updating 1 materials, 1 interfaces, 0 instances, 0 with static permutations.
[2016.07.28-06.37.28:385][ 93]LogMaterial: Missing cached shader map for material DroneBeam, compiling. 
[2016.07.28-06.37.28:409][ 93]LogMaterial: Missing cached shader map for material DroneBeam, compiling. 
[2016.07.28-06.37.28:462][ 93]LogMaterial: 0.00 seconds spent updating 1 materials, 1 interfaces, 0 instances, 0 with static permutations.
[2016.07.28-06.37.31:473][ 93]Cmd: OBJ SAVEPACKAGE PACKAGE="/Game/Materials/DroneBeam" FILE="../../../../../../Admin/Documents/GitHub Repositories/Project_PlanetDefence/Project_PlanetDef/Content/Materials/DroneBeam.uasset" SILENT=true
[2016.07.28-06.37.31:488][ 93]LogSavePackage: Save=14.59ms
[2016.07.28-06.37.31:488][ 93]LogSavePackage: Moving '../../../../../../Admin/Documents/GitHub Repositories/Project_PlanetDefence/Project_PlanetDef/Saved/DroneBeam728135EB4471AB63745BC7B8ACFB171B.tmp' to '../../../../../../Admin/Documents/GitHub Repositories/Project_PlanetDefence/Project_PlanetDef/Content/Materials/DroneBeam.uasset'
[2016.07.28-06.37.31:490][ 93]LogSavePackage: Total save time: 16.60ms
[2016.07.28-06.37.31:490][ 93]LogSavePackage:Display: Finished SavePackage ../../../../../../Admin/Documents/GitHub Repositories/Project_PlanetDefence/Project_PlanetDef/Content/Materials/DroneBeam.uasset
[2016.07.28-06.37.31:494][ 93]MaterialEditorStats: Info Base pass shader with only dynamic lighting: 64 instructions
[2016.07.28-06.37.31:494][ 93]MaterialEditorStats: Info Vertex shader: 31 instructions
[2016.07.28-06.37.31:494][ 93]MaterialEditorStats: Info Texture samplers: 5/16
[2016.07.28-06.37.55:667][133]LogMaterial: Missing cached shader map for material DroneBeam, compiling. 
[2016.07.28-06.37.55:674][133]LogMaterial: 0.00 seconds spent updating 1 materials, 1 interfaces, 0 instances, 0 with static permutations.
[2016.07.28-06.37.56:825][171]MaterialEditorStats: Info Base pass shader with only dynamic lighting: 29 instructions
[2016.07.28-06.37.56:825][171]MaterialEditorStats: Info Vertex shader: 31 instructions
[2016.07.28-06.37.56:825][171]MaterialEditorStats: Info Texture samplers: 2/16
[2016.07.28-06.37.59:328][270]LogMaterial: Missing cached shader map for material DroneBeam, compiling. 
[2016.07.28-06.37.59:334][270]LogMaterial: 0.00 seconds spent updating 1 materials, 1 interfaces, 0 instances, 0 with static permutations.
[2016.07.28-06.38.00:449][352]MaterialEditorStats: Info Base pass shader with only dynamic lighting: 28 instructions
[2016.07.28-06.38.00:449][352]MaterialEditorStats: Info Vertex shader: 31 instructions
[2016.07.28-06.38.00:449][352]MaterialEditorStats: Info Texture samplers: 2/16
[2016.07.28-06.38.53:535][527]LogMaterial: Missing cached shader map for material DroneBeam, compiling. 
[2016.07.28-06.38.53:549][527]LogMaterial: Missing cached shader map for material DroneBeam, compiling. 
[2016.07.28-06.38.53:555][527]LogMaterial: 0.00 seconds spent updating 1 materials, 1 interfaces, 0 instances, 0 with static permutations.
[2016.07.28-06.38.56:596][872]MaterialEditorStats: Info Base pass shader with only dynamic lighting: 32 instructions
[2016.07.28-06.38.56:596][872]MaterialEditorStats: Info Base pass shader for self shadowed translucency: 69 instructions
[2016.07.28-06.38.56:596][872]MaterialEditorStats: Info Vertex shader: 68 instructions
[2016.07.28-06.38.56:596][872]MaterialEditorStats: Info Texture samplers: 6/16
[2016.07.28-06.39.15:802][793]LogMaterialEditor: Saving and Compiling material DroneBeam
[2016.07.28-06.39.16:161][793]LogMaterial: Missing cached shader map for material DroneBeam, compiling. 
[2016.07.28-06.39.16:177][793]LogMaterial: 0.00 seconds spent updating 1 materials, 1 interfaces, 0 instances, 0 with static permutations.
[2016.07.28-06.39.16:211][793]LogMaterial: Missing cached shader map for material DroneBeam, compiling. 
[2016.07.28-06.39.16:231][793]LogMaterial: Missing cached shader map for material DroneBeam, compiling. 
[2016.07.28-06.39.16:243][793]LogMaterial: 0.00 seconds spent updating 1 materials, 1 interfaces, 0 instances, 0 with static permutations.
[2016.07.28-06.39.21:981][793]Cmd: OBJ SAVEPACKAGE PACKAGE="/Game/Materials/DroneBeam" FILE="../../../../../../Admin/Documents/GitHub Repositories/Project_PlanetDefence/Project_PlanetDef/Content/Materials/DroneBeam.uasset" SILENT=true
[2016.07.28-06.39.22:003][793]LogSavePackage: Save=13.85ms
[2016.07.28-06.39.22:003][793]LogSavePackage: Moving '../../../../../../Admin/Documents/GitHub Repositories/Project_PlanetDefence/Project_PlanetDef/Saved/DroneBeamC25AB0404436126E62076A8B345FAC9D.tmp' to '../../../../../../Admin/Documents/GitHub Repositories/Project_PlanetDefence/Project_PlanetDef/Content/Materials/DroneBeam.uasset'
[2016.07.28-06.39.22:005][793]LogSavePackage: Total save time: 22.61ms
[2016.07.28-06.39.22:005][793]LogSavePackage:Display: Finished SavePackage ../../../../../../Admin/Documents/GitHub Repositories/Project_PlanetDefence/Project_PlanetDef/Content/Materials/DroneBeam.uasset
[2016.07.28-06.39.22:012][793]MaterialEditorStats: Info Base pass shader with only dynamic lighting: 56 instructions
[2016.07.28-06.39.22:012][793]MaterialEditorStats: Info Base pass shader for self shadowed translucency: 92 instructions
[2016.07.28-06.39.22:012][793]MaterialEditorStats: Info Vertex shader: 68 instructions
[2016.07.28-06.39.22:012][793]MaterialEditorStats: Info Texture samplers: 6/16
[2016.07.28-06.39.29:246][276]LogMaterialEditor: Saving and Compiling material DroneBeam
[2016.07.28-06.39.29:305][276]Cmd: OBJ SAVEPACKAGE PACKAGE="/Game/Materials/DroneBeam" FILE="../../../../../../Admin/Documents/GitHub Repositories/Project_PlanetDefence/Project_PlanetDef/Content/Materials/DroneBeam.uasset" SILENT=true
[2016.07.28-06.39.29:314][276]LogSavePackage: Save=5.30ms
[2016.07.28-06.39.29:314][276]LogSavePackage: Moving '../../../../../../Admin/Documents/GitHub Repositories/Project_PlanetDefence/Project_PlanetDef/Saved/DroneBeamC68B99C94236F5D2664F90A1BEEEBC37.tmp' to '../../../../../../Admin/Documents/GitHub Repositories/Project_PlanetDefence/Project_PlanetDef/Content/Materials/DroneBeam.uasset'
[2016.07.28-06.39.29:314][276]LogSavePackage: Total save time: 8.56ms
[2016.07.28-06.39.29:314][276]LogSavePackage:Display: Finished SavePackage ../../../../../../Admin/Documents/GitHub Repositories/Project_PlanetDefence/Project_PlanetDef/Content/Materials/DroneBeam.uasset
[2016.07.28-06.40.53:005][985]LogContentBrowser: Native class hierarchy updated for 'Cascade' in 0.0010 seconds. Added 2 classes and 2 folders.
[2016.07.28-06.40.53:055][985]LogTexture:Display: Building textures: OrientParticle (AutoDXT)
[2016.07.28-06.40.53:184][985]LogTexture:Display: Building textures: CASC_Point (AutoDXT)
[2016.07.28-06.40.53:185][985]LogTexture:Display: Building textures: CASC_Lights (BC5)
[2016.07.28-06.40.53:187][985]LogTexture:Display: Building textures: CASC_CurveEd (AutoDXT)
[2016.07.28-06.40.53:188][985]LogTexture:Display: Building textures: CASC_ModuleEnable (AutoDXT)
[2016.07.28-06.40.53:191][985]LogTexture:Display: Building textures: CASC_ModuleDisable (AutoDXT)
[2016.07.28-06.40.53:193][985]LogTexture:Display: Building textures: CASC_Solo_On (AutoDXT)
[2016.07.28-06.40.53:194][985]LogTexture:Display: Building textures: CASC_Solo_Off (AutoDXT)
[2016.07.28-06.40.53:196][985]LogTexture:Display: Building textures: CASC_DisabledModule (AutoDXT)
[2016.07.28-06.41.51:219][212]LogFileHelpers: Editor autosave (incl. sublevels) for '/Game/Maps/FirstLevel' took 0.028
[2016.07.28-06.41.51:239][212]OBJ SavePackage: Generating thumbnails for [1] asset(s) in package [/Game/Materials/BeamPulse] ([1] browsable assets)...
[2016.07.28-06.41.51:249][212]OBJ SavePackage:     Rendered thumbnail for [Texture2D /Game/Materials/BeamPulse.BeamPulse]
[2016.07.28-06.41.51:249][212]OBJ SavePackage: Finished generating thumbnails for package [/Game/Materials/BeamPulse]
[2016.07.28-06.41.51:259][212]LogSavePackage: Save=8.13ms
[2016.07.28-06.41.51:259][212]LogSavePackage: Moving '../../../../../../Admin/Documents/GitHub Repositories/Project_PlanetDefence/Project_PlanetDef/Saved/BeamPulse_Auto1CCFD30E34AF7489C3A3CA688FAF8FF26.tmp' to '../../../../../../Admin/Documents/GitHub Repositories/Project_PlanetDefence/Project_PlanetDef/Saved/Autosaves/Game/Materials/BeamPulse_Auto1.uasset'
[2016.07.28-06.41.51:259][212]LogSavePackage: Total save time: 8.79ms
[2016.07.28-06.41.51:259][212]LogSavePackage:Display: Finished SavePackage ../../../../../../Admin/Documents/GitHub Repositories/Project_PlanetDefence/Project_PlanetDef/Saved/Autosaves/Game/Materials/BeamPulse_Auto1.uasset
[2016.07.28-06.41.51:261][212]OBJ SavePackage: Generating thumbnails for [1] asset(s) in package [/Game/Materials/BaseBeam] ([1] browsable assets)...
[2016.07.28-06.41.51:269][212]OBJ SavePackage:     Rendered thumbnail for [Texture2D /Game/Materials/BaseBeam.BaseBeam]
[2016.07.28-06.41.51:269][212]OBJ SavePackage: Finished generating thumbnails for package [/Game/Materials/BaseBeam]
[2016.07.28-06.41.51:279][212]LogSavePackage: Save=9.17ms
[2016.07.28-06.41.51:279][212]LogSavePackage: Moving '../../../../../../Admin/Documents/GitHub Repositories/Project_PlanetDefence/Project_PlanetDef/Saved/BaseBeam_Auto102A5F7B840E3537D801C2AAC1E12DF34.tmp' to '../../../../../../Admin/Documents/GitHub Repositories/Project_PlanetDefence/Project_PlanetDef/Saved/Autosaves/Game/Materials/BaseBeam_Auto1.uasset'
[2016.07.28-06.41.51:280][212]LogSavePackage: Total save time: 9.96ms
[2016.07.28-06.41.51:280][212]LogSavePackage:Display: Finished SavePackage ../../../../../../Admin/Documents/GitHub Repositories/Project_PlanetDefence/Project_PlanetDef/Saved/Autosaves/Game/Materials/BaseBeam_Auto1.uasset
[2016.07.28-06.41.51:283][212]OBJ SavePackage: Generating thumbnails for [1] asset(s) in package [/Game/Particles/DroneMining] ([1] browsable assets)...
[2016.07.28-06.41.51:289][212]OBJ SavePackage:     Rendered thumbnail for [ParticleSystem /Game/Particles/DroneMining.DroneMining]
[2016.07.28-06.41.51:289][212]OBJ SavePackage: Finished generating thumbnails for package [/Game/Particles/DroneMining]
[2016.07.28-06.41.51:299][212]LogSavePackage: Save=8.43ms
[2016.07.28-06.41.51:299][212]LogSavePackage: Moving '../../../../../../Admin/Documents/GitHub Repositories/Project_PlanetDefence/Project_PlanetDef/Saved/DroneMining_Auto1BD5F9DD4480D780D7FD25D941B4FD6D1.tmp' to '../../../../../../Admin/Documents/GitHub Repositories/Project_PlanetDefence/Project_PlanetDef/Saved/Autosaves/Game/Particles/DroneMining_Auto1.uasset'
[2016.07.28-06.41.51:300][212]LogSavePackage: Total save time: 9.37ms
[2016.07.28-06.41.51:300][212]LogSavePackage:Dis