Log file open, 06/30/16 15:46:48
LogInit:Display: Running engine for game: Project_PlanetDef
LogPlatformFile: Not using cached read wrapper
LogInit:Display: RandInit(-903598804) SRandInit(-903598802).
LogTaskGraph: Started task graph with 4 named threads and 7 total threads.
LogStats: Stats thread started at 0.062248
OCULUS: Info: [CAPI] LibOVR module is located at C:\Program Files (x86)\Oculus\Support\oculus-runtime\LibOVRRT64_1.dll
OCULUS: Debug: Connected to the server running version (prod = 1).1.5.0(build = 241049) feature version = 0. Client runs version (prod = 1).1.5.0(build = 241049) feature version = 0
OCULUS: Debug: [HMDState] Using default profile default
OCULUS: Info: IAD changed to 64.0mm
OCULUS: Debug: [SharedMemory] Creating factory
LogInit: Version: 4.11.2-2946394+++UE4+Release-4.11
LogInit: API Version: 2927265
LogInit: Compiled (64-bit): Apr 18 2016 02:18:46
LogInit: Compiled with Visual C++: 19.00.23026.00
LogInit: Build Configuration: Development
LogInit: Branch Name: ++UE4+Release-4.11
LogInit: Command line: -EpicPortal 
LogInit: Base directory: D:/Program Files (x86)/Epic Games/4.11/Engine/Binaries/Win64/
LogInit: Installed Engine Build: 1
LogInit: Using libcurl 7.41.0
LogInit:  - built for x86_64-pc-win32
LogInit:  - supports SSL with WinSSL
LogInit:  - other features:
LogInit:      CURL_VERSION_SSL
LogInit:      CURL_VERSION_IPV6
LogInit:      CURL_VERSION_ASYNCHDNS
LogInit:      CURL_VERSION_LARGEFILE
LogInit:      CURL_VERSION_IDN
LogInit:  CurlRequestOptions (configurable via config and command line):
LogInit:  - bVerifyPeer = true  - Libcurl will verify peer certificate
LogInit:  - bUseHttpProxy = false  - Libcurl will NOT use HTTP proxy
LogInit:  - bDontReuseConnections = false  - Libcurl will reuse connections
LogInit:  - CertBundlePath = nullptr  - Libcurl will use whatever was configured at build time.
LogInit: Presizing for max 16777216 objects, including 0 objects not considered by GC, pre-allocating 0 bytes for permanent pool.
LogInit: Object subsystem initialized
[2016.06.30-05.46.48:350][  0]LogInit: Selected Device Profile: [Windows]
[2016.06.30-05.46.48:350][  0]LogInit: Applying CVar settings loaded from the selected device profile: [Windows]
[2016.06.30-05.46.48:364][  0]LogInit: Computer: DESKTOP-M92PTO3
[2016.06.30-05.46.48:364][  0]LogInit: User: StefanoAdmin
[2016.06.30-05.46.48:364][  0]LogInit: CPU Page size=65536, Cores=4
[2016.06.30-05.46.48:364][  0]LogInit: High frequency timer resolution =3.328127 MHz
[2016.06.30-05.46.48:364][  0]LogMemory: Memory total: Physical=15.9GB (16GB approx)
[2016.06.30-05.46.48:364][  0]LogMemory: Platform Memory Stats for Windows
[2016.06.30-05.46.48:364][  0]LogMemory: Process Physical Memory: 318.85 MB used, 318.85 MB peak
[2016.06.30-05.46.48:364][  0]LogMemory: Process Virtual Memory: 318.98 MB used, 318.98 MB peak
[2016.06.30-05.46.48:364][  0]LogMemory: Physical Memory: 6904.85 MB used, 16313.61 MB total
[2016.06.30-05.46.48:364][  0]LogMemory: Virtual Memory: 701.46 MB used, 134217728.00 MB total
[2016.06.30-05.46.48:591][  0]LogTextLocalizationManager: No specific translations for ('en-AU') exist, so ('en') translations will be used.
[2016.06.30-05.46.48:889][  0]LogD3D11RHI: D3D11 adapters:
[2016.06.30-05.46.48:910][  0]LogD3D11RHI:    0. 'NVIDIA GeForce GTX 980' (Feature Level 11_0)
[2016.06.30-05.46.48:910][  0]LogD3D11RHI:       4008MB of dedicated video memory, 0MB of dedicated system memory, and 8156MB of shared system memory, 1 output[s]
[2016.06.30-05.46.48:911][  0]LogD3D11RHI:    1. 'Microsoft Basic Render Driver' (Feature Level 11_0)
[2016.06.30-05.46.48:911][  0]LogD3D11RHI:       0MB of dedicated video memory, 0MB of dedicated system memory, and 8156MB of shared system memory, 0 output[s]
[2016.06.30-05.46.48:911][  0]LogD3D11RHI: Chosen D3D11 Adapter: 0
[2016.06.30-05.46.48:915][  0]LogD3D11RHI: Creating new Direct3DDevice
[2016.06.30-05.46.48:915][  0]LogD3D11RHI:     Adapter Name: NVIDIA GeForce GTX 980
[2016.06.30-05.46.48:915][  0]LogD3D11RHI:   Driver Version: 10.18.13.6510 (internal 10.18.13.6510)
[2016.06.30-05.46.48:915][  0]LogD3D11RHI:      Driver Date: 4-27-2016
[2016.06.30-05.46.48:915][  0]LogRHI: Texture pool is 1361 MB (70% of 1945 MB)
[2016.06.30-05.46.48:923][  0]LogD3D11RHI: Async texture creation enabled
[2016.06.30-05.46.48:937][  0]LogShaderCompilers: Guid format shader working directory is -48 characters bigger than the processId version (../../../../../../Admin/Documents/GitHub Repositories/Project_PlanetDefence/Project_PlanetDef/Intermediate/Shaders/WorkingDirectory/13688/).
[2016.06.30-05.46.48:937][  0]LogShaderCompilers: Cleaned the shader compiler working directory 'C:/Users/Admin/AppData/Local/Temp/UnrealShaderWorkingDir/3CCBD2914A631774E6FE0DBE92D527E5/'.
[2016.06.30-05.46.48:937][  0]LogShaderCompilers:Display: Using Local Shader Compiler.
[2016.06.30-05.46.49:672][  0]LogTemp:Display: Loaded TP AllDesktopTargetPlatform
[2016.06.30-05.46.49:675][  0]LogTemp:Display: Loaded TP WindowsClientTargetPlatform
[2016.06.30-05.46.49:678][  0]LogTemp:Display: Loaded TP WindowsNoEditorTargetPlatform
[2016.06.30-05.46.49:683][  0]LogTemp:Display: Loaded TP WindowsServerTargetPlatform
[2016.06.30-05.46.49:687][  0]LogTemp:Display: Loaded TP WindowsTargetPlatform
[2016.06.30-05.46.49:690][  0]LogTemp:Display: Loaded TP AndroidTargetPlatform
[2016.06.30-05.46.49:692][  0]LogTemp:Display: Loaded TP Android_ASTCTargetPlatform
[2016.06.30-05.46.49:694][  0]LogTemp:Display: Loaded TP Android_ATCTargetPlatform
[2016.06.30-05.46.49:696][  0]LogTemp:Display: Loaded TP Android_DXTTargetPlatform
[2016.06.30-05.46.49:698][  0]LogTemp:Display: Loaded TP Android_ETC1TargetPlatform
[2016.06.30-05.46.49:700][  0]LogTemp:Display: Loaded TP Android_ETC2TargetPlatform
[2016.06.30-05.46.49:704][  0]LogTemp:Display: Loaded TP Android_MultiTargetPlatform
[2016.06.30-05.46.49:704][  0]LogTemp:Display: Loaded TP Android_PVRTCTargetPlatform
[2016.06.30-05.46.49:705][  0]LogTemp:Display: Loaded TP HTML5TargetPlatform
[2016.06.30-05.46.49:719][  0]LogTemp:Display: Loaded TP IOSTargetPlatform
[2016.06.30-05.46.49:721][  0]LogTemp:Display: Loaded TP TVOSTargetPlatform
[2016.06.30-05.46.49:723][  0]LogTemp:Display: Loaded TP LinuxNoEditorTargetPlatform
[2016.06.30-05.46.49:725][  0]LogTemp:Display: Loaded TP LinuxServerTargetPlatform
[2016.06.30-05.46.49:727][  0]LogTemp:Display: Loaded TP LinuxTargetPlatform
[2016.06.30-05.46.49:727][  0]LogTargetPlatformManager:Display: Building Assets For Windows
[2016.06.30-05.46.49:773][  0]LogDerivedDataCache:Display: Max Cache Size: 512 MB
[2016.06.30-05.46.49:806][  0]LogDerivedDataCache: Loaded boot cache 0.03s 46MB C:/Users/Admin/AppData/Local/UnrealEngine/4.11/DerivedDataCache/Boot.ddc.
[2016.06.30-05.46.49:806][  0]LogDerivedDataCache:Display: Loaded Boot cache: C:/Users/Admin/AppData/Local/UnrealEngine/4.11/DerivedDataCache/Boot.ddc
[2016.06.30-05.46.49:806][  0]LogDerivedDataCache: FDerivedDataBackendGraph:  Pak pak cache file ../../../../../../Admin/Documents/GitHub Repositories/Project_PlanetDefence/Project_PlanetDef/DerivedDataCache/DDC.ddp not found, will not use a pak cache.
[2016.06.30-05.46.49:806][  0]LogDerivedDataCache: Unable to find inner node Pak for hierarchical cache Hierarchy.
[2016.06.30-05.46.49:806][  0]LogDerivedDataCache: FDerivedDataBackendGraph:  CompressedPak pak cache file ../../../../../../Admin/Documents/GitHub Repositories/Project_PlanetDefence/Project_PlanetDef/DerivedDataCache/Compressed.ddp not found, will not use a pak cache.
[2016.06.30-05.46.49:806][  0]LogDerivedDataCache: Unable to find inner node CompressedPak for hierarchical cache Hierarchy.
[2016.06.30-05.46.49:817][  0]LogDerivedDataCache:Display: Pak cache opened for reading ../../../Engine/DerivedDataCache/Compressed.ddp.
[2016.06.30-05.46.49:828][  0]LogDerivedDataCache: Using Local data cache path C:/Users/Admin/AppData/Local/UnrealEngine/Common/DerivedDataCache: Writable
[2016.06.30-05.46.49:934][  0]LogInit: Selected Device Profile: [Windows]
[2016.06.30-05.46.49:935][  0]LogContentStreaming: Texture pool size is 0.00 MB
[2016.06.30-05.46.49:957][  0]LogMaterial: Uniform references updated for custom material expression Custom.
[2016.06.30-05.46.50:069][  0]LogMeshUtilities: No automatic mesh reduction module available
[2016.06.30-05.46.50:069][  0]LogMeshUtilities: No automatic mesh merging module available
[2016.06.30-05.46.50:069][  0]LogMeshUtilities: No distributed automatic mesh merging module available
[2016.06.30-05.46.50:233][  0]LogUObjectArray: 27679 objects as part of root set at end of initial load.
[2016.06.30-05.46.50:233][  0]LogUObjectAllocator: 5591600 out of 0 bytes used by permanent object pool.
[2016.06.30-05.46.50:233][  0]LogUObjectArray: CloseDisregardForGC: 0/0 objects in disregard for GC pool
[2016.06.30-05.46.50:237][  0]LogInit: WinSock: version 1.1 (2.2), MaxSocks=32767, MaxUdp=65467
[2016.06.30-05.46.50:291][  0]LogSlate: SlateFontCache - WITH_FREETYPE: 1, WITH_HARFBUZZ: 1
[2016.06.30-05.46.50:291][  0]LogSlate: SlateFontCache - WITH_FREETYPE: 1, WITH_HARFBUZZ: 1
[2016.06.30-05.46.50:371][  0]LogStreaming:Warning: Failed to read file '../../../Engine/Content/Editor/Slate/Common/Selection_16x.png' error.
[2016.06.30-05.46.50:371][  0]LogSlate: Could not find file for Slate resource: ../../../Engine/Content/Editor/Slate/Common/Selection_16x.png
[2016.06.30-05.46.50:371][  0]LogStreaming:Warning: Failed to read file '../../../Engine/Content/Editor/Slate/Common/Selection_16x.png' error.
[2016.06.30-05.46.50:371][  0]LogSlate: Could not find file for Slate resource: ../../../Engine/Content/Editor/Slate/Common/Selection_16x.png
[2016.06.30-05.46.50:371][  0]LogStreaming:Warning: Failed to read file '../../../Engine/Content/Editor/Slate/Common/Selection_16x.png' error.
[2016.06.30-05.46.50:371][  0]LogSlate: Could not find file for Slate resource: ../../../Engine/Content/Editor/Slate/Common/Selection_16x.png
[2016.06.30-05.46.50:745][  0]LogSubstanceCoreModule: Substance CPU Engine Loaded, Max Texture Size 2048
[2016.06.30-05.46.50:750][  0]LogUdpMessaging: Initializing bridge on interface 0.0.0.0:0 to multicast group 230.0.0.1:6666.
[2016.06.30-05.46.50:841][  0]LogAssetRegistry: FAssetRegistry took 0.0213 seconds to start up
[2016.06.30-05.46.50:928][  0]SourceControl: Info Source control is disabled
[2016.06.30-05.46.50:954][  0]SourceControl: Info Source control is disabled
[2016.06.30-05.46.50:958][  0]SourceControl: Info Source control is disabled
[2016.06.30-05.46.50:962][  0]SourceControl: Info Source control is disabled
[2016.06.30-05.46.56:092][  0]LogHMD: Failed to initialize OpenVR with code 301
[2016.06.30-05.46.56:148][  0]LogEngine: Initializing Engine...
[2016.06.30-05.46.56:148][  0]LogHMD: Oculus plugin initialized. Version: 4.11.2-2946394+++UE4+Release-4.11, LibOVR: 1.5.0, SDK: 1.3.0, built Apr 18 2016, 02:19:44
[2016.06.30-05.46.56:240][  0]OCULUS: Debug: [HMDState] Using default profile default
[2016.06.30-05.46.56:240][  0]OCULUS: Info: IAD changed to 64.0mm
[2016.06.30-05.46.56:248][  0]LogAIModule: Creating AISystem for world NewWorld
[2016.06.30-05.46.56:258][  0]LogInit: XAudio2 using 'Headphones (Rift Audio)' : 2 channels at 48 kHz using 16 bits per sample (channel mask 0x3)
[2016.06.30-05.46.56:264][  0]LogInit: FAudioDevice initialized.
[2016.06.30-05.46.56:281][  0]LogDerivedDataCache: Saved boot cache 0.02s 46MB C:/Users/Admin/AppData/Local/UnrealEngine/4.11/DerivedDataCache/Boot.ddc.
[2016.06.30-05.46.56:285][  0]LogInit: Texture streaming: Enabled
[2016.06.30-05.46.56:384][  0]LogInit: Transaction tracking system initialized
[2016.06.30-05.46.56:398][  0]BlueprintLog: New page: Editor Load
[2016.06.30-05.46.56:443][  0]LocalizationService: Info Localization service is disabled
[2016.06.30-05.46.56:508][  0]LogConsoleResponse:Display: 
[2016.06.30-05.46.56:700][  0]LogFileCache: Scanning file cache for directory 'D:/Admin/Documents/GitHub Repositories/Project_PlanetDefence/Project_PlanetDef/Content/' took 0.03s
[2016.06.30-05.46.56:700][  0]LogCook:Display: Max memory allowance for cook 8192mb
[2016.06.30-05.46.56:700][  0]LogCook:Display: Mobile HDR setting 1
[2016.06.30-05.46.56:700][  0]LogCook:Display: Done creating registry. It took  0.00s.
[2016.06.30-05.46.56:736][  0]SourceControl: Info Source control is disabled
[2016.06.30-05.46.56:736][  0]Cmd: MAP LOAD FILE="../../../Engine/Content/Maps/Templates/Template_Default.umap" TEMPLATE=1 SHOWPROGRESS=1 FEATURELEVEL=3
[2016.06.30-05.46.56:737][  0]LightingResults: New page: Lighting Build
[2016.06.30-05.46.56:738][  0]MapCheck: New page: Map Check
[2016.06.30-05.46.56:738][  0]LightingResults: New page: Lighting Build
[2016.06.30-05.46.56:894][  0]LogAIModule: Creating AISystem for world Untitled_1
[2016.06.30-05.46.56:897][  0]LogEditorServer: Finished looking for orphan Actors (0.000 secs)
[2016.06.30-05.46.56:900][  0]Cmd: MAP CHECKDEP NOCLEARLOG
[2016.06.30-05.46.56:920][  0]MapCheck: Info Map check complete: 0 Error(s), 0 Warning(s), took 19.468ms to complete.
[2016.06.30-05.46.56:920][  0]LogFileHelpers: Loading map 'Template_Default' took 0.184
[2016.06.30-05.46.58:800][  0]LogCollectionManager: Loaded 0 collections in 0.001093 seconds
[2016.06.30-05.46.59:228][  0]LogFileCache: Scanning file cache for directory 'D:/Admin/Documents/GitHub Repositories/Project_PlanetDefence/Project_PlanetDef/Saved/Collections/' took 0.01s
[2016.06.30-05.46.59:228][  0]LogFileCache: Scanning file cache for directory 'D:/Admin/Documents/GitHub Repositories/Project_PlanetDefence/Project_PlanetDef/Content/Developers/StefanoAdmin/Collections/' took 0.01s
[2016.06.30-05.46.59:228][  0]LogFileCache: Scanning file cache for directory 'D:/Admin/Documents/GitHub Repositories/Project_PlanetDefence/Project_PlanetDef/Content/Collections/' took 0.01s
[2016.06.30-05.46.59:228][  0]LogCollectionManager: Rebuilt the GUID cache for 0 collections in 0.000002 seconds
[2016.06.30-05.46.59:236][  0]LogContentBrowser: Native class hierarchy populated in 0.0069 seconds. Added 1994 classes and 349 folders.
[2016.06.30-05.46.59:445][  0]LogStats: UGameplayTagsManager::ConstructGameplayTagTree: Construct from data asset -  0.000 s
[2016.06.30-05.46.59:468][  0]LogStats: UGameplayTagsManager::ConstructGameplayTagTree: GameplayTagTreeChangedEvent.Broadcast -  0.023 s
[2016.06.30-05.46.59:469][  0]LogContentBrowser: Native class hierarchy updated for 'GameplayTags' in 0.0003 seconds. Added 12 classes and 0 folders.
[2016.06.30-05.46.59:495][  0]LogContentBrowser: Native class hierarchy updated for 'WidgetCarousel' in 0.0002 seconds. Added 0 classes and 0 folders.
[2016.06.30-05.46.59:824][  0]LogContentBrowser: Native class hierarchy updated for 'SuperSearch' in 0.0003 seconds. Added 1 classes and 2 folders.
[2016.06.30-05.47.01:567][  0]LogContentBrowser: Native class hierarchy updated for 'AddContentDialog' in 0.0003 seconds. Added 0 classes and 0 folders.
[2016.06.30-05.47.01:760][  0]LogContentBrowser: Native class hierarchy updated for 'SceneOutliner' in 0.0003 seconds. Added 1 classes and 2 folders.
[2016.06.30-05.47.02:871][  0]LogCrashTracker: Crashtracker disabled due to settings.
[2016.06.30-05.47.03:430][  0]LogUObjectGlobals:Warning: Failed to find object 'Class None.'
[2016.06.30-05.47.03:557][  0]LogContentBrowser: Native class hierarchy updated for 'HierarchicalLODOutliner' in 0.0003 seconds. Added 1 classes and 2 folders.
[2016.06.30-05.47.03:558][  0]LogLoad: Full Startup: 15.88 seconds (BP compile: 0.02 seconds)
[2016.06.30-05.47.03:558][  0]LogExternalProfiler: Found external profiler: VSPerf
[2016.06.30-05.47.03:558][  0]LogExternalProfiler: Using external profiler: VSPerf
[2016.06.30-05.47.03:566][  0]LogWindowsTextInputMethodSystem:Display: IME system now deactivated.
[2016.06.30-05.47.03:566][  0]LogOcInput: OculusInput pre-init called
[2016.06.30-05.47.03:574][  0]LogOcInput: OculusInput is initialized. Init status 0. Runtime version: 1.5.0
[2016.06.30-05.47.04:619][  0]LogContentStreaming: Texture pool size now 1000 MB
[2016.06.30-05.47.05:987][  0]LogRenderer: Reallocating scene render targets to support 1208x576 (Frame:2).
[2016.06.30-05.47.09:094][101]LogAssetRegistry: Asset discovery search completed in 18.2746 seconds
[2016.06.30-05.47.09:094][101]LogCollectionManager: Rebuilt the object cache for 0 collections in 0.000001 seconds (found 0 objects)
[2016.06.30-05.47.09:094][101]LogCollectionManager: Fixed up redirectors for 0 collections in 0.000016 seconds (updated 0 objects)
[2016.06.30-05.47.25:666][185]LogMaterial: Missing cached shader map for material ProjectileMat, compiling. 
[2016.06.30-05.47.27:174][185]LogContentBrowser: Native class hierarchy updated for 'BlueprintGraph' in 0.0006 seconds. Added 108 classes and 0 folders.
[2016.06.30-05.47.58:648][516]LogWindowsTextInputMethodSystem:Display: IME system now deactivated.
[2016.06.30-05.47.58:899][517]Cmd: QUIT_EDITOR
[2016.06.30-05.47.58:963][517]LogExit: Preparing to exit.
[2016.06.30-05.47.59:909][517]LogExit: Editor shut down
[2016.06.30-05.47.59:909][517]LogExit: Transaction tracking system shut down
[2016.06.30-05.48.00:009][517]LogObj: Freed 0b from 0 cluster array pools.
[2016.06.30-05.48.00:009][517]LogExit: Object subsystem successfully closed.
[2016.06.30-05.48.00:025][517]LogD3D11RHI: Shutdown
[2016.06.30-05.48.00:026][517]LogD3D11RHI: CleanupD3DDevice
[2016.06.30-05.48.00:064][517]LogD3D11RHI: ~FD3D11DynamicRHI
[2016.06.30-05.48.00:369][517]LogDerivedDataCache: Shutdown
[2016.06.30-05.48.00:370][517]LogModuleManager: Shutting down and abandoning module BlueprintGraph (207)
[2016.06.30-05.48.00:370][517]LogModuleManager: Shutting down and abandoning module HierarchicalLODOutliner (206)
[2016.06.30-05.48.00:370][517]LogModuleManager: Shutting down and abandoning module CrashTracker (205)
[2016.06.30-05.48.00:370][517]LogModuleManager: Shutting down and abandoning module SceneOutliner (204)
[2016.06.30-05.48.00:370][517]LogModuleManager: Shutting down and abandoning module SuperSearch (203)
[2016.06.30-05.48.00:370][517]LogModuleManager: Shutting down and abandoning module WidgetCarousel (202)
[2016.06.30-05.48.00:370][517]LogModuleManager: Shutting down and abandoning module AddContentDialog (201)
[2016.06.30-05.48.00:370][517]LogModuleManager: Shutting down and abandoning module GameplayTags (200)
[2016.06.30-05.48.00:370][517]LogModuleManager: Shutting down and abandoning module EditorWidgets (199)
[2016.06.30-05.48.00:370][517]LogModuleManager: Shutting down and abandoning module CollectionManager (198)
[2016.06.30-05.48.00:370][517]LogModuleManager: Shutting down and abandoning module StatsViewer (197)
[2016.06.30-05.48.00:370][517]LogModuleManager: Shutting down and abandoning module FoliageEdit (196)
[2016.06.30-05.48.00:370][517]LogModuleManager: Shutting down and abandoning module LandscapeEditor (195)
[2016.06.30-05.48.00:371][517]LogModuleManager: Shutting down and abandoning module ActorPickerMode (194)
[2016.06.30-05.48.00:371][517]LogModuleManager: Shutting down and abandoning module GeometryMode (193)
[2016.06.30-05.48.00:371][517]LogModuleManager: Shutting down and abandoning module TextureAlignMode (192)
[2016.06.30-05.48.00:371][517]LogModuleManager: Shutting down and abandoning module BspMode (191)
[2016.06.30-05.48.00:371][517]LogModuleManager: Shutting down and abandoning module PlacementMode (190)
[2016.06.30-05.48.00:371][517]LogModuleManager: Shutting down and abandoning module AutomationWorker (189)
[2016.06.30-05.48.00:371][517]LogModuleManager: Shutting down and abandoning module CharacterAI (188)
[2016.06.30-05.48.00:371][517]LogModuleManager: Shutting down and abandoning module SmartSnapping (187)
[2016.06.30-05.48.00:371][517]LogModuleManager: Shutting down and abandoning module ViewportSnapping (186)
[2016.06.30-05.48.00:371][517]LogModuleManager: Shutting down and abandoning module LogVisualizer (185)
[2016.06.30-05.48.00:371][517]LogModuleManager: Shutting down and abandoning module GameProjectGeneration (184)
[2016.06.30-05.48.00:371][517]LogModuleManager: Shutting down and abandoning module IntroTutorials (183)
[2016.06.30-05.48.00:371][517]LogModuleManager: Shutting down and abandoning module EditorLiveStreaming (182)
[2016.06.30-05.48.00:371][517]LogModuleManager: Shutting down and abandoning module IOSPlatformEditor (181)
[2016.06.30-05.48.00:371][517]LogModuleManager: Shutting down and abandoning module HTML5PlatformEditor (180)
[2016.06.30-05.48.00:371][517]LogModuleManager: Shutting down and abandoning module AndroidDeviceDetection (179)
[2016.06.30-05.48.00:475][517]LogModuleManager: Shutting down and abandoning module AndroidPlatformEditor (178)
[2016.06.30-05.48.00:475][517]LogModuleManager: Shutting down and abandoning module IOSRuntimeSettings (177)
[2016.06.30-05.48.00:475][517]LogModuleManager: Shutting down and abandoning module AndroidRuntimeSettings (176)
[2016.06.30-05.48.00:475][517]LogModuleManager: Shutting down and abandoning module MergeActors (175)
[2016.06.30-05.48.00:475][517]LogModuleManager: Shutting down and abandoning module SizeMap (174)
[2016.06.30-05.48.00:475][517]LogModuleManager: Shutting down and abandoning module TreeMap (173)
[2016.06.30-05.48.00:475][517]LogModuleManager: Shutting down and abandoning module ReferenceViewer (172)
[2016.06.30-05.48.00:475][517]LogModuleManager: Shutting down and abandoning module LocalizationService (171)
[2016.06.30-05.48.00:475][517]LogModuleManager: Shutting down and abandoning module LocalizationDashboard (170)
[2016.06.30-05.48.00:475][517]LogModuleManager: Shutting down and abandoning module HardwareTargeting (169)
[2016.06.30-05.48.00:475][517]LogModuleManager: Shutting down and abandoning module DeviceProfileEditor (168)
[2016.06.30-05.48.00:475][517]LogModuleManager: Shutting down and abandoning module UndoHistory (167)
[2016.06.30-05.48.00:475][517]LogModuleManager: Shutting down and abandoning module UserFeedback (166)
[2016.06.30-05.48.00:475][517]LogModuleManager: Shutting down and abandoning module XmlParser (165)
[2016.06.30-05.48.00:475][517]LogModuleManager: Shutting down and abandoning module Blutility (164)
[2016.06.30-05.48.00:475][517]LogModuleManager: Shutting down and abandoning module ProjectTargetPlatformEditor (163)
[2016.06.30-05.48.00:475][517]LogModuleManager: Shutting down and abandoning module ProjectSettingsViewer (162)
[2016.06.30-05.48.00:475][517]LogModuleManager: Shutting down and abandoning module InputBindingEditor (161)
[2016.06.30-05.48.00:475][517]LogModuleManager: Shutting down and abandoning module EditorSettingsViewer (160)
[2016.06.30-05.48.00:475][517]LogModuleManager: Shutting down and abandoning module SettingsEditor (159)
[2016.06.30-05.48.00:475][517]LogModuleManager: Shutting down and abandoning module ProjectLauncher (158)
[2016.06.30-05.48.00:475][517]LogModuleManager: Shutting down and abandoning module SessionFrontend (157)
[2016.06.30-05.48.00:475][517]LogModuleManager: Shutting down and abandoning module ProfilerClient (156)
[2016.06.30-05.48.00:475][517]LogModuleManager: Shutting down and abandoning module TargetDeviceServices (155)
[2016.06.30-05.48.00:475][517]LogModuleManager: Shutting down and abandoning module DeviceManager (154)
[2016.06.30-05.48.00:516][517]LogModuleManager: Shutting down and abandoning module AutomationController (153)
[2016.06.30-05.48.00:516][517]LogModuleManager: Shutting down and abandoning module AutomationWindow (152)
[2016.06.30-05.48.00:516][517]LogModuleManager: Shutting down and abandoning module Layers (151)
[2016.06.30-05.48.00:516][517]LogModuleManager: Shutting down and abandoning module ComponentVisualizers (150)
[2016.06.30-05.48.00:516][517]LogModuleManager: Shutting down and abandoning module DetailCustomizations (149)
[2016.06.30-05.48.00:516][517]LogModuleManager: Shutting down and abandoning module PackagesDialog (148)
[2016.06.30-05.48.00:516][517]LogModuleManager: Shutting down and abandoning module Persona (147)
[2016.06.30-05.48.00:516][517]LogModuleManager: Shutting down and abandoning module Kismet (146)
[2016.06.30-05.48.00:516][517]LogModuleManager: Shutting down and abandoning module GraphEditor (145)
[2016.06.30-05.48.00:516][517]LogModuleManager: Shutting down and abandoning module ClassViewer (144)
[2016.06.30-05.48.00:516][517]LogModuleManager: Shutting down and abandoning module Toolbox (143)
[2016.06.30-05.48.00:516][517]LogModuleManager: Shutting down and abandoning module ModuleUI (142)
[2016.06.30-05.48.00:516][517]LogModuleManager: Shutting down and abandoning module MovieSceneTools (141)
[2016.06.30-05.48.00:516][517]LogModuleManager: Shutting down and abandoning module OutputLog (140)
[2016.06.30-05.48.00:516][517]LogModuleManager: Shutting down and abandoning module GammaUI (139)
[2016.06.30-05.48.00:516][517]LogModuleManager: Shutting down and abandoning module Documentation (138)
[2016.06.30-05.48.00:516][517]LogModuleManager: Shutting down and abandoning module StreamingPauseRendering (137)
[2016.06.30-05.48.00:516][517]LogModuleManager: Shutting down and abandoning module AnalyticsET (136)
[2016.06.30-05.48.00:516][517]LogModuleManager: Shutting down and abandoning module Analytics (135)
[2016.06.30-05.48.00:516][517]LogModuleManager: Shutting down and abandoning module PortalServices (134)
[2016.06.30-05.48.00:516][517]LogModuleManager: Shutting down and abandoning module PortalRpc (133)
[2016.06.30-05.48.00:516][517]LogModuleManager: Shutting down and abandoning module MessagingRpc (132)
[2016.06.30-05.48.00:516][517]LogModuleManager: Shutting down and abandoning module AITestSuite (131)
[2016.06.30-05.48.00:516][517]LogModuleManager: Shutting down and abandoning module GameplayDebugger (130)
[2016.06.30-05.48.00:516][517]LogModuleManager: Shutting down and abandoning module AIModule (129)
[2016.06.30-05.48.00:516][517]LogModuleManager: Shutting down and abandoning module ProfilerService (128)
[2016.06.30-05.48.00:659][517]LogModuleManager: Shutting down and abandoning module TaskGraph (127)
[2016.06.30-05.48.00:659][517]LogModuleManager: Shutting down and abandoning module SubstanceEditor (126)
[2016.06.30-05.48.00:659][517]LogModuleManager: Shutting down and abandoning module SlateRemote (125)
[2016.06.30-05.48.00:659][517]LogModuleManager: Shutting down and abandoning module SteamVRController (124)
[2016.06.30-05.48.00:659][517]LogModuleManager: Shutting down and abandoning module SteamVR (123)
[2016.06.30-05.48.00:659][517]LogModuleManager: Shutting down and abandoning module ProceduralMeshComponent (122)
[2016.06.30-05.48.00:659][517]LogModuleManager: Shutting down and abandoning module OculusLibrary (121)
[2016.06.30-05.48.00:659][517]LogModuleManager: Shutting down and abandoning module OculusInput (120)
[2016.06.30-05.48.00:659][517]LogModuleManager: Shutting down and abandoning module CustomMeshComponent (119)
[2016.06.30-05.48.00:659][517]LogModuleManager: Shutting down and abandoning module CableComponent (118)
[2016.06.30-05.48.00:659][517]LogModuleManager: Shutting down and abandoning module ArchVisCharacter (117)
[2016.06.30-05.48.00:659][517]LogModuleManager: Shutting down and abandoning module MediaPlayerEditor (116)
[2016.06.30-05.48.00:659][517]LogModuleManager: Shutting down and abandoning module HTML5Networking (115)
[2016.06.30-05.48.00:659][517]LogModuleManager: Shutting down and abandoning module SpeedTreeImporter (114)
[2016.06.30-05.48.00:659][517]LogModuleManager: Shutting down and abandoning module PluginBrowser (113)
[2016.06.30-05.48.00:659][517]LogModuleManager: Shutting down and abandoning module EpicSurvey (112)
[2016.06.30-05.48.00:668][517]LogModuleManager: Shutting down and abandoning module DesktopPlatform (111)
[2016.06.30-05.48.00:668][517]LogModuleManager: Shutting down and abandoning module VisualStudioSourceCodeAccess (110)
[2016.06.30-05.48.00:668][517]LogModuleManager: Shutting down and abandoning module UObjectPlugin (109)
[2016.06.30-05.48.00:668][517]LogModuleManager: Shutting down and abandoning module SubversionSourceControl (108)
[2016.06.30-05.48.00:668][517]LogModuleManager: Shutting down and abandoning module PerforceSourceControl (107)
[2016.06.30-05.48.00:668][517]LogModuleManager: Shutting down and abandoning module SourceControl (106)
[2016.06.30-05.48.00:668][517]LogModuleManager: Shutting down and abandoning module GitSourceControl (105)
[2016.06.30-05.48.00:668][517]LogModuleManager: Shutting down and abandoning module LightPropagationVolumeEditor (104)
[2016.06.30-05.48.00:668][517]LogModuleManager: Shutting down and abandoning module PaperTiledImporter (103)
[2016.06.30-05.48.00:668][517]LogModuleManager: Shutting down and abandoning module PaperSpriteSheetImporter (102)
[2016.06.30-05.48.00:668][517]LogModuleManager: Shutting down and abandoning module MeshPaint (101)
[2016.06.30-05.48.00:668][517]LogModuleManager: Shutting down and abandoning module HotReload (100)
[2016.06.30-05.48.00:669][517]LogModuleManager: Shutting down and abandoning module MainFrame (99)
[2016.06.30-05.48.00:669][517]LogModuleManager: Shutting down and abandoning module LevelEditor (98)
[2016.06.30-05.48.00:669][517]LogModuleManager: Shutting down and abandoning module DirectoryWatcher (97)
[2016.06.30-05.48.00:669][517]LogModuleManager: Shutting down and abandoning module AssetRegistry (96)
[2016.06.30-05.48.00:773][517]LogModuleManager: Shutting down and abandoning module ContentBrowser (95)
[2016.06.30-05.48.00:774][517]LogModuleManager: Shutting down and abandoning module Paper2DEditor (94)
[2016.06.30-05.48.00:774][517]LogModuleManager: Shutting down and abandoning module UdpMessaging (93)
[2016.06.30-05.48.00:874][517]LogModuleManager: Shutting down and abandoning module SubstanceCore (92)
[2016.06.30-05.48.00:874][517]LogModuleManager: Shutting down and abandoning module LightPropagationVolumeRuntime (91)
[2016.06.30-05.48.00:874][517]LogModuleManager: Shutting down and abandoning module Paper2D (90)
[2016.06.30-05.48.00:874][517]LogModuleManager: Shutting down and abandoning module WindowsMoviePlayer (89)
[2016.06.30-05.48.00:874][517]LogModuleManager: Shutting down and abandoning module Media (88)
[2016.06.30-05.48.00:874][517]LogModuleManager: Shutting down and abandoning module WmfMedia (87)
[2016.06.30-05.48.00:874][517]LogModuleManager: Shutting down and abandoning module MediaAssets (86)
[2016.06.30-05.48.00:874][517]LogModuleManager: Shutting down and abandoning module GameLiveStreaming (85)
[2016.06.30-05.48.00:874][517]LogModuleManager: Shutting down and abandoning module GameplayTagsEditor (84)
[2016.06.30-05.48.00:874][517]LogModuleManager: Shutting down and abandoning module OnlineBlueprintSupport (83)
[2016.06.30-05.48.00:874][517]LogModuleManager: Shutting down and abandoning module GameplayTasksEditor (82)
[2016.06.30-05.48.00:874][517]LogModuleManager: Shutting down and abandoning module PropertyEditor (81)
[2016.06.30-05.48.00:874][517]LogModuleManager: Shutting down and abandoning module BehaviorTreeEditor (80)
[2016.06.30-05.48.00:874][517]LogModuleManager: Shutting down and abandoning module FunctionalTesting (79)
[2016.06.30-05.48.00:874][517]LogModuleManager: Shutting down and abandoning module CollisionAnalyzer (78)
[2016.06.30-05.48.00:874][517]LogModuleManager: Shutting down and abandoning module WorkspaceMenuStructure (77)
[2016.06.30-05.48.00:874][517]LogModuleManager: Shutting down and abandoning module MessageLog (76)
[2016.06.30-05.48.00:874][517]LogModuleManager: Shutting down and abandoning module Sequencer (75)
[2016.06.30-05.48.00:874][517]LogModuleManager: Shutting down and abandoning module AssetTools (74)
[2016.06.30-05.48.00:874][517]LogModuleManager: Shutting down and abandoning module UMGEditor (73)
[2016.06.30-05.48.00:874][517]LogModuleManager: Shutting down and abandoning module UMG (72)
[2016.06.30-05.48.00:874][517]LogModuleManager: Shutting down and abandoning module SlateReflector (71)
[2016.06.30-05.48.00:874][517]LogModuleManager: Shutting down and abandoning module Slate (70)
[2016.06.30-05.48.00:874][517]LogModuleManager: Shutting down and abandoning module EditorStyle (69)
[2016.06.30-05.48.00:876][517]LogModuleManager: Shutting down and abandoning module SessionServices (68)
[2016.06.30-05.48.00:876][517]LogModuleManager: Shutting down and abandoning module SourceCodeAccess (67)
[2016.06.30-05.48.00:876][517]LogModuleManager: Shutting down and abandoning module HeadMountedDisplay (66)
[2016.06.30-05.48.00:876][517]LogModuleManager: Shutting down and abandoning module XAudio2 (65)
[2016.06.30-05.48.00:876][517]LogModuleManager: Shutting down and abandoning module Networking (63)
[2016.06.30-05.48.00:876][517]LogModuleManager: Shutting down and abandoning module Core (62)
[2016.06.30-05.48.00:876][517]LogModuleManager: Shutting down and abandoning module KismetCompiler (61)
[2016.06.30-05.48.00:876][517]LogModuleManager: Shutting down and abandoning module PhysXFormats (60)
[2016.06.30-05.48.00:876][517]LogModuleManager: Shutting down and abandoning module MeshUtilities (59)
[2016.06.30-05.48.00:876][517]LogModuleManager: Shutting down and abandoning module CookingStats (58)
[2016.06.30-05.48.00:876][517]LogModuleManager: Shutting down and abandoning module DerivedDataCache (57)
[2016.06.30-05.48.00:876][517]LogDerivedDataCache: Shutdown
[2016.06.30-05.48.00:876][517]LogModuleManager: Shutting down and abandoning module ShaderFormatOpenGL (56)
[2016.06.30-05.48.00:876][517]LogModuleManager: Shutting down and abandoning module ShaderFormatD3D (55)
[2016.06.30-05.48.00:876][517]LogModuleManager: Shutting down and abandoning module MetalShaderFormat (54)
[2016.06.30-05.48.00:876][517]LogModuleManager: Shutting down and abandoning module TextureFormatUncompressed (53)
[2016.06.30-05.48.00:876][517]LogModuleManager: Shutting down and abandoning module TextureFormatPVR (52)
[2016.06.30-05.48.00:876][517]LogModuleManager: Shutting down and abandoning module TextureFormatIntelISPCTexComp (51)
[2016.06.30-05.48.00:876][517]LogModuleManager: Shutting down and abandoning module TextureFormatDXT (50)
[2016.06.30-05.48.00:876][517]LogModuleManager: Shutting down and abandoning module ImageWrapper (49)
[2016.06.30-05.48.00:876][517]LogModuleManager: Shutting down and abandoning module TextureFormatASTC (48)
[2016.06.30-05.48.00:876][517]LogModuleManager: Shutting down and abandoning module TextureFormatAndroid (47)
[2016.06.30-05.48.00:876][517]LogModuleManager: Shutting down and abandoning module AudioFormatOpus (46)
[2016.06.30-05.48.00:876][517]LogModuleManager: Shutting down and abandoning module AudioFormatOgg (45)
[2016.06.30-05.48.00:876][517]LogModuleManager: Shutting down and abandoning module AudioFormatADPCM (44)
[2016.06.30-05.48.00:876][517]LogModuleManager: Shutting down and abandoning module LinuxTargetPlatform (43)
[2016.06.30-05.48.00:876][517]LogModuleManager: Shutting down and abandoning module LinuxServerTargetPlatform (42)
[2016.06.30-05.48.00:876][517]LogModuleManager: Shutting down and abandoning module LinuxNoEditorTargetPlatform (41)
[2016.06.30-05.48.00:876][517]LogModuleManager: Shutting down and abandoning module TVOSTargetPlatform (40)
[2016.06.30-05.48.00:876][517]LogModuleManager: Shutting down and abandoning module Messaging (39)
[2016.06.30-05.48.00:876][517]LogModuleManager: Shutting down and abandoning module IOSTargetPlatform (38)
[2016.06.30-05.48.00:876][517]LogModuleManager: Shutting down and abandoning module HTML5TargetPlatform (37)
[2016.06.30-05.48.00:876][517]LogModuleManager: Shutting down and abandoning module Android_PVRTCTargetPlatform (36)
[2016.06.30-05.48.00:876][517]LogModuleManager: Shutting down and abandoning module Android_MultiTargetPlatform (35)
[2016.06.30-05.48.00:876][517]LogModuleManager: Shutting down and abandoning module Android_ETC2TargetPlatform (34)
[2016.06.30-05.48.00:876][517]LogModuleManager: Shutting down and abandoning module Android_ETC1TargetPlatform (33)
[2016.06.30-05.48.00:876][517]LogModuleManager: Shutting down and abandoning module Android_DXTTargetPlatform (32)
[2016.06.30-05.48.00:876][517]LogModuleManager: Shutting down and abandoning module Android_ATCTargetPlatform (31)
[2016.06.30-05.48.00:876][517]LogModuleManager: Shutting down and abandoning module Android_ASTCTargetPlatform (30)
[2016.06.30-05.48.00:876][517]LogModuleManager: Shutting down and abandoning module AndroidTargetPlatform (29)
[2016.06.30-05.48.00:876][517]LogModuleManager: Shutting down and abandoning module WindowsTargetPlatform (28)
[2016.06.30-05.48.00:876][517]LogModuleManager: Shutting down and abandoning module WindowsServerTargetPlatform (27)
[2016.06.30-05.48.00:876][517]LogModuleManager: Shutting down and abandoning module WindowsNoEditorTargetPlatform (26)
[2016.06.30-05.48.00:876][517]LogModuleManager: Shutting down and abandoning module WindowsClientTargetPlatform (25)
[2016.06.30-05.48.00:876][517]LogModuleManager: Shutting down and abandoning module AllDesktopTargetPlatform (24)
[2016.06.30-05.48.00:876][517]LogModuleManager: Shutting down and abandoning module TargetPlatform (23)
[2016.06.30-05.48.00:876][517]LogModuleManager: Shutting down and abandoning module InputCore (22)
[2016.06.30-05.48.00:876][517]LogModuleManager: Shutting down and abandoning module Settings (21)
[2016.06.30-05.48.00:876][517]LogModuleManager: Shutting down and abandoning module OnlineSubsystem (19)
[2016.06.30-05.48.00:876][517]LogModuleManager: Shutting down and abandoning module HTTP (18)
[2016.06.30-05.48.02:878][517]LogModuleManager: Shutting down and abandoning module XMPP (17)
[2016.06.30-05.48.02:878][517]LogModuleManager: Shutting down and abandoning module OculusRift (16)
[2016.06.30-05.48.02:878][517]LogHMD: Oculus shutdown.
[2016.06.30-05.48.02:878][517]LogModuleManager: Shutting down and abandoning module ExampleDeviceProfileSelector (15)
[2016.06.30-05.48.02:878][517]LogModuleManager: Shutting down and abandoning module TextureCompressor (14)
[2016.06.30-05.48.02:881][517]LogModuleManager: Shutting down and abandoning module ShaderCore (13)
[2016.06.30-05.48.02:881][517]LogModuleManager: Shutting down and abandoning module Landscape (12)
[2016.06.30-05.48.02:881][517]LogModuleManager: Shutting down and abandoning module SlateRHIRenderer (11)
[2016.06.30-05.48.02:882][517]LogModuleManager: Shutting down and abandoning module OpenGLDrv (10)
[2016.06.30-05.48.02:882][517]LogModuleManager: Shutting down and abandoning module D3D11RHI (9)
[2016.06.30-05.48.02:882][517]LogModuleManager: Shutting down and abandoning module AnimGraphRuntime (8)
[2016.06.30-05.48.02:882][517]LogModuleManager: Shutting down and abandoning module Renderer (7)
[2016.06.30-05.48.02:882][517]LogModuleManager: Shutting down and abandoning module Engine (6)
[2016.06.30-05.48.02:882][517]LogModuleManager: Shutting down and abandoning module CoreUObject (5)
[2016.06.30-05.48.02:882][517]LogModuleManager: Shutting down and abandoning module NetworkFile (4)
[2016.06.30-05.48.02:882][517]LogModuleManager: Shutting down and abandoning module StreamingFile (3)
[2016.06.30-05.48.02:882][517]LogModuleManager: Shutting down and abandoning module SandboxFile (2)
[2016.06.30-05.48.02:882][517]LogModuleManager: Shutting down and abandoning module PakFile (1)
[2016.06.30-05.48.02:883][517]LogExit: Exiting.
[2016.06.30-05.48.02:884][517]Log file closed, 06/30/16 15:48:02
