Log file open, 07/28/16 16:42:25
LogInit:Display: Running engine for game: Project_PlanetDef
LogPlatformFile: Not using cached read wrapper
LogInit:Display: RandInit(-1872396744) SRandInit(-1872396741).
LogTaskGraph: Started task graph with 4 named threads and 7 total threads.
LogStats: Stats thread started at 0.069201
OCULUS: Info: [CAPI] LibOVR module is located at C:\Program Files (x86)\Oculus\Support\oculus-runtime\LibOVRRT64_1.dll
OCULUS: Debug: Connected to the server running version (prod = 1).1.6.0(build = 250620) feature version = 0. Client runs version (prod = 1).1.6.0(build = 250620) feature version = 0
OCULUS: Debug: [HMDState] Using default profile default
OCULUS: Info: IAD changed to 64.0mm
OCULUS: Debug: [SharedMemory] Creating factory
LogInit: Version: 4.11.2-2946394+++UE4+Release-4.11
LogInit: API Version: 2927265
LogInit: Compiled (64-bit): Apr 18 2016 02:18:46
LogInit: Compiled with Visual C++: 19.00.23026.00
LogInit: Build Configuration: Development
LogInit: Branch Name: ++UE4+Release-4.11
LogInit: Command line:  
LogInit: Base directory: D:/Program Files (x86)/Epic Games/4.11/Engine/Binaries/Win64/
LogInit: Installed Engine Build: 1
LogInit: Using libcurl 7.41.0
LogInit:  - built for x86_64-pc-win32
LogInit:  - supports SSL with WinSSL
LogInit:  - other features:
LogInit:      CURL_VERSION_SSL
LogInit:      CURL_VERSION_IPV6
LogInit:      CURL_VERSION_ASYNCHDNS
LogInit:      CURL_VERSION_LARGEFILE
LogInit:      CURL_VERSION_IDN
LogInit:  CurlRequestOptions (configurable via config and command line):
LogInit:  - bVerifyPeer = true  - Libcurl will verify peer certificate
LogInit:  - bUseHttpProxy = false  - Libcurl will NOT use HTTP proxy
LogInit:  - bDontReuseConnections = false  - Libcurl will reuse connections
LogInit:  - CertBundlePath = nullptr  - Libcurl will use whatever was configured at build time.
LogInit: Presizing for max 16777216 objects, including 0 objects not considered by GC, pre-allocating 0 bytes for permanent pool.
LogInit: Object subsystem initialized
[2016.07.28-06.42.25:815][  0]LogInit: Selected Device Profile: [Windows]
[2016.07.28-06.42.25:815][  0]LogInit: Applying CVar settings loaded from the selected device profile: [Windows]
[2016.07.28-06.42.25:825][  0]LogInit: Computer: DESKTOP-M92PTO3
[2016.07.28-06.42.25:825][  0]LogInit: User: StefanoAdmin
[2016.07.28-06.42.25:825][  0]LogInit: CPU Page size=65536, Cores=4
[2016.07.28-06.42.25:825][  0]LogInit: High frequency timer resolution =3.328129 MHz
[2016.07.28-06.42.25:825][  0]LogMemory: Memory total: Physical=15.9GB (16GB approx)
[2016.07.28-06.42.25:825][  0]LogMemory: Platform Memory Stats for Windows
[2016.07.28-06.42.25:825][  0]LogMemory: Process Physical Memory: 318.34 MB used, 318.34 MB peak
[2016.07.28-06.42.25:825][  0]LogMemory: Process Virtual Memory: 318.01 MB used, 318.01 MB peak
[2016.07.28-06.42.25:825][  0]LogMemory: Physical Memory: 6194.72 MB used, 16313.61 MB total
[2016.07.28-06.42.25:825][  0]LogMemory: Virtual Memory: 695.69 MB used, 134217728.00 MB total
[2016.07.28-06.42.26:109][  0]LogTextLocalizationManager: No specific translations for ('en-AU') exist, so ('en') translations will be used.
[2016.07.28-06.42.26:465][  0]LogD3D11RHI: D3D11 adapters:
[2016.07.28-06.42.26:483][  0]LogD3D11RHI:    0. 'NVIDIA GeForce GTX 980' (Feature Level 11_0)
[2016.07.28-06.42.26:483][  0]LogD3D11RHI:       4008MB of dedicated video memory, 0MB of dedicated system memory, and 8156MB of shared system memory, 1 output[s]
[2016.07.28-06.42.26:485][  0]LogD3D11RHI:    1. 'Microsoft Basic Render Driver' (Feature Level 11_0)
[2016.07.28-06.42.26:485][  0]LogD3D11RHI:       0MB of dedicated video memory, 0MB of dedicated system memory, and 8156MB of shared system memory, 0 output[s]
[2016.07.28-06.42.26:485][  0]LogD3D11RHI: Chosen D3D11 Adapter: 0
[2016.07.28-06.42.26:489][  0]LogD3D11RHI: Creating new Direct3DDevice
[2016.07.28-06.42.26:489][  0]LogD3D11RHI:     Adapter Name: NVIDIA GeForce GTX 980
[2016.07.28-06.42.26:489][  0]LogD3D11RHI:   Driver Version: 10.18.13.6510 (internal 10.18.13.6510)
[2016.07.28-06.42.26:489][  0]LogD3D11RHI:      Driver Date: 4-27-2016
[2016.07.28-06.42.26:489][  0]LogRHI: Texture pool is 1361 MB (70% of 1945 MB)
[2016.07.28-06.42.26:499][  0]LogD3D11RHI: Async texture creation enabled
[2016.07.28-06.42.26:513][  0]LogShaderCompilers: Guid format shader working directory is -47 characters bigger than the processId version (../../../../../../Admin/Documents/GitHub Repositories/Project_PlanetDefence/Project_PlanetDef/Intermediate/Shaders/WorkingDirectory/1572/).
[2016.07.28-06.42.26:513][  0]LogShaderCompilers: Cleaned the shader compiler working directory 'C:/Users/Admin/AppData/Local/Temp/UnrealShaderWorkingDir/D8EEC51846DC851CF736F79F10836704/'.
[2016.07.28-06.42.26:514][  0]LogShaderCompilers:Display: Using Local Shader Compiler.
[2016.07.28-06.42.27:404][  0]LogTemp:Display: Loaded TP AllDesktopTargetPlatform
[2016.07.28-06.42.27:407][  0]LogTemp:Display: Loaded TP WindowsClientTargetPlatform
[2016.07.28-06.42.27:411][  0]LogTemp:Display: Loaded TP WindowsNoEditorTargetPlatform
[2016.07.28-06.42.27:415][  0]LogTemp:Display: Loaded TP WindowsServerTargetPlatform
[2016.07.28-06.42.27:419][  0]LogTemp:Display: Loaded TP WindowsTargetPlatform
[2016.07.28-06.42.27:422][  0]LogTemp:Display: Loaded TP AndroidTargetPlatform
[2016.07.28-06.42.27:425][  0]LogTemp:Display: Loaded TP Android_ASTCTargetPlatform
[2016.07.28-06.42.27:428][  0]LogTemp:Display: Loaded TP Android_ATCTargetPlatform
[2016.07.28-06.42.27:431][  0]LogTemp:Display: Loaded TP Android_DXTTargetPlatform
[2016.07.28-06.42.27:433][  0]LogTemp:Display: Loaded TP Android_ETC1TargetPlatform
[2016.07.28-06.42.27:436][  0]LogTemp:Display: Loaded TP Android_ETC2TargetPlatform
[2016.07.28-06.42.27:441][  0]LogTemp:Display: Loaded TP Android_MultiTargetPlatform
[2016.07.28-06.42.27:441][  0]LogTemp:Display: Loaded TP Android_PVRTCTargetPlatform
[2016.07.28-06.42.27:442][  0]LogTemp:Display: Loaded TP HTML5TargetPlatform
[2016.07.28-06.42.27:457][  0]LogTemp:Display: Loaded TP IOSTargetPlatform
[2016.07.28-06.42.27:459][  0]LogTemp:Display: Loaded TP TVOSTargetPlatform
[2016.07.28-06.42.27:461][  0]LogTemp:Display: Loaded TP LinuxNoEditorTargetPlatform
[2016.07.28-06.42.27:464][  0]LogTemp:Display: Loaded TP LinuxServerTargetPlatform
[2016.07.28-06.42.27:467][  0]LogTemp:Display: Loaded TP LinuxTargetPlatform
[2016.07.28-06.42.27:467][  0]LogTargetPlatformManager:Display: Building Assets For Windows
[2016.07.28-06.42.27:518][  0]LogDerivedDataCache:Display: Max Cache Size: 512 MB
[2016.07.28-06.42.27:563][  0]LogDerivedDataCache: Loaded boot cache 0.04s 46MB C:/Users/Admin/AppData/Local/UnrealEngine/4.11/DerivedDataCache/Boot.ddc.
[2016.07.28-06.42.27:563][  0]LogDerivedDataCache:Display: Loaded Boot cache: C:/Users/Admin/AppData/Local/UnrealEngine/4.11/DerivedDataCache/Boot.ddc
[2016.07.28-06.42.27:563][  0]LogDerivedDataCache: FDerivedDataBackendGraph:  Pak pak cache file ../../../../../../Admin/Documents/GitHub Repositories/Project_PlanetDefence/Project_PlanetDef/DerivedDataCache/DDC.ddp not found, will not use a pak cache.
[2016.07.28-06.42.27:563][  0]LogDerivedDataCache: Unable to find inner node Pak for hierarchical cache Hierarchy.
[2016.07.28-06.42.27:563][  0]LogDerivedDataCache: FDerivedDataBackendGraph:  CompressedPak pak cache file ../../../../../../Admin/Documents/GitHub Repositories/Project_PlanetDefence/Project_PlanetDef/DerivedDataCache/Compressed.ddp not found, will not use a pak cache.
[2016.07.28-06.42.27:563][  0]LogDerivedDataCache: Unable to find inner node CompressedPak for hierarchical cache Hierarchy.
[2016.07.28-06.42.27:576][  0]LogDerivedDataCache:Display: Pak cache opened for reading ../../../Engine/DerivedDataCache/Compressed.ddp.
[2016.07.28-06.42.27:587][  0]LogDerivedDataCache: Using Local data cache path C:/Users/Admin/AppData/Local/UnrealEngine/Common/DerivedDataCache: Writable
[2016.07.28-06.42.27:723][  0]LogInit: Selected Device Profile: [Windows]
[2016.07.28-06.42.27:723][  0]LogContentStreaming: Texture pool size is 0.00 MB
[2016.07.28-06.42.27:755][  0]LogMaterial: Uniform references updated for custom material expression Custom.
[2016.07.28-06.42.27:860][  0]LogMeshUtilities: No automatic mesh reduction module available
[2016.07.28-06.42.27:860][  0]LogMeshUtilities: No automatic mesh merging module available
[2016.07.28-06.42.27:860][  0]LogMeshUtilities: No distributed automatic mesh merging module available
[2016.07.28-06.42.28:041][  0]LogUObjectArray: 27679 objects as part of root set at end of initial load.
[2016.07.28-06.42.28:041][  0]LogUObjectAllocator: 5591592 out of 0 bytes used by permanent object pool.
[2016.07.28-06.42.28:041][  0]LogUObjectArray: CloseDisregardForGC: 0/0 objects in disregard for GC pool
[2016.07.28-06.42.28:046][  0]LogInit: WinSock: version 1.1 (2.2), MaxSocks=32767, MaxUdp=65467
[2016.07.28-06.42.28:116][  0]LogSlate: SlateFontCache - WITH_FREETYPE: 1, WITH_HARFBUZZ: 1
[2016.07.28-06.42.28:116][  0]LogSlate: SlateFontCache - WITH_FREETYPE: 1, WITH_HARFBUZZ: 1
[2016.07.28-06.42.28:195][  0]LogStreaming:Warning: Failed to read file '../../../Engine/Content/Editor/Slate/Common/Selection_16x.png' error.
[2016.07.28-06.42.28:195][  0]LogSlate: Could not find file for Slate resource: ../../../Engine/Content/Editor/Slate/Common/Selection_16x.png
[2016.07.28-06.42.28:195][  0]LogStreaming:Warning: Failed to read file '../../../Engine/Content/Editor/Slate/Common/Selection_16x.png' error.
[2016.07.28-06.42.28:195][  0]LogSlate: Could not find file for Slate resource: ../../../Engine/Content/Editor/Slate/Common/Selection_16x.png
[2016.07.28-06.42.28:195][  0]LogStreaming:Warning: Failed to read file '../../../Engine/Content/Editor/Slate/Common/Selection_16x.png' error.
[2016.07.28-06.42.28:195][  0]LogSlate: Could not find file for Slate resource: ../../../Engine/Content/Editor/Slate/Common/Selection_16x.png
[2016.07.28-06.42.28:645][  0]LogSubstanceCoreModule: Substance CPU Engine Loaded, Max Texture Size 2048
[2016.07.28-06.42.28:650][  0]LogUdpMessaging: Initializing bridge on interface 0.0.0.0:0 to multicast group 230.0.0.1:6666.
[2016.07.28-06.42.28:750][  0]LogAssetRegistry: FAssetRegistry took 0.0213 seconds to start up
[2016.07.28-06.42.28:872][  0]SourceControl: Info Source control is disabled
[2016.07.28-06.42.28:903][  0]SourceControl: Info Source control is disabled
[2016.07.28-06.42.28:908][  0]SourceControl: Info Source control is disabled
[2016.07.28-06.42.28:914][  0]SourceControl: Info Source control is disabled
[2016.07.28-06.42.29:083][  0]LogEngine: Initializing Engine...
[2016.07.28-06.42.29:083][  0]LogHMD: Oculus plugin initialized. Version: 4.11.2-2946394+++UE4+Release-4.11, LibOVR: 1.6.0, SDK: 1.3.0, built Apr 18 2016, 02:19:44
[2016.07.28-06.42.29:202][  0]OCULUS: Debug: [HMDState] Using default profile default
[2016.07.28-06.42.29:202][  0]OCULUS: Info: IAD changed to 64.0mm
[2016.07.28-06.42.29:211][  0]LogAIModule: Creating AISystem for world NewWorld
[2016.07.28-06.42.29:226][  0]LogInit: XAudio2 using 'Headphones (Rift Audio)' : 2 channels at 48 kHz using 16 bits per sample (channel mask 0x3)
[2016.07.28-06.42.29:234][  0]LogInit: FAudioDevice initialized.
[2016.07.28-06.42.29:255][  0]LogDerivedDataCache: Saved boot cache 0.02s 46MB C:/Users/Admin/AppData/Local/UnrealEngine/4.11/DerivedDataCache/Boot.ddc.
[2016.07.28-06.42.29:260][  0]LogInit: Texture streaming: Enabled
[2016.07.28-06.42.29:279][  0]LogInit: Transaction tracking system initialized
[2016.07.28-06.42.29:304][  0]BlueprintLog: New page: Editor Load
[2016.07.28-06.42.29:363][  0]LocalizationService: Info Localization service is disabled
[2016.07.28-06.42.29:448][  0]LogConsoleResponse:Display: 
[2016.07.28-06.42.29:587][  0]LogCook:Display: Max memory allowance for cook 8192mb
[2016.07.28-06.42.29:587][  0]LogCook:Display: Mobile HDR setting 1
[2016.07.28-06.42.29:587][  0]LogCook:Display: Done creating registry. It took  0.00s.
[2016.07.28-06.42.29:624][  0]LogFileCache: Scanning file cache for directory 'D:/Admin/Documents/GitHub Repositories/Project_PlanetDefence/Project_PlanetDef/Content/' took 0.01s
[2016.07.28-06.42.29:624][  0]SourceControl: Info Source control is disabled
[2016.07.28-06.42.29:701][  0]LogWindowsTextInputMethodSystem:Display: IME system now deactivated.
[2016.07.28-06.42.35:532][  0]LogWindowsTextInputMethodSystem:Display: IME system now deactivated.
[2016.07.28-06.42.35:580][  0]LogWindowsTextInputMethodSystem:Display: IME system now deactivated.
[2016.07.28-06.42.35:581][  0]Cmd: MAP LOAD FILE="../../../Engine/Content/Maps/Templates/Template_Default.umap" TEMPLATE=1 SHOWPROGRESS=1 FEATURELEVEL=3
[2016.07.28-06.42.35:582][  0]LightingResults: New page: Lighting Build
[2016.07.28-06.42.35:586][  0]MapCheck: New page: Map Check
[2016.07.28-06.42.35:586][  0]LightingResults: New page: Lighting Build
[2016.07.28-06.42.35:803][  0]LogAIModule: Creating AISystem for world Untitled_1
[2016.07.28-06.42.35:809][  0]LogEditorServer: Finished looking for orphan Actors (0.000 secs)
[2016.07.28-06.42.35:813][  0]Cmd: MAP CHECKDEP NOCLEARLOG
[2016.07.28-06.42.35:842][  0]MapCheck: Info Map check complete: 0 Error(s), 0 Warning(s), took 28.607ms to complete.
[2016.07.28-06.42.35:842][  0]LogFileHelpers: Loading map 'Template_Default' took 0.260
[2016.07.28-06.42.35:891][  0]LogStats:Warning: MetaData mismatch. Did you assign a stat to two groups? New //STATGROUP_Threads//SplashScreenThread///Thread_377c_0///####STATCAT_Advanced#### old //STATGROUP_Threads//SplashScreenThread///Thread_33c0_0///####STATCAT_Advanced####
[2016.07.28-06.42.35:891][  0]LogCollectionManager: Loaded 0 collections in 0.001094 seconds
[2016.07.28-06.42.35:928][  0]LogFileCache: Scanning file cache for directory 'D:/Admin/Documents/GitHub Repositories/Project_PlanetDefence/Project_PlanetDef/Saved/Collections/' took 0.01s
[2016.07.28-06.42.35:928][  0]LogFileCache: Scanning file cache for directory 'D:/Admin/Documents/GitHub Repositories/Project_PlanetDefence/Project_PlanetDef/Content/Developers/StefanoAdmin/Collections/' took 0.01s
[2016.07.28-06.42.35:928][  0]LogFileCache: Scanning file cache for directory 'D:/Admin/Documents/GitHub Repositories/Project_PlanetDefence/Project_PlanetDef/Content/Collections/' took 0.01s
[2016.07.28-06.42.35:928][  0]LogCollectionManager: Rebuilt the GUID cache for 0 collections in 0.000002 seconds
[2016.07.28-06.42.35:935][  0]LogContentBrowser: Native class hierarchy populated in 0.0071 seconds. Added 1994 classes and 349 folders.
[2016.07.28-06.42.35:938][  0]LogStats: UGameplayTagsManager::ConstructGameplayTagTree: Construct from data asset -  0.000 s
[2016.07.28-06.42.35:938][  0]LogStats: UGameplayTagsManager::ConstructGameplayTagTree: GameplayTagTreeChangedEvent.Broadcast -  0.000 s
[2016.07.28-06.42.35:939][  0]LogContentBrowser: Native class hierarchy updated for 'GameplayTags' in 0.0008 seconds. Added 12 classes and 0 folders.
[2016.07.28-06.42.35:943][  0]LogContentBrowser: Native class hierarchy updated for 'WidgetCarousel' in 0.0009 seconds. Added 0 classes and 0 folders.
[2016.07.28-06.42.35:948][  0]LogContentBrowser: Native class hierarchy updated for 'SuperSearch' in 0.0008 seconds. Added 1 classes and 2 folders.
[2016.07.28-06.42.35:974][  0]LogContentBrowser: Native class hierarchy updated for 'AddContentDialog' in 0.0010 seconds. Added 0 classes and 0 folders.
[2016.07.28-06.42.35:977][  0]LogContentBrowser: Native class hierarchy updated for 'SceneOutliner' in 0.0008 seconds. Added 1 classes and 2 folders.
[2016.07.28-06.42.35:993][  0]LogCrashTracker: Crashtracker disabled due to settings.
[2016.07.28-06.42.35:997][  0]LogUObjectGlobals:Warning: Failed to find object 'Class None.'
[2016.07.28-06.42.36:023][  0]LogContentBrowser: Native class hierarchy updated for 'HierarchicalLODOutliner' in 0.0008 seconds. Added 1 classes and 2 folders.
[2016.07.28-06.42.36:023][  0]LogLoad: Full Startup: 10.94 seconds (BP compile: 0.03 seconds)
[2016.07.28-06.42.36:023][  0]LogExternalProfiler: Found external profiler: VSPerf
[2016.07.28-06.42.36:023][  0]LogExternalProfiler: Using external profiler: VSPerf
[2016.07.28-06.42.36:032][  0]LogOcInput: OculusInput pre-init called
[2016.07.28-06.42.36:042][  0]LogOcInput: OculusInput is initialized. Init status 0. Runtime version: 1.6.0
[2016.07.28-06.42.36:055][  0]LogAssetRegistry: Asset discovery search completed in 7.3267 seconds
[2016.07.28-06.42.36:055][  0]LogCollectionManager: Rebuilt the object cache for 0 collections in 0.000000 seconds (found 0 objects)
[2016.07.28-06.42.36:055][  0]LogCollectionManager: Fixed up redirectors for 0 collections in 0.000018 seconds (updated 0 objects)
[2016.07.28-06.42.36:074][  0]LogContentStreaming: Texture pool size now 1000 MB
[2016.07.28-06.42.36:199][  0]LogRenderer: Reallocating scene render targets to support 1208x576 (Frame:2).
[2016.07.28-06.42.52:965][698]LogMaterial: Missing cached shader map for material DroneBeam, compiling. 
[2016.07.28-06.42.53:046][698]LogMaterial: Missing cached shader map for material DroneBeam, compiling. 
[2016.07.28-06.42.53:055][698]LogMaterial: 0.00 seconds spent updating 1 materials, 1 interfaces, 0 instances, 0 with static permutations.
[2016.07.28-06.42.53:080][698]LogMaterial: Missing cached shader map for material FMatExpressionPreview MaterialExpressionTextureSample_0, compiling. 
[2016.07.28-06.42.53:083][698]LogMaterial: Missing cached shader map for material FMatExpressionPreview MaterialExpressionTextureSample_1, compiling. 
[2016.07.28-06.42.55:649][766]MaterialEditorStats: Info Base pass shader with only dynamic lighting: 32 instructions
[2016.07.28-06.42.55:649][766]MaterialEditorStats: Info Base pass shader for self shadowed translucency: 69 instructions
[2016.07.28-06.42.55:649][766]MaterialEditorStats: Info Vertex shader: 68 instructions
[2016.07.28-06.42.55:649][766]MaterialEditorStats: Info Texture samplers: 6/16
[2016.07.28-06.43.04:590][372]LogContentBrowser: Native class hierarchy updated for 'Cascade' in 0.0009 seconds. Added 2 classes and 2 folders.
[2016.07.28-06.44.25:400][830]LogCascade: Non-seeded module ParticleModuleLifetime
[2016.07.28-06.46.46:704][333]LogSavePackage: Save=9.11ms
[2016.07.28-06.46.46:704][333]LogSavePackage: Moving '../../../../../../Admin/Documents/GitHub Repositories/Project_PlanetDefence/Project_PlanetDef/Saved/DroneMining4D1E6349482ED9FD40392380C5EA0EA6.tmp' to '../../../../../../Admin/Documents/GitHub Repositories/Project_PlanetDefence/Project_PlanetDef/Content/Particles/DroneMining.uasset'
[2016.07.28-06.46.46:706][333]LogSavePackage: Total save time: 20.28ms
[2016.07.28-06.46.46:706][333]LogSavePackage:Display: Finished SavePackage ../../../../../../Admin/Documents/GitHub Repositories/Project_PlanetDefence/Project_PlanetDef/Content/Particles/DroneMining.uasset
[2016.07.28-06.48.27:686][436]LogMaterial:Warning: Material /Game/Materials/DroneBeam.DroneBeam needed to have new flag set bUsedWithBeamTrails !
[2016.07.28-06.48.27:687][436]LogMaterial: Missing cached shader map for material DroneBeam, compiling. 
[2016.07.28-06.48.27:704][436]LogMaterial: 0.00 seconds spent updating 1 materials, 1 interfaces, 0 instances, 0 with static permutations.
[2016.07.28-06.48.42:222][100]LogMaterial: Missing cached shader map for material DroneBeam, compiling. 
[2016.07.28-06.48.42:289][100]LogMaterial: Missing cached shader map for material DroneBeam, compiling. 
[2016.07.28-06.48.42:295][100]LogMaterial: 0.00 seconds spent updating 1 materials, 1 interfaces, 0 instances, 0 with static permutations.
[2016.07.28-06.48.42:324][100]LogMaterial: Missing cached shader map for material FMatExpressionPreview MaterialExpressionTextureSample_0, compiling. 
[2016.07.28-06.48.42:328][100]LogMaterial: Missing cached shader map for material FMatExpressionPreview MaterialExpressionTextureSample_1, compiling. 
[2016.07.28-06.48.45:173][369]MaterialEditorStats: Info Base pass shader with only dynamic lighting: 32 instructions
[2016.07.28-06.48.45:173][369]MaterialEditorStats: Info Base pass shader for self shadowed translucency: 69 instructions
[2016.07.28-06.48.45:173][369]MaterialEditorStats: Info Vertex shader: 68 instructions
[2016.07.28-06.48.45:173][369]MaterialEditorStats: Info Texture samplers: 6/16
[2016.07.28-06.48.56:285][213]LogMaterial: Missing cached shader map for material DroneBeam, compiling. 
[2016.07.28-06.48.56:291][213]LogMaterial: 0.00 seconds spent updating 1 materials, 1 interfaces, 0 instances, 0 with static permutations.
[2016.07.28-06.48.58:563][357]MaterialEditorStats: Info Base pass shader with only dynamic lighting: 30 instructions
[2016.07.28-06.48.58:563][357]MaterialEditorStats: Info Base pass shader for self shadowed translucency: 67 instructions
[2016.07.28-06.48.58:563][357]MaterialEditorStats: Info Vertex shader: 68 instructions
[2016.07.28-06.48.58:563][357]MaterialEditorStats: Info Texture samplers: 6/16
[2016.07.28-06.49.04:008][791]LogMaterialEditor: Saving and Compiling material DroneBeam
[2016.07.28-06.49.04:358][791]LogMaterial: Missing cached shader map for material DroneBeam, compiling. 
[2016.07.28-06.49.04:376][791]LogMaterial: 0.00 seconds spent updating 1 materials, 1 interfaces, 0 instances, 0 with static permutations.
[2016.07.28-06.49.04:416][791]LogMaterial: Missing cached shader map for material DroneBeam, compiling. 
[2016.07.28-06.49.04:440][791]LogMaterial: Missing cached shader map for material DroneBeam, compiling. 
[2016.07.28-06.49.04:457][791]LogMaterial: 0.00 seconds spent updating 1 materials, 1 interfaces, 0 instances, 0 with static permutations.
[2016.07.28-06.49.13:388][791]Cmd: OBJ SAVEPACKAGE PACKAGE="/Game/Materials/DroneBeam" FILE="../../../../../../Admin/Documents/GitHub Repositories/Project_PlanetDefence/Project_PlanetDef/Content/Materials/DroneBeam.uasset" SILENT=true
[2016.07.28-06.49.13:422][791]LogSavePackage: Save=27.28ms
[2016.07.28-06.49.13:422][791]LogSavePackage: Moving '../../../../../../Admin/Documents/GitHub Repositories/Project_PlanetDefence/Project_PlanetDef/Saved/DroneBeam7313AE604D27F6041BCDFB94ED473E8B.tmp' to '../../../../../../Admin/Documents/GitHub Repositories/Project_PlanetDefence/Project_PlanetDef/Content/Materials/DroneBeam.uasset'
[2016.07.28-06.49.13:424][791]LogSavePackage: Total save time: 35.01ms
[2016.07.28-06.49.13:424][791]LogSavePackage:Display: Finished SavePackage ../../../../../../Admin/Documents/GitHub Repositories/Project_PlanetDefence/Project_PlanetDef/Content/Materials/DroneBeam.uasset
[2016.07.28-06.49.13:428][791]MaterialEditorStats: Info Base pass shader with only dynamic lighting: 54 instructions
[2016.07.28-06.49.13:428][791]MaterialEditorStats: Info Base pass shader for self shadowed translucency: 90 instructions
[2016.07.28-06.49.13:428][791]MaterialEditorStats: Info Vertex shader: 68 instructions
[2016.07.28-06.49.13:428][791]MaterialEditorStats: Info Texture samplers: 6/16
[2016.07.28-06.49.28:845][936]LogMaterialEditor: Saving and Compiling material DroneBeam
[2016.07.28-06.49.28:906][936]Cmd: OBJ SAVEPACKAGE PACKAGE="/Game/Materials/DroneBeam" FILE="../../../../../../Admin/Documents/GitHub Repositories/Project_PlanetDefence/Project_PlanetDef/Content/Materials/DroneBeam.uasset" SILENT=true
[2016.07.28-06.49.28:914][936]LogSavePackage: Save=5.55ms
[2016.07.28-06.49.28:915][936]LogSavePackage: Moving '../../../../../../Admin/Documents/GitHub Repositories/Project_PlanetDefence/Project_PlanetDef/Saved/DroneBeam1B5E9CF34004349A4ECBF48BEEB47A55.tmp' to '../../../../../../Admin/Documents/GitHub Repositories/Project_PlanetDefence/Project_PlanetDef/Content/Materials/DroneBeam.uasset'
[2016.07.28-06.49.28:915][936]LogSavePackage: Total save time: 8.72ms
[2016.07.28-06.49.28:915][936]LogSavePackage:Display: Finished SavePackage ../../../../../../Admin/Documents/GitHub Repositories/Project_PlanetDefence/Project_PlanetDef/Content/Materials/DroneBeam.uasset
[2016.07.28-06.49.35:019][450]LogMaterialEditor: Saving and Compiling material DroneBeam
[2016.07.28-06.49.35:378][450]LogMaterial: Missing cached shader map for material DroneBeam, compiling. 
[2016.07.28-06.49.35:392][450]LogMaterial: 0.00 seconds spent updating 1 materials, 1 interfaces, 0 instances, 0 with static permutations.
[2016.07.28-06.49.35:429][450]LogMaterial: Missing cached shader map for material DroneBeam, compiling. 
[2016.07.28-06.49.35:455][450]LogMaterial: Missing cached shader map for material DroneBeam, compiling. 
[2016.07.28-06.49.35:469][450]LogMaterial: 0.00 seconds spent updating 1 materials, 1 interfaces, 0 instances, 0 with static permutations.
[2016.07.28-06.49.44:731][450]Cmd: OBJ SAVEPACKAGE PACKAGE="/Game/Materials/DroneBeam" FILE="../../../../../../Admin/Documents/GitHub Repositories/Project_PlanetDefence/Project_PlanetDef/Content/Materials/DroneBeam.uasset" SILENT=true
[2016.07.28-06.49.44:747][450]LogSavePackage: Save=12.42ms
[2016.07.28-06.49.44:747][450]LogSavePackage: Moving '../../../../../../Admin/Documents/GitHub Repositories/Project_PlanetDefence/Project_PlanetDef/Saved/DroneBeam86E6807744031DF09FDF82AA67E722C4.tmp' to '../../../../../../Admin/Documents/GitHub Repositories/Project_PlanetDefence/Project_PlanetDef/Content/Materials/DroneBeam.uasset'
[2016.07.28-06.49.44:748][450]LogSavePackage: Total save time: 16.45ms
[2016.07.28-06.49.44:748][450]LogSavePackage:Display: Finished SavePackage ../../../../../../Admin/Documents/GitHub Repositories/Project_PlanetDefence/Project_PlanetDef/Content/Materials/DroneBeam.uasset
[2016.07.28-06.49.48:421][783]LogSavePackage: Save=6.89ms
[2016.07.28-06.49.48:421][783]LogSavePackage: Moving '../../../../../../Admin/Documents/GitHub Repositories/Project_PlanetDefence/Project_PlanetDef/Saved/DroneMiningEB69FDB64F6AC4472EF33F98F4323D3B.tmp' to '../../../../../../Admin/Documents/GitHub Repositories/Project_PlanetDefence/Project_PlanetDef/Content/Particles/DroneMining.uasset'
[2016.07.28-06.49.48:423][783]LogSavePackage: Total save time: 11.19ms
[2016.07.28-06.49.48:423][783]LogSavePackage:Display: Finished SavePackage ../../../../../../Admin/Documents/GitHub Repositories/Project_PlanetDefence/Project_PlanetDef/Content/Particles/DroneMining.uasset
[2016.07.28-06.52.45:549][965]LogSavePackage: Save=6.14ms
[2016.07.28-06.52.45:549][965]LogSavePackage: Moving '../../../../../../Admin/Documents/GitHub Repositories/Project_PlanetDefence/Project_PlanetDef/Saved/DroneMining544473D9424002793838FF8BBF018042.tmp' to '../../../../../../Admin/Documents/GitHub Repositories/Project_PlanetDefence/Project_PlanetDef/Content/Particles/DroneMining.uasset'
[2016.07.28-06.52.45:550][965]LogSavePackage: Total save time: 14.03ms
[2016.07.28-06.52.45:550][965]LogSavePackage:Display: Finished SavePackage ../../../../../../Admin/Documents/GitHub Repositories/Project_PlanetDefence/Project_PlanetDef/Content/Particles/DroneMining.uasset
[2016.07.28-06.53.18:717][976]LogSavePackage: Save=8.06ms
[2016.07.28-06.53.18:717][976]LogSavePackage: Moving '../../../../../../Admin/Documents/GitHub Repositories/Project_PlanetDefence/Project_PlanetDef/Saved/DroneMiningD28FD8EC4E47D158F45900922E945970.tmp' to '../../../../../../Admin/Documents/GitHub Repositories/Project_PlanetDefence/Project_PlanetDef/Content/Particles/DroneMining.uasset'
[2016.07.28-06.53.18:719][976]LogSavePackage: Total save time: 12.23ms
[2016.07.28-06.53.18:719][976]LogSavePackage:Display: Finished SavePackage ../../../../../../Admin/Documents/GitHub Repositories/Project_PlanetDefence/Project_PlanetDef/Content/Particles/DroneMining.uasset
[2016.07.28-06.55.12:047][ 10]LogSavePackage: Save=6.97ms
[2016.07.28-06.55.12:047][ 10]LogSavePackage: Moving '../../../../../../Admin/Documents/GitHub Repositories/Project_PlanetDefence/Project_PlanetDef/Saved/DroneMining416EB2A2425889AFF3707A810E928552.tmp' to '../../../../../../Admin/Documents/GitHub Repositories/Project_PlanetDefence/Project_PlanetDef/Content/Particles/DroneMining.uasset'
[2016.07.28-06.55.12:048][ 10]LogSavePackage: Total save time: 11.95ms
[2016.07.28-06.55.12:049][ 10]LogSavePackage:Display: Finished SavePackage ../../../../../../Admin/Documents/GitHub Repositories/Project_PlanetDefence/Project_PlanetDef/Content/Particles/DroneMining.uasset
[2016.07.28-06.56.23:288][924]LogFileHelpers: Editor autosave (incl. sublevels) for '/Temp/Untitled_1' took 0.029
[2016.07.28-06.56.23:291][924]OBJ SavePackage: Generating thumbnails for [1] asset(s) in package [/Game/Particles/DroneMining] ([1] browsable assets)...
[2016.07.28-06.56.23:328][924]OBJ SavePackage:     Rendered thumbnail for [ParticleSystem /Game/Particles/DroneMining.DroneMining]
[2016.07.28-06.56.23:328][924]OBJ SavePackage: Finished generating thumbnails for package [/Game/Particles/DroneMining]
[2016.07.28-06.56.23:340][924]LogSavePackage: Save=8.59ms
[2016.07.28-06.56.23:340][924]LogSavePackage: Moving '../../../../../../Admin/Documents/GitHub Repositories/Project_PlanetDefence/Project_PlanetDef/Saved/DroneMining_Auto1AB1F207A4A3B1E2816FC07B03E8D14A8.tmp' to '../../../../../../Admin/Documents/GitHub Repositories/Project_PlanetDefence/Project_PlanetDef/Saved/Autosaves/Game/Particles/DroneMining_Auto1.uasset'
[2016.07.28-06.56.23:341][924]LogSavePackage: Total save time: 12.13ms
[2016.07.28-06.56.23:341][924]LogSavePackage:Display: Finished SavePackage ../../../../../../Admin/Documents/GitHub Repositories/Project_PlanetDefence/Project_PlanetDef/Saved/Autosaves/Game/Particles/DroneMining_Auto1.uasset
[2016.07.28-06.56.23:341][924]LogFileHelpers: Auto-saving content packages took 0.052
[2016.07.28-06.58.26:029][559]LogSavePackage: Save=8.23ms
[2016.07.28-06.58.26:029][559]LogSavePackage: Moving '../../../../../../Admin/Documents/GitHub Repositories/Project_PlanetDefence/Project_PlanetDef/Saved/DroneMiningDD11136745E6EE94369F2A9A83B800A5.tmp' to '../../../../../../Admin/Documents/GitHub Repositories/Project_PlanetDefence/Project_PlanetDef/Content/Particles/DroneMining.uasset'
[2016.07.28-06.58.26:030][559]LogSavePackage: Total save time: 15.32ms
[2016.07.28-06.58.26:030][559]LogSavePackage:Display: Finished SavePackage ../../../../../../Admin/Documents/GitHub Repositories/Project_PlanetDefence/Project_PlanetDef/Content/Particles/DroneMining.uasset
[2016.07.28-06.58.54:410][521]LogSavePackage: Save=9.52ms
[2016.07.28-06.58.54:410][521]LogSavePackage: Moving '../../../../../../Admin/Documents/GitHub Repositories/Project_PlanetDefence/Project_PlanetDef/Saved/DroneMining4E7F457647E2CD1A022793B6DF849CC6.tmp' to '../../../../../../Admin/Documents/GitHub Repositories/Project_PlanetDefence/Project_PlanetDef/Content/Particles/DroneMining.uasset'
[2016.07.28-06.58.54:412][521]LogSavePackage: Total save time: 13.55ms
[2016.07.28-06.58.54:412][521]LogSavePackage:Display: Finished SavePackage ../../../../../../Admin/Documents/GitHub Repositories/Project_PlanetDefence/Project_PlanetDef/Content/Particles/DroneMining.uasset
[2016.07.28-06.59.14:238][556]LogWindows:Error: Windows GetLastError: The operation completed successfully. (0)
[2016.07.28-06.59.14:524][556]LogCrashTracker: 


[2016.07.28-06.59.14:573][556]LogWindows:Error: Windows GetLastError: The operation completed successfully. (0)
[2016.07.28-06.59.14:579][556]LogCrashTracker: 


[2016.07.28-06.59.14:579][556]LogWindows:Error: === Critical error: ===
Fatal error: [File:D:\BuildFarm\buildmachine_++UE4+Release-4.11\Engine\Source\Runtime\RenderCore\Private\RenderingThread.cpp] [Line: 682] 
Rendering thread exception:
Assertion failed: (uint32)NumIndices <= 65535 [File:D:\BuildFarm\buildmachine_++UE4+Release-4.11\Engine\Source\Runtime\Engine\Private\Particles\ParticleSystemRender.cpp] [Line: 489] 








[2016.07.28-06.59.14:617][556]LogExit: Executing StaticShutdownAfterError
[2016.07.28-06.59.14:627][556]LogPhysics:Warning: PHYSX: ..\..\PhysX\src\NpScene.cpp (2946) 8 : PxScene::unlockWrite() called without matching call to PxScene::lockWrite(), behaviour will be undefined.
[2016.07.28-06.59.14:627][556]LogPhysics:Warning: PHYSX: ..\..\PhysX\src\NpScene.cpp (2946) 8 : PxScene::unlockWrite() called without matching call to PxScene::lockWrite(), behaviour will be undefined.
[2016.07.28-06.59.14:627][556]LogPhysics:Warning: PHYSX: ..\..\PhysX\src\NpScene.cpp (2946) 8 : PxScene::unlockWrite() called without matching call to PxScene::lockWrite(), behaviour will be undefined.
[2016.07.28-06.59.14:627][556]LogPhysics:Warning: PHYSX: ..\..\PhysX\src\NpScene.cpp (2946) 8 : PxScene::unlockWrite() called without matching call to PxScene::lockWrite(), behaviour will be undefined.
[2016.07.28-06.59.14:627][556]LogPhysics:Warning: PHYSX: ..\..\PhysX\src\NpScene.cpp (2946) 8 : PxScene::unlockWrite() called without matching call to PxScene::lockWrite(), behaviour will be undefined.
[2016.07.28-06.59.14:627][556]LogPhysics:Warning: PHYSX: ..\..\PhysX\src\NpScene.cpp (2946) 8 : PxScene::unlockWrite() called without matching call to PxScene::lockWrite(), behaviour will be undefined.
[2016.07.28-06.59.14:628][556]LogWindows: FPlatformMisc::RequestExit(1)
[2016.07.28-06.59.14:628][556]Log file closed, 07/28/16 16:59:14
