Log file open, 08/10/16 11:23:39
LogInit:Display: Running engine for game: Project_PlanetDef
LogPlatformFile: Not using cached read wrapper
LogInit:Display: RandInit(-1008826466) SRandInit(-1008826466).
LogTaskGraph: Started task graph with 4 named threads and 7 total threads.
LogStats: Stats thread started at 0.064529
LogHMD: Can't find Oculus library dev build: is proper Runtime installed? Version: 1.3.0
LogInit: Version: 4.11.2-2946394+++UE4+Release-4.11
LogInit: API Version: 2927265
LogInit: Compiled (64-bit): Apr 18 2016 02:18:46
LogInit: Compiled with Visual C++: 19.00.23026.00
LogInit: Build Configuration: Development
LogInit: Branch Name: ++UE4+Release-4.11
LogInit: Command line: 
LogInit: Base directory: C:/Program Files/Epic Games/4.11/Engine/Binaries/Win64/
LogInit: Installed Engine Build: 1
LogInit: Using libcurl 7.41.0
LogInit:  - built for x86_64-pc-win32
LogInit:  - supports SSL with WinSSL
LogInit:  - other features:
LogInit:      CURL_VERSION_SSL
LogInit:      CURL_VERSION_IPV6
LogInit:      CURL_VERSION_ASYNCHDNS
LogInit:      CURL_VERSION_LARGEFILE
LogInit:      CURL_VERSION_IDN
LogInit:  CurlRequestOptions (configurable via config and command line):
LogInit:  - bVerifyPeer = true  - Libcurl will verify peer certificate
LogInit:  - bUseHttpProxy = false  - Libcurl will NOT use HTTP proxy
LogInit:  - bDontReuseConnections = false  - Libcurl will reuse connections
LogInit:  - CertBundlePath = nullptr  - Libcurl will use whatever was configured at build time.
LogInit: Presizing for max 16777216 objects, including 0 objects not considered by GC, pre-allocating 0 bytes for permanent pool.
LogInit: Object subsystem initialized
[2016.08.10-01.23.39:845][  0]LogInit: Selected Device Profile: [Windows]
[2016.08.10-01.23.39:845][  0]LogInit: Applying CVar settings loaded from the selected device profile: [Windows]
[2016.08.10-01.23.39:852][  0]LogInit: Computer: S-805-10-1919-W
[2016.08.10-01.23.39:852][  0]LogInit: User: sdeflorio
[2016.08.10-01.23.39:852][  0]LogInit: CPU Page size=65536, Cores=4
[2016.08.10-01.23.39:852][  0]LogInit: High frequency timer resolution =3.897275 MHz
[2016.08.10-01.23.39:852][  0]LogMemory: Memory total: Physical=15.9GB (16GB approx)
[2016.08.10-01.23.39:852][  0]LogMemory: Platform Memory Stats for Windows
[2016.08.10-01.23.39:852][  0]LogMemory: Process Physical Memory: 316.96 MB used, 316.96 MB peak
[2016.08.10-01.23.39:852][  0]LogMemory: Process Virtual Memory: 317.72 MB used, 317.72 MB peak
[2016.08.10-01.23.39:852][  0]LogMemory: Physical Memory: 5939.18 MB used, 16324.61 MB total
[2016.08.10-01.23.39:853][  0]LogMemory: Virtual Memory: 623.21 MB used, 8388608.00 MB total
[2016.08.10-01.23.39:877][  0]LogTextLocalizationManager: No specific translations for ('en-AU') exist, so ('en') translations will be used.
[2016.08.10-01.23.40:154][  0]LogD3D11RHI: D3D11 adapters:
[2016.08.10-01.23.40:161][  0]LogD3D11RHI:    0. 'AMD RADEON R9 M295X' (Feature Level 11_0)
[2016.08.10-01.23.40:161][  0]LogD3D11RHI:       4074MB of dedicated video memory, 0MB of dedicated system memory, and 3840MB of shared system memory, 1 output[s]
[2016.08.10-01.23.40:161][  0]LogD3D11RHI: Chosen D3D11 Adapter: 0
[2016.08.10-01.23.40:165][  0]LogD3D11RHI: Creating new Direct3DDevice
[2016.08.10-01.23.40:166][  0]LogD3D11RHI:     Adapter Name: AMD RADEON R9 M295X
[2016.08.10-01.23.40:166][  0]LogD3D11RHI:   Driver Version: Unknown (internal Unknown)
[2016.08.10-01.23.40:166][  0]LogD3D11RHI:      Driver Date: Unknown
[2016.08.10-01.23.40:166][  0]LogRHI: Texture pool is 1361 MB (70% of 1945 MB)
[2016.08.10-01.23.40:169][  0]LogD3D11RHI: Async texture creation disabled: no driver support
[2016.08.10-01.23.40:182][  0]LogShaderCompilers: Guid format shader working directory is -34 characters bigger than the processId version (../../../../../../Users/sdeflorio/Documents/Project_PlanetDefence/Project_PlanetDef/Intermediate/Shaders/WorkingDirectory/7164/).
[2016.08.10-01.23.40:182][  0]LogShaderCompilers: Cleaned the shader compiler working directory 'C:/Users/SDEFLO~1/AppData/Local/Temp/UnrealShaderWorkingDir/0D1C1F0742217C755342A991A7BBBFB3/'.
[2016.08.10-01.23.40:182][  0]LogShaderCompilers:Display: Using Local Shader Compiler.
[2016.08.10-01.23.41:176][  0]LogTemp:Display: Loaded TP AllDesktopTargetPlatform
[2016.08.10-01.23.41:179][  0]LogTemp:Display: Loaded TP WindowsClientTargetPlatform
[2016.08.10-01.23.41:183][  0]LogTemp:Display: Loaded TP WindowsNoEditorTargetPlatform
[2016.08.10-01.23.41:186][  0]LogTemp:Display: Loaded TP WindowsServerTargetPlatform
[2016.08.10-01.23.41:189][  0]LogTemp:Display: Loaded TP WindowsTargetPlatform
[2016.08.10-01.23.41:192][  0]LogTemp:Display: Loaded TP AndroidTargetPlatform
[2016.08.10-01.23.41:194][  0]LogTemp:Display: Loaded TP Android_ASTCTargetPlatform
[2016.08.10-01.23.41:196][  0]LogTemp:Display: Loaded TP Android_ATCTargetPlatform
[2016.08.10-01.23.41:199][  0]LogTemp:Display: Loaded TP Android_DXTTargetPlatform
[2016.08.10-01.23.41:201][  0]LogTemp:Display: Loaded TP Android_ETC1TargetPlatform
[2016.08.10-01.23.41:203][  0]LogTemp:Display: Loaded TP Android_ETC2TargetPlatform
[2016.08.10-01.23.41:208][  0]LogTemp:Display: Loaded TP Android_MultiTargetPlatform
[2016.08.10-01.23.41:208][  0]LogTemp:Display: Loaded TP Android_PVRTCTargetPlatform
[2016.08.10-01.23.41:208][  0]LogTemp:Display: Loaded TP HTML5TargetPlatform
[2016.08.10-01.23.41:224][  0]LogTemp:Display: Loaded TP IOSTargetPlatform
[2016.08.10-01.23.41:226][  0]LogTemp:Display: Loaded TP TVOSTargetPlatform
[2016.08.10-01.23.41:228][  0]LogTemp:Display: Loaded TP LinuxNoEditorTargetPlatform
[2016.08.10-01.23.41:230][  0]LogTemp:Display: Loaded TP LinuxServerTargetPlatform
[2016.08.10-01.23.41:232][  0]LogTemp:Display: Loaded TP LinuxTargetPlatform
[2016.08.10-01.23.41:232][  0]LogTargetPlatformManager:Display: Building Assets For Windows
[2016.08.10-01.23.41:287][  0]LogDerivedDataCache:Display: Max Cache Size: 512 MB
[2016.08.10-01.23.41:330][  0]LogDerivedDataCache: Loaded boot cache 0.04s 46MB C:/Users/sdeflorio/AppData/Local/UnrealEngine/4.11/DerivedDataCache/Boot.ddc.
[2016.08.10-01.23.41:330][  0]LogDerivedDataCache:Display: Loaded Boot cache: C:/Users/sdeflorio/AppData/Local/UnrealEngine/4.11/DerivedDataCache/Boot.ddc
[2016.08.10-01.23.41:330][  0]LogDerivedDataCache: FDerivedDataBackendGraph:  Pak pak cache file ../../../../../../Users/sdeflorio/Documents/Project_PlanetDefence/Project_PlanetDef/DerivedDataCache/DDC.ddp not found, will not use a pak cache.
[2016.08.10-01.23.41:330][  0]LogDerivedDataCache: Unable to find inner node Pak for hierarchical cache Hierarchy.
[2016.08.10-01.23.41:330][  0]LogDerivedDataCache: FDerivedDataBackendGraph:  CompressedPak pak cache file ../../../../../../Users/sdeflorio/Documents/Project_PlanetDefence/Project_PlanetDef/DerivedDataCache/Compressed.ddp not found, will not use a pak cache.
[2016.08.10-01.23.41:330][  0]LogDerivedDataCache: Unable to find inner node CompressedPak for hierarchical cache Hierarchy.
[2016.08.10-01.23.41:341][  0]LogDerivedDataCache:Display: Pak cache opened for reading ../../../Engine/DerivedDataCache/Compressed.ddp.
[2016.08.10-01.23.41:352][  0]LogDerivedDataCache: Using Local data cache path C:/Users/sdeflorio/AppData/Local/UnrealEngine/Common/DerivedDataCache: Writable
[2016.08.10-01.23.41:471][  0]LogInit: Selected Device Profile: [Windows]
[2016.08.10-01.23.41:471][  0]LogContentStreaming: Texture pool size is 0.00 MB
[2016.08.10-01.23.41:489][  0]LogMaterial: Uniform references updated for custom material expression Custom.
[2016.08.10-01.23.41:590][  0]LogMeshUtilities: No automatic mesh reduction module available
[2016.08.10-01.23.41:590][  0]LogMeshUtilities: No automatic mesh merging module available
[2016.08.10-01.23.41:590][  0]LogMeshUtilities: No distributed automatic mesh merging module available
[2016.08.10-01.23.41:775][  0]LogUObjectArray: 27679 objects as part of root set at end of initial load.
[2016.08.10-01.23.41:775][  0]LogUObjectAllocator: 5591592 out of 0 bytes used by permanent object pool.
[2016.08.10-01.23.41:775][  0]LogUObjectArray: CloseDisregardForGC: 0/0 objects in disregard for GC pool
[2016.08.10-01.23.41:780][  0]LogInit: WinSock: version 1.1 (2.2), MaxSocks=32767, MaxUdp=65467
[2016.08.10-01.23.41:848][  0]LogSlate: SlateFontCache - WITH_FREETYPE: 1, WITH_HARFBUZZ: 1
[2016.08.10-01.23.41:848][  0]LogSlate: SlateFontCache - WITH_FREETYPE: 1, WITH_HARFBUZZ: 1
[2016.08.10-01.23.41:924][  0]LogStreaming:Warning: Failed to read file '../../../Engine/Content/Editor/Slate/Common/Selection_16x.png' error.
[2016.08.10-01.23.41:924][  0]LogSlate: Could not find file for Slate resource: ../../../Engine/Content/Editor/Slate/Common/Selection_16x.png
[2016.08.10-01.23.41:925][  0]LogStreaming:Warning: Failed to read file '../../../Engine/Content/Editor/Slate/Common/Selection_16x.png' error.
[2016.08.10-01.23.41:925][  0]LogSlate: Could not find file for Slate resource: ../../../Engine/Content/Editor/Slate/Common/Selection_16x.png
[2016.08.10-01.23.41:925][  0]LogStreaming:Warning: Failed to read file '../../../Engine/Content/Editor/Slate/Common/Selection_16x.png' error.
[2016.08.10-01.23.41:925][  0]LogSlate: Could not find file for Slate resource: ../../../Engine/Content/Editor/Slate/Common/Selection_16x.png
[2016.08.10-01.23.42:395][  0]LogSubstanceCoreModule: Substance CPU Engine Loaded, Max Texture Size 2048
[2016.08.10-01.23.42:401][  0]LogUdpMessaging: Initializing bridge on interface 0.0.0.0:0 to multicast group 230.0.0.1:6666.
[2016.08.10-01.23.42:502][  0]LogAssetRegistry: FAssetRegistry took 0.0204 seconds to start up
[2016.08.10-01.23.42:623][  0]SourceControl: Info Source control is disabled
[2016.08.10-01.23.42:952][  0]SourceControl: Info Source control is disabled
[2016.08.10-01.23.42:958][  0]SourceControl: Info Source control is disabled
[2016.08.10-01.23.42:963][  0]SourceControl: Info Source control is disabled
[2016.08.10-01.23.43:043][  0]LogHMD: Failed to initialize OpenVR with code 110
[2016.08.10-01.23.43:104][  0]LogEngine: Initializing Engine...
[2016.08.10-01.23.43:206][  0]LogAIModule: Creating AISystem for world NewWorld
[2016.08.10-01.23.43:211][  0]LogInit: XAudio2 using 'Speakers (Cirrus Logic CS4206B (AB 122))' : 2 channels at 48 kHz using 32 bits per sample (channel mask 0x3)
[2016.08.10-01.23.43:225][  0]LogInit: FAudioDevice initialized.
[2016.08.10-01.23.43:246][  0]LogDerivedDataCache: Saved boot cache 0.02s 46MB C:/Users/sdeflorio/AppData/Local/UnrealEngine/4.11/DerivedDataCache/Boot.ddc.
[2016.08.10-01.23.43:249][  0]LogInit: Texture streaming: Enabled
[2016.08.10-01.23.43:268][  0]LogInit: Transaction tracking system initialized
[2016.08.10-01.23.43:287][  0]BlueprintLog: New page: Editor Load
[2016.08.10-01.23.43:342][  0]LocalizationService: Info Localization service is disabled
[2016.08.10-01.23.43:392][  0]LogConsoleResponse:Display: 
[2016.08.10-01.23.43:470][  0]LogCook:Display: Max memory allowance for cook 8192mb
[2016.08.10-01.23.43:470][  0]LogCook:Display: Mobile HDR setting 1
[2016.08.10-01.23.43:470][  0]LogCook:Display: Done creating registry. It took  0.00s.
[2016.08.10-01.23.43:506][  0]LogFileCache: Scanning file cache for directory 'C:/Users/sdeflorio/Documents/Project_PlanetDefence/Project_PlanetDef/Content/' took 0.01s
[2016.08.10-01.23.43:507][  0]SourceControl: Info Source control is disabled
[2016.08.10-01.23.43:507][  0]Cmd: MAP LOAD FILE="../../../../../../Users/sdeflorio/Documents/Project_PlanetDefence/Project_PlanetDef/Content/Maps/FirstLevel.umap" TEMPLATE=0 SHOWPROGRESS=1 FEATURELEVEL=3
[2016.08.10-01.23.43:507][  0]LightingResults: New page: Lighting Build
[2016.08.10-01.23.43:509][  0]MapCheck: New page: Map Check
[2016.08.10-01.23.43:509][  0]LightingResults: New page: Lighting Build
[2016.08.10-01.23.44:813][  0]LogAIModule: Creating AISystem for world FirstLevel
[2016.08.10-01.23.44:816][  0]LogMaterial:Warning: Material /Engine/EditorMaterials/WidgetGridVertexColorMaterial_Ma.WidgetGridVertexColorMaterial_Ma needed to have new flag set bUsedWithStaticLighting !
[2016.08.10-01.23.44:839][  0]LogMaterial: Missing cached shader map for material WidgetGridVertexColorMaterial_Ma, compiling. 
[2016.08.10-01.23.44:847][  0]MapCheck:Warning: Warning WidgetGridVertexColorMaterial_Ma Material /Engine/EditorMaterials/WidgetGridVertexColorMaterial_Ma.WidgetGridVertexColorMaterial_Ma was missing the usage flag bUsedWithStaticLighting. If the material asset is not re-saved, it may not render correctly when run outside the editor. Fix
[2016.08.10-01.23.44:847][  0]LogMaterial: 0.00 seconds spent updating 1 materials, 1 interfaces, 0 instances, 0 with static permutations.
[2016.08.10-01.23.44:873][  0]LogEditorServer: Finished looking for orphan Actors (0.000 secs)
[2016.08.10-01.23.44:874][  0]Cmd: MAP CHECKDEP NOCLEARLOG
[2016.08.10-01.23.44:913][  0]MapCheck: Info Map check complete: 0 Error(s), 1 Warning(s), took 39.446ms to complete.
[2016.08.10-01.23.44:919][  0]LogFileHelpers: Loading map 'FirstLevel' took 1.413
[2016.08.10-01.23.45:007][  0]LogCollectionManager: Loaded 0 collections in 0.002552 seconds
[2016.08.10-01.23.45:044][  0]LogFileCache: Scanning file cache for directory 'C:/Users/sdeflorio/Documents/Project_PlanetDefence/Project_PlanetDef/Saved/Collections/' took 0.01s
[2016.08.10-01.23.45:044][  0]LogFileCache: Scanning file cache for directory 'C:/Users/sdeflorio/Documents/Project_PlanetDefence/Project_PlanetDef/Content/Developers/sdeflorio/Collections/' took 0.01s
[2016.08.10-01.23.45:044][  0]LogFileCache: Scanning file cache for directory 'C:/Users/sdeflorio/Documents/Project_PlanetDefence/Project_PlanetDef/Content/Collections/' took 0.01s
[2016.08.10-01.23.45:044][  0]LogCollectionManager: Rebuilt the GUID cache for 0 collections in 0.000002 seconds
[2016.08.10-01.23.45:050][  0]LogContentBrowser: Native class hierarchy populated in 0.0066 seconds. Added 1994 classes and 349 folders.
[2016.08.10-01.23.45:053][  0]LogStats: UGameplayTagsManager::ConstructGameplayTagTree: Construct from data asset -  0.000 s
[2016.08.10-01.23.45:053][  0]LogStats: UGameplayTagsManager::ConstructGameplayTagTree: GameplayTagTreeChangedEvent.Broadcast -  0.000 s
[2016.08.10-01.23.45:054][  0]LogContentBrowser: Native class hierarchy updated for 'GameplayTags' in 0.0008 seconds. Added 12 classes and 0 folders.
[2016.08.10-01.23.45:059][  0]LogContentBrowser: Native class hierarchy updated for 'WidgetCarousel' in 0.0007 seconds. Added 0 classes and 0 folders.
[2016.08.10-01.23.45:065][  0]LogContentBrowser: Native class hierarchy updated for 'SuperSearch' in 0.0011 seconds. Added 1 classes and 2 folders.
[2016.08.10-01.23.45:097][  0]LogContentBrowser: Native class hierarchy updated for 'AddContentDialog' in 0.0007 seconds. Added 0 classes and 0 folders.
[2016.08.10-01.23.45:111][  0]LogContentBrowser: Native class hierarchy updated for 'SceneOutliner' in 0.0007 seconds. Added 1 classes and 2 folders.
[2016.08.10-01.23.45:128][  0]LogCrashTracker: Crashtracker disabled due to settings.
[2016.08.10-01.23.45:133][  0]LogUObjectGlobals:Warning: Failed to find object 'Class None.'
[2016.08.10-01.23.45:157][  0]LogContentBrowser: Native class hierarchy updated for 'HierarchicalLODOutliner' in 0.0007 seconds. Added 1 classes and 2 folders.
[2016.08.10-01.23.45:157][  0]LogLoad: Full Startup: 5.91 seconds (BP compile: 0.35 seconds)
[2016.08.10-01.23.45:157][  0]LogExternalProfiler: Found external profiler: VSPerf
[2016.08.10-01.23.45:157][  0]LogExternalProfiler: Using external profiler: VSPerf
[2016.08.10-01.23.45:166][  0]LogOcInput: OculusInput pre-init called
[2016.08.10-01.23.45:167][  0]LogOcInput: Can't find Oculus library dev build: is proper Runtime installed? Version: 1.3.0
[2016.08.10-01.23.45:224][  0]LogContentStreaming: Texture pool size now 1000 MB
[2016.08.10-01.23.45:380][  0]LogRenderer: Reallocating scene render targets to support 1616x812 (Frame:2).
[2016.08.10-01.23.45:604][  1]LogFileCache: Retrieving MD5 hashes for directory 'C:/Users/sdeflorio/Documents/Project_PlanetDefence/Project_PlanetDef/Content/' took 0.43s
[2016.08.10-01.23.45:661][  1]LogAssetRegistry: Asset discovery search completed in 3.1795 seconds
[2016.08.10-01.23.45:661][  1]LogCollectionManager: Rebuilt the object cache for 0 collections in 0.000001 seconds (found 0 objects)
[2016.08.10-01.23.45:661][  1]LogCollectionManager: Fixed up redirectors for 0 collections in 0.000085 seconds (updated 0 objects)
[2016.08.10-01.25.18:516][357]LogBlueprintUserMessages: Early PlayInEditor Detection: Level '/Game/Maps/FirstLevel.FirstLevel:PersistentLevel' has LevelScriptBlueprint '/Game/Maps/FirstLevel.FirstLevel:PersistentLevel.FirstLevel' with GeneratedClass '/Game/Maps/FirstLevel.FirstLevel_C' with ClassGeneratedBy '/Game/Maps/FirstLevel.FirstLevel:PersistentLevel.FirstLevel'
[2016.08.10-01.25.18:516][357]LogPlayLevel: PlayLevel: No blueprints needed recompiling
[2016.08.10-01.25.18:518][357]PIE: New page: PIE session: FirstLevel (10 Aug 2016 9:25:18 pm)
[2016.08.10-01.25.18:518][357]LogPlayLevel: Creating play world package: /Game/Maps/UEDPIE_0_FirstLevel
[2016.08.10-01.25.18:527][357]LogPlayLevel: PIE: StaticDuplicateObject took: (0.009144s)
[2016.08.10-01.25.18:528][357]LogAIModule: Creating AISystem for world FirstLevel
[2016.08.10-01.25.18:528][357]LogPlayLevel: PIE: World Init took: (0.000600s)
[2016.08.10-01.25.18:528][357]LogPlayLevel: PIE: Created PIE world by copying editor world from /Game/Maps/FirstLevel.FirstLevel to /Game/Maps/UEDPIE_0_FirstLevel.FirstLevel (0.010133s)
[2016.08.10-01.25.18:585][357]LogInit: XAudio2 using 'Speakers (Cirrus Logic CS4206B (AB 122))' : 2 channels at 48 kHz using 32 bits per sample (channel mask 0x3)
[2016.08.10-01.25.18:589][357]LogInit: FAudioDevice initialized.
[2016.08.10-01.25.18:628][357]LogWorld: Game class is 'GameManager_C'
[2016.08.10-01.25.18:632][357]LogWorld: Bringing World /Game/Maps/UEDPIE_0_FirstLevel.FirstLevel up for play (max tick rate 0) at 2016.08.10-11.25.18
[2016.08.10-01.25.18:632][357]LogWorld: Bringing up level for play took: 0.002834
[2016.08.10-01.25.18:636][357]LogContentBrowser: Native class hierarchy updated for 'MovieSceneCapture' in 0.0008 seconds. Added 9 classes and 0 folders.
[2016.08.10-01.25.18:639][357]LogScript:Warning: UGameplayStatics::PlaySoundAttached: NULL AttachComponent specified! Trying to spawn sound [PLANET_DEFENCE_Cue],
[2016.08.10-01.25.18:639][357]PIE: Info Play in editor start time for /Game/Maps/UEDPIE_0_FirstLevel 0.87
[2016.08.10-01.25.18:639][357]LogBlueprintUserMessages: Late PlayInEditor Detection: Level '/Game/Maps/FirstLevel.FirstLevel:PersistentLevel' has LevelScriptBlueprint '/Game/Maps/FirstLevel.FirstLevel:PersistentLevel.FirstLevel' with GeneratedClass '/Game/Maps/FirstLevel.FirstLevel_C' with ClassGeneratedBy '/Game/Maps/FirstLevel.FirstLevel:PersistentLevel.FirstLevel'
[2016.08.10-01.25.20:496][576]LogBlueprintUserMessages: [GameManager_C_0] Wave Begun
[2016.08.10-01.25.30:857][812]LogBlueprintUserMessages: Early EndPlayMap Detection: Level '/Game/Maps/FirstLevel.FirstLevel:PersistentLevel' has LevelScriptBlueprint '/Game/Maps/FirstLevel.FirstLevel:PersistentLevel.FirstLevel' with GeneratedClass '/Game/Maps/FirstLevel.FirstLevel_C' with ClassGeneratedBy '/Game/Maps/FirstLevel.FirstLevel:PersistentLevel.FirstLevel'
[2016.08.10-01.25.30:888][812]LogBlueprintUserMessages: Late EndPlayMap Detection: Level '/Game/Maps/FirstLevel.FirstLevel:PersistentLevel' has LevelScriptBlueprint '/Game/Maps/FirstLevel.FirstLevel:PersistentLevel.FirstLevel' with GeneratedClass '/Game/Maps/FirstLevel.FirstLevel_C' with ClassGeneratedBy '/Game/Maps/FirstLevel.FirstLevel:PersistentLevel.FirstLevel'
[2016.08.10-01.25.33:392][ 48]LogContentBrowser: Native class hierarchy updated for 'BlueprintGraph' in 0.0010 seconds. Added 108 classes and 0 folders.
[2016.08.10-01.25.40:578][816]LogBlueprintUserMessages: Early PlayInEditor Detection: Level '/Game/Maps/FirstLevel.FirstLevel:PersistentLevel' has LevelScriptBlueprint '/Game/Maps/FirstLevel.FirstLevel:PersistentLevel.FirstLevel' with GeneratedClass '/Game/Maps/FirstLevel.FirstLevel_C' with ClassGeneratedBy '/Game/Maps/FirstLevel.FirstLevel:PersistentLevel.FirstLevel'
[2016.08.10-01.25.40:578][816]BlueprintLog: New page: Pre-Play auto-recompile
[2016.08.10-01.25.40:593][816]LogPlayLevel: [PlayLevel] Compiling LeftTurret before play...
[2016.08.10-01.25.40:691][816]LogPlayLevel: PlayLevel: Blueprint regeneration took 112 ms (2 blueprints)
[2016.08.10-01.25.40:692][816]LogPlayLevel: [PlayLevel] Compiling Projectile before play...
[2016.08.10-01.25.40:757][816]LogPlayLevel: PlayLevel: Blueprint regeneration took 178 ms (5 blueprints)
[2016.08.10-01.25.40:758][816]LogPlayLevel: [PlayLevel] Compiling GameManager before play...
[2016.08.10-01.25.40:910][816]LogPlayLevel: PlayLevel: Blueprint regeneration took 332 ms (16 blueprints)
[2016.08.10-01.25.40:911][816]LogPlayLevel: [PlayLevel] Compiling RightTurret before play...
[2016.08.10-01.25.40:993][816]LogPlayLevel: PlayLevel: Blueprint regeneration took 414 ms (16 blueprints)
[2016.08.10-01.25.40:993][816]LogPlayLevel: [PlayLevel] Compiling UpgradeMenuWidget before play...
[2016.08.10-01.25.41:059][816]LogPlayLevel: PlayLevel: Blueprint regeneration took 480 ms (17 blueprints)
[2016.08.10-01.25.41:060][816]LogPlayLevel: [PlayLevel] Compiling Drone before play...
[2016.08.10-01.25.41:228][816]LogPlayLevel: PlayLevel: Blueprint regeneration took 649 ms (17 blueprints)
[2016.08.10-01.25.41:228][816]LogPlayLevel: [PlayLevel] Compiling Meteorite before play...
[2016.08.10-01.25.41:650][816]LogPlayLevel: PlayLevel: Blueprint regeneration took 1072 ms (21 blueprints)
[2016.08.10-01.25.41:651][816]LogPlayLevel: [PlayLevel] Compiling Planet before play...
[2016.08.10-01.25.41:714][816]LogPlayLevel: PlayLevel: Blueprint regeneration took 1135 ms (21 blueprints)
[2016.08.10-01.25.41:715][816]LogPlayLevel: [PlayLevel] Compiling Shield before play...
[2016.08.10-01.25.41:852][816]LogPlayLevel: PlayLevel: Blueprint regeneration took 1273 ms (21 blueprints)
[2016.08.10-01.25.41:853][816]LogPlayLevel: [PlayLevel] Compiling MeteoriteHandler before play...
[2016.08.10-01.25.41:963][816]LogPlayLevel: PlayLevel: Blueprint regeneration took 1385 ms (21 blueprints)
[2016.08.10-01.25.41:964][816]LogPlayLevel: [PlayLevel] Compiling UFO before play...
[2016.08.10-01.25.42:026][816]LogPlayLevel: PlayLevel: Blueprint regeneration took 1448 ms (21 blueprints)
[2016.08.10-01.25.42:027][816]LogPlayLevel: [PlayLevel] Compiling Meteorite_Type3 before play...
[2016.08.10-01.25.42:087][816]LogPlayLevel: PlayLevel: Blueprint regeneration took 1508 ms (21 blueprints)
[2016.08.10-01.25.42:087][816]LogPlayLevel: [PlayLevel] Compiling Meteorite_Type4 before play...
[2016.08.10-01.25.42:147][816]LogPlayLevel: PlayLevel: Blueprint regeneration took 1569 ms (21 blueprints)
[2016.08.10-01.25.42:147][816]LogPlayLevel: [PlayLevel] Compiling Meteorite_Type5 before play...
[2016.08.10-01.25.42:205][816]LogPlayLevel: PlayLevel: Blueprint regeneration took 1626 ms (21 blueprints)
[2016.08.10-01.25.42:206][816]LogPlayLevel: [PlayLevel] Compiling Radar before play...
[2016.08.10-01.25.42:294][816]LogPlayLevel: PlayLevel: Blueprint regeneration took 1715 ms (21 blueprints)
[2016.08.10-01.25.42:294][816]LogPlayLevel: [PlayLevel] Compiling HUD before play...
[2016.08.10-01.25.42:358][816]LogPlayLevel: PlayLevel: Blueprint regeneration took 1780 ms (21 blueprints)
[2016.08.10-01.25.42:359][816]LogPlayLevel: [PlayLevel] Compiling PauseMenuPC before play...
[2016.08.10-01.25.42:428][816]LogPlayLevel: PlayLevel: Blueprint regeneration took 1850 ms (22 blueprints)
[2016.08.10-01.25.42:428][816]LogPlayLevel: [PlayLevel] Compiling Meteorite_Type1 before play...
[2016.08.10-01.25.42:479][816]LogPlayLevel: PlayLevel: Blueprint regeneration took 1901 ms (22 blueprints)
[2016.08.10-01.25.42:480][816]LogPlayLevel: [PlayLevel] Compiling Meteorite_Type2 before play...
[2016.08.10-01.25.42:533][816]LogPlayLevel: PlayLevel: Blueprint regeneration took 1954 ms (22 blueprints)
[2016.08.10-01.25.42:533][816]LogPlayLevel: [PlayLevel] Compiling OutOfBoundsArea before play...
[2016.08.10-01.25.42:586][816]LogPlayLevel: PlayLevel: Blueprint regeneration took 2008 ms (22 blueprints)
[2016.08.10-01.25.42:587][816]LogPlayLevel: [PlayLevel] Compiling FirstLevel before play...
[2016.08.10-01.25.42:644][816]LogPlayLevel: PlayLevel: Blueprint regeneration took 2066 ms (22 blueprints)
[2016.08.10-01.25.42:645][816]LogPlayLevel: [PlayLevel] Compiling PauseMenuWidget before play...
[2016.08.10-01.25.42:705][816]LogPlayLevel: PlayLevel: Blueprint regeneration took 2127 ms (22 blueprints)
[2016.08.10-01.25.42:736][816]PIE: New page: PIE session: FirstLevel (10 Aug 2016 9:25:42 pm)
[2016.08.10-01.25.42:736][816]LogPlayLevel: Creating play world package: /Game/Maps/UEDPIE_0_FirstLevel
[2016.08.10-01.25.42:743][816]LogPlayLevel: PIE: StaticDuplicateObject took: (0.007131s)
[2016.08.10-01.25.42:744][816]LogAIModule: Creating AISystem for world FirstLevel
[2016.08.10-01.25.42:744][816]LogPlayLevel: PIE: World Init took: (0.000543s)
[2016.08.10-01.25.42:744][816]LogPlayLevel: PIE: Created PIE world by copying editor world from /Game/Maps/FirstLevel.FirstLevel to /Game/Maps/UEDPIE_0_FirstLevel.FirstLevel (0.007978s)
[2016.08.10-01.25.42:759][816]LogInit: XAudio2 using 'Speakers (Cirrus Logic CS4206B (AB 122))' : 2 channels at 48 kHz using 32 bits per sample (channel mask 0x3)
[2016.08.10-01.25.42:764][816]LogInit: FAudioDevice initialized.
[2016.08.10-01.25.42:800][816]LogWorld: Game class is 'GameManager_C'
[2016.08.10-01.25.42:803][816]LogWorld: Bringing World /Game/Maps/UEDPIE_0_FirstLevel.FirstLevel up for play (max tick rate 0) at 2016.08.10-11.25.42
[2016.08.10-01.25.42:804][816]LogWorld: Bringing up level for play took: 0.002338
[2016.08.10-01.25.42:806][816]LogScript:Warning: UGameplayStatics::PlaySoundAttached: NULL AttachComponent specified! Trying to spawn sound [PLANET_DEFENCE_Cue],
[2016.08.10-01.25.42:810][816]PIE: Info Play in editor start time for /Game/Maps/UEDPIE_0_FirstLevel 3.042
[2016.08.10-01.25.42:810][816]LogBlueprintUserMessages: Late PlayInEditor Detection: Level '/Game/Maps/FirstLevel.FirstLevel:PersistentLevel' has LevelScriptBlueprint '/Game/Maps/FirstLevel.FirstLevel:PersistentLevel.FirstLevel' with GeneratedClass '/Game/Maps/FirstLevel.FirstLevel_C' with ClassGeneratedBy '/Game/Maps/FirstLevel.FirstLevel:PersistentLevel.FirstLevel'
[2016.08.10-01.25.44:520][982]LogBlueprintUserMessages: [GameManager_C_0] Wave Begun
[2016.08.10-01.25.51:690][728]LogBlueprintUserMessages: Early EndPlayMap Detection: Level '/Game/Maps/FirstLevel.FirstLevel:PersistentLevel' has LevelScriptBlueprint '/Game/Maps/FirstLevel.FirstLevel:PersistentLevel.FirstLevel' with GeneratedClass '/Game/Maps/FirstLevel.FirstLevel_C' with ClassGeneratedBy '/Game/Maps/FirstLevel.FirstLevel:PersistentLevel.FirstLevel'
[2016.08.10-01.25.51:745][728]LogBlueprintUserMessages: Late EndPlayMap Detection: Level '/Game/Maps/FirstLevel.FirstLevel:PersistentLevel' has LevelScriptBlueprint '/Game/Maps/FirstLevel.FirstLevel:PersistentLevel.FirstLevel' with GeneratedClass '/Game/Maps/FirstLevel.FirstLevel_C' with ClassGeneratedBy '/Game/Maps/FirstLevel.FirstLevel:PersistentLevel.FirstLevel'
[2016.08.10-01.25.54:701][ 62]Cmd: OBJ SAVEPACKAGE PACKAGE="/Game/LeftTurret" FILE="../../../../../../Users/sdeflorio/Documents/Project_PlanetDefence/Project_PlanetDef/Content/LeftTurret.uasset" SILENT=true
[2016.08.10-01.25.54:851][ 62]LogSavePackage: Save=123.34ms
[2016.08.10-01.25.54:851][ 62]LogSavePackage: Moving '../../../../../../Users/sdeflorio/Documents/Project_PlanetDefence/Project_PlanetDef/Saved/LeftTurretBFCB587543E010D5448A51B7CD006DF5.tmp' to '../../../../../../Users/sdeflorio/Documents/Project_PlanetDefence/Project_PlanetDef/Content/LeftTurret.uasset'
[2016.08.10-01.25.54:853][ 62]LogSavePackage: Total save time: 151.08ms
[2016.08.10-01.25.54:853][ 62]LogSavePackage:Display: Finished SavePackage ../../../../../../Users/sdeflorio/Documents/Project_PlanetDefence/Project_PlanetDef/Content/LeftTurret.uasset
[2016.08.10-01.26.10:446][605]BlueprintLog: New page: Compile RightTurret
[2016.08.10-01.26.10:553][605]BlueprintEditorCompileResults: Info [0151.32] Compile of RightTurret successful! [in 107 ms]
[2016.08.10-01.26.11:656][701]LogBlueprintUserMessages: Early PlayInEditor Detection: Level '/Game/Maps/FirstLevel.FirstLevel:PersistentLevel' has LevelScriptBlueprint '/Game/Maps/FirstLevel.FirstLevel:PersistentLevel.FirstLevel' with GeneratedClass '/Game/Maps/FirstLevel.FirstLevel_C' with ClassGeneratedBy '/Game/Maps/FirstLevel.FirstLevel:PersistentLevel.FirstLevel'
[2016.08.10-01.26.11:656][701]LogPlayLevel: PlayLevel: No blueprints needed recompiling
[2016.08.10-01.26.11:656][701]PIE: New page: PIE session: FirstLevel (10 Aug 2016 9:26:11 pm)
[2016.08.10-01.26.11:656][701]LogPlayLevel: Creating play world package: /Game/Maps/UEDPIE_0_FirstLevel
[2016.08.10-01.26.11:665][701]LogPlayLevel: PIE: StaticDuplicateObject took: (0.008475s)
[2016.08.10-01.26.11:665][701]LogAIModule: Creating AISystem for world FirstLevel
[2016.08.10-01.26.11:665][701]LogPlayLevel: PIE: World Init took: (0.000534s)
[2016.08.10-01.26.11:666][701]LogPlayLevel: PIE: Created PIE world by copying editor world from /Game/Maps/FirstLevel.FirstLevel to /Game/Maps/UEDPIE_0_FirstLevel.FirstLevel (0.009366s)
[2016.08.10-01.26.11:682][701]LogInit: XAudio2 using 'Speakers (Cirrus Logic CS4206B (AB 122))' : 2 channels at 48 kHz using 32 bits per sample (channel mask 0x3)
[2016.08.10-01.26.11:687][701]LogInit: FAudioDevice initialized.
[2016.08.10-01.26.11:715][701]LogWorld: Game class is 'GameManager_C'
[2016.08.10-01.26.11:718][701]LogWorld: Bringing World /Game/Maps/UEDPIE_0_FirstLevel.FirstLevel up for play (max tick rate 0) at 2016.08.10-11.26.11
[2016.08.10-01.26.11:719][701]LogWorld: Bringing up level for play took: 0.002811
[2016.08.10-01.26.11:721][701]LogScript:Warning: UGameplayStatics::PlaySoundAttached: NULL AttachComponent specified! Trying to spawn sound [PLANET_DEFENCE_Cue],
[2016.08.10-01.26.11:722][701]PIE: Info Play in editor start time for /Game/Maps/UEDPIE_0_FirstLevel -0.044
[2016.08.10-01.26.11:722][701]LogBlueprintUserMessages: Late PlayInEditor Detection: Level '/Game/Maps/FirstLevel.FirstLevel:PersistentLevel' has LevelScriptBlueprint '/Game/Maps/FirstLevel.FirstLevel:PersistentLevel.FirstLevel' with GeneratedClass '/Game/Maps/FirstLevel.FirstLevel_C' with ClassGeneratedBy '/Game/Maps/FirstLevel.FirstLevel:PersistentLevel.FirstLevel'
[2016.08.10-01.26.13:374][863]LogBlueprintUserMessages: Early EndPlayMap Detection: Level '/Game/Maps/FirstLevel.FirstLevel:PersistentLevel' has LevelScriptBlueprint '/Game/Maps/FirstLevel.FirstLevel:PersistentLevel.FirstLevel' with GeneratedClass '/Game/Maps/FirstLevel.FirstLevel_C' with ClassGeneratedBy '/Game/Maps/FirstLevel.FirstLevel:PersistentLevel.FirstLevel'
[2016.08.10-01.26.13:426][863]LogBlueprintUserMessages: Late EndPlayMap Detection: Level '/Game/Maps/FirstLevel.FirstLevel:PersistentLevel' has LevelScriptBlueprint '/Game/Maps/FirstLevel.FirstLevel:PersistentLevel.FirstLevel' with GeneratedClass '/Game/Maps/FirstLevel.FirstLevel_C' with ClassGeneratedBy '/Game/Maps/FirstLevel.FirstLevel:PersistentLevel.FirstLevel'
[2016.08.10-01.26.16:017][110]LogBlueprintUserMessages: Early PlayInEditor Detection: Level '/Game/Maps/FirstLevel.FirstLevel:PersistentLevel' has LevelScriptBlueprint '/Game/Maps/FirstLevel.FirstLevel:PersistentLevel.FirstLevel' with GeneratedClass '/Game/Maps/FirstLevel.FirstLevel_C' with ClassGeneratedBy '/Game/Maps/FirstLevel.FirstLevel:PersistentLevel.FirstLevel'
[2016.08.10-01.26.16:017][110]LogPlayLevel: PlayLevel: No blueprints needed recompiling
[2016.08.10-01.26.16:017][110]PIE: New page: PIE session: FirstLevel (10 Aug 2016 9:26:16 pm)
[2016.08.10-01.26.16:018][110]LogPlayLevel: Creating play world package: /Game/Maps/UEDPIE_0_FirstLevel
[2016.08.10-01.26.16:026][110]LogPlayLevel: PIE: StaticDuplicateObject took: (0.008300s)
[2016.08.10-01.26.16:026][110]LogAIModule: Creating AISystem for world FirstLevel
[2016.08.10-01.26.16:027][110]LogPlayLevel: PIE: World Init took: (0.000474s)
[2016.08.10-01.26.16:027][110]LogPlayLevel: PIE: Created PIE world by copying editor world from /Game/Maps/FirstLevel.FirstLevel to /Game/Maps/UEDPIE_0_FirstLevel.FirstLevel (0.009079s)
[2016.08.10-01.26.16:044][110]LogInit: XAudio2 using 'Speakers (Cirrus Logic CS4206B (AB 122))' : 2 channels at 48 kHz using 32 bits per sample (channel mask 0x3)
[2016.08.10-01.26.16:048][110]LogInit: FAudioDevice initialized.
[2016.08.10-01.26.16:072][110]LogWorld: Game class is 'GameManager_C'
[2016.08.10-01.26.16:076][110]LogWorld: Bringing World /Game/Maps/UEDPIE_0_FirstLevel.FirstLevel up for play (max tick rate 0) at 2016.08.10-11.26.16
[2016.08.10-01.26.16:077][110]LogWorld: Bringing up level for play took: 0.003341
[2016.08.10-01.26.16:080][110]LogScript:Warning: UGameplayStatics::PlaySoundAttached: NULL AttachComponent specified! Trying to spawn sound [PLANET_DEFENCE_Cue],
[2016.08.10-01.26.16:080][110]PIE: Info Play in editor start time for /Game/Maps/UEDPIE_0_FirstLevel 0.314
[2016.08.10-01.26.16:081][110]LogBlueprintUserMessages: Late PlayInEditor Detection: Level '/Game/Maps/FirstLevel.FirstLevel:PersistentLevel' has LevelScriptBlueprint '/Game/Maps/FirstLevel.FirstLevel:PersistentLevel.FirstLevel' with GeneratedClass '/Game/Maps/FirstLevel.FirstLevel_C' with ClassGeneratedBy '/Game/Maps/FirstLevel.FirstLevel:PersistentLevel.FirstLevel'
[2016.08.10-01.26.18:002][340]LogBlueprintUserMessages: [GameManager_C_2] Wave Begun
[2016.08.10-01.26.24:784][151]LogBlueprintUserMessages: Early EndPlayMap Detection: Level '/Game/Maps/FirstLevel.FirstLevel:PersistentLevel' has LevelScriptBlueprint '/Game/Maps/FirstLevel.FirstLevel:PersistentLevel.FirstLevel' with GeneratedClass '/Game/Maps/FirstLevel.FirstLevel_C' with ClassGeneratedBy '/Game/Maps/FirstLevel.FirstLevel:PersistentLevel.FirstLevel'
[2016.08.10-01.26.24:817][151]LogBlueprintUserMessages: Late EndPlayMap Detection: Level '/Game/Maps/FirstLevel.FirstLevel:PersistentLevel' has LevelScriptBlueprint '/Game/Maps/FirstLevel.FirstLevel:PersistentLevel.FirstLevel' with GeneratedClass '/Game/Maps/FirstLevel.FirstLevel_C' with ClassGeneratedBy '/Game/Maps/FirstLevel.FirstLevel:PersistentLevel.FirstLevel'
[2016.08.10-01.26.27:171][382]LogSavePackage: Save=115.31ms
[2016.08.10-01.26.27:171][382]LogSavePackage: Moving '../../../../../../Users/sdeflorio/Documents/Project_PlanetDefence/Project_PlanetDef/Saved/FirstLevel4E861FF54C7DB0EF1C45589CC6587808.tmp' to '../../../../../../Users/sdeflorio/Documents/Project_PlanetDefence/Project_PlanetDef/Content/Maps/FirstLevel.umap'
[2016.08.10-01.26.27:172][382]LogSavePackage: Total save time: 142.40ms
[2016.08.10-01.26.27:172][382]LogSavePackage:Display: Finished SavePackage ../../../../../../Users/sdeflorio/Documents/Project_PlanetDefence/Project_PlanetDef/Content/Maps/FirstLevel.umap
[2016.08.10-01.26.29:484][631]LogActorComponent: UnregisterComponent: (/Engine/Transient.EditorFloorComp) Not registered. Aborting.
[2016.08.10-01.26.32:754][773]Cmd: OBJ SAVEPACKAGE PACKAGE="/Game/RightTurret" FILE="../../../../../../Users/sdeflorio/Documents/Project_PlanetDefence/Project_PlanetDef/Content/RightTurret.uasset" SILENT=true
[2016.08.10-01.26.32:865][773]LogSavePackage: Save=85.29ms
[2016.08.10-01.26.32:865][773]LogSavePackage: Moving '../../../../../../Users/sdeflorio/Documents/Project_PlanetDefence/Project_PlanetDef/Saved/RightTurret784ACB4D4FB316FBDC946FAEF811C391.tmp' to '../../../../../../Users/sdeflorio/Documents/Project_PlanetDefence/Project_PlanetDef/Content/RightTurret.uasset'
[2016.08.10-01.26.32:868][773]LogSavePackage: Total save time: 112.66ms
[2016.08.10-01.26.32:868][773]LogSavePackage:Display: Finished SavePackage ../../../../../../Users/sdeflorio/Documents/Project_PlanetDefence/Project_PlanetDef/Content/RightTurret.uasset
[2016.08.10-01.26.33:134][774]Cmd: QUIT_EDITOR
[2016.08.10-01.26.33:208][774]LogExit: Preparing to exit.
[2016.08.10-01.26.33:574][774]LogExit: Editor shut down
[2016.08.10-01.26.33:574][774]LogExit: Transaction tracking system shut down
[2016.08.10-01.26.33:691][774]LogObj: Freed 0b from 0 cluster array pools.
[2016.08.10-01.26.33:691][774]LogExit: Object subsystem successfully closed.
[2016.08.10-01.26.33:704][774]LogD3D11RHI: Shutdown
[2016.08.10-01.26.33:704][774]LogD3D11RHI: CleanupD3DDevice
[2016.08.10-01.26.33:807][774]LogD3D11RHI: ~FD3D11DynamicRHI
[2016.08.10-01.26.33:897][774]LogDerivedDataCache: Shutdown
[2016.08.10-01.26.33:911][774]LogModuleManager: Shutting down and abandoning module BlueprintGraph (209)
[2016.08.10-01.26.33:911][774]LogModuleManager: Shutting down and abandoning module MovieSceneCapture (208)
[2016.08.10-01.26.33:911][774]LogModuleManager: Shutting down and abandoning module HierarchicalLODOutliner (207)
[2016.08.10-01.26.33:911][774]LogModuleManager: Shutting down and abandoning module CrashTracker (206)
[2016.08.10-01.26.33:911][774]LogModuleManager: Shutting down and abandoning module SceneOutliner (205)
[2016.08.10-01.26.33:911][774]LogModuleManager: Shutting down and abandoning module SuperSearch (204)
[2016.08.10-01.26.33:911][774]LogModuleManager: Shutting down and abandoning module WidgetCarousel (203)
[2016.08.10-01.26.33:911][774]LogModuleManager: Shutting down and abandoning module AddContentDialog (202)
[2016.08.10-01.26.33:921][774]LogModuleManager: Shutting down and abandoning module GameplayTags (201)
[2016.08.10-01.26.33:921][774]LogModuleManager: Shutting down and abandoning module EditorWidgets (200)
[2016.08.10-01.26.33:921][774]LogModuleManager: Shutting down and abandoning module CollectionManager (199)
[2016.08.10-01.26.33:921][774]LogModuleManager: Shutting down and abandoning module StatsViewer (198)
[2016.08.10-01.26.33:921][774]LogModuleManager: Shutting down and abandoning module FoliageEdit (197)
[2016.08.10-01.26.33:921][774]LogModuleManager: Shutting down and abandoning module LandscapeEditor (196)
[2016.08.10-01.26.33:921][774]LogModuleManager: Shutting down and abandoning module ActorPickerMode (195)
[2016.08.10-01.26.33:921][774]LogModuleManager: Shutting down and abandoning module GeometryMode (194)
[2016.08.10-01.26.33:921][774]LogModuleManager: Shutting down and abandoning module TextureAlignMode (193)
[2016.08.10-01.26.33:921][774]LogModuleManager: Shutting down and abandoning module BspMode (192)
[2016.08.10-01.26.33:921][774]LogModuleManager: Shutting down and abandoning module PlacementMode (191)
[2016.08.10-01.26.33:921][774]LogModuleManager: Shutting down and abandoning module AutomationWorker (190)
[2016.08.10-01.26.33:921][774]LogModuleManager: Shutting down and abandoning module CharacterAI (189)
[2016.08.10-01.26.33:921][774]LogModuleManager: Shutting down and abandoning module SmartSnapping (188)
[2016.08.10-01.26.33:921][774]LogModuleManager: Shutting down and abandoning module ViewportSnapping (187)
[2016.08.10-01.26.33:921][774]LogModuleManager: Shutting down and abandoning module LogVisualizer (186)
[2016.08.10-01.26.33:921][774]LogModuleManager: Shutting down and abandoning module GameProjectGeneration (185)
[2016.08.10-01.26.33:921][774]LogModuleManager: Shutting down and abandoning module IntroTutorials (184)
[2016.08.10-01.26.33:921][774]LogModuleManager: Shutting down and abandoning module EditorLiveStreaming (183)
[2016.08.10-01.26.33:921][774]LogModuleManager: Shutting down and abandoning module IOSPlatformEditor (182)
[2016.08.10-01.26.33:921][774]LogModuleManager: Shutting down and abandoning module HTML5PlatformEditor (181)
[2016.08.10-01.26.33:921][774]LogModuleManager: Shutting down and abandoning module AndroidDeviceDetection (180)
[2016.08.10-01.26.34:365][774]LogModuleManager: Shutting down and abandoning module AndroidPlatformEditor (179)
[2016.08.10-01.26.34:365][774]LogModuleManager: Shutting down and abandoning module IOSRuntimeSettings (178)
[2016.08.10-01.26.34:365][774]LogModuleManager: Shutting down and abandoning module AndroidRuntimeSettings (177)
[2016.08.10-01.26.34:365][774]LogModuleManager: Shutting down and abandoning module MergeActors (176)
[2016.08.10-01.26.34:365][774]LogModuleManager: Shutting down and abandoning module SizeMap (175)
[2016.08.10-01.26.34:365][774]LogModuleManager: Shutting down and abandoning module TreeMap (174)
[2016.08.10-01.26.34:365][774]LogModuleManager: Shutting down and abandoning module ReferenceViewer (173)
[2016.08.10-01.26.34:365][774]LogModuleManager: Shutting down and abandoning module LocalizationService (172)
[2016.08.10-01.26.34:365][774]LogModuleManager: Shutting down and abandoning module LocalizationDashboard (171)
[2016.08.10-01.26.34:365][774]LogModuleManager: Shutting down and abandoning module HardwareTargeting (170)
[2016.08.10-01.26.34:365][774]LogModuleManager: Shutting down and abandoning module DeviceProfileEditor (169)
[2016.08.10-01.26.34:365][774]LogModuleManager: Shutting down and abandoning module UndoHistory (168)
[2016.08.10-01.26.34:365][774]LogModuleManager: Shutting down and abandoning module UserFeedback (167)
[2016.08.10-01.26.34:365][774]LogModuleManager: Shutting down and abandoning module XmlParser (166)
[2016.08.10-01.26.34:365][774]LogModuleManager: Shutting down and abandoning module Blutility (165)
[2016.08.10-01.26.34:365][774]LogModuleManager: Shutting down and abandoning module ProjectTargetPlatformEditor (164)
[2016.08.10-01.26.34:365][774]LogModuleManager: Shutting down and abandoning module ProjectSettingsViewer (163)
[2016.08.10-01.26.34:365][774]LogModuleManager: Shutting down and abandoning module InputBindingEditor (162)
[2016.08.10-01.26.34:365][774]LogModuleManager: Shutting down and abandoning module EditorSettingsViewer (161)
[2016.08.10-01.26.34:365][774]LogModuleManager: Shutting down and abandoning module SettingsEditor (160)
[2016.08.10-01.26.34:365][774]LogModuleManager: Shutting down and abandoning module ProjectLauncher (159)
[2016.08.10-01.26.34:365][774]LogModuleManager: Shutting down and abandoning module SessionFrontend (158)
[2016.08.10-01.26.34:365][774]LogModuleManager: Shutting down and abandoning module ProfilerClient (157)
[2016.08.10-01.26.34:365][774]LogModuleManager: Shutting down and abandoning module TargetDeviceServices (156)
[2016.08.10-01.26.34:366][774]LogModuleManager: Shutting down and abandoning module DeviceManager (155)
[2016.08.10-01.26.34:406][774]LogModuleManager: Shutting down and abandoning module AutomationController (154)
[2016.08.10-01.26.34:406][774]LogModuleManager: Shutting down and abandoning module AutomationWindow (153)
[2016.08.10-01.26.34:406][774]LogModuleManager: Shutting down and abandoning module Layers (152)
[2016.08.10-01.26.34:406][774]LogModuleManager: Shutting down and abandoning module ComponentVisualizers (151)
[2016.08.10-01.26.34:406][774]LogModuleManager: Shutting down and abandoning module DetailCustomizations (150)
[2016.08.10-01.26.34:406][774]LogModuleManager: Shutting down and abandoning module PackagesDialog (149)
[2016.08.10-01.26.34:406][774]LogModuleManager: Shutting down and abandoning module Persona (148)
[2016.08.10-01.26.34:406][774]LogModuleManager: Shutting down and abandoning module Kismet (147)
[2016.08.10-01.26.34:406][774]LogModuleManager: Shutting down and abandoning module GraphEditor (146)
[2016.08.10-01.26.34:406][774]LogModuleManager: Shutting down and abandoning module ClassViewer (145)
[2016.08.10-01.26.34:406][774]LogModuleManager: Shutting down and abandoning module Toolbox (144)
[2016.08.10-01.26.34:406][774]LogModuleManager: Shutting down and abandoning module ModuleUI (143)
[2016.08.10-01.26.34:406][774]LogModuleManager: Shutting down and abandoning module MovieSceneTools (142)
[2016.08.10-01.26.34:406][774]LogModuleManager: Shutting down and abandoning module OutputLog (141)
[2016.08.10-01.26.34:406][774]LogModuleManager: Shutting down and abandoning module GammaUI (140)
[2016.08.10-01.26.34:406][774]LogModuleManager: Shutting down and abandoning module Documentation (139)
[2016.08.10-01.26.34:406][774]LogModuleManager: Shutting down and abandoning module StreamingPauseRendering (138)
[2016.08.10-01.26.34:406][774]LogModuleManager: Shutting down and abandoning module AnalyticsET (137)
[2016.08.10-01.26.34:406][774]LogModuleManager: Shutting down and abandoning module Analytics (136)
[2016.08.10-01.26.34:406][774]LogModuleManager: Shutting down and abandoning module PortalServices (135)
[2016.08.10-01.26.34:406][774]LogModuleManager: Shutting down and abandoning module PortalRpc (134)
[2016.08.10-01.26.34:406][774]LogModuleManager: Shutting down and abandoning module MessagingRpc (133)
[2016.08.10-01.26.34:406][774]LogModuleManager: Shutting down and abandoning module AITestSuite (132)
[2016.08.10-01.26.34:406][774]LogModuleManager: Shutting down and abandoning module GameplayDebugger (131)
[2016.08.10-01.26.34:406][774]LogModuleManager: Shutting down and abandoning module AIModule (130)
[2016.08.10-01.26.34:406][774]LogModuleManager: Shutting down and abandoning module ProfilerService (129)
[2016.08.10-01.26.34:568][774]LogModuleManager: Shutting down and abandoning module TaskGraph (128)
[2016.08.10-01.26.34:568][774]LogModuleManager: Shutting down and abandoning module SubstanceEditor (127)
[2016.08.10-01.26.34:568][774]LogModuleManager: Shutting down and abandoning module SlateRemote (126)
[2016.08.10-01.26.34:568][774]LogModuleManager: Shutting down and abandoning module SteamVRController (125)
[2016.08.10-01.26.34:568][774]LogModuleManager: Shutting down and abandoning module SteamVR (124)
[2016.08.10-01.26.34:568][774]LogModuleManager: Shutting down and abandoning module ProceduralMeshComponent (123)
[2016.08.10-01.26.34:568][774]LogModuleManager: Shutting down and abandoning module OculusLibrary (122)
[2016.08.10-01.26.34:568][774]LogModuleManager: Shutting down and abandoning module OculusInput (121)
[2016.08.10-01.26.34:568][774]LogModuleManager: Shutting down and abandoning module CustomMeshComponent (120)
[2016.08.10-01.26.34:568][774]LogModuleManager: Shutting down and abandoning module CableComponent (119)
[2016.08.10-01.26.34:568][774]LogModuleManager: Shutting down and abandoning module ArchVisCharacter (118)
[2016.08.10-01.26.34:568][774]LogModuleManager: Shutting down and abandoning module MediaPlayerEditor (117)
[2016.08.10-01.26.34:568][774]LogModuleManager: Shutting down and abandoning module HTML5Networking (116)
[2016.08.10-01.26.34:568][774]LogModuleManager: Shutting down and abandoning module SpeedTreeImporter (115)
[2016.08.10-01.26.34:568][774]LogModuleManager: Shutting down and abandoning module PluginBrowser (114)
[2016.08.10-01.26.34:568][774]LogModuleManager: Shutting down and abandoning module EpicSurvey (113)
[2016.08.10-01.26.34:585][774]LogModuleManager: Shutting down and abandoning module DesktopPlatform (112)
[2016.08.10-01.26.34:585][774]LogModuleManager: Shutting down and abandoning module VisualStudioSourceCodeAccess (111)
[2016.08.10-01.26.34:585][774]LogModuleManager: Shutting down and abandoning module UObjectPlugin (110)
[2016.08.10-01.26.34:585][774]LogModuleManager: Shutting down and abandoning module SubversionSourceControl (109)
[2016.08.10-01.26.34:585][774]LogModuleManager: Shutting down and abandoning module PerforceSourceControl (108)
[2016.08.10-01.26.34:585][774]LogModuleManager: Shutting down and abandoning module SourceControl (107)
[2016.08.10-01.26.34:585][774]LogModuleManager: Shutting down and abandoning module GitSourceControl (106)
[2016.08.10-01.26.34:585][774]LogModuleManager: Shutting down and abandoning module LightPropagationVolumeEditor (105)
[2016.08.10-01.26.34:585][774]LogModuleManager: Shutting down and abandoning module PaperTiledImporter (104)
[2016.08.10-01.26.34:585][774]LogModuleManager: Shutting down and abandoning module PaperSpriteSheetImporter (103)
[2016.08.10-01.26.34:585][774]LogModuleManager: Shutting down and abandoning module MeshPaint (102)
[2016.08.10-01.26.34:585][774]LogModuleManager: Shutting down and abandoning module HotReload (101)
[2016.08.10-01.26.34:585][774]LogModuleManager: Shutting down and abandoning module MainFrame (100)
[2016.08.10-01.26.34:585][774]LogModuleManager: Shutting down and abandoning module LevelEditor (99)
[2016.08.10-01.26.34:586][774]LogModuleManager: Shutting down and abandoning module DirectoryWatcher (98)
[2016.08.10-01.26.34:586][774]LogModuleManager: Shutting down and abandoning module AssetRegistry (97)
[2016.08.10-01.26.34:719][774]LogModuleManager: Shutting down and abandoning module ContentBrowser (96)
[2016.08.10-01.26.34:720][774]LogModuleManager: Shutting down and abandoning module Paper2DEditor (95)
[2016.08.10-01.26.34:720][774]LogModuleManager: Shutting down and abandoning module Project_PlanetDef (94)
[2016.08.10-01.26.34:720][774]LogModuleManager: Shutting down and abandoning module UdpMessaging (93)
[2016.08.10-01.26.34:820][774]LogModuleManager: Shutting down and abandoning module SubstanceCore (92)
[2016.08.10-01.26.34:820][774]LogModuleManager: Shutting down and abandoning module LightPropagationVolumeRuntime (91)
[2016.08.10-01.26.34:820][774]LogModuleManager: Shutting down and abandoning module Paper2D (90)
[2016.08.10-01.26.34:820][774]LogModuleManager: Shutting down and abandoning module WindowsMoviePlayer (89)
[2016.08.10-01.26.34:820][774]LogModuleManager: Shutting down and abandoning module Media (88)
[2016.08.10-01.26.34:820][774]LogModuleManager: Shutting down and abandoning module WmfMedia (87)
[2016.08.10-01.26.34:820][774]LogModuleManager: Shutting down and abandoning module MediaAssets (86)
[2016.08.10-01.26.34:820][774]LogModuleManager: Shutting down and abandoning module GameLiveStreaming (85)
[2016.08.10-01.26.34:820][774]LogModuleManager: Shutting down and abandoning module GameplayTagsEditor (84)
[2016.08.10-01.26.34:820][774]LogModuleManager: Shutting down and abandoning module OnlineBlueprintSupport (83)
[2016.08.10-01.26.34:820][774]LogModuleManager: Shutting down and abandoning module GameplayTasksEditor (82)
[2016.08.10-01.26.34:820][774]LogModuleManager: Shutting down and abandoning module PropertyEditor (81)
[2016.08.10-01.26.34:820][774]LogModuleManager: Shutting down and abandoning module BehaviorTreeEditor (80)
[2016.08.10-01.26.34:820][774]LogModuleManager: Shutting down and abandoning module FunctionalTesting (79)
[2016.08.10-01.26.34:820][774]LogModuleManager: Shutting down and abandoning module CollisionAnalyzer (78)
[2016.08.10-01.26.34:820][774]LogModuleManager: Shutting down and abandoning module WorkspaceMenuStructure (77)
[2016.08.10-01.26.34:820][774]LogModuleManager: Shutting down and abandoning module MessageLog (76)
[2016.08.10-01.26.34:820][774]LogModuleManager: Shutting down and abandoning module Sequencer (75)
[2016.08.10-01.26.34:820][774]LogModuleManager: Shutting down and abandoning module AssetTools (74)
[2016.08.10-01.26.34:820][774]LogModuleManager: Shutting down and abandoning module UMGEditor (73)
[2016.08.10-01.26.34:820][774]LogModuleManager: Shutting down and abandoning module UMG (72)
[2016.08.10-01.26.34:820][774]LogModuleManager: Shutting down and abandoning module SlateReflector (71)
[2016.08.10-01.26.34:820][774]LogModuleManager: Shutting down and abandoning module Slate (70)
[2016.08.10-01.26.34:820][774]LogModuleManager: Shutting down and abandoning module EditorStyle (69)
[2016.08.10-01.26.34:822][774]LogModuleManager: Shutting down and abandoning module SessionServices (68)
[2016.08.10-01.26.34:822][774]LogModuleManager: Shutting down and abandoning module SourceCodeAccess (67)
[2016.08.10-01.26.34:822][774]LogModuleManager: Shutting down and abandoning module HeadMountedDisplay (66)
[2016.08.10-01.26.34:822][774]LogModuleManager: Shutting down and abandoning module XAudio2 (65)
[2016.08.10-01.26.34:822][774]LogModuleManager: Shutting down and abandoning module Networking (63)
[2016.08.10-01.26.34:822][774]LogModuleManager: Shutting down and abandoning module Core (62)
[2016.08.10-01.26.34:822][774]LogModuleManager: Shutting down and abandoning module KismetCompiler (61)
[2016.08.10-01.26.34:822][774]LogModuleManager: Shutting down and abandoning module PhysXFormats (60)
[2016.08.10-01.26.34:822][774]LogModuleManager: Shutting down and abandoning module MeshUtilities (59)
[2016.08.10-01.26.34:822][774]LogModuleManager: Shutting down and abandoning module CookingStats (58)
[2016.08.10-01.26.34:822][774]LogModuleManager: Shutting down and abandoning module DerivedDataCache (57)
[2016.08.10-01.26.34:822][774]LogDerivedDataCache: Shutdown
[2016.08.10-01.26.34:822][774]LogModuleManager: Shutting down and abandoning module ShaderFormatOpenGL (56)
[2016.08.10-01.26.34:822][774]LogModuleManager: Shutting down and abandoning module ShaderFormatD3D (55)
[2016.08.10-01.26.34:822][774]LogModuleManager: Shutting down and abandoning module MetalShaderFormat (54)
[2016.08.10-01.26.34:822][774]LogModuleManager: Shutting down and abandoning module TextureFormatUncompressed (53)
[2016.08.10-01.26.34:822][774]LogModuleManager: Shutting down and abandoning module TextureFormatPVR (52)
[2016.08.10-01.26.34:822][774]LogModuleManager: Shutting down and abandoning module TextureFormatIntelISPCTexComp (51)
[2016.08.10-01.26.34:822][774]LogModuleManager: Shutting down and abandoning module TextureFormatDXT (50)
[2016.08.10-01.26.34:822][774]LogModuleManager: Shutting down and abandoning module ImageWrapper (49)
[2016.08.10-01.26.34:822][774]LogModuleManager: Shutting down and abandoning module TextureFormatASTC (48)
[2016.08.10-01.26.34:822][774]LogModuleManager: Shutting down and abandoning module TextureFormatAndroid (47)
[2016.08.10-01.26.34:822][774]LogModuleManager: Shutting down and abandoning module AudioFormatOpus (46)
[2016.08.10-01.26.34:822][774]LogModuleManager: Shutting down and abandoning module AudioFormatOgg (45)
[2016.08.10-01.26.34:822][774]LogModuleManager: Shutting down and abandoning module AudioFormatADPCM (44)
[2016.08.10-01.26.34:822][774]LogModuleManager: Shutting down and abandoning module LinuxTargetPlatform (43)
[2016.08.10-01.26.34:822][774]LogModuleManager: Shutting down and abandoning module LinuxServerTargetPlatform (42)
[2016.08.10-01.26.34:822][774]LogModuleManager: Shutting down and abandoning module LinuxNoEditorTargetPlatform (41)
[2016.08.10-01.26.34:822][774]LogModuleManager: Shutting down and abandoning module TVOSTargetPlatform (40)
[2016.08.10-01.26.34:822][774]LogModuleManager: Shutting down and abandoning module Messaging (39)
[2016.08.10-01.26.34:822][774]LogModuleManager: Shutting down and abandoning module IOSTargetPlatform (38)
[2016.08.10-01.26.34:822][774]LogModuleManager: Shutting down and abandoning module HTML5TargetPlatform (37)
[2016.08.10-01.26.34:822][774]LogModuleManager: Shutting down and abandoning module Android_PVRTCTargetPlatform (36)
[2016.08.10-01.26.34:822][774]LogModuleManager: Shutting down and abandoning module Android_MultiTargetPlatform (35)
[2016.08.10-01.26.34:822][774]LogModuleManager: Shutting down and abandoning module Android_ETC2TargetPlatform (34)
[2016.08.10-01.26.34:822][774]LogModuleManager: Shutting down and abandoning module Android_ETC1TargetPlatform (33)
[2016.08.10-01.26.34:822][774]LogModuleManager: Shutting down and abandoning module Android_DXTTargetPlatform (32)
[2016.08.10-01.26.34:822][774]LogModuleManager: Shutting down and abandoning module Android_ATCTargetPlatform (31)
[2016.08.10-01.26.34:822][774]LogModuleManager: Shutting down and abandoning module Android_ASTCTargetPlatform (30)
[2016.08.10-01.26.34:822][774]LogModuleManager: Shutting down and abandoning module AndroidTargetPlatform (29)
[2016.08.10-01.26.34:822][774]LogModuleManager: Shutting down and abandoning module WindowsTargetPlatform (28)
[2016.08.10-01.26.34:822][774]LogModuleManager: Shutting down and abandoning module WindowsServerTargetPlatform (27)
[2016.08.10-01.26.34:822][774]LogModuleManager: Shutting down and abandoning module WindowsNoEditorTargetPlatform (26)
[2016.08.10-01.26.34:822][774]LogModuleManager: Shutting down and abandoning module WindowsClientTargetPlatform (25)
[2016.08.10-01.26.34:822][774]LogModuleManager: Shutting down and abandoning module AllDesktopTargetPlatform (24)
[2016.08.10-01.26.34:822][774]LogModuleManager: Shutting down and abandoning module TargetPlatform (23)
[2016.08.10-01.26.34:822][774]LogModuleManager: Shutting down and abandoning module InputCore (22)
[2016.08.10-01.26.34:822][774]LogModuleManager: Shutting down and abandoning module Settings (21)
[2016.08.10-01.26.34:822][774]LogModuleManager: Shutting down and abandoning module OnlineSubsystem (19)
[2016.08.10-01.26.34:822][774]LogModuleManager: Shutting down and abandoning module HTTP (18)
[2016.08.10-01.26.35:823][774]LogModuleManager: Shutting down and abandoning module XMPP (17)
[2016.08.10-01.26.35:823][774]LogModuleManager: Shutting down and abandoning module OculusRift (16)
[2016.08.10-01.26.35:823][774]LogModuleManager: Shutting down and abandoning module ExampleDeviceProfileSelector (15)
[2016.08.10-01.26.35:823][774]LogModuleManager: Shutting down and abandoning module TextureCompressor (14)
[2016.08.10-01.26.35:823][774]LogModuleManager: Shutting down and abandoning module ShaderCore (13)
[2016.08.10-01.26.35:823][774]LogModuleManager: Shutting down and abandoning module Landscape (12)
[2016.08.10-01.26.35:823][774]LogModuleManager: Shutting down and abandoning module SlateRHIRenderer (11)
[2016.08.10-01.26.35:824][774]LogModuleManager: Shutting down and abandoning module OpenGLDrv (10)
[2016.08.10-01.26.35:824][774]LogModuleManager: Shutting down and abandoning module D3D11RHI (9)
[2016.08.10-01.26.35:824][774]LogModuleManager: Shutting down and abandoning module AnimGraphRuntime (8)
[2016.08.10-01.26.35:824][774]LogModuleManager: Shutting down and abandoning module Renderer (7)
[2016.08.10-01.26.35:824][774]LogModuleManager: Shutting down and abandoning module Engine (6)
[2016.08.10-01.26.35:824][774]LogModuleManager: Shutting down and abandoning module CoreUObject (5)
[2016.08.10-01.26.35:824][774]LogModuleManager: Shutting down and abandoning module NetworkFile (4)
[2016.08.10-01.26.35:824][774]LogModuleManager: Shutting down and abandoning module StreamingFile (3)
[2016.08.10-01.26.35:824][774]LogModuleManager: Shutting down and abandoning module SandboxFile (2)
[2016.08.10-01.26.35:824][774]LogModuleManager: Shutting down and abandoning module PakFile (1)
[2016.08.10-01.26.35:825][774]LogExit: Exiting.
[2016.08.10-01.26.35:837][774]Log file closed, 08/10/16 11:26:35
