Log file open, 07/28/16 17:03:36
LogInit:Display: Running engine for game: Project_PlanetDef
LogPlatformFile: Not using cached read wrapper
LogInit:Display: RandInit(-1937414387) SRandInit(-1937414385).
LogTaskGraph: Started task graph with 4 named threads and 7 total threads.
LogStats: Stats thread started at 0.069132
OCULUS: Info: [CAPI] LibOVR module is located at C:\Program Files (x86)\Oculus\Support\oculus-runtime\LibOVRRT64_1.dll
OCULUS: Debug: Connected to the server running version (prod = 1).1.6.0(build = 250620) feature version = 0. Client runs version (prod = 1).1.6.0(build = 250620) feature version = 0
OCULUS: Debug: [HMDState] Using default profile default
OCULUS: Info: IAD changed to 64.0mm
OCULUS: Debug: [SharedMemory] Creating factory
LogInit: Version: 4.11.2-2946394+++UE4+Release-4.11
LogInit: API Version: 2927265
LogInit: Compiled (64-bit): Apr 18 2016 02:18:46
LogInit: Compiled with Visual C++: 19.00.23026.00
LogInit: Build Configuration: Development
LogInit: Branch Name: ++UE4+Release-4.11
LogInit: Command line: 
LogInit: Base directory: D:/Program Files (x86)/Epic Games/4.11/Engine/Binaries/Win64/
LogInit: Installed Engine Build: 1
LogInit: Using libcurl 7.41.0
LogInit:  - built for x86_64-pc-win32
LogInit:  - supports SSL with WinSSL
LogInit:  - other features:
LogInit:      CURL_VERSION_SSL
LogInit:      CURL_VERSION_IPV6
LogInit:      CURL_VERSION_ASYNCHDNS
LogInit:      CURL_VERSION_LARGEFILE
LogInit:      CURL_VERSION_IDN
LogInit:  CurlRequestOptions (configurable via config and command line):
LogInit:  - bVerifyPeer = true  - Libcurl will verify peer certificate
LogInit:  - bUseHttpProxy = false  - Libcurl will NOT use HTTP proxy
LogInit:  - bDontReuseConnections = false  - Libcurl will reuse connections
LogInit:  - CertBundlePath = nullptr  - Libcurl will use whatever was configured at build time.
LogInit: Presizing for max 16777216 objects, including 0 objects not considered by GC, pre-allocating 0 bytes for permanent pool.
LogInit: Object subsystem initialized
[2016.07.28-07.03.36:822][  0]LogInit: Selected Device Profile: [Windows]
[2016.07.28-07.03.36:822][  0]LogInit: Applying CVar settings loaded from the selected device profile: [Windows]
[2016.07.28-07.03.36:829][  0]LogInit: Computer: DESKTOP-M92PTO3
[2016.07.28-07.03.36:829][  0]LogInit: User: StefanoAdmin
[2016.07.28-07.03.36:829][  0]LogInit: CPU Page size=65536, Cores=4
[2016.07.28-07.03.36:829][  0]LogInit: High frequency timer resolution =3.328129 MHz
[2016.07.28-07.03.36:829][  0]LogMemory: Memory total: Physical=15.9GB (16GB approx)
[2016.07.28-07.03.36:829][  0]LogMemory: Platform Memory Stats for Windows
[2016.07.28-07.03.36:829][  0]LogMemory: Process Physical Memory: 318.32 MB used, 318.32 MB peak
[2016.07.28-07.03.36:830][  0]LogMemory: Process Virtual Memory: 318.16 MB used, 318.16 MB peak
[2016.07.28-07.03.36:830][  0]LogMemory: Physical Memory: 6862.16 MB used, 16313.61 MB total
[2016.07.28-07.03.36:830][  0]LogMemory: Virtual Memory: 700.50 MB used, 134217728.00 MB total
[2016.07.28-07.03.37:074][  0]LogTextLocalizationManager: No specific translations for ('en-AU') exist, so ('en') translations will be used.
[2016.07.28-07.03.37:419][  0]LogD3D11RHI: D3D11 adapters:
[2016.07.28-07.03.37:440][  0]LogD3D11RHI:    0. 'NVIDIA GeForce GTX 980' (Feature Level 11_0)
[2016.07.28-07.03.37:440][  0]LogD3D11RHI:       4008MB of dedicated video memory, 0MB of dedicated system memory, and 8156MB of shared system memory, 1 output[s]
[2016.07.28-07.03.37:441][  0]LogD3D11RHI:    1. 'Microsoft Basic Render Driver' (Feature Level 11_0)
[2016.07.28-07.03.37:441][  0]LogD3D11RHI:       0MB of dedicated video memory, 0MB of dedicated system memory, and 8156MB of shared system memory, 0 output[s]
[2016.07.28-07.03.37:441][  0]LogD3D11RHI: Chosen D3D11 Adapter: 0
[2016.07.28-07.03.37:446][  0]LogD3D11RHI: Creating new Direct3DDevice
[2016.07.28-07.03.37:446][  0]LogD3D11RHI:     Adapter Name: NVIDIA GeForce GTX 980
[2016.07.28-07.03.37:446][  0]LogD3D11RHI:   Driver Version: 10.18.13.6510 (internal 10.18.13.6510)
[2016.07.28-07.03.37:446][  0]LogD3D11RHI:      Driver Date: 4-27-2016
[2016.07.28-07.03.37:446][  0]LogRHI: Texture pool is 1361 MB (70% of 1945 MB)
[2016.07.28-07.03.37:458][  0]LogD3D11RHI: Async texture creation enabled
[2016.07.28-07.03.37:474][  0]LogShaderCompilers: Guid format shader working directory is -48 characters bigger than the processId version (../../../../../../Admin/Documents/GitHub Repositories/Project_PlanetDefence/Project_PlanetDef/Intermediate/Shaders/WorkingDirectory/12592/).
[2016.07.28-07.03.37:474][  0]LogShaderCompilers: Cleaned the shader compiler working directory 'C:/Users/Admin/AppData/Local/Temp/UnrealShaderWorkingDir/4A31555B4F4F55DA9A6F3BB058FD1C78/'.
[2016.07.28-07.03.37:475][  0]LogShaderCompilers:Display: Using Local Shader Compiler.
[2016.07.28-07.03.38:392][  0]LogTemp:Display: Loaded TP AllDesktopTargetPlatform
[2016.07.28-07.03.38:396][  0]LogTemp:Display: Loaded TP WindowsClientTargetPlatform
[2016.07.28-07.03.38:400][  0]LogTemp:Display: Loaded TP WindowsNoEditorTargetPlatform
[2016.07.28-07.03.38:405][  0]LogTemp:Display: Loaded TP WindowsServerTargetPlatform
[2016.07.28-07.03.38:409][  0]LogTemp:Display: Loaded TP WindowsTargetPlatform
[2016.07.28-07.03.38:412][  0]LogTemp:Display: Loaded TP AndroidTargetPlatform
[2016.07.28-07.03.38:415][  0]LogTemp:Display: Loaded TP Android_ASTCTargetPlatform
[2016.07.28-07.03.38:418][  0]LogTemp:Display: Loaded TP Android_ATCTargetPlatform
[2016.07.28-07.03.38:421][  0]LogTemp:Display: Loaded TP Android_DXTTargetPlatform
[2016.07.28-07.03.38:423][  0]LogTemp:Display: Loaded TP Android_ETC1TargetPlatform
[2016.07.28-07.03.38:426][  0]LogTemp:Display: Loaded TP Android_ETC2TargetPlatform
[2016.07.28-07.03.38:432][  0]LogTemp:Display: Loaded TP Android_MultiTargetPlatform
[2016.07.28-07.03.38:432][  0]LogTemp:Display: Loaded TP Android_PVRTCTargetPlatform
[2016.07.28-07.03.38:433][  0]LogTemp:Display: Loaded TP HTML5TargetPlatform
[2016.07.28-07.03.38:448][  0]LogTemp:Display: Loaded TP IOSTargetPlatform
[2016.07.28-07.03.38:450][  0]LogTemp:Display: Loaded TP TVOSTargetPlatform
[2016.07.28-07.03.38:453][  0]LogTemp:Display: Loaded TP LinuxNoEditorTargetPlatform
[2016.07.28-07.03.38:456][  0]LogTemp:Display: Loaded TP LinuxServerTargetPlatform
[2016.07.28-07.03.38:458][  0]LogTemp:Display: Loaded TP LinuxTargetPlatform
[2016.07.28-07.03.38:459][  0]LogTargetPlatformManager:Display: Building Assets For Windows
[2016.07.28-07.03.38:517][  0]LogDerivedDataCache:Display: Max Cache Size: 512 MB
[2016.07.28-07.03.38:556][  0]LogDerivedDataCache: Loaded boot cache 0.04s 46MB C:/Users/Admin/AppData/Local/UnrealEngine/4.11/DerivedDataCache/Boot.ddc.
[2016.07.28-07.03.38:556][  0]LogDerivedDataCache:Display: Loaded Boot cache: C:/Users/Admin/AppData/Local/UnrealEngine/4.11/DerivedDataCache/Boot.ddc
[2016.07.28-07.03.38:556][  0]LogDerivedDataCache: FDerivedDataBackendGraph:  Pak pak cache file ../../../../../../Admin/Documents/GitHub Repositories/Project_PlanetDefence/Project_PlanetDef/DerivedDataCache/DDC.ddp not found, will not use a pak cache.
[2016.07.28-07.03.38:556][  0]LogDerivedDataCache: Unable to find inner node Pak for hierarchical cache Hierarchy.
[2016.07.28-07.03.38:556][  0]LogDerivedDataCache: FDerivedDataBackendGraph:  CompressedPak pak cache file ../../../../../../Admin/Documents/GitHub Repositories/Project_PlanetDefence/Project_PlanetDef/DerivedDataCache/Compressed.ddp not found, will not use a pak cache.
[2016.07.28-07.03.38:556][  0]LogDerivedDataCache: Unable to find inner node CompressedPak for hierarchical cache Hierarchy.
[2016.07.28-07.03.38:569][  0]LogDerivedDataCache:Display: Pak cache opened for reading ../../../Engine/DerivedDataCache/Compressed.ddp.
[2016.07.28-07.03.38:580][  0]LogDerivedDataCache: Using Local data cache path C:/Users/Admin/AppData/Local/UnrealEngine/Common/DerivedDataCache: Writable
[2016.07.28-07.03.38:751][  0]LogInit: Selected Device Profile: [Windows]
[2016.07.28-07.03.38:752][  0]LogContentStreaming: Texture pool size is 0.00 MB
[2016.07.28-07.03.38:784][  0]LogMaterial: Uniform references updated for custom material expression Custom.
[2016.07.28-07.03.38:906][  0]LogMeshUtilities: No automatic mesh reduction module available
[2016.07.28-07.03.38:906][  0]LogMeshUtilities: No automatic mesh merging module available
[2016.07.28-07.03.38:906][  0]LogMeshUtilities: No distributed automatic mesh merging module available
[2016.07.28-07.03.39:087][  0]LogUObjectArray: 27679 objects as part of root set at end of initial load.
[2016.07.28-07.03.39:087][  0]LogUObjectAllocator: 5591592 out of 0 bytes used by permanent object pool.
[2016.07.28-07.03.39:087][  0]LogUObjectArray: CloseDisregardForGC: 0/0 objects in disregard for GC pool
[2016.07.28-07.03.39:092][  0]LogInit: WinSock: version 1.1 (2.2), MaxSocks=32767, MaxUdp=65467
[2016.07.28-07.03.39:154][  0]LogSlate: SlateFontCache - WITH_FREETYPE: 1, WITH_HARFBUZZ: 1
[2016.07.28-07.03.39:154][  0]LogSlate: SlateFontCache - WITH_FREETYPE: 1, WITH_HARFBUZZ: 1
[2016.07.28-07.03.39:231][  0]LogStreaming:Warning: Failed to read file '../../../Engine/Content/Editor/Slate/Common/Selection_16x.png' error.
[2016.07.28-07.03.39:231][  0]LogSlate: Could not find file for Slate resource: ../../../Engine/Content/Editor/Slate/Common/Selection_16x.png
[2016.07.28-07.03.39:231][  0]LogStreaming:Warning: Failed to read file '../../../Engine/Content/Editor/Slate/Common/Selection_16x.png' error.
[2016.07.28-07.03.39:231][  0]LogSlate: Could not find file for Slate resource: ../../../Engine/Content/Editor/Slate/Common/Selection_16x.png
[2016.07.28-07.03.39:231][  0]LogStreaming:Warning: Failed to read file '../../../Engine/Content/Editor/Slate/Common/Selection_16x.png' error.
[2016.07.28-07.03.39:232][  0]LogSlate: Could not find file for Slate resource: ../../../Engine/Content/Editor/Slate/Common/Selection_16x.png
[2016.07.28-07.03.39:667][  0]LogSubstanceCoreModule: Substance CPU Engine Loaded, Max Texture Size 2048
[2016.07.28-07.03.39:672][  0]LogUdpMessaging: Initializing bridge on interface 0.0.0.0:0 to multicast group 230.0.0.1:6666.
[2016.07.28-07.03.39:769][  0]LogAssetRegistry: FAssetRegistry took 0.0213 seconds to start up
[2016.07.28-07.03.39:890][  0]SourceControl: Info Source control is disabled
[2016.07.28-07.03.39:919][  0]SourceControl: Info Source control is disabled
[2016.07.28-07.03.39:926][  0]SourceControl: Info Source control is disabled
[2016.07.28-07.03.39:931][  0]SourceControl: Info Source control is disabled
[2016.07.28-07.03.40:104][  0]LogEngine: Initializing Engine...
[2016.07.28-07.03.40:104][  0]LogHMD: Oculus plugin initialized. Version: 4.11.2-2946394+++UE4+Release-4.11, LibOVR: 1.6.0, SDK: 1.3.0, built Apr 18 2016, 02:19:44
[2016.07.28-07.03.40:214][  0]OCULUS: Debug: [HMDState] Using default profile default
[2016.07.28-07.03.40:214][  0]OCULUS: Info: IAD changed to 64.0mm
[2016.07.28-07.03.40:223][  0]LogAIModule: Creating AISystem for world NewWorld
[2016.07.28-07.03.40:235][  0]LogInit: XAudio2 using 'Headphones (Rift Audio)' : 2 channels at 48 kHz using 16 bits per sample (channel mask 0x3)
[2016.07.28-07.03.40:243][  0]LogInit: FAudioDevice initialized.
[2016.07.28-07.03.40:267][  0]LogDerivedDataCache: Saved boot cache 0.02s 46MB C:/Users/Admin/AppData/Local/UnrealEngine/4.11/DerivedDataCache/Boot.ddc.
[2016.07.28-07.03.40:274][  0]LogInit: Texture streaming: Enabled
[2016.07.28-07.03.40:292][  0]LogInit: Transaction tracking system initialized
[2016.07.28-07.03.40:308][  0]BlueprintLog: New page: Editor Load
[2016.07.28-07.03.40:361][  0]LocalizationService: Info Localization service is disabled
[2016.07.28-07.03.40:439][  0]LogConsoleResponse:Display: 
[2016.07.28-07.03.40:526][  0]LogCook:Display: Max memory allowance for cook 8192mb
[2016.07.28-07.03.40:526][  0]LogCook:Display: Mobile HDR setting 1
[2016.07.28-07.03.40:526][  0]LogCook:Display: Done creating registry. It took  0.00s.
[2016.07.28-07.03.40:561][  0]LogFileCache: Scanning file cache for directory 'D:/Admin/Documents/GitHub Repositories/Project_PlanetDefence/Project_PlanetDef/Content/' took 0.01s
[2016.07.28-07.03.40:561][  0]SourceControl: Info Source control is disabled
[2016.07.28-07.03.40:561][  0]Cmd: MAP LOAD FILE="../../../Engine/Content/Maps/Templates/Template_Default.umap" TEMPLATE=1 SHOWPROGRESS=1 FEATURELEVEL=3
[2016.07.28-07.03.40:562][  0]LightingResults: New page: Lighting Build
[2016.07.28-07.03.40:563][  0]MapCheck: New page: Map Check
[2016.07.28-07.03.40:563][  0]LightingResults: New page: Lighting Build
[2016.07.28-07.03.40:757][  0]LogAIModule: Creating AISystem for world Untitled_1
[2016.07.28-07.03.40:762][  0]LogEditorServer: Finished looking for orphan Actors (0.000 secs)
[2016.07.28-07.03.40:766][  0]Cmd: MAP CHECKDEP NOCLEARLOG
[2016.07.28-07.03.40:791][  0]MapCheck: Info Map check complete: 0 Error(s), 0 Warning(s), took 24.443ms to complete.
[2016.07.28-07.03.40:791][  0]LogFileHelpers: Loading map 'Template_Default' took 0.230
[2016.07.28-07.03.40:882][  0]LogCollectionManager: Loaded 0 collections in 0.001980 seconds
[2016.07.28-07.03.40:919][  0]LogFileCache: Scanning file cache for directory 'D:/Admin/Documents/GitHub Repositories/Project_PlanetDefence/Project_PlanetDef/Saved/Collections/' took 0.01s
[2016.07.28-07.03.40:919][  0]LogFileCache: Scanning file cache for directory 'D:/Admin/Documents/GitHub Repositories/Project_PlanetDefence/Project_PlanetDef/Content/Developers/StefanoAdmin/Collections/' took 0.01s
[2016.07.28-07.03.40:919][  0]LogFileCache: Scanning file cache for directory 'D:/Admin/Documents/GitHub Repositories/Project_PlanetDefence/Project_PlanetDef/Content/Collections/' took 0.01s
[2016.07.28-07.03.40:919][  0]LogCollectionManager: Rebuilt the GUID cache for 0 collections in 0.000002 seconds
[2016.07.28-07.03.40:926][  0]LogContentBrowser: Native class hierarchy populated in 0.0069 seconds. Added 1994 classes and 349 folders.
[2016.07.28-07.03.40:928][  0]LogStats: UGameplayTagsManager::ConstructGameplayTagTree: Construct from data asset -  0.000 s
[2016.07.28-07.03.40:928][  0]LogStats: UGameplayTagsManager::ConstructGameplayTagTree: GameplayTagTreeChangedEvent.Broadcast -  0.000 s
[2016.07.28-07.03.40:929][  0]LogContentBrowser: Native class hierarchy updated for 'GameplayTags' in 0.0007 seconds. Added 12 classes and 0 folders.
[2016.07.28-07.03.40:933][  0]LogContentBrowser: Native class hierarchy updated for 'WidgetCarousel' in 0.0007 seconds. Added 0 classes and 0 folders.
[2016.07.28-07.03.40:938][  0]LogContentBrowser: Native class hierarchy updated for 'SuperSearch' in 0.0008 seconds. Added 1 classes and 2 folders.
[2016.07.28-07.03.40:964][  0]LogContentBrowser: Native class hierarchy updated for 'AddContentDialog' in 0.0008 seconds. Added 0 classes and 0 folders.
[2016.07.28-07.03.40:967][  0]LogContentBrowser: Native class hierarchy updated for 'SceneOutliner' in 0.0008 seconds. Added 1 classes and 2 folders.
[2016.07.28-07.03.40:987][  0]LogCrashTracker: Crashtracker disabled due to settings.
[2016.07.28-07.03.40:991][  0]LogUObjectGlobals:Warning: Failed to find object 'Class None.'
[2016.07.28-07.03.41:017][  0]LogContentBrowser: Native class hierarchy updated for 'HierarchicalLODOutliner' in 0.0007 seconds. Added 1 classes and 2 folders.
[2016.07.28-07.03.41:017][  0]LogLoad: Full Startup: 4.96 seconds (BP compile: 0.03 seconds)
[2016.07.28-07.03.41:017][  0]LogExternalProfiler: Found external profiler: VSPerf
[2016.07.28-07.03.41:017][  0]LogExternalProfiler: Using external profiler: VSPerf
[2016.07.28-07.03.41:026][  0]LogWindowsTextInputMethodSystem:Display: IME system now deactivated.
[2016.07.28-07.03.41:026][  0]LogOcInput: OculusInput pre-init called
[2016.07.28-07.03.41:035][  0]LogOcInput: OculusInput is initialized. Init status 0. Runtime version: 1.6.0
[2016.07.28-07.03.41:068][  0]LogContentStreaming: Texture pool size now 1000 MB
[2016.07.28-07.03.41:196][  0]LogRenderer: Reallocating scene render targets to support 1208x576 (Frame:2).
[2016.07.28-07.03.41:249][  1]LogAssetRegistry: Asset discovery search completed in 1.5009 seconds
[2016.07.28-07.03.41:249][  1]LogCollectionManager: Rebuilt the object cache for 0 collections in 0.000001 seconds (found 0 objects)
[2016.07.28-07.03.41:249][  1]LogCollectionManager: Fixed up redirectors for 0 collections in 0.000039 seconds (updated 0 objects)
[2016.07.28-07.03.48:730][297]LogContentBrowser: Native class hierarchy updated for 'Cascade' in 0.0008 seconds. Added 2 classes and 2 folders.
[2016.07.28-07.03.54:333][415]LogCascade: Quitting Cascade. FXSystem=0x000001A915E97380
[2016.07.28-07.04.21:218][456]LogMaterial:Warning: Material /Game/Materials/CannonsMat.CannonsMat needed to have new flag set bUsedWithBeamTrails !
[2016.07.28-07.04.21:220][456]LogMaterial: Missing cached shader map for material CannonsMat, compiling. 
[2016.07.28-07.04.21:245][456]LogMaterial: 0.00 seconds spent updating 1 materials, 1 interfaces, 0 instances, 0 with static permutations.
[2016.07.28-07.04.24:143][599]LogMaterial:Warning: Material /Game/Models/lambert2.lambert2 needed to have new flag set bUsedWithBeamTrails !
[2016.07.28-07.04.24:144][599]LogMaterial: Missing cached shader map for material lambert2, compiling. 
[2016.07.28-07.04.24:161][599]LogMaterial: 0.00 seconds spent updating 1 materials, 1 interfaces, 0 instances, 0 with static permutations.
[2016.07.28-07.04.41:120][642]LogSavePackage: Save=23.46ms
[2016.07.28-07.04.41:120][642]LogSavePackage: Moving '../../../../../../Admin/Documents/GitHub Repositories/Project_PlanetDefence/Project_PlanetDef/Saved/DroneMining385A8C7443D2F9169F1E58B674379315.tmp' to '../../../../../../Admin/Documents/GitHub Repositories/Project_PlanetDefence/Project_PlanetDef/Content/Particles/DroneMining.uasset'
[2016.07.28-07.04.41:122][642]LogSavePackage: Total save time: 32.08ms
[2016.07.28-07.04.41:122][642]LogSavePackage:Display: Finished SavePackage ../../../../../../Admin/Documents/GitHub Repositories/Project_PlanetDefence/Project_PlanetDef/Content/Particles/DroneMining.uasset
[2016.07.28-07.04.45:959][870]LogTexture:Display: Building textures: ThumbnailTexture (BGRA8)
[2016.07.28-07.04.49:788][ 77]LogTexture:Display: Building textures: ThumbnailTexture (DXT1)
[2016.07.28-07.04.49:819][ 77]LogSavePackage: Save=32.48ms
[2016.07.28-07.04.49:819][ 77]LogSavePackage: Moving '../../../../../../Admin/Documents/GitHub Repositories/Project_PlanetDefence/Project_PlanetDef/Saved/DroneMiningDC01022A436CEF6404DC408460B29416.tmp' to '../../../../../../Admin/Documents/GitHub Repositories/Project_PlanetDefence/Project_PlanetDef/Content/Particles/DroneMining.uasset'
[2016.07.28-07.04.49:821][ 77]LogSavePackage: Total save time: 36.28ms
[2016.07.28-07.04.49:821][ 77]LogSavePackage:Display: Finished SavePackage ../../../../../../Admin/Documents/GitHub Repositories/Project_PlanetDefence/Project_PlanetDef/Content/Particles/DroneMining.uasset
[2016.07.28-07.05.01:155][940]LogLinker:Warning: Can't find file '/Game/Materials/shield_mat_red'
[2016.07.28-07.05.01:155][940]LogLinker:Warning: Can't find file for asset '/Game/Materials/shield_mat_red' while loading ../../../../../../Admin/Documents/GitHub Repositories/Project_PlanetDefence/Project_PlanetDef/Content/Shield.uasset.
[2016.07.28-07.05.01:155][940]LoadErrors:Error: Error /Game/Shield : Can't find file for asset. /Game/Materials/shield_mat_red
[2016.07.28-07.05.01:156][940]LogLinker:Warning: Can't find file '/Game/Materials/shield_mat_red'
[2016.07.28-07.05.01:156][940]LogLinker:Warning: Can't find file for asset '/Game/Materials/shield_mat_red' while loading ../../../../../../Admin/Documents/GitHub Repositories/Project_PlanetDefence/Project_PlanetDef/Content/Shield.uasset.
[2016.07.28-07.05.01:416][940]LogLinker:Warning: Can't find file '/Game/Materials/shield_mat_red'
[2016.07.28-07.05.01:416][940]LogLinker:Warning: Can't find file for asset '/Game/Materials/shield_mat_red' while loading ../../../../../../Admin/Documents/GitHub Repositories/Project_PlanetDefence/Project_PlanetDef/Content/Meteorites/MeteoriteHandler.uasset.
[2016.07.28-07.05.01:416][940]LoadErrors:Error: Error /Game/Meteorites/MeteoriteHandler : Can't find file for asset. /Game/Materials/shield_mat_red
[2016.07.28-07.05.01:416][940]LogLinker:Warning: Can't find file '/Game/Materials/shield_mat_red'
[2016.07.28-07.05.01:416][940]LogLinker:Warning: Can't find file for asset '/Game/Materials/shield_mat_red' while loading ../../../../../../Admin/Documents/GitHub Repositories/Project_PlanetDefence/Project_PlanetDef/Content/Meteorites/MeteoriteHandler.uasset.
[2016.07.28-07.05.01:420][940]LogLinker:Warning: Can't find file '/Game/Materials/shield_mat_red'
[2016.07.28-07.05.01:420][940]LoadErrors: Info Failed to load /Game/Drone.Drone_C Referenced by EdGraphPin_117495
[2016.07.28-07.05.01:420][940]LogLinker:Warning: Can't find file for asset '/Game/Materials/shield_mat_red' while loading ../../../../../../Admin/Documents/GitHub Repositories/Project_PlanetDefence/Project_PlanetDef/Content/Meteorites/MeteoriteHandler.uasset.
[2016.07.28-07.05.02:136][940]LogAIModule: Creating AISystem for world FirstLevel
[2016.07.28-07.05.02:138][940]LogMaterial:Warning: Material /Engine/EditorMaterials/WidgetGridVertexColorMaterial_Ma.WidgetGridVertexColorMaterial_Ma needed to have new flag set bUsedWithStaticLighting !
[2016.07.28-07.05.02:141][940]LogMaterial: Missing cached shader map for material WidgetGridVertexColorMaterial_Ma, compiling. 
[2016.07.28-07.05.02:147][940]MapCheck:Warning: Warning WidgetGridVertexColorMaterial_Ma Material /Engine/EditorMaterials/WidgetGridVertexColorMaterial_Ma.WidgetGridVertexColorMaterial_Ma was missing the usage flag bUsedWithStaticLighting. If the material asset is not re-saved, it may not render correctly when run outside the editor. Fix
[2016.07.28-07.05.02:153][940]LogMaterial: 0.00 seconds spent updating 1 materials, 1 interfaces, 0 instances, 0 with static permutations.
[2016.07.28-07.05.03:714][940]LogSavePackage: Save=15.78ms
[2016.07.28-07.05.03:715][940]LogSavePackage: Moving '../../../../../../Admin/Documents/GitHub Repositories/Project_PlanetDefence/Project_PlanetDef/Saved/CannonsMat2E23C23141ED95C93B424388B92EB331.tmp' to '../../../../../../Admin/Documents/GitHub Repositories/Project_PlanetDefence/Project_PlanetDef/Content/Materials/CannonsMat.uasset'
[2016.07.28-07.05.03:716][940]LogSavePackage: Total save time: 25.10ms
[2016.07.28-07.05.03:716][940]LogSavePackage:Display: Finished SavePackage ../../../../../../Admin/Documents/GitHub Repositories/Project_PlanetDefence/Project_PlanetDef/Content/Materials/CannonsMat.uasset
[2016.07.28-07.05.03:731][940]Cmd: OBJ SAVEPACKAGE PACKAGE="/Game/Models/lambert2" FILE="../../../../../../Admin/Documents/GitHub Repositories/Project_PlanetDefence/Project_PlanetDef/Content/Models/lambert2.uasset" SILENT=true
[2016.07.28-07.05.03:755][940]LogSavePackage: Save=14.23ms
[2016.07.28-07.05.03:755][940]LogSavePackage: Moving '../../../../../../Admin/Documents/GitHub Repositories/Project_PlanetDefence/Project_PlanetDef/Saved/lambert2CFFF46424F45834979EA16921B503EA2.tmp' to '../../../../../../Admin/Documents/GitHub Repositories/Project_PlanetDefence/Project_PlanetDef/Content/Models/lambert2.uasset'
[2016.07.28-07.05.03:756][940]LogSavePackage: Total save time: 23.45ms
[2016.07.28-07.05.03:756][940]LogSavePackage:Display: Finished SavePackage ../../../../../../Admin/Documents/GitHub Repositories/Project_PlanetDefence/Project_PlanetDef/Content/Models/lambert2.uasset
[2016.07.28-07.05.03:764][940]Cmd: OBJ SAVEPACKAGE PACKAGE="/Game/NewParticleSystem" FILE="../../../../../../Admin/Documents/GitHub Repositories/Project_PlanetDefence/Project_PlanetDef/Content/NewParticleSystem.uasset" SILENT=true
[2016.07.28-07.05.03:786][940]LogSavePackage: Save=12.96ms
[2016.07.28-07.05.03:786][940]LogSavePackage: Moving '../../../../../../Admin/Documents/GitHub Repositories/Project_PlanetDefence/Project_PlanetDef/Saved/NewParticleSystemD132786546CBAF1FF3C7B482B712566F.tmp' to '../../../../../../Admin/Documents/GitHub Repositories/Project_PlanetDefence/Project_PlanetDef/Content/NewParticleSystem.uasset'
[2016.07.28-07.05.03:788][940]LogSavePackage: Total save time: 22.69ms
[2016.07.28-07.05.03:788][940]LogSavePackage:Display: Finished SavePackage ../../../../../../Admin/Documents/GitHub Repositories/Project_PlanetDefence/Project_PlanetDef/Content/NewParticleSystem.uasset
[2016.07.28-07.05.03:790][940]Cmd: MAP LOAD FILE="../../../../../../Admin/Documents/GitHub Repositories/Project_PlanetDefence/Project_PlanetDef/Content/Maps/FirstLevel.umap" TEMPLATE=0 SHOWPROGRESS=1 FEATURELEVEL=3
[2016.07.28-07.05.03:790][940]LightingResults: New page: Lighting Build
[2016.07.28-07.05.03:808][940]LoadErrors: New page: Loading map: FirstLevel.umap
[2016.07.28-07.05.03:808][940]MapCheck: New page: Map Check
[2016.07.28-07.05.03:808][940]LightingResults: New page: Lighting Build
[2016.07.28-07.05.03:829][940]LogEditorServer: Finished looking for orphan Actors (0.000 secs)
[2016.07.28-07.05.03:866][940]Cmd: MAP CHECKDEP NOCLEARLOG
[2016.07.28-07.05.03:907][940]MapCheck: Info Map check complete: 0 Error(s), 0 Warning(s), took 41.278ms to complete.
[2016.07.28-07.05.03:907][940]LogFileHelpers: Loading map 'FirstLevel' took 0.119
[2016.07.28-07.11.20:467][917]LogCascade: Non-seeded module ParticleModuleTypeDataBeam2
[2016.07.28-07.13.36:460][945]LogWindows:Error: Windows GetLastError: The operation completed successfully. (0)
[2016.07.28-07.13.36:708][947]LogCrashTracker: 


[2016.07.28-07.13.36:709][947]LogWindows:Error: Windows GetLastError: The operation completed successfully. (0)
[2016.07.28-07.13.36:709][947]LogCrashTracker: 


[2016.07.28-07.13.36:709][947]LogWindows:Error: === Critical error: ===
Fatal error: [File:D:\BuildFarm\buildmachine_++UE4+Release-4.11\Engine\Source\Runtime\RenderCore\Private\RenderingThread.cpp] [Line: 682] 
Rendering thread exception:
Assertion failed: (uint32)NumIndices <= 65535 [File:D:\BuildFarm\buildmachine_++UE4+Release-4.11\Engine\Source\Runtime\Engine\Private\Particles\ParticleSystemRender.cpp] [Line: 489] 








[2016.07.28-07.13.36:746][947]LogExit: Executing StaticShutdownAfterError
[2016.07.28-07.13.36:749][947]LogPhysics:Warning: PHYSX: ..\..\PhysX\src\NpScene.cpp (2946) 8 : PxScene::unlockWrite() called without matching call to PxScene::lockWrite(), behaviour will be undefined.
[2016.07.28-07.13.36:749][947]LogPhysics:Warning: PHYSX: ..\..\PhysX\src\NpScene.cpp (2946) 8 : PxScene::unlockWrite() called without matching call to PxScene::lockWrite(), behaviour will be undefined.
[2016.07.28-07.13.36:750][947]LogPhysics:Warning: PHYSX: ..\..\PhysX\src\NpScene.cpp (2946) 8 : PxScene::unlockWrite() called without matching call to PxScene::lockWrite(), behaviour will be undefined.
[2016.07.28-07.13.36:750][947]LogPhysics:Warning: PHYSX: ..\..\PhysX\src\NpScene.cpp (2946) 8 : PxScene::unlockWrite() called without matching call to PxScene::lockWrite(), behaviour will be undefined.
[2016.07.28-07.13.36:750][947]LogWindows: FPlatformMisc::RequestExit(1)
[2016.07.28-07.13.36:750][947]Log file closed, 07/28/16 17:13:36
