Log file open, 06/23/16 20:31:03
LogInit:Display: Running engine for game: Project_PlanetDef
LogPlatformFile: Not using cached read wrapper
LogInit:Display: RandInit(1302751498) SRandInit(1302751500).
LogTaskGraph: Started task graph with 4 named threads and 7 total threads.
LogStats: Stats thread started at 0.063568
OCULUS: Info: [CAPI] LibOVR module is located at C:\Program Files (x86)\Oculus\Support\oculus-runtime\LibOVRRT64_1.dll
OCULUS: Debug: Connected to the server running version (prod = 1).1.4.0(build = 224996) feature version = 0. Client runs version (prod = 1).1.4.0(build = 224996) feature version = 0
OCULUS: Debug: [HMDState] Using default profile default
OCULUS: Info: IAD changed to 64.0mm
OCULUS: Debug: [SharedMemory] Creating factory
LogInit: Version: 4.11.2-2946394+++UE4+Release-4.11
LogInit: API Version: 2927265
LogInit: Compiled (64-bit): Apr 18 2016 02:18:46
LogInit: Compiled with Visual C++: 19.00.23026.00
LogInit: Build Configuration: Development
LogInit: Branch Name: ++UE4+Release-4.11
LogInit: Command line:  
LogInit: Base directory: D:/Program Files (x86)/Epic Games/4.11/Engine/Binaries/Win64/
LogInit: Installed Engine Build: 1
LogInit: Using libcurl 7.41.0
LogInit:  - built for x86_64-pc-win32
LogInit:  - supports SSL with WinSSL
LogInit:  - other features:
LogInit:      CURL_VERSION_SSL
LogInit:      CURL_VERSION_IPV6
LogInit:      CURL_VERSION_ASYNCHDNS
LogInit:      CURL_VERSION_LARGEFILE
LogInit:      CURL_VERSION_IDN
LogInit:  CurlRequestOptions (configurable via config and command line):
LogInit:  - bVerifyPeer = true  - Libcurl will verify peer certificate
LogInit:  - bUseHttpProxy = false  - Libcurl will NOT use HTTP proxy
LogInit:  - bDontReuseConnections = false  - Libcurl will reuse connections
LogInit:  - CertBundlePath = nullptr  - Libcurl will use whatever was configured at build time.
LogInit: Presizing for max 16777216 objects, including 0 objects not considered by GC, pre-allocating 0 bytes for permanent pool.
LogInit: Object subsystem initialized
[2016.06.23-10.31.03:954][  0]LogInit: Selected Device Profile: [Windows]
[2016.06.23-10.31.03:954][  0]LogInit: Applying CVar settings loaded from the selected device profile: [Windows]
[2016.06.23-10.31.03:962][  0]LogInit: Computer: DESKTOP-M92PTO3
[2016.06.23-10.31.03:962][  0]LogInit: User: StefanoAdmin
[2016.06.23-10.31.03:962][  0]LogInit: CPU Page size=65536, Cores=4
[2016.06.23-10.31.03:962][  0]LogInit: High frequency timer resolution =3.328126 MHz
[2016.06.23-10.31.03:962][  0]LogMemory: Memory total: Physical=15.9GB (16GB approx)
[2016.06.23-10.31.03:962][  0]LogMemory: Platform Memory Stats for Windows
[2016.06.23-10.31.03:962][  0]LogMemory: Process Physical Memory: 317.99 MB used, 317.99 MB peak
[2016.06.23-10.31.03:962][  0]LogMemory: Process Virtual Memory: 317.86 MB used, 317.86 MB peak
[2016.06.23-10.31.03:962][  0]LogMemory: Physical Memory: 5113.71 MB used, 16313.61 MB total
[2016.06.23-10.31.03:962][  0]LogMemory: Virtual Memory: 700.46 MB used, 134217728.00 MB total
[2016.06.23-10.31.04:173][  0]LogTextLocalizationManager: No specific translations for ('en-AU') exist, so ('en') translations will be used.
[2016.06.23-10.31.04:484][  0]LogD3D11RHI: D3D11 adapters:
[2016.06.23-10.31.04:509][  0]LogD3D11RHI:    0. 'NVIDIA GeForce GTX 980' (Feature Level 11_0)
[2016.06.23-10.31.04:509][  0]LogD3D11RHI:       4008MB of dedicated video memory, 0MB of dedicated system memory, and 8156MB of shared system memory, 1 output[s]
[2016.06.23-10.31.04:510][  0]LogD3D11RHI:    1. 'Microsoft Basic Render Driver' (Feature Level 11_0)
[2016.06.23-10.31.04:510][  0]LogD3D11RHI:       0MB of dedicated video memory, 0MB of dedicated system memory, and 8156MB of shared system memory, 0 output[s]
[2016.06.23-10.31.04:510][  0]LogD3D11RHI: Chosen D3D11 Adapter: 0
[2016.06.23-10.31.04:513][  0]LogD3D11RHI: Creating new Direct3DDevice
[2016.06.23-10.31.04:513][  0]LogD3D11RHI:     Adapter Name: NVIDIA GeForce GTX 980
[2016.06.23-10.31.04:513][  0]LogD3D11RHI:   Driver Version: 10.18.13.6510 (internal 10.18.13.6510)
[2016.06.23-10.31.04:513][  0]LogD3D11RHI:      Driver Date: 4-27-2016
[2016.06.23-10.31.04:513][  0]LogRHI: Texture pool is 1361 MB (70% of 1945 MB)
[2016.06.23-10.31.04:523][  0]LogD3D11RHI: Async texture creation enabled
[2016.06.23-10.31.04:537][  0]LogShaderCompilers: Guid format shader working directory is -48 characters bigger than the processId version (../../../../../../Admin/Documents/GitHub Repositories/Project_PlanetDefence/Project_PlanetDef/Intermediate/Shaders/WorkingDirectory/11156/).
[2016.06.23-10.31.04:537][  0]LogShaderCompilers: Cleaned the shader compiler working directory 'C:/Users/Admin/AppData/Local/Temp/UnrealShaderWorkingDir/A52CA977419862E9C34F44BA5B22D1B6/'.
[2016.06.23-10.31.04:537][  0]LogShaderCompilers:Display: Using Local Shader Compiler.
[2016.06.23-10.31.06:065][  0]LogTemp:Display: Loaded TP AllDesktopTargetPlatform
[2016.06.23-10.31.06:068][  0]LogTemp:Display: Loaded TP WindowsClientTargetPlatform
[2016.06.23-10.31.06:072][  0]LogTemp:Display: Loaded TP WindowsNoEditorTargetPlatform
[2016.06.23-10.31.06:075][  0]LogTemp:Display: Loaded TP WindowsServerTargetPlatform
[2016.06.23-10.31.06:078][  0]LogTemp:Display: Loaded TP WindowsTargetPlatform
[2016.06.23-10.31.06:080][  0]LogTemp:Display: Loaded TP AndroidTargetPlatform
[2016.06.23-10.31.06:083][  0]LogTemp:Display: Loaded TP Android_ASTCTargetPlatform
[2016.06.23-10.31.06:085][  0]LogTemp:Display: Loaded TP Android_ATCTargetPlatform
[2016.06.23-10.31.06:087][  0]LogTemp:Display: Loaded TP Android_DXTTargetPlatform
[2016.06.23-10.31.06:089][  0]LogTemp:Display: Loaded TP Android_ETC1TargetPlatform
[2016.06.23-10.31.06:091][  0]LogTemp:Display: Loaded TP Android_ETC2TargetPlatform
[2016.06.23-10.31.06:096][  0]LogTemp:Display: Loaded TP Android_MultiTargetPlatform
[2016.06.23-10.31.06:096][  0]LogTemp:Display: Loaded TP Android_PVRTCTargetPlatform
[2016.06.23-10.31.06:096][  0]LogTemp:Display: Loaded TP HTML5TargetPlatform
[2016.06.23-10.31.06:111][  0]LogTemp:Display: Loaded TP IOSTargetPlatform
[2016.06.23-10.31.06:113][  0]LogTemp:Display: Loaded TP TVOSTargetPlatform
[2016.06.23-10.31.06:115][  0]LogTemp:Display: Loaded TP LinuxNoEditorTargetPlatform
[2016.06.23-10.31.06:118][  0]LogTemp:Display: Loaded TP LinuxServerTargetPlatform
[2016.06.23-10.31.06:120][  0]LogTemp:Display: Loaded TP LinuxTargetPlatform
[2016.06.23-10.31.06:120][  0]LogTargetPlatformManager:Display: Building Assets For Windows
[2016.06.23-10.31.06:167][  0]LogDerivedDataCache:Display: Max Cache Size: 512 MB
[2016.06.23-10.31.06:200][  0]LogDerivedDataCache: Loaded boot cache 0.03s 46MB C:/Users/Admin/AppData/Local/UnrealEngine/4.11/DerivedDataCache/Boot.ddc.
[2016.06.23-10.31.06:200][  0]LogDerivedDataCache:Display: Loaded Boot cache: C:/Users/Admin/AppData/Local/UnrealEngine/4.11/DerivedDataCache/Boot.ddc
[2016.06.23-10.31.06:200][  0]LogDerivedDataCache: FDerivedDataBackendGraph:  Pak pak cache file ../../../../../../Admin/Documents/GitHub Repositories/Project_PlanetDefence/Project_PlanetDef/DerivedDataCache/DDC.ddp not found, will not use a pak cache.
[2016.06.23-10.31.06:200][  0]LogDerivedDataCache: Unable to find inner node Pak for hierarchical cache Hierarchy.
[2016.06.23-10.31.06:200][  0]LogDerivedDataCache: FDerivedDataBackendGraph:  CompressedPak pak cache file ../../../../../../Admin/Documents/GitHub Repositories/Project_PlanetDefence/Project_PlanetDef/DerivedDataCache/Compressed.ddp not found, will not use a pak cache.
[2016.06.23-10.31.06:200][  0]LogDerivedDataCache: Unable to find inner node CompressedPak for hierarchical cache Hierarchy.
[2016.06.23-10.31.06:211][  0]LogDerivedDataCache:Display: Pak cache opened for reading ../../../Engine/DerivedDataCache/Compressed.ddp.
[2016.06.23-10.31.06:223][  0]LogDerivedDataCache: Using Local data cache path C:/Users/Admin/AppData/Local/UnrealEngine/Common/DerivedDataCache: Writable
[2016.06.23-10.31.06:330][  0]LogInit: Selected Device Profile: [Windows]
[2016.06.23-10.31.06:331][  0]LogContentStreaming: Texture pool size is 0.00 MB
[2016.06.23-10.31.06:353][  0]LogMaterial: Uniform references updated for custom material expression Custom.
[2016.06.23-10.31.06:439][  0]LogMeshUtilities: No automatic mesh reduction module available
[2016.06.23-10.31.06:439][  0]LogMeshUtilities: No automatic mesh merging module available
[2016.06.23-10.31.06:439][  0]LogMeshUtilities: No distributed automatic mesh merging module available
[2016.06.23-10.31.06:588][  0]LogUObjectArray: 27679 objects as part of root set at end of initial load.
[2016.06.23-10.31.06:588][  0]LogUObjectAllocator: 5591592 out of 0 bytes used by permanent object pool.
[2016.06.23-10.31.06:588][  0]LogUObjectArray: CloseDisregardForGC: 0/0 objects in disregard for GC pool
[2016.06.23-10.31.06:592][  0]LogInit: WinSock: version 1.1 (2.2), MaxSocks=32767, MaxUdp=65467
[2016.06.23-10.31.06:646][  0]LogSlate: SlateFontCache - WITH_FREETYPE: 1, WITH_HARFBUZZ: 1
[2016.06.23-10.31.06:646][  0]LogSlate: SlateFontCache - WITH_FREETYPE: 1, WITH_HARFBUZZ: 1
[2016.06.23-10.31.06:713][  0]LogStreaming:Warning: Failed to read file '../../../Engine/Content/Editor/Slate/Common/Selection_16x.png' error.
[2016.06.23-10.31.06:713][  0]LogSlate: Could not find file for Slate resource: ../../../Engine/Content/Editor/Slate/Common/Selection_16x.png
[2016.06.23-10.31.06:713][  0]LogStreaming:Warning: Failed to read file '../../../Engine/Content/Editor/Slate/Common/Selection_16x.png' error.
[2016.06.23-10.31.06:713][  0]LogSlate: Could not find file for Slate resource: ../../../Engine/Content/Editor/Slate/Common/Selection_16x.png
[2016.06.23-10.31.06:713][  0]LogStreaming:Warning: Failed to read file '../../../Engine/Content/Editor/Slate/Common/Selection_16x.png' error.
[2016.06.23-10.31.06:713][  0]LogSlate: Could not find file for Slate resource: ../../../Engine/Content/Editor/Slate/Common/Selection_16x.png
[2016.06.23-10.31.07:089][  0]LogSubstanceCoreModule: Substance CPU Engine Loaded, Max Texture Size 2048
[2016.06.23-10.31.07:094][  0]LogUdpMessaging: Initializing bridge on interface 0.0.0.0:0 to multicast group 230.0.0.1:6666.
[2016.06.23-10.31.07:185][  0]LogAssetRegistry: FAssetRegistry took 0.0212 seconds to start up
[2016.06.23-10.31.07:282][  0]SourceControl: Info Source control is disabled
[2016.06.23-10.31.07:304][  0]SourceControl: Info Source control is disabled
[2016.06.23-10.31.07:309][  0]SourceControl: Info Source control is disabled
[2016.06.23-10.31.07:313][  0]SourceControl: Info Source control is disabled
[2016.06.23-10.31.07:708][  0]LogEngine: Initializing Engine...
[2016.06.23-10.31.07:708][  0]LogHMD: Oculus plugin initialized. Version: 4.11.2-2946394+++UE4+Release-4.11, LibOVR: 1.4.0, SDK: 1.3.0, built Apr 18 2016, 02:19:44
[2016.06.23-10.31.07:802][  0]OCULUS: Debug: [HMDState] Using default profile default
[2016.06.23-10.31.07:802][  0]OCULUS: Info: IAD changed to 64.0mm
[2016.06.23-10.31.07:811][  0]LogAIModule: Creating AISystem for world NewWorld
[2016.06.23-10.31.07:821][  0]LogInit: XAudio2 using 'Headphones (Rift Audio)' : 2 channels at 48 kHz using 16 bits per sample (channel mask 0x3)
[2016.06.23-10.31.07:827][  0]LogInit: FAudioDevice initialized.
[2016.06.23-10.31.07:844][  0]LogDerivedDataCache: Saved boot cache 0.02s 46MB C:/Users/Admin/AppData/Local/UnrealEngine/4.11/DerivedDataCache/Boot.ddc.
[2016.06.23-10.31.07:848][  0]LogInit: Texture streaming: Enabled
[2016.06.23-10.31.07:864][  0]LogInit: Transaction tracking system initialized
[2016.06.23-10.31.07:878][  0]BlueprintLog: New page: Editor Load
[2016.06.23-10.31.07:922][  0]LocalizationService: Info Localization service is disabled
[2016.06.23-10.31.07:989][  0]LogConsoleResponse:Display: 
[2016.06.23-10.31.08:059][  0]LogCook:Display: Max memory allowance for cook 8192mb
[2016.06.23-10.31.08:059][  0]LogCook:Display: Mobile HDR setting 1
[2016.06.23-10.31.08:059][  0]LogCook:Display: Done creating registry. It took  0.00s.
[2016.06.23-10.31.08:088][  0]LogFileCache: Scanning file cache for directory 'D:/Admin/Documents/GitHub Repositories/Project_PlanetDefence/Project_PlanetDef/Content/' took 0.01s
[2016.06.23-10.31.08:088][  0]SourceControl: Info Source control is disabled
[2016.06.23-10.31.08:138][  0]LogWindowsTextInputMethodSystem:Display: IME system now deactivated.
[2016.06.23-10.31.42:690][  0]LogWindowsTextInputMethodSystem:Display: IME system now deactivated.
[2016.06.23-10.31.42:693][  0]LogWindowsTextInputMethodSystem:Display: IME system now deactivated.
[2016.06.23-10.31.44:467][  0]LogWindowsTextInputMethodSystem:Display: IME system now deactivated.
[2016.06.23-10.31.44:476][  0]LogWindowsTextInputMethodSystem:Display: IME system now deactivated.
[2016.06.23-10.31.44:476][  0]Cmd: MAP LOAD FILE="../../../Engine/Content/Maps/Templates/Template_Default.umap" TEMPLATE=1 SHOWPROGRESS=1 FEATURELEVEL=3
[2016.06.23-10.31.44:476][  0]LightingResults: New page: Lighting Build
[2016.06.23-10.31.44:479][  0]MapCheck: New page: Map Check
[2016.06.23-10.31.44:479][  0]LightingResults: New page: Lighting Build
[2016.06.23-10.31.44:641][  0]LogAIModule: Creating AISystem for world Untitled_1
[2016.06.23-10.31.44:646][  0]LogEditorServer: Finished looking for orphan Actors (0.000 secs)
[2016.06.23-10.31.44:649][  0]Cmd: MAP CHECKDEP NOCLEARLOG
[2016.06.23-10.31.44:671][  0]MapCheck: Info Map check complete: 0 Error(s), 0 Warning(s), took 21.482ms to complete.
[2016.06.23-10.31.44:671][  0]LogFileHelpers: Loading map 'Template_Default' took 0.195
[2016.06.23-10.31.44:708][  0]LogStats:Warning: MetaData mismatch. Did you assign a stat to two groups? New //STATGROUP_Threads//SplashScreenThread///Thread_101c_0///####STATCAT_Advanced#### old //STATGROUP_Threads//SplashScreenThread///Thread_2ff0_0///####STATCAT_Advanced####
[2016.06.23-10.31.44:708][  0]LogCollectionManager: Loaded 0 collections in 0.001090 seconds
[2016.06.23-10.31.44:745][  0]LogFileCache: Scanning file cache for directory 'D:/Admin/Documents/GitHub Repositories/Project_PlanetDefence/Project_PlanetDef/Saved/Collections/' took 0.01s
[2016.06.23-10.31.44:745][  0]LogFileCache: Scanning file cache for directory 'D:/Admin/Documents/GitHub Repositories/Project_PlanetDefence/Project_PlanetDef/Content/Developers/StefanoAdmin/Collections/' took 0.01s
[2016.06.23-10.31.44:745][  0]LogFileCache: Scanning file cache for directory 'D:/Admin/Documents/GitHub Repositories/Project_PlanetDefence/Project_PlanetDef/Content/Collections/' took 0.01s
[2016.06.23-10.31.44:745][  0]LogCollectionManager: Rebuilt the GUID cache for 0 collections in 0.000002 seconds
[2016.06.23-10.31.44:750][  0]LogContentBrowser: Native class hierarchy populated in 0.0054 seconds. Added 1994 classes and 349 folders.
[2016.06.23-10.31.44:752][  0]LogStats: UGameplayTagsManager::ConstructGameplayTagTree: Construct from data asset -  0.000 s
[2016.06.23-10.31.44:752][  0]LogStats: UGameplayTagsManager::ConstructGameplayTagTree: GameplayTagTreeChangedEvent.Broadcast -  0.000 s
[2016.06.23-10.31.44:753][  0]LogContentBrowser: Native class hierarchy updated for 'GameplayTags' in 0.0003 seconds. Added 12 classes and 0 folders.
[2016.06.23-10.31.44:756][  0]LogContentBrowser: Native class hierarchy updated for 'WidgetCarousel' in 0.0002 seconds. Added 0 classes and 0 folders.
[2016.06.23-10.31.44:760][  0]LogContentBrowser: Native class hierarchy updated for 'SuperSearch' in 0.0003 seconds. Added 1 classes and 2 folders.
[2016.06.23-10.31.44:782][  0]LogContentBrowser: Native class hierarchy updated for 'AddContentDialog' in 0.0002 seconds. Added 0 classes and 0 folders.
[2016.06.23-10.31.44:784][  0]LogContentBrowser: Native class hierarchy updated for 'SceneOutliner' in 0.0002 seconds. Added 1 classes and 2 folders.
[2016.06.23-10.31.44:799][  0]LogCrashTracker: Crashtracker disabled due to settings.
[2016.06.23-10.31.44:802][  0]LogUObjectGlobals:Warning: Failed to find object 'Class None.'
[2016.06.23-10.31.44:826][  0]LogContentBrowser: Native class hierarchy updated for 'HierarchicalLODOutliner' in 0.0003 seconds. Added 1 classes and 2 folders.
[2016.06.23-10.31.44:826][  0]LogLoad: Full Startup: 41.48 seconds (BP compile: 0.02 seconds)
[2016.06.23-10.31.44:826][  0]LogExternalProfiler: Found external profiler: VSPerf
[2016.06.23-10.31.44:826][  0]LogExternalProfiler: Using external profiler: VSPerf
[2016.06.23-10.31.44:835][  0]LogOcInput: OculusInput pre-init called
[2016.06.23-10.31.44:842][  0]LogOcInput: OculusInput is initialized. Init status 0. Runtime version: 1.4.0
[2016.06.23-10.31.44:855][  0]LogAssetRegistry: Asset discovery search completed in 37.6904 seconds
[2016.06.23-10.31.44:855][  0]LogCollectionManager: Rebuilt the object cache for 0 collections in 0.000000 seconds (found 0 objects)
[2016.06.23-10.31.44:855][  0]LogCollectionManager: Fixed up redirectors for 0 collections in 0.000013 seconds (updated 0 objects)
[2016.06.23-10.31.44:870][  0]LogContentStreaming: Texture pool size now 1000 MB
[2016.06.23-10.31.44:979][  0]LogRenderer: Reallocating scene render targets to support 1208x576 (Frame:2).
[2016.06.23-10.31.47:002][144]LogAIModule: Creating AISystem for world FirstLevel
[2016.06.23-10.31.47:051][144]Cmd: MAP LOAD FILE="../../../../../../Admin/Documents/GitHub Repositories/Project_PlanetDefence/Project_PlanetDef/Content/Maps/FirstLevel.umap" TEMPLATE=0 SHOWPROGRESS=1 FEATURELEVEL=3
[2016.06.23-10.31.47:051][144]LightingResults: New page: Lighting Build
[2016.06.23-10.31.47:066][144]LoadErrors: New page: Loading map: FirstLevel.umap
[2016.06.23-10.31.47:066][144]MapCheck: New page: Map Check
[2016.06.23-10.31.47:066][144]LightingResults: New page: Lighting Build
[2016.06.23-10.31.47:075][144]LogEditorServer: Finished looking for orphan Actors (0.000 secs)
[2016.06.23-10.31.47:096][144]Cmd: MAP CHECKDEP NOCLEARLOG
[2016.06.23-10.31.47:117][144]MapCheck: Info Map check complete: 0 Error(s), 0 Warning(s), took 21.003ms to complete.
[2016.06.23-10.31.47:117][144]LogFileHelpers: Loading map 'FirstLevel' took 0.068
[2016.06.23-10.31.50:050][274]LogEditorViewport: Clicking on Actor (LMB): Shield_C (Shield)
[2016.06.23-10.31.56:076][482]LogContentBrowser: Native class hierarchy updated for 'BlueprintGraph' in 0.0005 seconds. Added 108 classes and 0 folders.
[2016.06.23-10.32.57:296][332]BlueprintLog: New page: Compile Shield
[2016.06.23-10.32.57:458][332]BlueprintEditorCompileResults: Info [0114.11] Compile of Shield successful! [in 161 ms]
[2016.06.23-10.32.58:118][377]Cmd: OBJ SAVEPACKAGE PACKAGE="/Game/Shield" FILE="../../../../../../Admin/Documents/GitHub Repositories/Project_PlanetDefence/Project_PlanetDef/Content/Shield.uasset" SILENT=true
[2016.06.23-10.32.58:144][377]LogSavePackage: Save=20.45ms
[2016.06.23-10.32.58:144][377]LogSavePackage: Moving '../../../../../../Admin/Documents/GitHub Repositories/Project_PlanetDefence/Project_PlanetDef/Saved/Shield6D20FA4D4F922953D5CF44BBC63E7855.tmp' to '../../../../../../Admin/Documents/GitHub Repositories/Project_PlanetDefence/Project_PlanetDef/Content/Shield.uasset'
[2016.06.23-10.32.58:145][377]LogSavePackage: Total save time: 25.70ms
[2016.06.23-10.32.58:145][377]LogSavePackage:Display: Finished SavePackage ../../../../../../Admin/Documents/GitHub Repositories/Project_PlanetDefence/Project_PlanetDef/Content/Shield.uasset
[2016.06.23-10.36.38:995][711]LogBlueprintUserMessages: Early PlayInEditor Detection: Level '/Game/Maps/FirstLevel.FirstLevel:PersistentLevel' has LevelScriptBlueprint '/Game/Maps/FirstLevel.FirstLevel:PersistentLevel.FirstLevel' with GeneratedClass '/Game/Maps/FirstLevel.FirstLevel_C' with ClassGeneratedBy '/Game/Maps/FirstLevel.FirstLevel:PersistentLevel.FirstLevel'
[2016.06.23-10.36.38:995][711]BlueprintLog: New page: Pre-Play auto-recompile
[2016.06.23-10.36.39:000][711]LogPlayLevel: [PlayLevel] Compiling Shield before play...
[2016.06.23-10.36.39:118][711]LogPlayLevel: PlayLevel: Blueprint regeneration took 122 ms (1 blueprints)
[2016.06.23-10.36.39:130][711]OCULUS: Debug: [HMDState] Using default profile default
[2016.06.23-10.36.39:130][711]OCULUS: Info: IAD changed to 64.0mm
[2016.06.23-10.36.39:130][711]LogHMD: New ovr session is created
[2016.06.23-10.36.39:130][711]LogHMD: HMD Oculus Rift CV1, res = 2160 x 1200
[2016.06.23-10.36.39:130][711]LogApp: UseVRFocus has changed to 1
[2016.06.23-10.36.39:130][711]LogApp: HasVRFocus has changed to 1
[2016.06.23-10.36.39:131][711]PIE: New page: PIE session: FirstLevel (24 Jun 2016 6:36:39 am)
[2016.06.23-10.36.39:131][711]LogPlayLevel: Creating play world package: /Game/Maps/UEDPIE_0_FirstLevel
[2016.06.23-10.36.39:134][711]LogPlayLevel: PIE: StaticDuplicateObject took: (0.003403s)
[2016.06.23-10.36.39:135][711]LogAIModule: Creating AISystem for world FirstLevel
[2016.06.23-10.36.39:135][711]LogPlayLevel: PIE: World Init took: (0.000644s)
[2016.06.23-10.36.39:135][711]LogPlayLevel: PIE: Created PIE world by copying editor world from /Game/Maps/FirstLevel.FirstLevel to /Game/Maps/UEDPIE_0_FirstLevel.FirstLevel (0.004183s)
[2016.06.23-10.36.39:154][711]LogInit: XAudio2 using 'Headphones (Rift Audio)' : 2 channels at 48 kHz using 16 bits per sample (channel mask 0x3)
[2016.06.23-10.36.39:160][711]LogInit: FAudioDevice initialized.
[2016.06.23-10.36.39:204][711]LogWorld: Game class is 'GameMode'
[2016.06.23-10.36.39:206][711]LogWorld: Bringing World /Game/Maps/UEDPIE_0_FirstLevel.FirstLevel up for play (max tick rate 0) at 2016.06.23-20.36.39
[2016.06.23-10.36.39:207][711]LogWorld: Bringing up level for play took: 0.001447
[2016.06.23-10.36.39:210][711]LogContentBrowser: Native class hierarchy updated for 'MovieSceneCapture' in 0.0003 seconds. Added 9 classes and 0 folders.
[2016.06.23-10.36.39:211][711]PIE: Info Play in editor start time for /Game/Maps/UEDPIE_0_FirstLevel 0.086
[2016.06.23-10.36.39:211][711]LogBlueprintUserMessages: Late PlayInEditor Detection: Level '/Game/Maps/FirstLevel.FirstLevel:PersistentLevel' has LevelScriptBlueprint '/Game/Maps/FirstLevel.FirstLevel:PersistentLevel.FirstLevel' with GeneratedClass '/Game/Maps/FirstLevel.FirstLevel_C' with ClassGeneratedBy '/Game/Maps/FirstLevel.FirstLevel:PersistentLevel.FirstLevel'
[2016.06.23-10.36.39:211][711]LogApp: UseVRFocus has changed to 0
[2016.06.23-10.36.39:211][711]LogApp: HasVRFocus has changed to 0
[2016.06.23-10.37.26:459][378]LogBlueprintUserMessages: Early EndPlayMap Detection: Level '/Game/Maps/FirstLevel.FirstLevel:PersistentLevel' has LevelScriptBlueprint '/Game/Maps/FirstLevel.FirstLevel:PersistentLevel.FirstLevel' with GeneratedClass '/Game/Maps/FirstLevel.FirstLevel_C' with ClassGeneratedBy '/Game/Maps/FirstLevel.FirstLevel:PersistentLevel.FirstLevel'
[2016.06.23-10.37.26:459][378]LogHMD: Destroying ovr session
[2016.06.23-10.37.26:508][378]LogBlueprintUserMessages: Late EndPlayMap Detection: Level '/Game/Maps/FirstLevel.FirstLevel:PersistentLevel' has LevelScriptBlueprint '/Game/Maps/FirstLevel.FirstLevel:PersistentLevel.FirstLevel' with GeneratedClass '/Game/Maps/FirstLevel.FirstLevel_C' with ClassGeneratedBy '/Game/Maps/FirstLevel.FirstLevel:PersistentLevel.FirstLevel'
[2016.06.23-10.37.29:046][512]LogSavePackage: Save=64.12ms
[2016.06.23-10.37.29:046][512]LogSavePackage: Moving '../../../../../../Admin/Documents/GitHub Repositories/Project_PlanetDefence/Project_PlanetDef/Saved/FirstLevelD95EB832452A4169C698BAB9AEC54328.tmp' to '../../../../../../Admin/Documents/GitHub Repositories/Project_PlanetDefence/Project_PlanetDef/Content/Maps/FirstLevel.umap'
[2016.06.23-10.37.29:048][512]LogSavePackage: Total save time: 69.53ms
[2016.06.23-10.37.29:048][512]LogSavePackage:Display: Finished SavePackage ../../../../../../Admin/Documents/GitHub Repositories/Project_PlanetDefence/Project_PlanetDef/Content/Maps/FirstLevel.umap
[2016.06.23-10.37.35:918][321]LogEditorViewport: Clicking on Actor (LMB): LeftTurret_C (LeftTurret)
[2016.06.23-10.40.05:213][188]LogEditorViewport: Clicking on Actor (LMB): StaticMeshActor (Floor2)
[2016.06.23-10.40.05:267][191]LogEditorViewport: Clicking on Component (LMB): StaticMeshComponent (StaticMeshComponent0)
[2016.06.23-10.40.06:102][290]LogEditorViewport: Clicking on Actor (LMB): TargetPoint (TargetPoint2)
[2016.06.23-10.40.11:937][799]EditorErrors: New page: Actor attachment
[2016.06.23-10.40.15:111][ 46]LogBlueprintUserMessages: Early PlayInEditor Detection: Level '/Game/Maps/FirstLevel.FirstLevel:PersistentLevel' has LevelScriptBlueprint '/Game/Maps/FirstLevel.FirstLevel:PersistentLevel.FirstLevel' with GeneratedClass '/Game/Maps/FirstLevel.FirstLevel_C' with ClassGeneratedBy '/Game/Maps/FirstLevel.FirstLevel:PersistentLevel.FirstLevel'
[2016.06.23-10.40.15:111][ 46]LogPlayLevel: PlayLevel: No blueprints needed recompiling
[2016.06.23-10.40.15:111][ 46]OCULUS: Debug: [HMDState] Using default profile default
[2016.06.23-10.40.15:111][ 46]OCULUS: Info: IAD changed to 64.0mm
[2016.06.23-10.40.15:111][ 46]LogHMD: New ovr session is created
[2016.06.23-10.40.15:122][ 46]LogHMD: HMD Oculus Rift CV1, res = 2160 x 1200
[2016.06.23-10.40.15:122][ 46]LogApp: UseVRFocus has changed to 1
[2016.06.23-10.40.15:122][ 46]LogApp: HasVRFocus has changed to 1
[2016.06.23-10.40.15:122][ 46]PIE: New page: PIE session: FirstLevel (24 Jun 2016 6:40:15 am)
[2016.06.23-10.40.15:122][ 46]LogPlayLevel: Creating play world package: /Game/Maps/UEDPIE_0_FirstLevel
[2016.06.23-10.40.15:126][ 46]LogPlayLevel: PIE: StaticDuplicateObject took: (0.003811s)
[2016.06.23-10.40.15:127][ 46]LogAIModule: Creating AISystem for world FirstLevel
[2016.06.23-10.40.15:127][ 46]LogPlayLevel: PIE: World Init took: (0.000703s)
[2016.06.23-10.40.15:127][ 46]LogPlayLevel: PIE: Created PIE world by copying editor world from /Game/Maps/FirstLevel.FirstLevel to /Game/Maps/UEDPIE_0_FirstLevel.FirstLevel (0.004656s)
[2016.06.23-10.40.15:150][ 46]LogInit: XAudio2 using 'Headphones (Rift Audio)' : 2 channels at 48 kHz using 16 bits per sample (channel mask 0x3)
[2016.06.23-10.40.15:156][ 46]LogInit: FAudioDevice initialized.
[2016.06.23-10.40.15:186][ 46]LogWorld: Game class is 'GameMode'
[2016.06.23-10.40.15:188][ 46]LogWorld: Bringing World /Game/Maps/UEDPIE_0_FirstLevel.FirstLevel up for play (max tick rate 0) at 2016.06.23-20.40.15
[2016.06.23-10.40.15:188][ 46]LogWorld: Bringing up level for play took: 0.001466
[2016.06.23-10.40.15:189][ 46]PIE: Info Play in editor start time for /Game/Maps/UEDPIE_0_FirstLevel 0.064
[2016.06.23-10.40.15:189][ 46]LogBlueprintUserMessages: Late PlayInEditor Detection: Level '/Game/Maps/FirstLevel.FirstLevel:PersistentLevel' has LevelScriptBlueprint '/Game/Maps/FirstLevel.FirstLevel:PersistentLevel.FirstLevel' with GeneratedClass '/Game/Maps/FirstLevel.FirstLevel_C' with ClassGeneratedBy '/Game/Maps/FirstLevel.FirstLevel:PersistentLevel.FirstLevel'
[2016.06.23-10.40.15:189][ 46]LogApp: UseVRFocus has changed to 0
[2016.06.23-10.40.15:189][ 46]LogApp: HasVRFocus has changed to 0
[2016.06.23-10.40.20:201][647]LogBlueprintUserMessages: Early EndPlayMap Detection: Level '/Game/Maps/FirstLevel.FirstLevel:PersistentLevel' has LevelScriptBlueprint '/Game/Maps/FirstLevel.FirstLevel:PersistentLevel.FirstLevel' with GeneratedClass '/Game/Maps/FirstLevel.FirstLevel_C' with ClassGeneratedBy '/Game/Maps/FirstLevel.FirstLevel:PersistentLevel.FirstLevel'
[2016.06.23-10.40.20:201][647]LogHMD: Destroying ovr session
[2016.06.23-10.40.20:249][647]LogBlueprintUserMessages: Late EndPlayMap Detection: Level '/Game/Maps/FirstLevel.FirstLevel:PersistentLevel' has LevelScriptBlueprint '/Game/Maps/FirstLevel.FirstLevel:PersistentLevel.FirstLevel' with GeneratedClass '/Game/Maps/FirstLevel.FirstLevel_C' with ClassGeneratedBy '/Game/Maps/FirstLevel.FirstLevel:PersistentLevel.FirstLevel'
[2016.06.23-10.40.29:040][681]LogEditorViewport: Clicking on Actor (LMB): CameraActor (CameraActor)
[2016.06.23-10.40.32:572][ 67]LogBlueprintUserMessages: Early PlayInEditor Detection: Level '/Game/Maps/FirstLevel.FirstLevel:PersistentLevel' has LevelScriptBlueprint '/Game/Maps/FirstLevel.FirstLevel:PersistentLevel.FirstLevel' with GeneratedClass '/Game/Maps/FirstLevel.FirstLevel_C' with ClassGeneratedBy '/Game/Maps/FirstLevel.FirstLevel:PersistentLevel.FirstLevel'
[2016.06.23-10.40.32:572][ 67]LogPlayLevel: PlayLevel: No blueprints needed recompiling
[2016.06.23-10.40.32:572][ 67]OCULUS: Debug: [HMDState] Using default profile default
[2016.06.23-10.40.32:572][ 67]OCULUS: Info: IAD changed to 64.0mm
[2016.06.23-10.40.32:572][ 67]LogHMD: New ovr session is created
[2016.06.23-10.40.32:583][ 67]LogHMD: HMD Oculus Rift CV1, res = 2160 x 1200
[2016.06.23-10.40.32:583][ 67]LogApp: UseVRFocus has changed to 1
[2016.06.23-10.40.32:583][ 67]LogApp: HasVRFocus has changed to 1
[2016.06.23-10.40.32:584][ 67]PIE: New page: PIE session: FirstLevel (24 Jun 2016 6:40:32 am)
[2016.06.23-10.40.32:584][ 67]LogPlayLevel: Creating play world package: /Game/Maps/UEDPIE_0_FirstLevel
[2016.06.23-10.40.32:587][ 67]LogPlayLevel: PIE: StaticDuplicateObject took: (0.002985s)
[2016.06.23-10.40.32:587][ 67]LogAIModule: Creating AISystem for world FirstLevel
[2016.06.23-10.40.32:587][ 67]LogPlayLevel: PIE: World Init took: (0.000558s)
[2016.06.23-10.40.32:587][ 67]LogPlayLevel: PIE: Created PIE world by copying editor world from /Game/Maps/FirstLevel.FirstLevel to /Game/Maps/UEDPIE_0_FirstLevel.FirstLevel (0.003689s)
[2016.06.23-10.40.32:633][ 67]LogInit: XAudio2 using 'Headphones (Rift Audio)' : 2 channels at 48 kHz using 16 bits per sample (channel mask 0x3)
[2016.06.23-10.40.32:638][ 67]LogInit: FAudioDevice initialized.
[2016.06.23-10.40.32:665][ 67]LogWorld: Game class is 'GameMode'
[2016.06.23-10.40.32:667][ 67]LogWorld: Bringing World /Game/Maps/UEDPIE_0_FirstLevel.FirstLevel up for play (max tick rate 0) at 2016.06.23-20.40.32
[2016.06.23-10.40.32:667][ 67]LogWorld: Bringing up level for play took: 0.001483
[2016.06.23-10.40.32:668][ 67]PIE: Info Play in editor start time for /Game/Maps/UEDPIE_0_FirstLevel -0.457
[2016.06.23-10.40.32:668][ 67]LogBlueprintUserMessages: Late PlayInEditor Detection: Level '/Game/Maps/FirstLevel.FirstLevel:PersistentLevel' has LevelScriptBlueprint '/Game/Maps/FirstLevel.FirstLevel:PersistentLevel.FirstLevel' with GeneratedClass '/Game/Maps/FirstLevel.FirstLevel_C' with ClassGeneratedBy '/Game/Maps/FirstLevel.FirstLevel:PersistentLevel.FirstLevel'
[2016.06.23-10.40.32:668][ 67]LogApp: UseVRFocus has changed to 0
[2016.06.23-10.40.32:668][ 67]LogApp: HasVRFocus has changed to 0
[2016.06.23-10.40.36:264][498]LogBlueprintUserMessages: Early EndPlayMap Detection: Level '/Game/Maps/FirstLevel.FirstLevel:PersistentLevel' has LevelScriptBlueprint '/Game/Maps/FirstLevel.FirstLevel:PersistentLevel.FirstLevel' with GeneratedClass '/Game/Maps/FirstLevel.FirstLevel_C' with ClassGeneratedBy '/Game/Maps/FirstLevel.FirstLevel:PersistentLevel.FirstLevel'
[2016.06.23-10.40.36:264][498]LogHMD: Destroying ovr session
[2016.06.23-10.40.36:309][498]LogBlueprintUserMessages: Late EndPlayMap Detection: Level '/Game/Maps/FirstLevel.FirstLevel:PersistentLevel' has LevelScriptBlueprint '/Game/Maps/FirstLevel.FirstLevel:PersistentLevel.FirstLevel' with GeneratedClass '/Game/Maps/FirstLevel.FirstLevel_C' with ClassGeneratedBy '/Game/Maps/FirstLevel.FirstLevel:PersistentLevel.FirstLevel'
[2016.06.23-10.41.42:862][555]LogEditorViewport: Clicking on Actor (LMB): TargetPoint (TargetPoint2)
[2016.06.23-10.41.44:557][758]Cmd: DELETE
[2016.06.23-10.41.44:557][758]Cmd: ACTOR DELETE
[2016.06.23-10.41.44:557][758]LogEditorActor: Deleted Actor: TargetPoint
[2016.06.23-10.41.44:569][758]LogEditorActor: Deleted 1 Actors (0.013 secs)
[2016.06.23-10.42.09:112][198]Cmd: DELETE
[2016.06.23-10.42.09:112][198]Cmd: ACTOR DELETE
[2016.06.23-10.42.09:112][198]LogEditorActor: Deleted Actor: TargetPoint
[2016.06.23-10.42.09:123][198]LogEditorActor: Deleted 1 Actors (0.012 secs)
[2016.06.23-10.42.11:887][530]LogEditorViewport: Clicking on Actor (LMB): LeftTurret_C (LeftTurret)
[2016.06.23-10.43.34:357][ 66]BlueprintLog: New page: Compile LeftTurret
[2016.06.23-10.43.34:422][ 66]BlueprintEditorCompileResults: Info [0751.08] Compile of LeftTurret successful! [in 65 ms]
[2016.06.23-10.43.35:198][118]Cmd: OBJ SAVEPACKAGE PACKAGE="/Game/LeftTurret" FILE="../../../../../../Admin/Documents/GitHub Repositories/Project_PlanetDefence/Project_PlanetDef/Content/LeftTurret.uasset" SILENT=true
[2016.06.23-10.43.35:240][118]LogSavePackage: Save=36.88ms
[2016.06.23-10.43.35:240][118]LogSavePackage: Moving '../../../../../../Admin/Documents/GitHub Repositories/Project_PlanetDefence/Project_PlanetDef/Saved/LeftTurret2FF4FE7647AEEC96642EE9B7710BA40E.tmp' to '../../../../../../Admin/Documents/GitHub Repositories/Project_PlanetDefence/Project_PlanetDef/Content/LeftTurret.uasset'
[2016.06.23-10.43.35:241][118]LogSavePackage: Total save time: 42.47ms
[2016.06.23-10.43.35:241][118]LogSavePackage:Display: Finished SavePackage ../../../../../../Admin/Documents/GitHub Repositories/Project_PlanetDefence/Project_PlanetDef/Content/LeftTurret.uasset
[2016.06.23-10.44.09:922][522]Cmd: OBJ SAVEPACKAGE PACKAGE="/Game/LeftTurret" FILE="../../../../../../Admin/Documents/GitHub Repositories/Project_PlanetDefence/Project_PlanetDef/Content/LeftTurret.uasset" SILENT=true
[2016.06.23-10.44.09:953][522]LogSavePackage: Save=29.32ms
[2016.06.23-10.44.09:953][522]LogSavePackage: Moving '../../../../../../Admin/Documents/GitHub Repositories/Project_PlanetDefence/Project_PlanetDef/Saved/LeftTurretB9A54833444A5B1E40DEB1978BBCBD27.tmp' to '../../../../../../Admin/Documents/GitHub Repositories/Project_PlanetDefence/Project_PlanetDef/Content/LeftTurret.uasset'
[2016.06.23-10.44.09:954][522]LogSavePackage: Total save time: 31.68ms
[2016.06.23-10.44.09:954][522]LogSavePackage:Display: Finished SavePackage ../../../../../../Admin/Documents/GitHub Repositories/Project_PlanetDefence/Project_PlanetDef/Content/LeftTurret.uasset
[2016.06.23-10.44.17:554][199]Cmd: OBJ SAVEPACKAGE PACKAGE="/Game/LeftTurret" FILE="../../../../../../Admin/Documents/GitHub Repositories/Project_PlanetDefence/Project_PlanetDef/Content/LeftTurret.uasset" SILENT=true
[2016.06.23-10.44.17:585][199]LogSavePackage: Save=29.22ms
[2016.06.23-10.44.17:585][199]LogSavePackage: Moving '../../../../../../Admin/Documents/GitHub Repositories/Project_PlanetDefence/Project_PlanetDef/Saved/LeftTurretC7A0335441331AE3A1BDC4A99726572A.tmp' to '../../../../../../Admin/Documents/GitHub Repositories/Project_PlanetDefence/Project_PlanetDef/Content/LeftTurret.uasset'
[2016.06.23-10.44.17:586][199]LogSavePackage: Total save time: 31.46ms
[2016.06.23-10.44.17:586][199]LogSavePackage:Display: Finished SavePackage ../../../../../../Admin/Documents/GitHub Repositories/Project_PlanetDefence/Project_PlanetDef/Content/LeftTurret.uasset
[2016.06.23-10.45.37:205][ 88]LogRenderer: Reallocating scene render targets to support 1208x900 (Frame:28350).
[2016.06.23-10.45.46:334][526]LogActorFactory: Actor Factory created Sphere
[2016.06.23-10.46.03:944][429]BlueprintLog: New page: Compile Projectile1
[2016.06.23-10.46.04:042][429]BlueprintEditorCompileResults: Info [0900.70] Compile of Projectile1 successful! [in 97 ms]
[2016.06.23-10.46.04:959][470]Cmd: OBJ SAVEPACKAGE PACKAGE="/Game/Projectile1" FILE="../../../../../../Admin/Documents/GitHub Repositories/Project_PlanetDefence/Project_PlanetDef/Content/Projectile1.uasset" SILENT=true
[2016.06.23-10.46.04:977][470]LogSavePackage: Save=17.28ms
[2016.06.23-10.46.04:977][470]LogSavePackage: Moving '../../../../../../Admin/Documents/GitHub Repositories/Project_PlanetDefence/Project_PlanetDef/Saved/Projectile1CF5F5E9143F92B124C7B45A03575A00F.tmp' to '../../../../../../Admin/Documents/GitHub Repositories/Project_PlanetDefence/Project_PlanetDef/Content/Projectile1.uasset'
[2016.06.23-10.46.04:978][470]LogSavePackage: Total save time: 18.48ms
[2016.06.23-10.46.04:978][470]LogSavePackage:Display: Finished SavePackage ../../../../../../Admin/Documents/GitHub Repositories/Project_PlanetDefence/Project_PlanetDef/Content/Projectile1.uasset
[2016.06.23-10.46.33:558][524]BlueprintLog: New page: Compile LeftTurret
[2016.06.23-10.46.33:625][524]BlueprintEditorCompileResults: Info [0930.28] Compile of LeftTurret successful! [in 67 ms]
[2016.06.23-10.46.34:958][620]Cmd: OBJ SAVEPACKAGE PACKAGE="/Game/LeftTurret" FILE="../../../../../../Admin/Documents/GitHub Repositories/Project_PlanetDefence/Project_PlanetDef/Content/LeftTurret.uasset" SILENT=true
[2016.06.23-10.46.34:996][620]LogSavePackage: Save=36.33ms
[2016.06.23-10.46.34:996][620]LogSavePackage: Moving '../../../../../../Admin/Documents/GitHub Repositories/Project_PlanetDefence/Project_PlanetDef/Saved/LeftTurretD9FDCDC94AB639BBD502D09672FBFBE8.tmp' to '../../../../../../Admin/Documents/GitHub Repositories/Project_PlanetDefence/Project_PlanetDef/Content/LeftTurret.uasset'
[2016.06.23-10.46.34:998][620]LogSavePackage: Total save time: 38.58ms
[2016.06.23-10.46.34:998][620]LogSavePackage:Display: Finished SavePackage ../../../../../../Admin/Documents/GitHub Repositories/Project_PlanetDefence/Project_PlanetDef/Content/LeftTurret.uasset
[2016.06.23-10.46.37:199][760]LogSavePackage: Save=66.68ms
[2016.06.23-10.46.37:199][760]LogSavePackage: Moving '../../../../../../Admin/Documents/GitHub Repositories/Project_PlanetDefence/Project_PlanetDef/Saved/FirstLevelEDA1F30A46E2A89870F7D9B458CCA506.tmp' to '../../../../../../Admin/Documents/GitHub Repositories/Project_PlanetDefence/Project_PlanetDef/Content/Maps/FirstLevel.umap'
[2016.06.23-10.46.37:200][760]LogSavePackage: Total save time: 71.68ms
[2016.06.23-10.46.37:200][760]LogSavePackage:Display: Finished SavePackage ../../../../../../Admin/Documents/GitHub Repositories/Project_PlanetDefence/Project_PlanetDef/Content/Maps/FirstLevel.umap
[2016.06.23-10.47.07:222][123]Cmd: DELETE
[2016.06.23-10.47.07:222][123]Cmd: ACTOR DELETE
[2016.06.23-10.47.07:222][123]LogEditorActor: Deleted Actor: Projectile1_C
[2016.06.23-10.47.07:239][123]LogEditorActor: Deleted 1 Actors (0.017 secs)
[2016.06.23-10.52.12:793][992]LogSavePackage: Save=67.47ms
[2016.06.23-10.52.12:793][992]LogSavePackage: Moving '../../../../../../Admin/Documents/GitHub Repositories/Project_PlanetDefence/Project_PlanetDef/Saved/FirstLevelDCE14C45416C694374DD8B86012B443C.tmp' to '../../../../../../Admin/Documents/GitHub Repositories/Project_PlanetDefence/Project_PlanetDef/Content/Maps/FirstLevel.umap'
[2016.06.23-10.52.12:794][992]LogSavePackage: Total save time: 72.85ms
[2016.06.23-10.52.12:794][992]LogSavePackage:Display: Finished SavePackage ../../../../../../Admin/Documents/GitHub Repositories/Project_PlanetDefence/Project_PlanetDef/Content/Maps/FirstLevel.umap
[2016.06.23-10.52.16:597][345]Cmd: OBJ SAVEPACKAGE PACKAGE="/Game/Shield" FILE="../../../../../../Admin/Documents/GitHub Repositories/Project_PlanetDefence/Project_PlanetDef/Content/Shield.uasset" SILENT=true
[2016.06.23-10.52.16:623][345]LogSavePackage: Save=20.71ms
[2016.06.23-10.52.16:623][345]LogSavePackage: Moving '../../../../../../Admin/Documents/GitHub Repositories/Project_PlanetDefence/Project_PlanetDef/Saved/Shield8240144F42A48A04D017EDA0DB85C17E.tmp' to '../../../../../../Admin/Documents/GitHub Repositories/Project_PlanetDefence/Project_PlanetDef/Content/Shield.uasset'
[2016.06.23-10.52.16:625][345]LogSavePackage: Total save time: 26.14ms
[2016.06.23-10.52.16:625][345]LogSavePackage:Display: Finished SavePackage ../../../../../../Admin/Documents/GitHub Repositories/Project_PlanetDefence/Project_PlanetDef/Content/Shield.uasset
[2016.06.23-10.52.24:307][218]BlueprintLog: New page: Compile Shield
[2016.06.23-10.52.24:367][218]BlueprintEditorCompileResults: Info [1281.02] Compile of Shield successful! [in 59 ms]
[2016.06.23-10.52.24:897][258]Cmd: OBJ SAVEPACKAGE PACKAGE="/Game/Shield" FILE="../../../../../../Admin/Documents/GitHub Repositories/Project_PlanetDefence/Project_PlanetDef/Content/Shield.uasset" SILENT=true
[2016.06.23-10.52.24:915][258]LogSavePackage: Save=16.68ms
[2016.06.23-10.52.24:915][258]LogSavePackage: Moving '../../../../../../Admin/Documents/GitHub Repositories/Project_PlanetDefence/Project_PlanetDef/Saved/Shield8EF5CE514695ED4D6C87AAB43DD6A3A8.tmp' to '../../../../../../Admin/Documents/GitHub Repositories/Project_PlanetDefence/Project_PlanetDef/Content/Shield.uasset'
[2016.06.23-10.52.24:917][258]LogSavePackage: Total save time: 18.91ms
[2016.06.23-10.52.24:917][258]LogSavePackage:Display: Finished SavePackage ../../../../../../Admin/Documents/GitHub Repositories/Project_PlanetDefence/Project_PlanetDef/Content/Shield.uasset
[2016.06.23-10.52.28:420][536]LogSavePackage: Save=66.71ms
[2016.06.23-10.52.28:420][536]LogSavePackage: Moving '../../../../../../Admin/Documents/GitHub Repositories/Project_PlanetDefence/Project_PlanetDef/Saved/FirstLevelF83DA8AA4326873E465258B8D1E993C2.tmp' to '../../../../../../Admin/Documents/GitHub Repositories/Project_PlanetDefence/Project_PlanetDef/Content/Maps/FirstLevel.umap'
[2016.06.23-10.52.28:421][536]LogSavePackage: Total save time: 68.95ms
[2016.06.23-10.52.28:421][536]LogSavePackage:Display: Finished SavePackage ../../../../../../Admin/Documents/GitHub Repositories/Project_PlanetDefence/Project_PlanetDef/Content/Maps/FirstLevel.umap
[2016.06.23-11.07.45:617][488]LogActorComponent: UnregisterComponent: (/Engine/Transient.EditorFloorComp) Not registered. Aborting.
[2016.06.23-11.07.45:656][488]LogActorComponent: UnregisterComponent: (/Engine/Transient.EditorFloorComp) Not registered. Aborting.
[2016.06.23-11.07.45:857][489]Cmd: QUIT_EDITOR
[2016.06.23-11.07.46:039][489]LogWindowsTextInputMethodSystem:Display: IME system now deactivated.
[2016.06.23-11.07.46:070][489]LogExit: Preparing to exit.
[2016.06.23-11.07.46:673][489]LogExit: Editor shut down
[2016.06.23-11.07.46:673][489]LogExit: Transaction tracking system shut down
[2016.06.23-11.07.46:782][489]LogObj: Freed 0b from 0 cluster array pools.
[2016.06.23-11.07.46:782][489]LogExit: Object subsystem successfully closed.
[2016.06.23-11.07.46:795][489]LogD3D11RHI: Shutdown
[2016.06.23-11.07.46:795][489]LogD3D11RHI: CleanupD3DDevice
[2016.06.23-11.07.46:842][489]LogD3D11RHI: ~FD3D11DynamicRHI
[2016.06.23-11.07.46:880][489]LogDerivedDataCache: Shutdown
[2016.06.23-11.07.46:880][489]LogModuleManager: Shutting down and abandoning module MovieSceneCapture (208)
[2016.06.23-11.07.46:880][489]LogModuleManager: Shutting down and abandoning module BlueprintGraph (207)
[2016.06.23-11.07.46:880][489]LogModuleManager: Shutting down and abandoning module HierarchicalLODOutliner (206)
[2016.06.23-11.07.46:880][489]LogModuleManager: Shutting down and abandoning module CrashTracker (205)
[2016.06.23-11.07.46:880][489]LogModuleManager: Shutting down and abandoning module SceneOutliner (204)
[2016.06.23-11.07.46:880][489]LogModuleManager: Shutting down and abandoning module SuperSearch (203)
[2016.06.23-11.07.46:880][489]LogModuleManager: Shutting down and abandoning module WidgetCarousel (202)
[2016.06.23-11.07.46:880][489]LogModuleManager: Shutting down and abandoning module AddContentDialog (201)
[2016.06.23-11.07.46:882][489]LogModuleManager: Shutting down and abandoning module GameplayTags (200)
[2016.06.23-11.07.46:882][489]LogModuleManager: Shutting down and abandoning module EditorWidgets (199)
[2016.06.23-11.07.46:882][489]LogModuleManager: Shutting down and abandoning module CollectionManager (198)
[2016.06.23-11.07.46:882][489]LogModuleManager: Shutting down and abandoning module StatsViewer (197)
[2016.06.23-11.07.46:882][489]LogModuleManager: Shutting down and abandoning module FoliageEdit (196)
[2016.06.23-11.07.46:882][489]LogModuleManager: Shutting down and abandoning module LandscapeEditor (195)
[2016.06.23-11.07.46:882][489]LogModuleManager: Shutting down and abandoning module ActorPickerMode (194)
[2016.06.23-11.07.46:882][489]LogModuleManager: Shutting down and abandoning module GeometryMode (193)
[2016.06.23-11.07.46:882][489]LogModuleManager: Shutting down and abandoning module TextureAlignMode (192)
[2016.06.23-11.07.46:882][489]LogModuleManager: Shutting down and abandoning module BspMode (191)
[2016.06.23-11.07.46:882][489]LogModuleManager: Shutting down and abandoning module PlacementMode (190)
[2016.06.23-11.07.46:882][489]LogModuleManager: Shutting down and abandoning module AutomationWorker (189)
[2016.06.23-11.07.46:882][489]LogModuleManager: Shutting down and abandoning module CharacterAI (188)
[2016.06.23-11.07.46:882][489]LogModuleManager: Shutting down and abandoning module SmartSnapping (187)
[2016.06.23-11.07.46:882][489]LogModuleManager: Shutting down and abandoning module ViewportSnapping (186)
[2016.06.23-11.07.46:882][489]LogModuleManager: Shutting down and abandoning module LogVisualizer (185)
[2016.06.23-11.07.46:883][489]LogModuleManager: Shutting down and abandoning module GameProjectGeneration (184)
[2016.06.23-11.07.46:883][489]LogModuleManager: Shutting down and abandoning module IntroTutorials (183)
[2016.06.23-11.07.46:883][489]LogModuleManager: Shutting down and abandoning module EditorLiveStreaming (182)
[2016.06.23-11.07.46:883][489]LogModuleManager: Shutting down and abandoning module IOSPlatformEditor (181)
[2016.06.23-11.07.46:883][489]LogModuleManager: Shutting down and abandoning module HTML5PlatformEditor (180)
[2016.06.23-11.07.46:883][489]LogModuleManager: Shutting down and abandoning module AndroidDeviceDetection (179)
[2016.06.23-11.07.47:386][489]LogModuleManager: Shutting down and abandoning module AndroidPlatformEditor (178)
[2016.06.23-11.07.47:386][489]LogModuleManager: Shutting down and abandoning module IOSRuntimeSettings (177)
[2016.06.23-11.07.47:386][489]LogModuleManager: Shutting down and abandoning module AndroidRuntimeSettings (176)
[2016.06.23-11.07.47:386][489]LogModuleManager: Shutting down and abandoning module MergeActors (175)
[2016.06.23-11.07.47:386][489]LogModuleManager: Shutting down and abandoning module SizeMap (174)
[2016.06.23-11.07.47:386][489]LogModuleManager: Shutting down and abandoning module TreeMap (173)
[2016.06.23-11.07.47:386][489]LogModuleManager: Shutting down and abandoning module ReferenceViewer (172)
[2016.06.23-11.07.47:386][489]LogModuleManager: Shutting down and abandoning module LocalizationService (171)
[2016.06.23-11.07.47:386][489]LogModuleManager: Shutting down and abandoning module LocalizationDashboard (170)
[2016.06.23-11.07.47:386][489]LogModuleManager: Shutting down and abandoning module HardwareTargeting (169)
[2016.06.23-11.07.47:387][489]LogModuleManager: Shutting down and abandoning module DeviceProfileEditor (168)
[2016.06.23-11.07.47:387][489]LogModuleManager: Shutting down and abandoning module UndoHistory (167)
[2016.06.23-11.07.47:387][489]LogModuleManager: Shutting down and abandoning module UserFeedback (166)
[2016.06.23-11.07.47:387][489]LogModuleManager: Shutting down and abandoning module XmlParser (165)
[2016.06.23-11.07.47:387][489]LogModuleManager: Shutting down and abandoning module Blutility (164)
[2016.06.23-11.07.47:387][489]LogModuleManager: Shutting down and abandoning module ProjectTargetPlatformEditor (163)
[2016.06.23-11.07.47:387][489]LogModuleManager: Shutting down and abandoning module ProjectSettingsViewer (162)
[2016.06.23-11.07.47:387][489]LogModuleManager: Shutting down and abandoning module InputBindingEditor (161)
[2016.06.23-11.07.47:387][489]LogModuleManager: Shutting down and abandoning module EditorSettingsViewer (160)
[2016.06.23-11.07.47:387][489]LogModuleManager: Shutting down and abandoning module SettingsEditor (159)
[2016.06.23-11.07.47:387][489]LogModuleManager: Shutting down and abandoning module ProjectLauncher (158)
[2016.06.23-11.07.47:387][489]LogModuleManager: Shutting down and abandoning module SessionFrontend (157)
[2016.06.23-11.07.47:387][489]LogModuleManager: Shutting down and abandoning module ProfilerClient (156)
[2016.06.23-11.07.47:387][489]LogModuleManager: Shutting down and abandoning module TargetDeviceServices (155)
[2016.06.23-11.07.47:387][489]LogModuleManager: Shutting down and abandoning module DeviceManager (154)
[2016.06.23-11.07.47:428][489]LogModuleManager: Shutting down and abandoning module AutomationController (153)
[2016.06.23-11.07.47:428][489]LogModuleManager: Shutting down and abandoning module AutomationWindow (152)
[2016.06.23-11.07.47:428][489]LogModuleManager: Shutting down and abandoning module Layers (151)
[2016.06.23-11.07.47:428][489]LogModuleManager: Shutting down and abandoning module ComponentVisualizers (150)
[2016.06.23-11.07.47:428][489]LogModuleManager: Shutting down and abandoning module DetailCustomizations (149)
[2016.06.23-11.07.47:428][489]LogModuleManager: Shutting down and abandoning module PackagesDialog (148)
[2016.06.23-11.07.47:428][489]LogModuleManager: Shutting down and abandoning module Persona (147)
[2016.06.23-11.07.47:428][489]LogModuleManager: Shutting down and abandoning module Kismet (146)
[2016.06.23-11.07.47:428][489]LogModuleManager: Shutting down and abandoning module GraphEditor (145)
[2016.06.23-11.07.47:428][489]LogModuleManager: Shutting down and abandoning module ClassViewer (144)
[2016.06.23-11.07.47:429][489]LogModuleManager: Shutting down and abandoning module Toolbox (143)
[2016.06.23-11.07.47:429][489]LogModuleManager: Shutting down and abandoning module ModuleUI (142)
[2016.06.23-11.07.47:429][489]LogModuleManager: Shutting down and abandoning module MovieSceneTools (141)
[2016.06.23-11.07.47:429][489]LogModuleManager: Shutting down and abandoning module OutputLog (140)
[2016.06.23-11.07.47:429][489]LogModuleManager: Shutting down and abandoning module GammaUI (139)
[2016.06.23-11.07.47:429][489]LogModuleManager: Shutting down and abandoning module Documentation (138)
[2016.06.23-11.07.47:429][489]LogModuleManager: Shutting down and abandoning module StreamingPauseRendering (137)
[2016.06.23-11.07.47:429][489]LogModuleManager: Shutting down and abandoning module AnalyticsET (136)
[2016.06.23-11.07.47:429][489]LogModuleManager: Shutting down and abandoning module Analytics (135)
[2016.06.23-11.07.47:429][489]LogModuleManager: Shutting down and abandoning module PortalServices (134)
[2016.06.23-11.07.47:429][489]LogModuleManager: Shutting down and abandoning module PortalRpc (133)
[2016.06.23-11.07.47:429][489]LogModuleManager: Shutting down and abandoning module MessagingRpc (132)
[2016.06.23-11.07.47:429][489]LogModuleManager: Shutting down and abandoning module AITestSuite (131)
[2016.06.23-11.07.47:429][489]LogModuleManager: Shutting down and abandoning module GameplayDebugger (130)
[2016.06.23-11.07.47:429][489]LogModuleManager: Shutting down and abandoning module AIModule (129)
[2016.06.23-11.07.47:429][489]LogModuleManager: Shutting down and abandoning module ProfilerService (128)
[2016.06.23-11.07.47:490][489]LogModuleManager: Shutting down and abandoning module TaskGraph (127)
[2016.06.23-11.07.47:490][489]LogModuleManager: Shutting down and abandoning module SubstanceEditor (126)
[2016.06.23-11.07.47:490][489]LogModuleManager: Shutting down and abandoning module SlateRemote (125)
[2016.06.23-11.07.47:490][489]LogModuleManager: Shutting down and abandoning module SteamVRController (124)
[2016.06.23-11.07.47:490][489]LogModuleManager: Shutting down and abandoning module SteamVR (123)
[2016.06.23-11.07.47:491][489]LogModuleManager: Shutting down and abandoning module ProceduralMeshComponent (122)
[2016.06.23-11.07.47:491][489]LogModuleManager: Shutting down and abandoning module OculusLibrary (121)
[2016.06.23-11.07.47:491][489]LogModuleManager: Shutting down and abandoning module OculusInput (120)
[2016.06.23-11.07.47:491][489]LogModuleManager: Shutting down and abandoning module CustomMeshComponent (119)
[2016.06.23-11.07.47:491][489]LogModuleManager: Shutting down and abandoning module CableComponent (118)
[2016.06.23-11.07.47:491][489]LogModuleManager: Shutting down and abandoning module ArchVisCharacter (117)
[2016.06.23-11.07.47:491][489]LogModuleManager: Shutting down and abandoning module MediaPlayerEditor (116)
[2016.06.23-11.07.47:491][489]LogModuleManager: Shutting down and abandoning module HTML5Networking (115)
[2016.06.23-11.07.47:491][489]LogModuleManager: Shutting down and abandoning module SpeedTreeImporter (114)
[2016.06.23-11.07.47:491][489]LogModuleManager: Shutting down and abandoning module PluginBrowser (113)
[2016.06.23-11.07.47:491][489]LogModuleManager: Shutting down and abandoning module EpicSurvey (112)
[2016.06.23-11.07.47:491][489]LogModuleManager: Shutting down and abandoning module DesktopPlatform (111)
[2016.06.23-11.07.47:491][489]LogModuleManager: Shutting down and abandoning module VisualStudioSourceCodeAccess (110)
[2016.06.23-11.07.47:491][489]LogModuleManager: Shutting down and abandoning module UObjectPlugin (109)
[2016.06.23-11.07.47:491][489]LogModuleManager: Shutting down and abandoning module SubversionSourceControl (108)
[2016.06.23-11.07.47:491][489]LogModuleManager: Shutting down and abandoning module PerforceSourceControl (107)
[2016.06.23-11.07.47:491][489]LogModuleManager: Shutting down and abandoning module SourceControl (106)
[2016.06.23-11.07.47:491][489]LogModuleManager: Shutting down and abandoning module GitSourceControl (105)
[2016.06.23-11.07.47:491][489]LogModuleManager: Shutting down and abandoning module LightPropagationVolumeEditor (104)
[2016.06.23-11.07.47:491][489]LogModuleManager: Shutting down and abandoning module PaperTiledImporter (103)
[2016.06.23-11.07.47:491][489]LogModuleManager: Shutting down and abandoning module PaperSpriteSheetImporter (102)
[2016.06.23-11.07.47:491][489]LogModuleManager: Shutting down and abandoning module MeshPaint (101)
[2016.06.23-11.07.47:491][489]LogModuleManager: Shutting down and abandoning module HotReload (100)
[2016.06.23-11.07.47:491][489]LogModuleManager: Shutting down and abandoning module MainFrame (99)
[2016.06.23-11.07.47:491][489]LogModuleManager: Shutting down and abandoning module LevelEditor (98)
[2016.06.23-11.07.47:491][489]LogModuleManager: Shutting down and abandoning module DirectoryWatcher (97)
[2016.06.23-11.07.47:493][489]LogModuleManager: Shutting down and abandoning module AssetRegistry (96)
[2016.06.23-11.07.47:624][489]LogModuleManager: Shutting down and abandoning module ContentBrowser (95)
[2016.06.23-11.07.47:625][489]LogModuleManager: Shutting down and abandoning module Paper2DEditor (94)
[2016.06.23-11.07.47:625][489]LogModuleManager: Shutting down and abandoning module UdpMessaging (93)
[2016.06.23-11.07.47:725][489]LogModuleManager: Shutting down and abandoning module SubstanceCore (92)
[2016.06.23-11.07.47:725][489]LogModuleManager: Shutting down and abandoning module LightPropagationVolumeRuntime (91)
[2016.06.23-11.07.47:725][489]LogModuleManager: Shutting down and abandoning module Paper2D (90)
[2016.06.23-11.07.47:725][489]LogModuleManager: Shutting down and abandoning module WindowsMoviePlayer (89)
[2016.06.23-11.07.47:725][489]LogModuleManager: Shutting down and abandoning module Media (88)
[2016.06.23-11.07.47:725][489]LogModuleManager: Shutting down and abandoning module WmfMedia (87)
[2016.06.23-11.07.47:725][489]LogModuleManager: Shutting down and abandoning module MediaAssets (86)
[2016.06.23-11.07.47:725][489]LogModuleManager: Shutting down and abandoning module GameLiveStreaming (85)
[2016.06.23-11.07.47:725][489]LogModuleManager: Shutting down and abandoning module GameplayTagsEditor (84)
[2016.06.23-11.07.47:725][489]LogModuleManager: Shutting down and abandoning module OnlineBlueprintSupport (83)
[2016.06.23-11.07.47:725][489]LogModuleManager: Shutting down and abandoning module GameplayTasksEditor (82)
[2016.06.23-11.07.47:725][489]LogModuleManager: Shutting down and abandoning module PropertyEditor (81)
[2016.06.23-11.07.47:725][489]LogModuleManager: Shutting down and abandoning module BehaviorTreeEditor (80)
[2016.06.23-11.07.47:725][489]LogModuleManager: Shutting down and abandoning module FunctionalTesting (79)
[2016.06.23-11.07.47:725][489]LogModuleManager: Shutting down and abandoning module CollisionAnalyzer (78)
[2016.06.23-11.07.47:725][489]LogModuleManager: Shutting down and abandoning module WorkspaceMenuStructure (77)
[2016.06.23-11.07.47:725][489]LogModuleManager: Shutting down and abandoning module MessageLog (76)
[2016.06.23-11.07.47:725][489]LogModuleManager: Shutting down and abandoning module Sequencer (75)
[2016.06.23-11.07.47:725][489]LogModuleManager: Shutting down and abandoning module AssetTools (74)
[2016.06.23-11.07.47:725][489]LogModuleManager: Shutting down and abandoning module UMGEditor (73)
[2016.06.23-11.07.47:725][489]LogModuleManager: Shutting down and abandoning module UMG (72)
[2016.06.23-11.07.47:725][489]LogModuleManager: Shutting down and abandoning module SlateReflector (71)
[2016.06.23-11.07.47:725][489]LogModuleManager: Shutting down and abandoning module Slate (70)
[2016.06.23-11.07.47:725][489]LogModuleManager: Shutting down and abandoning module EditorStyle (69)
[2016.06.23-11.07.47:727][489]LogModuleManager: Shutting down and abandoning module SessionServices (68)
[2016.06.23-11.07.47:727][489]LogModuleManager: Shutting down and abandoning module SourceCodeAccess (67)
[2016.06.23-11.07.47:727][489]LogModuleManager: Shutting down and abandoning module HeadMountedDisplay (66)
[2016.06.23-11.07.47:727][489]LogModuleManager: Shutting down and abandoning module XAudio2 (65)
[2016.06.23-11.07.47:727][489]LogModuleManager: Shutting down and abandoning module Networking (63)
[2016.06.23-11.07.47:727][489]LogModuleManager: Shutting down and abandoning module Core (62)
[2016.06.23-11.07.47:727][489]LogModuleManager: Shutting down and abandoning module KismetCompiler (61)
[2016.06.23-11.07.47:727][489]LogModuleManager: Shutting down and abandoning module PhysXFormats (60)
[2016.06.23-11.07.47:727][489]LogModuleManager: Shutting down and abandoning module MeshUtilities (59)
[2016.06.23-11.07.47:727][489]LogModuleManager: Shutting down and abandoning module CookingStats (58)
[2016.06.23-11.07.47:727][489]LogModuleManager: Shutting down and abandoning module DerivedDataCache (57)
[2016.06.23-11.07.47:727][489]LogDerivedDataCache: Shutdown
[2016.06.23-11.07.47:727][489]LogModuleManager: Shutting down and abandoning module ShaderFormatOpenGL (56)
[2016.06.23-11.07.47:727][489]LogModuleManager: Shutting down and abandoning module ShaderFormatD3D (55)
[2016.06.23-11.07.47:727][489]LogModuleManager: Shutting down and abandoning module MetalShaderFormat (54)
[2016.06.23-11.07.47:727][489]LogModuleManager: Shutting down and abandoning module TextureFormatUncompressed (53)
[2016.06.23-11.07.47:727][489]LogModuleManager: Shutting down and abandoning module TextureFormatPVR (52)
[2016.06.23-11.07.47:727][489]LogModuleManager: Shutting down and abandoning module TextureFormatIntelISPCTexComp (51)
[2016.06.23-11.07.47:727][489]LogModuleManager: Shutting down and abandoning module TextureFormatDXT (50)
[2016.06.23-11.07.47:727][489]LogModuleManager: Shutting down and abandoning module ImageWrapper (49)
[2016.06.23-11.07.47:727][489]LogModuleManager: Shutting down and abandoning module TextureFormatASTC (48)
[2016.06.23-11.07.47:727][489]LogModuleManager: Shutting down and abandoning module TextureFormatAndroid (47)
[2016.06.23-11.07.47:727][489]LogModuleManager: Shutting down and abandoning module AudioFormatOpus (46)
[2016.06.23-11.07.47:727][489]LogModuleManager: Shutting down and abandoning module AudioFormatOgg (45)
[2016.06.23-11.07.47:727][489]LogModuleManager: Shutting down and abandoning module AudioFormatADPCM (44)
[2016.06.23-11.07.47:727][489]LogModuleManager: Shutting down and abandoning module LinuxTargetPlatform (43)
[2016.06.23-11.07.47:727][489]LogModuleManager: Shutting down and abandoning module LinuxServerTargetPlatform (42)
[2016.06.23-11.07.47:727][489]LogModuleManager: Shutting down and abandoning module LinuxNoEditorTargetPlatform (41)
[2016.06.23-11.07.47:727][489]LogModuleManager: Shutting down and abandoning module TVOSTargetPlatform (40)
[2016.06.23-11.07.47:727][489]LogModuleManager: Shutting down and abandoning module Messaging (39)
[2016.06.23-11.07.47:727][489]LogModuleManager: Shutting down and abandoning module IOSTargetPlatform (38)
[2016.06.23-11.07.47:727][489]LogModuleManager: Shutting down and abandoning module HTML5TargetPlatform (37)
[2016.06.23-11.07.47:727][489]LogModuleManager: Shutting down and abandoning module Android_PVRTCTargetPlatform (36)
[2016.06.23-11.07.47:727][489]LogModuleManager: Shutting down and abandoning module Android_MultiTargetPlatform (35)
[2016.06.23-11.07.47:727][489]LogModuleManager: Shutting down and abandoning module Android_ETC2TargetPlatform (34)
[2016.06.23-11.07.47:727][489]LogModuleManager: Shutting down and abandoning module Android_ETC1TargetPlatform (33)
[2016.06.23-11.07.47:727][489]LogModuleManager: Shutting down and abandoning module Android_DXTTargetPlatform (32)
[2016.06.23-11.07.47:727][489]LogModuleManager: Shutting down and abandoning module Android_ATCTargetPlatform (31)
[2016.06.23-11.07.47:727][489]LogModuleManager: Shutting down and abandoning module Android_ASTCTargetPlatform (30)
[2016.06.23-11.07.47:727][489]LogModuleManager: Shutting down and abandoning module AndroidTargetPlatform (29)
[2016.06.23-11.07.47:727][489]LogModuleManager: Shutting down and abandoning module WindowsTargetPlatform (28)
[2016.06.23-11.07.47:727][489]LogModuleManager: Shutting down and abandoning module WindowsServerTargetPlatform (27)
[2016.06.23-11.07.47:727][489]LogModuleManager: Shutting down and abandoning module WindowsNoEditorTargetPlatform (26)
[2016.06.23-11.07.47:727][489]LogModuleManager: Shutting down and abandoning module WindowsClientTargetPlatform (25)
[2016.06.23-11.07.47:727][489]LogModuleManager: Shutting down and abandoning module AllDesktopTargetPlatform (24)
[2016.06.23-11.07.47:727][489]LogModuleManager: Shutting down and abandoning module TargetPlatform (23)
[2016.06.23-11.07.47:727][489]LogModuleManager: Shutting down and abandoning module InputCore (22)
[2016.06.23-11.07.47:727][489]LogModuleManager: Shutting down and abandoning module Settings (21)
[2016.06.23-11.07.47:727][489]LogModuleManager: Shutting down and abandoning module OnlineSubsystem (19)
[2016.06.23-11.07.47:727][489]LogModuleManager: Shutting down and abandoning module HTTP (18)
[2016.06.23-11.07.49:228][489]LogModuleManager: Shutting down and abandoning module XMPP (17)
[2016.06.23-11.07.49:228][489]LogModuleManager: Shutting down and abandoning module OculusRift (16)
[2016.06.23-11.07.49:229][489]LogHMD: Oculus shutdown.
[2016.06.23-11.07.49:229][489]LogModuleManager: Shutting down and abandoning module ExampleDeviceProfileSelector (15)
[2016.06.23-11.07.49:229][489]LogModuleManager: Shutting down and abandoning module TextureCompressor (14)
[2016.06.23-11.07.49:229][489]LogModuleManager: Shutting down and abandoning module ShaderCore (13)
[2016.06.23-11.07.49:229][489]LogModuleManager: Shutting down and abandoning module Landscape (12)
[2016.06.23-11.07.49:229][489]LogModuleManager: Shutting down and abandoning module SlateRHIRenderer (11)
[2016.06.23-11.07.49:232][489]LogModuleManager: Shutting down and abandoning module OpenGLDrv (10)
[2016.06.23-11.07.49:232][489]LogModuleManager: Shutting down and abandoning module D3D11RHI (9)
[2016.06.23-11.07.49:232][489]LogModuleManager: Shutting down and abandoning module AnimGraphRuntime (8)
[2016.06.23-11.07.49:232][489]LogModuleManager: Shutting down and abandoning module Renderer (7)
[2016.06.23-11.07.49:232][489]LogModuleManager: Shutting down and abandoning module Engine (6)
[2016.06.23-11.07.49:232][489]LogModuleManager: Shutting down and abandoning module CoreUObject (5)
[2016.06.23-11.07.49:232][489]LogModuleManager: Shutting down and abandoning module NetworkFile (4)
[2016.06.23-11.07.49:232][489]LogModuleManager: Shutting down and abandoning module StreamingFile (3)
[2016.06.23-11.07.49:232][489]LogModuleManager: Shutting down and abandoning module SandboxFile (2)
[2016.06.23-11.07.49:232][489]LogModuleManager: Shutting down and abandoning module PakFile (1)
[2016.06.23-11.07.49:233][489]LogExit: Exiting.
[2016.06.23-11.07.49:243][489]Log file closed, 06/23/16 21:07:49
