Log file open, 08/04/16 10:11:43
LogInit:Display: Running engine for game: Project_PlanetDef
LogPlatformFile: Not using cached read wrapper
LogInit:Display: RandInit(257693978) SRandInit(257693979).
LogTaskGraph: Started task graph with 4 named threads and 7 total threads.
LogStats: Stats thread started at 0.066751
OCULUS: Info: [CAPI] LibOVR module is located at C:\Program Files\Oculus\Support\oculus-runtime\LibOVRRT64_1.dll
OCULUS: Debug: Connected to the server running version (prod = 1).1.4.0(build = 224996) feature version = 0. Client runs version (prod = 1).1.4.0(build = 224996) feature version = 0
LogInit: Version: 4.11.2-2946394+++UE4+Release-4.11
LogInit: API Version: 2927265
LogInit: Compiled (64-bit): Apr 18 2016 02:18:46
LogInit: Compiled with Visual C++: 19.00.23026.00
LogInit: Build Configuration: Development
LogInit: Branch Name: ++UE4+Release-4.11
LogInit: Command line: -EpicPortal 
LogInit: Base directory: C:/Program Files (x86)/Epic Games/4.11/Engine/Binaries/Win64/
LogInit: Installed Engine Build: 1
LogInit: Using libcurl 7.41.0
LogInit:  - built for x86_64-pc-win32
LogInit:  - supports SSL with WinSSL
LogInit:  - other features:
LogInit:      CURL_VERSION_SSL
LogInit:      CURL_VERSION_IPV6
LogInit:      CURL_VERSION_ASYNCHDNS
LogInit:      CURL_VERSION_LARGEFILE
LogInit:      CURL_VERSION_IDN
LogInit:  CurlRequestOptions (configurable via config and command line):
LogInit:  - bVerifyPeer = true  - Libcurl will verify peer certificate
LogInit:  - bUseHttpProxy = false  - Libcurl will NOT use HTTP proxy
LogInit:  - bDontReuseConnections = false  - Libcurl will reuse connections
LogInit:  - CertBundlePath = nullptr  - Libcurl will use whatever was configured at build time.
LogInit: Presizing for max 16777216 objects, including 0 objects not considered by GC, pre-allocating 0 bytes for permanent pool.
LogInit: Object subsystem initialized
[2016.08.04-00.11.43:495][  0]LogInit: Selected Device Profile: [Windows]
[2016.08.04-00.11.43:495][  0]LogInit: Applying CVar settings loaded from the selected device profile: [Windows]
[2016.08.04-00.11.43:506][  0]LogInit: Computer: S-803-11
[2016.08.04-00.11.43:506][  0]LogInit: User: vcrittle
[2016.08.04-00.11.43:506][  0]LogInit: CPU Page size=65536, Cores=4
[2016.08.04-00.11.43:506][  0]LogInit: High frequency timer resolution =3.328128 MHz
[2016.08.04-00.11.43:506][  0]LogMemory: Memory total: Physical=31.9GB (32GB approx)
[2016.08.04-00.11.43:506][  0]LogMemory: Platform Memory Stats for Windows
[2016.08.04-00.11.43:506][  0]LogMemory: Process Physical Memory: 318.58 MB used, 318.58 MB peak
[2016.08.04-00.11.43:506][  0]LogMemory: Process Virtual Memory: 318.23 MB used, 318.23 MB peak
[2016.08.04-00.11.43:506][  0]LogMemory: Physical Memory: 7823.44 MB used, 32683.17 MB total
[2016.08.04-00.11.43:506][  0]LogMemory: Virtual Memory: 698.00 MB used, 134217728.00 MB total
[2016.08.04-00.11.43:534][  0]LogTextLocalizationManager: No specific translations for ('en-AU') exist, so ('en') translations will be used.
[2016.08.04-00.11.43:851][  0]LogD3D11RHI: D3D11 adapters:
[2016.08.04-00.11.43:870][  0]LogD3D11RHI:    0. 'NVIDIA GeForce GTX 980' (Feature Level 11_0)
[2016.08.04-00.11.43:870][  0]LogD3D11RHI:       4008MB of dedicated video memory, 0MB of dedicated system memory, and 16341MB of shared system memory, 1 output[s]
[2016.08.04-00.11.43:871][  0]LogD3D11RHI:    1. 'Microsoft Basic Render Driver' (Feature Level 11_0)
[2016.08.04-00.11.43:871][  0]LogD3D11RHI:       0MB of dedicated video memory, 0MB of dedicated system memory, and 16341MB of shared system memory, 0 output[s]
[2016.08.04-00.11.43:871][  0]LogD3D11RHI: Chosen D3D11 Adapter: 0
[2016.08.04-00.11.43:874][  0]LogD3D11RHI: Creating new Direct3DDevice
[2016.08.04-00.11.43:874][  0]LogD3D11RHI:     Adapter Name: NVIDIA GeForce GTX 980
[2016.08.04-00.11.43:874][  0]LogD3D11RHI:   Driver Version: Unknown (internal Unknown)
[2016.08.04-00.11.43:874][  0]LogD3D11RHI:      Driver Date: Unknown
[2016.08.04-00.11.43:874][  0]LogRHI: Texture pool is 1361 MB (70% of 1945 MB)
[2016.08.04-00.11.43:884][  0]LogD3D11RHI: Async texture creation enabled
[2016.08.04-00.11.43:893][  0]LogShaderCompilers: Guid format shader working directory is -36 characters bigger than the processId version (../../../../../../Users/vcrittle/Documents/studio3 - crittle/Bolide/Project_PlanetDef/Intermediate/Shaders/WorkingDirectory/6008/).
[2016.08.04-00.11.43:893][  0]LogShaderCompilers: Cleaned the shader compiler working directory 'C:/Users/vcrittle/AppData/Local/Temp/UnrealShaderWorkingDir/BFFB6E86476DCEAF2C79BD80B130A655/'.
[2016.08.04-00.11.43:893][  0]LogShaderCompilers:Display: Using Local Shader Compiler.
[2016.08.04-00.11.44:678][  0]LogTemp:Display: Loaded TP AllDesktopTargetPlatform
[2016.08.04-00.11.44:682][  0]LogTemp:Display: Loaded TP WindowsClientTargetPlatform
[2016.08.04-00.11.44:686][  0]LogTemp:Display: Loaded TP WindowsNoEditorTargetPlatform
[2016.08.04-00.11.44:690][  0]LogTemp:Display: Loaded TP WindowsServerTargetPlatform
[2016.08.04-00.11.44:694][  0]LogTemp:Display: Loaded TP WindowsTargetPlatform
[2016.08.04-00.11.44:697][  0]LogTemp:Display: Loaded TP AndroidTargetPlatform
[2016.08.04-00.11.44:699][  0]LogTemp:Display: Loaded TP Android_ASTCTargetPlatform
[2016.08.04-00.11.44:702][  0]LogTemp:Display: Loaded TP Android_ATCTargetPlatform
[2016.08.04-00.11.44:704][  0]LogTemp:Display: Loaded TP Android_DXTTargetPlatform
[2016.08.04-00.11.44:707][  0]LogTemp:Display: Loaded TP Android_ETC1TargetPlatform
[2016.08.04-00.11.44:710][  0]LogTemp:Display: Loaded TP Android_ETC2TargetPlatform
[2016.08.04-00.11.44:715][  0]LogTemp:Display: Loaded TP Android_MultiTargetPlatform
[2016.08.04-00.11.44:715][  0]LogTemp:Display: Loaded TP Android_PVRTCTargetPlatform
[2016.08.04-00.11.44:715][  0]LogTemp:Display: Loaded TP HTML5TargetPlatform
[2016.08.04-00.11.44:732][  0]LogTemp:Display: Loaded TP IOSTargetPlatform
[2016.08.04-00.11.44:734][  0]LogTemp:Display: Loaded TP TVOSTargetPlatform
[2016.08.04-00.11.44:736][  0]LogTemp:Display: Loaded TP LinuxNoEditorTargetPlatform
[2016.08.04-00.11.44:738][  0]LogTemp:Display: Loaded TP LinuxServerTargetPlatform
[2016.08.04-00.11.44:741][  0]LogTemp:Display: Loaded TP LinuxTargetPlatform
[2016.08.04-00.11.44:741][  0]LogTargetPlatformManager:Display: Building Assets For Windows
[2016.08.04-00.11.44:790][  0]LogDerivedDataCache:Display: Max Cache Size: 512 MB
[2016.08.04-00.11.44:837][  0]LogDerivedDataCache: Loaded boot cache 0.05s 58MB C:/Users/vcrittle/AppData/Local/UnrealEngine/4.11/DerivedDataCache/Boot.ddc.
[2016.08.04-00.11.44:837][  0]LogDerivedDataCache:Display: Loaded Boot cache: C:/Users/vcrittle/AppData/Local/UnrealEngine/4.11/DerivedDataCache/Boot.ddc
[2016.08.04-00.11.44:837][  0]LogDerivedDataCache: FDerivedDataBackendGraph:  Pak pak cache file ../../../../../../Users/vcrittle/Documents/studio3 - crittle/Bolide/Project_PlanetDef/DerivedDataCache/DDC.ddp not found, will not use a pak cache.
[2016.08.04-00.11.44:837][  0]LogDerivedDataCache: Unable to find inner node Pak for hierarchical cache Hierarchy.
[2016.08.04-00.11.44:837][  0]LogDerivedDataCache: FDerivedDataBackendGraph:  CompressedPak pak cache file ../../../../../../Users/vcrittle/Documents/studio3 - crittle/Bolide/Project_PlanetDef/DerivedDataCache/Compressed.ddp not found, will not use a pak cache.
[2016.08.04-00.11.44:837][  0]LogDerivedDataCache: Unable to find inner node CompressedPak for hierarchical cache Hierarchy.
[2016.08.04-00.11.44:849][  0]LogDerivedDataCache:Display: Pak cache opened for reading ../../../Engine/DerivedDataCache/Compressed.ddp.
[2016.08.04-00.11.44:862][  0]LogDerivedDataCache: Using Local data cache path C:/Users/vcrittle/AppData/Local/UnrealEngine/Common/DerivedDataCache: Writable
[2016.08.04-00.11.45:024][  0]LogInit: Selected Device Profile: [Windows]
[2016.08.04-00.11.45:025][  0]LogContentStreaming: Texture pool size is 0.00 MB
[2016.08.04-00.11.45:070][  0]LogMaterial: Uniform references updated for custom material expression Custom.
[2016.08.04-00.11.45:169][  0]LogMeshUtilities: No automatic mesh reduction module available
[2016.08.04-00.11.45:169][  0]LogMeshUtilities: No automatic mesh merging module available
[2016.08.04-00.11.45:169][  0]LogMeshUtilities: No distributed automatic mesh merging module available
[2016.08.04-00.11.45:383][  0]LogUObjectArray: 27679 objects as part of root set at end of initial load.
[2016.08.04-00.11.45:383][  0]LogUObjectAllocator: 5591592 out of 0 bytes used by permanent object pool.
[2016.08.04-00.11.45:383][  0]LogUObjectArray: CloseDisregardForGC: 0/0 objects in disregard for GC pool
[2016.08.04-00.11.45:389][  0]LogInit: WinSock: version 1.1 (2.2), MaxSocks=32767, MaxUdp=65467
[2016.08.04-00.11.45:459][  0]LogSlate: SlateFontCache - WITH_FREETYPE: 1, WITH_HARFBUZZ: 1
[2016.08.04-00.11.45:459][  0]LogSlate: SlateFontCache - WITH_FREETYPE: 1, WITH_HARFBUZZ: 1
[2016.08.04-00.11.45:543][  0]LogStreaming:Warning: Failed to read file '../../../Engine/Content/Editor/Slate/Common/Selection_16x.png' error.
[2016.08.04-00.11.45:543][  0]LogSlate: Could not find file for Slate resource: ../../../Engine/Content/Editor/Slate/Common/Selection_16x.png
[2016.08.04-00.11.45:544][  0]LogStreaming:Warning: Failed to read file '../../../Engine/Content/Editor/Slate/Common/Selection_16x.png' error.
[2016.08.04-00.11.45:544][  0]LogSlate: Could not find file for Slate resource: ../../../Engine/Content/Editor/Slate/Common/Selection_16x.png
[2016.08.04-00.11.45:544][  0]LogStreaming:Warning: Failed to read file '../../../Engine/Content/Editor/Slate/Common/Selection_16x.png' error.
[2016.08.04-00.11.45:544][  0]LogSlate: Could not find file for Slate resource: ../../../Engine/Content/Editor/Slate/Common/Selection_16x.png
[2016.08.04-00.11.46:119][  0]LogUdpMessaging: Initializing bridge on interface 0.0.0.0:0 to multicast group 230.0.0.1:6666.
[2016.08.04-00.11.46:227][  0]LogAssetRegistry: FAssetRegistry took 0.0218 seconds to start up
[2016.08.04-00.11.46:365][  0]SourceControl: Info Source control is disabled
[2016.08.04-00.11.46:395][  0]SourceControl: Info Source control is disabled
[2016.08.04-00.11.46:401][  0]SourceControl: Info Source control is disabled
[2016.08.04-00.11.46:408][  0]SourceControl: Info Source control is disabled
[2016.08.04-00.11.46:505][  0]LogHMD: Failed to initialize OpenVR with code 110
[2016.08.04-00.11.46:565][  0]LogEngine: Initializing Engine...
[2016.08.04-00.11.46:565][  0]LogHMD: Oculus plugin initialized. Version: 4.11.2-2946394+++UE4+Release-4.11, LibOVR: 1.4.0, SDK: 1.3.0, built Apr 18 2016, 02:19:44
[2016.08.04-00.11.46:724][  0]OCULUS: Info: [HMDState] Requested to SetForegroundWindow(605d8ll)
[2016.08.04-00.11.46:742][  0]LogAIModule: Creating AISystem for world NewWorld
[2016.08.04-00.11.46:751][  0]LogInit: XAudio2 using 'U28E850-C (2- NVIDIA High Definition Audio)' : 2 channels at 48 kHz using 16 bits per sample (channel mask 0x3)
[2016.08.04-00.11.46:765][  0]LogInit: FAudioDevice initialized.
[2016.08.04-00.11.46:789][  0]LogDerivedDataCache: Saved boot cache 0.02s 58MB C:/Users/vcrittle/AppData/Local/UnrealEngine/4.11/DerivedDataCache/Boot.ddc.
[2016.08.04-00.11.46:793][  0]LogInit: Texture streaming: Enabled
[2016.08.04-00.11.46:812][  0]LogInit: Transaction tracking system initialized
[2016.08.04-00.11.46:830][  0]BlueprintLog: New page: Editor Load
[2016.08.04-00.11.46:895][  0]LocalizationService: Info Localization service is disabled
[2016.08.04-00.11.46:947][  0]LogConsoleResponse:Display: 
[2016.08.04-00.11.47:061][  0]LogCook:Display: Max memory allowance for cook 8192mb
[2016.08.04-00.11.47:061][  0]LogCook:Display: Mobile HDR setting 1
[2016.08.04-00.11.47:061][  0]LogCook:Display: Done creating registry. It took  0.00s.
[2016.08.04-00.11.47:098][  0]LogFileCache: Scanning file cache for directory 'C:/Users/vcrittle/Documents/studio3 - crittle/Bolide/Project_PlanetDef/Content/' took 0.01s
[2016.08.04-00.11.47:098][  0]SourceControl: Info Source control is disabled
[2016.08.04-00.11.47:099][  0]Cmd: MAP LOAD FILE="../../../Engine/Content/Maps/Templates/Template_Default.umap" TEMPLATE=1 SHOWPROGRESS=1 FEATURELEVEL=3
[2016.08.04-00.11.47:099][  0]LightingResults: New page: Lighting Build
[2016.08.04-00.11.47:102][  0]MapCheck: New page: Map Check
[2016.08.04-00.11.47:102][  0]LightingResults: New page: Lighting Build
[2016.08.04-00.11.47:276][  0]LogAIModule: Creating AISystem for world Untitled_1
[2016.08.04-00.11.47:282][  0]LogEditorServer: Finished looking for orphan Actors (0.000 secs)
[2016.08.04-00.11.47:287][  0]Cmd: MAP CHECKDEP NOCLEARLOG
[2016.08.04-00.11.47:351][  0]MapCheck: Info Map check complete: 0 Error(s), 0 Warning(s), took 64.55ms to complete.
[2016.08.04-00.11.47:351][  0]LogFileHelpers: Loading map 'Template_Default' took 0.253
[2016.08.04-00.11.47:460][  0]LogCollectionManager: Loaded 0 collections in 0.002129 seconds
[2016.08.04-00.11.47:501][  0]LogFileCache: Scanning file cache for directory 'C:/Users/vcrittle/Documents/studio3 - crittle/Bolide/Project_PlanetDef/Saved/Collections/' took 0.01s
[2016.08.04-00.11.47:501][  0]LogFileCache: Scanning file cache for directory 'C:/Users/vcrittle/Documents/studio3 - crittle/Bolide/Project_PlanetDef/Content/Developers/vcrittle/Collections/' took 0.01s
[2016.08.04-00.11.47:501][  0]LogFileCache: Scanning file cache for directory 'C:/Users/vcrittle/Documents/studio3 - crittle/Bolide/Project_PlanetDef/Content/Collections/' took 0.01s
[2016.08.04-00.11.47:501][  0]LogCollectionManager: Rebuilt the GUID cache for 0 collections in 0.000002 seconds
[2016.08.04-00.11.47:507][  0]LogContentBrowser: Native class hierarchy populated in 0.0062 seconds. Added 1979 classes and 343 folders.
[2016.08.04-00.11.47:512][  0]LogStats: UGameplayTagsManager::ConstructGameplayTagTree: Construct from data asset -  0.000 s
[2016.08.04-00.11.47:512][  0]LogStats: UGameplayTagsManager::ConstructGameplayTagTree: GameplayTagTreeChangedEvent.Broadcast -  0.000 s
[2016.08.04-00.11.47:514][  0]LogContentBrowser: Native class hierarchy updated for 'GameplayTags' in 0.0009 seconds. Added 12 classes and 0 folders.
[2016.08.04-00.11.47:519][  0]LogContentBrowser: Native class hierarchy updated for 'WidgetCarousel' in 0.0008 seconds. Added 0 classes and 0 folders.
[2016.08.04-00.11.47:527][  0]LogContentBrowser: Native class hierarchy updated for 'AddContentDialog' in 0.0008 seconds. Added 0 classes and 0 folders.
[2016.08.04-00.11.47:530][  0]LogContentBrowser: Native class hierarchy updated for 'SceneOutliner' in 0.0008 seconds. Added 1 classes and 2 folders.
[2016.08.04-00.11.47:552][  0]LogContentBrowser: Native class hierarchy updated for 'SuperSearch' in 0.0009 seconds. Added 1 classes and 2 folders.
[2016.08.04-00.11.47:554][  0]LogCrashTracker: Crashtracker disabled due to settings.
[2016.08.04-00.11.47:568][  0]LogTexture:Display: Building textures: Blueprint_64x (BGRA8)
[2016.08.04-00.11.47:570][  0]LogTexture:Display: Building textures: icon_Editor_Preferences_General_40x (BGRA8)
[2016.08.04-00.11.47:572][  0]LogTexture:Display: Building textures: Paper2DSprite_TutorialIcon (BGRA8)
[2016.08.04-00.11.47:573][  0]LogTexture:Display: Building textures: icon_ShowSkeletalMeshes_40x (BGRA8)
[2016.08.04-00.11.47:574][  0]LogTexture:Display: Building textures: Landscape (BGRA8)
[2016.08.04-00.11.47:576][  0]LogTexture:Display: Building textures: Foliage (BGRA8)
[2016.08.04-00.11.47:608][  0]LogContentBrowser: Native class hierarchy updated for 'HierarchicalLODOutliner' in 0.0008 seconds. Added 1 classes and 2 folders.
[2016.08.04-00.11.47:608][  0]LogLoad: Full Startup: 5.31 seconds (BP compile: 0.02 seconds)
[2016.08.04-00.11.47:608][  0]LogExternalProfiler: Found external profiler: VSPerf
[2016.08.04-00.11.47:608][  0]LogExternalProfiler: Using external profiler: VSPerf
[2016.08.04-00.11.47:617][  0]LogOcInput: OculusInput pre-init called
[2016.08.04-00.11.47:625][  0]LogOcInput: OculusInput is initialized. Init status 0. Runtime version: 1.4.0
[2016.08.04-00.11.47:649][  0]LogAssetRegistry: Asset discovery search completed in 1.4442 seconds
[2016.08.04-00.11.47:649][  0]LogCollectionManager: Rebuilt the object cache for 0 collections in 0.000001 seconds (found 0 objects)
[2016.08.04-00.11.47:650][  0]LogCollectionManager: Fixed up redirectors for 0 collections in 0.000054 seconds (updated 0 objects)
[2016.08.04-00.11.47:673][  0]LogContentStreaming: Texture pool size now 1000 MB
[2016.08.04-00.11.47:687][  0]LogTexture:Display: Building textures: icon_tab_Levels_40x (BGRA8)
[2016.08.04-00.11.47:738][  0]LogTexture:Display: Building textures: LevelGrid1DStripes (BGRA8)
[2016.08.04-00.11.47:812][  0]LogRenderer: Reallocating scene render targets to support 1616x808 (Frame:2).
[2016.08.04-00.11.47:884][  1]LogFileCache: Retrieving MD5 hashes for directory 'C:/Users/vcrittle/Documents/studio3 - crittle/Bolide/Project_PlanetDef/Content/' took 0.25s
[2016.08.04-00.11.52:185][386]LogStaticMesh: Building static mesh FBX_meteor_placeholder...
[2016.08.04-00.11.52:191][386]LogStaticMesh: Built static mesh [0.01s] /Game/FBX_meteor_placeholder.FBX_meteor_placeholder
[2016.08.04-00.11.52:198][386]LogAudioDerivedData:Display: Building compressed audio format OGG wave Fx_-_Shield_On...
[2016.08.04-00.11.52:224][386]LogAudioDerivedData:Display: Building compressed audio format OGG wave Fx_-_Shield_Off...
[2016.08.04-00.11.52:251][386]LogStaticMesh: Building static mesh FBX_shield...
[2016.08.04-00.11.52:256][386]LogStaticMesh: Built static mesh [0.00s] /Game/FBX_shield.FBX_shield
[2016.08.04-00.11.52:381][386]LogTexture:Display: Building textures: meteor_tex (AutoDXT)
[2016.08.04-00.11.54:159][386]LogStaticMesh: Building static mesh FBX_earth_placeholder...
[2016.08.04-00.11.54:166][386]LogStaticMesh: Built static mesh [0.01s] /Game/FBX_earth_placeholder.FBX_earth_placeholder
[2016.08.04-00.11.54:167][386]LogStaticMesh: Building static mesh fbx_ufo_final...
[2016.08.04-00.11.54:168][386]LogMeshUtilities:Warning: Invalid vertex normals found for mesh. Forcing recomputation of vertex normals for MikkTSpace. Fix mesh or disable "Use MikkTSpace Tangent Space" to avoid forced recomputation of normals.
[2016.08.04-00.11.54:179][386]LogStaticMesh: Built static mesh [0.01s] /Game/Models/fbx_ufo_final.fbx_ufo_final
[2016.08.04-00.11.54:195][386]LogMaterial: Missing cached shader map for material DroneMat, compiling. 
[2016.08.04-00.11.54:216][386]LogStaticMesh: Building static mesh FBX_drone_final...
[2016.08.04-00.11.54:218][386]LogMeshUtilities:Warning: Invalid vertex normals found for mesh. Forcing recomputation of vertex normals for MikkTSpace. Fix mesh or disable "Use MikkTSpace Tangent Space" to avoid forced recomputation of normals.
[2016.08.04-00.11.54:239][386]LogStaticMesh: Built static mesh [0.02s] /Game/Models/FBX_drone_final.FBX_drone_final
[2016.08.04-00.11.54:272][386]LogTexture:Display: Building textures: UFO_UV_test (AutoDXT)
[2016.08.04-00.11.54:515][386]LogMaterial: Missing cached shader map for material UFO_UV_test_Mat, compiling. 
[2016.08.04-00.11.54:565][386]LogTexture:Display: Building textures: UV_earthtexture_placeholder (AutoDXT)
[2016.08.04-00.11.55:096][386]LogMaterial: Missing cached shader map for material UV_earthtexture_placeholder_Mat, compiling. 
[2016.08.04-00.11.55:129][386]LogMaterial: Missing cached shader map for material meteor_mat, compiling. 
[2016.08.04-00.11.55:219][386]LogAudioDerivedData:Display: Building compressed audio format OGG wave Fx_-_Sattelite_Scanning...
[2016.08.04-00.11.55:305][386]LogTexture:Display: Building textures: T_Smoke_Tiled_D (AutoDXT)
[2016.08.04-00.11.55:469][386]LogTexture:Display: Building textures: T_Smoke_SubUV (AutoDXT)
[2016.08.04-00.11.56:995][386]LogTexture:Display: Building textures: T_Burst_M (AutoDXT)
[2016.08.04-00.11.57:205][386]LogTexture:Display: Building textures: T_Explosion_SubUV (AutoDXT)
[2016.08.04-00.11.58:023][386]LogTexture:Display: Building textures: ThumbnailTexture (DXT1)
[2016.08.04-00.11.58:109][386]LogStaticMesh: Building static mesh meteor_25x25...
[2016.08.04-00.11.58:112][386]LogStaticMesh: Built static mesh [0.00s] /Game/Models/meteor_25x25.meteor_25x25
[2016.08.04-00.11.58:122][386]LogAudioDerivedData:Display: Building compressed audio format OGG wave Fx_-_Super_weapon_Fire...
[2016.08.04-00.11.58:162][386]LogMaterial: Missing cached shader map for material lambert2, compiling. 
[2016.08.04-00.11.58:172][386]LogStaticMesh: Building static mesh meteor_5x5...
[2016.08.04-00.11.58:179][386]LogStaticMesh: Built static mesh [0.01s] /Game/Models/meteor_5x5.meteor_5x5
[2016.08.04-00.11.58:184][386]LogMaterial: Missing cached shader map for material SparksMat, compiling. 
[2016.08.04-00.11.58:194][386]LogStaticMesh: Building static mesh fbx_satellite_final...
[2016.08.04-00.11.58:194][386]LogMeshUtilities:Warning: Invalid vertex normals found for mesh. Forcing recomputation of vertex normals for MikkTSpace. Fix mesh or disable "Use MikkTSpace Tangent Space" to avoid forced recomputation of normals.
[2016.08.04-00.11.58:209][386]LogStaticMesh: Built static mesh [0.02s] /Game/Models/fbx_satellite_final.fbx_satellite_final
[2016.08.04-00.11.58:259][386]LogMaterial: Missing cached shader map for material ProjectileMat, compiling. 
[2016.08.04-00.11.58:266][386]LogAudioDerivedData:Display: Building compressed audio format OGG wave Fx_-_Laser_weapon...
[2016.08.04-00.11.58:290][386]LogMaterial: Missing cached shader map for material CannonsMat, compiling. 
[2016.08.04-00.11.58:604][386]LogTexture:Display: Building textures: Round_Marble_By_mavrosh (AutoDXT)
[2016.08.04-00.12.07:134][386]LogTexture:Display: Building textures: CombinedRGB (AutoDXT)
[2016.08.04-00.12.07:540][386]LogMaterial: Missing cached shader map for material shield_mat, compiling. 
[2016.08.04-00.12.07:553][386]LogTexture:Display: Building textures: HQ_Lightmap1_1 (AutoDXT)
[2016.08.04-00.12.07:563][386]LogTexture:Display: Building textures: LQ_Lightmap_1_1 (DXT1)
[2016.08.04-00.12.07:571][386]LogTexture:Display: Building textures: ShadowMapTexture2D_2 (G8)
[2016.08.04-00.12.07:586][386]LogAIModule: Creating AISystem for world FirstLevel
[2016.08.04-00.12.07:587][386]LogMaterial:Warning: Material /Engine/EditorMaterials/WidgetGridVertexColorMaterial_Ma.WidgetGridVertexColorMaterial_Ma needed to have new flag set bUsedWithStaticLighting !
[2016.08.04-00.12.07:588][386]LogMaterial: Missing cached shader map for material WidgetGridVertexColorMaterial_Ma, compiling. 
[2016.08.04-00.12.07:592][386]MapCheck:Warning: Warning WidgetGridVertexColorMaterial_Ma Material /Engine/EditorMaterials/WidgetGridVertexColorMaterial_Ma.WidgetGridVertexColorMaterial_Ma was missing the usage flag bUsedWithStaticLighting. If the material asset is not re-saved, it may not render correctly when run outside the editor. Fix
[2016.08.04-00.12.07:597][386]LogMaterial: 0.00 seconds spent updating 1 materials, 1 interfaces, 0 instances, 0 with static permutations.
[2016.08.04-00.12.07:672][386]Cmd: MAP LOAD FILE="../../../../../../Users/vcrittle/Documents/studio3 - crittle/Bolide/Project_PlanetDef/Content/Maps/FirstLevel.umap" TEMPLATE=0 SHOWPROGRESS=1 FEATURELEVEL=3
[2016.08.04-00.12.07:672][386]LightingResults: New page: Lighting Build
[2016.08.04-00.12.07:695][386]LoadErrors: New page: Loading map: FirstLevel.umap
[2016.08.04-00.12.07:695][386]MapCheck: New page: Map Check
[2016.08.04-00.12.07:695][386]LightingResults: New page: Lighting Build
[2016.08.04-00.12.07:756][386]LogEditorServer: Finished looking for orphan Actors (0.000 secs)
[2016.08.04-00.12.07:789][386]Cmd: MAP CHECKDEP NOCLEARLOG
[2016.08.04-00.12.07:840][386]MapCheck: Info Map check complete: 0 Error(s), 0 Warning(s), took 50.655ms to complete.
[2016.08.04-00.12.07:840][386]LogFileHelpers: Loading map 'FirstLevel' took 0.170
[2016.08.04-00.12.14:684][198]LogEditorViewport: Clicking on Actor (LMB): BP_Sky_Sphere_C (Sky Sphere)
[2016.08.04-00.12.23:259][215]LogEditorViewport: Clicking on Actor (LMB): Planet_C (Planet)
[2016.08.04-00.12.43:064][556]LogBlueprintUserMessages: Early PlayInEditor Detection: Level '/Game/Maps/FirstLevel.FirstLevel:PersistentLevel' has LevelScriptBlueprint '/Game/Maps/FirstLevel.FirstLevel:PersistentLevel.FirstLevel' with GeneratedClass '/Game/Maps/FirstLevel.FirstLevel_C' with ClassGeneratedBy '/Game/Maps/FirstLevel.FirstLevel:PersistentLevel.FirstLevel'
[2016.08.04-00.12.43:064][556]LogPlayLevel: PlayLevel: No blueprints needed recompiling
[2016.08.04-00.12.43:064][556]LogApp: UseVRFocus has changed to 1
[2016.08.04-00.12.43:064][556]LogApp: HasVRFocus has changed to 1
[2016.08.04-00.12.43:064][556]PIE: New page: PIE session: FirstLevel (4 Aug 2016 8:12:43 pm)
[2016.08.04-00.12.43:064][556]LogPlayLevel: Creating play world package: /Game/Maps/UEDPIE_0_FirstLevel
[2016.08.04-00.12.43:073][556]LogPlayLevel: PIE: StaticDuplicateObject took: (0.008990s)
[2016.08.04-00.12.43:074][556]LogAIModule: Creating AISystem for world FirstLevel
[2016.08.04-00.12.43:074][556]LogPlayLevel: PIE: World Init took: (0.000436s)
[2016.08.04-00.12.43:074][556]LogPlayLevel: PIE: Created PIE world by copying editor world from /Game/Maps/FirstLevel.FirstLevel to /Game/Maps/UEDPIE_0_FirstLevel.FirstLevel (0.009615s)
[2016.08.04-00.12.43:086][556]LogInit: XAudio2 using 'U28E850-C (2- NVIDIA High Definition Audio)' : 2 channels at 48 kHz using 16 bits per sample (channel mask 0x3)
[2016.08.04-00.12.43:089][556]LogInit: FAudioDevice initialized.
[2016.08.04-00.12.43:131][556]LogWorld: Game class is 'GameManager_C'
[2016.08.04-00.12.43:135][556]LogWorld: Bringing World /Game/Maps/UEDPIE_0_FirstLevel.FirstLevel up for play (max tick rate 0) at 2016.08.04-10.12.43
[2016.08.04-00.12.43:136][556]LogWorld: Bringing up level for play took: 0.003299
[2016.08.04-00.12.43:139][556]LogContentBrowser: Native class hierarchy updated for 'MovieSceneCapture' in 0.0008 seconds. Added 9 classes and 0 folders.
[2016.08.04-00.12.43:144][556]PIE: Info Play in editor start time for /Game/Maps/UEDPIE_0_FirstLevel -0.811
[2016.08.04-00.12.43:144][556]LogBlueprintUserMessages: Late PlayInEditor Detection: Level '/Game/Maps/FirstLevel.FirstLevel:PersistentLevel' has LevelScriptBlueprint '/Game/Maps/FirstLevel.FirstLevel:PersistentLevel.FirstLevel' with GeneratedClass '/Game/Maps/FirstLevel.FirstLevel_C' with ClassGeneratedBy '/Game/Maps/FirstLevel.FirstLevel:PersistentLevel.FirstLevel'
[2016.08.04-00.12.43:144][556]LogApp: UseVRFocus has changed to 0
[2016.08.04-00.12.43:144][556]LogApp: HasVRFocus has changed to 0
[2016.08.04-00.12.45:051][782]LogBlueprintUserMessages: [GameManager_C_0] Wave Begun
[2016.08.04-00.12.45:245][805]LogBlueprintUserMessages: Early EndPlayMap Detection: Level '/Game/Maps/FirstLevel.FirstLevel:PersistentLevel' has LevelScriptBlueprint '/Game/Maps/FirstLevel.FirstLevel:PersistentLevel.FirstLevel' with GeneratedClass '/Game/Maps/FirstLevel.FirstLevel_C' with ClassGeneratedBy '/Game/Maps/FirstLevel.FirstLevel:PersistentLevel.FirstLevel'
[2016.08.04-00.12.45:278][805]LogBlueprintUserMessages: Late EndPlayMap Detection: Level '/Game/Maps/FirstLevel.FirstLevel:PersistentLevel' has LevelScriptBlueprint '/Game/Maps/FirstLevel.FirstLevel:PersistentLevel.FirstLevel' with GeneratedClass '/Game/Maps/FirstLevel.FirstLevel_C' with ClassGeneratedBy '/Game/Maps/FirstLevel.FirstLevel:PersistentLevel.FirstLevel'
[2016.08.04-00.12.47:135][ 12]LogEditorViewport: Clicking on Actor (LMB): Planet_C (Planet)
[2016.08.04-00.12.58:469][352]LogBlueprintUserMessages: Early PlayInEditor Detection: Level '/Game/Maps/FirstLevel.FirstLevel:PersistentLevel' has LevelScriptBlueprint '/Game/Maps/FirstLevel.FirstLevel:PersistentLevel.FirstLevel' with GeneratedClass '/Game/Maps/FirstLevel.FirstLevel_C' with ClassGeneratedBy '/Game/Maps/FirstLevel.FirstLevel:PersistentLevel.FirstLevel'
[2016.08.04-00.12.58:469][352]LogPlayLevel: PlayLevel: No blueprints needed recompiling
[2016.08.04-00.12.58:469][352]LogApp: UseVRFocus has changed to 1
[2016.08.04-00.12.58:469][352]LogApp: HasVRFocus has changed to 1
[2016.08.04-00.12.58:469][352]PIE: New page: PIE session: FirstLevel (4 Aug 2016 8:12:58 pm)
[2016.08.04-00.12.58:469][352]LogPlayLevel: Creating play world package: /Game/Maps/UEDPIE_0_FirstLevel
[2016.08.04-00.12.58:477][352]LogPlayLevel: PIE: StaticDuplicateObject took: (0.008220s)
[2016.08.04-00.12.58:477][352]LogAIModule: Creating AISystem for world FirstLevel
[2016.08.04-00.12.58:478][352]LogPlayLevel: PIE: World Init took: (0.000462s)
[2016.08.04-00.12.58:478][352]LogPlayLevel: PIE: Created PIE world by copying editor world from /Game/Maps/FirstLevel.FirstLevel to /Game/Maps/UEDPIE_0_FirstLevel.FirstLevel (0.008894s)
[2016.08.04-00.12.58:489][352]LogInit: XAudio2 using 'U28E850-C (2- NVIDIA High Definition Audio)' : 2 channels at 48 kHz using 16 bits per sample (channel mask 0x3)
[2016.08.04-00.12.58:492][352]LogInit: FAudioDevice initialized.
[2016.08.04-00.12.58:522][352]LogWorld: Game class is 'GameManager_C'
[2016.08.04-00.12.58:526][352]LogWorld: Bringing World /Game/Maps/UEDPIE_0_FirstLevel.FirstLevel up for play (max tick rate 0) at 2016.08.04-10.12.58
[2016.08.04-00.12.58:527][352]LogWorld: Bringing up level for play took: 0.003216
[2016.08.04-00.12.58:530][352]PIE: Info Play in editor start time for /Game/Maps/UEDPIE_0_FirstLevel 0.575
[2016.08.04-00.12.58:530][352]LogBlueprintUserMessages: Late PlayInEditor Detection: Level '/Game/Maps/FirstLevel.FirstLevel:PersistentLevel' has LevelScriptBlueprint '/Game/Maps/FirstLevel.FirstLevel:PersistentLevel.FirstLevel' with GeneratedClass '/Game/Maps/FirstLevel.FirstLevel_C' with ClassGeneratedBy '/Game/Maps/FirstLevel.FirstLevel:PersistentLevel.FirstLevel'
[2016.08.04-00.12.58:530][352]LogApp: UseVRFocus has changed to 0
[2016.08.04-00.12.58:530][352]LogApp: HasVRFocus has changed to 0
[2016.08.04-00.13.00:452][582]LogBlueprintUserMessages: [GameManager_C_1] Wave Begun
[2016.08.04-00.13.02:461][823]LogBlueprintUserMessages: Early EndPlayMap Detection: Level '/Game/Maps/FirstLevel.FirstLevel:PersistentLevel' has LevelScriptBlueprint '/Game/Maps/FirstLevel.FirstLevel:PersistentLevel.FirstLevel' with GeneratedClass '/Game/Maps/FirstLevel.FirstLevel_C' with ClassGeneratedBy '/Game/Maps/FirstLevel.FirstLevel:PersistentLevel.FirstLevel'
[2016.08.04-00.13.02:491][823]LogBlueprintUserMessages: Late EndPlayMap Detection: Level '/Game/Maps/FirstLevel.FirstLevel:PersistentLevel' has LevelScriptBlueprint '/Game/Maps/FirstLevel.FirstLevel:PersistentLevel.FirstLevel' with GeneratedClass '/Game/Maps/FirstLevel.FirstLevel_C' with ClassGeneratedBy '/Game/Maps/FirstLevel.FirstLevel:PersistentLevel.FirstLevel'
[2016.08.04-00.13.17:112][551]LogBlueprintUserMessages: Early PlayInEditor Detection: Level '/Game/Maps/FirstLevel.FirstLevel:PersistentLevel' has LevelScriptBlueprint '/Game/Maps/FirstLevel.FirstLevel:PersistentLevel.FirstLevel' with GeneratedClass '/Game/Maps/FirstLevel.FirstLevel_C' with ClassGeneratedBy '/Game/Maps/FirstLevel.FirstLevel:PersistentLevel.FirstLevel'
[2016.08.04-00.13.17:113][551]LogPlayLevel: PlayLevel: No blueprints needed recompiling
[2016.08.04-00.13.17:113][551]LogApp: UseVRFocus has changed to 1
[2016.08.04-00.13.17:113][551]LogApp: HasVRFocus has changed to 1
[2016.08.04-00.13.17:113][551]PIE: New page: PIE session: FirstLevel (4 Aug 2016 8:13:17 pm)
[2016.08.04-00.13.17:113][551]LogPlayLevel: Creating play world package: /Game/Maps/UEDPIE_0_FirstLevel
[2016.08.04-00.13.17:122][551]LogPlayLevel: PIE: StaticDuplicateObject took: (0.008851s)
[2016.08.04-00.13.17:122][551]LogAIModule: Creating AISystem for world FirstLevel
[2016.08.04-00.13.17:122][551]LogPlayLevel: PIE: World Init took: (0.000488s)
[2016.08.04-00.13.17:122][551]LogPlayLevel: PIE: Created PIE world by copying editor world from /Game/Maps/FirstLevel.FirstLevel to /Game/Maps/UEDPIE_0_FirstLevel.FirstLevel (0.009514s)
[2016.08.04-00.13.17:133][551]LogInit: XAudio2 using 'U28E850-C (2- NVIDIA High Definition Audio)' : 2 channels at 48 kHz using 16 bits per sample (channel mask 0x3)
[2016.08.04-00.13.17:136][551]LogInit: FAudioDevice initialized.
[2016.08.04-00.13.17:164][551]LogWorld: Game class is 'GameManager_C'
[2016.08.04-00.13.17:168][551]LogWorld: Bringing World /Game/Maps/UEDPIE_0_FirstLevel.FirstLevel up for play (max tick rate 0) at 2016.08.04-10.13.17
[2016.08.04-00.13.17:168][551]LogWorld: Bringing up level for play took: 0.002841
[2016.08.04-00.13.17:171][551]PIE: Info Play in editor start time for /Game/Maps/UEDPIE_0_FirstLevel -0.784
[2016.08.04-00.13.17:171][551]LogBlueprintUserMessages: Late PlayInEditor Detection: Level '/Game/Maps/FirstLevel.FirstLevel:PersistentLevel' has LevelScriptBlueprint '/Game/Maps/FirstLevel.FirstLevel:PersistentLevel.FirstLevel' with GeneratedClass '/Game/Maps/FirstLevel.FirstLevel_C' with ClassGeneratedBy '/Game/Maps/FirstLevel.FirstLevel:PersistentLevel.FirstLevel'
[2016.08.04-00.13.17:171][551]LogApp: UseVRFocus has changed to 0
[2016.08.04-00.13.17:171][551]LogApp: HasVRFocus has changed to 0
[2016.08.04-00.13.18:052][656]LogBlueprintUserMessages: Early EndPlayMap Detection: Level '/Game/Maps/FirstLevel.FirstLevel:PersistentLevel' has LevelScriptBlueprint '/Game/Maps/FirstLevel.FirstLevel:PersistentLevel.FirstLevel' with GeneratedClass '/Game/Maps/FirstLevel.FirstLevel_C' with ClassGeneratedBy '/Game/Maps/FirstLevel.FirstLevel:PersistentLevel.FirstLevel'
[2016.08.04-00.13.18:083][656]LogBlueprintUserMessages: Late EndPlayMap Detection: Level '/Game/Maps/FirstLevel.FirstLevel:PersistentLevel' has LevelScriptBlueprint '/Game/Maps/FirstLevel.FirstLevel:PersistentLevel.FirstLevel' with GeneratedClass '/Game/Maps/FirstLevel.FirstLevel_C' with ClassGeneratedBy '/Game/Maps/FirstLevel.FirstLevel:PersistentLevel.FirstLevel'
[2016.08.04-00.13.31:040][185]LogBlueprintUserMessages: Early PlayInEditor Detection: Level '/Game/Maps/FirstLevel.FirstLevel:PersistentLevel' has LevelScriptBlueprint '/Game/Maps/FirstLevel.FirstLevel:PersistentLevel.FirstLevel' with GeneratedClass '/Game/Maps/FirstLevel.FirstLevel_C' with ClassGeneratedBy '/Game/Maps/FirstLevel.FirstLevel:PersistentLevel.FirstLevel'
[2016.08.04-00.13.31:040][185]LogPlayLevel: PlayLevel: No blueprints needed recompiling
[2016.08.04-00.13.31:040][185]LogApp: UseVRFocus has changed to 1
[2016.08.04-00.13.31:040][185]LogApp: HasVRFocus has changed to 1
[2016.08.04-00.13.31:040][185]PIE: New page: PIE session: FirstLevel (4 Aug 2016 8:13:31 pm)
[2016.08.04-00.13.31:040][185]LogPlayLevel: Creating play world package: /Game/Maps/UEDPIE_0_FirstLevel
[2016.08.04-00.13.31:049][185]LogPlayLevel: PIE: StaticDuplicateObject took: (0.008882s)
[2016.08.04-00.13.31:049][185]LogAIModule: Creating AISystem for world FirstLevel
[2016.08.04-00.13.31:050][185]LogPlayLevel: PIE: World Init took: (0.000394s)
[2016.08.04-00.13.31:050][185]LogPlayLevel: PIE: Created PIE world by copying editor world from /Game/Maps/FirstLevel.FirstLevel to /Game/Maps/UEDPIE_0_FirstLevel.FirstLevel (0.009457s)
[2016.08.04-00.13.31:061][185]LogInit: XAudio2 using 'U28E850-C (2- NVIDIA High Definition Audio)' : 2 channels at 48 kHz using 16 bits per sample (channel mask 0x3)
[2016.08.04-00.13.31:064][185]LogInit: FAudioDevice initialized.
[2016.08.04-00.13.31:091][185]LogWorld: Game class is 'GameManager_C'
[2016.08.04-00.13.31:095][185]LogWorld: Bringing World /Game/Maps/UEDPIE_0_FirstLevel.FirstLevel up for play (max tick rate 0) at 2016.08.04-10.13.31
[2016.08.04-00.13.31:095][185]LogWorld: Bringing up level for play took: 0.002868
[2016.08.04-00.13.31:098][185]PIE: Info Play in editor start time for /Game/Maps/UEDPIE_0_FirstLevel -0.857
[2016.08.04-00.13.31:098][185]LogBlueprintUserMessages: Late PlayInEditor Detection: Level '/Game/Maps/FirstLevel.FirstLevel:PersistentLevel' has LevelScriptBlueprint '/Game/Maps/FirstLevel.FirstLevel:PersistentLevel.FirstLevel' with GeneratedClass '/Game/Maps/FirstLevel.FirstLevel_C' with ClassGeneratedBy '/Game/Maps/FirstLevel.FirstLevel:PersistentLevel.FirstLevel'
[2016.08.04-00.13.31:098][185]LogApp: UseVRFocus has changed to 0
[2016.08.04-00.13.31:098][185]LogApp: HasVRFocus has changed to 0
[2016.08.04-00.13.33:028][416]LogBlueprintUserMessages: [GameManager_C_3] Wave Begun
[2016.08.04-00.13.37:128][908]LogBlueprintUserMessages: Early EndPlayMap Detection: Level '/Game/Maps/FirstLevel.FirstLevel:PersistentLevel' has LevelScriptBlueprint '/Game/Maps/FirstLevel.FirstLevel:PersistentLevel.FirstLevel' with GeneratedClass '/Game/Maps/FirstLevel.FirstLevel_C' with ClassGeneratedBy '/Game/Maps/FirstLevel.FirstLevel:PersistentLevel.FirstLevel'
[2016.08.04-00.13.37:163][908]LogBlueprintUserMessages: Late EndPlayMap Detection: Level '/Game/Maps/FirstLevel.FirstLevel:PersistentLevel' has LevelScriptBlueprint '/Game/Maps/FirstLevel.FirstLevel:PersistentLevel.FirstLevel' with GeneratedClass '/Game/Maps/FirstLevel.FirstLevel_C' with ClassGeneratedBy '/Game/Maps/FirstLevel.FirstLevel:PersistentLevel.FirstLevel'
[2016.08.04-00.14.59:403][353]LogMaterial: Missing cached shader map for material M_Sky_Panning_Clouds2, compiling. 
[2016.08.04-00.14.59:468][353]LogMaterial: Missing cached shader map for material M_Sky_Panning_Clouds2, compiling. 
[2016.08.04-00.14.59:470][353]LogMaterial: 0.00 seconds spent updating 1 materials, 1 interfaces, 0 instances, 0 with static permutations.
[2016.08.04-00.14.59:498][353]LogMaterial: Missing cached shader map for material FMatExpressionPreview MaterialExpressionVectorParameter_12, compiling. 
[2016.08.04-00.14.59:501][353]LogMaterial: Missing cached shader map for material FMatExpressionPreview MaterialExpressionVectorParameter_13, compiling. 
[2016.08.04-00.14.59:504][353]LogMaterial: Missing cached shader map for material FMatExpressionPreview MaterialExpressionVectorParameter_14, compiling. 
[2016.08.04-00.14.59:507][353]LogMaterial: Missing cached shader map for material FMatExpressionPreview MaterialExpressionVectorParameter_15, compiling. 
[2016.08.04-00.14.59:511][353]LogMaterial: Missing cached shader map for material FMatExpressionPreview MaterialExpressionConstant3Vector_3, compiling. 
[2016.08.04-00.14.59:514][353]LogMaterial: Missing cached shader map for material FMatExpressionPreview MaterialExpressionVectorParameter_16, compiling. 
[2016.08.04-00.14.59:516][353]LogMaterial: Missing cached shader map for material FMatExpressionPreview MaterialExpressionVectorParameter_17, compiling. 
[2016.08.04-00.14.59:519][353]LogMaterial: Missing cached shader map for material FMatExpressionPreview MaterialExpressionTextureSample_7, compiling. 
[2016.08.04-00.14.59:523][353]LogMaterial: Missing cached shader map for material FMatExpressionPreview MaterialExpressionTextureSample_5, compiling. 
[2016.08.04-00.14.59:526][353]LogMaterial: Missing cached shader map for material FMatExpressionPreview MaterialExpressionTextureSample_8, compiling. 
[2016.08.04-00.14.59:529][353]LogMaterial: Missing cached shader map for material FMatExpressionPreview MaterialExpressionTextureSample_0, compiling. 
[2016.08.04-00.14.59:930][370]MaterialEditorStats: Info Base pass shader without light map: 76 instructions
[2016.08.04-00.14.59:930][370]MaterialEditorStats: Info Vertex shader: 30 instructions
[2016.08.04-00.14.59:930][370]MaterialEditorStats: Info Texture samplers: 3/16
[2016.08.04-00.15.22:305][228]LogMaterial: Missing cached shader map for material M_Sky_Panning_Clouds2, compiling. 
[2016.08.04-00.15.22:306][228]LogMaterial: 0.00 seconds spent updating 1 materials, 1 interfaces, 0 instances, 0 with static permutations.
[2016.08.04-00.15.22:664][258]MaterialEditorStats: Info Base pass shader without light map: 18 instructions
[2016.08.04-00.15.22:664][258]MaterialEditorStats: Info Vertex shader: 30 instructions
[2016.08.04-00.15.22:664][258]MaterialEditorStats: Info Texture samplers: 1/16
[2016.08.04-00.15.24:018][386]LogMaterialEditor: Saving and Compiling material M_Sky_Panning_Clouds2
[2016.08.04-00.15.24:333][386]LogMaterial: Missing cached shader map for material M_Sky_Panning_Clouds2, compiling. 
[2016.08.04-00.15.24:337][386]LogMaterial: 0.00 seconds spent updating 1 materials, 1 interfaces, 0 instances, 0 with static permutations.
[2016.08.04-00.15.24:367][386]LogMaterial: Missing cached shader map for material M_Sky_Panning_Clouds2, compiling. 
[2016.08.04-00.15.24:374][386]LogMaterial: Missing cached shader map for material M_Sky_Panning_Clouds2, compiling. 
[2016.08.04-00.15.24:378][386]LogMaterial: 0.00 seconds spent updating 1 materials, 1 interfaces, 1 instances, 0 with static permutations.
[2016.08.04-00.15.25:116][386]Cmd: OBJ SAVEPACKAGE PACKAGE="/Engine/EngineSky/M_Sky_Panning_Clouds2" FILE="../../../Engine/Content/EngineSky/M_Sky_Panning_Clouds2.uasset" SILENT=true
[2016.08.04-00.15.25:143][386]LogSavePackage: Save=17.19ms
[2016.08.04-00.15.25:143][386]LogSavePackage: Moving '../../../../../../Users/vcrittle/Documents/studio3 - crittle/Bolide/Project_PlanetDef/Saved/M_Sky_Panning_Clouds269E0559A4C1A5ED3A80496B30D99E705.tmp' to '../../../Engine/Content/EngineSky/M_Sky_Panning_Clouds2.uasset'
[2016.08.04-00.15.25:147][386]LogSavePackage: Total save time: 29.16ms
[2016.08.04-00.15.25:147][386]LogSavePackage:Display: Finished SavePackage ../../../Engine/Content/EngineSky/M_Sky_Panning_Clouds2.uasset
[2016.08.04-00.15.25:152][386]MaterialEditorStats: Info Base pass shader without light map: 49 instructions
[2016.08.04-00.15.25:152][386]MaterialEditorStats: Info Vertex shader: 30 instructions
[2016.08.04-00.15.25:152][386]MaterialEditorStats: Info Texture samplers: 1/16
[2016.08.04-00.15.36:740][668]LogSavePackage: Save=109.32ms
[2016.08.04-00.15.36:741][668]LogSavePackage: Moving '../../../../../../Users/vcrittle/Documents/studio3 - crittle/Bolide/Project_PlanetDef/Saved/FirstLevelD37956E8444D3AD47F7F1BBD6E481A57.tmp' to '../../../../../../Users/vcrittle/Documents/studio3 - crittle/Bolide/Project_PlanetDef/Content/Maps/FirstLevel.umap'
[2016.08.04-00.15.36:744][668]LogSavePackage: Total save time: 121.77ms
[2016.08.04-00.15.36:744][668]LogSavePackage:Display: Finished SavePackage ../../../../../../Users/vcrittle/Documents/studio3 - crittle/Bolide/Project_PlanetDef/Content/Maps/FirstLevel.umap
[2016.08.04-00.15.42:673][203]LogSavePackage: Save=109.65ms
[2016.08.04-00.15.42:673][203]LogSavePackage: Moving '../../../../../../Users/vcrittle/Documents/studio3 - crittle/Bolide/Project_PlanetDef/Saved/FirstLevel0F0E9DC347FEB1C9CCCA08A699B8B9D6.tmp' to '../../../../../../Users/vcrittle/Documents/studio3 - crittle/Bolide/Project_PlanetDef/Content/Maps/FirstLevel.umap'
[2016.08.04-00.15.42:675][203]LogSavePackage: Total save time: 119.73ms
[2016.08.04-00.15.42:675][203]LogSavePackage:Display: Finished SavePackage ../../../../../../Users/vcrittle/Documents/studio3 - crittle/Bolide/Project_PlanetDef/Content/Maps/FirstLevel.umap
[2016.08.04-00.15.45:019][471]LogWindowsTextInputMethodSystem:Display: IME system now deactivated.
[2016.08.04-00.15.45:191][472]Cmd: QUIT_EDITOR
[2016.08.04-00.15.45:288][472]LogExit: Preparing to exit.
[2016.08.04-00.15.46:335][472]LogExit: Editor shut down
[2016.08.04-00.15.46:336][472]LogExit: Transaction tracking system shut down
[2016.08.04-00.15.46:451][472]LogObj: Freed 0b from 0 cluster array pools.
[2016.08.04-00.15.46:451][472]LogExit: Object subsystem successfully closed.
[2016.08.04-00.15.46:464][472]LogD3D11RHI: Shutdown
[2016.08.04-00.15.46:464][472]LogD3D11RHI: CleanupD3DDevice
[2016.08.04-00.15.46:516][472]LogD3D11RHI: ~FD3D11DynamicRHI
[2016.08.04-00.15.46:562][472]LogDerivedDataCache: Shutdown
[2016.08.04-00.15.46:562][472]LogModuleManager: Shutting down and abandoning module MaterialEditor (207)
[2016.08.04-00.15.46:562][472]LogModuleManager: Shutting down and abandoning module MovieSceneCapture (206)
[2016.08.04-00.15.46:562][472]LogModuleManager: Shutting down and abandoning module HierarchicalLODOutliner (205)
[2016.08.04-00.15.46:562][472]LogModuleManager: Shutting down and abandoning module CrashTracker (204)
[2016.08.04-00.15.46:562][472]LogModuleManager: Shutting down and abandoning module SuperSearch (203)
[2016.08.04-00.15.46:562][472]LogModuleManager: Shutting down and abandoning module SceneOutliner (202)
[2016.08.04-00.15.46:562][472]LogModuleManager: Shutting down and abandoning module WidgetCarousel (201)
[2016.08.04-00.15.46:562][472]LogModuleManager: Shutting down and abandoning module AddContentDialog (200)
[2016.08.04-00.15.46:562][472]LogModuleManager: Shutting down and abandoning module GameplayTags (199)
[2016.08.04-00.15.46:562][472]LogModuleManager: Shutting down and abandoning module EditorWidgets (198)
[2016.08.04-00.15.46:562][472]LogModuleManager: Shutting down and abandoning module CollectionManager (197)
[2016.08.04-00.15.46:563][472]LogModuleManager: Shutting down and abandoning module StatsViewer (196)
[2016.08.04-00.15.46:563][472]LogModuleManager: Shutting down and abandoning module FoliageEdit (195)
[2016.08.04-00.15.46:563][472]LogModuleManager: Shutting down and abandoning module LandscapeEditor (194)
[2016.08.04-00.15.46:563][472]LogModuleManager: Shutting down and abandoning module ActorPickerMode (193)
[2016.08.04-00.15.46:563][472]LogModuleManager: Shutting down and abandoning module GeometryMode (192)
[2016.08.04-00.15.46:563][472]LogModuleManager: Shutting down and abandoning module TextureAlignMode (191)
[2016.08.04-00.15.46:563][472]LogModuleManager: Shutting down and abandoning module BspMode (190)
[2016.08.04-00.15.46:563][472]LogModuleManager: Shutting down and abandoning module PlacementMode (189)
[2016.08.04-00.15.46:563][472]LogModuleManager: Shutting down and abandoning module AutomationWorker (188)
[2016.08.04-00.15.46:563][472]LogModuleManager: Shutting down and abandoning module CharacterAI (187)
[2016.08.04-00.15.46:563][472]LogModuleManager: Shutting down and abandoning module SmartSnapping (186)
[2016.08.04-00.15.46:563][472]LogModuleManager: Shutting down and abandoning module ViewportSnapping (185)
[2016.08.04-00.15.46:563][472]LogModuleManager: Shutting down and abandoning module LogVisualizer (184)
[2016.08.04-00.15.46:563][472]LogModuleManager: Shutting down and abandoning module GameProjectGeneration (183)
[2016.08.04-00.15.46:563][472]LogModuleManager: Shutting down and abandoning module IntroTutorials (182)
[2016.08.04-00.15.46:563][472]LogModuleManager: Shutting down and abandoning module EditorLiveStreaming (181)
[2016.08.04-00.15.46:563][472]LogModuleManager: Shutting down and abandoning module IOSPlatformEditor (180)
[2016.08.04-00.15.46:563][472]LogModuleManager: Shutting down and abandoning module HTML5PlatformEditor (179)
[2016.08.04-00.15.46:563][472]LogModuleManager: Shutting down and abandoning module AndroidDeviceDetection (178)
[2016.08.04-00.15.47:003][472]LogModuleManager: Shutting down and abandoning module AndroidPlatformEditor (177)
[2016.08.04-00.15.47:004][472]LogModuleManager: Shutting down and abandoning module IOSRuntimeSettings (176)
[2016.08.04-00.15.47:004][472]LogModuleManager: Shutting down and abandoning module AndroidRuntimeSettings (175)
[2016.08.04-00.15.47:004][472]LogModuleManager: Shutting down and abandoning module MergeActors (174)
[2016.08.04-00.15.47:004][472]LogModuleManager: Shutting down and abandoning module SizeMap (173)
[2016.08.04-00.15.47:004][472]LogModuleManager: Shutting down and abandoning module TreeMap (172)
[2016.08.04-00.15.47:004][472]LogModuleManager: Shutting down and abandoning module ReferenceViewer (171)
[2016.08.04-00.15.47:004][472]LogModuleManager: Shutting down and abandoning module LocalizationService (170)
[2016.08.04-00.15.47:004][472]LogModuleManager: Shutting down and abandoning module LocalizationDashboard (169)
[2016.08.04-00.15.47:004][472]LogModuleManager: Shutting down and abandoning module HardwareTargeting (168)
[2016.08.04-00.15.47:004][472]LogModuleManager: Shutting down and abandoning module DeviceProfileEditor (167)
[2016.08.04-00.15.47:004][472]LogModuleManager: Shutting down and abandoning module UndoHistory (166)
[2016.08.04-00.15.47:004][472]LogModuleManager: Shutting down and abandoning module UserFeedback (165)
[2016.08.04-00.15.47:004][472]LogModuleManager: Shutting down and abandoning module XmlParser (164)
[2016.08.04-00.15.47:004][472]LogModuleManager: Shutting down and abandoning module Blutility (163)
[2016.08.04-00.15.47:004][472]LogModuleManager: Shutting down and abandoning module ProjectTargetPlatformEditor (162)
[2016.08.04-00.15.47:004][472]LogModuleManager: Shutting down and abandoning module ProjectSettingsViewer (161)
[2016.08.04-00.15.47:005][472]LogModuleManager: Shutting down and abandoning module InputBindingEditor (160)
[2016.08.04-00.15.47:005][472]LogModuleManager: Shutting down and abandoning module EditorSettingsViewer (159)
[2016.08.04-00.15.47:005][472]LogModuleManager: Shutting down and abandoning module SettingsEditor (158)
[2016.08.04-00.15.47:005][472]LogModuleManager: Shutting down and abandoning module ProjectLauncher (157)
[2016.08.04-00.15.47:005][472]LogModuleManager: Shutting down and abandoning module SessionFrontend (156)
[2016.08.04-00.15.47:005][472]LogModuleManager: Shutting down and abandoning module ProfilerClient (155)
[2016.08.04-00.15.47:005][472]LogModuleManager: Shutting down and abandoning module TargetDeviceServices (154)
[2016.08.04-00.15.47:005][472]LogModuleManager: Shutting down and abandoning module DeviceManager (153)
[2016.08.04-00.15.47:050][472]LogModuleManager: Shutting down and abandoning module AutomationController (152)
[2016.08.04-00.15.47:050][472]LogModuleManager: Shutting down and abandoning module AutomationWindow (151)
[2016.08.04-00.15.47:050][472]LogModuleManager: Shutting down and abandoning module Layers (150)
[2016.08.04-00.15.47:050][472]LogModuleManager: Shutting down and abandoning module ComponentVisualizers (149)
[2016.08.04-00.15.47:050][472]LogModuleManager: Shutting down and abandoning module DetailCustomizations (148)
[2016.08.04-00.15.47:050][472]LogModuleManager: Shutting down and abandoning module PackagesDialog (147)
[2016.08.04-00.15.47:050][472]LogModuleManager: Shutting down and abandoning module Persona (146)
[2016.08.04-00.15.47:050][472]LogModuleManager: Shutting down and abandoning module Kismet (145)
[2016.08.04-00.15.47:051][472]LogModuleManager: Shutting down and abandoning module GraphEditor (144)
[2016.08.04-00.15.47:051][472]LogModuleManager: Shutting down and abandoning module ClassViewer (143)
[2016.08.04-00.15.47:051][472]LogModuleManager: Shutting down and abandoning module Toolbox (142)
[2016.08.04-00.15.47:051][472]LogModuleManager: Shutting down and abandoning module ModuleUI (141)
[2016.08.04-00.15.47:051][472]LogModuleManager: Shutting down and abandoning module MovieSceneTools (140)
[2016.08.04-00.15.47:051][472]LogModuleManager: Shutting down and abandoning module OutputLog (139)
[2016.08.04-00.15.47:051][472]LogModuleManager: Shutting down and abandoning module GammaUI (138)
[2016.08.04-00.15.47:051][472]LogModuleManager: Shutting down and abandoning module Documentation (137)
[2016.08.04-00.15.47:051][472]LogModuleManager: Shutting down and abandoning module StreamingPauseRendering (136)
[2016.08.04-00.15.47:051][472]LogModuleManager: Shutting down and abandoning module AnalyticsET (135)
[2016.08.04-00.15.47:051][472]LogModuleManager: Shutting down and abandoning module Analytics (134)
[2016.08.04-00.15.47:051][472]LogModuleManager: Shutting down and abandoning module PortalServices (133)
[2016.08.04-00.15.47:051][472]LogModuleManager: Shutting down and abandoning module PortalRpc (132)
[2016.08.04-00.15.47:051][472]LogModuleManager: Shutting down and abandoning module MessagingRpc (131)
[2016.08.04-00.15.47:051][472]LogModuleManager: Shutting down and abandoning module AITestSuite (130)
[2016.08.04-00.15.47:051][472]LogModuleManager: Shutting down and abandoning module GameplayDebugger (129)
[2016.08.04-00.15.47:051][472]LogModuleManager: Shutting down and abandoning module AIModule (128)
[2016.08.04-00.15.47:051][472]LogModuleManager: Shutting down and abandoning module ProfilerService (127)
[2016.08.04-00.15.47:265][472]LogModuleManager: Shutting down and abandoning module TaskGraph (126)
[2016.08.04-00.15.47:265][472]LogModuleManager: Shutting down and abandoning module SlateRemote (125)
[2016.08.04-00.15.47:265][472]LogModuleManager: Shutting down and abandoning module SteamVRController (124)
[2016.08.04-00.15.47:265][472]LogModuleManager: Shutting down and abandoning module SteamVR (123)
[2016.08.04-00.15.47:265][472]LogModuleManager: Shutting down and abandoning module ProceduralMeshComponent (122)
[2016.08.04-00.15.47:265][472]LogModuleManager: Shutting down and abandoning module OculusLibrary (121)
[2016.08.04-00.15.47:265][472]LogModuleManager: Shutting down and abandoning module OculusInput (120)
[2016.08.04-00.15.47:265][472]LogModuleManager: Shutting down and abandoning module CustomMeshComponent (119)
[2016.08.04-00.15.47:265][472]LogModuleManager: Shutting down and abandoning module CableComponent (118)
[2016.08.04-00.15.47:265][472]LogModuleManager: Shutting down and abandoning module ArchVisCharacter (117)
[2016.08.04-00.15.47:265][472]LogModuleManager: Shutting down and abandoning module MediaPlayerEditor (116)
[2016.08.04-00.15.47:265][472]LogModuleManager: Shutting down and abandoning module HTML5Networking (115)
[2016.08.04-00.15.47:265][472]LogModuleManager: Shutting down and abandoning module SpeedTreeImporter (114)
[2016.08.04-00.15.47:265][472]LogModuleManager: Shutting down and abandoning module PluginBrowser (113)
[2016.08.04-00.15.47:265][472]LogModuleManager: Shutting down and abandoning module EpicSurvey (112)
[2016.08.04-00.15.47:265][472]LogModuleManager: Shutting down and abandoning module DesktopPlatform (111)
[2016.08.04-00.15.47:265][472]LogModuleManager: Shutting down and abandoning module VisualStudioSourceCodeAccess (110)
[2016.08.04-00.15.47:265][472]LogModuleManager: Shutting down and abandoning module UObjectPlugin (109)
[2016.08.04-00.15.47:265][472]LogModuleManager: Shutting down and abandoning module SubversionSourceControl (108)
[2016.08.04-00.15.47:265][472]LogModuleManager: Shutting down and abandoning module PerforceSourceControl (107)
[2016.08.04-00.15.47:265][472]LogModuleManager: Shutting down and abandoning module SourceControl (106)
[2016.08.04-00.15.47:265][472]LogModuleManager: Shutting down and abandoning module GitSourceControl (105)
[2016.08.04-00.15.47:265][472]LogModuleManager: Shutting down and abandoning module LightPropagationVolumeEditor (104)
[2016.08.04-00.15.47:265][472]LogModuleManager: Shutting down and abandoning module PaperTiledImporter (103)
[2016.08.04-00.15.47:265][472]LogModuleManager: Shutting down and abandoning module PaperSpriteSheetImporter (102)
[2016.08.04-00.15.47:265][472]LogModuleManager: Shutting down and abandoning module MeshPaint (101)
[2016.08.04-00.15.47:265][472]LogModuleManager: Shutting down and abandoning module HotReload (100)
[2016.08.04-00.15.47:266][472]LogModuleManager: Shutting down and abandoning module MainFrame (99)
[2016.08.04-00.15.47:266][472]LogModuleManager: Shutting down and abandoning module LevelEditor (98)
[2016.08.04-00.15.47:266][472]LogModuleManager: Shutting down and abandoning module DirectoryWatcher (97)
[2016.08.04-00.15.47:267][472]LogModuleManager: Shutting down and abandoning module AssetRegistry (96)
[2016.08.04-00.15.47:499][472]LogModuleManager: Shutting down and abandoning module ContentBrowser (95)
[2016.08.04-00.15.47:500][472]LogModuleManager: Shutting down and abandoning module Paper2DEditor (94)
[2016.08.04-00.15.47:500][472]LogModuleManager: Shutting down and abandoning module Project_PlanetDef (93)
[2016.08.04-00.15.47:500][472]LogModuleManager: Shutting down and abandoning module UdpMessaging (92)
[2016.08.04-00.15.47:601][472]LogModuleManager: Shutting down and abandoning module LightPropagationVolumeRuntime (91)
[2016.08.04-00.15.47:601][472]LogModuleManager: Shutting down and abandoning module Paper2D (90)
[2016.08.04-00.15.47:601][472]LogModuleManager: Shutting down and abandoning module WindowsMoviePlayer (89)
[2016.08.04-00.15.47:601][472]LogModuleManager: Shutting down and abandoning module Media (88)
[2016.08.04-00.15.47:601][472]LogModuleManager: Shutting down and abandoning module WmfMedia (87)
[2016.08.04-00.15.47:602][472]LogModuleManager: Shutting down and abandoning module MediaAssets (86)
[2016.08.04-00.15.47:602][472]LogModuleManager: Shutting down and abandoning module GameLiveStreaming (85)
[2016.08.04-00.15.47:602][472]LogModuleManager: Shutting down and abandoning module GameplayTagsEditor (84)
[2016.08.04-00.15.47:602][472]LogModuleManager: Shutting down and abandoning module OnlineBlueprintSupport (83)
[2016.08.04-00.15.47:602][472]LogModuleManager: Shutting down and abandoning module GameplayTasksEditor (82)
[2016.08.04-00.15.47:602][472]LogModuleManager: Shutting down and abandoning module PropertyEditor (81)
[2016.08.04-00.15.47:602][472]LogModuleManager: Shutting down and abandoning module BehaviorTreeEditor (80)
[2016.08.04-00.15.47:602][472]LogModuleManager: Shutting down and abandoning module FunctionalTesting (79)
[2016.08.04-00.15.47:602][472]LogModuleManager: Shutting down and abandoning module CollisionAnalyzer (78)
[2016.08.04-00.15.47:602][472]LogModuleManager: Shutting down and abandoning module WorkspaceMenuStructure (77)
[2016.08.04-00.15.47:602][472]LogModuleManager: Shutting down and abandoning module MessageLog (76)
[2016.08.04-00.15.47:602][472]LogModuleManager: Shutting down and abandoning module Sequencer (75)
[2016.08.04-00.15.47:603][472]LogModuleManager: Shutting down and abandoning module AssetTools (74)
[2016.08.04-00.15.47:603][472]LogModuleManager: Shutting down and abandoning module UMGEditor (73)
[2016.08.04-00.15.47:603][472]LogModuleManager: Shutting down and abandoning module UMG (72)
[2016.08.04-00.15.47:603][472]LogModuleManager: Shutting down and abandoning module SlateReflector (71)
[2016.08.04-00.15.47:603][472]LogModuleManager: Shutting down and abandoning module Slate (70)
[2016.08.04-00.15.47:603][472]LogModuleManager: Shutting down and abandoning module EditorStyle (69)
[2016.08.04-00.15.47:610][472]LogModuleManager: Shutting down and abandoning module SessionServices (68)
[2016.08.04-00.15.47:610][472]LogModuleManager: Shutting down and abandoning module SourceCodeAccess (67)
[2016.08.04-00.15.47:610][472]LogModuleManager: Shutting down and abandoning module HeadMountedDisplay (66)
[2016.08.04-00.15.47:610][472]LogModuleManager: Shutting down and abandoning module XAudio2 (65)
[2016.08.04-00.15.47:610][472]LogModuleManager: Shutting down and abandoning module Networking (63)
[2016.08.04-00.15.47:610][472]LogModuleManager: Shutting down and abandoning module Core (62)
[2016.08.04-00.15.47:610][472]LogModuleManager: Shutting down and abandoning module KismetCompiler (61)
[2016.08.04-00.15.47:610][472]LogModuleManager: Shutting down and abandoning module PhysXFormats (60)
[2016.08.04-00.15.47:610][472]LogModuleManager: Shutting down and abandoning module MeshUtilities (59)
[2016.08.04-00.15.47:610][472]LogModuleManager: Shutting down and abandoning module CookingStats (58)
[2016.08.04-00.15.47:611][472]LogModuleManager: Shutting down and abandoning module DerivedDataCache (57)
[2016.08.04-00.15.47:611][472]LogDerivedDataCache: Shutdown
[2016.08.04-00.15.47:611][472]LogModuleManager: Shutting down and abandoning module ShaderFormatOpenGL (56)
[2016.08.04-00.15.47:611][472]LogModuleManager: Shutting down and abandoning module ShaderFormatD3D (55)
[2016.08.04-00.15.47:611][472]LogModuleManager: Shutting down and abandoning module MetalShaderFormat (54)
[2016.08.04-00.15.47:611][472]LogModuleManager: Shutting down and abandoning module TextureFormatUncompressed (53)
[2016.08.04-00.15.47:611][472]LogModuleManager: Shutting down and abandoning module TextureFormatPVR (52)
[2016.08.04-00.15.47:611][472]LogModuleManager: Shutting down and abandoning module TextureFormatIntelISPCTexComp (51)
[2016.08.04-00.15.47:611][472]LogModuleManager: Shutting down and abandoning module TextureFormatDXT (50)
[2016.08.04-00.15.47:611][472]LogModuleManager: Shutting down and abandoning module ImageWrapper (49)
[2016.08.04-00.15.47:611][472]LogModuleManager: Shutting down and abandoning module TextureFormatASTC (48)
[2016.08.04-00.15.47:611][472]LogModuleManager: Shutting down and abandoning module TextureFormatAndroid (47)
[2016.08.04-00.15.47:611][472]LogModuleManager: Shutting down and abandoning module AudioFormatOpus (46)
[2016.08.04-00.15.47:611][472]LogModuleManager: Shutting down and abandoning module AudioFormatOgg (45)
[2016.08.04-00.15.47:611][472]LogModuleManager: Shutting down and abandoning module AudioFormatADPCM (44)
[2016.08.04-00.15.47:611][472]LogModuleManager: Shutting down and abandoning module LinuxTargetPlatform (43)
[2016.08.04-00.15.47:611][472]LogModuleManager: Shutting down and abandoning module LinuxServerTargetPlatform (42)
[2016.08.04-00.15.47:611][472]LogModuleManager: Shutting down and abandoning module LinuxNoEditorTargetPlatform (41)
[2016.08.04-00.15.47:611][472]LogModuleManager: Shutting down and abandoning module TVOSTargetPlatform (40)
[2016.08.04-00.15.47:612][472]LogModuleManager: Shutting down and abandoning module Messaging (39)
[2016.08.04-00.15.47:612][472]LogModuleManager: Shutting down and abandoning module IOSTargetPlatform (38)
[2016.08.04-00.15.47:612][472]LogModuleManager: Shutting down and abandoning module HTML5TargetPlatform (37)
[2016.08.04-00.15.47:612][472]LogModuleManager: Shutting down and abandoning module Android_PVRTCTargetPlatform (36)
[2016.08.04-00.15.47:612][472]LogModuleManager: Shutting down and abandoning module Android_MultiTargetPlatform (35)
[2016.08.04-00.15.47:612][472]LogModuleManager: Shutting down and abandoning module Android_ETC2TargetPlatform (34)
[2016.08.04-00.15.47:612][472]LogModuleManager: Shutting down and abandoning module Android_ETC1TargetPlatform (33)
[2016.08.04-00.15.47:612][472]LogModuleManager: Shutting down and abandoning module Android_DXTTargetPlatform (32)
[2016.08.04-00.15.47:612][472]LogModuleManager: Shutting down and abandoning module Android_ATCTargetPlatform (31)
[2016.08.04-00.15.47:612][472]LogModuleManager: Shutting down and abandoning module Android_ASTCTargetPlatform (30)
[2016.08.04-00.15.47:612][472]LogModuleManager: Shutting down and abandoning module AndroidTargetPlatform (29)
[2016.08.04-00.15.47:612][472]LogModuleManager: Shutting down and abandoning module WindowsTargetPlatform (28)
[2016.08.04-00.15.47:612][472]LogModuleManager: Shutting down and abandoning module WindowsServerTargetPlatform (27)
[2016.08.04-00.15.47:612][472]LogModuleManager: Shutting down and abandoning module WindowsNoEditorTargetPlatform (26)
[2016.08.04-00.15.47:612][472]LogModuleManager: Shutting down and abandoning module WindowsClientTargetPlatform (25)
[2016.08.04-00.15.47:612][472]LogModuleManager: Shutting down and abandoning module AllDesktopTargetPlatform (24)
[2016.08.04-00.15.47:612][472]LogModuleManager: Shutting down and abandoning module TargetPlatform (23)
[2016.08.04-00.15.47:612][472]LogModuleManager: Shutting down and abandoning module InputCore (22)
[2016.08.04-00.15.47:612][472]LogModuleManager: Shutting down and abandoning module Settings (21)
[2016.08.04-00.15.47:612][472]LogModuleManager: Shutting down and abandoning module OnlineSubsystem (19)
[2016.08.04-00.15.47:612][472]LogModuleManager: Shutting down and abandoning module HTTP (18)
[2016.08.04-00.15.49:615][472]LogModuleManager: Shutting down and abandoning module XMPP (17)
[2016.08.04-00.15.49:615][472]LogModuleManager: Shutting down and abandoning module OculusRift (16)
[2016.08.04-00.15.49:615][472]LogHMD: Oculus shutdown.
[2016.08.04-00.15.49:615][472]LogModuleManager: Shutting down and abandoning module ExampleDeviceProfileSelector (15)
[2016.08.04-00.15.49:615][472]LogModuleManager: Shutting down and abandoning module TextureCompressor (14)
[2016.08.04-00.15.49:615][472]LogModuleManager: Shutting down and abandoning module ShaderCore (13)
[2016.08.04-00.15.49:615][472]LogModuleManager: Shutting down and abandoning module Landscape (12)
[2016.08.04-00.15.49:615][472]LogModuleManager: Shutting down and abandoning module SlateRHIRenderer (11)
[2016.08.04-00.15.49:617][472]LogModuleManager: Shutting down and abandoning module OpenGLDrv (10)
[2016.08.04-00.15.49:617][472]LogModuleManager: Shutting down and abandoning module D3D11RHI (9)
[2016.08.04-00.15.49:617][472]LogModuleManager: Shutting down and abandoning module AnimGraphRuntime (8)
[2016.08.04-00.15.49:617][472]LogModuleManager: Shutting down and abandoning module Renderer (7)
[2016.08.04-00.15.49:617][472]LogModuleManager: Shutting down and abandoning module Engine (6)
[2016.08.04-00.15.49:617][472]LogModuleManager: Shutting down and abandoning module CoreUObject (5)
[2016.08.04-00.15.49:617][472]LogModuleManager: Shutting down and abandoning module NetworkFile (4)
[2016.08.04-00.15.49:617][472]LogModuleManager: Shutting down and abandoning module StreamingFile (3)
[2016.08.04-00.15.49:617][472]LogModuleManager: Shutting down and abandoning module SandboxFile (2)
[2016.08.04-00.15.49:617][472]LogModuleManager: Shutting down and abandoning module PakFile (1)
[2016.08.04-00.15.49:618][472]LogExit: Exiting.
[2016.08.04-00.15.49:630][472]Log file closed, 08/04/16 10:15:49
